[0.010s] Invoking command in '/home/gaurav/mrs_workspace/build/mrs_uav_trackers': CMAKE_PREFIX_PATH=/home/gaurav/mrs_workspace/install/mrs_uav_managers:/home/gaurav/mrs_workspace/install/mrs_uav_hw_api:/home/gaurav/mrs_workspace/install/mrs_uav_testing:/home/gaurav/mrs_workspace/install/mrs_lib:/home/gaurav/mrs_workspace/install/mrs_msgs:/home/gaurav/mrs_workspace/install/mrs_uav_system_full:/home/gaurav/mrs_workspace/install/mrs_uav_system:/home/gaurav/mrs_workspace/install/mrs_uav_core:/home/gaurav/mrs_workspace/install/mrs_uav_trajectory_generation:/home/gaurav/mrs_workspace/install/mrs_uav_trackers:/home/gaurav/mrs_workspace/install/mrs_uav_state_estimators:/home/gaurav/mrs_workspace/install/mrs_uav_controllers:/home/gaurav/mrs_workspace/install/mrs_multirotor_simulator:/home/gaurav/mrs_workspace/install/mrs_uav_autostart:/home/gaurav/mrs_workspace/install/mrs_uav_status:/home/gaurav/mrs_workspace/install/mrs_uav_modules:/home/gaurav/mrs_workspace/install/mrs_serial:/home/gaurav/mrs_workspace/install/mrs_rviz_plugins:/home/gaurav/mrs_workspace/install/mrs_modules_msgs:/opt/ros/jazzy/opt/gz_math_vendor:/opt/ros/jazzy/opt/gz_utils_vendor:/opt/ros/jazzy/opt/gz_cmake_vendor:/opt/ros/jazzy DEBUGINFOD_URLS=https://debuginfod.ubuntu.com LD_LIBRARY_PATH=/home/gaurav/mrs_workspace/install/mrs_uav_managers/lib:/home/gaurav/mrs_workspace/install/mrs_uav_hw_api/lib:/home/gaurav/mrs_workspace/install/mrs_lib/lib:/home/gaurav/mrs_workspace/install/mrs_msgs/lib:/home/gaurav/mrs_workspace/install/mrs_uav_trajectory_generation/lib:/home/gaurav/mrs_workspace/install/mrs_uav_trackers/lib:/home/gaurav/mrs_workspace/install/mrs_uav_state_estimators/lib:/home/gaurav/mrs_workspace/install/mrs_uav_controllers/lib:/home/gaurav/mrs_workspace/install/mrs_multirotor_simulator/lib:/home/gaurav/mrs_workspace/install/mrs_uav_autostart/lib:/home/gaurav/mrs_workspace/install/mrs_uav_testing/lib:/home/gaurav/mrs_workspace/install/mrs_uav_status/lib:/home/gaurav/mrs_workspace/install/mrs_serial/lib:/home/gaurav/mrs_workspace/install/mrs_rviz_plugins/lib:/home/gaurav/mrs_workspace/install/mrs_modules_msgs/lib:/opt/ros/jazzy/opt/zenoh_cpp_vendor/lib:/opt/ros/jazzy/opt/rviz_ogre_vendor/lib:/opt/ros/jazzy/lib/x86_64-linux-gnu:/opt/ros/jazzy/opt/gz_math_vendor/lib:/opt/ros/jazzy/opt/gz_utils_vendor/lib:/opt/ros/jazzy/opt/gz_cmake_vendor/lib:/opt/ros/jazzy/lib /usr/bin/cmake /home/gaurav/mrs_workspace/src/mrs_uav_core/ros_packages/mrs_uav_trackers -DCMAKE_BUILD_TYPE=Release -DAMENT_CMAKE_SYMLINK_INSTALL=1 -DCMAKE_INSTALL_PREFIX=/home/gaurav/mrs_workspace/install/mrs_uav_trackers
[0.046s] -- The C compiler identification is GNU 13.3.0
[0.081s] -- The CXX compiler identification is GNU 13.3.0
[0.094s] -- Detecting C compiler ABI info
[0.153s] -- Detecting C compiler ABI info - done
[0.158s] -- Check for working C compiler: /usr/bin/cc - skipped
[0.158s] -- Detecting C compile features
[0.159s] -- Detecting C compile features - done
[0.165s] -- Detecting CXX compiler ABI info
[0.224s] -- Detecting CXX compiler ABI info - done
[0.230s] -- Check for working CXX compiler: /usr/bin/c++ - skipped
[0.230s] -- Detecting CXX compile features
[0.230s] -- Detecting CXX compile features - done
[0.232s] -- Found rclcpp: 28.1.13 (/opt/ros/jazzy/share/rclcpp/cmake)
[0.329s] -- Found Python3: /usr/bin/python3 (found version "3.12.3") found components: Interpreter 
[0.375s] -- Override CMake install command with custom implementation using symlinks instead of copying resources
[0.432s] -- Found rosidl_generator_c: 4.6.6 (/opt/ros/jazzy/share/rosidl_generator_c/cmake)
[0.441s] -- Found rosidl_generator_cpp: 4.6.6 (/opt/ros/jazzy/share/rosidl_generator_cpp/cmake)
[0.452s] -- Using all available rosidl_typesupport_c: rosidl_typesupport_fastrtps_c;rosidl_typesupport_introspection_c
[0.464s] -- Using all available rosidl_typesupport_cpp: rosidl_typesupport_fastrtps_cpp;rosidl_typesupport_introspection_cpp
[0.514s] -- Found rmw_implementation_cmake: 7.3.2 (/opt/ros/jazzy/share/rmw_implementation_cmake/cmake)
[0.516s] -- Found rmw_fastrtps_cpp: 8.4.3 (/opt/ros/jazzy/share/rmw_fastrtps_cpp/cmake)
[0.574s] -- Found OpenSSL: /usr/lib/x86_64-linux-gnu/libcrypto.so (found version "3.0.13")  
[0.590s] -- Found FastRTPS: /opt/ros/jazzy/include (Required is at least version "2.13") 
[0.606s] -- Using RMW implementation 'rmw_fastrtps_cpp' as default
[0.655s] -- Found rclcpp_components: 28.1.13 (/opt/ros/jazzy/share/rclcpp_components/cmake)
[0.678s] -- Found mrs_msgs: 2.0.0 (/home/gaurav/mrs_workspace/install/mrs_msgs/share/mrs_msgs/cmake)
[0.740s] -- Found mrs_lib: 2.0.0 (/home/gaurav/mrs_workspace/install/mrs_lib/share/mrs_lib/cmake)
[0.775s] -- Found eigen3_cmake_module: 0.3.0 (/opt/ros/jazzy/share/eigen3_cmake_module/cmake)
[0.776s] -- Found Eigen3: TRUE (found version "3.4.0") 
[0.776s] -- Ensuring Eigen3 include directory is part of orocos-kdl CMake target
[0.873s] -- Found pluginlib: 5.4.3 (/opt/ros/jazzy/share/pluginlib/cmake)
[0.876s] -- Found mrs_uav_managers: 2.0.0 (/home/gaurav/mrs_workspace/install/mrs_uav_managers/share/mrs_uav_managers/cmake)
[0.921s] -- Found mrs_mpc_solvers: 1.0.0 (/opt/ros/jazzy/share/mrs_mpc_solvers/cmake)
[1.007s] -- Configuring done (1.0s)
[1.041s] -- Generating done (0.0s)
[1.050s] -- Build files have been written to: /home/gaurav/mrs_workspace/build/mrs_uav_trackers
[1.058s] Invoked command in '/home/gaurav/mrs_workspace/build/mrs_uav_trackers' returned '0': CMAKE_PREFIX_PATH=/home/gaurav/mrs_workspace/install/mrs_uav_managers:/home/gaurav/mrs_workspace/install/mrs_uav_hw_api:/home/gaurav/mrs_workspace/install/mrs_uav_testing:/home/gaurav/mrs_workspace/install/mrs_lib:/home/gaurav/mrs_workspace/install/mrs_msgs:/home/gaurav/mrs_workspace/install/mrs_uav_system_full:/home/gaurav/mrs_workspace/install/mrs_uav_system:/home/gaurav/mrs_workspace/install/mrs_uav_core:/home/gaurav/mrs_workspace/install/mrs_uav_trajectory_generation:/home/gaurav/mrs_workspace/install/mrs_uav_trackers:/home/gaurav/mrs_workspace/install/mrs_uav_state_estimators:/home/gaurav/mrs_workspace/install/mrs_uav_controllers:/home/gaurav/mrs_workspace/install/mrs_multirotor_simulator:/home/gaurav/mrs_workspace/install/mrs_uav_autostart:/home/gaurav/mrs_workspace/install/mrs_uav_status:/home/gaurav/mrs_workspace/install/mrs_uav_modules:/home/gaurav/mrs_workspace/install/mrs_serial:/home/gaurav/mrs_workspace/install/mrs_rviz_plugins:/home/gaurav/mrs_workspace/install/mrs_modules_msgs:/opt/ros/jazzy/opt/gz_math_vendor:/opt/ros/jazzy/opt/gz_utils_vendor:/opt/ros/jazzy/opt/gz_cmake_vendor:/opt/ros/jazzy DEBUGINFOD_URLS=https://debuginfod.ubuntu.com LD_LIBRARY_PATH=/home/gaurav/mrs_workspace/install/mrs_uav_managers/lib:/home/gaurav/mrs_workspace/install/mrs_uav_hw_api/lib:/home/gaurav/mrs_workspace/install/mrs_lib/lib:/home/gaurav/mrs_workspace/install/mrs_msgs/lib:/home/gaurav/mrs_workspace/install/mrs_uav_trajectory_generation/lib:/home/gaurav/mrs_workspace/install/mrs_uav_trackers/lib:/home/gaurav/mrs_workspace/install/mrs_uav_state_estimators/lib:/home/gaurav/mrs_workspace/install/mrs_uav_controllers/lib:/home/gaurav/mrs_workspace/install/mrs_multirotor_simulator/lib:/home/gaurav/mrs_workspace/install/mrs_uav_autostart/lib:/home/gaurav/mrs_workspace/install/mrs_uav_testing/lib:/home/gaurav/mrs_workspace/install/mrs_uav_status/lib:/home/gaurav/mrs_workspace/install/mrs_serial/lib:/home/gaurav/mrs_workspace/install/mrs_rviz_plugins/lib:/home/gaurav/mrs_workspace/install/mrs_modules_msgs/lib:/opt/ros/jazzy/opt/zenoh_cpp_vendor/lib:/opt/ros/jazzy/opt/rviz_ogre_vendor/lib:/opt/ros/jazzy/lib/x86_64-linux-gnu:/opt/ros/jazzy/opt/gz_math_vendor/lib:/opt/ros/jazzy/opt/gz_utils_vendor/lib:/opt/ros/jazzy/opt/gz_cmake_vendor/lib:/opt/ros/jazzy/lib /usr/bin/cmake /home/gaurav/mrs_workspace/src/mrs_uav_core/ros_packages/mrs_uav_trackers -DCMAKE_BUILD_TYPE=Release -DAMENT_CMAKE_SYMLINK_INSTALL=1 -DCMAKE_INSTALL_PREFIX=/home/gaurav/mrs_workspace/install/mrs_uav_trackers
[1.059s] Invoking command in '/home/gaurav/mrs_workspace/build/mrs_uav_trackers': CMAKE_PREFIX_PATH=/home/gaurav/mrs_workspace/install/mrs_uav_managers:/home/gaurav/mrs_workspace/install/mrs_uav_hw_api:/home/gaurav/mrs_workspace/install/mrs_uav_testing:/home/gaurav/mrs_workspace/install/mrs_lib:/home/gaurav/mrs_workspace/install/mrs_msgs:/home/gaurav/mrs_workspace/install/mrs_uav_system_full:/home/gaurav/mrs_workspace/install/mrs_uav_system:/home/gaurav/mrs_workspace/install/mrs_uav_core:/home/gaurav/mrs_workspace/install/mrs_uav_trajectory_generation:/home/gaurav/mrs_workspace/install/mrs_uav_trackers:/home/gaurav/mrs_workspace/install/mrs_uav_state_estimators:/home/gaurav/mrs_workspace/install/mrs_uav_controllers:/home/gaurav/mrs_workspace/install/mrs_multirotor_simulator:/home/gaurav/mrs_workspace/install/mrs_uav_autostart:/home/gaurav/mrs_workspace/install/mrs_uav_status:/home/gaurav/mrs_workspace/install/mrs_uav_modules:/home/gaurav/mrs_workspace/install/mrs_serial:/home/gaurav/mrs_workspace/install/mrs_rviz_plugins:/home/gaurav/mrs_workspace/install/mrs_modules_msgs:/opt/ros/jazzy/opt/gz_math_vendor:/opt/ros/jazzy/opt/gz_utils_vendor:/opt/ros/jazzy/opt/gz_cmake_vendor:/opt/ros/jazzy DEBUGINFOD_URLS=https://debuginfod.ubuntu.com LD_LIBRARY_PATH=/home/gaurav/mrs_workspace/install/mrs_uav_managers/lib:/home/gaurav/mrs_workspace/install/mrs_uav_hw_api/lib:/home/gaurav/mrs_workspace/install/mrs_lib/lib:/home/gaurav/mrs_workspace/install/mrs_msgs/lib:/home/gaurav/mrs_workspace/install/mrs_uav_trajectory_generation/lib:/home/gaurav/mrs_workspace/install/mrs_uav_trackers/lib:/home/gaurav/mrs_workspace/install/mrs_uav_state_estimators/lib:/home/gaurav/mrs_workspace/install/mrs_uav_controllers/lib:/home/gaurav/mrs_workspace/install/mrs_multirotor_simulator/lib:/home/gaurav/mrs_workspace/install/mrs_uav_autostart/lib:/home/gaurav/mrs_workspace/install/mrs_uav_testing/lib:/home/gaurav/mrs_workspace/install/mrs_uav_status/lib:/home/gaurav/mrs_workspace/install/mrs_serial/lib:/home/gaurav/mrs_workspace/install/mrs_rviz_plugins/lib:/home/gaurav/mrs_workspace/install/mrs_modules_msgs/lib:/opt/ros/jazzy/opt/zenoh_cpp_vendor/lib:/opt/ros/jazzy/opt/rviz_ogre_vendor/lib:/opt/ros/jazzy/lib/x86_64-linux-gnu:/opt/ros/jazzy/opt/gz_math_vendor/lib:/opt/ros/jazzy/opt/gz_utils_vendor/lib:/opt/ros/jazzy/opt/gz_cmake_vendor/lib:/opt/ros/jazzy/lib /usr/bin/cmake --build /home/gaurav/mrs_workspace/build/mrs_uav_trackers -- -j20 -l20
[1.101s] [ 10%] Building CXX object CMakeFiles/MrsUavTrackers_FlipTracker.dir/src/flip_tracker.cpp.o
[1.101s] [ 30%] Building CXX object CMakeFiles/MrsUavTrackers_MidairActivationTracker.dir/src/midair_activation_tracker.cpp.o
[1.101s] [ 30%] Building CXX object CMakeFiles/MrsUavTrackers_MpcTracker.dir/src/mpc_tracker.cpp.o
[1.101s] [ 40%] Building CXX object CMakeFiles/MrsUavTrackers_LandoffTracker.dir/src/landoff_tracker.cpp.o
[1.102s] [ 50%] Building CXX object CMakeFiles/MrsUavTrackers_LineTracker.dir/src/line_tracker.cpp.o
[10.519s] [ 60%] Linking CXX shared library libMrsUavTrackers_LineTracker.so
[10.733s] [ 60%] Built target MrsUavTrackers_LineTracker
[10.942s] [ 70%] Linking CXX shared library libMrsUavTrackers_MidairActivationTracker.so
[11.144s] [ 70%] Built target MrsUavTrackers_MidairActivationTracker
[12.181s] [ 80%] Linking CXX shared library libMrsUavTrackers_FlipTracker.so
[12.406s] [ 80%] Built target MrsUavTrackers_FlipTracker
[13.250s] [ 90%] Linking CXX shared library libMrsUavTrackers_LandoffTracker.so
[13.497s] [ 90%] Built target MrsUavTrackers_LandoffTracker
[33.199s] [100%] Linking CXX shared library libMrsUavTrackers_MpcTracker.so
[33.441s] [100%] Built target MrsUavTrackers_MpcTracker
[33.448s] Invoked command in '/home/gaurav/mrs_workspace/build/mrs_uav_trackers' returned '0': CMAKE_PREFIX_PATH=/home/gaurav/mrs_workspace/install/mrs_uav_managers:/home/gaurav/mrs_workspace/install/mrs_uav_hw_api:/home/gaurav/mrs_workspace/install/mrs_uav_testing:/home/gaurav/mrs_workspace/install/mrs_lib:/home/gaurav/mrs_workspace/install/mrs_msgs:/home/gaurav/mrs_workspace/install/mrs_uav_system_full:/home/gaurav/mrs_workspace/install/mrs_uav_system:/home/gaurav/mrs_workspace/install/mrs_uav_core:/home/gaurav/mrs_workspace/install/mrs_uav_trajectory_generation:/home/gaurav/mrs_workspace/install/mrs_uav_trackers:/home/gaurav/mrs_workspace/install/mrs_uav_state_estimators:/home/gaurav/mrs_workspace/install/mrs_uav_controllers:/home/gaurav/mrs_workspace/install/mrs_multirotor_simulator:/home/gaurav/mrs_workspace/install/mrs_uav_autostart:/home/gaurav/mrs_workspace/install/mrs_uav_status:/home/gaurav/mrs_workspace/install/mrs_uav_modules:/home/gaurav/mrs_workspace/install/mrs_serial:/home/gaurav/mrs_workspace/install/mrs_rviz_plugins:/home/gaurav/mrs_workspace/install/mrs_modules_msgs:/opt/ros/jazzy/opt/gz_math_vendor:/opt/ros/jazzy/opt/gz_utils_vendor:/opt/ros/jazzy/opt/gz_cmake_vendor:/opt/ros/jazzy DEBUGINFOD_URLS=https://debuginfod.ubuntu.com LD_LIBRARY_PATH=/home/gaurav/mrs_workspace/install/mrs_uav_managers/lib:/home/gaurav/mrs_workspace/install/mrs_uav_hw_api/lib:/home/gaurav/mrs_workspace/install/mrs_lib/lib:/home/gaurav/mrs_workspace/install/mrs_msgs/lib:/home/gaurav/mrs_workspace/install/mrs_uav_trajectory_generation/lib:/home/gaurav/mrs_workspace/install/mrs_uav_trackers/lib:/home/gaurav/mrs_workspace/install/mrs_uav_state_estimators/lib:/home/gaurav/mrs_workspace/install/mrs_uav_controllers/lib:/home/gaurav/mrs_workspace/install/mrs_multirotor_simulator/lib:/home/gaurav/mrs_workspace/install/mrs_uav_autostart/lib:/home/gaurav/mrs_workspace/install/mrs_uav_testing/lib:/home/gaurav/mrs_workspace/install/mrs_uav_status/lib:/home/gaurav/mrs_workspace/install/mrs_serial/lib:/home/gaurav/mrs_workspace/install/mrs_rviz_plugins/lib:/home/gaurav/mrs_workspace/install/mrs_modules_msgs/lib:/opt/ros/jazzy/opt/zenoh_cpp_vendor/lib:/opt/ros/jazzy/opt/rviz_ogre_vendor/lib:/opt/ros/jazzy/lib/x86_64-linux-gnu:/opt/ros/jazzy/opt/gz_math_vendor/lib:/opt/ros/jazzy/opt/gz_utils_vendor/lib:/opt/ros/jazzy/opt/gz_cmake_vendor/lib:/opt/ros/jazzy/lib /usr/bin/cmake --build /home/gaurav/mrs_workspace/build/mrs_uav_trackers -- -j20 -l20
[33.449s] Invoking command in '/home/gaurav/mrs_workspace/build/mrs_uav_trackers': CMAKE_PREFIX_PATH=/home/gaurav/mrs_workspace/install/mrs_uav_managers:/home/gaurav/mrs_workspace/install/mrs_uav_hw_api:/home/gaurav/mrs_workspace/install/mrs_uav_testing:/home/gaurav/mrs_workspace/install/mrs_lib:/home/gaurav/mrs_workspace/install/mrs_msgs:/home/gaurav/mrs_workspace/install/mrs_uav_system_full:/home/gaurav/mrs_workspace/install/mrs_uav_system:/home/gaurav/mrs_workspace/install/mrs_uav_core:/home/gaurav/mrs_workspace/install/mrs_uav_trajectory_generation:/home/gaurav/mrs_workspace/install/mrs_uav_trackers:/home/gaurav/mrs_workspace/install/mrs_uav_state_estimators:/home/gaurav/mrs_workspace/install/mrs_uav_controllers:/home/gaurav/mrs_workspace/install/mrs_multirotor_simulator:/home/gaurav/mrs_workspace/install/mrs_uav_autostart:/home/gaurav/mrs_workspace/install/mrs_uav_status:/home/gaurav/mrs_workspace/install/mrs_uav_modules:/home/gaurav/mrs_workspace/install/mrs_serial:/home/gaurav/mrs_workspace/install/mrs_rviz_plugins:/home/gaurav/mrs_workspace/install/mrs_modules_msgs:/opt/ros/jazzy/opt/gz_math_vendor:/opt/ros/jazzy/opt/gz_utils_vendor:/opt/ros/jazzy/opt/gz_cmake_vendor:/opt/ros/jazzy DEBUGINFOD_URLS=https://debuginfod.ubuntu.com LD_LIBRARY_PATH=/home/gaurav/mrs_workspace/install/mrs_uav_managers/lib:/home/gaurav/mrs_workspace/install/mrs_uav_hw_api/lib:/home/gaurav/mrs_workspace/install/mrs_lib/lib:/home/gaurav/mrs_workspace/install/mrs_msgs/lib:/home/gaurav/mrs_workspace/install/mrs_uav_trajectory_generation/lib:/home/gaurav/mrs_workspace/install/mrs_uav_trackers/lib:/home/gaurav/mrs_workspace/install/mrs_uav_state_estimators/lib:/home/gaurav/mrs_workspace/install/mrs_uav_controllers/lib:/home/gaurav/mrs_workspace/install/mrs_multirotor_simulator/lib:/home/gaurav/mrs_workspace/install/mrs_uav_autostart/lib:/home/gaurav/mrs_workspace/install/mrs_uav_testing/lib:/home/gaurav/mrs_workspace/install/mrs_uav_status/lib:/home/gaurav/mrs_workspace/install/mrs_serial/lib:/home/gaurav/mrs_workspace/install/mrs_rviz_plugins/lib:/home/gaurav/mrs_workspace/install/mrs_modules_msgs/lib:/opt/ros/jazzy/opt/zenoh_cpp_vendor/lib:/opt/ros/jazzy/opt/rviz_ogre_vendor/lib:/opt/ros/jazzy/lib/x86_64-linux-gnu:/opt/ros/jazzy/opt/gz_math_vendor/lib:/opt/ros/jazzy/opt/gz_utils_vendor/lib:/opt/ros/jazzy/opt/gz_cmake_vendor/lib:/opt/ros/jazzy/lib /usr/bin/cmake --install /home/gaurav/mrs_workspace/build/mrs_uav_trackers
[33.456s] -- Install configuration: "Release"
[33.456s] -- Execute custom install script
[33.456s] -- Symlinking: /home/gaurav/mrs_workspace/install/mrs_uav_trackers/share/mrs_uav_trackers//plugins.xml
[33.462s] -- Symlinking: /home/gaurav/mrs_workspace/install/mrs_uav_trackers/share/mrs_uav_trackers/environment/library_path.sh
[33.468s] -- Symlinking: /home/gaurav/mrs_workspace/install/mrs_uav_trackers/share/mrs_uav_trackers/environment/library_path.dsv
[33.474s] -- Symlinking: /home/gaurav/mrs_workspace/install/mrs_uav_trackers/share/mrs_uav_trackers/config/private/flip_tracker.yaml
[33.479s] -- Symlinking: /home/gaurav/mrs_workspace/install/mrs_uav_trackers/share/mrs_uav_trackers/config/private/joy_tracker.yaml
[33.486s] -- Symlinking: /home/gaurav/mrs_workspace/install/mrs_uav_trackers/share/mrs_uav_trackers/config/private/landoff_tracker.yaml
[33.494s] -- Symlinking: /home/gaurav/mrs_workspace/install/mrs_uav_trackers/share/mrs_uav_trackers/config/private/line_tracker.yaml
[33.499s] -- Symlinking: /home/gaurav/mrs_workspace/install/mrs_uav_trackers/share/mrs_uav_trackers/config/private/midair_activation_tracker.yaml
[33.505s] -- Symlinking: /home/gaurav/mrs_workspace/install/mrs_uav_trackers/share/mrs_uav_trackers/config/private/mpc_tracker.yaml
[33.514s] -- Symlinking: /home/gaurav/mrs_workspace/install/mrs_uav_trackers/share/mrs_uav_trackers/config/private/speed_tracker.yaml
[33.520s] -- Symlinking: /home/gaurav/mrs_workspace/install/mrs_uav_trackers/share/mrs_uav_trackers/config/public/flip_tracker.yaml
[33.525s] -- Symlinking: /home/gaurav/mrs_workspace/install/mrs_uav_trackers/share/mrs_uav_trackers/config/public/joy_tracker.yaml
[33.533s] -- Symlinking: /home/gaurav/mrs_workspace/install/mrs_uav_trackers/share/mrs_uav_trackers/config/public/landoff_tracker.yaml
[33.539s] -- Symlinking: /home/gaurav/mrs_workspace/install/mrs_uav_trackers/share/mrs_uav_trackers/config/public/line_tracker.yaml
[33.545s] -- Symlinking: /home/gaurav/mrs_workspace/install/mrs_uav_trackers/share/mrs_uav_trackers/config/public/midair_activation_tracker.yaml
[33.550s] -- Symlinking: /home/gaurav/mrs_workspace/install/mrs_uav_trackers/share/mrs_uav_trackers/config/public/mpc_tracker.yaml
[33.556s] -- Symlinking: /home/gaurav/mrs_workspace/install/mrs_uav_trackers/share/mrs_uav_trackers/config/public/speed_tracker.yaml
[33.563s] -- Symlinking: /home/gaurav/mrs_workspace/install/mrs_uav_trackers/share/ament_index/resource_index/package_run_dependencies/mrs_uav_trackers
[33.572s] -- Symlinking: /home/gaurav/mrs_workspace/install/mrs_uav_trackers/share/ament_index/resource_index/parent_prefix_path/mrs_uav_trackers
[33.578s] -- Symlinking: /home/gaurav/mrs_workspace/install/mrs_uav_trackers/share/mrs_uav_trackers/environment/ament_prefix_path.sh
[33.585s] -- Symlinking: /home/gaurav/mrs_workspace/install/mrs_uav_trackers/share/mrs_uav_trackers/environment/ament_prefix_path.dsv
[33.591s] -- Symlinking: /home/gaurav/mrs_workspace/install/mrs_uav_trackers/share/mrs_uav_trackers/environment/path.sh
[33.597s] -- Symlinking: /home/gaurav/mrs_workspace/install/mrs_uav_trackers/share/mrs_uav_trackers/environment/path.dsv
[33.602s] -- Symlinking: /home/gaurav/mrs_workspace/install/mrs_uav_trackers/share/mrs_uav_trackers/local_setup.bash
[33.608s] -- Symlinking: /home/gaurav/mrs_workspace/install/mrs_uav_trackers/share/mrs_uav_trackers/local_setup.sh
[33.614s] -- Symlinking: /home/gaurav/mrs_workspace/install/mrs_uav_trackers/share/mrs_uav_trackers/local_setup.zsh
[33.621s] -- Symlinking: /home/gaurav/mrs_workspace/install/mrs_uav_trackers/share/mrs_uav_trackers/local_setup.dsv
[33.628s] -- Symlinking: /home/gaurav/mrs_workspace/install/mrs_uav_trackers/share/mrs_uav_trackers/package.dsv
[33.637s] -- Symlinking: /home/gaurav/mrs_workspace/install/mrs_uav_trackers/share/ament_index/resource_index/packages/mrs_uav_trackers
[33.646s] -- Symlinking: /home/gaurav/mrs_workspace/install/mrs_uav_trackers/share/ament_index/resource_index/mrs_uav_managers__pluginlib__plugin/mrs_uav_trackers
[33.655s] -- Symlinking: /home/gaurav/mrs_workspace/install/mrs_uav_trackers/share/mrs_uav_trackers/cmake/ament_cmake_export_libraries-extras.cmake
[33.662s] -- Symlinking: /home/gaurav/mrs_workspace/install/mrs_uav_trackers/share/mrs_uav_trackers/cmake/ament_cmake_export_include_directories-extras.cmake
[33.669s] -- Symlinking: /home/gaurav/mrs_workspace/install/mrs_uav_trackers/share/mrs_uav_trackers/cmake/ament_cmake_export_targets-extras.cmake
[33.677s] -- Symlinking: /home/gaurav/mrs_workspace/install/mrs_uav_trackers/share/mrs_uav_trackers/cmake/ament_cmake_export_dependencies-extras.cmake
[33.683s] -- Symlinking: /home/gaurav/mrs_workspace/install/mrs_uav_trackers/share/mrs_uav_trackers/cmake/mrs_uav_trackersConfig.cmake
[33.692s] -- Symlinking: /home/gaurav/mrs_workspace/install/mrs_uav_trackers/share/mrs_uav_trackers/cmake/mrs_uav_trackersConfig-version.cmake
[33.699s] -- Symlinking: /home/gaurav/mrs_workspace/install/mrs_uav_trackers/share/mrs_uav_trackers/package.xml
[33.708s] -- Installing: /home/gaurav/mrs_workspace/install/mrs_uav_trackers/lib/libMrsUavTrackers_LandoffTracker.so
[33.708s] -- Set non-toolchain portion of runtime path of "/home/gaurav/mrs_workspace/install/mrs_uav_trackers/lib/libMrsUavTrackers_LandoffTracker.so" to ""
[33.708s] -- Installing: /home/gaurav/mrs_workspace/install/mrs_uav_trackers/lib/libMrsUavTrackers_LineTracker.so
[33.709s] -- Set non-toolchain portion of runtime path of "/home/gaurav/mrs_workspace/install/mrs_uav_trackers/lib/libMrsUavTrackers_LineTracker.so" to ""
[33.709s] -- Installing: /home/gaurav/mrs_workspace/install/mrs_uav_trackers/lib/libMrsUavTrackers_MpcTracker.so
[33.710s] -- Set non-toolchain portion of runtime path of "/home/gaurav/mrs_workspace/install/mrs_uav_trackers/lib/libMrsUavTrackers_MpcTracker.so" to ""
[33.710s] -- Installing: /home/gaurav/mrs_workspace/install/mrs_uav_trackers/lib/libMrsUavTrackers_MidairActivationTracker.so
[33.710s] -- Set non-toolchain portion of runtime path of "/home/gaurav/mrs_workspace/install/mrs_uav_trackers/lib/libMrsUavTrackers_MidairActivationTracker.so" to ""
[33.711s] -- Installing: /home/gaurav/mrs_workspace/install/mrs_uav_trackers/lib/libMrsUavTrackers_FlipTracker.so
[33.711s] -- Set non-toolchain portion of runtime path of "/home/gaurav/mrs_workspace/install/mrs_uav_trackers/lib/libMrsUavTrackers_FlipTracker.so" to ""
[33.711s] -- Installing: /home/gaurav/mrs_workspace/install/mrs_uav_trackers/lib/mrs_uav_trackers/scripts
[33.711s] -- Installing: /home/gaurav/mrs_workspace/install/mrs_uav_trackers/lib/mrs_uav_trackers/scripts/get_public_params.py
[33.711s] -- Installing: /home/gaurav/mrs_workspace/install/mrs_uav_trackers/share/mrs_uav_trackers/cmake/export_mrs_uav_trackersExport.cmake
[33.711s] -- Installing: /home/gaurav/mrs_workspace/install/mrs_uav_trackers/share/mrs_uav_trackers/cmake/export_mrs_uav_trackersExport-release.cmake
[33.712s] Invoked command in '/home/gaurav/mrs_workspace/build/mrs_uav_trackers' returned '0': CMAKE_PREFIX_PATH=/home/gaurav/mrs_workspace/install/mrs_uav_managers:/home/gaurav/mrs_workspace/install/mrs_uav_hw_api:/home/gaurav/mrs_workspace/install/mrs_uav_testing:/home/gaurav/mrs_workspace/install/mrs_lib:/home/gaurav/mrs_workspace/install/mrs_msgs:/home/gaurav/mrs_workspace/install/mrs_uav_system_full:/home/gaurav/mrs_workspace/install/mrs_uav_system:/home/gaurav/mrs_workspace/install/mrs_uav_core:/home/gaurav/mrs_workspace/install/mrs_uav_trajectory_generation:/home/gaurav/mrs_workspace/install/mrs_uav_trackers:/home/gaurav/mrs_workspace/install/mrs_uav_state_estimators:/home/gaurav/mrs_workspace/install/mrs_uav_controllers:/home/gaurav/mrs_workspace/install/mrs_multirotor_simulator:/home/gaurav/mrs_workspace/install/mrs_uav_autostart:/home/gaurav/mrs_workspace/install/mrs_uav_status:/home/gaurav/mrs_workspace/install/mrs_uav_modules:/home/gaurav/mrs_workspace/install/mrs_serial:/home/gaurav/mrs_workspace/install/mrs_rviz_plugins:/home/gaurav/mrs_workspace/install/mrs_modules_msgs:/opt/ros/jazzy/opt/gz_math_vendor:/opt/ros/jazzy/opt/gz_utils_vendor:/opt/ros/jazzy/opt/gz_cmake_vendor:/opt/ros/jazzy DEBUGINFOD_URLS=https://debuginfod.ubuntu.com LD_LIBRARY_PATH=/home/gaurav/mrs_workspace/install/mrs_uav_managers/lib:/home/gaurav/mrs_workspace/install/mrs_uav_hw_api/lib:/home/gaurav/mrs_workspace/install/mrs_lib/lib:/home/gaurav/mrs_workspace/install/mrs_msgs/lib:/home/gaurav/mrs_workspace/install/mrs_uav_trajectory_generation/lib:/home/gaurav/mrs_workspace/install/mrs_uav_trackers/lib:/home/gaurav/mrs_workspace/install/mrs_uav_state_estimators/lib:/home/gaurav/mrs_workspace/install/mrs_uav_controllers/lib:/home/gaurav/mrs_workspace/install/mrs_multirotor_simulator/lib:/home/gaurav/mrs_workspace/install/mrs_uav_autostart/lib:/home/gaurav/mrs_workspace/install/mrs_uav_testing/lib:/home/gaurav/mrs_workspace/install/mrs_uav_status/lib:/home/gaurav/mrs_workspace/install/mrs_serial/lib:/home/gaurav/mrs_workspace/install/mrs_rviz_plugins/lib:/home/gaurav/mrs_workspace/install/mrs_modules_msgs/lib:/opt/ros/jazzy/opt/zenoh_cpp_vendor/lib:/opt/ros/jazzy/opt/rviz_ogre_vendor/lib:/opt/ros/jazzy/lib/x86_64-linux-gnu:/opt/ros/jazzy/opt/gz_math_vendor/lib:/opt/ros/jazzy/opt/gz_utils_vendor/lib:/opt/ros/jazzy/opt/gz_cmake_vendor/lib:/opt/ros/jazzy/lib /usr/bin/cmake --install /home/gaurav/mrs_workspace/build/mrs_uav_trackers
