-- The C compiler identification is GNU 13.3.0
-- The CXX compiler identification is GNU 13.3.0
-- Detecting C compiler ABI info
-- Detecting C compiler ABI info - done
-- Check for working C compiler: /usr/bin/cc - skipped
-- Detecting C compile features
-- Detecting C compile features - done
-- Detecting CXX compiler ABI info
-- Detecting CXX compiler ABI info - done
-- Check for working CXX compiler: /usr/bin/c++ - skipped
-- Detecting CXX compile features
-- Detecting CXX compile features - done
-- Found ament_cmake_python: 2.5.4 (/opt/ros/jazzy/share/ament_cmake_python/cmake)
-- Found geometry_msgs: 5.3.6 (/opt/ros/jazzy/share/geometry_msgs/cmake)
-- Found Python3: /usr/bin/python3 (found version "3.12.3") found components: Interpreter 
-- Override CMake install command with custom implementation using symlinks instead of copying resources
-- Found rosidl_generator_c: 4.6.6 (/opt/ros/jazzy/share/rosidl_generator_c/cmake)
-- Found rosidl_generator_cpp: 4.6.6 (/opt/ros/jazzy/share/rosidl_generator_cpp/cmake)
-- Using all available rosidl_typesupport_c: rosidl_typesupport_fastrtps_c;rosidl_typesupport_introspection_c
-- Using all available rosidl_typesupport_cpp: rosidl_typesupport_fastrtps_cpp;rosidl_typesupport_introspection_cpp
-- Found mrs_msgs: 2.0.0 (/home/gaurav/mrs_workspace/install/mrs_msgs/share/mrs_msgs/cmake)
-- Found nav_msgs: 5.3.6 (/opt/ros/jazzy/share/nav_msgs/cmake)
-- Found rclcpp: 28.1.13 (/opt/ros/jazzy/share/rclcpp/cmake)
-- Found rmw_implementation_cmake: 7.3.2 (/opt/ros/jazzy/share/rmw_implementation_cmake/cmake)
-- Found rmw_fastrtps_cpp: 8.4.3 (/opt/ros/jazzy/share/rmw_fastrtps_cpp/cmake)
-- Found OpenSSL: /usr/lib/x86_64-linux-gnu/libcrypto.so (found version "3.0.13")  
-- Found FastRTPS: /opt/ros/jazzy/include (Required is at least version "2.13") 
-- Using RMW implementation 'rmw_fastrtps_cpp' as default
-- Found rclcpp_components: 28.1.13 (/opt/ros/jazzy/share/rclcpp_components/cmake)
-- Found tf2_geometry_msgs: 0.36.16 (/opt/ros/jazzy/share/tf2_geometry_msgs/cmake)
-- Found eigen3_cmake_module: 0.3.0 (/opt/ros/jazzy/share/eigen3_cmake_module/cmake)
-- Found Eigen3: TRUE (found version "3.4.0") 
-- Ensuring Eigen3 include directory is part of orocos-kdl CMake target
-- Found tf2_eigen: 0.36.16 (/opt/ros/jazzy/share/tf2_eigen/cmake)
-- Found visualization_msgs: 5.3.6 (/opt/ros/jazzy/share/visualization_msgs/cmake)
-- Found Boost: /usr/lib/x86_64-linux-gnu/cmake/Boost-1.83.0/BoostConfig.cmake (found version "1.83.0")  
-- Found OpenCV: /usr (found version "4.6.0") 
-- Configuring done (1.0s)
-- Generating done (0.0s)
-- Build files have been written to: /home/gaurav/mrs_workspace/build/mrs_lib
[  5%] [32mBuilding CXX object CMakeFiles/MrsLib_Utils.dir/src/utils/utils.cpp.o[0m
[  5%] [32mBuilding CXX object CMakeFiles/MrsLib_Math.dir/src/math/math.cpp.o[0m
[  5%] [32mBuilding CXX object CMakeFiles/MrsLib_ScopeTimer.dir/src/scope_timer/scope_timer.cpp.o[0m
[  7%] [32mBuilding CXX object CMakeFiles/MrsLib_MedianFilter.dir/src/median_filter/median_filter.cpp.o[0m
[  9%] [32mBuilding CXX object CMakeFiles/MrsLib_Profiler.dir/src/profiler/profiler.cpp.o[0m
[ 11%] [32mBuilding CXX object CMakeFiles/MrsLib_AttitudeConverter.dir/src/attitude_converter/attitude_converter.cpp.o[0m
[ 13%] [32mBuilding CXX object CMakeFiles/MrsLib_IIRFilter.dir/src/iir_filter/iir_filter.cpp.o[0m
[ 17%] [32mBuilding CXX object CMakeFiles/MrsLib_ParamProvider.dir/src/param_provider/param_provider.cpp.o[0m
[ 17%] [32mBuilding CXX object CMakeFiles/MrsLib_TransformBroadcaster.dir/src/transform_broadcaster/transform_broadcaster.cpp.o[0m
[ 19%] [32mBuilding CXX object CMakeFiles/MrsLib_Geometry.dir/src/geometry/misc.cpp.o[0m
[ 21%] [32mBuilding CXX object CMakeFiles/MrsLib_Geometry.dir/src/geometry/shapes.cpp.o[0m
[ 23%] [32mBuilding CXX object CMakeFiles/MrsLib_Geometry.dir/src/geometry/conversions.cpp.o[0m
[ 25%] [32mBuilding CXX object CMakeFiles/MrsLib_Geometry.dir/src/geometry/cyclic.cpp.o[0m
[ 25%] Built target ament_cmake_python_symlink_mrs_lib
[ 26%] [32m[1mLinking CXX shared library libMrsLib_Math.so[0m
running egg_info
creating mrs_lib.egg-info
writing mrs_lib.egg-info/PKG-INFO
writing dependency_links to mrs_lib.egg-info/dependency_links.txt
writing top-level names to mrs_lib.egg-info/top_level.txt
writing manifest file 'mrs_lib.egg-info/SOURCES.txt'
[ 26%] Built target MrsLib_Math
[ 28%] [32m[1mLinking CXX shared library libMrsLib_Utils.so[0m
reading manifest file 'mrs_lib.egg-info/SOURCES.txt'
[ 28%] Built target MrsLib_Utils
writing manifest file 'mrs_lib.egg-info/SOURCES.txt'
[ 30%] [32mBuilding CXX object CMakeFiles/MrsLib_TimerHandler.dir/src/timer_handler/timer_handler.cpp.o[0m
[ 30%] Built target ament_cmake_python_build_mrs_lib_egg
[ 32%] [32m[1mLinking CXX shared library libMrsLib_IIRFilter.so[0m
[ 32%] Built target MrsLib_IIRFilter
[ 34%] [32mBuilding CXX object CMakeFiles/MrsLib_NotchFilter.dir/src/notch_filter/notch_filter.cpp.o[0m
[ 36%] [32m[1mLinking CXX shared library libMrsLib_MedianFilter.so[0m
[ 36%] Built target MrsLib_MedianFilter
[ 38%] [32m[1mLinking CXX shared library libMrsLib_ScopeTimer.so[0m
[ 40%] [32m[1mLinking CXX shared library libMrsLib_TimerHandler.so[0m
[ 40%] Built target MrsLib_ScopeTimer
[ 40%] Built target MrsLib_TimerHandler
[ 42%] [32mBuilding CXX object CMakeFiles/MrsLib_TimeoutManager.dir/src/timeout_manager/timeout_manager.cpp.o[0m
[ 44%] [32m[1mLinking CXX shared library libMrsLib_Profiler.so[0m
[ 44%] Built target MrsLib_Profiler
[ 46%] [32m[1mLinking CXX shared library libMrsLib_TransformBroadcaster.so[0m
[ 48%] [32m[1mLinking CXX shared library libMrsLib_NotchFilter.so[0m
[ 48%] Built target MrsLib_TransformBroadcaster
[ 48%] Built target MrsLib_NotchFilter
[ 50%] [32m[1mLinking CXX shared library libMrsLib_Geometry.so[0m
[ 50%] Built target MrsLib_Geometry
[ 51%] [32mBuilding CXX object CMakeFiles/MrsLib_BatchVisualizer.dir/src/batch_visualizer/visual_object.cpp.o[0m
[ 53%] [32mBuilding CXX object CMakeFiles/MrsLib_Transformer.dir/src/transformer/transformer.cpp.o[0m
[ 55%] [32mBuilding CXX object CMakeFiles/MrsLib_BatchVisualizer.dir/src/batch_visualizer/batch_visualizer.cpp.o[0m
[ 57%] [32m[1mLinking CXX shared library libMrsLib_TimeoutManager.so[0m
[ 57%] Built target MrsLib_TimeoutManager
[ 59%] [32m[1mLinking CXX shared library libMrsLib_ParamProvider.so[0m
[ 59%] Built target MrsLib_ParamProvider
[ 61%] [32mBuilding CXX object CMakeFiles/MrsLib_ParamLoader.dir/src/param_loader/param_loader.cpp.o[0m
[ 63%] [32mBuilding CXX object CMakeFiles/MrsLib_DynparamMgr.dir/src/dynparam_mgr/dynparam_mgr.cpp.o[0m
[ 65%] [32m[1mLinking CXX shared library libMrsLib_AttitudeConverter.so[0m
[ 65%] Built target MrsLib_AttitudeConverter
[ 67%] [32mBuilding CXX object CMakeFiles/MrsLib_MsgExtractor.dir/src/msg_extractor/msg_extractor.cpp.o[0m
[ 69%] [32m[1mLinking CXX shared library libMrsLib_MsgExtractor.so[0m
[ 69%] Built target MrsLib_MsgExtractor
[ 71%] [32m[1mLinking CXX shared library libMrsLib_BatchVisualizer.so[0m
[ 71%] Built target MrsLib_BatchVisualizer
[ 73%] [32m[1mLinking CXX shared library libMrsLib_ParamLoader.so[0m
[ 73%] Built target MrsLib_ParamLoader
[ 75%] [32m[1mLinking CXX shared library libMrsLib_DynparamMgr.so[0m
[ 75%] Built target MrsLib_DynparamMgr
[ 76%] [32mBuilding CXX object CMakeFiles/dynparam_tests.dir/src/dynparam_mgr/dynparam_tests.cpp.o[0m
[ 78%] [32m[1mLinking CXX shared library libMrsLib_Transformer.so[0m
[ 78%] Built target MrsLib_Transformer
[ 82%] [32mBuilding CXX object CMakeFiles/MrsLib_SafetyZone.dir/src/safety_zone/safety_zone.cpp.o[0m
[ 82%] [32mBuilding CXX object CMakeFiles/MrsLib_SafetyZone.dir/src/safety_zone/polygon.cpp.o[0m
[ 84%] [32mBuilding CXX object CMakeFiles/MrsLib_SafetyZone.dir/src/safety_zone/static_edges_visualization.cpp.o[0m
[ 88%] [32mBuilding CXX object CMakeFiles/MrsLib_SafetyZone.dir/src/safety_zone/line_operations.cpp.o[0m
[ 88%] [32mBuilding CXX object CMakeFiles/MrsLib_SafetyZone.dir/src/safety_zone/prism.cpp.o[0m
[ 90%] [32m[1mLinking CXX executable dynparam_tests[0m
[ 90%] Built target dynparam_tests
[ 92%] [32m[1mLinking CXX shared library libMrsLib_SafetyZone.so[0m
[ 92%] Built target MrsLib_SafetyZone
[ 96%] [32mBuilding CXX object CMakeFiles/subscribe_handler_example.dir/src/timeout_manager/timeout_manager.cpp.o[0m
[ 96%] [32mBuilding CXX object CMakeFiles/subscribe_handler_example.dir/src/timer_handler/timer_handler.cpp.o[0m
[ 98%] [32mBuilding CXX object CMakeFiles/subscribe_handler_example.dir/src/subscriber_handler/example.cpp.o[0m
[100%] [32m[1mLinking CXX executable subscribe_handler_example[0m
[100%] Built target subscribe_handler_example
-- Install configuration: "Release"
-- Execute custom install script
-- Symlinking: /home/gaurav/mrs_workspace/install/mrs_lib/share/mrs_lib/environment/library_path.sh
-- Symlinking: /home/gaurav/mrs_workspace/install/mrs_lib/share/mrs_lib/environment/library_path.dsv
-- Symlinking: /home/gaurav/mrs_workspace/install/mrs_lib/include/mrs_lib/mrs_lib/.gitignore
-- Symlinking: /home/gaurav/mrs_workspace/install/mrs_lib/include/mrs_lib/mrs_lib/attitude_converter.h
-- Symlinking: /home/gaurav/mrs_workspace/install/mrs_lib/include/mrs_lib/mrs_lib/batch_visualizer.h
-- Symlinking: /home/gaurav/mrs_workspace/install/mrs_lib/include/mrs_lib/mrs_lib/dkf.h
-- Symlinking: /home/gaurav/mrs_workspace/install/mrs_lib/include/mrs_lib/mrs_lib/dynparam_mgr.h
-- Symlinking: /home/gaurav/mrs_workspace/install/mrs_lib/include/mrs_lib/mrs_lib/geometry/conversions.h
-- Symlinking: /home/gaurav/mrs_workspace/install/mrs_lib/include/mrs_lib/mrs_lib/geometry/conversions_eigen.h
-- Symlinking: /home/gaurav/mrs_workspace/install/mrs_lib/include/mrs_lib/mrs_lib/geometry/cyclic.h
-- Symlinking: /home/gaurav/mrs_workspace/install/mrs_lib/include/mrs_lib/mrs_lib/geometry/misc.h
-- Symlinking: /home/gaurav/mrs_workspace/install/mrs_lib/include/mrs_lib/mrs_lib/geometry/shapes.h
-- Symlinking: /home/gaurav/mrs_workspace/install/mrs_lib/include/mrs_lib/mrs_lib/gps_conversions.h
-- Symlinking: /home/gaurav/mrs_workspace/install/mrs_lib/include/mrs_lib/mrs_lib/iir_filter.h
-- Symlinking: /home/gaurav/mrs_workspace/install/mrs_lib/include/mrs_lib/mrs_lib/impl/dynparam_mgr.hpp
-- Symlinking: /home/gaurav/mrs_workspace/install/mrs_lib/include/mrs_lib/mrs_lib/impl/param_loader.hpp
-- Symlinking: /home/gaurav/mrs_workspace/install/mrs_lib/include/mrs_lib/mrs_lib/impl/param_provider.hpp
-- Symlinking: /home/gaurav/mrs_workspace/install/mrs_lib/include/mrs_lib/mrs_lib/impl/publisher_handler.hpp
-- Symlinking: /home/gaurav/mrs_workspace/install/mrs_lib/include/mrs_lib/mrs_lib/impl/service_client_handler.hpp
-- Symlinking: /home/gaurav/mrs_workspace/install/mrs_lib/include/mrs_lib/mrs_lib/impl/service_server_handler.hpp
-- Symlinking: /home/gaurav/mrs_workspace/install/mrs_lib/include/mrs_lib/mrs_lib/impl/subscriber_handler.hpp
-- Symlinking: /home/gaurav/mrs_workspace/install/mrs_lib/include/mrs_lib/mrs_lib/impl/timer_handler.hpp
-- Symlinking: /home/gaurav/mrs_workspace/install/mrs_lib/include/mrs_lib/mrs_lib/impl/transformer.hpp
-- Symlinking: /home/gaurav/mrs_workspace/install/mrs_lib/include/mrs_lib/mrs_lib/impl/ukf.hpp
-- Symlinking: /home/gaurav/mrs_workspace/install/mrs_lib/include/mrs_lib/mrs_lib/integration_test.h
-- Symlinking: /home/gaurav/mrs_workspace/install/mrs_lib/include/mrs_lib/mrs_lib/kalman_filter.h
-- Symlinking: /home/gaurav/mrs_workspace/install/mrs_lib/include/mrs_lib/mrs_lib/lkf.h
-- Symlinking: /home/gaurav/mrs_workspace/install/mrs_lib/include/mrs_lib/mrs_lib/lockable.h
-- Symlinking: /home/gaurav/mrs_workspace/install/mrs_lib/include/mrs_lib/mrs_lib/math.h
-- Symlinking: /home/gaurav/mrs_workspace/install/mrs_lib/include/mrs_lib/mrs_lib/median_filter.h
-- Symlinking: /home/gaurav/mrs_workspace/install/mrs_lib/include/mrs_lib/mrs_lib/mrs_lib.h
-- Symlinking: /home/gaurav/mrs_workspace/install/mrs_lib/include/mrs_lib/mrs_lib/msg_extractor.h
-- Symlinking: /home/gaurav/mrs_workspace/install/mrs_lib/include/mrs_lib/mrs_lib/mutex.h
-- Symlinking: /home/gaurav/mrs_workspace/install/mrs_lib/include/mrs_lib/mrs_lib/nckf.h
-- Symlinking: /home/gaurav/mrs_workspace/install/mrs_lib/include/mrs_lib/mrs_lib/node.h
-- Symlinking: /home/gaurav/mrs_workspace/install/mrs_lib/include/mrs_lib/mrs_lib/notch_filter.h
-- Symlinking: /home/gaurav/mrs_workspace/install/mrs_lib/include/mrs_lib/mrs_lib/param_loader.h
-- Symlinking: /home/gaurav/mrs_workspace/install/mrs_lib/include/mrs_lib/mrs_lib/param_provider.h
-- Symlinking: /home/gaurav/mrs_workspace/install/mrs_lib/include/mrs_lib/mrs_lib/profiler.h
-- Symlinking: /home/gaurav/mrs_workspace/install/mrs_lib/include/mrs_lib/mrs_lib/publisher_handler.h
-- Symlinking: /home/gaurav/mrs_workspace/install/mrs_lib/include/mrs_lib/mrs_lib/quadratic_throttle_model.h
-- Symlinking: /home/gaurav/mrs_workspace/install/mrs_lib/include/mrs_lib/mrs_lib/repredictor.h
-- Symlinking: /home/gaurav/mrs_workspace/install/mrs_lib/include/mrs_lib/mrs_lib/safety_zone.h
-- Symlinking: /home/gaurav/mrs_workspace/install/mrs_lib/include/mrs_lib/mrs_lib/safety_zone/line_operations.h
-- Symlinking: /home/gaurav/mrs_workspace/install/mrs_lib/include/mrs_lib/mrs_lib/safety_zone/polygon.h
-- Symlinking: /home/gaurav/mrs_workspace/install/mrs_lib/include/mrs_lib/mrs_lib/safety_zone/prism.h
-- Symlinking: /home/gaurav/mrs_workspace/install/mrs_lib/include/mrs_lib/mrs_lib/safety_zone/static_edges_visualization.h
-- Symlinking: /home/gaurav/mrs_workspace/install/mrs_lib/include/mrs_lib/mrs_lib/scope_timer.h
-- Symlinking: /home/gaurav/mrs_workspace/install/mrs_lib/include/mrs_lib/mrs_lib/service_client_handler.h
-- Symlinking: /home/gaurav/mrs_workspace/install/mrs_lib/include/mrs_lib/mrs_lib/service_server_handler.h
-- Symlinking: /home/gaurav/mrs_workspace/install/mrs_lib/include/mrs_lib/mrs_lib/subscriber_handler.h
-- Symlinking: /home/gaurav/mrs_workspace/install/mrs_lib/include/mrs_lib/mrs_lib/timeout_manager.h
-- Symlinking: /home/gaurav/mrs_workspace/install/mrs_lib/include/mrs_lib/mrs_lib/timer_handler.h
-- Symlinking: /home/gaurav/mrs_workspace/install/mrs_lib/include/mrs_lib/mrs_lib/transform_broadcaster.h
-- Symlinking: /home/gaurav/mrs_workspace/install/mrs_lib/include/mrs_lib/mrs_lib/transformer.h
-- Symlinking: /home/gaurav/mrs_workspace/install/mrs_lib/include/mrs_lib/mrs_lib/ukf.h
-- Symlinking: /home/gaurav/mrs_workspace/install/mrs_lib/include/mrs_lib/mrs_lib/utils.h
-- Symlinking: /home/gaurav/mrs_workspace/install/mrs_lib/include/mrs_lib/mrs_lib/visual_object.h
-- Symlinking: /home/gaurav/mrs_workspace/install/mrs_lib/share/mrs_lib/environment/pythonpath.sh
-- Symlinking: /home/gaurav/mrs_workspace/install/mrs_lib/share/mrs_lib/environment/pythonpath.dsv
-- Symlinking: /home/gaurav/mrs_workspace/install/mrs_lib/lib/python3.12/site-packages/mrs_lib-2.0.0-py3.12.egg-info/PKG-INFO
-- Symlinking: /home/gaurav/mrs_workspace/install/mrs_lib/lib/python3.12/site-packages/mrs_lib-2.0.0-py3.12.egg-info/SOURCES.txt
-- Symlinking: /home/gaurav/mrs_workspace/install/mrs_lib/lib/python3.12/site-packages/mrs_lib-2.0.0-py3.12.egg-info/dependency_links.txt
-- Symlinking: /home/gaurav/mrs_workspace/install/mrs_lib/lib/python3.12/site-packages/mrs_lib-2.0.0-py3.12.egg-info/top_level.txt
-- Symlinking: /home/gaurav/mrs_workspace/install/mrs_lib/lib/python3.12/site-packages/mrs_lib/__init__.py
-- Symlinking: /home/gaurav/mrs_workspace/install/mrs_lib/lib/python3.12/site-packages/mrs_lib/custom_config_path_sanitizer.py
-- Symlinking: /home/gaurav/mrs_workspace/install/mrs_lib/lib/python3.12/site-packages/mrs_lib/remappings_custom_config_parser.py
-- Symlinking: /home/gaurav/mrs_workspace/install/mrs_lib/share/ament_index/resource_index/package_run_dependencies/mrs_lib
-- Symlinking: /home/gaurav/mrs_workspace/install/mrs_lib/share/ament_index/resource_index/parent_prefix_path/mrs_lib
-- Symlinking: /home/gaurav/mrs_workspace/install/mrs_lib/share/mrs_lib/environment/ament_prefix_path.sh
-- Symlinking: /home/gaurav/mrs_workspace/install/mrs_lib/share/mrs_lib/environment/ament_prefix_path.dsv
-- Symlinking: /home/gaurav/mrs_workspace/install/mrs_lib/share/mrs_lib/environment/path.sh
-- Symlinking: /home/gaurav/mrs_workspace/install/mrs_lib/share/mrs_lib/environment/path.dsv
-- Symlinking: /home/gaurav/mrs_workspace/install/mrs_lib/share/mrs_lib/local_setup.bash
-- Symlinking: /home/gaurav/mrs_workspace/install/mrs_lib/share/mrs_lib/local_setup.sh
-- Symlinking: /home/gaurav/mrs_workspace/install/mrs_lib/share/mrs_lib/local_setup.zsh
-- Symlinking: /home/gaurav/mrs_workspace/install/mrs_lib/share/mrs_lib/local_setup.dsv
-- Symlinking: /home/gaurav/mrs_workspace/install/mrs_lib/share/mrs_lib/package.dsv
-- Symlinking: /home/gaurav/mrs_workspace/install/mrs_lib/share/ament_index/resource_index/packages/mrs_lib
-- Symlinking: /home/gaurav/mrs_workspace/install/mrs_lib/share/mrs_lib/cmake/ament_cmake_export_libraries-extras.cmake
-- Symlinking: /home/gaurav/mrs_workspace/install/mrs_lib/share/mrs_lib/cmake/ament_cmake_export_include_directories-extras.cmake
-- Symlinking: /home/gaurav/mrs_workspace/install/mrs_lib/share/mrs_lib/cmake/ament_cmake_export_targets-extras.cmake
-- Symlinking: /home/gaurav/mrs_workspace/install/mrs_lib/share/mrs_lib/cmake/ament_cmake_export_dependencies-extras.cmake
-- Symlinking: /home/gaurav/mrs_workspace/install/mrs_lib/share/mrs_lib/cmake/mrs_libConfig.cmake
-- Symlinking: /home/gaurav/mrs_workspace/install/mrs_lib/share/mrs_lib/cmake/mrs_libConfig-version.cmake
-- Symlinking: /home/gaurav/mrs_workspace/install/mrs_lib/share/mrs_lib/package.xml
-- Installing: /home/gaurav/mrs_workspace/install/mrs_lib/lib/libMrsLib_Geometry.so
-- Set non-toolchain portion of runtime path of "/home/gaurav/mrs_workspace/install/mrs_lib/lib/libMrsLib_Geometry.so" to ""
-- Installing: /home/gaurav/mrs_workspace/install/mrs_lib/lib/libMrsLib_AttitudeConverter.so
-- Set non-toolchain portion of runtime path of "/home/gaurav/mrs_workspace/install/mrs_lib/lib/libMrsLib_AttitudeConverter.so" to ""
-- Installing: /home/gaurav/mrs_workspace/install/mrs_lib/lib/libMrsLib_TimeoutManager.so
-- Set non-toolchain portion of runtime path of "/home/gaurav/mrs_workspace/install/mrs_lib/lib/libMrsLib_TimeoutManager.so" to ""
-- Installing: /home/gaurav/mrs_workspace/install/mrs_lib/lib/libMrsLib_TimerHandler.so
-- Set non-toolchain portion of runtime path of "/home/gaurav/mrs_workspace/install/mrs_lib/lib/libMrsLib_TimerHandler.so" to ""
-- Installing: /home/gaurav/mrs_workspace/install/mrs_lib/lib/libMrsLib_ParamProvider.so
-- Set non-toolchain portion of runtime path of "/home/gaurav/mrs_workspace/install/mrs_lib/lib/libMrsLib_ParamProvider.so" to ""
-- Installing: /home/gaurav/mrs_workspace/install/mrs_lib/lib/libMrsLib_ParamLoader.so
-- Set non-toolchain portion of runtime path of "/home/gaurav/mrs_workspace/install/mrs_lib/lib/libMrsLib_ParamLoader.so" to ""
-- Installing: /home/gaurav/mrs_workspace/install/mrs_lib/lib/libMrsLib_DynparamMgr.so
-- Set non-toolchain portion of runtime path of "/home/gaurav/mrs_workspace/install/mrs_lib/lib/libMrsLib_DynparamMgr.so" to ""
-- Installing: /home/gaurav/mrs_workspace/install/mrs_lib/lib/libMrsLib_Math.so
-- Set non-toolchain portion of runtime path of "/home/gaurav/mrs_workspace/install/mrs_lib/lib/libMrsLib_Math.so" to ""
-- Installing: /home/gaurav/mrs_workspace/install/mrs_lib/lib/libMrsLib_ScopeTimer.so
-- Set non-toolchain portion of runtime path of "/home/gaurav/mrs_workspace/install/mrs_lib/lib/libMrsLib_ScopeTimer.so" to ""
-- Installing: /home/gaurav/mrs_workspace/install/mrs_lib/lib/libMrsLib_TransformBroadcaster.so
-- Set non-toolchain portion of runtime path of "/home/gaurav/mrs_workspace/install/mrs_lib/lib/libMrsLib_TransformBroadcaster.so" to ""
-- Installing: /home/gaurav/mrs_workspace/install/mrs_lib/lib/libMrsLib_Profiler.so
-- Set non-toolchain portion of runtime path of "/home/gaurav/mrs_workspace/install/mrs_lib/lib/libMrsLib_Profiler.so" to ""
-- Installing: /home/gaurav/mrs_workspace/install/mrs_lib/lib/libMrsLib_MsgExtractor.so
-- Set non-toolchain portion of runtime path of "/home/gaurav/mrs_workspace/install/mrs_lib/lib/libMrsLib_MsgExtractor.so" to ""
-- Installing: /home/gaurav/mrs_workspace/install/mrs_lib/lib/libMrsLib_BatchVisualizer.so
-- Set non-toolchain portion of runtime path of "/home/gaurav/mrs_workspace/install/mrs_lib/lib/libMrsLib_BatchVisualizer.so" to ""
-- Installing: /home/gaurav/mrs_workspace/install/mrs_lib/lib/libMrsLib_Transformer.so
-- Set non-toolchain portion of runtime path of "/home/gaurav/mrs_workspace/install/mrs_lib/lib/libMrsLib_Transformer.so" to ""
-- Installing: /home/gaurav/mrs_workspace/install/mrs_lib/lib/libMrsLib_MedianFilter.so
-- Installing: /home/gaurav/mrs_workspace/install/mrs_lib/lib/libMrsLib_SafetyZone.so
-- Set non-toolchain portion of runtime path of "/home/gaurav/mrs_workspace/install/mrs_lib/lib/libMrsLib_SafetyZone.so" to ""
-- Installing: /home/gaurav/mrs_workspace/install/mrs_lib/lib/libMrsLib_IIRFilter.so
-- Installing: /home/gaurav/mrs_workspace/install/mrs_lib/lib/libMrsLib_NotchFilter.so
-- Set non-toolchain portion of runtime path of "/home/gaurav/mrs_workspace/install/mrs_lib/lib/libMrsLib_NotchFilter.so" to ""
-- Installing: /home/gaurav/mrs_workspace/install/mrs_lib/lib/libMrsLib_Utils.so
Listing '/home/gaurav/mrs_workspace/install/mrs_lib/lib/python3.12/site-packages/mrs_lib'...
Compiling '/home/gaurav/mrs_workspace/install/mrs_lib/lib/python3.12/site-packages/mrs_lib/__init__.py'...
Compiling '/home/gaurav/mrs_workspace/install/mrs_lib/lib/python3.12/site-packages/mrs_lib/custom_config_path_sanitizer.py'...
Compiling '/home/gaurav/mrs_workspace/install/mrs_lib/lib/python3.12/site-packages/mrs_lib/remappings_custom_config_parser.py'...
-- Installing: /home/gaurav/mrs_workspace/install/mrs_lib/share/mrs_lib/cmake/export_mrs_libExport.cmake
-- Installing: /home/gaurav/mrs_workspace/install/mrs_lib/share/mrs_lib/cmake/export_mrs_libExport-release.cmake
