[0.006s] Invoking command in '/home/gaurav/mrs_workspace/build/mrs_lib': CMAKE_PREFIX_PATH=/home/gaurav/mrs_workspace/install/mrs_msgs:/home/gaurav/mrs_workspace/install/mrs_uav_system_full:/home/gaurav/mrs_workspace/install/mrs_uav_system:/home/gaurav/mrs_workspace/install/mrs_uav_core:/home/gaurav/mrs_workspace/install/mrs_uav_trajectory_generation:/home/gaurav/mrs_workspace/install/mrs_uav_trackers:/home/gaurav/mrs_workspace/install/mrs_uav_state_estimators:/home/gaurav/mrs_workspace/install/mrs_uav_controllers:/home/gaurav/mrs_workspace/install/mrs_uav_managers:/home/gaurav/mrs_workspace/install/mrs_multirotor_simulator:/home/gaurav/mrs_workspace/install/mrs_uav_hw_api:/home/gaurav/mrs_workspace/install/mrs_uav_autostart:/home/gaurav/mrs_workspace/install/mrs_uav_testing:/home/gaurav/mrs_workspace/install/mrs_uav_status:/home/gaurav/mrs_workspace/install/mrs_uav_modules:/home/gaurav/mrs_workspace/install/mrs_serial:/home/gaurav/mrs_workspace/install/mrs_rviz_plugins:/home/gaurav/mrs_workspace/install/mrs_lib:/home/gaurav/mrs_workspace/install/mrs_modules_msgs:/opt/ros/jazzy/opt/gz_math_vendor:/opt/ros/jazzy/opt/gz_utils_vendor:/opt/ros/jazzy/opt/gz_cmake_vendor:/opt/ros/jazzy DEBUGINFOD_URLS=https://debuginfod.ubuntu.com LD_LIBRARY_PATH=/home/gaurav/mrs_workspace/install/mrs_msgs/lib:/home/gaurav/mrs_workspace/install/mrs_uav_trajectory_generation/lib:/home/gaurav/mrs_workspace/install/mrs_uav_trackers/lib:/home/gaurav/mrs_workspace/install/mrs_uav_state_estimators/lib:/home/gaurav/mrs_workspace/install/mrs_uav_controllers/lib:/home/gaurav/mrs_workspace/install/mrs_uav_managers/lib:/home/gaurav/mrs_workspace/install/mrs_multirotor_simulator/lib:/home/gaurav/mrs_workspace/install/mrs_uav_hw_api/lib:/home/gaurav/mrs_workspace/install/mrs_uav_autostart/lib:/home/gaurav/mrs_workspace/install/mrs_uav_testing/lib:/home/gaurav/mrs_workspace/install/mrs_uav_status/lib:/home/gaurav/mrs_workspace/install/mrs_serial/lib:/home/gaurav/mrs_workspace/install/mrs_rviz_plugins/lib:/home/gaurav/mrs_workspace/install/mrs_lib/lib:/home/gaurav/mrs_workspace/install/mrs_modules_msgs/lib:/opt/ros/jazzy/opt/zenoh_cpp_vendor/lib:/opt/ros/jazzy/opt/rviz_ogre_vendor/lib:/opt/ros/jazzy/lib/x86_64-linux-gnu:/opt/ros/jazzy/opt/gz_math_vendor/lib:/opt/ros/jazzy/opt/gz_utils_vendor/lib:/opt/ros/jazzy/opt/gz_cmake_vendor/lib:/opt/ros/jazzy/lib PYTHONPATH=/home/gaurav/mrs_workspace/install/mrs_msgs/lib/python3.12/site-packages:/home/gaurav/mrs_workspace/install/mrs_lib/lib/python3.12/site-packages:/home/gaurav/mrs_workspace/install/mrs_modules_msgs/lib/python3.12/site-packages:/opt/ros/jazzy/lib/python3.12/site-packages /usr/bin/cmake /home/gaurav/mrs_workspace/src/mrs_uav_core/ros_packages/mrs_lib -DCMAKE_BUILD_TYPE=Release -DAMENT_CMAKE_SYMLINK_INSTALL=1 -DCMAKE_INSTALL_PREFIX=/home/gaurav/mrs_workspace/install/mrs_lib
[0.044s] -- The C compiler identification is GNU 13.3.0
[0.081s] -- The CXX compiler identification is GNU 13.3.0
[0.092s] -- Detecting C compiler ABI info
[0.148s] -- Detecting C compiler ABI info - done
[0.153s] -- Check for working C compiler: /usr/bin/cc - skipped
[0.154s] -- Detecting C compile features
[0.154s] -- Detecting C compile features - done
[0.160s] -- Detecting CXX compiler ABI info
[0.222s] -- Detecting CXX compiler ABI info - done
[0.228s] -- Check for working CXX compiler: /usr/bin/c++ - skipped
[0.228s] -- Detecting CXX compile features
[0.228s] -- Detecting CXX compile features - done
[0.229s] -- Found ament_cmake_python: 2.5.4 (/opt/ros/jazzy/share/ament_cmake_python/cmake)
[0.231s] -- Found geometry_msgs: 5.3.6 (/opt/ros/jazzy/share/geometry_msgs/cmake)
[0.338s] -- Found Python3: /usr/bin/python3 (found version "3.12.3") found components: Interpreter 
[0.387s] -- Override CMake install command with custom implementation using symlinks instead of copying resources
[0.427s] -- Found rosidl_generator_c: 4.6.6 (/opt/ros/jazzy/share/rosidl_generator_c/cmake)
[0.434s] -- Found rosidl_generator_cpp: 4.6.6 (/opt/ros/jazzy/share/rosidl_generator_cpp/cmake)
[0.444s] -- Using all available rosidl_typesupport_c: rosidl_typesupport_fastrtps_c;rosidl_typesupport_introspection_c
[0.455s] -- Using all available rosidl_typesupport_cpp: rosidl_typesupport_fastrtps_cpp;rosidl_typesupport_introspection_cpp
[0.483s] -- Found mrs_msgs: 2.0.0 (/home/gaurav/mrs_workspace/install/mrs_msgs/share/mrs_msgs/cmake)
[0.529s] -- Found nav_msgs: 5.3.6 (/opt/ros/jazzy/share/nav_msgs/cmake)
[0.546s] -- Found rclcpp: 28.1.13 (/opt/ros/jazzy/share/rclcpp/cmake)
[0.574s] -- Found rmw_implementation_cmake: 7.3.2 (/opt/ros/jazzy/share/rmw_implementation_cmake/cmake)
[0.576s] -- Found rmw_fastrtps_cpp: 8.4.3 (/opt/ros/jazzy/share/rmw_fastrtps_cpp/cmake)
[0.630s] -- Found OpenSSL: /usr/lib/x86_64-linux-gnu/libcrypto.so (found version "3.0.13")  
[0.642s] -- Found FastRTPS: /opt/ros/jazzy/include (Required is at least version "2.13") 
[0.658s] -- Using RMW implementation 'rmw_fastrtps_cpp' as default
[0.702s] -- Found rclcpp_components: 28.1.13 (/opt/ros/jazzy/share/rclcpp_components/cmake)
[0.724s] -- Found tf2_geometry_msgs: 0.36.16 (/opt/ros/jazzy/share/tf2_geometry_msgs/cmake)
[0.733s] -- Found eigen3_cmake_module: 0.3.0 (/opt/ros/jazzy/share/eigen3_cmake_module/cmake)
[0.734s] -- Found Eigen3: TRUE (found version "3.4.0") 
[0.734s] -- Ensuring Eigen3 include directory is part of orocos-kdl CMake target
[0.794s] -- Found tf2_eigen: 0.36.16 (/opt/ros/jazzy/share/tf2_eigen/cmake)
[0.797s] -- Found visualization_msgs: 5.3.6 (/opt/ros/jazzy/share/visualization_msgs/cmake)
[0.823s] -- Found Boost: /usr/lib/x86_64-linux-gnu/cmake/Boost-1.83.0/BoostConfig.cmake (found version "1.83.0")  
[0.828s] -- Found OpenCV: /usr (found version "4.6.0") 
[0.979s] -- Configuring done (1.0s)
[1.036s] -- Generating done (0.0s)
[1.053s] -- Build files have been written to: /home/gaurav/mrs_workspace/build/mrs_lib
[1.062s] Invoked command in '/home/gaurav/mrs_workspace/build/mrs_lib' returned '0': CMAKE_PREFIX_PATH=/home/gaurav/mrs_workspace/install/mrs_msgs:/home/gaurav/mrs_workspace/install/mrs_uav_system_full:/home/gaurav/mrs_workspace/install/mrs_uav_system:/home/gaurav/mrs_workspace/install/mrs_uav_core:/home/gaurav/mrs_workspace/install/mrs_uav_trajectory_generation:/home/gaurav/mrs_workspace/install/mrs_uav_trackers:/home/gaurav/mrs_workspace/install/mrs_uav_state_estimators:/home/gaurav/mrs_workspace/install/mrs_uav_controllers:/home/gaurav/mrs_workspace/install/mrs_uav_managers:/home/gaurav/mrs_workspace/install/mrs_multirotor_simulator:/home/gaurav/mrs_workspace/install/mrs_uav_hw_api:/home/gaurav/mrs_workspace/install/mrs_uav_autostart:/home/gaurav/mrs_workspace/install/mrs_uav_testing:/home/gaurav/mrs_workspace/install/mrs_uav_status:/home/gaurav/mrs_workspace/install/mrs_uav_modules:/home/gaurav/mrs_workspace/install/mrs_serial:/home/gaurav/mrs_workspace/install/mrs_rviz_plugins:/home/gaurav/mrs_workspace/install/mrs_lib:/home/gaurav/mrs_workspace/install/mrs_modules_msgs:/opt/ros/jazzy/opt/gz_math_vendor:/opt/ros/jazzy/opt/gz_utils_vendor:/opt/ros/jazzy/opt/gz_cmake_vendor:/opt/ros/jazzy DEBUGINFOD_URLS=https://debuginfod.ubuntu.com LD_LIBRARY_PATH=/home/gaurav/mrs_workspace/install/mrs_msgs/lib:/home/gaurav/mrs_workspace/install/mrs_uav_trajectory_generation/lib:/home/gaurav/mrs_workspace/install/mrs_uav_trackers/lib:/home/gaurav/mrs_workspace/install/mrs_uav_state_estimators/lib:/home/gaurav/mrs_workspace/install/mrs_uav_controllers/lib:/home/gaurav/mrs_workspace/install/mrs_uav_managers/lib:/home/gaurav/mrs_workspace/install/mrs_multirotor_simulator/lib:/home/gaurav/mrs_workspace/install/mrs_uav_hw_api/lib:/home/gaurav/mrs_workspace/install/mrs_uav_autostart/lib:/home/gaurav/mrs_workspace/install/mrs_uav_testing/lib:/home/gaurav/mrs_workspace/install/mrs_uav_status/lib:/home/gaurav/mrs_workspace/install/mrs_serial/lib:/home/gaurav/mrs_workspace/install/mrs_rviz_plugins/lib:/home/gaurav/mrs_workspace/install/mrs_lib/lib:/home/gaurav/mrs_workspace/install/mrs_modules_msgs/lib:/opt/ros/jazzy/opt/zenoh_cpp_vendor/lib:/opt/ros/jazzy/opt/rviz_ogre_vendor/lib:/opt/ros/jazzy/lib/x86_64-linux-gnu:/opt/ros/jazzy/opt/gz_math_vendor/lib:/opt/ros/jazzy/opt/gz_utils_vendor/lib:/opt/ros/jazzy/opt/gz_cmake_vendor/lib:/opt/ros/jazzy/lib PYTHONPATH=/home/gaurav/mrs_workspace/install/mrs_msgs/lib/python3.12/site-packages:/home/gaurav/mrs_workspace/install/mrs_lib/lib/python3.12/site-packages:/home/gaurav/mrs_workspace/install/mrs_modules_msgs/lib/python3.12/site-packages:/opt/ros/jazzy/lib/python3.12/site-packages /usr/bin/cmake /home/gaurav/mrs_workspace/src/mrs_uav_core/ros_packages/mrs_lib -DCMAKE_BUILD_TYPE=Release -DAMENT_CMAKE_SYMLINK_INSTALL=1 -DCMAKE_INSTALL_PREFIX=/home/gaurav/mrs_workspace/install/mrs_lib
[1.063s] Invoking command in '/home/gaurav/mrs_workspace/build/mrs_lib': CMAKE_PREFIX_PATH=/home/gaurav/mrs_workspace/install/mrs_msgs:/home/gaurav/mrs_workspace/install/mrs_uav_system_full:/home/gaurav/mrs_workspace/install/mrs_uav_system:/home/gaurav/mrs_workspace/install/mrs_uav_core:/home/gaurav/mrs_workspace/install/mrs_uav_trajectory_generation:/home/gaurav/mrs_workspace/install/mrs_uav_trackers:/home/gaurav/mrs_workspace/install/mrs_uav_state_estimators:/home/gaurav/mrs_workspace/install/mrs_uav_controllers:/home/gaurav/mrs_workspace/install/mrs_uav_managers:/home/gaurav/mrs_workspace/install/mrs_multirotor_simulator:/home/gaurav/mrs_workspace/install/mrs_uav_hw_api:/home/gaurav/mrs_workspace/install/mrs_uav_autostart:/home/gaurav/mrs_workspace/install/mrs_uav_testing:/home/gaurav/mrs_workspace/install/mrs_uav_status:/home/gaurav/mrs_workspace/install/mrs_uav_modules:/home/gaurav/mrs_workspace/install/mrs_serial:/home/gaurav/mrs_workspace/install/mrs_rviz_plugins:/home/gaurav/mrs_workspace/install/mrs_lib:/home/gaurav/mrs_workspace/install/mrs_modules_msgs:/opt/ros/jazzy/opt/gz_math_vendor:/opt/ros/jazzy/opt/gz_utils_vendor:/opt/ros/jazzy/opt/gz_cmake_vendor:/opt/ros/jazzy DEBUGINFOD_URLS=https://debuginfod.ubuntu.com LD_LIBRARY_PATH=/home/gaurav/mrs_workspace/install/mrs_msgs/lib:/home/gaurav/mrs_workspace/install/mrs_uav_trajectory_generation/lib:/home/gaurav/mrs_workspace/install/mrs_uav_trackers/lib:/home/gaurav/mrs_workspace/install/mrs_uav_state_estimators/lib:/home/gaurav/mrs_workspace/install/mrs_uav_controllers/lib:/home/gaurav/mrs_workspace/install/mrs_uav_managers/lib:/home/gaurav/mrs_workspace/install/mrs_multirotor_simulator/lib:/home/gaurav/mrs_workspace/install/mrs_uav_hw_api/lib:/home/gaurav/mrs_workspace/install/mrs_uav_autostart/lib:/home/gaurav/mrs_workspace/install/mrs_uav_testing/lib:/home/gaurav/mrs_workspace/install/mrs_uav_status/lib:/home/gaurav/mrs_workspace/install/mrs_serial/lib:/home/gaurav/mrs_workspace/install/mrs_rviz_plugins/lib:/home/gaurav/mrs_workspace/install/mrs_lib/lib:/home/gaurav/mrs_workspace/install/mrs_modules_msgs/lib:/opt/ros/jazzy/opt/zenoh_cpp_vendor/lib:/opt/ros/jazzy/opt/rviz_ogre_vendor/lib:/opt/ros/jazzy/lib/x86_64-linux-gnu:/opt/ros/jazzy/opt/gz_math_vendor/lib:/opt/ros/jazzy/opt/gz_utils_vendor/lib:/opt/ros/jazzy/opt/gz_cmake_vendor/lib:/opt/ros/jazzy/lib PYTHONPATH=/home/gaurav/mrs_workspace/install/mrs_msgs/lib/python3.12/site-packages:/home/gaurav/mrs_workspace/install/mrs_lib/lib/python3.12/site-packages:/home/gaurav/mrs_workspace/install/mrs_modules_msgs/lib/python3.12/site-packages:/opt/ros/jazzy/lib/python3.12/site-packages /usr/bin/cmake --build /home/gaurav/mrs_workspace/build/mrs_lib -- -j20 -l20
[1.098s] [  5%] [32mBuilding CXX object CMakeFiles/MrsLib_Utils.dir/src/utils/utils.cpp.o[0m
[1.098s] [  5%] [32mBuilding CXX object CMakeFiles/MrsLib_Math.dir/src/math/math.cpp.o[0m
[1.099s] [  5%] [32mBuilding CXX object CMakeFiles/MrsLib_ScopeTimer.dir/src/scope_timer/scope_timer.cpp.o[0m
[1.099s] [  7%] [32mBuilding CXX object CMakeFiles/MrsLib_MedianFilter.dir/src/median_filter/median_filter.cpp.o[0m
[1.099s] [  9%] [32mBuilding CXX object CMakeFiles/MrsLib_Profiler.dir/src/profiler/profiler.cpp.o[0m
[1.101s] [ 11%] [32mBuilding CXX object CMakeFiles/MrsLib_AttitudeConverter.dir/src/attitude_converter/attitude_converter.cpp.o[0m
[1.102s] [ 13%] [32mBuilding CXX object CMakeFiles/MrsLib_IIRFilter.dir/src/iir_filter/iir_filter.cpp.o[0m
[1.102s] [ 17%] [32mBuilding CXX object CMakeFiles/MrsLib_ParamProvider.dir/src/param_provider/param_provider.cpp.o[0m
[1.102s] [ 17%] [32mBuilding CXX object CMakeFiles/MrsLib_TransformBroadcaster.dir/src/transform_broadcaster/transform_broadcaster.cpp.o[0m
[1.102s] [ 19%] [32mBuilding CXX object CMakeFiles/MrsLib_Geometry.dir/src/geometry/misc.cpp.o[0m
[1.102s] [ 21%] [32mBuilding CXX object CMakeFiles/MrsLib_Geometry.dir/src/geometry/shapes.cpp.o[0m
[1.102s] [ 23%] [32mBuilding CXX object CMakeFiles/MrsLib_Geometry.dir/src/geometry/conversions.cpp.o[0m
[1.104s] [ 25%] [32mBuilding CXX object CMakeFiles/MrsLib_Geometry.dir/src/geometry/cyclic.cpp.o[0m
[1.105s] [ 25%] Built target ament_cmake_python_symlink_mrs_lib
[1.286s] [ 26%] [32m[1mLinking CXX shared library libMrsLib_Math.so[0m
[1.314s] running egg_info
[1.315s] creating mrs_lib.egg-info
[1.335s] writing mrs_lib.egg-info/PKG-INFO
[1.335s] writing dependency_links to mrs_lib.egg-info/dependency_links.txt
[1.335s] writing top-level names to mrs_lib.egg-info/top_level.txt
[1.335s] writing manifest file 'mrs_lib.egg-info/SOURCES.txt'
[1.342s] [ 26%] Built target MrsLib_Math
[1.369s] [ 28%] [32m[1mLinking CXX shared library libMrsLib_Utils.so[0m
[1.393s] reading manifest file 'mrs_lib.egg-info/SOURCES.txt'
[1.394s] [ 28%] Built target MrsLib_Utils
[1.394s] writing manifest file 'mrs_lib.egg-info/SOURCES.txt'
[1.410s] [ 30%] [32mBuilding CXX object CMakeFiles/MrsLib_TimerHandler.dir/src/timer_handler/timer_handler.cpp.o[0m
[1.421s] [ 30%] Built target ament_cmake_python_build_mrs_lib_egg
[1.455s] [ 32%] [32m[1mLinking CXX shared library libMrsLib_IIRFilter.so[0m
[1.515s] [ 32%] Built target MrsLib_IIRFilter
[1.529s] [ 34%] [32mBuilding CXX object CMakeFiles/MrsLib_NotchFilter.dir/src/notch_filter/notch_filter.cpp.o[0m
[1.919s] [ 36%] [32m[1mLinking CXX shared library libMrsLib_MedianFilter.so[0m
[1.968s] [ 36%] Built target MrsLib_MedianFilter
[4.083s] [ 38%] [32m[1mLinking CXX shared library libMrsLib_ScopeTimer.so[0m
[4.111s] [ 40%] [32m[1mLinking CXX shared library libMrsLib_TimerHandler.so[0m
[4.158s] [ 40%] Built target MrsLib_ScopeTimer
[4.176s] [ 40%] Built target MrsLib_TimerHandler
[4.195s] [ 42%] [32mBuilding CXX object CMakeFiles/MrsLib_TimeoutManager.dir/src/timeout_manager/timeout_manager.cpp.o[0m
[5.570s] [ 44%] [32m[1mLinking CXX shared library libMrsLib_Profiler.so[0m
[5.665s] [ 44%] Built target MrsLib_Profiler
[6.225s] [ 46%] [32m[1mLinking CXX shared library libMrsLib_TransformBroadcaster.so[0m
[6.293s] [ 48%] [32m[1mLinking CXX shared library libMrsLib_NotchFilter.so[0m
[6.312s] [ 48%] Built target MrsLib_TransformBroadcaster
[6.347s] [ 48%] Built target MrsLib_NotchFilter
[6.781s] In file included from [01m[K/usr/include/eigen3/Eigen/src/Core/util/ConfigureVectorization.h:346[m[K,
[6.781s]                  from [01m[K/usr/include/eigen3/Eigen/Core:22[m[K,
[6.781s]                  from [01m[K/usr/include/eigen3/Eigen/Dense:1[m[K,
[6.781s]                  from [01m[K/home/gaurav/mrs_workspace/src/mrs_uav_core/ros_packages/mrs_lib/include/mrs_lib/geometry/shapes.h:13[m[K,
[6.781s]                  from [01m[K/home/gaurav/mrs_workspace/src/mrs_uav_core/ros_packages/mrs_lib/src/geometry/shapes.cpp:2[m[K:
[6.781s] In function ‘[01m[K__m128d[01;32m[K _mm_loadu_pd[m[K(const double*)[m[K’,
[6.782s]     inlined from ‘[01m[KPacket Eigen::internal::[01;32m[Kploadu[m[K(const typename unpacket_traits<T>::type*) [35m[K[with Packet = __vector(2) double][m[K[m[K’ at [01m[K/usr/include/eigen3/Eigen/src/Core/arch/SSE/PacketMath.h:746:22[m[K,
[6.782s]     inlined from ‘[01m[KPacket Eigen::internal::[01;32m[Kploadt[m[K(const typename unpacket_traits<T>::type*) [35m[K[with Packet = __vector(2) double; int Alignment = 0][m[K[m[K’ at [01m[K/usr/include/eigen3/Eigen/src/Core/GenericPacketMath.h:969:26[m[K,
[6.782s]     inlined from ‘[01m[KPacketType Eigen::internal::mapbase_evaluator<Derived, PlainObjectType>::[01;32m[Kpacket[m[K(Eigen::Index, Eigen::Index) const [35m[K[with int LoadMode = 0; PacketType = __vector(2) double; Derived = Eigen::Block<const Eigen::Matrix<double, 3, 3>, 3, 1, true>; PlainObjectType = Eigen::Matrix<double, 3, 1>][m[K[m[K’ at [01m[K/usr/include/eigen3/Eigen/src/Core/CoreEvaluators.h:937:50[m[K,
[6.782s]     inlined from ‘[01m[Kvoid Eigen::internal::generic_dense_assignment_kernel<DstEvaluatorTypeT, SrcEvaluatorTypeT, Functor, Version>::[01;32m[KassignPacket[m[K(Eigen::Index, Eigen::Index) [35m[K[with int StoreMode = 0; int LoadMode = 0; PacketType = __vector(2) double; DstEvaluatorTypeT = Eigen::internal::evaluator<Eigen::Matrix<double, 3, 1> >; SrcEvaluatorTypeT = Eigen::internal::evaluator<Eigen::Block<const Eigen::Matrix<double, 3, 3>, 3, 1, true> >; Functor = Eigen::internal::assign_op<double, double>; int Version = 0][m[K[m[K’ at [01m[K/usr/include/eigen3/Eigen/src/Core/AssignEvaluator.h:675:116[m[K,
[6.782s]     inlined from ‘[01m[Kvoid Eigen::internal::generic_dense_assignment_kernel<DstEvaluatorTypeT, SrcEvaluatorTypeT, Functor, Version>::[01;32m[KassignPacketByOuterInner[m[K(Eigen::Index, Eigen::Index) [35m[K[with int StoreMode = 0; int LoadMode = 0; PacketType = __vector(2) double; DstEvaluatorTypeT = Eigen::internal::evaluator<Eigen::Matrix<double, 3, 1> >; SrcEvaluatorTypeT = Eigen::internal::evaluator<Eigen::Block<const Eigen::Matrix<double, 3, 3>, 3, 1, true> >; Functor = Eigen::internal::assign_op<double, double>; int Version = 0][m[K[m[K’ at [01m[K/usr/include/eigen3/Eigen/src/Core/AssignEvaluator.h:689:48[m[K,
[6.782s]     inlined from ‘[01m[Kstatic void Eigen::internal::copy_using_evaluator_innervec_CompleteUnrolling<Kernel, Index, Stop>::[01;32m[Krun[m[K(Kernel&) [35m[K[with Kernel = Eigen::internal::generic_dense_assignment_kernel<Eigen::internal::evaluator<Eigen::Matrix<double, 3, 1> >, Eigen::internal::evaluator<Eigen::Block<const Eigen::Matrix<double, 3, 3>, 3, 1, true> >, Eigen::internal::assign_op<double, double>, 0>; int Index = 0; int Stop = 2][m[K[m[K’ at [01m[K/usr/include/eigen3/Eigen/src/Core/AssignEvaluator.h:279:85[m[K,
[6.782s]     inlined from ‘[01m[Kstatic void Eigen::internal::dense_assignment_loop<Kernel, 3, 2>::[01;32m[Krun[m[K(Kernel&) [35m[K[with Kernel = Eigen::internal::generic_dense_assignment_kernel<Eigen::internal::evaluator<Eigen::Matrix<double, 3, 1> >, Eigen::internal::evaluator<Eigen::Block<const Eigen::Matrix<double, 3, 3>, 3, 1, true> >, Eigen::internal::assign_op<double, double>, 0>][m[K[m[K’ at [01m[K/usr/include/eigen3/Eigen/src/Core/AssignEvaluator.h:455:81[m[K,
[6.782s]     inlined from ‘[01m[Kvoid Eigen::internal::[01;32m[Kcall_dense_assignment_loop[m[K(DstXprType&, const SrcXprType&, const Functor&) [35m[K[with DstXprType = Eigen::Matrix<double, 3, 1>; SrcXprType = Eigen::Block<const Eigen::Matrix<double, 3, 3>, 3, 1, true>; Functor = assign_op<double, double>][m[K[m[K’ at [01m[K/usr/include/eigen3/Eigen/src/Core/AssignEvaluator.h:785:37[m[K,
[6.782s]     inlined from ‘[01m[Kstatic void Eigen::internal::Assignment<DstXprType, SrcXprType, Functor, Eigen::internal::Dense2Dense, Weak>::[01;32m[Krun[m[K(DstXprType&, const SrcXprType&, const Functor&) [35m[K[with DstXprType = Eigen::Matrix<double, 3, 1>; SrcXprType = Eigen::Block<const Eigen::Matrix<double, 3, 3>, 3, 1, true>; Functor = Eigen::internal::assign_op<double, double>; Weak = void][m[K[m[K’ at [01m[K/usr/include/eigen3/Eigen/src/Core/AssignEvaluator.h:954:31[m[K,
[6.782s]     inlined from ‘[01m[Kvoid Eigen::internal::[01;32m[Kcall_assignment_no_alias[m[K(Dst&, const Src&, const Func&) [35m[K[with Dst = Eigen::Matrix<double, 3, 1>; Src = Eigen::Block<const Eigen::Matrix<double, 3, 3>, 3, 1, true>; Func = assign_op<double, double>][m[K[m[K’ at [01m[K/usr/include/eigen3/Eigen/src/Core/AssignEvaluator.h:890:49[m[K,
[6.782s]     inlined from ‘[01m[KDerived& Eigen::PlainObjectBase<Derived>::[01;32m[K_set_noalias[m[K(const Eigen::DenseBase<OtherDerived>&) [35m[K[with OtherDerived = Eigen::Block<const Eigen::Matrix<double, 3, 3>, 3, 1, true>; Derived = Eigen::Matrix<double, 3, 1>][m[K[m[K’ at [01m[K/usr/include/eigen3/Eigen/src/Core/PlainObjectBase.h:797:41[m[K,
[6.782s]     inlined from ‘[01m[KEigen::PlainObjectBase<Derived>::[01;32m[KPlainObjectBase[m[K(const Eigen::DenseBase<OtherDerived>&) [35m[K[with OtherDerived = Eigen::Block<const Eigen::Matrix<double, 3, 3>, 3, 1, true>; Derived = Eigen::Matrix<double, 3, 1>][m[K[m[K’ at [01m[K/usr/include/eigen3/Eigen/src/Core/PlainObjectBase.h:594:19[m[K,
[6.782s]     inlined from ‘[01m[KEigen::Matrix<_Scalar, _Rows, _Cols, _Options, _MaxRows, _MaxCols>::[01;32m[KMatrix[m[K(const Eigen::EigenBase<OtherDerived>&) [35m[K[with OtherDerived = Eigen::Block<const Eigen::Matrix<double, 3, 3>, 3, 1, true>; _Scalar = double; int _Rows = 3; int _Cols = 1; int _Options = 0; int _MaxRows = 3; int _MaxCols = 1][m[K[m[K’ at [01m[K/usr/include/eigen3/Eigen/src/Core/Matrix.h:423:29[m[K,
[6.782s]     inlined from ‘[01m[KDerived& Eigen::QuaternionBase<Derived>::[01;32m[KsetFromTwoVectors[m[K(const Eigen::MatrixBase<OtherDerived>&, const Eigen::MatrixBase<OtherDerived>&) [35m[K[with Derived1 = Eigen::Block<const Eigen::CwiseNullaryOp<Eigen::internal::scalar_identity_op<double>, Eigen::Matrix<double, 3, 3> >, 3, 1, false>; Derived2 = Eigen::Matrix<double, 3, 1>; Derived = Eigen::Quaternion<double>][m[K[m[K’ at [01m[K/usr/include/eigen3/Eigen/src/Geometry/Quaternion.h:658:13[m[K,
[6.782s]     inlined from ‘[01m[Kstatic Eigen::Quaternion<_Scalar, _Options> Eigen::Quaternion<Scalar, Options>::[01;32m[KFromTwoVectors[m[K(const Eigen::MatrixBase<OtherDerived>&, const Eigen::MatrixBase<OtherDerived>&) [35m[K[with Derived1 = Eigen::Block<const Eigen::CwiseNullaryOp<Eigen::internal::scalar_identity_op<double>, Eigen::Matrix<double, 3, 3> >, 3, 1, false>; Derived2 = Eigen::Matrix<double, 3, 1>; _Scalar = double; int _Options = 0][m[K[m[K’ at [01m[K/usr/include/eigen3/Eigen/src/Geometry/Quaternion.h:708:27[m[K,
[6.782s]     inlined from ‘[01m[Kconst mrs_lib::geometry::Ellipse mrs_lib::geometry::Cone::[01;32m[KgetCap[m[K() const[m[K’ at [01m[K/home/gaurav/mrs_workspace/src/mrs_uav_core/ros_packages/mrs_lib/src/geometry/shapes.cpp:603:120[m[K:
[6.782s] [01m[K/usr/lib/gcc/x86_64-linux-gnu/13/include/emmintrin.h:134:24:[m[K [01;35m[Kwarning: [m[K‘[01m[K*(__m128d_u*)((char*)&svd + offsetof(Eigen::JacobiSVD<Eigen::Matrix<double, 2, 3, 0, 2, 3>, 2>,Eigen::JacobiSVD<Eigen::Matrix<double, 2, 3, 0, 2, 3>, 2>::<unnamed>.Eigen::SVDBase<Eigen::JacobiSVD<Eigen::Matrix<double, 2, 3, 0, 2, 3>, 2> >::m_matrixV.Eigen::Matrix<double, 3, 3, 0, 3, 3>::<unnamed>.Eigen::PlainObjectBase<Eigen::Matrix<double, 3, 3, 0, 3, 3> >::m_storage.Eigen::DenseStorage<double, 9, 3, 3, 0>::m_data.Eigen::internal::plain_array<double, 9, 0, 0>::array[6]))[m[K’ may be used uninitialized [[01;35m[K]8;;https://gcc.gnu.org/onlinedocs/gcc/Warning-Options.html#index-Wmaybe-uninitialized-Wmaybe-uninitialized]8;;[m[K]
[6.782s]   134 |   return *(__m128d_u *)[01;35m[K__P[m[K;
[6.783s]       |                        [01;35m[K^~~[m[K
[6.783s] In file included from [01m[K/usr/include/eigen3/Eigen/Geometry:42[m[K,
[6.783s]                  from [01m[K/usr/include/eigen3/Eigen/Dense:6[m[K:
[6.783s] [01m[K/usr/include/eigen3/Eigen/src/Geometry/Quaternion.h:[m[K In member function ‘[01m[Kconst mrs_lib::geometry::Ellipse mrs_lib::geometry::Cone::[01;32m[KgetCap[m[K() const[m[K’:
[6.783s] [01m[K/usr/include/eigen3/Eigen/src/Geometry/Quaternion.h:657:36:[m[K [01;36m[Knote: [m[K‘[01m[Ksvd[m[K’ declared here
[6.783s]   657 |     JacobiSVD<Matrix<Scalar,2,3> > [01;36m[Ksvd[m[K(m, ComputeFullV);
[6.783s]       |                                    [01;36m[K^~~[m[K
[6.783s] In file included from [01m[K/usr/include/eigen3/Eigen/Core:277[m[K:
[6.783s] In member function ‘[01m[KEigen::internal::mapbase_evaluator<Derived, PlainObjectType>::CoeffReturnType Eigen::internal::mapbase_evaluator<Derived, PlainObjectType>::[01;32m[Kcoeff[m[K(Eigen::Index, Eigen::Index) const [35m[K[with Derived = Eigen::Block<const Eigen::Matrix<double, 3, 3>, 3, 1, true>; PlainObjectType = Eigen::Matrix<double, 3, 1>][m[K[m[K’,
[6.783s]     inlined from ‘[01m[Kvoid Eigen::internal::generic_dense_assignment_kernel<DstEvaluatorTypeT, SrcEvaluatorTypeT, Functor, Version>::[01;32m[KassignCoeff[m[K(Eigen::Index, Eigen::Index) [35m[K[with DstEvaluatorTypeT = Eigen::internal::evaluator<Eigen::Matrix<double, 3, 1> >; SrcEvaluatorTypeT = Eigen::internal::evaluator<Eigen::Block<const Eigen::Matrix<double, 3, 3>, 3, 1, true> >; Functor = Eigen::internal::assign_op<double, double>; int Version = 0][m[K[m[K’ at [01m[K/usr/include/eigen3/Eigen/src/Core/AssignEvaluator.h:654:63[m[K,
[6.783s]     inlined from ‘[01m[Kvoid Eigen::internal::generic_dense_assignment_kernel<DstEvaluatorTypeT, SrcEvaluatorTypeT, Functor, Version>::[01;32m[KassignCoeffByOuterInner[m[K(Eigen::Index, Eigen::Index) [35m[K[with DstEvaluatorTypeT = Eigen::internal::evaluator<Eigen::Matrix<double, 3, 1> >; SrcEvaluatorTypeT = Eigen::internal::evaluator<Eigen::Block<const Eigen::Matrix<double, 3, 3>, 3, 1, true> >; Functor = Eigen::internal::assign_op<double, double>; int Version = 0][m[K[m[K’ at [01m[K/usr/include/eigen3/Eigen/src/Core/AssignEvaluator.h:668:16[m[K,
[6.783s]     inlined from ‘[01m[Kstatic void Eigen::internal::copy_using_evaluator_DefaultTraversal_CompleteUnrolling<Kernel, Index, Stop>::[01;32m[Krun[m[K(Kernel&) [35m[K[with Kernel = Eigen::internal::generic_dense_assignment_kernel<Eigen::internal::evaluator<Eigen::Matrix<double, 3, 1> >, Eigen::internal::evaluator<Eigen::Block<const Eigen::Matrix<double, 3, 3>, 3, 1, true> >, Eigen::internal::assign_op<double, double>, 0>; int Index = 2; int Stop = 3][m[K[m[K’ at [01m[K/usr/include/eigen3/Eigen/src/Core/AssignEvaluator.h:211:35[m[K,
[6.783s]     inlined from ‘[01m[Kstatic void Eigen::internal::dense_assignment_loop<Kernel, 3, 2>::[01;32m[Krun[m[K(Kernel&) [35m[K[with Kernel = Eigen::internal::generic_dense_assignment_kernel<Eigen::internal::evaluator<Eigen::Matrix<double, 3, 1> >, Eigen::internal::evaluator<Eigen::Block<const Eigen::Matrix<double, 3, 3>, 3, 1, true> >, Eigen::internal::assign_op<double, double>, 0>][m[K[m[K’ at [01m[K/usr/include/eigen3/Eigen/src/Core/AssignEvaluator.h:456:92[m[K,
[6.783s]     inlined from ‘[01m[Kvoid Eigen::internal::[01;32m[Kcall_dense_assignment_loop[m[K(DstXprType&, const SrcXprType&, const Functor&) [35m[K[with DstXprType = Eigen::Matrix<double, 3, 1>; SrcXprType = Eigen::Block<const Eigen::Matrix<double, 3, 3>, 3, 1, true>; Functor = assign_op<double, double>][m[K[m[K’ at [01m[K/usr/include/eigen3/Eigen/src/Core/AssignEvaluator.h:785:37[m[K,
[6.783s]     inlined from ‘[01m[Kstatic void Eigen::internal::Assignment<DstXprType, SrcXprType, Functor, Eigen::internal::Dense2Dense, Weak>::[01;32m[Krun[m[K(DstXprType&, const SrcXprType&, const Functor&) [35m[K[with DstXprType = Eigen::Matrix<double, 3, 1>; SrcXprType = Eigen::Block<const Eigen::Matrix<double, 3, 3>, 3, 1, true>; Functor = Eigen::internal::assign_op<double, double>; Weak = void][m[K[m[K’ at [01m[K/usr/include/eigen3/Eigen/src/Core/AssignEvaluator.h:954:31[m[K,
[6.783s]     inlined from ‘[01m[Kvoid Eigen::internal::[01;32m[Kcall_assignment_no_alias[m[K(Dst&, const Src&, const Func&) [35m[K[with Dst = Eigen::Matrix<double, 3, 1>; Src = Eigen::Block<const Eigen::Matrix<double, 3, 3>, 3, 1, true>; Func = assign_op<double, double>][m[K[m[K’ at [01m[K/usr/include/eigen3/Eigen/src/Core/AssignEvaluator.h:890:49[m[K,
[6.783s]     inlined from ‘[01m[KDerived& Eigen::PlainObjectBase<Derived>::[01;32m[K_set_noalias[m[K(const Eigen::DenseBase<OtherDerived>&) [35m[K[with OtherDerived = Eigen::Block<const Eigen::Matrix<double, 3, 3>, 3, 1, true>; Derived = Eigen::Matrix<double, 3, 1>][m[K[m[K’ at [01m[K/usr/include/eigen3/Eigen/src/Core/PlainObjectBase.h:797:41[m[K,
[6.783s]     inlined from ‘[01m[KEigen::PlainObjectBase<Derived>::[01;32m[KPlainObjectBase[m[K(const Eigen::DenseBase<OtherDerived>&) [35m[K[with OtherDerived = Eigen::Block<const Eigen::Matrix<double, 3, 3>, 3, 1, true>; Derived = Eigen::Matrix<double, 3, 1>][m[K[m[K’ at [01m[K/usr/include/eigen3/Eigen/src/Core/PlainObjectBase.h:594:19[m[K,
[6.783s]     inlined from ‘[01m[KEigen::Matrix<_Scalar, _Rows, _Cols, _Options, _MaxRows, _MaxCols>::[01;32m[KMatrix[m[K(const Eigen::EigenBase<OtherDerived>&) [35m[K[with OtherDerived = Eigen::Block<const Eigen::Matrix<double, 3, 3>, 3, 1, true>; _Scalar = double; int _Rows = 3; int _Cols = 1; int _Options = 0; int _MaxRows = 3; int _MaxCols = 1][m[K[m[K’ at [01m[K/usr/include/eigen3/Eigen/src/Core/Matrix.h:423:29[m[K,
[6.784s]     inlined from ‘[01m[KDerived& Eigen::QuaternionBase<Derived>::[01;32m[KsetFromTwoVectors[m[K(const Eigen::MatrixBase<OtherDerived>&, const Eigen::MatrixBase<OtherDerived>&) [35m[K[with Derived1 = Eigen::Block<const Eigen::CwiseNullaryOp<Eigen::internal::scalar_identity_op<double>, Eigen::Matrix<double, 3, 3> >, 3, 1, false>; Derived2 = Eigen::Matrix<double, 3, 1>; Derived = Eigen::Quaternion<double>][m[K[m[K’ at [01m[K/usr/include/eigen3/Eigen/src/Geometry/Quaternion.h:658:13[m[K,
[6.784s]     inlined from ‘[01m[Kstatic Eigen::Quaternion<_Scalar, _Options> Eigen::Quaternion<Scalar, Options>::[01;32m[KFromTwoVectors[m[K(const Eigen::MatrixBase<OtherDerived>&, const Eigen::MatrixBase<OtherDerived>&) [35m[K[with Derived1 = Eigen::Block<const Eigen::CwiseNullaryOp<Eigen::internal::scalar_identity_op<double>, Eigen::Matrix<double, 3, 3> >, 3, 1, false>; Derived2 = Eigen::Matrix<double, 3, 1>; _Scalar = double; int _Options = 0][m[K[m[K’ at [01m[K/usr/include/eigen3/Eigen/src/Geometry/Quaternion.h:708:27[m[K,
[6.784s]     inlined from ‘[01m[Kconst mrs_lib::geometry::Ellipse mrs_lib::geometry::Cone::[01;32m[KgetCap[m[K() const[m[K’ at [01m[K/home/gaurav/mrs_workspace/src/mrs_uav_core/ros_packages/mrs_lib/src/geometry/shapes.cpp:603:120[m[K:
[6.784s] [01m[K/usr/include/eigen3/Eigen/src/Core/CoreEvaluators.h:911:56:[m[K [01;35m[Kwarning: [m[K‘[01m[Ksvd.Eigen::JacobiSVD<Eigen::Matrix<double, 2, 3, 0, 2, 3>, 2>::<unnamed>.Eigen::SVDBase<Eigen::JacobiSVD<Eigen::Matrix<double, 2, 3, 0, 2, 3>, 2> >::m_matrixV.Eigen::Matrix<double, 3, 3, 0, 3, 3>::<unnamed>.Eigen::PlainObjectBase<Eigen::Matrix<double, 3, 3, 0, 3, 3> >::m_storage.Eigen::DenseStorage<double, 9, 3, 3, 0>::m_data.Eigen::internal::plain_array<double, 9, 0, 0>::array[8][m[K’ may be used uninitialized [[01;35m[K]8;;https://gcc.gnu.org/onlinedocs/gcc/Warning-Options.html#index-Wmaybe-uninitialized-Wmaybe-uninitialized]8;;[m[K]
[6.784s]   911 |     return m_data[col * colStride() + row * rowStride()[01;35m[K][m[K;
[6.784s]       |                                                        [01;35m[K^[m[K
[6.784s] [01m[K/usr/include/eigen3/Eigen/src/Geometry/Quaternion.h:[m[K In member function ‘[01m[Kconst mrs_lib::geometry::Ellipse mrs_lib::geometry::Cone::[01;32m[KgetCap[m[K() const[m[K’:
[6.784s] [01m[K/usr/include/eigen3/Eigen/src/Geometry/Quaternion.h:657:36:[m[K [01;36m[Knote: [m[K‘[01m[Ksvd[m[K’ declared here
[6.784s]   657 |     JacobiSVD<Matrix<Scalar,2,3> > [01;36m[Ksvd[m[K(m, ComputeFullV);
[6.784s]       |                                    [01;36m[K^~~[m[K
[6.856s] [ 50%] [32m[1mLinking CXX shared library libMrsLib_Geometry.so[0m
[6.941s] [ 50%] Built target MrsLib_Geometry
[6.957s] [ 51%] [32mBuilding CXX object CMakeFiles/MrsLib_BatchVisualizer.dir/src/batch_visualizer/visual_object.cpp.o[0m
[6.958s] [ 53%] [32mBuilding CXX object CMakeFiles/MrsLib_Transformer.dir/src/transformer/transformer.cpp.o[0m
[6.958s] [ 55%] [32mBuilding CXX object CMakeFiles/MrsLib_BatchVisualizer.dir/src/batch_visualizer/batch_visualizer.cpp.o[0m
[7.169s] [ 57%] [32m[1mLinking CXX shared library libMrsLib_TimeoutManager.so[0m
[7.234s] [ 57%] Built target MrsLib_TimeoutManager
[7.864s] [ 59%] [32m[1mLinking CXX shared library libMrsLib_ParamProvider.so[0m
[7.942s] [ 59%] Built target MrsLib_ParamProvider
[7.958s] [ 61%] [32mBuilding CXX object CMakeFiles/MrsLib_ParamLoader.dir/src/param_loader/param_loader.cpp.o[0m
[7.959s] [ 63%] [32mBuilding CXX object CMakeFiles/MrsLib_DynparamMgr.dir/src/dynparam_mgr/dynparam_mgr.cpp.o[0m
[8.373s] [ 65%] [32m[1mLinking CXX shared library libMrsLib_AttitudeConverter.so[0m
[8.518s] [ 65%] Built target MrsLib_AttitudeConverter
[8.533s] [ 67%] [32mBuilding CXX object CMakeFiles/MrsLib_MsgExtractor.dir/src/msg_extractor/msg_extractor.cpp.o[0m
[11.654s] [ 69%] [32m[1mLinking CXX shared library libMrsLib_MsgExtractor.so[0m
[11.820s] [ 69%] Built target MrsLib_MsgExtractor
[12.080s] [ 71%] [32m[1mLinking CXX shared library libMrsLib_BatchVisualizer.so[0m
[12.176s] [ 71%] Built target MrsLib_BatchVisualizer
[12.444s] [ 73%] [32m[1mLinking CXX shared library libMrsLib_ParamLoader.so[0m
[12.513s] [ 73%] Built target MrsLib_ParamLoader
[13.171s] [ 75%] [32m[1mLinking CXX shared library libMrsLib_DynparamMgr.so[0m
[13.255s] [ 75%] Built target MrsLib_DynparamMgr
[13.272s] [ 76%] [32mBuilding CXX object CMakeFiles/dynparam_tests.dir/src/dynparam_mgr/dynparam_tests.cpp.o[0m
[15.834s] [ 78%] [32m[1mLinking CXX shared library libMrsLib_Transformer.so[0m
[15.965s] [ 78%] Built target MrsLib_Transformer
[15.981s] [ 82%] [32mBuilding CXX object CMakeFiles/MrsLib_SafetyZone.dir/src/safety_zone/safety_zone.cpp.o[0m
[15.981s] [ 82%] [32mBuilding CXX object CMakeFiles/MrsLib_SafetyZone.dir/src/safety_zone/polygon.cpp.o[0m
[15.981s] [ 84%] [32mBuilding CXX object CMakeFiles/MrsLib_SafetyZone.dir/src/safety_zone/static_edges_visualization.cpp.o[0m
[15.983s] [ 88%] [32mBuilding CXX object CMakeFiles/MrsLib_SafetyZone.dir/src/safety_zone/line_operations.cpp.o[0m
[15.984s] [ 88%] [32mBuilding CXX object CMakeFiles/MrsLib_SafetyZone.dir/src/safety_zone/prism.cpp.o[0m
[16.701s] [ 90%] [32m[1mLinking CXX executable dynparam_tests[0m
[16.785s] [ 90%] Built target dynparam_tests
[23.200s] [ 92%] [32m[1mLinking CXX shared library libMrsLib_SafetyZone.so[0m
[23.302s] [ 92%] Built target MrsLib_SafetyZone
[23.319s] [ 96%] [32mBuilding CXX object CMakeFiles/subscribe_handler_example.dir/src/timeout_manager/timeout_manager.cpp.o[0m
[23.319s] [ 96%] [32mBuilding CXX object CMakeFiles/subscribe_handler_example.dir/src/timer_handler/timer_handler.cpp.o[0m
[23.320s] [ 98%] [32mBuilding CXX object CMakeFiles/subscribe_handler_example.dir/src/subscriber_handler/example.cpp.o[0m
[30.001s] [100%] [32m[1mLinking CXX executable subscribe_handler_example[0m
[30.198s] [100%] Built target subscribe_handler_example
[30.207s] Invoked command in '/home/gaurav/mrs_workspace/build/mrs_lib' returned '0': CMAKE_PREFIX_PATH=/home/gaurav/mrs_workspace/install/mrs_msgs:/home/gaurav/mrs_workspace/install/mrs_uav_system_full:/home/gaurav/mrs_workspace/install/mrs_uav_system:/home/gaurav/mrs_workspace/install/mrs_uav_core:/home/gaurav/mrs_workspace/install/mrs_uav_trajectory_generation:/home/gaurav/mrs_workspace/install/mrs_uav_trackers:/home/gaurav/mrs_workspace/install/mrs_uav_state_estimators:/home/gaurav/mrs_workspace/install/mrs_uav_controllers:/home/gaurav/mrs_workspace/install/mrs_uav_managers:/home/gaurav/mrs_workspace/install/mrs_multirotor_simulator:/home/gaurav/mrs_workspace/install/mrs_uav_hw_api:/home/gaurav/mrs_workspace/install/mrs_uav_autostart:/home/gaurav/mrs_workspace/install/mrs_uav_testing:/home/gaurav/mrs_workspace/install/mrs_uav_status:/home/gaurav/mrs_workspace/install/mrs_uav_modules:/home/gaurav/mrs_workspace/install/mrs_serial:/home/gaurav/mrs_workspace/install/mrs_rviz_plugins:/home/gaurav/mrs_workspace/install/mrs_lib:/home/gaurav/mrs_workspace/install/mrs_modules_msgs:/opt/ros/jazzy/opt/gz_math_vendor:/opt/ros/jazzy/opt/gz_utils_vendor:/opt/ros/jazzy/opt/gz_cmake_vendor:/opt/ros/jazzy DEBUGINFOD_URLS=https://debuginfod.ubuntu.com LD_LIBRARY_PATH=/home/gaurav/mrs_workspace/install/mrs_msgs/lib:/home/gaurav/mrs_workspace/install/mrs_uav_trajectory_generation/lib:/home/gaurav/mrs_workspace/install/mrs_uav_trackers/lib:/home/gaurav/mrs_workspace/install/mrs_uav_state_estimators/lib:/home/gaurav/mrs_workspace/install/mrs_uav_controllers/lib:/home/gaurav/mrs_workspace/install/mrs_uav_managers/lib:/home/gaurav/mrs_workspace/install/mrs_multirotor_simulator/lib:/home/gaurav/mrs_workspace/install/mrs_uav_hw_api/lib:/home/gaurav/mrs_workspace/install/mrs_uav_autostart/lib:/home/gaurav/mrs_workspace/install/mrs_uav_testing/lib:/home/gaurav/mrs_workspace/install/mrs_uav_status/lib:/home/gaurav/mrs_workspace/install/mrs_serial/lib:/home/gaurav/mrs_workspace/install/mrs_rviz_plugins/lib:/home/gaurav/mrs_workspace/install/mrs_lib/lib:/home/gaurav/mrs_workspace/install/mrs_modules_msgs/lib:/opt/ros/jazzy/opt/zenoh_cpp_vendor/lib:/opt/ros/jazzy/opt/rviz_ogre_vendor/lib:/opt/ros/jazzy/lib/x86_64-linux-gnu:/opt/ros/jazzy/opt/gz_math_vendor/lib:/opt/ros/jazzy/opt/gz_utils_vendor/lib:/opt/ros/jazzy/opt/gz_cmake_vendor/lib:/opt/ros/jazzy/lib PYTHONPATH=/home/gaurav/mrs_workspace/install/mrs_msgs/lib/python3.12/site-packages:/home/gaurav/mrs_workspace/install/mrs_lib/lib/python3.12/site-packages:/home/gaurav/mrs_workspace/install/mrs_modules_msgs/lib/python3.12/site-packages:/opt/ros/jazzy/lib/python3.12/site-packages /usr/bin/cmake --build /home/gaurav/mrs_workspace/build/mrs_lib -- -j20 -l20
[30.207s] Invoking command in '/home/gaurav/mrs_workspace/build/mrs_lib': CMAKE_PREFIX_PATH=/home/gaurav/mrs_workspace/install/mrs_msgs:/home/gaurav/mrs_workspace/install/mrs_uav_system_full:/home/gaurav/mrs_workspace/install/mrs_uav_system:/home/gaurav/mrs_workspace/install/mrs_uav_core:/home/gaurav/mrs_workspace/install/mrs_uav_trajectory_generation:/home/gaurav/mrs_workspace/install/mrs_uav_trackers:/home/gaurav/mrs_workspace/install/mrs_uav_state_estimators:/home/gaurav/mrs_workspace/install/mrs_uav_controllers:/home/gaurav/mrs_workspace/install/mrs_uav_managers:/home/gaurav/mrs_workspace/install/mrs_multirotor_simulator:/home/gaurav/mrs_workspace/install/mrs_uav_hw_api:/home/gaurav/mrs_workspace/install/mrs_uav_autostart:/home/gaurav/mrs_workspace/install/mrs_uav_testing:/home/gaurav/mrs_workspace/install/mrs_uav_status:/home/gaurav/mrs_workspace/install/mrs_uav_modules:/home/gaurav/mrs_workspace/install/mrs_serial:/home/gaurav/mrs_workspace/install/mrs_rviz_plugins:/home/gaurav/mrs_workspace/install/mrs_lib:/home/gaurav/mrs_workspace/install/mrs_modules_msgs:/opt/ros/jazzy/opt/gz_math_vendor:/opt/ros/jazzy/opt/gz_utils_vendor:/opt/ros/jazzy/opt/gz_cmake_vendor:/opt/ros/jazzy DEBUGINFOD_URLS=https://debuginfod.ubuntu.com LD_LIBRARY_PATH=/home/gaurav/mrs_workspace/install/mrs_msgs/lib:/home/gaurav/mrs_workspace/install/mrs_uav_trajectory_generation/lib:/home/gaurav/mrs_workspace/install/mrs_uav_trackers/lib:/home/gaurav/mrs_workspace/install/mrs_uav_state_estimators/lib:/home/gaurav/mrs_workspace/install/mrs_uav_controllers/lib:/home/gaurav/mrs_workspace/install/mrs_uav_managers/lib:/home/gaurav/mrs_workspace/install/mrs_multirotor_simulator/lib:/home/gaurav/mrs_workspace/install/mrs_uav_hw_api/lib:/home/gaurav/mrs_workspace/install/mrs_uav_autostart/lib:/home/gaurav/mrs_workspace/install/mrs_uav_testing/lib:/home/gaurav/mrs_workspace/install/mrs_uav_status/lib:/home/gaurav/mrs_workspace/install/mrs_serial/lib:/home/gaurav/mrs_workspace/install/mrs_rviz_plugins/lib:/home/gaurav/mrs_workspace/install/mrs_lib/lib:/home/gaurav/mrs_workspace/install/mrs_modules_msgs/lib:/opt/ros/jazzy/opt/zenoh_cpp_vendor/lib:/opt/ros/jazzy/opt/rviz_ogre_vendor/lib:/opt/ros/jazzy/lib/x86_64-linux-gnu:/opt/ros/jazzy/opt/gz_math_vendor/lib:/opt/ros/jazzy/opt/gz_utils_vendor/lib:/opt/ros/jazzy/opt/gz_cmake_vendor/lib:/opt/ros/jazzy/lib PYTHONPATH=/home/gaurav/mrs_workspace/install/mrs_msgs/lib/python3.12/site-packages:/home/gaurav/mrs_workspace/install/mrs_lib/lib/python3.12/site-packages:/home/gaurav/mrs_workspace/install/mrs_modules_msgs/lib/python3.12/site-packages:/opt/ros/jazzy/lib/python3.12/site-packages /usr/bin/cmake --install /home/gaurav/mrs_workspace/build/mrs_lib
[30.213s] -- Install configuration: "Release"
[30.214s] -- Execute custom install script
[30.214s] -- Symlinking: /home/gaurav/mrs_workspace/install/mrs_lib/share/mrs_lib/environment/library_path.sh
[30.219s] -- Symlinking: /home/gaurav/mrs_workspace/install/mrs_lib/share/mrs_lib/environment/library_path.dsv
[30.224s] -- Symlinking: /home/gaurav/mrs_workspace/install/mrs_lib/include/mrs_lib/mrs_lib/.gitignore
[30.229s] -- Symlinking: /home/gaurav/mrs_workspace/install/mrs_lib/include/mrs_lib/mrs_lib/attitude_converter.h
[30.234s] -- Symlinking: /home/gaurav/mrs_workspace/install/mrs_lib/include/mrs_lib/mrs_lib/batch_visualizer.h
[30.239s] -- Symlinking: /home/gaurav/mrs_workspace/install/mrs_lib/include/mrs_lib/mrs_lib/dkf.h
[30.244s] -- Symlinking: /home/gaurav/mrs_workspace/install/mrs_lib/include/mrs_lib/mrs_lib/dynparam_mgr.h
[30.248s] -- Symlinking: /home/gaurav/mrs_workspace/install/mrs_lib/include/mrs_lib/mrs_lib/geometry/conversions.h
[30.254s] -- Symlinking: /home/gaurav/mrs_workspace/install/mrs_lib/include/mrs_lib/mrs_lib/geometry/conversions_eigen.h
[30.259s] -- Symlinking: /home/gaurav/mrs_workspace/install/mrs_lib/include/mrs_lib/mrs_lib/geometry/cyclic.h
[30.263s] -- Symlinking: /home/gaurav/mrs_workspace/install/mrs_lib/include/mrs_lib/mrs_lib/geometry/misc.h
[30.268s] -- Symlinking: /home/gaurav/mrs_workspace/install/mrs_lib/include/mrs_lib/mrs_lib/geometry/shapes.h
[30.272s] -- Symlinking: /home/gaurav/mrs_workspace/install/mrs_lib/include/mrs_lib/mrs_lib/gps_conversions.h
[30.277s] -- Symlinking: /home/gaurav/mrs_workspace/install/mrs_lib/include/mrs_lib/mrs_lib/iir_filter.h
[30.281s] -- Symlinking: /home/gaurav/mrs_workspace/install/mrs_lib/include/mrs_lib/mrs_lib/impl/dynparam_mgr.hpp
[30.287s] -- Symlinking: /home/gaurav/mrs_workspace/install/mrs_lib/include/mrs_lib/mrs_lib/impl/param_loader.hpp
[30.294s] -- Symlinking: /home/gaurav/mrs_workspace/install/mrs_lib/include/mrs_lib/mrs_lib/impl/param_provider.hpp
[30.298s] -- Symlinking: /home/gaurav/mrs_workspace/install/mrs_lib/include/mrs_lib/mrs_lib/impl/publisher_handler.hpp
[30.303s] -- Symlinking: /home/gaurav/mrs_workspace/install/mrs_lib/include/mrs_lib/mrs_lib/impl/service_client_handler.hpp
[30.308s] -- Symlinking: /home/gaurav/mrs_workspace/install/mrs_lib/include/mrs_lib/mrs_lib/impl/service_server_handler.hpp
[30.315s] -- Symlinking: /home/gaurav/mrs_workspace/install/mrs_lib/include/mrs_lib/mrs_lib/impl/subscriber_handler.hpp
[30.320s] -- Symlinking: /home/gaurav/mrs_workspace/install/mrs_lib/include/mrs_lib/mrs_lib/impl/timer_handler.hpp
[30.324s] -- Symlinking: /home/gaurav/mrs_workspace/install/mrs_lib/include/mrs_lib/mrs_lib/impl/transformer.hpp
[30.329s] -- Symlinking: /home/gaurav/mrs_workspace/install/mrs_lib/include/mrs_lib/mrs_lib/impl/ukf.hpp
[30.335s] -- Symlinking: /home/gaurav/mrs_workspace/install/mrs_lib/include/mrs_lib/mrs_lib/integration_test.h
[30.339s] -- Symlinking: /home/gaurav/mrs_workspace/install/mrs_lib/include/mrs_lib/mrs_lib/kalman_filter.h
[30.344s] -- Symlinking: /home/gaurav/mrs_workspace/install/mrs_lib/include/mrs_lib/mrs_lib/lkf.h
[30.349s] -- Symlinking: /home/gaurav/mrs_workspace/install/mrs_lib/include/mrs_lib/mrs_lib/lockable.h
[30.355s] -- Symlinking: /home/gaurav/mrs_workspace/install/mrs_lib/include/mrs_lib/mrs_lib/math.h
[30.359s] -- Symlinking: /home/gaurav/mrs_workspace/install/mrs_lib/include/mrs_lib/mrs_lib/median_filter.h
[30.364s] -- Symlinking: /home/gaurav/mrs_workspace/install/mrs_lib/include/mrs_lib/mrs_lib/mrs_lib.h
[30.368s] -- Symlinking: /home/gaurav/mrs_workspace/install/mrs_lib/include/mrs_lib/mrs_lib/msg_extractor.h
[30.374s] -- Symlinking: /home/gaurav/mrs_workspace/install/mrs_lib/include/mrs_lib/mrs_lib/mutex.h
[30.379s] -- Symlinking: /home/gaurav/mrs_workspace/install/mrs_lib/include/mrs_lib/mrs_lib/nckf.h
[30.383s] -- Symlinking: /home/gaurav/mrs_workspace/install/mrs_lib/include/mrs_lib/mrs_lib/node.h
[30.388s] -- Symlinking: /home/gaurav/mrs_workspace/install/mrs_lib/include/mrs_lib/mrs_lib/notch_filter.h
[30.394s] -- Symlinking: /home/gaurav/mrs_workspace/install/mrs_lib/include/mrs_lib/mrs_lib/param_loader.h
[30.398s] -- Symlinking: /home/gaurav/mrs_workspace/install/mrs_lib/include/mrs_lib/mrs_lib/param_provider.h
[30.404s] -- Symlinking: /home/gaurav/mrs_workspace/install/mrs_lib/include/mrs_lib/mrs_lib/profiler.h
[30.408s] -- Symlinking: /home/gaurav/mrs_workspace/install/mrs_lib/include/mrs_lib/mrs_lib/publisher_handler.h
[30.413s] -- Symlinking: /home/gaurav/mrs_workspace/install/mrs_lib/include/mrs_lib/mrs_lib/quadratic_throttle_model.h
[30.418s] -- Symlinking: /home/gaurav/mrs_workspace/install/mrs_lib/include/mrs_lib/mrs_lib/repredictor.h
[30.423s] -- Symlinking: /home/gaurav/mrs_workspace/install/mrs_lib/include/mrs_lib/mrs_lib/safety_zone.h
[30.428s] -- Symlinking: /home/gaurav/mrs_workspace/install/mrs_lib/include/mrs_lib/mrs_lib/safety_zone/line_operations.h
[30.433s] -- Symlinking: /home/gaurav/mrs_workspace/install/mrs_lib/include/mrs_lib/mrs_lib/safety_zone/polygon.h
[30.438s] -- Symlinking: /home/gaurav/mrs_workspace/install/mrs_lib/include/mrs_lib/mrs_lib/safety_zone/prism.h
[30.443s] -- Symlinking: /home/gaurav/mrs_workspace/install/mrs_lib/include/mrs_lib/mrs_lib/safety_zone/static_edges_visualization.h
[30.449s] -- Symlinking: /home/gaurav/mrs_workspace/install/mrs_lib/include/mrs_lib/mrs_lib/scope_timer.h
[30.455s] -- Symlinking: /home/gaurav/mrs_workspace/install/mrs_lib/include/mrs_lib/mrs_lib/service_client_handler.h
[30.459s] -- Symlinking: /home/gaurav/mrs_workspace/install/mrs_lib/include/mrs_lib/mrs_lib/service_server_handler.h
[30.464s] -- Symlinking: /home/gaurav/mrs_workspace/install/mrs_lib/include/mrs_lib/mrs_lib/subscriber_handler.h
[30.470s] -- Symlinking: /home/gaurav/mrs_workspace/install/mrs_lib/include/mrs_lib/mrs_lib/timeout_manager.h
[30.476s] -- Symlinking: /home/gaurav/mrs_workspace/install/mrs_lib/include/mrs_lib/mrs_lib/timer_handler.h
[30.481s] -- Symlinking: /home/gaurav/mrs_workspace/install/mrs_lib/include/mrs_lib/mrs_lib/transform_broadcaster.h
[30.485s] -- Symlinking: /home/gaurav/mrs_workspace/install/mrs_lib/include/mrs_lib/mrs_lib/transformer.h
[30.490s] -- Symlinking: /home/gaurav/mrs_workspace/install/mrs_lib/include/mrs_lib/mrs_lib/ukf.h
[30.497s] -- Symlinking: /home/gaurav/mrs_workspace/install/mrs_lib/include/mrs_lib/mrs_lib/utils.h
[30.502s] -- Symlinking: /home/gaurav/mrs_workspace/install/mrs_lib/include/mrs_lib/mrs_lib/visual_object.h
[30.508s] -- Symlinking: /home/gaurav/mrs_workspace/install/mrs_lib/share/mrs_lib/environment/pythonpath.sh
[30.513s] -- Symlinking: /home/gaurav/mrs_workspace/install/mrs_lib/share/mrs_lib/environment/pythonpath.dsv
[30.518s] -- Symlinking: /home/gaurav/mrs_workspace/install/mrs_lib/lib/python3.12/site-packages/mrs_lib-2.0.0-py3.12.egg-info/PKG-INFO
[30.524s] -- Symlinking: /home/gaurav/mrs_workspace/install/mrs_lib/lib/python3.12/site-packages/mrs_lib-2.0.0-py3.12.egg-info/SOURCES.txt
[30.529s] -- Symlinking: /home/gaurav/mrs_workspace/install/mrs_lib/lib/python3.12/site-packages/mrs_lib-2.0.0-py3.12.egg-info/dependency_links.txt
[30.534s] -- Symlinking: /home/gaurav/mrs_workspace/install/mrs_lib/lib/python3.12/site-packages/mrs_lib-2.0.0-py3.12.egg-info/top_level.txt
[30.539s] -- Symlinking: /home/gaurav/mrs_workspace/install/mrs_lib/lib/python3.12/site-packages/mrs_lib/__init__.py
[30.544s] -- Symlinking: /home/gaurav/mrs_workspace/install/mrs_lib/lib/python3.12/site-packages/mrs_lib/custom_config_path_sanitizer.py
[30.550s] -- Symlinking: /home/gaurav/mrs_workspace/install/mrs_lib/lib/python3.12/site-packages/mrs_lib/remappings_custom_config_parser.py
[30.557s] -- Symlinking: /home/gaurav/mrs_workspace/install/mrs_lib/share/ament_index/resource_index/package_run_dependencies/mrs_lib
[30.562s] -- Symlinking: /home/gaurav/mrs_workspace/install/mrs_lib/share/ament_index/resource_index/parent_prefix_path/mrs_lib
[30.567s] -- Symlinking: /home/gaurav/mrs_workspace/install/mrs_lib/share/mrs_lib/environment/ament_prefix_path.sh
[30.572s] -- Symlinking: /home/gaurav/mrs_workspace/install/mrs_lib/share/mrs_lib/environment/ament_prefix_path.dsv
[30.577s] -- Symlinking: /home/gaurav/mrs_workspace/install/mrs_lib/share/mrs_lib/environment/path.sh
[30.582s] -- Symlinking: /home/gaurav/mrs_workspace/install/mrs_lib/share/mrs_lib/environment/path.dsv
[30.588s] -- Symlinking: /home/gaurav/mrs_workspace/install/mrs_lib/share/mrs_lib/local_setup.bash
[30.592s] -- Symlinking: /home/gaurav/mrs_workspace/install/mrs_lib/share/mrs_lib/local_setup.sh
[30.598s] -- Symlinking: /home/gaurav/mrs_workspace/install/mrs_lib/share/mrs_lib/local_setup.zsh
[30.602s] -- Symlinking: /home/gaurav/mrs_workspace/install/mrs_lib/share/mrs_lib/local_setup.dsv
[30.607s] -- Symlinking: /home/gaurav/mrs_workspace/install/mrs_lib/share/mrs_lib/package.dsv
[30.613s] -- Symlinking: /home/gaurav/mrs_workspace/install/mrs_lib/share/ament_index/resource_index/packages/mrs_lib
[30.618s] -- Symlinking: /home/gaurav/mrs_workspace/install/mrs_lib/share/mrs_lib/cmake/ament_cmake_export_libraries-extras.cmake
[30.623s] -- Symlinking: /home/gaurav/mrs_workspace/install/mrs_lib/share/mrs_lib/cmake/ament_cmake_export_include_directories-extras.cmake
[30.631s] -- Symlinking: /home/gaurav/mrs_workspace/install/mrs_lib/share/mrs_lib/cmake/ament_cmake_export_targets-extras.cmake
[30.636s] -- Symlinking: /home/gaurav/mrs_workspace/install/mrs_lib/share/mrs_lib/cmake/ament_cmake_export_dependencies-extras.cmake
[30.641s] -- Symlinking: /home/gaurav/mrs_workspace/install/mrs_lib/share/mrs_lib/cmake/mrs_libConfig.cmake
[30.645s] -- Symlinking: /home/gaurav/mrs_workspace/install/mrs_lib/share/mrs_lib/cmake/mrs_libConfig-version.cmake
[30.652s] -- Symlinking: /home/gaurav/mrs_workspace/install/mrs_lib/share/mrs_lib/package.xml
[30.658s] -- Installing: /home/gaurav/mrs_workspace/install/mrs_lib/lib/libMrsLib_Geometry.so
[30.658s] -- Set non-toolchain portion of runtime path of "/home/gaurav/mrs_workspace/install/mrs_lib/lib/libMrsLib_Geometry.so" to ""
[30.658s] -- Installing: /home/gaurav/mrs_workspace/install/mrs_lib/lib/libMrsLib_AttitudeConverter.so
[30.658s] -- Set non-toolchain portion of runtime path of "/home/gaurav/mrs_workspace/install/mrs_lib/lib/libMrsLib_AttitudeConverter.so" to ""
[30.658s] -- Installing: /home/gaurav/mrs_workspace/install/mrs_lib/lib/libMrsLib_TimeoutManager.so
[30.659s] -- Set non-toolchain portion of runtime path of "/home/gaurav/mrs_workspace/install/mrs_lib/lib/libMrsLib_TimeoutManager.so" to ""
[30.659s] -- Installing: /home/gaurav/mrs_workspace/install/mrs_lib/lib/libMrsLib_TimerHandler.so
[30.659s] -- Set non-toolchain portion of runtime path of "/home/gaurav/mrs_workspace/install/mrs_lib/lib/libMrsLib_TimerHandler.so" to ""
[30.659s] -- Installing: /home/gaurav/mrs_workspace/install/mrs_lib/lib/libMrsLib_ParamProvider.so
[30.659s] -- Set non-toolchain portion of runtime path of "/home/gaurav/mrs_workspace/install/mrs_lib/lib/libMrsLib_ParamProvider.so" to ""
[30.659s] -- Installing: /home/gaurav/mrs_workspace/install/mrs_lib/lib/libMrsLib_ParamLoader.so
[30.659s] -- Set non-toolchain portion of runtime path of "/home/gaurav/mrs_workspace/install/mrs_lib/lib/libMrsLib_ParamLoader.so" to ""
[30.659s] -- Installing: /home/gaurav/mrs_workspace/install/mrs_lib/lib/libMrsLib_DynparamMgr.so
[30.660s] -- Set non-toolchain portion of runtime path of "/home/gaurav/mrs_workspace/install/mrs_lib/lib/libMrsLib_DynparamMgr.so" to ""
[30.660s] -- Installing: /home/gaurav/mrs_workspace/install/mrs_lib/lib/libMrsLib_Math.so
[30.660s] -- Set non-toolchain portion of runtime path of "/home/gaurav/mrs_workspace/install/mrs_lib/lib/libMrsLib_Math.so" to ""
[30.660s] -- Installing: /home/gaurav/mrs_workspace/install/mrs_lib/lib/libMrsLib_ScopeTimer.so
[30.660s] -- Set non-toolchain portion of runtime path of "/home/gaurav/mrs_workspace/install/mrs_lib/lib/libMrsLib_ScopeTimer.so" to ""
[30.660s] -- Installing: /home/gaurav/mrs_workspace/install/mrs_lib/lib/libMrsLib_TransformBroadcaster.so
[30.660s] -- Set non-toolchain portion of runtime path of "/home/gaurav/mrs_workspace/install/mrs_lib/lib/libMrsLib_TransformBroadcaster.so" to ""
[30.660s] -- Installing: /home/gaurav/mrs_workspace/install/mrs_lib/lib/libMrsLib_Profiler.so
[30.660s] -- Set non-toolchain portion of runtime path of "/home/gaurav/mrs_workspace/install/mrs_lib/lib/libMrsLib_Profiler.so" to ""
[30.660s] -- Installing: /home/gaurav/mrs_workspace/install/mrs_lib/lib/libMrsLib_MsgExtractor.so
[30.660s] -- Set non-toolchain portion of runtime path of "/home/gaurav/mrs_workspace/install/mrs_lib/lib/libMrsLib_MsgExtractor.so" to ""
[30.660s] -- Installing: /home/gaurav/mrs_workspace/install/mrs_lib/lib/libMrsLib_BatchVisualizer.so
[30.661s] -- Set non-toolchain portion of runtime path of "/home/gaurav/mrs_workspace/install/mrs_lib/lib/libMrsLib_BatchVisualizer.so" to ""
[30.661s] -- Installing: /home/gaurav/mrs_workspace/install/mrs_lib/lib/libMrsLib_Transformer.so
[30.661s] -- Set non-toolchain portion of runtime path of "/home/gaurav/mrs_workspace/install/mrs_lib/lib/libMrsLib_Transformer.so" to ""
[30.661s] -- Installing: /home/gaurav/mrs_workspace/install/mrs_lib/lib/libMrsLib_MedianFilter.so
[30.661s] -- Installing: /home/gaurav/mrs_workspace/install/mrs_lib/lib/libMrsLib_SafetyZone.so
[30.662s] -- Set non-toolchain portion of runtime path of "/home/gaurav/mrs_workspace/install/mrs_lib/lib/libMrsLib_SafetyZone.so" to ""
[30.662s] -- Installing: /home/gaurav/mrs_workspace/install/mrs_lib/lib/libMrsLib_IIRFilter.so
[30.662s] -- Installing: /home/gaurav/mrs_workspace/install/mrs_lib/lib/libMrsLib_NotchFilter.so
[30.662s] -- Set non-toolchain portion of runtime path of "/home/gaurav/mrs_workspace/install/mrs_lib/lib/libMrsLib_NotchFilter.so" to ""
[30.662s] -- Installing: /home/gaurav/mrs_workspace/install/mrs_lib/lib/libMrsLib_Utils.so
[30.685s] Listing '/home/gaurav/mrs_workspace/install/mrs_lib/lib/python3.12/site-packages/mrs_lib'...
[30.685s] Compiling '/home/gaurav/mrs_workspace/install/mrs_lib/lib/python3.12/site-packages/mrs_lib/__init__.py'...
[30.685s] Compiling '/home/gaurav/mrs_workspace/install/mrs_lib/lib/python3.12/site-packages/mrs_lib/custom_config_path_sanitizer.py'...
[30.685s] Compiling '/home/gaurav/mrs_workspace/install/mrs_lib/lib/python3.12/site-packages/mrs_lib/remappings_custom_config_parser.py'...
[30.688s] -- Installing: /home/gaurav/mrs_workspace/install/mrs_lib/share/mrs_lib/cmake/export_mrs_libExport.cmake
[30.688s] -- Installing: /home/gaurav/mrs_workspace/install/mrs_lib/share/mrs_lib/cmake/export_mrs_libExport-release.cmake
[30.690s] Invoked command in '/home/gaurav/mrs_workspace/build/mrs_lib' returned '0': CMAKE_PREFIX_PATH=/home/gaurav/mrs_workspace/install/mrs_msgs:/home/gaurav/mrs_workspace/install/mrs_uav_system_full:/home/gaurav/mrs_workspace/install/mrs_uav_system:/home/gaurav/mrs_workspace/install/mrs_uav_core:/home/gaurav/mrs_workspace/install/mrs_uav_trajectory_generation:/home/gaurav/mrs_workspace/install/mrs_uav_trackers:/home/gaurav/mrs_workspace/install/mrs_uav_state_estimators:/home/gaurav/mrs_workspace/install/mrs_uav_controllers:/home/gaurav/mrs_workspace/install/mrs_uav_managers:/home/gaurav/mrs_workspace/install/mrs_multirotor_simulator:/home/gaurav/mrs_workspace/install/mrs_uav_hw_api:/home/gaurav/mrs_workspace/install/mrs_uav_autostart:/home/gaurav/mrs_workspace/install/mrs_uav_testing:/home/gaurav/mrs_workspace/install/mrs_uav_status:/home/gaurav/mrs_workspace/install/mrs_uav_modules:/home/gaurav/mrs_workspace/install/mrs_serial:/home/gaurav/mrs_workspace/install/mrs_rviz_plugins:/home/gaurav/mrs_workspace/install/mrs_lib:/home/gaurav/mrs_workspace/install/mrs_modules_msgs:/opt/ros/jazzy/opt/gz_math_vendor:/opt/ros/jazzy/opt/gz_utils_vendor:/opt/ros/jazzy/opt/gz_cmake_vendor:/opt/ros/jazzy DEBUGINFOD_URLS=https://debuginfod.ubuntu.com LD_LIBRARY_PATH=/home/gaurav/mrs_workspace/install/mrs_msgs/lib:/home/gaurav/mrs_workspace/install/mrs_uav_trajectory_generation/lib:/home/gaurav/mrs_workspace/install/mrs_uav_trackers/lib:/home/gaurav/mrs_workspace/install/mrs_uav_state_estimators/lib:/home/gaurav/mrs_workspace/install/mrs_uav_controllers/lib:/home/gaurav/mrs_workspace/install/mrs_uav_managers/lib:/home/gaurav/mrs_workspace/install/mrs_multirotor_simulator/lib:/home/gaurav/mrs_workspace/install/mrs_uav_hw_api/lib:/home/gaurav/mrs_workspace/install/mrs_uav_autostart/lib:/home/gaurav/mrs_workspace/install/mrs_uav_testing/lib:/home/gaurav/mrs_workspace/install/mrs_uav_status/lib:/home/gaurav/mrs_workspace/install/mrs_serial/lib:/home/gaurav/mrs_workspace/install/mrs_rviz_plugins/lib:/home/gaurav/mrs_workspace/install/mrs_lib/lib:/home/gaurav/mrs_workspace/install/mrs_modules_msgs/lib:/opt/ros/jazzy/opt/zenoh_cpp_vendor/lib:/opt/ros/jazzy/opt/rviz_ogre_vendor/lib:/opt/ros/jazzy/lib/x86_64-linux-gnu:/opt/ros/jazzy/opt/gz_math_vendor/lib:/opt/ros/jazzy/opt/gz_utils_vendor/lib:/opt/ros/jazzy/opt/gz_cmake_vendor/lib:/opt/ros/jazzy/lib PYTHONPATH=/home/gaurav/mrs_workspace/install/mrs_msgs/lib/python3.12/site-packages:/home/gaurav/mrs_workspace/install/mrs_lib/lib/python3.12/site-packages:/home/gaurav/mrs_workspace/install/mrs_modules_msgs/lib/python3.12/site-packages:/opt/ros/jazzy/lib/python3.12/site-packages /usr/bin/cmake --install /home/gaurav/mrs_workspace/build/mrs_lib
