-- The C compiler identification is GNU 13.3.0
-- The CXX compiler identification is GNU 13.3.0
-- Detecting C compiler ABI info
-- Detecting C compiler ABI info - done
-- Check for working C compiler: /usr/bin/cc - skipped
-- Detecting C compile features
-- Detecting C compile features - done
-- Detecting CXX compiler ABI info
-- Detecting CXX compiler ABI info - done
-- Check for working CXX compiler: /usr/bin/c++ - skipped
-- Detecting CXX compile features
-- Detecting CXX compile features - done
-- Found ament_cmake: 2.5.4 (/opt/ros/jazzy/share/ament_cmake/cmake)
-- Found Python3: /usr/bin/python3 (found version "3.12.3") found components: Interpreter 
-- Override CMake install command with custom implementation using symlinks instead of copying resources
-- Found ament_cmake_ros: 0.12.0 (/opt/ros/jazzy/share/ament_cmake_ros/cmake)
-- Found rclcpp: 28.1.13 (/opt/ros/jazzy/share/rclcpp/cmake)
-- Found rosidl_generator_c: 4.6.6 (/opt/ros/jazzy/share/rosidl_generator_c/cmake)
-- Found rosidl_generator_cpp: 4.6.6 (/opt/ros/jazzy/share/rosidl_generator_cpp/cmake)
-- Using all available rosidl_typesupport_c: rosidl_typesupport_fastrtps_c;rosidl_typesupport_introspection_c
-- Using all available rosidl_typesupport_cpp: rosidl_typesupport_fastrtps_cpp;rosidl_typesupport_introspection_cpp
-- Found rmw_implementation_cmake: 7.3.2 (/opt/ros/jazzy/share/rmw_implementation_cmake/cmake)
-- Found rmw_fastrtps_cpp: 8.4.3 (/opt/ros/jazzy/share/rmw_fastrtps_cpp/cmake)
-- Found OpenSSL: /usr/lib/x86_64-linux-gnu/libcrypto.so (found version "3.0.13")  
-- Found FastRTPS: /opt/ros/jazzy/include (Required is at least version "2.13") 
-- Using RMW implementation 'rmw_fastrtps_cpp' as default
-- Found rclcpp_components: 28.1.13 (/opt/ros/jazzy/share/rclcpp_components/cmake)
-- Found pluginlib: 5.4.3 (/opt/ros/jazzy/share/pluginlib/cmake)
-- Found mrs_msgs: 2.0.0 (/home/gaurav/mrs_workspace/install/mrs_msgs/share/mrs_msgs/cmake)
-- Found mrs_lib: 2.0.0 (/home/gaurav/mrs_workspace/install/mrs_lib/share/mrs_lib/cmake)
-- Found eigen3_cmake_module: 0.3.0 (/opt/ros/jazzy/share/eigen3_cmake_module/cmake)
-- Found Eigen3: TRUE (found version "3.4.0") 
-- Ensuring Eigen3 include directory is part of orocos-kdl CMake target
-- Found mrs_uav_testing: 2.0.0 (/home/gaurav/mrs_workspace/install/mrs_uav_testing/share/mrs_uav_testing/cmake)
-- Configuring done (0.9s)
-- Generating done (0.0s)
-- Build files have been written to: /home/gaurav/mrs_workspace/build/mrs_uav_hw_api
[ 25%] Building CXX object CMakeFiles/MrsUavHwApi_DummyApi.dir/src/dummy_api.cpp.o
[ 50%] Building CXX object CMakeFiles/MrsUavHwApi_HwApiManager.dir/src/hw_api_manager.cpp.o
[ 75%] Linking CXX shared library libMrsUavHwApi_DummyApi.so
[ 75%] Built target MrsUavHwApi_DummyApi
[100%] Linking CXX shared library libMrsUavHwApi_HwApiManager.so
[100%] Built target MrsUavHwApi_HwApiManager
-- Install configuration: "Release"
-- Execute custom install script
-- Symlinking: /home/gaurav/mrs_workspace/install/mrs_uav_hw_api/share/mrs_uav_hw_api//plugins.xml
-- Symlinking: /home/gaurav/mrs_workspace/install/mrs_uav_hw_api/share/mrs_uav_hw_api/launch/hw_api.launch.py
-- Symlinking: /home/gaurav/mrs_workspace/install/mrs_uav_hw_api/share/mrs_uav_hw_api/config/hw_api.yaml
-- Symlinking: /home/gaurav/mrs_workspace/install/mrs_uav_hw_api/share/mrs_uav_hw_api/environment/library_path.sh
-- Symlinking: /home/gaurav/mrs_workspace/install/mrs_uav_hw_api/share/mrs_uav_hw_api/environment/library_path.dsv
-- Symlinking: /home/gaurav/mrs_workspace/install/mrs_uav_hw_api/share/ament_index/resource_index/package_run_dependencies/mrs_uav_hw_api
-- Symlinking: /home/gaurav/mrs_workspace/install/mrs_uav_hw_api/share/ament_index/resource_index/parent_prefix_path/mrs_uav_hw_api
-- Symlinking: /home/gaurav/mrs_workspace/install/mrs_uav_hw_api/share/mrs_uav_hw_api/environment/ament_prefix_path.sh
-- Symlinking: /home/gaurav/mrs_workspace/install/mrs_uav_hw_api/share/mrs_uav_hw_api/environment/ament_prefix_path.dsv
-- Symlinking: /home/gaurav/mrs_workspace/install/mrs_uav_hw_api/share/mrs_uav_hw_api/environment/path.sh
-- Symlinking: /home/gaurav/mrs_workspace/install/mrs_uav_hw_api/share/mrs_uav_hw_api/environment/path.dsv
-- Symlinking: /home/gaurav/mrs_workspace/install/mrs_uav_hw_api/share/mrs_uav_hw_api/local_setup.bash
-- Symlinking: /home/gaurav/mrs_workspace/install/mrs_uav_hw_api/share/mrs_uav_hw_api/local_setup.sh
-- Symlinking: /home/gaurav/mrs_workspace/install/mrs_uav_hw_api/share/mrs_uav_hw_api/local_setup.zsh
-- Symlinking: /home/gaurav/mrs_workspace/install/mrs_uav_hw_api/share/mrs_uav_hw_api/local_setup.dsv
-- Symlinking: /home/gaurav/mrs_workspace/install/mrs_uav_hw_api/share/mrs_uav_hw_api/package.dsv
-- Symlinking: /home/gaurav/mrs_workspace/install/mrs_uav_hw_api/share/ament_index/resource_index/packages/mrs_uav_hw_api
-- Symlinking: /home/gaurav/mrs_workspace/install/mrs_uav_hw_api/share/ament_index/resource_index/mrs_uav_hw_api__pluginlib__plugin/mrs_uav_hw_api
-- Symlinking: /home/gaurav/mrs_workspace/install/mrs_uav_hw_api/share/ament_index/resource_index/rclcpp_components/mrs_uav_hw_api
-- Symlinking: /home/gaurav/mrs_workspace/install/mrs_uav_hw_api/share/mrs_uav_hw_api/cmake/ament_cmake_export_targets-extras.cmake
-- Symlinking: /home/gaurav/mrs_workspace/install/mrs_uav_hw_api/share/mrs_uav_hw_api/cmake/ament_cmake_export_include_directories-extras.cmake
-- Symlinking: /home/gaurav/mrs_workspace/install/mrs_uav_hw_api/share/mrs_uav_hw_api/cmake/ament_cmake_export_libraries-extras.cmake
-- Symlinking: /home/gaurav/mrs_workspace/install/mrs_uav_hw_api/share/mrs_uav_hw_api/cmake/ament_cmake_export_dependencies-extras.cmake
-- Symlinking: /home/gaurav/mrs_workspace/install/mrs_uav_hw_api/share/mrs_uav_hw_api/cmake/mrs_uav_hw_apiConfig.cmake
-- Symlinking: /home/gaurav/mrs_workspace/install/mrs_uav_hw_api/share/mrs_uav_hw_api/cmake/mrs_uav_hw_apiConfig-version.cmake
-- Symlinking: /home/gaurav/mrs_workspace/install/mrs_uav_hw_api/share/mrs_uav_hw_api/package.xml
-- Installing: /home/gaurav/mrs_workspace/install/mrs_uav_hw_api/include/mrs_uav_hw_api/mrs_uav_hw_api/api.h
-- Installing: /home/gaurav/mrs_workspace/install/mrs_uav_hw_api/include/mrs_uav_hw_api/mrs_uav_hw_api/common_handlers.h
-- Installing: /home/gaurav/mrs_workspace/install/mrs_uav_hw_api/include/mrs_uav_hw_api/mrs_uav_hw_api/publishers.h
-- Installing: /home/gaurav/mrs_workspace/install/mrs_uav_hw_api/lib/libMrsUavHwApi_HwApiManager.so
-- Set non-toolchain portion of runtime path of "/home/gaurav/mrs_workspace/install/mrs_uav_hw_api/lib/libMrsUavHwApi_HwApiManager.so" to ""
-- Installing: /home/gaurav/mrs_workspace/install/mrs_uav_hw_api/lib/libMrsUavHwApi_DummyApi.so
-- Set non-toolchain portion of runtime path of "/home/gaurav/mrs_workspace/install/mrs_uav_hw_api/lib/libMrsUavHwApi_DummyApi.so" to ""
-- Installing: /home/gaurav/mrs_workspace/install/mrs_uav_hw_api/share/mrs_uav_hw_api/cmake/export_mrs_uav_hw_apiExport.cmake
-- Installing: /home/gaurav/mrs_workspace/install/mrs_uav_hw_api/share/mrs_uav_hw_api/cmake/export_mrs_uav_hw_apiExport-release.cmake
