[  3%] Built target MrsLib_IIRFilter
[  7%] Built target MrsLib_MedianFilter
[ 11%] Built target MrsLib_Math
[ 15%] Built target MrsLib_Utils
[ 28%] Built target MrsLib_Geometry
[ 28%] Built target MrsLib_TransformBroadcaster
[ 32%] Built target MrsLib_ScopeTimer
[ 36%] Built target MrsLib_Profiler
[ 44%] Built target MrsLib_AttitudeConverter
[ 44%] Built target MrsLib_ParamProvider
[ 44%] Built target ament_cmake_python_symlink_mrs_lib
[ 48%] Built target MrsLib_NotchFilter
[ 51%] Built target MrsLib_TimerHandler
[ 55%] Built target MrsLib_Transformer
[ 59%] Built target MrsLib_DynparamMgr
[ 63%] Built target MrsLib_ParamLoader
[ 69%] Built target MrsLib_BatchVisualizer
[ 73%] Built target MrsLib_MsgExtractor
[ 76%] Built target MrsLib_TimeoutManager
[ 80%] Built target dynparam_tests
[ 92%] Built target MrsLib_SafetyZone
[100%] Built target subscribe_handler_example
running egg_info
writing mrs_lib.egg-info/PKG-INFO
writing dependency_links to mrs_lib.egg-info/dependency_links.txt
writing top-level names to mrs_lib.egg-info/top_level.txt
reading manifest file 'mrs_lib.egg-info/SOURCES.txt'
writing manifest file 'mrs_lib.egg-info/SOURCES.txt'
[100%] Built target ament_cmake_python_build_mrs_lib_egg
-- Install configuration: "Release"
-- Execute custom install script
-- Up-to-date symlink: /home/gaurav/mrs_workspace/install/mrs_lib/share/mrs_lib/environment/library_path.sh
-- Up-to-date symlink: /home/gaurav/mrs_workspace/install/mrs_lib/share/mrs_lib/environment/library_path.dsv
-- Up-to-date symlink: /home/gaurav/mrs_workspace/install/mrs_lib/include/mrs_lib/mrs_lib/.gitignore
-- Up-to-date symlink: /home/gaurav/mrs_workspace/install/mrs_lib/include/mrs_lib/mrs_lib/attitude_converter.h
-- Up-to-date symlink: /home/gaurav/mrs_workspace/install/mrs_lib/include/mrs_lib/mrs_lib/batch_visualizer.h
-- Up-to-date symlink: /home/gaurav/mrs_workspace/install/mrs_lib/include/mrs_lib/mrs_lib/dkf.h
-- Up-to-date symlink: /home/gaurav/mrs_workspace/install/mrs_lib/include/mrs_lib/mrs_lib/dynparam_mgr.h
-- Up-to-date symlink: /home/gaurav/mrs_workspace/install/mrs_lib/include/mrs_lib/mrs_lib/geometry/conversions.h
-- Up-to-date symlink: /home/gaurav/mrs_workspace/install/mrs_lib/include/mrs_lib/mrs_lib/geometry/conversions_eigen.h
-- Up-to-date symlink: /home/gaurav/mrs_workspace/install/mrs_lib/include/mrs_lib/mrs_lib/geometry/cyclic.h
-- Up-to-date symlink: /home/gaurav/mrs_workspace/install/mrs_lib/include/mrs_lib/mrs_lib/geometry/misc.h
-- Up-to-date symlink: /home/gaurav/mrs_workspace/install/mrs_lib/include/mrs_lib/mrs_lib/geometry/shapes.h
-- Up-to-date symlink: /home/gaurav/mrs_workspace/install/mrs_lib/include/mrs_lib/mrs_lib/gps_conversions.h
-- Up-to-date symlink: /home/gaurav/mrs_workspace/install/mrs_lib/include/mrs_lib/mrs_lib/iir_filter.h
-- Up-to-date symlink: /home/gaurav/mrs_workspace/install/mrs_lib/include/mrs_lib/mrs_lib/impl/dynparam_mgr.hpp
-- Up-to-date symlink: /home/gaurav/mrs_workspace/install/mrs_lib/include/mrs_lib/mrs_lib/impl/param_loader.hpp
-- Up-to-date symlink: /home/gaurav/mrs_workspace/install/mrs_lib/include/mrs_lib/mrs_lib/impl/param_provider.hpp
-- Up-to-date symlink: /home/gaurav/mrs_workspace/install/mrs_lib/include/mrs_lib/mrs_lib/impl/publisher_handler.hpp
-- Up-to-date symlink: /home/gaurav/mrs_workspace/install/mrs_lib/include/mrs_lib/mrs_lib/impl/service_client_handler.hpp
-- Up-to-date symlink: /home/gaurav/mrs_workspace/install/mrs_lib/include/mrs_lib/mrs_lib/impl/service_server_handler.hpp
-- Up-to-date symlink: /home/gaurav/mrs_workspace/install/mrs_lib/include/mrs_lib/mrs_lib/impl/subscriber_handler.hpp
-- Up-to-date symlink: /home/gaurav/mrs_workspace/install/mrs_lib/include/mrs_lib/mrs_lib/impl/timer_handler.hpp
-- Up-to-date symlink: /home/gaurav/mrs_workspace/install/mrs_lib/include/mrs_lib/mrs_lib/impl/transformer.hpp
-- Up-to-date symlink: /home/gaurav/mrs_workspace/install/mrs_lib/include/mrs_lib/mrs_lib/impl/ukf.hpp
-- Up-to-date symlink: /home/gaurav/mrs_workspace/install/mrs_lib/include/mrs_lib/mrs_lib/integration_test.h
-- Up-to-date symlink: /home/gaurav/mrs_workspace/install/mrs_lib/include/mrs_lib/mrs_lib/kalman_filter.h
-- Up-to-date symlink: /home/gaurav/mrs_workspace/install/mrs_lib/include/mrs_lib/mrs_lib/lkf.h
-- Up-to-date symlink: /home/gaurav/mrs_workspace/install/mrs_lib/include/mrs_lib/mrs_lib/lockable.h
-- Up-to-date symlink: /home/gaurav/mrs_workspace/install/mrs_lib/include/mrs_lib/mrs_lib/math.h
-- Up-to-date symlink: /home/gaurav/mrs_workspace/install/mrs_lib/include/mrs_lib/mrs_lib/median_filter.h
-- Up-to-date symlink: /home/gaurav/mrs_workspace/install/mrs_lib/include/mrs_lib/mrs_lib/mrs_lib.h
-- Up-to-date symlink: /home/gaurav/mrs_workspace/install/mrs_lib/include/mrs_lib/mrs_lib/msg_extractor.h
-- Up-to-date symlink: /home/gaurav/mrs_workspace/install/mrs_lib/include/mrs_lib/mrs_lib/mutex.h
-- Up-to-date symlink: /home/gaurav/mrs_workspace/install/mrs_lib/include/mrs_lib/mrs_lib/nckf.h
-- Up-to-date symlink: /home/gaurav/mrs_workspace/install/mrs_lib/include/mrs_lib/mrs_lib/node.h
-- Up-to-date symlink: /home/gaurav/mrs_workspace/install/mrs_lib/include/mrs_lib/mrs_lib/notch_filter.h
-- Up-to-date symlink: /home/gaurav/mrs_workspace/install/mrs_lib/include/mrs_lib/mrs_lib/param_loader.h
-- Up-to-date symlink: /home/gaurav/mrs_workspace/install/mrs_lib/include/mrs_lib/mrs_lib/param_provider.h
-- Up-to-date symlink: /home/gaurav/mrs_workspace/install/mrs_lib/include/mrs_lib/mrs_lib/profiler.h
-- Up-to-date symlink: /home/gaurav/mrs_workspace/install/mrs_lib/include/mrs_lib/mrs_lib/publisher_handler.h
-- Up-to-date symlink: /home/gaurav/mrs_workspace/install/mrs_lib/include/mrs_lib/mrs_lib/quadratic_throttle_model.h
-- Up-to-date symlink: /home/gaurav/mrs_workspace/install/mrs_lib/include/mrs_lib/mrs_lib/repredictor.h
-- Up-to-date symlink: /home/gaurav/mrs_workspace/install/mrs_lib/include/mrs_lib/mrs_lib/safety_zone.h
-- Up-to-date symlink: /home/gaurav/mrs_workspace/install/mrs_lib/include/mrs_lib/mrs_lib/safety_zone/line_operations.h
-- Up-to-date symlink: /home/gaurav/mrs_workspace/install/mrs_lib/include/mrs_lib/mrs_lib/safety_zone/polygon.h
-- Up-to-date symlink: /home/gaurav/mrs_workspace/install/mrs_lib/include/mrs_lib/mrs_lib/safety_zone/prism.h
-- Up-to-date symlink: /home/gaurav/mrs_workspace/install/mrs_lib/include/mrs_lib/mrs_lib/safety_zone/static_edges_visualization.h
-- Up-to-date symlink: /home/gaurav/mrs_workspace/install/mrs_lib/include/mrs_lib/mrs_lib/scope_timer.h
-- Up-to-date symlink: /home/gaurav/mrs_workspace/install/mrs_lib/include/mrs_lib/mrs_lib/service_client_handler.h
-- Up-to-date symlink: /home/gaurav/mrs_workspace/install/mrs_lib/include/mrs_lib/mrs_lib/service_server_handler.h
-- Up-to-date symlink: /home/gaurav/mrs_workspace/install/mrs_lib/include/mrs_lib/mrs_lib/subscriber_handler.h
-- Up-to-date symlink: /home/gaurav/mrs_workspace/install/mrs_lib/include/mrs_lib/mrs_lib/timeout_manager.h
-- Up-to-date symlink: /home/gaurav/mrs_workspace/install/mrs_lib/include/mrs_lib/mrs_lib/timer_handler.h
-- Up-to-date symlink: /home/gaurav/mrs_workspace/install/mrs_lib/include/mrs_lib/mrs_lib/transform_broadcaster.h
-- Up-to-date symlink: /home/gaurav/mrs_workspace/install/mrs_lib/include/mrs_lib/mrs_lib/transformer.h
-- Up-to-date symlink: /home/gaurav/mrs_workspace/install/mrs_lib/include/mrs_lib/mrs_lib/ukf.h
-- Up-to-date symlink: /home/gaurav/mrs_workspace/install/mrs_lib/include/mrs_lib/mrs_lib/utils.h
-- Up-to-date symlink: /home/gaurav/mrs_workspace/install/mrs_lib/include/mrs_lib/mrs_lib/visual_object.h
-- Up-to-date symlink: /home/gaurav/mrs_workspace/install/mrs_lib/share/mrs_lib/environment/pythonpath.sh
-- Up-to-date symlink: /home/gaurav/mrs_workspace/install/mrs_lib/share/mrs_lib/environment/pythonpath.dsv
-- Up-to-date symlink: /home/gaurav/mrs_workspace/install/mrs_lib/lib/python3.12/site-packages/mrs_lib-2.0.0-py3.12.egg-info/PKG-INFO
-- Up-to-date symlink: /home/gaurav/mrs_workspace/install/mrs_lib/lib/python3.12/site-packages/mrs_lib-2.0.0-py3.12.egg-info/SOURCES.txt
-- Up-to-date symlink: /home/gaurav/mrs_workspace/install/mrs_lib/lib/python3.12/site-packages/mrs_lib-2.0.0-py3.12.egg-info/dependency_links.txt
-- Up-to-date symlink: /home/gaurav/mrs_workspace/install/mrs_lib/lib/python3.12/site-packages/mrs_lib-2.0.0-py3.12.egg-info/top_level.txt
-- Up-to-date symlink: /home/gaurav/mrs_workspace/install/mrs_lib/lib/python3.12/site-packages/mrs_lib/__init__.py
-- Up-to-date symlink: /home/gaurav/mrs_workspace/install/mrs_lib/lib/python3.12/site-packages/mrs_lib/custom_config_path_sanitizer.py
-- Up-to-date symlink: /home/gaurav/mrs_workspace/install/mrs_lib/lib/python3.12/site-packages/mrs_lib/remappings_custom_config_parser.py
-- Up-to-date symlink: /home/gaurav/mrs_workspace/install/mrs_lib/share/ament_index/resource_index/package_run_dependencies/mrs_lib
-- Up-to-date symlink: /home/gaurav/mrs_workspace/install/mrs_lib/share/ament_index/resource_index/parent_prefix_path/mrs_lib
-- Up-to-date symlink: /home/gaurav/mrs_workspace/install/mrs_lib/share/mrs_lib/environment/ament_prefix_path.sh
-- Up-to-date symlink: /home/gaurav/mrs_workspace/install/mrs_lib/share/mrs_lib/environment/ament_prefix_path.dsv
-- Up-to-date symlink: /home/gaurav/mrs_workspace/install/mrs_lib/share/mrs_lib/environment/path.sh
-- Up-to-date symlink: /home/gaurav/mrs_workspace/install/mrs_lib/share/mrs_lib/environment/path.dsv
-- Up-to-date symlink: /home/gaurav/mrs_workspace/install/mrs_lib/share/mrs_lib/local_setup.bash
-- Up-to-date symlink: /home/gaurav/mrs_workspace/install/mrs_lib/share/mrs_lib/local_setup.sh
-- Up-to-date symlink: /home/gaurav/mrs_workspace/install/mrs_lib/share/mrs_lib/local_setup.zsh
-- Up-to-date symlink: /home/gaurav/mrs_workspace/install/mrs_lib/share/mrs_lib/local_setup.dsv
-- Symlinking: /home/gaurav/mrs_workspace/install/mrs_lib/share/mrs_lib/package.dsv
-- Up-to-date symlink: /home/gaurav/mrs_workspace/install/mrs_lib/share/ament_index/resource_index/packages/mrs_lib
-- Up-to-date symlink: /home/gaurav/mrs_workspace/install/mrs_lib/share/mrs_lib/cmake/ament_cmake_export_libraries-extras.cmake
-- Up-to-date symlink: /home/gaurav/mrs_workspace/install/mrs_lib/share/mrs_lib/cmake/ament_cmake_export_include_directories-extras.cmake
-- Up-to-date symlink: /home/gaurav/mrs_workspace/install/mrs_lib/share/mrs_lib/cmake/ament_cmake_export_targets-extras.cmake
-- Up-to-date symlink: /home/gaurav/mrs_workspace/install/mrs_lib/share/mrs_lib/cmake/ament_cmake_export_dependencies-extras.cmake
-- Up-to-date symlink: /home/gaurav/mrs_workspace/install/mrs_lib/share/mrs_lib/cmake/mrs_libConfig.cmake
-- Up-to-date symlink: /home/gaurav/mrs_workspace/install/mrs_lib/share/mrs_lib/cmake/mrs_libConfig-version.cmake
-- Up-to-date symlink: /home/gaurav/mrs_workspace/install/mrs_lib/share/mrs_lib/package.xml
-- Up-to-date: /home/gaurav/mrs_workspace/install/mrs_lib/lib/libMrsLib_Geometry.so
-- Up-to-date: /home/gaurav/mrs_workspace/install/mrs_lib/lib/libMrsLib_AttitudeConverter.so
-- Up-to-date: /home/gaurav/mrs_workspace/install/mrs_lib/lib/libMrsLib_TimeoutManager.so
-- Up-to-date: /home/gaurav/mrs_workspace/install/mrs_lib/lib/libMrsLib_TimerHandler.so
-- Up-to-date: /home/gaurav/mrs_workspace/install/mrs_lib/lib/libMrsLib_ParamProvider.so
-- Up-to-date: /home/gaurav/mrs_workspace/install/mrs_lib/lib/libMrsLib_ParamLoader.so
-- Up-to-date: /home/gaurav/mrs_workspace/install/mrs_lib/lib/libMrsLib_DynparamMgr.so
-- Up-to-date: /home/gaurav/mrs_workspace/install/mrs_lib/lib/libMrsLib_Math.so
-- Up-to-date: /home/gaurav/mrs_workspace/install/mrs_lib/lib/libMrsLib_ScopeTimer.so
-- Up-to-date: /home/gaurav/mrs_workspace/install/mrs_lib/lib/libMrsLib_TransformBroadcaster.so
-- Up-to-date: /home/gaurav/mrs_workspace/install/mrs_lib/lib/libMrsLib_Profiler.so
-- Up-to-date: /home/gaurav/mrs_workspace/install/mrs_lib/lib/libMrsLib_MsgExtractor.so
-- Up-to-date: /home/gaurav/mrs_workspace/install/mrs_lib/lib/libMrsLib_BatchVisualizer.so
-- Up-to-date: /home/gaurav/mrs_workspace/install/mrs_lib/lib/libMrsLib_Transformer.so
-- Up-to-date: /home/gaurav/mrs_workspace/install/mrs_lib/lib/libMrsLib_MedianFilter.so
-- Up-to-date: /home/gaurav/mrs_workspace/install/mrs_lib/lib/libMrsLib_SafetyZone.so
-- Up-to-date: /home/gaurav/mrs_workspace/install/mrs_lib/lib/libMrsLib_IIRFilter.so
-- Up-to-date: /home/gaurav/mrs_workspace/install/mrs_lib/lib/libMrsLib_NotchFilter.so
-- Up-to-date: /home/gaurav/mrs_workspace/install/mrs_lib/lib/libMrsLib_Utils.so
Listing '/home/gaurav/mrs_workspace/install/mrs_lib/lib/python3.12/site-packages/mrs_lib'...
-- Up-to-date: /home/gaurav/mrs_workspace/install/mrs_lib/share/mrs_lib/cmake/export_mrs_libExport.cmake
-- Up-to-date: /home/gaurav/mrs_workspace/install/mrs_lib/share/mrs_lib/cmake/export_mrs_libExport-release.cmake
