[0.007s] Invoking command in '/home/gaurav/mrs_workspace/build/mrs_lib': CMAKE_PREFIX_PATH=/home/gaurav/mrs_workspace/install/mrs_msgs:/home/gaurav/mrs_workspace/install/mrs_uav_system_full:/home/gaurav/mrs_workspace/install/mrs_uav_system:/home/gaurav/mrs_workspace/install/mrs_uav_core:/home/gaurav/mrs_workspace/install/mrs_uav_trajectory_generation:/home/gaurav/mrs_workspace/install/mrs_uav_trackers:/home/gaurav/mrs_workspace/install/mrs_uav_state_estimators:/home/gaurav/mrs_workspace/install/mrs_uav_controllers:/home/gaurav/mrs_workspace/install/mrs_uav_managers:/home/gaurav/mrs_workspace/install/mrs_multirotor_simulator:/home/gaurav/mrs_workspace/install/mrs_uav_hw_api:/home/gaurav/mrs_workspace/install/mrs_uav_autostart:/home/gaurav/mrs_workspace/install/mrs_uav_testing:/home/gaurav/mrs_workspace/install/mrs_uav_status:/home/gaurav/mrs_workspace/install/mrs_uav_modules:/home/gaurav/mrs_workspace/install/mrs_serial:/home/gaurav/mrs_workspace/install/mrs_rviz_plugins:/home/gaurav/mrs_workspace/install/mrs_lib:/home/gaurav/mrs_workspace/install/mrs_modules_msgs:/opt/ros/jazzy/opt/gz_math_vendor:/opt/ros/jazzy/opt/gz_utils_vendor:/opt/ros/jazzy/opt/gz_cmake_vendor:/opt/ros/jazzy DEBUGINFOD_URLS=https://debuginfod.ubuntu.com LD_LIBRARY_PATH=/home/gaurav/mrs_workspace/install/mrs_msgs/lib:/home/gaurav/mrs_workspace/install/mrs_uav_trajectory_generation/lib:/home/gaurav/mrs_workspace/install/mrs_uav_trackers/lib:/home/gaurav/mrs_workspace/install/mrs_uav_state_estimators/lib:/home/gaurav/mrs_workspace/install/mrs_uav_controllers/lib:/home/gaurav/mrs_workspace/install/mrs_uav_managers/lib:/home/gaurav/mrs_workspace/install/mrs_multirotor_simulator/lib:/home/gaurav/mrs_workspace/install/mrs_uav_hw_api/lib:/home/gaurav/mrs_workspace/install/mrs_uav_autostart/lib:/home/gaurav/mrs_workspace/install/mrs_uav_testing/lib:/home/gaurav/mrs_workspace/install/mrs_uav_status/lib:/home/gaurav/mrs_workspace/install/mrs_serial/lib:/home/gaurav/mrs_workspace/install/mrs_rviz_plugins/lib:/home/gaurav/mrs_workspace/install/mrs_lib/lib:/home/gaurav/mrs_workspace/install/mrs_modules_msgs/lib:/opt/ros/jazzy/opt/zenoh_cpp_vendor/lib:/opt/ros/jazzy/opt/rviz_ogre_vendor/lib:/opt/ros/jazzy/lib/x86_64-linux-gnu:/opt/ros/jazzy/opt/gz_math_vendor/lib:/opt/ros/jazzy/opt/gz_utils_vendor/lib:/opt/ros/jazzy/opt/gz_cmake_vendor/lib:/opt/ros/jazzy/lib PYTHONPATH=/home/gaurav/mrs_workspace/install/mrs_msgs/lib/python3.12/site-packages:/home/gaurav/mrs_workspace/install/mrs_lib/lib/python3.12/site-packages:/home/gaurav/mrs_workspace/install/mrs_modules_msgs/lib/python3.12/site-packages:/opt/ros/jazzy/lib/python3.12/site-packages /usr/bin/cmake --build /home/gaurav/mrs_workspace/build/mrs_lib -- -j20 -l20
[0.045s] [  3%] Built target MrsLib_IIRFilter
[0.046s] [  7%] Built target MrsLib_MedianFilter
[0.046s] [ 11%] Built target MrsLib_Math
[0.048s] [ 15%] Built target MrsLib_Utils
[0.049s] [ 28%] Built target MrsLib_Geometry
[0.049s] [ 28%] Built target MrsLib_TransformBroadcaster
[0.051s] [ 32%] Built target MrsLib_ScopeTimer
[0.051s] [ 36%] Built target MrsLib_Profiler
[0.051s] [ 44%] Built target MrsLib_AttitudeConverter
[0.051s] [ 44%] Built target MrsLib_ParamProvider
[0.052s] [ 44%] Built target ament_cmake_python_symlink_mrs_lib
[0.060s] [ 48%] Built target MrsLib_NotchFilter
[0.066s] [ 51%] Built target MrsLib_TimerHandler
[0.068s] [ 55%] Built target MrsLib_Transformer
[0.070s] [ 59%] Built target MrsLib_DynparamMgr
[0.070s] [ 63%] Built target MrsLib_ParamLoader
[0.071s] [ 69%] Built target MrsLib_BatchVisualizer
[0.073s] [ 73%] Built target MrsLib_MsgExtractor
[0.084s] [ 76%] Built target MrsLib_TimeoutManager
[0.088s] [ 80%] Built target dynparam_tests
[0.103s] [ 92%] Built target MrsLib_SafetyZone
[0.127s] [100%] Built target subscribe_handler_example
[0.180s] running egg_info
[0.190s] writing mrs_lib.egg-info/PKG-INFO
[0.190s] writing dependency_links to mrs_lib.egg-info/dependency_links.txt
[0.190s] writing top-level names to mrs_lib.egg-info/top_level.txt
[0.219s] reading manifest file 'mrs_lib.egg-info/SOURCES.txt'
[0.219s] writing manifest file 'mrs_lib.egg-info/SOURCES.txt'
[0.237s] [100%] Built target ament_cmake_python_build_mrs_lib_egg
[0.245s] Invoked command in '/home/gaurav/mrs_workspace/build/mrs_lib' returned '0': CMAKE_PREFIX_PATH=/home/gaurav/mrs_workspace/install/mrs_msgs:/home/gaurav/mrs_workspace/install/mrs_uav_system_full:/home/gaurav/mrs_workspace/install/mrs_uav_system:/home/gaurav/mrs_workspace/install/mrs_uav_core:/home/gaurav/mrs_workspace/install/mrs_uav_trajectory_generation:/home/gaurav/mrs_workspace/install/mrs_uav_trackers:/home/gaurav/mrs_workspace/install/mrs_uav_state_estimators:/home/gaurav/mrs_workspace/install/mrs_uav_controllers:/home/gaurav/mrs_workspace/install/mrs_uav_managers:/home/gaurav/mrs_workspace/install/mrs_multirotor_simulator:/home/gaurav/mrs_workspace/install/mrs_uav_hw_api:/home/gaurav/mrs_workspace/install/mrs_uav_autostart:/home/gaurav/mrs_workspace/install/mrs_uav_testing:/home/gaurav/mrs_workspace/install/mrs_uav_status:/home/gaurav/mrs_workspace/install/mrs_uav_modules:/home/gaurav/mrs_workspace/install/mrs_serial:/home/gaurav/mrs_workspace/install/mrs_rviz_plugins:/home/gaurav/mrs_workspace/install/mrs_lib:/home/gaurav/mrs_workspace/install/mrs_modules_msgs:/opt/ros/jazzy/opt/gz_math_vendor:/opt/ros/jazzy/opt/gz_utils_vendor:/opt/ros/jazzy/opt/gz_cmake_vendor:/opt/ros/jazzy DEBUGINFOD_URLS=https://debuginfod.ubuntu.com LD_LIBRARY_PATH=/home/gaurav/mrs_workspace/install/mrs_msgs/lib:/home/gaurav/mrs_workspace/install/mrs_uav_trajectory_generation/lib:/home/gaurav/mrs_workspace/install/mrs_uav_trackers/lib:/home/gaurav/mrs_workspace/install/mrs_uav_state_estimators/lib:/home/gaurav/mrs_workspace/install/mrs_uav_controllers/lib:/home/gaurav/mrs_workspace/install/mrs_uav_managers/lib:/home/gaurav/mrs_workspace/install/mrs_multirotor_simulator/lib:/home/gaurav/mrs_workspace/install/mrs_uav_hw_api/lib:/home/gaurav/mrs_workspace/install/mrs_uav_autostart/lib:/home/gaurav/mrs_workspace/install/mrs_uav_testing/lib:/home/gaurav/mrs_workspace/install/mrs_uav_status/lib:/home/gaurav/mrs_workspace/install/mrs_serial/lib:/home/gaurav/mrs_workspace/install/mrs_rviz_plugins/lib:/home/gaurav/mrs_workspace/install/mrs_lib/lib:/home/gaurav/mrs_workspace/install/mrs_modules_msgs/lib:/opt/ros/jazzy/opt/zenoh_cpp_vendor/lib:/opt/ros/jazzy/opt/rviz_ogre_vendor/lib:/opt/ros/jazzy/lib/x86_64-linux-gnu:/opt/ros/jazzy/opt/gz_math_vendor/lib:/opt/ros/jazzy/opt/gz_utils_vendor/lib:/opt/ros/jazzy/opt/gz_cmake_vendor/lib:/opt/ros/jazzy/lib PYTHONPATH=/home/gaurav/mrs_workspace/install/mrs_msgs/lib/python3.12/site-packages:/home/gaurav/mrs_workspace/install/mrs_lib/lib/python3.12/site-packages:/home/gaurav/mrs_workspace/install/mrs_modules_msgs/lib/python3.12/site-packages:/opt/ros/jazzy/lib/python3.12/site-packages /usr/bin/cmake --build /home/gaurav/mrs_workspace/build/mrs_lib -- -j20 -l20
[0.246s] Invoking command in '/home/gaurav/mrs_workspace/build/mrs_lib': CMAKE_PREFIX_PATH=/home/gaurav/mrs_workspace/install/mrs_msgs:/home/gaurav/mrs_workspace/install/mrs_uav_system_full:/home/gaurav/mrs_workspace/install/mrs_uav_system:/home/gaurav/mrs_workspace/install/mrs_uav_core:/home/gaurav/mrs_workspace/install/mrs_uav_trajectory_generation:/home/gaurav/mrs_workspace/install/mrs_uav_trackers:/home/gaurav/mrs_workspace/install/mrs_uav_state_estimators:/home/gaurav/mrs_workspace/install/mrs_uav_controllers:/home/gaurav/mrs_workspace/install/mrs_uav_managers:/home/gaurav/mrs_workspace/install/mrs_multirotor_simulator:/home/gaurav/mrs_workspace/install/mrs_uav_hw_api:/home/gaurav/mrs_workspace/install/mrs_uav_autostart:/home/gaurav/mrs_workspace/install/mrs_uav_testing:/home/gaurav/mrs_workspace/install/mrs_uav_status:/home/gaurav/mrs_workspace/install/mrs_uav_modules:/home/gaurav/mrs_workspace/install/mrs_serial:/home/gaurav/mrs_workspace/install/mrs_rviz_plugins:/home/gaurav/mrs_workspace/install/mrs_lib:/home/gaurav/mrs_workspace/install/mrs_modules_msgs:/opt/ros/jazzy/opt/gz_math_vendor:/opt/ros/jazzy/opt/gz_utils_vendor:/opt/ros/jazzy/opt/gz_cmake_vendor:/opt/ros/jazzy DEBUGINFOD_URLS=https://debuginfod.ubuntu.com LD_LIBRARY_PATH=/home/gaurav/mrs_workspace/install/mrs_msgs/lib:/home/gaurav/mrs_workspace/install/mrs_uav_trajectory_generation/lib:/home/gaurav/mrs_workspace/install/mrs_uav_trackers/lib:/home/gaurav/mrs_workspace/install/mrs_uav_state_estimators/lib:/home/gaurav/mrs_workspace/install/mrs_uav_controllers/lib:/home/gaurav/mrs_workspace/install/mrs_uav_managers/lib:/home/gaurav/mrs_workspace/install/mrs_multirotor_simulator/lib:/home/gaurav/mrs_workspace/install/mrs_uav_hw_api/lib:/home/gaurav/mrs_workspace/install/mrs_uav_autostart/lib:/home/gaurav/mrs_workspace/install/mrs_uav_testing/lib:/home/gaurav/mrs_workspace/install/mrs_uav_status/lib:/home/gaurav/mrs_workspace/install/mrs_serial/lib:/home/gaurav/mrs_workspace/install/mrs_rviz_plugins/lib:/home/gaurav/mrs_workspace/install/mrs_lib/lib:/home/gaurav/mrs_workspace/install/mrs_modules_msgs/lib:/opt/ros/jazzy/opt/zenoh_cpp_vendor/lib:/opt/ros/jazzy/opt/rviz_ogre_vendor/lib:/opt/ros/jazzy/lib/x86_64-linux-gnu:/opt/ros/jazzy/opt/gz_math_vendor/lib:/opt/ros/jazzy/opt/gz_utils_vendor/lib:/opt/ros/jazzy/opt/gz_cmake_vendor/lib:/opt/ros/jazzy/lib PYTHONPATH=/home/gaurav/mrs_workspace/install/mrs_msgs/lib/python3.12/site-packages:/home/gaurav/mrs_workspace/install/mrs_lib/lib/python3.12/site-packages:/home/gaurav/mrs_workspace/install/mrs_modules_msgs/lib/python3.12/site-packages:/opt/ros/jazzy/lib/python3.12/site-packages /usr/bin/cmake --install /home/gaurav/mrs_workspace/build/mrs_lib
[0.250s] -- Install configuration: "Release"
[0.251s] -- Execute custom install script
[0.251s] -- Up-to-date symlink: /home/gaurav/mrs_workspace/install/mrs_lib/share/mrs_lib/environment/library_path.sh
[0.251s] -- Up-to-date symlink: /home/gaurav/mrs_workspace/install/mrs_lib/share/mrs_lib/environment/library_path.dsv
[0.251s] -- Up-to-date symlink: /home/gaurav/mrs_workspace/install/mrs_lib/include/mrs_lib/mrs_lib/.gitignore
[0.251s] -- Up-to-date symlink: /home/gaurav/mrs_workspace/install/mrs_lib/include/mrs_lib/mrs_lib/attitude_converter.h
[0.251s] -- Up-to-date symlink: /home/gaurav/mrs_workspace/install/mrs_lib/include/mrs_lib/mrs_lib/batch_visualizer.h
[0.251s] -- Up-to-date symlink: /home/gaurav/mrs_workspace/install/mrs_lib/include/mrs_lib/mrs_lib/dkf.h
[0.251s] -- Up-to-date symlink: /home/gaurav/mrs_workspace/install/mrs_lib/include/mrs_lib/mrs_lib/dynparam_mgr.h
[0.252s] -- Up-to-date symlink: /home/gaurav/mrs_workspace/install/mrs_lib/include/mrs_lib/mrs_lib/geometry/conversions.h
[0.252s] -- Up-to-date symlink: /home/gaurav/mrs_workspace/install/mrs_lib/include/mrs_lib/mrs_lib/geometry/conversions_eigen.h
[0.252s] -- Up-to-date symlink: /home/gaurav/mrs_workspace/install/mrs_lib/include/mrs_lib/mrs_lib/geometry/cyclic.h
[0.252s] -- Up-to-date symlink: /home/gaurav/mrs_workspace/install/mrs_lib/include/mrs_lib/mrs_lib/geometry/misc.h
[0.252s] -- Up-to-date symlink: /home/gaurav/mrs_workspace/install/mrs_lib/include/mrs_lib/mrs_lib/geometry/shapes.h
[0.252s] -- Up-to-date symlink: /home/gaurav/mrs_workspace/install/mrs_lib/include/mrs_lib/mrs_lib/gps_conversions.h
[0.252s] -- Up-to-date symlink: /home/gaurav/mrs_workspace/install/mrs_lib/include/mrs_lib/mrs_lib/iir_filter.h
[0.252s] -- Up-to-date symlink: /home/gaurav/mrs_workspace/install/mrs_lib/include/mrs_lib/mrs_lib/impl/dynparam_mgr.hpp
[0.252s] -- Up-to-date symlink: /home/gaurav/mrs_workspace/install/mrs_lib/include/mrs_lib/mrs_lib/impl/param_loader.hpp
[0.252s] -- Up-to-date symlink: /home/gaurav/mrs_workspace/install/mrs_lib/include/mrs_lib/mrs_lib/impl/param_provider.hpp
[0.252s] -- Up-to-date symlink: /home/gaurav/mrs_workspace/install/mrs_lib/include/mrs_lib/mrs_lib/impl/publisher_handler.hpp
[0.252s] -- Up-to-date symlink: /home/gaurav/mrs_workspace/install/mrs_lib/include/mrs_lib/mrs_lib/impl/service_client_handler.hpp
[0.252s] -- Up-to-date symlink: /home/gaurav/mrs_workspace/install/mrs_lib/include/mrs_lib/mrs_lib/impl/service_server_handler.hpp
[0.252s] -- Up-to-date symlink: /home/gaurav/mrs_workspace/install/mrs_lib/include/mrs_lib/mrs_lib/impl/subscriber_handler.hpp
[0.252s] -- Up-to-date symlink: /home/gaurav/mrs_workspace/install/mrs_lib/include/mrs_lib/mrs_lib/impl/timer_handler.hpp
[0.252s] -- Up-to-date symlink: /home/gaurav/mrs_workspace/install/mrs_lib/include/mrs_lib/mrs_lib/impl/transformer.hpp
[0.252s] -- Up-to-date symlink: /home/gaurav/mrs_workspace/install/mrs_lib/include/mrs_lib/mrs_lib/impl/ukf.hpp
[0.252s] -- Up-to-date symlink: /home/gaurav/mrs_workspace/install/mrs_lib/include/mrs_lib/mrs_lib/integration_test.h
[0.253s] -- Up-to-date symlink: /home/gaurav/mrs_workspace/install/mrs_lib/include/mrs_lib/mrs_lib/kalman_filter.h
[0.253s] -- Up-to-date symlink: /home/gaurav/mrs_workspace/install/mrs_lib/include/mrs_lib/mrs_lib/lkf.h
[0.253s] -- Up-to-date symlink: /home/gaurav/mrs_workspace/install/mrs_lib/include/mrs_lib/mrs_lib/lockable.h
[0.253s] -- Up-to-date symlink: /home/gaurav/mrs_workspace/install/mrs_lib/include/mrs_lib/mrs_lib/math.h
[0.253s] -- Up-to-date symlink: /home/gaurav/mrs_workspace/install/mrs_lib/include/mrs_lib/mrs_lib/median_filter.h
[0.253s] -- Up-to-date symlink: /home/gaurav/mrs_workspace/install/mrs_lib/include/mrs_lib/mrs_lib/mrs_lib.h
[0.253s] -- Up-to-date symlink: /home/gaurav/mrs_workspace/install/mrs_lib/include/mrs_lib/mrs_lib/msg_extractor.h
[0.253s] -- Up-to-date symlink: /home/gaurav/mrs_workspace/install/mrs_lib/include/mrs_lib/mrs_lib/mutex.h
[0.253s] -- Up-to-date symlink: /home/gaurav/mrs_workspace/install/mrs_lib/include/mrs_lib/mrs_lib/nckf.h
[0.253s] -- Up-to-date symlink: /home/gaurav/mrs_workspace/install/mrs_lib/include/mrs_lib/mrs_lib/node.h
[0.253s] -- Up-to-date symlink: /home/gaurav/mrs_workspace/install/mrs_lib/include/mrs_lib/mrs_lib/notch_filter.h
[0.253s] -- Up-to-date symlink: /home/gaurav/mrs_workspace/install/mrs_lib/include/mrs_lib/mrs_lib/param_loader.h
[0.253s] -- Up-to-date symlink: /home/gaurav/mrs_workspace/install/mrs_lib/include/mrs_lib/mrs_lib/param_provider.h
[0.253s] -- Up-to-date symlink: /home/gaurav/mrs_workspace/install/mrs_lib/include/mrs_lib/mrs_lib/profiler.h
[0.253s] -- Up-to-date symlink: /home/gaurav/mrs_workspace/install/mrs_lib/include/mrs_lib/mrs_lib/publisher_handler.h
[0.253s] -- Up-to-date symlink: /home/gaurav/mrs_workspace/install/mrs_lib/include/mrs_lib/mrs_lib/quadratic_throttle_model.h
[0.253s] -- Up-to-date symlink: /home/gaurav/mrs_workspace/install/mrs_lib/include/mrs_lib/mrs_lib/repredictor.h
[0.253s] -- Up-to-date symlink: /home/gaurav/mrs_workspace/install/mrs_lib/include/mrs_lib/mrs_lib/safety_zone.h
[0.253s] -- Up-to-date symlink: /home/gaurav/mrs_workspace/install/mrs_lib/include/mrs_lib/mrs_lib/safety_zone/line_operations.h
[0.253s] -- Up-to-date symlink: /home/gaurav/mrs_workspace/install/mrs_lib/include/mrs_lib/mrs_lib/safety_zone/polygon.h
[0.254s] -- Up-to-date symlink: /home/gaurav/mrs_workspace/install/mrs_lib/include/mrs_lib/mrs_lib/safety_zone/prism.h
[0.254s] -- Up-to-date symlink: /home/gaurav/mrs_workspace/install/mrs_lib/include/mrs_lib/mrs_lib/safety_zone/static_edges_visualization.h
[0.254s] -- Up-to-date symlink: /home/gaurav/mrs_workspace/install/mrs_lib/include/mrs_lib/mrs_lib/scope_timer.h
[0.254s] -- Up-to-date symlink: /home/gaurav/mrs_workspace/install/mrs_lib/include/mrs_lib/mrs_lib/service_client_handler.h
[0.254s] -- Up-to-date symlink: /home/gaurav/mrs_workspace/install/mrs_lib/include/mrs_lib/mrs_lib/service_server_handler.h
[0.254s] -- Up-to-date symlink: /home/gaurav/mrs_workspace/install/mrs_lib/include/mrs_lib/mrs_lib/subscriber_handler.h
[0.254s] -- Up-to-date symlink: /home/gaurav/mrs_workspace/install/mrs_lib/include/mrs_lib/mrs_lib/timeout_manager.h
[0.254s] -- Up-to-date symlink: /home/gaurav/mrs_workspace/install/mrs_lib/include/mrs_lib/mrs_lib/timer_handler.h
[0.254s] -- Up-to-date symlink: /home/gaurav/mrs_workspace/install/mrs_lib/include/mrs_lib/mrs_lib/transform_broadcaster.h
[0.254s] -- Up-to-date symlink: /home/gaurav/mrs_workspace/install/mrs_lib/include/mrs_lib/mrs_lib/transformer.h
[0.254s] -- Up-to-date symlink: /home/gaurav/mrs_workspace/install/mrs_lib/include/mrs_lib/mrs_lib/ukf.h
[0.254s] -- Up-to-date symlink: /home/gaurav/mrs_workspace/install/mrs_lib/include/mrs_lib/mrs_lib/utils.h
[0.254s] -- Up-to-date symlink: /home/gaurav/mrs_workspace/install/mrs_lib/include/mrs_lib/mrs_lib/visual_object.h
[0.254s] -- Up-to-date symlink: /home/gaurav/mrs_workspace/install/mrs_lib/share/mrs_lib/environment/pythonpath.sh
[0.254s] -- Up-to-date symlink: /home/gaurav/mrs_workspace/install/mrs_lib/share/mrs_lib/environment/pythonpath.dsv
[0.254s] -- Up-to-date symlink: /home/gaurav/mrs_workspace/install/mrs_lib/lib/python3.12/site-packages/mrs_lib-2.0.0-py3.12.egg-info/PKG-INFO
[0.254s] -- Up-to-date symlink: /home/gaurav/mrs_workspace/install/mrs_lib/lib/python3.12/site-packages/mrs_lib-2.0.0-py3.12.egg-info/SOURCES.txt
[0.254s] -- Up-to-date symlink: /home/gaurav/mrs_workspace/install/mrs_lib/lib/python3.12/site-packages/mrs_lib-2.0.0-py3.12.egg-info/dependency_links.txt
[0.254s] -- Up-to-date symlink: /home/gaurav/mrs_workspace/install/mrs_lib/lib/python3.12/site-packages/mrs_lib-2.0.0-py3.12.egg-info/top_level.txt
[0.254s] -- Up-to-date symlink: /home/gaurav/mrs_workspace/install/mrs_lib/lib/python3.12/site-packages/mrs_lib/__init__.py
[0.255s] -- Up-to-date symlink: /home/gaurav/mrs_workspace/install/mrs_lib/lib/python3.12/site-packages/mrs_lib/custom_config_path_sanitizer.py
[0.255s] -- Up-to-date symlink: /home/gaurav/mrs_workspace/install/mrs_lib/lib/python3.12/site-packages/mrs_lib/remappings_custom_config_parser.py
[0.255s] -- Up-to-date symlink: /home/gaurav/mrs_workspace/install/mrs_lib/share/ament_index/resource_index/package_run_dependencies/mrs_lib
[0.255s] -- Up-to-date symlink: /home/gaurav/mrs_workspace/install/mrs_lib/share/ament_index/resource_index/parent_prefix_path/mrs_lib
[0.255s] -- Up-to-date symlink: /home/gaurav/mrs_workspace/install/mrs_lib/share/mrs_lib/environment/ament_prefix_path.sh
[0.255s] -- Up-to-date symlink: /home/gaurav/mrs_workspace/install/mrs_lib/share/mrs_lib/environment/ament_prefix_path.dsv
[0.255s] -- Up-to-date symlink: /home/gaurav/mrs_workspace/install/mrs_lib/share/mrs_lib/environment/path.sh
[0.255s] -- Up-to-date symlink: /home/gaurav/mrs_workspace/install/mrs_lib/share/mrs_lib/environment/path.dsv
[0.255s] -- Up-to-date symlink: /home/gaurav/mrs_workspace/install/mrs_lib/share/mrs_lib/local_setup.bash
[0.255s] -- Up-to-date symlink: /home/gaurav/mrs_workspace/install/mrs_lib/share/mrs_lib/local_setup.sh
[0.255s] -- Up-to-date symlink: /home/gaurav/mrs_workspace/install/mrs_lib/share/mrs_lib/local_setup.zsh
[0.255s] -- Up-to-date symlink: /home/gaurav/mrs_workspace/install/mrs_lib/share/mrs_lib/local_setup.dsv
[0.255s] -- Symlinking: /home/gaurav/mrs_workspace/install/mrs_lib/share/mrs_lib/package.dsv
[0.261s] -- Up-to-date symlink: /home/gaurav/mrs_workspace/install/mrs_lib/share/ament_index/resource_index/packages/mrs_lib
[0.261s] -- Up-to-date symlink: /home/gaurav/mrs_workspace/install/mrs_lib/share/mrs_lib/cmake/ament_cmake_export_libraries-extras.cmake
[0.261s] -- Up-to-date symlink: /home/gaurav/mrs_workspace/install/mrs_lib/share/mrs_lib/cmake/ament_cmake_export_include_directories-extras.cmake
[0.261s] -- Up-to-date symlink: /home/gaurav/mrs_workspace/install/mrs_lib/share/mrs_lib/cmake/ament_cmake_export_targets-extras.cmake
[0.261s] -- Up-to-date symlink: /home/gaurav/mrs_workspace/install/mrs_lib/share/mrs_lib/cmake/ament_cmake_export_dependencies-extras.cmake
[0.261s] -- Up-to-date symlink: /home/gaurav/mrs_workspace/install/mrs_lib/share/mrs_lib/cmake/mrs_libConfig.cmake
[0.261s] -- Up-to-date symlink: /home/gaurav/mrs_workspace/install/mrs_lib/share/mrs_lib/cmake/mrs_libConfig-version.cmake
[0.261s] -- Up-to-date symlink: /home/gaurav/mrs_workspace/install/mrs_lib/share/mrs_lib/package.xml
[0.262s] -- Up-to-date: /home/gaurav/mrs_workspace/install/mrs_lib/lib/libMrsLib_Geometry.so
[0.262s] -- Up-to-date: /home/gaurav/mrs_workspace/install/mrs_lib/lib/libMrsLib_AttitudeConverter.so
[0.262s] -- Up-to-date: /home/gaurav/mrs_workspace/install/mrs_lib/lib/libMrsLib_TimeoutManager.so
[0.262s] -- Up-to-date: /home/gaurav/mrs_workspace/install/mrs_lib/lib/libMrsLib_TimerHandler.so
[0.262s] -- Up-to-date: /home/gaurav/mrs_workspace/install/mrs_lib/lib/libMrsLib_ParamProvider.so
[0.262s] -- Up-to-date: /home/gaurav/mrs_workspace/install/mrs_lib/lib/libMrsLib_ParamLoader.so
[0.262s] -- Up-to-date: /home/gaurav/mrs_workspace/install/mrs_lib/lib/libMrsLib_DynparamMgr.so
[0.262s] -- Up-to-date: /home/gaurav/mrs_workspace/install/mrs_lib/lib/libMrsLib_Math.so
[0.262s] -- Up-to-date: /home/gaurav/mrs_workspace/install/mrs_lib/lib/libMrsLib_ScopeTimer.so
[0.263s] -- Up-to-date: /home/gaurav/mrs_workspace/install/mrs_lib/lib/libMrsLib_TransformBroadcaster.so
[0.263s] -- Up-to-date: /home/gaurav/mrs_workspace/install/mrs_lib/lib/libMrsLib_Profiler.so
[0.263s] -- Up-to-date: /home/gaurav/mrs_workspace/install/mrs_lib/lib/libMrsLib_MsgExtractor.so
[0.263s] -- Up-to-date: /home/gaurav/mrs_workspace/install/mrs_lib/lib/libMrsLib_BatchVisualizer.so
[0.263s] -- Up-to-date: /home/gaurav/mrs_workspace/install/mrs_lib/lib/libMrsLib_Transformer.so
[0.263s] -- Up-to-date: /home/gaurav/mrs_workspace/install/mrs_lib/lib/libMrsLib_MedianFilter.so
[0.263s] -- Up-to-date: /home/gaurav/mrs_workspace/install/mrs_lib/lib/libMrsLib_SafetyZone.so
[0.263s] -- Up-to-date: /home/gaurav/mrs_workspace/install/mrs_lib/lib/libMrsLib_IIRFilter.so
[0.263s] -- Up-to-date: /home/gaurav/mrs_workspace/install/mrs_lib/lib/libMrsLib_NotchFilter.so
[0.263s] -- Up-to-date: /home/gaurav/mrs_workspace/install/mrs_lib/lib/libMrsLib_Utils.so
[0.285s] Listing '/home/gaurav/mrs_workspace/install/mrs_lib/lib/python3.12/site-packages/mrs_lib'...
[0.288s] -- Up-to-date: /home/gaurav/mrs_workspace/install/mrs_lib/share/mrs_lib/cmake/export_mrs_libExport.cmake
[0.288s] -- Up-to-date: /home/gaurav/mrs_workspace/install/mrs_lib/share/mrs_lib/cmake/export_mrs_libExport-release.cmake
[0.290s] Invoked command in '/home/gaurav/mrs_workspace/build/mrs_lib' returned '0': CMAKE_PREFIX_PATH=/home/gaurav/mrs_workspace/install/mrs_msgs:/home/gaurav/mrs_workspace/install/mrs_uav_system_full:/home/gaurav/mrs_workspace/install/mrs_uav_system:/home/gaurav/mrs_workspace/install/mrs_uav_core:/home/gaurav/mrs_workspace/install/mrs_uav_trajectory_generation:/home/gaurav/mrs_workspace/install/mrs_uav_trackers:/home/gaurav/mrs_workspace/install/mrs_uav_state_estimators:/home/gaurav/mrs_workspace/install/mrs_uav_controllers:/home/gaurav/mrs_workspace/install/mrs_uav_managers:/home/gaurav/mrs_workspace/install/mrs_multirotor_simulator:/home/gaurav/mrs_workspace/install/mrs_uav_hw_api:/home/gaurav/mrs_workspace/install/mrs_uav_autostart:/home/gaurav/mrs_workspace/install/mrs_uav_testing:/home/gaurav/mrs_workspace/install/mrs_uav_status:/home/gaurav/mrs_workspace/install/mrs_uav_modules:/home/gaurav/mrs_workspace/install/mrs_serial:/home/gaurav/mrs_workspace/install/mrs_rviz_plugins:/home/gaurav/mrs_workspace/install/mrs_lib:/home/gaurav/mrs_workspace/install/mrs_modules_msgs:/opt/ros/jazzy/opt/gz_math_vendor:/opt/ros/jazzy/opt/gz_utils_vendor:/opt/ros/jazzy/opt/gz_cmake_vendor:/opt/ros/jazzy DEBUGINFOD_URLS=https://debuginfod.ubuntu.com LD_LIBRARY_PATH=/home/gaurav/mrs_workspace/install/mrs_msgs/lib:/home/gaurav/mrs_workspace/install/mrs_uav_trajectory_generation/lib:/home/gaurav/mrs_workspace/install/mrs_uav_trackers/lib:/home/gaurav/mrs_workspace/install/mrs_uav_state_estimators/lib:/home/gaurav/mrs_workspace/install/mrs_uav_controllers/lib:/home/gaurav/mrs_workspace/install/mrs_uav_managers/lib:/home/gaurav/mrs_workspace/install/mrs_multirotor_simulator/lib:/home/gaurav/mrs_workspace/install/mrs_uav_hw_api/lib:/home/gaurav/mrs_workspace/install/mrs_uav_autostart/lib:/home/gaurav/mrs_workspace/install/mrs_uav_testing/lib:/home/gaurav/mrs_workspace/install/mrs_uav_status/lib:/home/gaurav/mrs_workspace/install/mrs_serial/lib:/home/gaurav/mrs_workspace/install/mrs_rviz_plugins/lib:/home/gaurav/mrs_workspace/install/mrs_lib/lib:/home/gaurav/mrs_workspace/install/mrs_modules_msgs/lib:/opt/ros/jazzy/opt/zenoh_cpp_vendor/lib:/opt/ros/jazzy/opt/rviz_ogre_vendor/lib:/opt/ros/jazzy/lib/x86_64-linux-gnu:/opt/ros/jazzy/opt/gz_math_vendor/lib:/opt/ros/jazzy/opt/gz_utils_vendor/lib:/opt/ros/jazzy/opt/gz_cmake_vendor/lib:/opt/ros/jazzy/lib PYTHONPATH=/home/gaurav/mrs_workspace/install/mrs_msgs/lib/python3.12/site-packages:/home/gaurav/mrs_workspace/install/mrs_lib/lib/python3.12/site-packages:/home/gaurav/mrs_workspace/install/mrs_modules_msgs/lib/python3.12/site-packages:/opt/ros/jazzy/lib/python3.12/site-packages /usr/bin/cmake --install /home/gaurav/mrs_workspace/build/mrs_lib
