In file included from /usr/include/boost/numeric/odeint/stepper/runge_kutta4.hpp:27,
                 from /home/gaurav/mrs_workspace/src/mrs_uav_core/ros_packages/mrs_multirotor_simulator/include/mrs_multirotor_simulator/uav_system/ode/boost/numeric/odeint.hpp:29,
                 from /home/gaurav/mrs_workspace/src/mrs_uav_core/ros_packages/mrs_multirotor_simulator/include/mrs_multirotor_simulator/uav_system/multirotor_model.hpp:13,
                 from /home/gaurav/mrs_workspace/src/mrs_uav_core/ros_packages/mrs_multirotor_simulator/include/mrs_multirotor_simulator/uav_system/uav_system.hpp:4,
                 from /home/gaurav/mrs_workspace/src/mrs_uav_core/ros_packages/mrs_multirotor_simulator/include/mrs_multirotor_simulator/uav_system_ros.h:15,
                 from /home/gaurav/mrs_workspace/src/mrs_uav_core/ros_packages/mrs_multirotor_simulator/src/uav_system_ros.cpp:1:
In copy constructor ‘constexpr boost::numeric::odeint::explicit_generic_rk<4, 4, boost::array<double, 18>, double, boost::array<double, 18>, double, boost::numeric::odeint::array_algebra, boost::numeric::odeint::default_operations, boost::numeric::odeint::initially_resizer>::explicit_generic_rk(const boost::numeric::odeint::explicit_generic_rk<4, 4, boost::array<double, 18>, double, boost::array<double, 18>, double, boost::numeric::odeint::array_algebra, boost::numeric::odeint::default_operations, boost::numeric::odeint::initially_resizer>&)’,
    inlined from ‘constexpr boost::numeric::odeint::runge_kutta4<boost::array<double, 18> >::runge_kutta4(const boost::numeric::odeint::runge_kutta4<boost::array<double, 18> >&)’ at /usr/include/boost/numeric/odeint/stepper/runge_kutta4.hpp:112:7,
    inlined from ‘void mrs_multirotor_simulator::MultirotorModel::step(const double&)’ at /home/gaurav/mrs_workspace/src/mrs_uav_core/ros_packages/mrs_multirotor_simulator/include/mrs_multirotor_simulator/uav_system/multirotor_model.hpp:226:28:
/usr/include/boost/numeric/odeint/stepper/explicit_generic_rk.hpp:94:7: warning: ‘rk.boost::numeric::odeint::runge_kutta4<boost::array<double, 18>, double, boost::array<double, 18>, double, boost::numeric::odeint::array_algebra, boost::numeric::odeint::default_operations, boost::numeric::odeint::initially_resizer>::<unnamed>.boost::numeric::odeint::explicit_generic_rk<4, 4, boost::array<double, 18>, double, boost::array<double, 18>, double, boost::numeric::odeint::array_algebra, boost::numeric::odeint::default_operations, boost::numeric::odeint::initially_resizer>::m_x_tmp’ is used uninitialized [-Wuninitialized]
   94 | class explicit_generic_rk : public explicit_stepper_base<
      |       ^~~~~~~~~~~~~~~~~~~
/home/gaurav/mrs_workspace/src/mrs_uav_core/ros_packages/mrs_multirotor_simulator/include/mrs_multirotor_simulator/uav_system/multirotor_model.hpp: In member function ‘void mrs_multirotor_simulator::MultirotorModel::step(const double&)’:
/home/gaurav/mrs_workspace/src/mrs_uav_core/ros_packages/mrs_multirotor_simulator/include/mrs_multirotor_simulator/uav_system/multirotor_model.hpp:224:55: note: ‘rk’ declared here
  224 |   boost::numeric::odeint::runge_kutta4<InternalState> rk;
      |                                                       ^~
In copy constructor ‘constexpr boost::numeric::odeint::explicit_generic_rk<4, 4, boost::array<double, 18>, double, boost::array<double, 18>, double, boost::numeric::odeint::array_algebra, boost::numeric::odeint::default_operations, boost::numeric::odeint::initially_resizer>::explicit_generic_rk(const boost::numeric::odeint::explicit_generic_rk<4, 4, boost::array<double, 18>, double, boost::array<double, 18>, double, boost::numeric::odeint::array_algebra, boost::numeric::odeint::default_operations, boost::numeric::odeint::initially_resizer>&)’,
    inlined from ‘constexpr boost::numeric::odeint::runge_kutta4<boost::array<double, 18> >::runge_kutta4(const boost::numeric::odeint::runge_kutta4<boost::array<double, 18> >&)’ at /usr/include/boost/numeric/odeint/stepper/runge_kutta4.hpp:112:7,
    inlined from ‘void mrs_multirotor_simulator::MultirotorModel::step(const double&)’ at /home/gaurav/mrs_workspace/src/mrs_uav_core/ros_packages/mrs_multirotor_simulator/include/mrs_multirotor_simulator/uav_system/multirotor_model.hpp:226:28:
/usr/include/boost/numeric/odeint/stepper/explicit_generic_rk.hpp:94:7: warning: ‘rk.boost::numeric::odeint::runge_kutta4<boost::array<double, 18>, double, boost::array<double, 18>, double, boost::numeric::odeint::array_algebra, boost::numeric::odeint::default_operations, boost::numeric::odeint::initially_resizer>::<unnamed>.boost::numeric::odeint::explicit_generic_rk<4, 4, boost::array<double, 18>, double, boost::array<double, 18>, double, boost::numeric::odeint::array_algebra, boost::numeric::odeint::default_operations, boost::numeric::odeint::initially_resizer>::m_F’ is used uninitialized [-Wuninitialized]
   94 | class explicit_generic_rk : public explicit_stepper_base<
      |       ^~~~~~~~~~~~~~~~~~~
/home/gaurav/mrs_workspace/src/mrs_uav_core/ros_packages/mrs_multirotor_simulator/include/mrs_multirotor_simulator/uav_system/multirotor_model.hpp: In member function ‘void mrs_multirotor_simulator::MultirotorModel::step(const double&)’:
/home/gaurav/mrs_workspace/src/mrs_uav_core/ros_packages/mrs_multirotor_simulator/include/mrs_multirotor_simulator/uav_system/multirotor_model.hpp:224:55: note: ‘rk’ declared here
  224 |   boost::numeric::odeint::runge_kutta4<InternalState> rk;
      |                                                       ^~
In file included from /usr/include/boost/numeric/odeint/stepper/runge_kutta4.hpp:27,
                 from /home/gaurav/mrs_workspace/src/mrs_uav_core/ros_packages/mrs_multirotor_simulator/include/mrs_multirotor_simulator/uav_system/ode/boost/numeric/odeint.hpp:29,
                 from /home/gaurav/mrs_workspace/src/mrs_uav_core/ros_packages/mrs_multirotor_simulator/include/mrs_multirotor_simulator/uav_system/multirotor_model.hpp:13,
                 from /home/gaurav/mrs_workspace/src/mrs_uav_core/ros_packages/mrs_multirotor_simulator/include/mrs_multirotor_simulator/uav_system/uav_system.hpp:4,
                 from /home/gaurav/mrs_workspace/src/mrs_uav_core/ros_packages/mrs_multirotor_simulator/include/mrs_multirotor_simulator/uav_system_ros.h:15,
                 from /home/gaurav/mrs_workspace/src/mrs_uav_core/ros_packages/mrs_multirotor_simulator/src/multirotor_simulator.cpp:19:
In copy constructor ‘constexpr boost::numeric::odeint::explicit_generic_rk<4, 4, boost::array<double, 18>, double, boost::array<double, 18>, double, boost::numeric::odeint::array_algebra, boost::numeric::odeint::default_operations, boost::numeric::odeint::initially_resizer>::explicit_generic_rk(const boost::numeric::odeint::explicit_generic_rk<4, 4, boost::array<double, 18>, double, boost::array<double, 18>, double, boost::numeric::odeint::array_algebra, boost::numeric::odeint::default_operations, boost::numeric::odeint::initially_resizer>&)’,
    inlined from ‘constexpr boost::numeric::odeint::runge_kutta4<boost::array<double, 18> >::runge_kutta4(const boost::numeric::odeint::runge_kutta4<boost::array<double, 18> >&)’ at /usr/include/boost/numeric/odeint/stepper/runge_kutta4.hpp:112:7,
    inlined from ‘void mrs_multirotor_simulator::MultirotorModel::step(const double&)’ at /home/gaurav/mrs_workspace/src/mrs_uav_core/ros_packages/mrs_multirotor_simulator/include/mrs_multirotor_simulator/uav_system/multirotor_model.hpp:226:28:
/usr/include/boost/numeric/odeint/stepper/explicit_generic_rk.hpp:94:7: warning: ‘rk.boost::numeric::odeint::runge_kutta4<boost::array<double, 18>, double, boost::array<double, 18>, double, boost::numeric::odeint::array_algebra, boost::numeric::odeint::default_operations, boost::numeric::odeint::initially_resizer>::<unnamed>.boost::numeric::odeint::explicit_generic_rk<4, 4, boost::array<double, 18>, double, boost::array<double, 18>, double, boost::numeric::odeint::array_algebra, boost::numeric::odeint::default_operations, boost::numeric::odeint::initially_resizer>::m_x_tmp’ is used uninitialized [-Wuninitialized]
   94 | class explicit_generic_rk : public explicit_stepper_base<
      |       ^~~~~~~~~~~~~~~~~~~
/home/gaurav/mrs_workspace/src/mrs_uav_core/ros_packages/mrs_multirotor_simulator/include/mrs_multirotor_simulator/uav_system/multirotor_model.hpp: In member function ‘void mrs_multirotor_simulator::MultirotorModel::step(const double&)’:
/home/gaurav/mrs_workspace/src/mrs_uav_core/ros_packages/mrs_multirotor_simulator/include/mrs_multirotor_simulator/uav_system/multirotor_model.hpp:224:55: note: ‘rk’ declared here
  224 |   boost::numeric::odeint::runge_kutta4<InternalState> rk;
      |                                                       ^~
In copy constructor ‘constexpr boost::numeric::odeint::explicit_generic_rk<4, 4, boost::array<double, 18>, double, boost::array<double, 18>, double, boost::numeric::odeint::array_algebra, boost::numeric::odeint::default_operations, boost::numeric::odeint::initially_resizer>::explicit_generic_rk(const boost::numeric::odeint::explicit_generic_rk<4, 4, boost::array<double, 18>, double, boost::array<double, 18>, double, boost::numeric::odeint::array_algebra, boost::numeric::odeint::default_operations, boost::numeric::odeint::initially_resizer>&)’,
    inlined from ‘constexpr boost::numeric::odeint::runge_kutta4<boost::array<double, 18> >::runge_kutta4(const boost::numeric::odeint::runge_kutta4<boost::array<double, 18> >&)’ at /usr/include/boost/numeric/odeint/stepper/runge_kutta4.hpp:112:7,
    inlined from ‘void mrs_multirotor_simulator::MultirotorModel::step(const double&)’ at /home/gaurav/mrs_workspace/src/mrs_uav_core/ros_packages/mrs_multirotor_simulator/include/mrs_multirotor_simulator/uav_system/multirotor_model.hpp:226:28:
/usr/include/boost/numeric/odeint/stepper/explicit_generic_rk.hpp:94:7: warning: ‘rk.boost::numeric::odeint::runge_kutta4<boost::array<double, 18>, double, boost::array<double, 18>, double, boost::numeric::odeint::array_algebra, boost::numeric::odeint::default_operations, boost::numeric::odeint::initially_resizer>::<unnamed>.boost::numeric::odeint::explicit_generic_rk<4, 4, boost::array<double, 18>, double, boost::array<double, 18>, double, boost::numeric::odeint::array_algebra, boost::numeric::odeint::default_operations, boost::numeric::odeint::initially_resizer>::m_F’ is used uninitialized [-Wuninitialized]
   94 | class explicit_generic_rk : public explicit_stepper_base<
      |       ^~~~~~~~~~~~~~~~~~~
/home/gaurav/mrs_workspace/src/mrs_uav_core/ros_packages/mrs_multirotor_simulator/include/mrs_multirotor_simulator/uav_system/multirotor_model.hpp: In member function ‘void mrs_multirotor_simulator::MultirotorModel::step(const double&)’:
/home/gaurav/mrs_workspace/src/mrs_uav_core/ros_packages/mrs_multirotor_simulator/include/mrs_multirotor_simulator/uav_system/multirotor_model.hpp:224:55: note: ‘rk’ declared here
  224 |   boost::numeric::odeint::runge_kutta4<InternalState> rk;
      |                                                       ^~
