-- The C compiler identification is GNU 13.3.0
-- The CXX compiler identification is GNU 13.3.0
-- Detecting C compiler ABI info
-- Detecting C compiler ABI info - done
-- Check for working C compiler: /usr/bin/cc - skipped
-- Detecting C compile features
-- Detecting C compile features - done
-- Detecting CXX compiler ABI info
-- Detecting CXX compiler ABI info - done
-- Check for working CXX compiler: /usr/bin/c++ - skipped
-- Detecting CXX compile features
-- Detecting CXX compile features - done
-- Found rclcpp: 28.1.13 (/opt/ros/jazzy/share/rclcpp/cmake)
-- Found Python3: /usr/bin/python3 (found version "3.12.3") found components: Interpreter 
-- Override CMake install command with custom implementation using symlinks instead of copying resources
-- Found rosidl_generator_c: 4.6.6 (/opt/ros/jazzy/share/rosidl_generator_c/cmake)
-- Found rosidl_generator_cpp: 4.6.6 (/opt/ros/jazzy/share/rosidl_generator_cpp/cmake)
-- Using all available rosidl_typesupport_c: rosidl_typesupport_fastrtps_c;rosidl_typesupport_introspection_c
-- Using all available rosidl_typesupport_cpp: rosidl_typesupport_fastrtps_cpp;rosidl_typesupport_introspection_cpp
-- Found rmw_implementation_cmake: 7.3.2 (/opt/ros/jazzy/share/rmw_implementation_cmake/cmake)
-- Found rmw_fastrtps_cpp: 8.4.3 (/opt/ros/jazzy/share/rmw_fastrtps_cpp/cmake)
-- Found OpenSSL: /usr/lib/x86_64-linux-gnu/libcrypto.so (found version "3.0.13")  
-- Found FastRTPS: /opt/ros/jazzy/include (Required is at least version "2.13") 
-- Using RMW implementation 'rmw_fastrtps_cpp' as default
-- Found rclcpp_components: 28.1.13 (/opt/ros/jazzy/share/rclcpp_components/cmake)
-- Found mrs_msgs: 2.0.0 (/home/gaurav/mrs_workspace/install/mrs_msgs/share/mrs_msgs/cmake)
-- Found mrs_lib: 2.0.0 (/home/gaurav/mrs_workspace/install/mrs_lib/share/mrs_lib/cmake)
-- Found eigen3_cmake_module: 0.3.0 (/opt/ros/jazzy/share/eigen3_cmake_module/cmake)
-- Found Eigen3: TRUE (found version "3.4.0") 
-- Ensuring Eigen3 include directory is part of orocos-kdl CMake target
-- Found pluginlib: 5.4.3 (/opt/ros/jazzy/share/pluginlib/cmake)
-- Found mrs_uav_hw_api: 2.0.0 (/home/gaurav/mrs_workspace/install/mrs_uav_hw_api/share/mrs_uav_hw_api/cmake)
-- Configuring done (0.9s)
-- Generating done (0.0s)
-- Build files have been written to: /home/gaurav/mrs_workspace/build/mrs_multirotor_simulator
[ 16%] Building CXX object CMakeFiles/MrsMultirotorSimulator_HwApiPlugin.dir/src/hw_api_plugin.cpp.o
[ 33%] Building CXX object CMakeFiles/MrsMultirotorSimulator_SimulatorSystemRos.dir/src/uav_system_ros.cpp.o
[ 50%] Linking CXX shared library libMrsMultirotorSimulator_HwApiPlugin.so
[ 50%] Built target MrsMultirotorSimulator_HwApiPlugin
[ 66%] Linking CXX shared library libMrsMultirotorSimulator_SimulatorSystemRos.so
[ 66%] Built target MrsMultirotorSimulator_SimulatorSystemRos
[ 83%] Building CXX object CMakeFiles/MrsMultirotorSimulator_Simulator.dir/src/multirotor_simulator.cpp.o
[100%] Linking CXX shared library libMrsMultirotorSimulator_Simulator.so
[100%] Built target MrsMultirotorSimulator_Simulator
-- Install configuration: "Release"
-- Execute custom install script
-- Symlinking: /home/gaurav/mrs_workspace/install/mrs_multirotor_simulator/share/mrs_multirotor_simulator//plugins.xml
-- Symlinking: /home/gaurav/mrs_workspace/install/mrs_multirotor_simulator/share/mrs_multirotor_simulator/environment/library_path.sh
-- Symlinking: /home/gaurav/mrs_workspace/install/mrs_multirotor_simulator/share/mrs_multirotor_simulator/environment/library_path.dsv
-- Symlinking: /home/gaurav/mrs_workspace/install/mrs_multirotor_simulator/./include/KDTreeVectorOfVectorsAdaptor.h
-- Symlinking: /home/gaurav/mrs_workspace/install/mrs_multirotor_simulator/./include/mrs_multirotor_simulator/rate_counter.h
-- Symlinking: /home/gaurav/mrs_workspace/install/mrs_multirotor_simulator/./include/mrs_multirotor_simulator/uav_system/controllers/acceleration_controller.hpp
-- Symlinking: /home/gaurav/mrs_workspace/install/mrs_multirotor_simulator/./include/mrs_multirotor_simulator/uav_system/controllers/attitude_controller.hpp
-- Symlinking: /home/gaurav/mrs_workspace/install/mrs_multirotor_simulator/./include/mrs_multirotor_simulator/uav_system/controllers/mixer.hpp
-- Symlinking: /home/gaurav/mrs_workspace/install/mrs_multirotor_simulator/./include/mrs_multirotor_simulator/uav_system/controllers/pid.hpp
-- Symlinking: /home/gaurav/mrs_workspace/install/mrs_multirotor_simulator/./include/mrs_multirotor_simulator/uav_system/controllers/position_controller.hpp
-- Symlinking: /home/gaurav/mrs_workspace/install/mrs_multirotor_simulator/./include/mrs_multirotor_simulator/uav_system/controllers/rate_controller.hpp
-- Symlinking: /home/gaurav/mrs_workspace/install/mrs_multirotor_simulator/./include/mrs_multirotor_simulator/uav_system/controllers/references.hpp
-- Symlinking: /home/gaurav/mrs_workspace/install/mrs_multirotor_simulator/./include/mrs_multirotor_simulator/uav_system/controllers/velocity_controller.hpp
-- Symlinking: /home/gaurav/mrs_workspace/install/mrs_multirotor_simulator/./include/mrs_multirotor_simulator/uav_system/multirotor_model.hpp
-- Symlinking: /home/gaurav/mrs_workspace/install/mrs_multirotor_simulator/./include/mrs_multirotor_simulator/uav_system/ode/boost/numeric/odeint.hpp
-- Symlinking: /home/gaurav/mrs_workspace/install/mrs_multirotor_simulator/./include/mrs_multirotor_simulator/uav_system/ode/boost/numeric/odeint/algebra/array_algebra.hpp
-- Symlinking: /home/gaurav/mrs_workspace/install/mrs_multirotor_simulator/./include/mrs_multirotor_simulator/uav_system/ode/boost/numeric/odeint/algebra/default_operations.hpp
-- Symlinking: /home/gaurav/mrs_workspace/install/mrs_multirotor_simulator/./include/mrs_multirotor_simulator/uav_system/ode/boost/numeric/odeint/algebra/detail/for_each.hpp
-- Symlinking: /home/gaurav/mrs_workspace/install/mrs_multirotor_simulator/./include/mrs_multirotor_simulator/uav_system/ode/boost/numeric/odeint/algebra/detail/macros.hpp
-- Symlinking: /home/gaurav/mrs_workspace/install/mrs_multirotor_simulator/./include/mrs_multirotor_simulator/uav_system/ode/boost/numeric/odeint/algebra/detail/reduce.hpp
-- Symlinking: /home/gaurav/mrs_workspace/install/mrs_multirotor_simulator/./include/mrs_multirotor_simulator/uav_system/ode/boost/numeric/odeint/algebra/fusion_algebra.hpp
-- Symlinking: /home/gaurav/mrs_workspace/install/mrs_multirotor_simulator/./include/mrs_multirotor_simulator/uav_system/ode/boost/numeric/odeint/algebra/range_algebra.hpp
-- Symlinking: /home/gaurav/mrs_workspace/install/mrs_multirotor_simulator/./include/mrs_multirotor_simulator/uav_system/ode/boost/numeric/odeint/algebra/vector_space_algebra.hpp
-- Symlinking: /home/gaurav/mrs_workspace/install/mrs_multirotor_simulator/./include/mrs_multirotor_simulator/uav_system/ode/boost/numeric/odeint/config.hpp
-- Symlinking: /home/gaurav/mrs_workspace/install/mrs_multirotor_simulator/./include/mrs_multirotor_simulator/uav_system/ode/boost/numeric/odeint/external/gsl/gsl_wrapper.hpp
-- Symlinking: /home/gaurav/mrs_workspace/install/mrs_multirotor_simulator/./include/mrs_multirotor_simulator/uav_system/ode/boost/numeric/odeint/external/mkl/mkl_operations.hpp
-- Symlinking: /home/gaurav/mrs_workspace/install/mrs_multirotor_simulator/./include/mrs_multirotor_simulator/uav_system/ode/boost/numeric/odeint/external/mtl4/implicit_euler_mtl4.hpp
-- Symlinking: /home/gaurav/mrs_workspace/install/mrs_multirotor_simulator/./include/mrs_multirotor_simulator/uav_system/ode/boost/numeric/odeint/external/mtl4/mtl4_resize.hpp
-- Symlinking: /home/gaurav/mrs_workspace/install/mrs_multirotor_simulator/./include/mrs_multirotor_simulator/uav_system/ode/boost/numeric/odeint/external/thrust/thrust_algebra.hpp
-- Symlinking: /home/gaurav/mrs_workspace/install/mrs_multirotor_simulator/./include/mrs_multirotor_simulator/uav_system/ode/boost/numeric/odeint/external/thrust/thrust_operations.hpp
-- Symlinking: /home/gaurav/mrs_workspace/install/mrs_multirotor_simulator/./include/mrs_multirotor_simulator/uav_system/ode/boost/numeric/odeint/external/thrust/thrust_resize.hpp
-- Symlinking: /home/gaurav/mrs_workspace/install/mrs_multirotor_simulator/./include/mrs_multirotor_simulator/uav_system/ode/boost/numeric/odeint/external/vexcl/vexcl_resize.hpp
-- Symlinking: /home/gaurav/mrs_workspace/install/mrs_multirotor_simulator/./include/mrs_multirotor_simulator/uav_system/ode/boost/numeric/odeint/external/viennacl/viennacl_operations.hpp
-- Symlinking: /home/gaurav/mrs_workspace/install/mrs_multirotor_simulator/./include/mrs_multirotor_simulator/uav_system/ode/boost/numeric/odeint/external/viennacl/viennacl_resize.hpp
-- Symlinking: /home/gaurav/mrs_workspace/install/mrs_multirotor_simulator/./include/mrs_multirotor_simulator/uav_system/ode/boost/numeric/odeint/integrate/detail/integrate_adaptive.hpp
-- Symlinking: /home/gaurav/mrs_workspace/install/mrs_multirotor_simulator/./include/mrs_multirotor_simulator/uav_system/ode/boost/numeric/odeint/integrate/detail/integrate_const.hpp
-- Symlinking: /home/gaurav/mrs_workspace/install/mrs_multirotor_simulator/./include/mrs_multirotor_simulator/uav_system/ode/boost/numeric/odeint/integrate/detail/integrate_n_steps.hpp
-- Symlinking: /home/gaurav/mrs_workspace/install/mrs_multirotor_simulator/./include/mrs_multirotor_simulator/uav_system/ode/boost/numeric/odeint/integrate/detail/integrate_times.hpp
-- Symlinking: /home/gaurav/mrs_workspace/install/mrs_multirotor_simulator/./include/mrs_multirotor_simulator/uav_system/ode/boost/numeric/odeint/integrate/integrate.hpp
-- Symlinking: /home/gaurav/mrs_workspace/install/mrs_multirotor_simulator/./include/mrs_multirotor_simulator/uav_system/ode/boost/numeric/odeint/integrate/integrate_adaptive.hpp
-- Symlinking: /home/gaurav/mrs_workspace/install/mrs_multirotor_simulator/./include/mrs_multirotor_simulator/uav_system/ode/boost/numeric/odeint/integrate/integrate_const.hpp
-- Symlinking: /home/gaurav/mrs_workspace/install/mrs_multirotor_simulator/./include/mrs_multirotor_simulator/uav_system/ode/boost/numeric/odeint/integrate/integrate_n_steps.hpp
-- Symlinking: /home/gaurav/mrs_workspace/install/mrs_multirotor_simulator/./include/mrs_multirotor_simulator/uav_system/ode/boost/numeric/odeint/integrate/integrate_times.hpp
-- Symlinking: /home/gaurav/mrs_workspace/install/mrs_multirotor_simulator/./include/mrs_multirotor_simulator/uav_system/ode/boost/numeric/odeint/integrate/null_observer.hpp
-- Symlinking: /home/gaurav/mrs_workspace/install/mrs_multirotor_simulator/./include/mrs_multirotor_simulator/uav_system/ode/boost/numeric/odeint/integrate/observer_collection.hpp
-- Symlinking: /home/gaurav/mrs_workspace/install/mrs_multirotor_simulator/./include/mrs_multirotor_simulator/uav_system/ode/boost/numeric/odeint/stepper/adams_bashforth.hpp
-- Symlinking: /home/gaurav/mrs_workspace/install/mrs_multirotor_simulator/./include/mrs_multirotor_simulator/uav_system/ode/boost/numeric/odeint/stepper/adams_bashforth_moulton.hpp
-- Symlinking: /home/gaurav/mrs_workspace/install/mrs_multirotor_simulator/./include/mrs_multirotor_simulator/uav_system/ode/boost/numeric/odeint/stepper/adams_moulton.hpp
-- Symlinking: /home/gaurav/mrs_workspace/install/mrs_multirotor_simulator/./include/mrs_multirotor_simulator/uav_system/ode/boost/numeric/odeint/stepper/base/algebra_stepper_base.hpp
-- Symlinking: /home/gaurav/mrs_workspace/install/mrs_multirotor_simulator/./include/mrs_multirotor_simulator/uav_system/ode/boost/numeric/odeint/stepper/base/explicit_error_stepper_base.hpp
-- Symlinking: /home/gaurav/mrs_workspace/install/mrs_multirotor_simulator/./include/mrs_multirotor_simulator/uav_system/ode/boost/numeric/odeint/stepper/base/explicit_error_stepper_fsal_base.hpp
-- Symlinking: /home/gaurav/mrs_workspace/install/mrs_multirotor_simulator/./include/mrs_multirotor_simulator/uav_system/ode/boost/numeric/odeint/stepper/base/explicit_stepper_base.hpp
-- Symlinking: /home/gaurav/mrs_workspace/install/mrs_multirotor_simulator/./include/mrs_multirotor_simulator/uav_system/ode/boost/numeric/odeint/stepper/base/symplectic_rkn_stepper_base.hpp
-- Symlinking: /home/gaurav/mrs_workspace/install/mrs_multirotor_simulator/./include/mrs_multirotor_simulator/uav_system/ode/boost/numeric/odeint/stepper/bulirsch_stoer.hpp
-- Symlinking: /home/gaurav/mrs_workspace/install/mrs_multirotor_simulator/./include/mrs_multirotor_simulator/uav_system/ode/boost/numeric/odeint/stepper/bulirsch_stoer_dense_out.hpp
-- Symlinking: /home/gaurav/mrs_workspace/install/mrs_multirotor_simulator/./include/mrs_multirotor_simulator/uav_system/ode/boost/numeric/odeint/stepper/controlled_runge_kutta.hpp
-- Symlinking: /home/gaurav/mrs_workspace/install/mrs_multirotor_simulator/./include/mrs_multirotor_simulator/uav_system/ode/boost/numeric/odeint/stepper/controlled_step_result.hpp
-- Symlinking: /home/gaurav/mrs_workspace/install/mrs_multirotor_simulator/./include/mrs_multirotor_simulator/uav_system/ode/boost/numeric/odeint/stepper/dense_output_runge_kutta.hpp
-- Symlinking: /home/gaurav/mrs_workspace/install/mrs_multirotor_simulator/./include/mrs_multirotor_simulator/uav_system/ode/boost/numeric/odeint/stepper/detail/adams_bashforth_call_algebra.hpp
-- Symlinking: /home/gaurav/mrs_workspace/install/mrs_multirotor_simulator/./include/mrs_multirotor_simulator/uav_system/ode/boost/numeric/odeint/stepper/detail/adams_bashforth_coefficients.hpp
-- Symlinking: /home/gaurav/mrs_workspace/install/mrs_multirotor_simulator/./include/mrs_multirotor_simulator/uav_system/ode/boost/numeric/odeint/stepper/detail/adams_moulton_call_algebra.hpp
-- Symlinking: /home/gaurav/mrs_workspace/install/mrs_multirotor_simulator/./include/mrs_multirotor_simulator/uav_system/ode/boost/numeric/odeint/stepper/detail/adams_moulton_coefficients.hpp
-- Symlinking: /home/gaurav/mrs_workspace/install/mrs_multirotor_simulator/./include/mrs_multirotor_simulator/uav_system/ode/boost/numeric/odeint/stepper/detail/generic_rk_algorithm.hpp
-- Symlinking: /home/gaurav/mrs_workspace/install/mrs_multirotor_simulator/./include/mrs_multirotor_simulator/uav_system/ode/boost/numeric/odeint/stepper/detail/generic_rk_call_algebra.hpp
-- Symlinking: /home/gaurav/mrs_workspace/install/mrs_multirotor_simulator/./include/mrs_multirotor_simulator/uav_system/ode/boost/numeric/odeint/stepper/detail/generic_rk_operations.hpp
-- Symlinking: /home/gaurav/mrs_workspace/install/mrs_multirotor_simulator/./include/mrs_multirotor_simulator/uav_system/ode/boost/numeric/odeint/stepper/detail/rotating_buffer.hpp
-- Symlinking: /home/gaurav/mrs_workspace/install/mrs_multirotor_simulator/./include/mrs_multirotor_simulator/uav_system/ode/boost/numeric/odeint/stepper/euler.hpp
-- Symlinking: /home/gaurav/mrs_workspace/install/mrs_multirotor_simulator/./include/mrs_multirotor_simulator/uav_system/ode/boost/numeric/odeint/stepper/explicit_error_generic_rk.hpp
-- Symlinking: /home/gaurav/mrs_workspace/install/mrs_multirotor_simulator/./include/mrs_multirotor_simulator/uav_system/ode/boost/numeric/odeint/stepper/explicit_generic_rk.hpp
-- Symlinking: /home/gaurav/mrs_workspace/install/mrs_multirotor_simulator/./include/mrs_multirotor_simulator/uav_system/ode/boost/numeric/odeint/stepper/generation.hpp
-- Symlinking: /home/gaurav/mrs_workspace/install/mrs_multirotor_simulator/./include/mrs_multirotor_simulator/uav_system/ode/boost/numeric/odeint/stepper/generation/generation_controlled_runge_kutta.hpp
-- Symlinking: /home/gaurav/mrs_workspace/install/mrs_multirotor_simulator/./include/mrs_multirotor_simulator/uav_system/ode/boost/numeric/odeint/stepper/generation/generation_dense_output_runge_kutta.hpp
-- Symlinking: /home/gaurav/mrs_workspace/install/mrs_multirotor_simulator/./include/mrs_multirotor_simulator/uav_system/ode/boost/numeric/odeint/stepper/generation/generation_rosenbrock4.hpp
-- Symlinking: /home/gaurav/mrs_workspace/install/mrs_multirotor_simulator/./include/mrs_multirotor_simulator/uav_system/ode/boost/numeric/odeint/stepper/generation/generation_runge_kutta_cash_karp54.hpp
-- Symlinking: /home/gaurav/mrs_workspace/install/mrs_multirotor_simulator/./include/mrs_multirotor_simulator/uav_system/ode/boost/numeric/odeint/stepper/generation/generation_runge_kutta_cash_karp54_classic.hpp
-- Symlinking: /home/gaurav/mrs_workspace/install/mrs_multirotor_simulator/./include/mrs_multirotor_simulator/uav_system/ode/boost/numeric/odeint/stepper/generation/generation_runge_kutta_dopri5.hpp
-- Symlinking: /home/gaurav/mrs_workspace/install/mrs_multirotor_simulator/./include/mrs_multirotor_simulator/uav_system/ode/boost/numeric/odeint/stepper/generation/generation_runge_kutta_fehlberg78.hpp
-- Symlinking: /home/gaurav/mrs_workspace/install/mrs_multirotor_simulator/./include/mrs_multirotor_simulator/uav_system/ode/boost/numeric/odeint/stepper/generation/make_controlled.hpp
-- Symlinking: /home/gaurav/mrs_workspace/install/mrs_multirotor_simulator/./include/mrs_multirotor_simulator/uav_system/ode/boost/numeric/odeint/stepper/generation/make_dense_output.hpp
-- Symlinking: /home/gaurav/mrs_workspace/install/mrs_multirotor_simulator/./include/mrs_multirotor_simulator/uav_system/ode/boost/numeric/odeint/stepper/implicit_euler.hpp
-- Symlinking: /home/gaurav/mrs_workspace/install/mrs_multirotor_simulator/./include/mrs_multirotor_simulator/uav_system/ode/boost/numeric/odeint/stepper/modified_midpoint.hpp
-- Symlinking: /home/gaurav/mrs_workspace/install/mrs_multirotor_simulator/./include/mrs_multirotor_simulator/uav_system/ode/boost/numeric/odeint/stepper/rosenbrock4.hpp
-- Symlinking: /home/gaurav/mrs_workspace/install/mrs_multirotor_simulator/./include/mrs_multirotor_simulator/uav_system/ode/boost/numeric/odeint/stepper/rosenbrock4_controller.hpp
-- Symlinking: /home/gaurav/mrs_workspace/install/mrs_multirotor_simulator/./include/mrs_multirotor_simulator/uav_system/ode/boost/numeric/odeint/stepper/rosenbrock4_dense_output.hpp
-- Symlinking: /home/gaurav/mrs_workspace/install/mrs_multirotor_simulator/./include/mrs_multirotor_simulator/uav_system/ode/boost/numeric/odeint/stepper/runge_kutta4.hpp
-- Symlinking: /home/gaurav/mrs_workspace/install/mrs_multirotor_simulator/./include/mrs_multirotor_simulator/uav_system/ode/boost/numeric/odeint/stepper/runge_kutta4_classic.hpp
-- Symlinking: /home/gaurav/mrs_workspace/install/mrs_multirotor_simulator/./include/mrs_multirotor_simulator/uav_system/ode/boost/numeric/odeint/stepper/runge_kutta_cash_karp54.hpp
-- Symlinking: /home/gaurav/mrs_workspace/install/mrs_multirotor_simulator/./include/mrs_multirotor_simulator/uav_system/ode/boost/numeric/odeint/stepper/runge_kutta_cash_karp54_classic.hpp
-- Symlinking: /home/gaurav/mrs_workspace/install/mrs_multirotor_simulator/./include/mrs_multirotor_simulator/uav_system/ode/boost/numeric/odeint/stepper/runge_kutta_dopri5.hpp
-- Symlinking: /home/gaurav/mrs_workspace/install/mrs_multirotor_simulator/./include/mrs_multirotor_simulator/uav_system/ode/boost/numeric/odeint/stepper/runge_kutta_fehlberg78.hpp
-- Symlinking: /home/gaurav/mrs_workspace/install/mrs_multirotor_simulator/./include/mrs_multirotor_simulator/uav_system/ode/boost/numeric/odeint/stepper/stepper_categories.hpp
-- Symlinking: /home/gaurav/mrs_workspace/install/mrs_multirotor_simulator/./include/mrs_multirotor_simulator/uav_system/ode/boost/numeric/odeint/stepper/symplectic_euler.hpp
-- Symlinking: /home/gaurav/mrs_workspace/install/mrs_multirotor_simulator/./include/mrs_multirotor_simulator/uav_system/ode/boost/numeric/odeint/stepper/symplectic_rkn_sb3a_m4_mclachlan.hpp
-- Symlinking: /home/gaurav/mrs_workspace/install/mrs_multirotor_simulator/./include/mrs_multirotor_simulator/uav_system/ode/boost/numeric/odeint/stepper/symplectic_rkn_sb3a_mclachlan.hpp
-- Symlinking: /home/gaurav/mrs_workspace/install/mrs_multirotor_simulator/./include/mrs_multirotor_simulator/uav_system/ode/boost/numeric/odeint/util/bind.hpp
-- Symlinking: /home/gaurav/mrs_workspace/install/mrs_multirotor_simulator/./include/mrs_multirotor_simulator/uav_system/ode/boost/numeric/odeint/util/copy.hpp
-- Symlinking: /home/gaurav/mrs_workspace/install/mrs_multirotor_simulator/./include/mrs_multirotor_simulator/uav_system/ode/boost/numeric/odeint/util/detail/is_range.hpp
-- Symlinking: /home/gaurav/mrs_workspace/install/mrs_multirotor_simulator/./include/mrs_multirotor_simulator/uav_system/ode/boost/numeric/odeint/util/detail/less_with_sign.hpp
-- Symlinking: /home/gaurav/mrs_workspace/install/mrs_multirotor_simulator/./include/mrs_multirotor_simulator/uav_system/ode/boost/numeric/odeint/util/is_pair.hpp
-- Symlinking: /home/gaurav/mrs_workspace/install/mrs_multirotor_simulator/./include/mrs_multirotor_simulator/uav_system/ode/boost/numeric/odeint/util/is_resizeable.hpp
-- Symlinking: /home/gaurav/mrs_workspace/install/mrs_multirotor_simulator/./include/mrs_multirotor_simulator/uav_system/ode/boost/numeric/odeint/util/resize.hpp
-- Symlinking: /home/gaurav/mrs_workspace/install/mrs_multirotor_simulator/./include/mrs_multirotor_simulator/uav_system/ode/boost/numeric/odeint/util/resizer.hpp
-- Symlinking: /home/gaurav/mrs_workspace/install/mrs_multirotor_simulator/./include/mrs_multirotor_simulator/uav_system/ode/boost/numeric/odeint/util/same_instance.hpp
-- Symlinking: /home/gaurav/mrs_workspace/install/mrs_multirotor_simulator/./include/mrs_multirotor_simulator/uav_system/ode/boost/numeric/odeint/util/same_size.hpp
-- Symlinking: /home/gaurav/mrs_workspace/install/mrs_multirotor_simulator/./include/mrs_multirotor_simulator/uav_system/ode/boost/numeric/odeint/util/state_wrapper.hpp
-- Symlinking: /home/gaurav/mrs_workspace/install/mrs_multirotor_simulator/./include/mrs_multirotor_simulator/uav_system/ode/boost/numeric/odeint/util/ublas_wrapper.hpp
-- Symlinking: /home/gaurav/mrs_workspace/install/mrs_multirotor_simulator/./include/mrs_multirotor_simulator/uav_system/ode/boost/numeric/odeint/util/unit_helper.hpp
-- Symlinking: /home/gaurav/mrs_workspace/install/mrs_multirotor_simulator/./include/mrs_multirotor_simulator/uav_system/ode/boost/numeric/odeint/util/unwrap_reference.hpp
-- Symlinking: /home/gaurav/mrs_workspace/install/mrs_multirotor_simulator/./include/mrs_multirotor_simulator/uav_system/ode/boost/numeric/odeint/version.hpp
-- Symlinking: /home/gaurav/mrs_workspace/install/mrs_multirotor_simulator/./include/mrs_multirotor_simulator/uav_system/uav_system.hpp
-- Symlinking: /home/gaurav/mrs_workspace/install/mrs_multirotor_simulator/./include/mrs_multirotor_simulator/uav_system_ros.h
-- Symlinking: /home/gaurav/mrs_workspace/install/mrs_multirotor_simulator/./include/nanoflann.hpp
-- Symlinking: /home/gaurav/mrs_workspace/install/mrs_multirotor_simulator/share/mrs_multirotor_simulator/launch/hw_api.launch.py
-- Symlinking: /home/gaurav/mrs_workspace/install/mrs_multirotor_simulator/share/mrs_multirotor_simulator/launch/multirotor_simulator.launch.py
-- Symlinking: /home/gaurav/mrs_workspace/install/mrs_multirotor_simulator/share/mrs_multirotor_simulator/config/controllers/attitude_controller.yaml
-- Symlinking: /home/gaurav/mrs_workspace/install/mrs_multirotor_simulator/share/mrs_multirotor_simulator/config/controllers/mixer.yaml
-- Symlinking: /home/gaurav/mrs_workspace/install/mrs_multirotor_simulator/share/mrs_multirotor_simulator/config/controllers/position_controller.yaml
-- Symlinking: /home/gaurav/mrs_workspace/install/mrs_multirotor_simulator/share/mrs_multirotor_simulator/config/controllers/rate_controller.yaml
-- Symlinking: /home/gaurav/mrs_workspace/install/mrs_multirotor_simulator/share/mrs_multirotor_simulator/config/controllers/velocity_controller.yaml
-- Symlinking: /home/gaurav/mrs_workspace/install/mrs_multirotor_simulator/share/mrs_multirotor_simulator/config/hw_api.yaml
-- Symlinking: /home/gaurav/mrs_workspace/install/mrs_multirotor_simulator/share/mrs_multirotor_simulator/config/mrs_uav_system/a300.yaml
-- Symlinking: /home/gaurav/mrs_workspace/install/mrs_multirotor_simulator/share/mrs_multirotor_simulator/config/mrs_uav_system/f330.yaml
-- Symlinking: /home/gaurav/mrs_workspace/install/mrs_multirotor_simulator/share/mrs_multirotor_simulator/config/mrs_uav_system/f450.yaml
-- Symlinking: /home/gaurav/mrs_workspace/install/mrs_multirotor_simulator/share/mrs_multirotor_simulator/config/mrs_uav_system/f550.yaml
-- Symlinking: /home/gaurav/mrs_workspace/install/mrs_multirotor_simulator/share/mrs_multirotor_simulator/config/mrs_uav_system/robofly.yaml
-- Symlinking: /home/gaurav/mrs_workspace/install/mrs_multirotor_simulator/share/mrs_multirotor_simulator/config/mrs_uav_system/t650.yaml
-- Symlinking: /home/gaurav/mrs_workspace/install/mrs_multirotor_simulator/share/mrs_multirotor_simulator/config/mrs_uav_system/x500.yaml
-- Symlinking: /home/gaurav/mrs_workspace/install/mrs_multirotor_simulator/share/mrs_multirotor_simulator/config/multirotor_simulator.yaml
-- Symlinking: /home/gaurav/mrs_workspace/install/mrs_multirotor_simulator/share/mrs_multirotor_simulator/config/uavs.yaml
-- Symlinking: /home/gaurav/mrs_workspace/install/mrs_multirotor_simulator/share/mrs_multirotor_simulator/config/uavs/a300.yaml
-- Symlinking: /home/gaurav/mrs_workspace/install/mrs_multirotor_simulator/share/mrs_multirotor_simulator/config/uavs/f330.yaml
-- Symlinking: /home/gaurav/mrs_workspace/install/mrs_multirotor_simulator/share/mrs_multirotor_simulator/config/uavs/f450.yaml
-- Symlinking: /home/gaurav/mrs_workspace/install/mrs_multirotor_simulator/share/mrs_multirotor_simulator/config/uavs/f550.yaml
-- Symlinking: /home/gaurav/mrs_workspace/install/mrs_multirotor_simulator/share/mrs_multirotor_simulator/config/uavs/naki.yaml
-- Symlinking: /home/gaurav/mrs_workspace/install/mrs_multirotor_simulator/share/mrs_multirotor_simulator/config/uavs/robofly.yaml
-- Symlinking: /home/gaurav/mrs_workspace/install/mrs_multirotor_simulator/share/mrs_multirotor_simulator/config/uavs/t650.yaml
-- Symlinking: /home/gaurav/mrs_workspace/install/mrs_multirotor_simulator/share/mrs_multirotor_simulator/config/uavs/x500.yaml
-- Symlinking: /home/gaurav/mrs_workspace/install/mrs_multirotor_simulator/share/ament_index/resource_index/package_run_dependencies/mrs_multirotor_simulator
-- Symlinking: /home/gaurav/mrs_workspace/install/mrs_multirotor_simulator/share/ament_index/resource_index/parent_prefix_path/mrs_multirotor_simulator
-- Symlinking: /home/gaurav/mrs_workspace/install/mrs_multirotor_simulator/share/mrs_multirotor_simulator/environment/ament_prefix_path.sh
-- Symlinking: /home/gaurav/mrs_workspace/install/mrs_multirotor_simulator/share/mrs_multirotor_simulator/environment/ament_prefix_path.dsv
-- Symlinking: /home/gaurav/mrs_workspace/install/mrs_multirotor_simulator/share/mrs_multirotor_simulator/environment/path.sh
-- Symlinking: /home/gaurav/mrs_workspace/install/mrs_multirotor_simulator/share/mrs_multirotor_simulator/environment/path.dsv
-- Symlinking: /home/gaurav/mrs_workspace/install/mrs_multirotor_simulator/share/mrs_multirotor_simulator/local_setup.bash
-- Symlinking: /home/gaurav/mrs_workspace/install/mrs_multirotor_simulator/share/mrs_multirotor_simulator/local_setup.sh
-- Symlinking: /home/gaurav/mrs_workspace/install/mrs_multirotor_simulator/share/mrs_multirotor_simulator/local_setup.zsh
-- Symlinking: /home/gaurav/mrs_workspace/install/mrs_multirotor_simulator/share/mrs_multirotor_simulator/local_setup.dsv
-- Symlinking: /home/gaurav/mrs_workspace/install/mrs_multirotor_simulator/share/mrs_multirotor_simulator/package.dsv
-- Symlinking: /home/gaurav/mrs_workspace/install/mrs_multirotor_simulator/share/ament_index/resource_index/packages/mrs_multirotor_simulator
-- Symlinking: /home/gaurav/mrs_workspace/install/mrs_multirotor_simulator/share/ament_index/resource_index/mrs_uav_hw_api__pluginlib__plugin/mrs_multirotor_simulator
-- Symlinking: /home/gaurav/mrs_workspace/install/mrs_multirotor_simulator/share/ament_index/resource_index/rclcpp_components/mrs_multirotor_simulator
-- Symlinking: /home/gaurav/mrs_workspace/install/mrs_multirotor_simulator/share/mrs_multirotor_simulator/cmake/ament_cmake_export_libraries-extras.cmake
-- Symlinking: /home/gaurav/mrs_workspace/install/mrs_multirotor_simulator/share/mrs_multirotor_simulator/cmake/ament_cmake_export_include_directories-extras.cmake
-- Symlinking: /home/gaurav/mrs_workspace/install/mrs_multirotor_simulator/share/mrs_multirotor_simulator/cmake/ament_cmake_export_targets-extras.cmake
-- Symlinking: /home/gaurav/mrs_workspace/install/mrs_multirotor_simulator/share/mrs_multirotor_simulator/cmake/ament_cmake_export_dependencies-extras.cmake
-- Symlinking: /home/gaurav/mrs_workspace/install/mrs_multirotor_simulator/share/mrs_multirotor_simulator/cmake/mrs_multirotor_simulatorConfig.cmake
-- Symlinking: /home/gaurav/mrs_workspace/install/mrs_multirotor_simulator/share/mrs_multirotor_simulator/cmake/mrs_multirotor_simulatorConfig-version.cmake
-- Symlinking: /home/gaurav/mrs_workspace/install/mrs_multirotor_simulator/share/mrs_multirotor_simulator/package.xml
-- Installing: /home/gaurav/mrs_workspace/install/mrs_multirotor_simulator/lib/libMrsMultirotorSimulator_Simulator.so
-- Set non-toolchain portion of runtime path of "/home/gaurav/mrs_workspace/install/mrs_multirotor_simulator/lib/libMrsMultirotorSimulator_Simulator.so" to ""
-- Installing: /home/gaurav/mrs_workspace/install/mrs_multirotor_simulator/lib/libMrsMultirotorSimulator_SimulatorSystemRos.so
-- Set non-toolchain portion of runtime path of "/home/gaurav/mrs_workspace/install/mrs_multirotor_simulator/lib/libMrsMultirotorSimulator_SimulatorSystemRos.so" to ""
-- Installing: /home/gaurav/mrs_workspace/install/mrs_multirotor_simulator/lib/libMrsMultirotorSimulator_HwApiPlugin.so
-- Set non-toolchain portion of runtime path of "/home/gaurav/mrs_workspace/install/mrs_multirotor_simulator/lib/libMrsMultirotorSimulator_HwApiPlugin.so" to ""
-- Installing: /home/gaurav/mrs_workspace/install/mrs_multirotor_simulator/share/mrs_multirotor_simulator/tmux
-- Installing: /home/gaurav/mrs_workspace/install/mrs_multirotor_simulator/share/mrs_multirotor_simulator/tmux/standalone
-- Installing: /home/gaurav/mrs_workspace/install/mrs_multirotor_simulator/share/mrs_multirotor_simulator/tmux/standalone/layout.json
-- Installing: /home/gaurav/mrs_workspace/install/mrs_multirotor_simulator/share/mrs_multirotor_simulator/tmux/standalone/session.yml
-- Installing: /home/gaurav/mrs_workspace/install/mrs_multirotor_simulator/share/mrs_multirotor_simulator/tmux/standalone/rviz.rviz
-- Installing: /home/gaurav/mrs_workspace/install/mrs_multirotor_simulator/share/mrs_multirotor_simulator/tmux/standalone/custom_configs
-- Installing: /home/gaurav/mrs_workspace/install/mrs_multirotor_simulator/share/mrs_multirotor_simulator/tmux/standalone/custom_configs/simulator.yaml
-- Installing: /home/gaurav/mrs_workspace/install/mrs_multirotor_simulator/share/mrs_multirotor_simulator/tmux/standalone/goto.py
-- Installing: /home/gaurav/mrs_workspace/install/mrs_multirotor_simulator/share/mrs_multirotor_simulator/tmux/standalone/start.sh
-- Installing: /home/gaurav/mrs_workspace/install/mrs_multirotor_simulator/share/mrs_multirotor_simulator/tmux/standalone/kill.sh
-- Installing: /home/gaurav/mrs_workspace/install/mrs_multirotor_simulator/share/mrs_multirotor_simulator/tmux/mrs_two_drones
-- Installing: /home/gaurav/mrs_workspace/install/mrs_multirotor_simulator/share/mrs_multirotor_simulator/tmux/mrs_two_drones/goto1.py
-- Installing: /home/gaurav/mrs_workspace/install/mrs_multirotor_simulator/share/mrs_multirotor_simulator/tmux/mrs_two_drones/layout.json
-- Installing: /home/gaurav/mrs_workspace/install/mrs_multirotor_simulator/share/mrs_multirotor_simulator/tmux/mrs_two_drones/session.yml
-- Installing: /home/gaurav/mrs_workspace/install/mrs_multirotor_simulator/share/mrs_multirotor_simulator/tmux/mrs_two_drones/rviz.rviz
-- Installing: /home/gaurav/mrs_workspace/install/mrs_multirotor_simulator/share/mrs_multirotor_simulator/tmux/mrs_two_drones/goto2.py
-- Installing: /home/gaurav/mrs_workspace/install/mrs_multirotor_simulator/share/mrs_multirotor_simulator/tmux/mrs_two_drones/config
-- Installing: /home/gaurav/mrs_workspace/install/mrs_multirotor_simulator/share/mrs_multirotor_simulator/tmux/mrs_two_drones/config/network_config.yaml
-- Installing: /home/gaurav/mrs_workspace/install/mrs_multirotor_simulator/share/mrs_multirotor_simulator/tmux/mrs_two_drones/config/world_config.yaml
-- Installing: /home/gaurav/mrs_workspace/install/mrs_multirotor_simulator/share/mrs_multirotor_simulator/tmux/mrs_two_drones/config/simulator.yaml
-- Installing: /home/gaurav/mrs_workspace/install/mrs_multirotor_simulator/share/mrs_multirotor_simulator/tmux/mrs_two_drones/config/custom_config.yaml
-- Installing: /home/gaurav/mrs_workspace/install/mrs_multirotor_simulator/share/mrs_multirotor_simulator/tmux/mrs_two_drones/config/automatic_start.yaml
-- Installing: /home/gaurav/mrs_workspace/install/mrs_multirotor_simulator/share/mrs_multirotor_simulator/tmux/mrs_two_drones/start.sh
-- Installing: /home/gaurav/mrs_workspace/install/mrs_multirotor_simulator/share/mrs_multirotor_simulator/tmux/mrs_two_drones/midair.sh
-- Installing: /home/gaurav/mrs_workspace/install/mrs_multirotor_simulator/share/mrs_multirotor_simulator/tmux/mrs_two_drones/kill.sh
-- Installing: /home/gaurav/mrs_workspace/install/mrs_multirotor_simulator/share/mrs_multirotor_simulator/tmux/mrs_one_drone
-- Installing: /home/gaurav/mrs_workspace/install/mrs_multirotor_simulator/share/mrs_multirotor_simulator/tmux/mrs_one_drone/params.sh
-- Installing: /home/gaurav/mrs_workspace/install/mrs_multirotor_simulator/share/mrs_multirotor_simulator/tmux/mrs_one_drone/takeoff.sh
-- Installing: /home/gaurav/mrs_workspace/install/mrs_multirotor_simulator/share/mrs_multirotor_simulator/tmux/mrs_one_drone/layout.json
-- Installing: /home/gaurav/mrs_workspace/install/mrs_multirotor_simulator/share/mrs_multirotor_simulator/tmux/mrs_one_drone/session.yml
-- Installing: /home/gaurav/mrs_workspace/install/mrs_multirotor_simulator/share/mrs_multirotor_simulator/tmux/mrs_one_drone/rviz.rviz
-- Installing: /home/gaurav/mrs_workspace/install/mrs_multirotor_simulator/share/mrs_multirotor_simulator/tmux/mrs_one_drone/goto.py
-- Installing: /home/gaurav/mrs_workspace/install/mrs_multirotor_simulator/share/mrs_multirotor_simulator/tmux/mrs_one_drone/path.py
-- Installing: /home/gaurav/mrs_workspace/install/mrs_multirotor_simulator/share/mrs_multirotor_simulator/tmux/mrs_one_drone/land_home.sh
-- Installing: /home/gaurav/mrs_workspace/install/mrs_multirotor_simulator/share/mrs_multirotor_simulator/tmux/mrs_one_drone/config
-- Installing: /home/gaurav/mrs_workspace/install/mrs_multirotor_simulator/share/mrs_multirotor_simulator/tmux/mrs_one_drone/config/network_config.yaml
-- Installing: /home/gaurav/mrs_workspace/install/mrs_multirotor_simulator/share/mrs_multirotor_simulator/tmux/mrs_one_drone/config/world_config.yaml
-- Installing: /home/gaurav/mrs_workspace/install/mrs_multirotor_simulator/share/mrs_multirotor_simulator/tmux/mrs_one_drone/config/simulator.yaml
-- Installing: /home/gaurav/mrs_workspace/install/mrs_multirotor_simulator/share/mrs_multirotor_simulator/tmux/mrs_one_drone/config/custom_config.yaml
-- Installing: /home/gaurav/mrs_workspace/install/mrs_multirotor_simulator/share/mrs_multirotor_simulator/tmux/mrs_one_drone/config/automatic_start.yaml
-- Installing: /home/gaurav/mrs_workspace/install/mrs_multirotor_simulator/share/mrs_multirotor_simulator/tmux/mrs_one_drone/eland.sh
-- Installing: /home/gaurav/mrs_workspace/install/mrs_multirotor_simulator/share/mrs_multirotor_simulator/tmux/mrs_one_drone/constraints.sh
-- Installing: /home/gaurav/mrs_workspace/install/mrs_multirotor_simulator/share/mrs_multirotor_simulator/tmux/mrs_one_drone/start.sh
-- Installing: /home/gaurav/mrs_workspace/install/mrs_multirotor_simulator/share/mrs_multirotor_simulator/tmux/mrs_one_drone/land.sh
-- Installing: /home/gaurav/mrs_workspace/install/mrs_multirotor_simulator/share/mrs_multirotor_simulator/tmux/mrs_one_drone/midair.sh
-- Installing: /home/gaurav/mrs_workspace/install/mrs_multirotor_simulator/share/mrs_multirotor_simulator/tmux/mrs_one_drone/reference.py
-- Installing: /home/gaurav/mrs_workspace/install/mrs_multirotor_simulator/share/mrs_multirotor_simulator/tmux/mrs_one_drone/estimator.sh
-- Installing: /home/gaurav/mrs_workspace/install/mrs_multirotor_simulator/share/mrs_multirotor_simulator/tmux/mrs_one_drone/controller.sh
-- Installing: /home/gaurav/mrs_workspace/install/mrs_multirotor_simulator/share/mrs_multirotor_simulator/tmux/mrs_one_drone/kill.sh
-- Installing: /home/gaurav/mrs_workspace/install/mrs_multirotor_simulator/share/mrs_multirotor_simulator/tmux/mrs_one_drone/gains.sh
-- Installing: /home/gaurav/mrs_workspace/install/mrs_multirotor_simulator/share/mrs_multirotor_simulator/tmux/mrs_one_drone/failsafe.sh
-- Installing: /home/gaurav/mrs_workspace/install/mrs_multirotor_simulator/share/mrs_multirotor_simulator/tmux/mrs_one_drone/tracker.sh
-- Installing: /home/gaurav/mrs_workspace/install/mrs_multirotor_simulator/share/mrs_multirotor_simulator/tmux/standalone_400_uavs
-- Installing: /home/gaurav/mrs_workspace/install/mrs_multirotor_simulator/share/mrs_multirotor_simulator/tmux/standalone_400_uavs/layout.json
-- Installing: /home/gaurav/mrs_workspace/install/mrs_multirotor_simulator/share/mrs_multirotor_simulator/tmux/standalone_400_uavs/session.yml
-- Installing: /home/gaurav/mrs_workspace/install/mrs_multirotor_simulator/share/mrs_multirotor_simulator/tmux/standalone_400_uavs/rviz.rviz
-- Installing: /home/gaurav/mrs_workspace/install/mrs_multirotor_simulator/share/mrs_multirotor_simulator/tmux/standalone_400_uavs/custom_configs
-- Installing: /home/gaurav/mrs_workspace/install/mrs_multirotor_simulator/share/mrs_multirotor_simulator/tmux/standalone_400_uavs/custom_configs/simulator.yaml
-- Installing: /home/gaurav/mrs_workspace/install/mrs_multirotor_simulator/share/mrs_multirotor_simulator/tmux/standalone_400_uavs/goto.py
-- Installing: /home/gaurav/mrs_workspace/install/mrs_multirotor_simulator/share/mrs_multirotor_simulator/tmux/standalone_400_uavs/start.sh
-- Installing: /home/gaurav/mrs_workspace/install/mrs_multirotor_simulator/share/mrs_multirotor_simulator/tmux/standalone_400_uavs/kill.sh
-- Installing: /home/gaurav/mrs_workspace/install/mrs_multirotor_simulator/lib/mrs_multirotor_simulator/scripts
-- Installing: /home/gaurav/mrs_workspace/install/mrs_multirotor_simulator/lib/mrs_multirotor_simulator/scripts/get_public_params.py
-- Installing: /home/gaurav/mrs_workspace/install/mrs_multirotor_simulator/share/mrs_multirotor_simulator/cmake/export_mrs_multirotor_simulatorExport.cmake
-- Installing: /home/gaurav/mrs_workspace/install/mrs_multirotor_simulator/share/mrs_multirotor_simulator/cmake/export_mrs_multirotor_simulatorExport-release.cmake
