[0.012s] Invoking command in '/home/gaurav/mrs_workspace/build/mrs_multirotor_simulator': CMAKE_PREFIX_PATH=/home/gaurav/mrs_workspace/install/mrs_uav_hw_api:/home/gaurav/mrs_workspace/install/mrs_uav_testing:/home/gaurav/mrs_workspace/install/mrs_lib:/home/gaurav/mrs_workspace/install/mrs_msgs:/home/gaurav/mrs_workspace/install/mrs_uav_system_full:/home/gaurav/mrs_workspace/install/mrs_uav_system:/home/gaurav/mrs_workspace/install/mrs_uav_core:/home/gaurav/mrs_workspace/install/mrs_uav_trajectory_generation:/home/gaurav/mrs_workspace/install/mrs_uav_trackers:/home/gaurav/mrs_workspace/install/mrs_uav_state_estimators:/home/gaurav/mrs_workspace/install/mrs_uav_controllers:/home/gaurav/mrs_workspace/install/mrs_uav_managers:/home/gaurav/mrs_workspace/install/mrs_multirotor_simulator:/home/gaurav/mrs_workspace/install/mrs_uav_autostart:/home/gaurav/mrs_workspace/install/mrs_uav_status:/home/gaurav/mrs_workspace/install/mrs_uav_modules:/home/gaurav/mrs_workspace/install/mrs_serial:/home/gaurav/mrs_workspace/install/mrs_rviz_plugins:/home/gaurav/mrs_workspace/install/mrs_modules_msgs:/opt/ros/jazzy/opt/gz_math_vendor:/opt/ros/jazzy/opt/gz_utils_vendor:/opt/ros/jazzy/opt/gz_cmake_vendor:/opt/ros/jazzy DEBUGINFOD_URLS=https://debuginfod.ubuntu.com LD_LIBRARY_PATH=/home/gaurav/mrs_workspace/install/mrs_uav_hw_api/lib:/home/gaurav/mrs_workspace/install/mrs_lib/lib:/home/gaurav/mrs_workspace/install/mrs_msgs/lib:/home/gaurav/mrs_workspace/install/mrs_uav_trajectory_generation/lib:/home/gaurav/mrs_workspace/install/mrs_uav_trackers/lib:/home/gaurav/mrs_workspace/install/mrs_uav_state_estimators/lib:/home/gaurav/mrs_workspace/install/mrs_uav_controllers/lib:/home/gaurav/mrs_workspace/install/mrs_uav_managers/lib:/home/gaurav/mrs_workspace/install/mrs_multirotor_simulator/lib:/home/gaurav/mrs_workspace/install/mrs_uav_autostart/lib:/home/gaurav/mrs_workspace/install/mrs_uav_testing/lib:/home/gaurav/mrs_workspace/install/mrs_uav_status/lib:/home/gaurav/mrs_workspace/install/mrs_serial/lib:/home/gaurav/mrs_workspace/install/mrs_rviz_plugins/lib:/home/gaurav/mrs_workspace/install/mrs_modules_msgs/lib:/opt/ros/jazzy/opt/zenoh_cpp_vendor/lib:/opt/ros/jazzy/opt/rviz_ogre_vendor/lib:/opt/ros/jazzy/lib/x86_64-linux-gnu:/opt/ros/jazzy/opt/gz_math_vendor/lib:/opt/ros/jazzy/opt/gz_utils_vendor/lib:/opt/ros/jazzy/opt/gz_cmake_vendor/lib:/opt/ros/jazzy/lib /usr/bin/cmake /home/gaurav/mrs_workspace/src/mrs_uav_core/ros_packages/mrs_multirotor_simulator -DCMAKE_BUILD_TYPE=Release -DAMENT_CMAKE_SYMLINK_INSTALL=1 -DCMAKE_INSTALL_PREFIX=/home/gaurav/mrs_workspace/install/mrs_multirotor_simulator
[0.048s] -- The C compiler identification is GNU 13.3.0
[0.083s] -- The CXX compiler identification is GNU 13.3.0
[0.096s] -- Detecting C compiler ABI info
[0.157s] -- Detecting C compiler ABI info - done
[0.163s] -- Check for working C compiler: /usr/bin/cc - skipped
[0.163s] -- Detecting C compile features
[0.164s] -- Detecting C compile features - done
[0.170s] -- Detecting CXX compiler ABI info
[0.236s] -- Detecting CXX compiler ABI info - done
[0.241s] -- Check for working CXX compiler: /usr/bin/c++ - skipped
[0.242s] -- Detecting CXX compile features
[0.242s] -- Detecting CXX compile features - done
[0.244s] -- Found rclcpp: 28.1.13 (/opt/ros/jazzy/share/rclcpp/cmake)
[0.343s] -- Found Python3: /usr/bin/python3 (found version "3.12.3") found components: Interpreter 
[0.392s] -- Override CMake install command with custom implementation using symlinks instead of copying resources
[0.441s] -- Found rosidl_generator_c: 4.6.6 (/opt/ros/jazzy/share/rosidl_generator_c/cmake)
[0.449s] -- Found rosidl_generator_cpp: 4.6.6 (/opt/ros/jazzy/share/rosidl_generator_cpp/cmake)
[0.460s] -- Using all available rosidl_typesupport_c: rosidl_typesupport_fastrtps_c;rosidl_typesupport_introspection_c
[0.471s] -- Using all available rosidl_typesupport_cpp: rosidl_typesupport_fastrtps_cpp;rosidl_typesupport_introspection_cpp
[0.519s] -- Found rmw_implementation_cmake: 7.3.2 (/opt/ros/jazzy/share/rmw_implementation_cmake/cmake)
[0.521s] -- Found rmw_fastrtps_cpp: 8.4.3 (/opt/ros/jazzy/share/rmw_fastrtps_cpp/cmake)
[0.577s] -- Found OpenSSL: /usr/lib/x86_64-linux-gnu/libcrypto.so (found version "3.0.13")  
[0.590s] -- Found FastRTPS: /opt/ros/jazzy/include (Required is at least version "2.13") 
[0.606s] -- Using RMW implementation 'rmw_fastrtps_cpp' as default
[0.653s] -- Found rclcpp_components: 28.1.13 (/opt/ros/jazzy/share/rclcpp_components/cmake)
[0.676s] -- Found mrs_msgs: 2.0.0 (/home/gaurav/mrs_workspace/install/mrs_msgs/share/mrs_msgs/cmake)
[0.735s] -- Found mrs_lib: 2.0.0 (/home/gaurav/mrs_workspace/install/mrs_lib/share/mrs_lib/cmake)
[0.769s] -- Found eigen3_cmake_module: 0.3.0 (/opt/ros/jazzy/share/eigen3_cmake_module/cmake)
[0.770s] -- Found Eigen3: TRUE (found version "3.4.0") 
[0.770s] -- Ensuring Eigen3 include directory is part of orocos-kdl CMake target
[0.864s] -- Found pluginlib: 5.4.3 (/opt/ros/jazzy/share/pluginlib/cmake)
[0.867s] -- Found mrs_uav_hw_api: 2.0.0 (/home/gaurav/mrs_workspace/install/mrs_uav_hw_api/share/mrs_uav_hw_api/cmake)
[0.969s] -- Configuring done (0.9s)
[0.992s] -- Generating done (0.0s)
[0.998s] -- Build files have been written to: /home/gaurav/mrs_workspace/build/mrs_multirotor_simulator
[1.006s] Invoked command in '/home/gaurav/mrs_workspace/build/mrs_multirotor_simulator' returned '0': CMAKE_PREFIX_PATH=/home/gaurav/mrs_workspace/install/mrs_uav_hw_api:/home/gaurav/mrs_workspace/install/mrs_uav_testing:/home/gaurav/mrs_workspace/install/mrs_lib:/home/gaurav/mrs_workspace/install/mrs_msgs:/home/gaurav/mrs_workspace/install/mrs_uav_system_full:/home/gaurav/mrs_workspace/install/mrs_uav_system:/home/gaurav/mrs_workspace/install/mrs_uav_core:/home/gaurav/mrs_workspace/install/mrs_uav_trajectory_generation:/home/gaurav/mrs_workspace/install/mrs_uav_trackers:/home/gaurav/mrs_workspace/install/mrs_uav_state_estimators:/home/gaurav/mrs_workspace/install/mrs_uav_controllers:/home/gaurav/mrs_workspace/install/mrs_uav_managers:/home/gaurav/mrs_workspace/install/mrs_multirotor_simulator:/home/gaurav/mrs_workspace/install/mrs_uav_autostart:/home/gaurav/mrs_workspace/install/mrs_uav_status:/home/gaurav/mrs_workspace/install/mrs_uav_modules:/home/gaurav/mrs_workspace/install/mrs_serial:/home/gaurav/mrs_workspace/install/mrs_rviz_plugins:/home/gaurav/mrs_workspace/install/mrs_modules_msgs:/opt/ros/jazzy/opt/gz_math_vendor:/opt/ros/jazzy/opt/gz_utils_vendor:/opt/ros/jazzy/opt/gz_cmake_vendor:/opt/ros/jazzy DEBUGINFOD_URLS=https://debuginfod.ubuntu.com LD_LIBRARY_PATH=/home/gaurav/mrs_workspace/install/mrs_uav_hw_api/lib:/home/gaurav/mrs_workspace/install/mrs_lib/lib:/home/gaurav/mrs_workspace/install/mrs_msgs/lib:/home/gaurav/mrs_workspace/install/mrs_uav_trajectory_generation/lib:/home/gaurav/mrs_workspace/install/mrs_uav_trackers/lib:/home/gaurav/mrs_workspace/install/mrs_uav_state_estimators/lib:/home/gaurav/mrs_workspace/install/mrs_uav_controllers/lib:/home/gaurav/mrs_workspace/install/mrs_uav_managers/lib:/home/gaurav/mrs_workspace/install/mrs_multirotor_simulator/lib:/home/gaurav/mrs_workspace/install/mrs_uav_autostart/lib:/home/gaurav/mrs_workspace/install/mrs_uav_testing/lib:/home/gaurav/mrs_workspace/install/mrs_uav_status/lib:/home/gaurav/mrs_workspace/install/mrs_serial/lib:/home/gaurav/mrs_workspace/install/mrs_rviz_plugins/lib:/home/gaurav/mrs_workspace/install/mrs_modules_msgs/lib:/opt/ros/jazzy/opt/zenoh_cpp_vendor/lib:/opt/ros/jazzy/opt/rviz_ogre_vendor/lib:/opt/ros/jazzy/lib/x86_64-linux-gnu:/opt/ros/jazzy/opt/gz_math_vendor/lib:/opt/ros/jazzy/opt/gz_utils_vendor/lib:/opt/ros/jazzy/opt/gz_cmake_vendor/lib:/opt/ros/jazzy/lib /usr/bin/cmake /home/gaurav/mrs_workspace/src/mrs_uav_core/ros_packages/mrs_multirotor_simulator -DCMAKE_BUILD_TYPE=Release -DAMENT_CMAKE_SYMLINK_INSTALL=1 -DCMAKE_INSTALL_PREFIX=/home/gaurav/mrs_workspace/install/mrs_multirotor_simulator
[1.007s] Invoking command in '/home/gaurav/mrs_workspace/build/mrs_multirotor_simulator': CMAKE_PREFIX_PATH=/home/gaurav/mrs_workspace/install/mrs_uav_hw_api:/home/gaurav/mrs_workspace/install/mrs_uav_testing:/home/gaurav/mrs_workspace/install/mrs_lib:/home/gaurav/mrs_workspace/install/mrs_msgs:/home/gaurav/mrs_workspace/install/mrs_uav_system_full:/home/gaurav/mrs_workspace/install/mrs_uav_system:/home/gaurav/mrs_workspace/install/mrs_uav_core:/home/gaurav/mrs_workspace/install/mrs_uav_trajectory_generation:/home/gaurav/mrs_workspace/install/mrs_uav_trackers:/home/gaurav/mrs_workspace/install/mrs_uav_state_estimators:/home/gaurav/mrs_workspace/install/mrs_uav_controllers:/home/gaurav/mrs_workspace/install/mrs_uav_managers:/home/gaurav/mrs_workspace/install/mrs_multirotor_simulator:/home/gaurav/mrs_workspace/install/mrs_uav_autostart:/home/gaurav/mrs_workspace/install/mrs_uav_status:/home/gaurav/mrs_workspace/install/mrs_uav_modules:/home/gaurav/mrs_workspace/install/mrs_serial:/home/gaurav/mrs_workspace/install/mrs_rviz_plugins:/home/gaurav/mrs_workspace/install/mrs_modules_msgs:/opt/ros/jazzy/opt/gz_math_vendor:/opt/ros/jazzy/opt/gz_utils_vendor:/opt/ros/jazzy/opt/gz_cmake_vendor:/opt/ros/jazzy DEBUGINFOD_URLS=https://debuginfod.ubuntu.com LD_LIBRARY_PATH=/home/gaurav/mrs_workspace/install/mrs_uav_hw_api/lib:/home/gaurav/mrs_workspace/install/mrs_lib/lib:/home/gaurav/mrs_workspace/install/mrs_msgs/lib:/home/gaurav/mrs_workspace/install/mrs_uav_trajectory_generation/lib:/home/gaurav/mrs_workspace/install/mrs_uav_trackers/lib:/home/gaurav/mrs_workspace/install/mrs_uav_state_estimators/lib:/home/gaurav/mrs_workspace/install/mrs_uav_controllers/lib:/home/gaurav/mrs_workspace/install/mrs_uav_managers/lib:/home/gaurav/mrs_workspace/install/mrs_multirotor_simulator/lib:/home/gaurav/mrs_workspace/install/mrs_uav_autostart/lib:/home/gaurav/mrs_workspace/install/mrs_uav_testing/lib:/home/gaurav/mrs_workspace/install/mrs_uav_status/lib:/home/gaurav/mrs_workspace/install/mrs_serial/lib:/home/gaurav/mrs_workspace/install/mrs_rviz_plugins/lib:/home/gaurav/mrs_workspace/install/mrs_modules_msgs/lib:/opt/ros/jazzy/opt/zenoh_cpp_vendor/lib:/opt/ros/jazzy/opt/rviz_ogre_vendor/lib:/opt/ros/jazzy/lib/x86_64-linux-gnu:/opt/ros/jazzy/opt/gz_math_vendor/lib:/opt/ros/jazzy/opt/gz_utils_vendor/lib:/opt/ros/jazzy/opt/gz_cmake_vendor/lib:/opt/ros/jazzy/lib /usr/bin/cmake --build /home/gaurav/mrs_workspace/build/mrs_multirotor_simulator -- -j20 -l20
[1.043s] [ 16%] Building CXX object CMakeFiles/MrsMultirotorSimulator_HwApiPlugin.dir/src/hw_api_plugin.cpp.o
[1.049s] [ 33%] Building CXX object CMakeFiles/MrsMultirotorSimulator_SimulatorSystemRos.dir/src/uav_system_ros.cpp.o
[25.329s] [ 50%] Linking CXX shared library libMrsMultirotorSimulator_HwApiPlugin.so
[25.555s] [ 50%] Built target MrsMultirotorSimulator_HwApiPlugin
[33.692s] In file included from /usr/include/boost/numeric/odeint/stepper/runge_kutta4.hpp:27,
[33.692s]                  from /home/gaurav/mrs_workspace/src/mrs_uav_core/ros_packages/mrs_multirotor_simulator/include/mrs_multirotor_simulator/uav_system/ode/boost/numeric/odeint.hpp:29,
[33.692s]                  from /home/gaurav/mrs_workspace/src/mrs_uav_core/ros_packages/mrs_multirotor_simulator/include/mrs_multirotor_simulator/uav_system/multirotor_model.hpp:13,
[33.692s]                  from /home/gaurav/mrs_workspace/src/mrs_uav_core/ros_packages/mrs_multirotor_simulator/include/mrs_multirotor_simulator/uav_system/uav_system.hpp:4,
[33.692s]                  from /home/gaurav/mrs_workspace/src/mrs_uav_core/ros_packages/mrs_multirotor_simulator/include/mrs_multirotor_simulator/uav_system_ros.h:15,
[33.692s]                  from /home/gaurav/mrs_workspace/src/mrs_uav_core/ros_packages/mrs_multirotor_simulator/src/uav_system_ros.cpp:1:
[33.692s] In copy constructor ‘constexpr boost::numeric::odeint::explicit_generic_rk<4, 4, boost::array<double, 18>, double, boost::array<double, 18>, double, boost::numeric::odeint::array_algebra, boost::numeric::odeint::default_operations, boost::numeric::odeint::initially_resizer>::explicit_generic_rk(const boost::numeric::odeint::explicit_generic_rk<4, 4, boost::array<double, 18>, double, boost::array<double, 18>, double, boost::numeric::odeint::array_algebra, boost::numeric::odeint::default_operations, boost::numeric::odeint::initially_resizer>&)’,
[33.693s]     inlined from ‘constexpr boost::numeric::odeint::runge_kutta4<boost::array<double, 18> >::runge_kutta4(const boost::numeric::odeint::runge_kutta4<boost::array<double, 18> >&)’ at /usr/include/boost/numeric/odeint/stepper/runge_kutta4.hpp:112:7,
[33.693s]     inlined from ‘void mrs_multirotor_simulator::MultirotorModel::step(const double&)’ at /home/gaurav/mrs_workspace/src/mrs_uav_core/ros_packages/mrs_multirotor_simulator/include/mrs_multirotor_simulator/uav_system/multirotor_model.hpp:226:28:
[33.693s] /usr/include/boost/numeric/odeint/stepper/explicit_generic_rk.hpp:94:7: warning: ‘rk.boost::numeric::odeint::runge_kutta4<boost::array<double, 18>, double, boost::array<double, 18>, double, boost::numeric::odeint::array_algebra, boost::numeric::odeint::default_operations, boost::numeric::odeint::initially_resizer>::<unnamed>.boost::numeric::odeint::explicit_generic_rk<4, 4, boost::array<double, 18>, double, boost::array<double, 18>, double, boost::numeric::odeint::array_algebra, boost::numeric::odeint::default_operations, boost::numeric::odeint::initially_resizer>::m_x_tmp’ is used uninitialized [-Wuninitialized]
[33.693s]    94 | class explicit_generic_rk : public explicit_stepper_base<
[33.693s]       |       ^~~~~~~~~~~~~~~~~~~
[33.693s] /home/gaurav/mrs_workspace/src/mrs_uav_core/ros_packages/mrs_multirotor_simulator/include/mrs_multirotor_simulator/uav_system/multirotor_model.hpp: In member function ‘void mrs_multirotor_simulator::MultirotorModel::step(const double&)’:
[33.693s] /home/gaurav/mrs_workspace/src/mrs_uav_core/ros_packages/mrs_multirotor_simulator/include/mrs_multirotor_simulator/uav_system/multirotor_model.hpp:224:55: note: ‘rk’ declared here
[33.693s]   224 |   boost::numeric::odeint::runge_kutta4<InternalState> rk;
[33.693s]       |                                                       ^~
[33.693s] In copy constructor ‘constexpr boost::numeric::odeint::explicit_generic_rk<4, 4, boost::array<double, 18>, double, boost::array<double, 18>, double, boost::numeric::odeint::array_algebra, boost::numeric::odeint::default_operations, boost::numeric::odeint::initially_resizer>::explicit_generic_rk(const boost::numeric::odeint::explicit_generic_rk<4, 4, boost::array<double, 18>, double, boost::array<double, 18>, double, boost::numeric::odeint::array_algebra, boost::numeric::odeint::default_operations, boost::numeric::odeint::initially_resizer>&)’,
[33.693s]     inlined from ‘constexpr boost::numeric::odeint::runge_kutta4<boost::array<double, 18> >::runge_kutta4(const boost::numeric::odeint::runge_kutta4<boost::array<double, 18> >&)’ at /usr/include/boost/numeric/odeint/stepper/runge_kutta4.hpp:112:7,
[33.693s]     inlined from ‘void mrs_multirotor_simulator::MultirotorModel::step(const double&)’ at /home/gaurav/mrs_workspace/src/mrs_uav_core/ros_packages/mrs_multirotor_simulator/include/mrs_multirotor_simulator/uav_system/multirotor_model.hpp:226:28:
[33.693s] /usr/include/boost/numeric/odeint/stepper/explicit_generic_rk.hpp:94:7: warning: ‘rk.boost::numeric::odeint::runge_kutta4<boost::array<double, 18>, double, boost::array<double, 18>, double, boost::numeric::odeint::array_algebra, boost::numeric::odeint::default_operations, boost::numeric::odeint::initially_resizer>::<unnamed>.boost::numeric::odeint::explicit_generic_rk<4, 4, boost::array<double, 18>, double, boost::array<double, 18>, double, boost::numeric::odeint::array_algebra, boost::numeric::odeint::default_operations, boost::numeric::odeint::initially_resizer>::m_F’ is used uninitialized [-Wuninitialized]
[33.693s]    94 | class explicit_generic_rk : public explicit_stepper_base<
[33.693s]       |       ^~~~~~~~~~~~~~~~~~~
[33.693s] /home/gaurav/mrs_workspace/src/mrs_uav_core/ros_packages/mrs_multirotor_simulator/include/mrs_multirotor_simulator/uav_system/multirotor_model.hpp: In member function ‘void mrs_multirotor_simulator::MultirotorModel::step(const double&)’:
[33.694s] /home/gaurav/mrs_workspace/src/mrs_uav_core/ros_packages/mrs_multirotor_simulator/include/mrs_multirotor_simulator/uav_system/multirotor_model.hpp:224:55: note: ‘rk’ declared here
[33.694s]   224 |   boost::numeric::odeint::runge_kutta4<InternalState> rk;
[33.694s]       |                                                       ^~
[46.138s] [ 66%] Linking CXX shared library libMrsMultirotorSimulator_SimulatorSystemRos.so
[46.407s] [ 66%] Built target MrsMultirotorSimulator_SimulatorSystemRos
[46.426s] [ 83%] Building CXX object CMakeFiles/MrsMultirotorSimulator_Simulator.dir/src/multirotor_simulator.cpp.o
[72.847s] In file included from /usr/include/boost/numeric/odeint/stepper/runge_kutta4.hpp:27,
[72.847s]                  from /home/gaurav/mrs_workspace/src/mrs_uav_core/ros_packages/mrs_multirotor_simulator/include/mrs_multirotor_simulator/uav_system/ode/boost/numeric/odeint.hpp:29,
[72.847s]                  from /home/gaurav/mrs_workspace/src/mrs_uav_core/ros_packages/mrs_multirotor_simulator/include/mrs_multirotor_simulator/uav_system/multirotor_model.hpp:13,
[72.847s]                  from /home/gaurav/mrs_workspace/src/mrs_uav_core/ros_packages/mrs_multirotor_simulator/include/mrs_multirotor_simulator/uav_system/uav_system.hpp:4,
[72.847s]                  from /home/gaurav/mrs_workspace/src/mrs_uav_core/ros_packages/mrs_multirotor_simulator/include/mrs_multirotor_simulator/uav_system_ros.h:15,
[72.847s]                  from /home/gaurav/mrs_workspace/src/mrs_uav_core/ros_packages/mrs_multirotor_simulator/src/multirotor_simulator.cpp:19:
[72.847s] In copy constructor ‘constexpr boost::numeric::odeint::explicit_generic_rk<4, 4, boost::array<double, 18>, double, boost::array<double, 18>, double, boost::numeric::odeint::array_algebra, boost::numeric::odeint::default_operations, boost::numeric::odeint::initially_resizer>::explicit_generic_rk(const boost::numeric::odeint::explicit_generic_rk<4, 4, boost::array<double, 18>, double, boost::array<double, 18>, double, boost::numeric::odeint::array_algebra, boost::numeric::odeint::default_operations, boost::numeric::odeint::initially_resizer>&)’,
[72.847s]     inlined from ‘constexpr boost::numeric::odeint::runge_kutta4<boost::array<double, 18> >::runge_kutta4(const boost::numeric::odeint::runge_kutta4<boost::array<double, 18> >&)’ at /usr/include/boost/numeric/odeint/stepper/runge_kutta4.hpp:112:7,
[72.847s]     inlined from ‘void mrs_multirotor_simulator::MultirotorModel::step(const double&)’ at /home/gaurav/mrs_workspace/src/mrs_uav_core/ros_packages/mrs_multirotor_simulator/include/mrs_multirotor_simulator/uav_system/multirotor_model.hpp:226:28:
[72.847s] /usr/include/boost/numeric/odeint/stepper/explicit_generic_rk.hpp:94:7: warning: ‘rk.boost::numeric::odeint::runge_kutta4<boost::array<double, 18>, double, boost::array<double, 18>, double, boost::numeric::odeint::array_algebra, boost::numeric::odeint::default_operations, boost::numeric::odeint::initially_resizer>::<unnamed>.boost::numeric::odeint::explicit_generic_rk<4, 4, boost::array<double, 18>, double, boost::array<double, 18>, double, boost::numeric::odeint::array_algebra, boost::numeric::odeint::default_operations, boost::numeric::odeint::initially_resizer>::m_x_tmp’ is used uninitialized [-Wuninitialized]
[72.847s]    94 | class explicit_generic_rk : public explicit_stepper_base<
[72.847s]       |       ^~~~~~~~~~~~~~~~~~~
[72.847s] /home/gaurav/mrs_workspace/src/mrs_uav_core/ros_packages/mrs_multirotor_simulator/include/mrs_multirotor_simulator/uav_system/multirotor_model.hpp: In member function ‘void mrs_multirotor_simulator::MultirotorModel::step(const double&)’:
[72.847s] /home/gaurav/mrs_workspace/src/mrs_uav_core/ros_packages/mrs_multirotor_simulator/include/mrs_multirotor_simulator/uav_system/multirotor_model.hpp:224:55: note: ‘rk’ declared here
[72.847s]   224 |   boost::numeric::odeint::runge_kutta4<InternalState> rk;
[72.847s]       |                                                       ^~
[72.847s] In copy constructor ‘constexpr boost::numeric::odeint::explicit_generic_rk<4, 4, boost::array<double, 18>, double, boost::array<double, 18>, double, boost::numeric::odeint::array_algebra, boost::numeric::odeint::default_operations, boost::numeric::odeint::initially_resizer>::explicit_generic_rk(const boost::numeric::odeint::explicit_generic_rk<4, 4, boost::array<double, 18>, double, boost::array<double, 18>, double, boost::numeric::odeint::array_algebra, boost::numeric::odeint::default_operations, boost::numeric::odeint::initially_resizer>&)’,
[72.847s]     inlined from ‘constexpr boost::numeric::odeint::runge_kutta4<boost::array<double, 18> >::runge_kutta4(const boost::numeric::odeint::runge_kutta4<boost::array<double, 18> >&)’ at /usr/include/boost/numeric/odeint/stepper/runge_kutta4.hpp:112:7,
[72.847s]     inlined from ‘void mrs_multirotor_simulator::MultirotorModel::step(const double&)’ at /home/gaurav/mrs_workspace/src/mrs_uav_core/ros_packages/mrs_multirotor_simulator/include/mrs_multirotor_simulator/uav_system/multirotor_model.hpp:226:28:
[72.847s] /usr/include/boost/numeric/odeint/stepper/explicit_generic_rk.hpp:94:7: warning: ‘rk.boost::numeric::odeint::runge_kutta4<boost::array<double, 18>, double, boost::array<double, 18>, double, boost::numeric::odeint::array_algebra, boost::numeric::odeint::default_operations, boost::numeric::odeint::initially_resizer>::<unnamed>.boost::numeric::odeint::explicit_generic_rk<4, 4, boost::array<double, 18>, double, boost::array<double, 18>, double, boost::numeric::odeint::array_algebra, boost::numeric::odeint::default_operations, boost::numeric::odeint::initially_resizer>::m_F’ is used uninitialized [-Wuninitialized]
[72.847s]    94 | class explicit_generic_rk : public explicit_stepper_base<
[72.847s]       |       ^~~~~~~~~~~~~~~~~~~
[72.847s] /home/gaurav/mrs_workspace/src/mrs_uav_core/ros_packages/mrs_multirotor_simulator/include/mrs_multirotor_simulator/uav_system/multirotor_model.hpp: In member function ‘void mrs_multirotor_simulator::MultirotorModel::step(const double&)’:
[72.847s] /home/gaurav/mrs_workspace/src/mrs_uav_core/ros_packages/mrs_multirotor_simulator/include/mrs_multirotor_simulator/uav_system/multirotor_model.hpp:224:55: note: ‘rk’ declared here
[72.847s]   224 |   boost::numeric::odeint::runge_kutta4<InternalState> rk;
[72.847s]       |                                                       ^~
[84.349s] [100%] Linking CXX shared library libMrsMultirotorSimulator_Simulator.so
[84.627s] [100%] Built target MrsMultirotorSimulator_Simulator
[84.633s] Invoked command in '/home/gaurav/mrs_workspace/build/mrs_multirotor_simulator' returned '0': CMAKE_PREFIX_PATH=/home/gaurav/mrs_workspace/install/mrs_uav_hw_api:/home/gaurav/mrs_workspace/install/mrs_uav_testing:/home/gaurav/mrs_workspace/install/mrs_lib:/home/gaurav/mrs_workspace/install/mrs_msgs:/home/gaurav/mrs_workspace/install/mrs_uav_system_full:/home/gaurav/mrs_workspace/install/mrs_uav_system:/home/gaurav/mrs_workspace/install/mrs_uav_core:/home/gaurav/mrs_workspace/install/mrs_uav_trajectory_generation:/home/gaurav/mrs_workspace/install/mrs_uav_trackers:/home/gaurav/mrs_workspace/install/mrs_uav_state_estimators:/home/gaurav/mrs_workspace/install/mrs_uav_controllers:/home/gaurav/mrs_workspace/install/mrs_uav_managers:/home/gaurav/mrs_workspace/install/mrs_multirotor_simulator:/home/gaurav/mrs_workspace/install/mrs_uav_autostart:/home/gaurav/mrs_workspace/install/mrs_uav_status:/home/gaurav/mrs_workspace/install/mrs_uav_modules:/home/gaurav/mrs_workspace/install/mrs_serial:/home/gaurav/mrs_workspace/install/mrs_rviz_plugins:/home/gaurav/mrs_workspace/install/mrs_modules_msgs:/opt/ros/jazzy/opt/gz_math_vendor:/opt/ros/jazzy/opt/gz_utils_vendor:/opt/ros/jazzy/opt/gz_cmake_vendor:/opt/ros/jazzy DEBUGINFOD_URLS=https://debuginfod.ubuntu.com LD_LIBRARY_PATH=/home/gaurav/mrs_workspace/install/mrs_uav_hw_api/lib:/home/gaurav/mrs_workspace/install/mrs_lib/lib:/home/gaurav/mrs_workspace/install/mrs_msgs/lib:/home/gaurav/mrs_workspace/install/mrs_uav_trajectory_generation/lib:/home/gaurav/mrs_workspace/install/mrs_uav_trackers/lib:/home/gaurav/mrs_workspace/install/mrs_uav_state_estimators/lib:/home/gaurav/mrs_workspace/install/mrs_uav_controllers/lib:/home/gaurav/mrs_workspace/install/mrs_uav_managers/lib:/home/gaurav/mrs_workspace/install/mrs_multirotor_simulator/lib:/home/gaurav/mrs_workspace/install/mrs_uav_autostart/lib:/home/gaurav/mrs_workspace/install/mrs_uav_testing/lib:/home/gaurav/mrs_workspace/install/mrs_uav_status/lib:/home/gaurav/mrs_workspace/install/mrs_serial/lib:/home/gaurav/mrs_workspace/install/mrs_rviz_plugins/lib:/home/gaurav/mrs_workspace/install/mrs_modules_msgs/lib:/opt/ros/jazzy/opt/zenoh_cpp_vendor/lib:/opt/ros/jazzy/opt/rviz_ogre_vendor/lib:/opt/ros/jazzy/lib/x86_64-linux-gnu:/opt/ros/jazzy/opt/gz_math_vendor/lib:/opt/ros/jazzy/opt/gz_utils_vendor/lib:/opt/ros/jazzy/opt/gz_cmake_vendor/lib:/opt/ros/jazzy/lib /usr/bin/cmake --build /home/gaurav/mrs_workspace/build/mrs_multirotor_simulator -- -j20 -l20
[84.634s] Invoking command in '/home/gaurav/mrs_workspace/build/mrs_multirotor_simulator': CMAKE_PREFIX_PATH=/home/gaurav/mrs_workspace/install/mrs_uav_hw_api:/home/gaurav/mrs_workspace/install/mrs_uav_testing:/home/gaurav/mrs_workspace/install/mrs_lib:/home/gaurav/mrs_workspace/install/mrs_msgs:/home/gaurav/mrs_workspace/install/mrs_uav_system_full:/home/gaurav/mrs_workspace/install/mrs_uav_system:/home/gaurav/mrs_workspace/install/mrs_uav_core:/home/gaurav/mrs_workspace/install/mrs_uav_trajectory_generation:/home/gaurav/mrs_workspace/install/mrs_uav_trackers:/home/gaurav/mrs_workspace/install/mrs_uav_state_estimators:/home/gaurav/mrs_workspace/install/mrs_uav_controllers:/home/gaurav/mrs_workspace/install/mrs_uav_managers:/home/gaurav/mrs_workspace/install/mrs_multirotor_simulator:/home/gaurav/mrs_workspace/install/mrs_uav_autostart:/home/gaurav/mrs_workspace/install/mrs_uav_status:/home/gaurav/mrs_workspace/install/mrs_uav_modules:/home/gaurav/mrs_workspace/install/mrs_serial:/home/gaurav/mrs_workspace/install/mrs_rviz_plugins:/home/gaurav/mrs_workspace/install/mrs_modules_msgs:/opt/ros/jazzy/opt/gz_math_vendor:/opt/ros/jazzy/opt/gz_utils_vendor:/opt/ros/jazzy/opt/gz_cmake_vendor:/opt/ros/jazzy DEBUGINFOD_URLS=https://debuginfod.ubuntu.com LD_LIBRARY_PATH=/home/gaurav/mrs_workspace/install/mrs_uav_hw_api/lib:/home/gaurav/mrs_workspace/install/mrs_lib/lib:/home/gaurav/mrs_workspace/install/mrs_msgs/lib:/home/gaurav/mrs_workspace/install/mrs_uav_trajectory_generation/lib:/home/gaurav/mrs_workspace/install/mrs_uav_trackers/lib:/home/gaurav/mrs_workspace/install/mrs_uav_state_estimators/lib:/home/gaurav/mrs_workspace/install/mrs_uav_controllers/lib:/home/gaurav/mrs_workspace/install/mrs_uav_managers/lib:/home/gaurav/mrs_workspace/install/mrs_multirotor_simulator/lib:/home/gaurav/mrs_workspace/install/mrs_uav_autostart/lib:/home/gaurav/mrs_workspace/install/mrs_uav_testing/lib:/home/gaurav/mrs_workspace/install/mrs_uav_status/lib:/home/gaurav/mrs_workspace/install/mrs_serial/lib:/home/gaurav/mrs_workspace/install/mrs_rviz_plugins/lib:/home/gaurav/mrs_workspace/install/mrs_modules_msgs/lib:/opt/ros/jazzy/opt/zenoh_cpp_vendor/lib:/opt/ros/jazzy/opt/rviz_ogre_vendor/lib:/opt/ros/jazzy/lib/x86_64-linux-gnu:/opt/ros/jazzy/opt/gz_math_vendor/lib:/opt/ros/jazzy/opt/gz_utils_vendor/lib:/opt/ros/jazzy/opt/gz_cmake_vendor/lib:/opt/ros/jazzy/lib /usr/bin/cmake --install /home/gaurav/mrs_workspace/build/mrs_multirotor_simulator
[84.641s] -- Install configuration: "Release"
[84.642s] -- Execute custom install script
[84.642s] -- Symlinking: /home/gaurav/mrs_workspace/install/mrs_multirotor_simulator/share/mrs_multirotor_simulator//plugins.xml
[84.648s] -- Symlinking: /home/gaurav/mrs_workspace/install/mrs_multirotor_simulator/share/mrs_multirotor_simulator/environment/library_path.sh
[84.653s] -- Symlinking: /home/gaurav/mrs_workspace/install/mrs_multirotor_simulator/share/mrs_multirotor_simulator/environment/library_path.dsv
[84.659s] -- Symlinking: /home/gaurav/mrs_workspace/install/mrs_multirotor_simulator/./include/KDTreeVectorOfVectorsAdaptor.h
[84.664s] -- Symlinking: /home/gaurav/mrs_workspace/install/mrs_multirotor_simulator/./include/mrs_multirotor_simulator/rate_counter.h
[84.669s] -- Symlinking: /home/gaurav/mrs_workspace/install/mrs_multirotor_simulator/./include/mrs_multirotor_simulator/uav_system/controllers/acceleration_controller.hpp
[84.674s] -- Symlinking: /home/gaurav/mrs_workspace/install/mrs_multirotor_simulator/./include/mrs_multirotor_simulator/uav_system/controllers/attitude_controller.hpp
[84.679s] -- Symlinking: /home/gaurav/mrs_workspace/install/mrs_multirotor_simulator/./include/mrs_multirotor_simulator/uav_system/controllers/mixer.hpp
[84.684s] -- Symlinking: /home/gaurav/mrs_workspace/install/mrs_multirotor_simulator/./include/mrs_multirotor_simulator/uav_system/controllers/pid.hpp
[84.690s] -- Symlinking: /home/gaurav/mrs_workspace/install/mrs_multirotor_simulator/./include/mrs_multirotor_simulator/uav_system/controllers/position_controller.hpp
[84.697s] -- Symlinking: /home/gaurav/mrs_workspace/install/mrs_multirotor_simulator/./include/mrs_multirotor_simulator/uav_system/controllers/rate_controller.hpp
[84.703s] -- Symlinking: /home/gaurav/mrs_workspace/install/mrs_multirotor_simulator/./include/mrs_multirotor_simulator/uav_system/controllers/references.hpp
[84.709s] -- Symlinking: /home/gaurav/mrs_workspace/install/mrs_multirotor_simulator/./include/mrs_multirotor_simulator/uav_system/controllers/velocity_controller.hpp
[84.713s] -- Symlinking: /home/gaurav/mrs_workspace/install/mrs_multirotor_simulator/./include/mrs_multirotor_simulator/uav_system/multirotor_model.hpp
[84.719s] -- Symlinking: /home/gaurav/mrs_workspace/install/mrs_multirotor_simulator/./include/mrs_multirotor_simulator/uav_system/ode/boost/numeric/odeint.hpp
[84.725s] -- Symlinking: /home/gaurav/mrs_workspace/install/mrs_multirotor_simulator/./include/mrs_multirotor_simulator/uav_system/ode/boost/numeric/odeint/algebra/array_algebra.hpp
[84.730s] -- Symlinking: /home/gaurav/mrs_workspace/install/mrs_multirotor_simulator/./include/mrs_multirotor_simulator/uav_system/ode/boost/numeric/odeint/algebra/default_operations.hpp
[84.737s] -- Symlinking: /home/gaurav/mrs_workspace/install/mrs_multirotor_simulator/./include/mrs_multirotor_simulator/uav_system/ode/boost/numeric/odeint/algebra/detail/for_each.hpp
[84.743s] -- Symlinking: /home/gaurav/mrs_workspace/install/mrs_multirotor_simulator/./include/mrs_multirotor_simulator/uav_system/ode/boost/numeric/odeint/algebra/detail/macros.hpp
[84.749s] -- Symlinking: /home/gaurav/mrs_workspace/install/mrs_multirotor_simulator/./include/mrs_multirotor_simulator/uav_system/ode/boost/numeric/odeint/algebra/detail/reduce.hpp
[84.754s] -- Symlinking: /home/gaurav/mrs_workspace/install/mrs_multirotor_simulator/./include/mrs_multirotor_simulator/uav_system/ode/boost/numeric/odeint/algebra/fusion_algebra.hpp
[84.759s] -- Symlinking: /home/gaurav/mrs_workspace/install/mrs_multirotor_simulator/./include/mrs_multirotor_simulator/uav_system/ode/boost/numeric/odeint/algebra/range_algebra.hpp
[84.764s] -- Symlinking: /home/gaurav/mrs_workspace/install/mrs_multirotor_simulator/./include/mrs_multirotor_simulator/uav_system/ode/boost/numeric/odeint/algebra/vector_space_algebra.hpp
[84.771s] -- Symlinking: /home/gaurav/mrs_workspace/install/mrs_multirotor_simulator/./include/mrs_multirotor_simulator/uav_system/ode/boost/numeric/odeint/config.hpp
[84.777s] -- Symlinking: /home/gaurav/mrs_workspace/install/mrs_multirotor_simulator/./include/mrs_multirotor_simulator/uav_system/ode/boost/numeric/odeint/external/gsl/gsl_wrapper.hpp
[84.783s] -- Symlinking: /home/gaurav/mrs_workspace/install/mrs_multirotor_simulator/./include/mrs_multirotor_simulator/uav_system/ode/boost/numeric/odeint/external/mkl/mkl_operations.hpp
[84.789s] -- Symlinking: /home/gaurav/mrs_workspace/install/mrs_multirotor_simulator/./include/mrs_multirotor_simulator/uav_system/ode/boost/numeric/odeint/external/mtl4/implicit_euler_mtl4.hpp
[84.794s] -- Symlinking: /home/gaurav/mrs_workspace/install/mrs_multirotor_simulator/./include/mrs_multirotor_simulator/uav_system/ode/boost/numeric/odeint/external/mtl4/mtl4_resize.hpp
[84.801s] -- Symlinking: /home/gaurav/mrs_workspace/install/mrs_multirotor_simulator/./include/mrs_multirotor_simulator/uav_system/ode/boost/numeric/odeint/external/thrust/thrust_algebra.hpp
[84.808s] -- Symlinking: /home/gaurav/mrs_workspace/install/mrs_multirotor_simulator/./include/mrs_multirotor_simulator/uav_system/ode/boost/numeric/odeint/external/thrust/thrust_operations.hpp
[84.813s] -- Symlinking: /home/gaurav/mrs_workspace/install/mrs_multirotor_simulator/./include/mrs_multirotor_simulator/uav_system/ode/boost/numeric/odeint/external/thrust/thrust_resize.hpp
[84.818s] -- Symlinking: /home/gaurav/mrs_workspace/install/mrs_multirotor_simulator/./include/mrs_multirotor_simulator/uav_system/ode/boost/numeric/odeint/external/vexcl/vexcl_resize.hpp
[84.823s] -- Symlinking: /home/gaurav/mrs_workspace/install/mrs_multirotor_simulator/./include/mrs_multirotor_simulator/uav_system/ode/boost/numeric/odeint/external/viennacl/viennacl_operations.hpp
[84.828s] -- Symlinking: /home/gaurav/mrs_workspace/install/mrs_multirotor_simulator/./include/mrs_multirotor_simulator/uav_system/ode/boost/numeric/odeint/external/viennacl/viennacl_resize.hpp
[84.835s] -- Symlinking: /home/gaurav/mrs_workspace/install/mrs_multirotor_simulator/./include/mrs_multirotor_simulator/uav_system/ode/boost/numeric/odeint/integrate/detail/integrate_adaptive.hpp
[84.841s] -- Symlinking: /home/gaurav/mrs_workspace/install/mrs_multirotor_simulator/./include/mrs_multirotor_simulator/uav_system/ode/boost/numeric/odeint/integrate/detail/integrate_const.hpp
[84.847s] -- Symlinking: /home/gaurav/mrs_workspace/install/mrs_multirotor_simulator/./include/mrs_multirotor_simulator/uav_system/ode/boost/numeric/odeint/integrate/detail/integrate_n_steps.hpp
[84.852s] -- Symlinking: /home/gaurav/mrs_workspace/install/mrs_multirotor_simulator/./include/mrs_multirotor_simulator/uav_system/ode/boost/numeric/odeint/integrate/detail/integrate_times.hpp
[84.860s] -- Symlinking: /home/gaurav/mrs_workspace/install/mrs_multirotor_simulator/./include/mrs_multirotor_simulator/uav_system/ode/boost/numeric/odeint/integrate/integrate.hpp
[84.865s] -- Symlinking: /home/gaurav/mrs_workspace/install/mrs_multirotor_simulator/./include/mrs_multirotor_simulator/uav_system/ode/boost/numeric/odeint/integrate/integrate_adaptive.hpp
[84.871s] -- Symlinking: /home/gaurav/mrs_workspace/install/mrs_multirotor_simulator/./include/mrs_multirotor_simulator/uav_system/ode/boost/numeric/odeint/integrate/integrate_const.hpp
[84.876s] -- Symlinking: /home/gaurav/mrs_workspace/install/mrs_multirotor_simulator/./include/mrs_multirotor_simulator/uav_system/ode/boost/numeric/odeint/integrate/integrate_n_steps.hpp
[84.881s] -- Symlinking: /home/gaurav/mrs_workspace/install/mrs_multirotor_simulator/./include/mrs_multirotor_simulator/uav_system/ode/boost/numeric/odeint/integrate/integrate_times.hpp
[84.889s] -- Symlinking: /home/gaurav/mrs_workspace/install/mrs_multirotor_simulator/./include/mrs_multirotor_simulator/uav_system/ode/boost/numeric/odeint/integrate/null_observer.hpp
[84.894s] -- Symlinking: /home/gaurav/mrs_workspace/install/mrs_multirotor_simulator/./include/mrs_multirotor_simulator/uav_system/ode/boost/numeric/odeint/integrate/observer_collection.hpp
[84.898s] -- Symlinking: /home/gaurav/mrs_workspace/install/mrs_multirotor_simulator/./include/mrs_multirotor_simulator/uav_system/ode/boost/numeric/odeint/stepper/adams_bashforth.hpp
[84.903s] -- Symlinking: /home/gaurav/mrs_workspace/install/mrs_multirotor_simulator/./include/mrs_multirotor_simulator/uav_system/ode/boost/numeric/odeint/stepper/adams_bashforth_moulton.hpp
[84.908s] -- Symlinking: /home/gaurav/mrs_workspace/install/mrs_multirotor_simulator/./include/mrs_multirotor_simulator/uav_system/ode/boost/numeric/odeint/stepper/adams_moulton.hpp
[84.915s] -- Symlinking: /home/gaurav/mrs_workspace/install/mrs_multirotor_simulator/./include/mrs_multirotor_simulator/uav_system/ode/boost/numeric/odeint/stepper/base/algebra_stepper_base.hpp
[84.922s] -- Symlinking: /home/gaurav/mrs_workspace/install/mrs_multirotor_simulator/./include/mrs_multirotor_simulator/uav_system/ode/boost/numeric/odeint/stepper/base/explicit_error_stepper_base.hpp
[84.928s] -- Symlinking: /home/gaurav/mrs_workspace/install/mrs_multirotor_simulator/./include/mrs_multirotor_simulator/uav_system/ode/boost/numeric/odeint/stepper/base/explicit_error_stepper_fsal_base.hpp
[84.933s] -- Symlinking: /home/gaurav/mrs_workspace/install/mrs_multirotor_simulator/./include/mrs_multirotor_simulator/uav_system/ode/boost/numeric/odeint/stepper/base/explicit_stepper_base.hpp
[84.938s] -- Symlinking: /home/gaurav/mrs_workspace/install/mrs_multirotor_simulator/./include/mrs_multirotor_simulator/uav_system/ode/boost/numeric/odeint/stepper/base/symplectic_rkn_stepper_base.hpp
[84.944s] -- Symlinking: /home/gaurav/mrs_workspace/install/mrs_multirotor_simulator/./include/mrs_multirotor_simulator/uav_system/ode/boost/numeric/odeint/stepper/bulirsch_stoer.hpp
[84.950s] -- Symlinking: /home/gaurav/mrs_workspace/install/mrs_multirotor_simulator/./include/mrs_multirotor_simulator/uav_system/ode/boost/numeric/odeint/stepper/bulirsch_stoer_dense_out.hpp
[84.955s] -- Symlinking: /home/gaurav/mrs_workspace/install/mrs_multirotor_simulator/./include/mrs_multirotor_simulator/uav_system/ode/boost/numeric/odeint/stepper/controlled_runge_kutta.hpp
[84.963s] -- Symlinking: /home/gaurav/mrs_workspace/install/mrs_multirotor_simulator/./include/mrs_multirotor_simulator/uav_system/ode/boost/numeric/odeint/stepper/controlled_step_result.hpp
[84.968s] -- Symlinking: /home/gaurav/mrs_workspace/install/mrs_multirotor_simulator/./include/mrs_multirotor_simulator/uav_system/ode/boost/numeric/odeint/stepper/dense_output_runge_kutta.hpp
[84.973s] -- Symlinking: /home/gaurav/mrs_workspace/install/mrs_multirotor_simulator/./include/mrs_multirotor_simulator/uav_system/ode/boost/numeric/odeint/stepper/detail/adams_bashforth_call_algebra.hpp
[84.981s] -- Symlinking: /home/gaurav/mrs_workspace/install/mrs_multirotor_simulator/./include/mrs_multirotor_simulator/uav_system/ode/boost/numeric/odeint/stepper/detail/adams_bashforth_coefficients.hpp
[84.987s] -- Symlinking: /home/gaurav/mrs_workspace/install/mrs_multirotor_simulator/./include/mrs_multirotor_simulator/uav_system/ode/boost/numeric/odeint/stepper/detail/adams_moulton_call_algebra.hpp
[84.993s] -- Symlinking: /home/gaurav/mrs_workspace/install/mrs_multirotor_simulator/./include/mrs_multirotor_simulator/uav_system/ode/boost/numeric/odeint/stepper/detail/adams_moulton_coefficients.hpp
[84.997s] -- Symlinking: /home/gaurav/mrs_workspace/install/mrs_multirotor_simulator/./include/mrs_multirotor_simulator/uav_system/ode/boost/numeric/odeint/stepper/detail/generic_rk_algorithm.hpp
[85.004s] -- Symlinking: /home/gaurav/mrs_workspace/install/mrs_multirotor_simulator/./include/mrs_multirotor_simulator/uav_system/ode/boost/numeric/odeint/stepper/detail/generic_rk_call_algebra.hpp
[85.009s] -- Symlinking: /home/gaurav/mrs_workspace/install/mrs_multirotor_simulator/./include/mrs_multirotor_simulator/uav_system/ode/boost/numeric/odeint/stepper/detail/generic_rk_operations.hpp
[85.014s] -- Symlinking: /home/gaurav/mrs_workspace/install/mrs_multirotor_simulator/./include/mrs_multirotor_simulator/uav_system/ode/boost/numeric/odeint/stepper/detail/rotating_buffer.hpp
[85.021s] -- Symlinking: /home/gaurav/mrs_workspace/install/mrs_multirotor_simulator/./include/mrs_multirotor_simulator/uav_system/ode/boost/numeric/odeint/stepper/euler.hpp
[85.026s] -- Symlinking: /home/gaurav/mrs_workspace/install/mrs_multirotor_simulator/./include/mrs_multirotor_simulator/uav_system/ode/boost/numeric/odeint/stepper/explicit_error_generic_rk.hpp
[85.031s] -- Symlinking: /home/gaurav/mrs_workspace/install/mrs_multirotor_simulator/./include/mrs_multirotor_simulator/uav_system/ode/boost/numeric/odeint/stepper/explicit_generic_rk.hpp
[85.037s] -- Symlinking: /home/gaurav/mrs_workspace/install/mrs_multirotor_simulator/./include/mrs_multirotor_simulator/uav_system/ode/boost/numeric/odeint/stepper/generation.hpp
[85.043s] -- Symlinking: /home/gaurav/mrs_workspace/install/mrs_multirotor_simulator/./include/mrs_multirotor_simulator/uav_system/ode/boost/numeric/odeint/stepper/generation/generation_controlled_runge_kutta.hpp
[85.048s] -- Symlinking: /home/gaurav/mrs_workspace/install/mrs_multirotor_simulator/./include/mrs_multirotor_simulator/uav_system/ode/boost/numeric/odeint/stepper/generation/generation_dense_output_runge_kutta.hpp
[85.055s] -- Symlinking: /home/gaurav/mrs_workspace/install/mrs_multirotor_simulator/./include/mrs_multirotor_simulator/uav_system/ode/boost/numeric/odeint/stepper/generation/generation_rosenbrock4.hpp
[85.060s] -- Symlinking: /home/gaurav/mrs_workspace/install/mrs_multirotor_simulator/./include/mrs_multirotor_simulator/uav_system/ode/boost/numeric/odeint/stepper/generation/generation_runge_kutta_cash_karp54.hpp
[85.065s] -- Symlinking: /home/gaurav/mrs_workspace/install/mrs_multirotor_simulator/./include/mrs_multirotor_simulator/uav_system/ode/boost/numeric/odeint/stepper/generation/generation_runge_kutta_cash_karp54_classic.hpp
[85.071s] -- Symlinking: /home/gaurav/mrs_workspace/install/mrs_multirotor_simulator/./include/mrs_multirotor_simulator/uav_system/ode/boost/numeric/odeint/stepper/generation/generation_runge_kutta_dopri5.hpp
[85.077s] -- Symlinking: /home/gaurav/mrs_workspace/install/mrs_multirotor_simulator/./include/mrs_multirotor_simulator/uav_system/ode/boost/numeric/odeint/stepper/generation/generation_runge_kutta_fehlberg78.hpp
[85.081s] -- Symlinking: /home/gaurav/mrs_workspace/install/mrs_multirotor_simulator/./include/mrs_multirotor_simulator/uav_system/ode/boost/numeric/odeint/stepper/generation/make_controlled.hpp
[85.087s] -- Symlinking: /home/gaurav/mrs_workspace/install/mrs_multirotor_simulator/./include/mrs_multirotor_simulator/uav_system/ode/boost/numeric/odeint/stepper/generation/make_dense_output.hpp
[85.095s] -- Symlinking: /home/gaurav/mrs_workspace/install/mrs_multirotor_simulator/./include/mrs_multirotor_simulator/uav_system/ode/boost/numeric/odeint/stepper/implicit_euler.hpp
[85.100s] -- Symlinking: /home/gaurav/mrs_workspace/install/mrs_multirotor_simulator/./include/mrs_multirotor_simulator/uav_system/ode/boost/numeric/odeint/stepper/modified_midpoint.hpp
[85.106s] -- Symlinking: /home/gaurav/mrs_workspace/install/mrs_multirotor_simulator/./include/mrs_multirotor_simulator/uav_system/ode/boost/numeric/odeint/stepper/rosenbrock4.hpp
[85.113s] -- Symlinking: /home/gaurav/mrs_workspace/install/mrs_multirotor_simulator/./include/mrs_multirotor_simulator/uav_system/ode/boost/numeric/odeint/stepper/rosenbrock4_controller.hpp
[85.119s] -- Symlinking: /home/gaurav/mrs_workspace/install/mrs_multirotor_simulator/./include/mrs_multirotor_simulator/uav_system/ode/boost/numeric/odeint/stepper/rosenbrock4_dense_output.hpp
[85.124s] -- Symlinking: /home/gaurav/mrs_workspace/install/mrs_multirotor_simulator/./include/mrs_multirotor_simulator/uav_system/ode/boost/numeric/odeint/stepper/runge_kutta4.hpp
[85.129s] -- Symlinking: /home/gaurav/mrs_workspace/install/mrs_multirotor_simulator/./include/mrs_multirotor_simulator/uav_system/ode/boost/numeric/odeint/stepper/runge_kutta4_classic.hpp
[85.136s] -- Symlinking: /home/gaurav/mrs_workspace/install/mrs_multirotor_simulator/./include/mrs_multirotor_simulator/uav_system/ode/boost/numeric/odeint/stepper/runge_kutta_cash_karp54.hpp
[85.143s] -- Symlinking: /home/gaurav/mrs_workspace/install/mrs_multirotor_simulator/./include/mrs_multirotor_simulator/uav_system/ode/boost/numeric/odeint/stepper/runge_kutta_cash_karp54_classic.hpp
[85.148s] -- Symlinking: /home/gaurav/mrs_workspace/install/mrs_multirotor_simulator/./include/mrs_multirotor_simulator/uav_system/ode/boost/numeric/odeint/stepper/runge_kutta_dopri5.hpp
[85.155s] -- Symlinking: /home/gaurav/mrs_workspace/install/mrs_multirotor_simulator/./include/mrs_multirotor_simulator/uav_system/ode/boost/numeric/odeint/stepper/runge_kutta_fehlberg78.hpp
[85.160s] -- Symlinking: /home/gaurav/mrs_workspace/install/mrs_multirotor_simulator/./include/mrs_multirotor_simulator/uav_system/ode/boost/numeric/odeint/stepper/stepper_categories.hpp
[85.166s] -- Symlinking: /home/gaurav/mrs_workspace/install/mrs_multirotor_simulator/./include/mrs_multirotor_simulator/uav_system/ode/boost/numeric/odeint/stepper/symplectic_euler.hpp
[85.172s] -- Symlinking: /home/gaurav/mrs_workspace/install/mrs_multirotor_simulator/./include/mrs_multirotor_simulator/uav_system/ode/boost/numeric/odeint/stepper/symplectic_rkn_sb3a_m4_mclachlan.hpp
[85.177s] -- Symlinking: /home/gaurav/mrs_workspace/install/mrs_multirotor_simulator/./include/mrs_multirotor_simulator/uav_system/ode/boost/numeric/odeint/stepper/symplectic_rkn_sb3a_mclachlan.hpp
[85.183s] -- Symlinking: /home/gaurav/mrs_workspace/install/mrs_multirotor_simulator/./include/mrs_multirotor_simulator/uav_system/ode/boost/numeric/odeint/util/bind.hpp
[85.188s] -- Symlinking: /home/gaurav/mrs_workspace/install/mrs_multirotor_simulator/./include/mrs_multirotor_simulator/uav_system/ode/boost/numeric/odeint/util/copy.hpp
[85.193s] -- Symlinking: /home/gaurav/mrs_workspace/install/mrs_multirotor_simulator/./include/mrs_multirotor_simulator/uav_system/ode/boost/numeric/odeint/util/detail/is_range.hpp
[85.199s] -- Symlinking: /home/gaurav/mrs_workspace/install/mrs_multirotor_simulator/./include/mrs_multirotor_simulator/uav_system/ode/boost/numeric/odeint/util/detail/less_with_sign.hpp
[85.204s] -- Symlinking: /home/gaurav/mrs_workspace/install/mrs_multirotor_simulator/./include/mrs_multirotor_simulator/uav_system/ode/boost/numeric/odeint/util/is_pair.hpp
[85.209s] -- Symlinking: /home/gaurav/mrs_workspace/install/mrs_multirotor_simulator/./include/mrs_multirotor_simulator/uav_system/ode/boost/numeric/odeint/util/is_resizeable.hpp
[85.214s] -- Symlinking: /home/gaurav/mrs_workspace/install/mrs_multirotor_simulator/./include/mrs_multirotor_simulator/uav_system/ode/boost/numeric/odeint/util/resize.hpp
[85.220s] -- Symlinking: /home/gaurav/mrs_workspace/install/mrs_multirotor_simulator/./include/mrs_multirotor_simulator/uav_system/ode/boost/numeric/odeint/util/resizer.hpp
[85.226s] -- Symlinking: /home/gaurav/mrs_workspace/install/mrs_multirotor_simulator/./include/mrs_multirotor_simulator/uav_system/ode/boost/numeric/odeint/util/same_instance.hpp
[85.231s] -- Symlinking: /home/gaurav/mrs_workspace/install/mrs_multirotor_simulator/./include/mrs_multirotor_simulator/uav_system/ode/boost/numeric/odeint/util/same_size.hpp
[85.237s] -- Symlinking: /home/gaurav/mrs_workspace/install/mrs_multirotor_simulator/./include/mrs_multirotor_simulator/uav_system/ode/boost/numeric/odeint/util/state_wrapper.hpp
[85.242s] -- Symlinking: /home/gaurav/mrs_workspace/install/mrs_multirotor_simulator/./include/mrs_multirotor_simulator/uav_system/ode/boost/numeric/odeint/util/ublas_wrapper.hpp
[85.247s] -- Symlinking: /home/gaurav/mrs_workspace/install/mrs_multirotor_simulator/./include/mrs_multirotor_simulator/uav_system/ode/boost/numeric/odeint/util/unit_helper.hpp
[85.252s] -- Symlinking: /home/gaurav/mrs_workspace/install/mrs_multirotor_simulator/./include/mrs_multirotor_simulator/uav_system/ode/boost/numeric/odeint/util/unwrap_reference.hpp
[85.257s] -- Symlinking: /home/gaurav/mrs_workspace/install/mrs_multirotor_simulator/./include/mrs_multirotor_simulator/uav_system/ode/boost/numeric/odeint/version.hpp
[85.262s] -- Symlinking: /home/gaurav/mrs_workspace/install/mrs_multirotor_simulator/./include/mrs_multirotor_simulator/uav_system/uav_system.hpp
[85.268s] -- Symlinking: /home/gaurav/mrs_workspace/install/mrs_multirotor_simulator/./include/mrs_multirotor_simulator/uav_system_ros.h
[85.273s] -- Symlinking: /home/gaurav/mrs_workspace/install/mrs_multirotor_simulator/./include/nanoflann.hpp
[85.278s] -- Symlinking: /home/gaurav/mrs_workspace/install/mrs_multirotor_simulator/share/mrs_multirotor_simulator/launch/hw_api.launch.py
[85.283s] -- Symlinking: /home/gaurav/mrs_workspace/install/mrs_multirotor_simulator/share/mrs_multirotor_simulator/launch/multirotor_simulator.launch.py
[85.289s] -- Symlinking: /home/gaurav/mrs_workspace/install/mrs_multirotor_simulator/share/mrs_multirotor_simulator/config/controllers/attitude_controller.yaml
[85.295s] -- Symlinking: /home/gaurav/mrs_workspace/install/mrs_multirotor_simulator/share/mrs_multirotor_simulator/config/controllers/mixer.yaml
[85.300s] -- Symlinking: /home/gaurav/mrs_workspace/install/mrs_multirotor_simulator/share/mrs_multirotor_simulator/config/controllers/position_controller.yaml
[85.305s] -- Symlinking: /home/gaurav/mrs_workspace/install/mrs_multirotor_simulator/share/mrs_multirotor_simulator/config/controllers/rate_controller.yaml
[85.310s] -- Symlinking: /home/gaurav/mrs_workspace/install/mrs_multirotor_simulator/share/mrs_multirotor_simulator/config/controllers/velocity_controller.yaml
[85.316s] -- Symlinking: /home/gaurav/mrs_workspace/install/mrs_multirotor_simulator/share/mrs_multirotor_simulator/config/hw_api.yaml
[85.320s] -- Symlinking: /home/gaurav/mrs_workspace/install/mrs_multirotor_simulator/share/mrs_multirotor_simulator/config/mrs_uav_system/a300.yaml
[85.325s] -- Symlinking: /home/gaurav/mrs_workspace/install/mrs_multirotor_simulator/share/mrs_multirotor_simulator/config/mrs_uav_system/f330.yaml
[85.331s] -- Symlinking: /home/gaurav/mrs_workspace/install/mrs_multirotor_simulator/share/mrs_multirotor_simulator/config/mrs_uav_system/f450.yaml
[85.337s] -- Symlinking: /home/gaurav/mrs_workspace/install/mrs_multirotor_simulator/share/mrs_multirotor_simulator/config/mrs_uav_system/f550.yaml
[85.341s] -- Symlinking: /home/gaurav/mrs_workspace/install/mrs_multirotor_simulator/share/mrs_multirotor_simulator/config/mrs_uav_system/robofly.yaml
[85.348s] -- Symlinking: /home/gaurav/mrs_workspace/install/mrs_multirotor_simulator/share/mrs_multirotor_simulator/config/mrs_uav_system/t650.yaml
[85.353s] -- Symlinking: /home/gaurav/mrs_workspace/install/mrs_multirotor_simulator/share/mrs_multirotor_simulator/config/mrs_uav_system/x500.yaml
[85.359s] -- Symlinking: /home/gaurav/mrs_workspace/install/mrs_multirotor_simulator/share/mrs_multirotor_simulator/config/multirotor_simulator.yaml
[85.364s] -- Symlinking: /home/gaurav/mrs_workspace/install/mrs_multirotor_simulator/share/mrs_multirotor_simulator/config/uavs.yaml
[85.370s] -- Symlinking: /home/gaurav/mrs_workspace/install/mrs_multirotor_simulator/share/mrs_multirotor_simulator/config/uavs/a300.yaml
[85.375s] -- Symlinking: /home/gaurav/mrs_workspace/install/mrs_multirotor_simulator/share/mrs_multirotor_simulator/config/uavs/f330.yaml
[85.381s] -- Symlinking: /home/gaurav/mrs_workspace/install/mrs_multirotor_simulator/share/mrs_multirotor_simulator/config/uavs/f450.yaml
[85.385s] -- Symlinking: /home/gaurav/mrs_workspace/install/mrs_multirotor_simulator/share/mrs_multirotor_simulator/config/uavs/f550.yaml
[85.392s] -- Symlinking: /home/gaurav/mrs_workspace/install/mrs_multirotor_simulator/share/mrs_multirotor_simulator/config/uavs/naki.yaml
[85.398s] -- Symlinking: /home/gaurav/mrs_workspace/install/mrs_multirotor_simulator/share/mrs_multirotor_simulator/config/uavs/robofly.yaml
[85.404s] -- Symlinking: /home/gaurav/mrs_workspace/install/mrs_multirotor_simulator/share/mrs_multirotor_simulator/config/uavs/t650.yaml
[85.410s] -- Symlinking: /home/gaurav/mrs_workspace/install/mrs_multirotor_simulator/share/mrs_multirotor_simulator/config/uavs/x500.yaml
[85.417s] -- Symlinking: /home/gaurav/mrs_workspace/install/mrs_multirotor_simulator/share/ament_index/resource_index/package_run_dependencies/mrs_multirotor_simulator
[85.422s] -- Symlinking: /home/gaurav/mrs_workspace/install/mrs_multirotor_simulator/share/ament_index/resource_index/parent_prefix_path/mrs_multirotor_simulator
[85.428s] -- Symlinking: /home/gaurav/mrs_workspace/install/mrs_multirotor_simulator/share/mrs_multirotor_simulator/environment/ament_prefix_path.sh
[85.433s] -- Symlinking: /home/gaurav/mrs_workspace/install/mrs_multirotor_simulator/share/mrs_multirotor_simulator/environment/ament_prefix_path.dsv
[85.438s] -- Symlinking: /home/gaurav/mrs_workspace/install/mrs_multirotor_simulator/share/mrs_multirotor_simulator/environment/path.sh
[85.443s] -- Symlinking: /home/gaurav/mrs_workspace/install/mrs_multirotor_simulator/share/mrs_multirotor_simulator/environment/path.dsv
[85.448s] -- Symlinking: /home/gaurav/mrs_workspace/install/mrs_multirotor_simulator/share/mrs_multirotor_simulator/local_setup.bash
[85.454s] -- Symlinking: /home/gaurav/mrs_workspace/install/mrs_multirotor_simulator/share/mrs_multirotor_simulator/local_setup.sh
[85.460s] -- Symlinking: /home/gaurav/mrs_workspace/install/mrs_multirotor_simulator/share/mrs_multirotor_simulator/local_setup.zsh
[85.466s] -- Symlinking: /home/gaurav/mrs_workspace/install/mrs_multirotor_simulator/share/mrs_multirotor_simulator/local_setup.dsv
[85.472s] -- Symlinking: /home/gaurav/mrs_workspace/install/mrs_multirotor_simulator/share/mrs_multirotor_simulator/package.dsv
[85.479s] -- Symlinking: /home/gaurav/mrs_workspace/install/mrs_multirotor_simulator/share/ament_index/resource_index/packages/mrs_multirotor_simulator
[85.485s] -- Symlinking: /home/gaurav/mrs_workspace/install/mrs_multirotor_simulator/share/ament_index/resource_index/mrs_uav_hw_api__pluginlib__plugin/mrs_multirotor_simulator
[85.491s] -- Symlinking: /home/gaurav/mrs_workspace/install/mrs_multirotor_simulator/share/ament_index/resource_index/rclcpp_components/mrs_multirotor_simulator
[85.496s] -- Symlinking: /home/gaurav/mrs_workspace/install/mrs_multirotor_simulator/share/mrs_multirotor_simulator/cmake/ament_cmake_export_libraries-extras.cmake
[85.501s] -- Symlinking: /home/gaurav/mrs_workspace/install/mrs_multirotor_simulator/share/mrs_multirotor_simulator/cmake/ament_cmake_export_include_directories-extras.cmake
[85.506s] -- Symlinking: /home/gaurav/mrs_workspace/install/mrs_multirotor_simulator/share/mrs_multirotor_simulator/cmake/ament_cmake_export_targets-extras.cmake
[85.512s] -- Symlinking: /home/gaurav/mrs_workspace/install/mrs_multirotor_simulator/share/mrs_multirotor_simulator/cmake/ament_cmake_export_dependencies-extras.cmake
[85.518s] -- Symlinking: /home/gaurav/mrs_workspace/install/mrs_multirotor_simulator/share/mrs_multirotor_simulator/cmake/mrs_multirotor_simulatorConfig.cmake
[85.523s] -- Symlinking: /home/gaurav/mrs_workspace/install/mrs_multirotor_simulator/share/mrs_multirotor_simulator/cmake/mrs_multirotor_simulatorConfig-version.cmake
[85.529s] -- Symlinking: /home/gaurav/mrs_workspace/install/mrs_multirotor_simulator/share/mrs_multirotor_simulator/package.xml
[85.535s] -- Installing: /home/gaurav/mrs_workspace/install/mrs_multirotor_simulator/lib/libMrsMultirotorSimulator_Simulator.so
[85.538s] -- Set non-toolchain portion of runtime path of "/home/gaurav/mrs_workspace/install/mrs_multirotor_simulator/lib/libMrsMultirotorSimulator_Simulator.so" to ""
[85.538s] -- Installing: /home/gaurav/mrs_workspace/install/mrs_multirotor_simulator/lib/libMrsMultirotorSimulator_SimulatorSystemRos.so
[85.541s] -- Set non-toolchain portion of runtime path of "/home/gaurav/mrs_workspace/install/mrs_multirotor_simulator/lib/libMrsMultirotorSimulator_SimulatorSystemRos.so" to ""
[85.541s] -- Installing: /home/gaurav/mrs_workspace/install/mrs_multirotor_simulator/lib/libMrsMultirotorSimulator_HwApiPlugin.so
[85.542s] -- Set non-toolchain portion of runtime path of "/home/gaurav/mrs_workspace/install/mrs_multirotor_simulator/lib/libMrsMultirotorSimulator_HwApiPlugin.so" to ""
[85.542s] -- Installing: /home/gaurav/mrs_workspace/install/mrs_multirotor_simulator/share/mrs_multirotor_simulator/tmux
[85.542s] -- Installing: /home/gaurav/mrs_workspace/install/mrs_multirotor_simulator/share/mrs_multirotor_simulator/tmux/standalone
[85.542s] -- Installing: /home/gaurav/mrs_workspace/install/mrs_multirotor_simulator/share/mrs_multirotor_simulator/tmux/standalone/layout.json
[85.542s] -- Installing: /home/gaurav/mrs_workspace/install/mrs_multirotor_simulator/share/mrs_multirotor_simulator/tmux/standalone/session.yml
[85.542s] -- Installing: /home/gaurav/mrs_workspace/install/mrs_multirotor_simulator/share/mrs_multirotor_simulator/tmux/standalone/rviz.rviz
[85.542s] -- Installing: /home/gaurav/mrs_workspace/install/mrs_multirotor_simulator/share/mrs_multirotor_simulator/tmux/standalone/custom_configs
[85.542s] -- Installing: /home/gaurav/mrs_workspace/install/mrs_multirotor_simulator/share/mrs_multirotor_simulator/tmux/standalone/custom_configs/simulator.yaml
[85.542s] -- Installing: /home/gaurav/mrs_workspace/install/mrs_multirotor_simulator/share/mrs_multirotor_simulator/tmux/standalone/goto.py
[85.542s] -- Installing: /home/gaurav/mrs_workspace/install/mrs_multirotor_simulator/share/mrs_multirotor_simulator/tmux/standalone/start.sh
[85.543s] -- Installing: /home/gaurav/mrs_workspace/install/mrs_multirotor_simulator/share/mrs_multirotor_simulator/tmux/standalone/kill.sh
[85.543s] -- Installing: /home/gaurav/mrs_workspace/install/mrs_multirotor_simulator/share/mrs_multirotor_simulator/tmux/mrs_two_drones
[85.543s] -- Installing: /home/gaurav/mrs_workspace/install/mrs_multirotor_simulator/share/mrs_multirotor_simulator/tmux/mrs_two_drones/goto1.py
[85.543s] -- Installing: /home/gaurav/mrs_workspace/install/mrs_multirotor_simulator/share/mrs_multirotor_simulator/tmux/mrs_two_drones/layout.json
[85.543s] -- Installing: /home/gaurav/mrs_workspace/install/mrs_multirotor_simulator/share/mrs_multirotor_simulator/tmux/mrs_two_drones/session.yml
[85.543s] -- Installing: /home/gaurav/mrs_workspace/install/mrs_multirotor_simulator/share/mrs_multirotor_simulator/tmux/mrs_two_drones/rviz.rviz
[85.543s] -- Installing: /home/gaurav/mrs_workspace/install/mrs_multirotor_simulator/share/mrs_multirotor_simulator/tmux/mrs_two_drones/goto2.py
[85.543s] -- Installing: /home/gaurav/mrs_workspace/install/mrs_multirotor_simulator/share/mrs_multirotor_simulator/tmux/mrs_two_drones/config
[85.543s] -- Installing: /home/gaurav/mrs_workspace/install/mrs_multirotor_simulator/share/mrs_multirotor_simulator/tmux/mrs_two_drones/config/network_config.yaml
[85.543s] -- Installing: /home/gaurav/mrs_workspace/install/mrs_multirotor_simulator/share/mrs_multirotor_simulator/tmux/mrs_two_drones/config/world_config.yaml
[85.543s] -- Installing: /home/gaurav/mrs_workspace/install/mrs_multirotor_simulator/share/mrs_multirotor_simulator/tmux/mrs_two_drones/config/simulator.yaml
[85.543s] -- Installing: /home/gaurav/mrs_workspace/install/mrs_multirotor_simulator/share/mrs_multirotor_simulator/tmux/mrs_two_drones/config/custom_config.yaml
[85.543s] -- Installing: /home/gaurav/mrs_workspace/install/mrs_multirotor_simulator/share/mrs_multirotor_simulator/tmux/mrs_two_drones/config/automatic_start.yaml
[85.543s] -- Installing: /home/gaurav/mrs_workspace/install/mrs_multirotor_simulator/share/mrs_multirotor_simulator/tmux/mrs_two_drones/start.sh
[85.543s] -- Installing: /home/gaurav/mrs_workspace/install/mrs_multirotor_simulator/share/mrs_multirotor_simulator/tmux/mrs_two_drones/midair.sh
[85.543s] -- Installing: /home/gaurav/mrs_workspace/install/mrs_multirotor_simulator/share/mrs_multirotor_simulator/tmux/mrs_two_drones/kill.sh
[85.543s] -- Installing: /home/gaurav/mrs_workspace/install/mrs_multirotor_simulator/share/mrs_multirotor_simulator/tmux/mrs_one_drone
[85.543s] -- Installing: /home/gaurav/mrs_workspace/install/mrs_multirotor_simulator/share/mrs_multirotor_simulator/tmux/mrs_one_drone/params.sh
[85.543s] -- Installing: /home/gaurav/mrs_workspace/install/mrs_multirotor_simulator/share/mrs_multirotor_simulator/tmux/mrs_one_drone/takeoff.sh
[85.543s] -- Installing: /home/gaurav/mrs_workspace/install/mrs_multirotor_simulator/share/mrs_multirotor_simulator/tmux/mrs_one_drone/layout.json
[85.543s] -- Installing: /home/gaurav/mrs_workspace/install/mrs_multirotor_simulator/share/mrs_multirotor_simulator/tmux/mrs_one_drone/session.yml
[85.543s] -- Installing: /home/gaurav/mrs_workspace/install/mrs_multirotor_simulator/share/mrs_multirotor_simulator/tmux/mrs_one_drone/rviz.rviz
[85.543s] -- Installing: /home/gaurav/mrs_workspace/install/mrs_multirotor_simulator/share/mrs_multirotor_simulator/tmux/mrs_one_drone/goto.py
[85.543s] -- Installing: /home/gaurav/mrs_workspace/install/mrs_multirotor_simulator/share/mrs_multirotor_simulator/tmux/mrs_one_drone/path.py
[85.544s] -- Installing: /home/gaurav/mrs_workspace/install/mrs_multirotor_simulator/share/mrs_multirotor_simulator/tmux/mrs_one_drone/land_home.sh
[85.544s] -- Installing: /home/gaurav/mrs_workspace/install/mrs_multirotor_simulator/share/mrs_multirotor_simulator/tmux/mrs_one_drone/config
[85.544s] -- Installing: /home/gaurav/mrs_workspace/install/mrs_multirotor_simulator/share/mrs_multirotor_simulator/tmux/mrs_one_drone/config/network_config.yaml
[85.544s] -- Installing: /home/gaurav/mrs_workspace/install/mrs_multirotor_simulator/share/mrs_multirotor_simulator/tmux/mrs_one_drone/config/world_config.yaml
[85.544s] -- Installing: /home/gaurav/mrs_workspace/install/mrs_multirotor_simulator/share/mrs_multirotor_simulator/tmux/mrs_one_drone/config/simulator.yaml
[85.544s] -- Installing: /home/gaurav/mrs_workspace/install/mrs_multirotor_simulator/share/mrs_multirotor_simulator/tmux/mrs_one_drone/config/custom_config.yaml
[85.544s] -- Installing: /home/gaurav/mrs_workspace/install/mrs_multirotor_simulator/share/mrs_multirotor_simulator/tmux/mrs_one_drone/config/automatic_start.yaml
[85.544s] -- Installing: /home/gaurav/mrs_workspace/install/mrs_multirotor_simulator/share/mrs_multirotor_simulator/tmux/mrs_one_drone/eland.sh
[85.544s] -- Installing: /home/gaurav/mrs_workspace/install/mrs_multirotor_simulator/share/mrs_multirotor_simulator/tmux/mrs_one_drone/constraints.sh
[85.544s] -- Installing: /home/gaurav/mrs_workspace/install/mrs_multirotor_simulator/share/mrs_multirotor_simulator/tmux/mrs_one_drone/start.sh
[85.544s] -- Installing: /home/gaurav/mrs_workspace/install/mrs_multirotor_simulator/share/mrs_multirotor_simulator/tmux/mrs_one_drone/land.sh
[85.544s] -- Installing: /home/gaurav/mrs_workspace/install/mrs_multirotor_simulator/share/mrs_multirotor_simulator/tmux/mrs_one_drone/midair.sh
[85.544s] -- Installing: /home/gaurav/mrs_workspace/install/mrs_multirotor_simulator/share/mrs_multirotor_simulator/tmux/mrs_one_drone/reference.py
[85.544s] -- Installing: /home/gaurav/mrs_workspace/install/mrs_multirotor_simulator/share/mrs_multirotor_simulator/tmux/mrs_one_drone/estimator.sh
[85.544s] -- Installing: /home/gaurav/mrs_workspace/install/mrs_multirotor_simulator/share/mrs_multirotor_simulator/tmux/mrs_one_drone/controller.sh
[85.544s] -- Installing: /home/gaurav/mrs_workspace/install/mrs_multirotor_simulator/share/mrs_multirotor_simulator/tmux/mrs_one_drone/kill.sh
[85.544s] -- Installing: /home/gaurav/mrs_workspace/install/mrs_multirotor_simulator/share/mrs_multirotor_simulator/tmux/mrs_one_drone/gains.sh
[85.544s] -- Installing: /home/gaurav/mrs_workspace/install/mrs_multirotor_simulator/share/mrs_multirotor_simulator/tmux/mrs_one_drone/failsafe.sh
[85.544s] -- Installing: /home/gaurav/mrs_workspace/install/mrs_multirotor_simulator/share/mrs_multirotor_simulator/tmux/mrs_one_drone/tracker.sh
[85.544s] -- Installing: /home/gaurav/mrs_workspace/install/mrs_multirotor_simulator/share/mrs_multirotor_simulator/tmux/standalone_400_uavs
[85.544s] -- Installing: /home/gaurav/mrs_workspace/install/mrs_multirotor_simulator/share/mrs_multirotor_simulator/tmux/standalone_400_uavs/layout.json
[85.544s] -- Installing: /home/gaurav/mrs_workspace/install/mrs_multirotor_simulator/share/mrs_multirotor_simulator/tmux/standalone_400_uavs/session.yml
[85.544s] -- Installing: /home/gaurav/mrs_workspace/install/mrs_multirotor_simulator/share/mrs_multirotor_simulator/tmux/standalone_400_uavs/rviz.rviz
[85.544s] -- Installing: /home/gaurav/mrs_workspace/install/mrs_multirotor_simulator/share/mrs_multirotor_simulator/tmux/standalone_400_uavs/custom_configs
[85.544s] -- Installing: /home/gaurav/mrs_workspace/install/mrs_multirotor_simulator/share/mrs_multirotor_simulator/tmux/standalone_400_uavs/custom_configs/simulator.yaml
[85.544s] -- Installing: /home/gaurav/mrs_workspace/install/mrs_multirotor_simulator/share/mrs_multirotor_simulator/tmux/standalone_400_uavs/goto.py
[85.544s] -- Installing: /home/gaurav/mrs_workspace/install/mrs_multirotor_simulator/share/mrs_multirotor_simulator/tmux/standalone_400_uavs/start.sh
[85.544s] -- Installing: /home/gaurav/mrs_workspace/install/mrs_multirotor_simulator/share/mrs_multirotor_simulator/tmux/standalone_400_uavs/kill.sh
[85.544s] -- Installing: /home/gaurav/mrs_workspace/install/mrs_multirotor_simulator/lib/mrs_multirotor_simulator/scripts
[85.545s] -- Installing: /home/gaurav/mrs_workspace/install/mrs_multirotor_simulator/lib/mrs_multirotor_simulator/scripts/get_public_params.py
[85.545s] -- Installing: /home/gaurav/mrs_workspace/install/mrs_multirotor_simulator/share/mrs_multirotor_simulator/cmake/export_mrs_multirotor_simulatorExport.cmake
[85.545s] -- Installing: /home/gaurav/mrs_workspace/install/mrs_multirotor_simulator/share/mrs_multirotor_simulator/cmake/export_mrs_multirotor_simulatorExport-release.cmake
[85.545s] Invoked command in '/home/gaurav/mrs_workspace/build/mrs_multirotor_simulator' returned '0': CMAKE_PREFIX_PATH=/home/gaurav/mrs_workspace/install/mrs_uav_hw_api:/home/gaurav/mrs_workspace/install/mrs_uav_testing:/home/gaurav/mrs_workspace/install/mrs_lib:/home/gaurav/mrs_workspace/install/mrs_msgs:/home/gaurav/mrs_workspace/install/mrs_uav_system_full:/home/gaurav/mrs_workspace/install/mrs_uav_system:/home/gaurav/mrs_workspace/install/mrs_uav_core:/home/gaurav/mrs_workspace/install/mrs_uav_trajectory_generation:/home/gaurav/mrs_workspace/install/mrs_uav_trackers:/home/gaurav/mrs_workspace/install/mrs_uav_state_estimators:/home/gaurav/mrs_workspace/install/mrs_uav_controllers:/home/gaurav/mrs_workspace/install/mrs_uav_managers:/home/gaurav/mrs_workspace/install/mrs_multirotor_simulator:/home/gaurav/mrs_workspace/install/mrs_uav_autostart:/home/gaurav/mrs_workspace/install/mrs_uav_status:/home/gaurav/mrs_workspace/install/mrs_uav_modules:/home/gaurav/mrs_workspace/install/mrs_serial:/home/gaurav/mrs_workspace/install/mrs_rviz_plugins:/home/gaurav/mrs_workspace/install/mrs_modules_msgs:/opt/ros/jazzy/opt/gz_math_vendor:/opt/ros/jazzy/opt/gz_utils_vendor:/opt/ros/jazzy/opt/gz_cmake_vendor:/opt/ros/jazzy DEBUGINFOD_URLS=https://debuginfod.ubuntu.com LD_LIBRARY_PATH=/home/gaurav/mrs_workspace/install/mrs_uav_hw_api/lib:/home/gaurav/mrs_workspace/install/mrs_lib/lib:/home/gaurav/mrs_workspace/install/mrs_msgs/lib:/home/gaurav/mrs_workspace/install/mrs_uav_trajectory_generation/lib:/home/gaurav/mrs_workspace/install/mrs_uav_trackers/lib:/home/gaurav/mrs_workspace/install/mrs_uav_state_estimators/lib:/home/gaurav/mrs_workspace/install/mrs_uav_controllers/lib:/home/gaurav/mrs_workspace/install/mrs_uav_managers/lib:/home/gaurav/mrs_workspace/install/mrs_multirotor_simulator/lib:/home/gaurav/mrs_workspace/install/mrs_uav_autostart/lib:/home/gaurav/mrs_workspace/install/mrs_uav_testing/lib:/home/gaurav/mrs_workspace/install/mrs_uav_status/lib:/home/gaurav/mrs_workspace/install/mrs_serial/lib:/home/gaurav/mrs_workspace/install/mrs_rviz_plugins/lib:/home/gaurav/mrs_workspace/install/mrs_modules_msgs/lib:/opt/ros/jazzy/opt/zenoh_cpp_vendor/lib:/opt/ros/jazzy/opt/rviz_ogre_vendor/lib:/opt/ros/jazzy/lib/x86_64-linux-gnu:/opt/ros/jazzy/opt/gz_math_vendor/lib:/opt/ros/jazzy/opt/gz_utils_vendor/lib:/opt/ros/jazzy/opt/gz_cmake_vendor/lib:/opt/ros/jazzy/lib /usr/bin/cmake --install /home/gaurav/mrs_workspace/build/mrs_multirotor_simulator
