[0.060s] DEBUG:colcon:Command line arguments: ['/usr/bin/colcon', 'build', '--packages-select', 'mrs_uav_flightforge_simulator', '--symlink-install', '--cmake-args', '-DCMAKE_BUILD_TYPE=Release']
[0.060s] DEBUG:colcon:Parsed command line arguments: Namespace(log_base=None, log_level=None, verb_name='build', build_base='build', install_base='install', merge_install=False, symlink_install=True, test_result_base=None, continue_on_error=False, executor='parallel', parallel_workers=20, event_handlers=None, ignore_user_meta=False, metas=['./colcon.meta'], base_paths=['.'], packages_ignore=None, packages_ignore_regex=None, paths=None, packages_up_to=None, packages_up_to_regex=None, packages_above=None, packages_above_and_dependencies=None, packages_above_depth=None, packages_select_by_dep=None, packages_skip_by_dep=None, packages_skip_up_to=None, packages_select_build_failed=False, packages_skip_build_finished=False, packages_select_test_failures=False, packages_skip_test_passed=False, packages_select=['mrs_uav_flightforge_simulator'], packages_skip=None, packages_select_regex=None, packages_skip_regex=None, packages_start=None, packages_end=None, allow_overriding=[], cmake_args=['-DCMAKE_BUILD_TYPE=Release'], cmake_target=None, cmake_target_skip_unavailable=False, cmake_clean_cache=False, cmake_clean_first=False, cmake_force_configure=False, ament_cmake_args=None, catkin_cmake_args=None, catkin_skip_building_tests=False, mixin_files=None, mixin=None, verb_parser=<colcon_mixin.mixin.mixin_argument.MixinArgumentDecorator object at 0x7b912096e510>, verb_extension=<colcon_core.verb.build.BuildVerb object at 0x7b912096e210>, main=<bound method BuildVerb.main of <colcon_core.verb.build.BuildVerb object at 0x7b912096e210>>, mixin_verb=('build',))
[0.082s] Level 1:colcon.colcon_core.package_discovery:discover_packages(colcon_meta) check parameters
[0.083s] Level 1:colcon.colcon_core.package_discovery:discover_packages(recursive) check parameters
[0.083s] Level 1:colcon.colcon_core.package_discovery:discover_packages(ignore) check parameters
[0.083s] Level 1:colcon.colcon_core.package_discovery:discover_packages(path) check parameters
[0.083s] Level 1:colcon.colcon_core.package_discovery:discover_packages(colcon_meta) discover
[0.083s] Level 1:colcon.colcon_core.package_discovery:discover_packages(recursive) discover
[0.083s] INFO:colcon.colcon_core.package_discovery:Crawling recursively for packages in '/home/gaurav/mrs_workspace'
[0.083s] Level 1:colcon.colcon_core.package_identification:_identify(.) by extensions ['ignore', 'ignore_ament_install']
[0.083s] Level 1:colcon.colcon_core.package_identification:_identify(.) by extension 'ignore'
[0.083s] Level 1:colcon.colcon_core.package_identification:_identify(.) by extension 'ignore_ament_install'
[0.083s] Level 1:colcon.colcon_core.package_identification:_identify(.) by extensions ['colcon_pkg']
[0.083s] Level 1:colcon.colcon_core.package_identification:_identify(.) by extension 'colcon_pkg'
[0.083s] Level 1:colcon.colcon_core.package_identification:_identify(.) by extensions ['colcon_meta']
[0.083s] Level 1:colcon.colcon_core.package_identification:_identify(.) by extension 'colcon_meta'
[0.083s] Level 1:colcon.colcon_core.package_identification:_identify(.) by extensions ['ros']
[0.083s] Level 1:colcon.colcon_core.package_identification:_identify(.) by extension 'ros'
[0.100s] Level 1:colcon.colcon_core.package_identification:_identify(.) by extensions ['cmake', 'python']
[0.100s] Level 1:colcon.colcon_core.package_identification:_identify(.) by extension 'cmake'
[0.100s] Level 1:colcon.colcon_core.package_identification:_identify(.) by extension 'python'
[0.100s] Level 1:colcon.colcon_core.package_identification:_identify(.) by extensions ['python_setup_py']
[0.100s] Level 1:colcon.colcon_core.package_identification:_identify(.) by extension 'python_setup_py'
[0.100s] Level 1:colcon.colcon_core.package_identification:_identify(build) by extensions ['ignore', 'ignore_ament_install']
[0.100s] Level 1:colcon.colcon_core.package_identification:_identify(build) by extension 'ignore'
[0.100s] Level 1:colcon.colcon_core.package_identification:_identify(build) ignored
[0.101s] Level 1:colcon.colcon_core.package_identification:_identify(install) by extensions ['ignore', 'ignore_ament_install']
[0.101s] Level 1:colcon.colcon_core.package_identification:_identify(install) by extension 'ignore'
[0.101s] Level 1:colcon.colcon_core.package_identification:_identify(install) ignored
[0.101s] Level 1:colcon.colcon_core.package_identification:_identify(log) by extensions ['ignore', 'ignore_ament_install']
[0.101s] Level 1:colcon.colcon_core.package_identification:_identify(log) by extension 'ignore'
[0.101s] Level 1:colcon.colcon_core.package_identification:_identify(log) ignored
[0.101s] Level 1:colcon.colcon_core.package_identification:_identify(src) by extensions ['ignore', 'ignore_ament_install']
[0.101s] Level 1:colcon.colcon_core.package_identification:_identify(src) by extension 'ignore'
[0.101s] Level 1:colcon.colcon_core.package_identification:_identify(src) by extension 'ignore_ament_install'
[0.101s] Level 1:colcon.colcon_core.package_identification:_identify(src) by extensions ['colcon_pkg']
[0.101s] Level 1:colcon.colcon_core.package_identification:_identify(src) by extension 'colcon_pkg'
[0.101s] Level 1:colcon.colcon_core.package_identification:_identify(src) by extensions ['colcon_meta']
[0.101s] Level 1:colcon.colcon_core.package_identification:_identify(src) by extension 'colcon_meta'
[0.101s] Level 1:colcon.colcon_core.package_identification:_identify(src) by extensions ['ros']
[0.101s] Level 1:colcon.colcon_core.package_identification:_identify(src) by extension 'ros'
[0.101s] Level 1:colcon.colcon_core.package_identification:_identify(src) by extensions ['cmake', 'python']
[0.101s] Level 1:colcon.colcon_core.package_identification:_identify(src) by extension 'cmake'
[0.101s] Level 1:colcon.colcon_core.package_identification:_identify(src) by extension 'python'
[0.101s] Level 1:colcon.colcon_core.package_identification:_identify(src) by extensions ['python_setup_py']
[0.101s] Level 1:colcon.colcon_core.package_identification:_identify(src) by extension 'python_setup_py'
[0.101s] Level 1:colcon.colcon_core.package_identification:_identify(src/mrs_uav_core) by extensions ['ignore', 'ignore_ament_install']
[0.101s] Level 1:colcon.colcon_core.package_identification:_identify(src/mrs_uav_core) by extension 'ignore'
[0.101s] Level 1:colcon.colcon_core.package_identification:_identify(src/mrs_uav_core) by extension 'ignore_ament_install'
[0.101s] Level 1:colcon.colcon_core.package_identification:_identify(src/mrs_uav_core) by extensions ['colcon_pkg']
[0.101s] Level 1:colcon.colcon_core.package_identification:_identify(src/mrs_uav_core) by extension 'colcon_pkg'
[0.101s] Level 1:colcon.colcon_core.package_identification:_identify(src/mrs_uav_core) by extensions ['colcon_meta']
[0.101s] Level 1:colcon.colcon_core.package_identification:_identify(src/mrs_uav_core) by extension 'colcon_meta'
[0.101s] Level 1:colcon.colcon_core.package_identification:_identify(src/mrs_uav_core) by extensions ['ros']
[0.101s] Level 1:colcon.colcon_core.package_identification:_identify(src/mrs_uav_core) by extension 'ros'
[0.101s] Level 1:colcon.colcon_core.package_identification:_identify(src/mrs_uav_core) by extensions ['cmake', 'python']
[0.101s] Level 1:colcon.colcon_core.package_identification:_identify(src/mrs_uav_core) by extension 'cmake'
[0.101s] Level 1:colcon.colcon_core.package_identification:_identify(src/mrs_uav_core) by extension 'python'
[0.101s] Level 1:colcon.colcon_core.package_identification:_identify(src/mrs_uav_core) by extensions ['python_setup_py']
[0.101s] Level 1:colcon.colcon_core.package_identification:_identify(src/mrs_uav_core) by extension 'python_setup_py'
[0.101s] Level 1:colcon.colcon_core.package_identification:_identify(src/mrs_uav_core/ros_packages) by extensions ['ignore', 'ignore_ament_install']
[0.101s] Level 1:colcon.colcon_core.package_identification:_identify(src/mrs_uav_core/ros_packages) by extension 'ignore'
[0.102s] Level 1:colcon.colcon_core.package_identification:_identify(src/mrs_uav_core/ros_packages) by extension 'ignore_ament_install'
[0.102s] Level 1:colcon.colcon_core.package_identification:_identify(src/mrs_uav_core/ros_packages) by extensions ['colcon_pkg']
[0.102s] Level 1:colcon.colcon_core.package_identification:_identify(src/mrs_uav_core/ros_packages) by extension 'colcon_pkg'
[0.102s] Level 1:colcon.colcon_core.package_identification:_identify(src/mrs_uav_core/ros_packages) by extensions ['colcon_meta']
[0.102s] Level 1:colcon.colcon_core.package_identification:_identify(src/mrs_uav_core/ros_packages) by extension 'colcon_meta'
[0.102s] Level 1:colcon.colcon_core.package_identification:_identify(src/mrs_uav_core/ros_packages) by extensions ['ros']
[0.102s] Level 1:colcon.colcon_core.package_identification:_identify(src/mrs_uav_core/ros_packages) by extension 'ros'
[0.102s] Level 1:colcon.colcon_core.package_identification:_identify(src/mrs_uav_core/ros_packages) by extensions ['cmake', 'python']
[0.102s] Level 1:colcon.colcon_core.package_identification:_identify(src/mrs_uav_core/ros_packages) by extension 'cmake'
[0.102s] Level 1:colcon.colcon_core.package_identification:_identify(src/mrs_uav_core/ros_packages) by extension 'python'
[0.102s] Level 1:colcon.colcon_core.package_identification:_identify(src/mrs_uav_core/ros_packages) by extensions ['python_setup_py']
[0.102s] Level 1:colcon.colcon_core.package_identification:_identify(src/mrs_uav_core/ros_packages) by extension 'python_setup_py'
[0.102s] Level 1:colcon.colcon_core.package_identification:_identify(src/mrs_uav_core/ros_packages/mrs_lib) by extensions ['ignore', 'ignore_ament_install']
[0.102s] Level 1:colcon.colcon_core.package_identification:_identify(src/mrs_uav_core/ros_packages/mrs_lib) by extension 'ignore'
[0.102s] Level 1:colcon.colcon_core.package_identification:_identify(src/mrs_uav_core/ros_packages/mrs_lib) by extension 'ignore_ament_install'
[0.102s] Level 1:colcon.colcon_core.package_identification:_identify(src/mrs_uav_core/ros_packages/mrs_lib) by extensions ['colcon_pkg']
[0.102s] Level 1:colcon.colcon_core.package_identification:_identify(src/mrs_uav_core/ros_packages/mrs_lib) by extension 'colcon_pkg'
[0.102s] Level 1:colcon.colcon_core.package_identification:_identify(src/mrs_uav_core/ros_packages/mrs_lib) by extensions ['colcon_meta']
[0.102s] Level 1:colcon.colcon_core.package_identification:_identify(src/mrs_uav_core/ros_packages/mrs_lib) by extension 'colcon_meta'
[0.102s] Level 1:colcon.colcon_core.package_identification:_identify(src/mrs_uav_core/ros_packages/mrs_lib) by extensions ['ros']
[0.102s] Level 1:colcon.colcon_core.package_identification:_identify(src/mrs_uav_core/ros_packages/mrs_lib) by extension 'ros'
[0.104s] DEBUG:colcon.colcon_core.package_identification:Package 'src/mrs_uav_core/ros_packages/mrs_lib' with type 'ros.ament_cmake' and name 'mrs_lib'
[0.104s] Level 1:colcon.colcon_core.package_identification:_identify(src/mrs_uav_core/ros_packages/mrs_msgs) by extensions ['ignore', 'ignore_ament_install']
[0.104s] Level 1:colcon.colcon_core.package_identification:_identify(src/mrs_uav_core/ros_packages/mrs_msgs) by extension 'ignore'
[0.104s] Level 1:colcon.colcon_core.package_identification:_identify(src/mrs_uav_core/ros_packages/mrs_msgs) by extension 'ignore_ament_install'
[0.104s] Level 1:colcon.colcon_core.package_identification:_identify(src/mrs_uav_core/ros_packages/mrs_msgs) by extensions ['colcon_pkg']
[0.104s] Level 1:colcon.colcon_core.package_identification:_identify(src/mrs_uav_core/ros_packages/mrs_msgs) by extension 'colcon_pkg'
[0.104s] Level 1:colcon.colcon_core.package_identification:_identify(src/mrs_uav_core/ros_packages/mrs_msgs) by extensions ['colcon_meta']
[0.104s] Level 1:colcon.colcon_core.package_identification:_identify(src/mrs_uav_core/ros_packages/mrs_msgs) by extension 'colcon_meta'
[0.104s] Level 1:colcon.colcon_core.package_identification:_identify(src/mrs_uav_core/ros_packages/mrs_msgs) by extensions ['ros']
[0.104s] Level 1:colcon.colcon_core.package_identification:_identify(src/mrs_uav_core/ros_packages/mrs_msgs) by extension 'ros'
[0.105s] DEBUG:colcon.colcon_core.package_identification:Package 'src/mrs_uav_core/ros_packages/mrs_msgs' with type 'ros.ament_cmake' and name 'mrs_msgs'
[0.105s] Level 1:colcon.colcon_core.package_identification:_identify(src/mrs_uav_core/ros_packages/mrs_multirotor_simulator) by extensions ['ignore', 'ignore_ament_install']
[0.105s] Level 1:colcon.colcon_core.package_identification:_identify(src/mrs_uav_core/ros_packages/mrs_multirotor_simulator) by extension 'ignore'
[0.105s] Level 1:colcon.colcon_core.package_identification:_identify(src/mrs_uav_core/ros_packages/mrs_multirotor_simulator) by extension 'ignore_ament_install'
[0.105s] Level 1:colcon.colcon_core.package_identification:_identify(src/mrs_uav_core/ros_packages/mrs_multirotor_simulator) by extensions ['colcon_pkg']
[0.105s] Level 1:colcon.colcon_core.package_identification:_identify(src/mrs_uav_core/ros_packages/mrs_multirotor_simulator) by extension 'colcon_pkg'
[0.105s] Level 1:colcon.colcon_core.package_identification:_identify(src/mrs_uav_core/ros_packages/mrs_multirotor_simulator) by extensions ['colcon_meta']
[0.105s] Level 1:colcon.colcon_core.package_identification:_identify(src/mrs_uav_core/ros_packages/mrs_multirotor_simulator) by extension 'colcon_meta'
[0.105s] Level 1:colcon.colcon_core.package_identification:_identify(src/mrs_uav_core/ros_packages/mrs_multirotor_simulator) by extensions ['ros']
[0.105s] Level 1:colcon.colcon_core.package_identification:_identify(src/mrs_uav_core/ros_packages/mrs_multirotor_simulator) by extension 'ros'
[0.106s] DEBUG:colcon.colcon_core.package_identification:Package 'src/mrs_uav_core/ros_packages/mrs_multirotor_simulator' with type 'ros.ament_cmake' and name 'mrs_multirotor_simulator'
[0.106s] Level 1:colcon.colcon_core.package_identification:_identify(src/mrs_uav_core/ros_packages/mrs_uav_autostart) by extensions ['ignore', 'ignore_ament_install']
[0.106s] Level 1:colcon.colcon_core.package_identification:_identify(src/mrs_uav_core/ros_packages/mrs_uav_autostart) by extension 'ignore'
[0.106s] Level 1:colcon.colcon_core.package_identification:_identify(src/mrs_uav_core/ros_packages/mrs_uav_autostart) by extension 'ignore_ament_install'
[0.106s] Level 1:colcon.colcon_core.package_identification:_identify(src/mrs_uav_core/ros_packages/mrs_uav_autostart) by extensions ['colcon_pkg']
[0.106s] Level 1:colcon.colcon_core.package_identification:_identify(src/mrs_uav_core/ros_packages/mrs_uav_autostart) by extension 'colcon_pkg'
[0.106s] Level 1:colcon.colcon_core.package_identification:_identify(src/mrs_uav_core/ros_packages/mrs_uav_autostart) by extensions ['colcon_meta']
[0.106s] Level 1:colcon.colcon_core.package_identification:_identify(src/mrs_uav_core/ros_packages/mrs_uav_autostart) by extension 'colcon_meta'
[0.106s] Level 1:colcon.colcon_core.package_identification:_identify(src/mrs_uav_core/ros_packages/mrs_uav_autostart) by extensions ['ros']
[0.106s] Level 1:colcon.colcon_core.package_identification:_identify(src/mrs_uav_core/ros_packages/mrs_uav_autostart) by extension 'ros'
[0.107s] DEBUG:colcon.colcon_core.package_identification:Package 'src/mrs_uav_core/ros_packages/mrs_uav_autostart' with type 'ros.ament_cmake' and name 'mrs_uav_autostart'
[0.107s] Level 1:colcon.colcon_core.package_identification:_identify(src/mrs_uav_core/ros_packages/mrs_uav_controllers) by extensions ['ignore', 'ignore_ament_install']
[0.107s] Level 1:colcon.colcon_core.package_identification:_identify(src/mrs_uav_core/ros_packages/mrs_uav_controllers) by extension 'ignore'
[0.107s] Level 1:colcon.colcon_core.package_identification:_identify(src/mrs_uav_core/ros_packages/mrs_uav_controllers) by extension 'ignore_ament_install'
[0.107s] Level 1:colcon.colcon_core.package_identification:_identify(src/mrs_uav_core/ros_packages/mrs_uav_controllers) by extensions ['colcon_pkg']
[0.107s] Level 1:colcon.colcon_core.package_identification:_identify(src/mrs_uav_core/ros_packages/mrs_uav_controllers) by extension 'colcon_pkg'
[0.107s] Level 1:colcon.colcon_core.package_identification:_identify(src/mrs_uav_core/ros_packages/mrs_uav_controllers) by extensions ['colcon_meta']
[0.107s] Level 1:colcon.colcon_core.package_identification:_identify(src/mrs_uav_core/ros_packages/mrs_uav_controllers) by extension 'colcon_meta'
[0.107s] Level 1:colcon.colcon_core.package_identification:_identify(src/mrs_uav_core/ros_packages/mrs_uav_controllers) by extensions ['ros']
[0.107s] Level 1:colcon.colcon_core.package_identification:_identify(src/mrs_uav_core/ros_packages/mrs_uav_controllers) by extension 'ros'
[0.108s] DEBUG:colcon.colcon_core.package_identification:Package 'src/mrs_uav_core/ros_packages/mrs_uav_controllers' with type 'ros.ament_cmake' and name 'mrs_uav_controllers'
[0.108s] Level 1:colcon.colcon_core.package_identification:_identify(src/mrs_uav_core/ros_packages/mrs_uav_core) by extensions ['ignore', 'ignore_ament_install']
[0.108s] Level 1:colcon.colcon_core.package_identification:_identify(src/mrs_uav_core/ros_packages/mrs_uav_core) by extension 'ignore'
[0.108s] Level 1:colcon.colcon_core.package_identification:_identify(src/mrs_uav_core/ros_packages/mrs_uav_core) by extension 'ignore_ament_install'
[0.108s] Level 1:colcon.colcon_core.package_identification:_identify(src/mrs_uav_core/ros_packages/mrs_uav_core) by extensions ['colcon_pkg']
[0.108s] Level 1:colcon.colcon_core.package_identification:_identify(src/mrs_uav_core/ros_packages/mrs_uav_core) by extension 'colcon_pkg'
[0.108s] Level 1:colcon.colcon_core.package_identification:_identify(src/mrs_uav_core/ros_packages/mrs_uav_core) by extensions ['colcon_meta']
[0.108s] Level 1:colcon.colcon_core.package_identification:_identify(src/mrs_uav_core/ros_packages/mrs_uav_core) by extension 'colcon_meta'
[0.108s] Level 1:colcon.colcon_core.package_identification:_identify(src/mrs_uav_core/ros_packages/mrs_uav_core) by extensions ['ros']
[0.108s] Level 1:colcon.colcon_core.package_identification:_identify(src/mrs_uav_core/ros_packages/mrs_uav_core) by extension 'ros'
[0.109s] DEBUG:colcon.colcon_core.package_identification:Package 'src/mrs_uav_core/ros_packages/mrs_uav_core' with type 'ros.ament_cmake' and name 'mrs_uav_core'
[0.109s] Level 1:colcon.colcon_core.package_identification:_identify(src/mrs_uav_core/ros_packages/mrs_uav_hw_api) by extensions ['ignore', 'ignore_ament_install']
[0.109s] Level 1:colcon.colcon_core.package_identification:_identify(src/mrs_uav_core/ros_packages/mrs_uav_hw_api) by extension 'ignore'
[0.109s] Level 1:colcon.colcon_core.package_identification:_identify(src/mrs_uav_core/ros_packages/mrs_uav_hw_api) by extension 'ignore_ament_install'
[0.109s] Level 1:colcon.colcon_core.package_identification:_identify(src/mrs_uav_core/ros_packages/mrs_uav_hw_api) by extensions ['colcon_pkg']
[0.109s] Level 1:colcon.colcon_core.package_identification:_identify(src/mrs_uav_core/ros_packages/mrs_uav_hw_api) by extension 'colcon_pkg'
[0.109s] Level 1:colcon.colcon_core.package_identification:_identify(src/mrs_uav_core/ros_packages/mrs_uav_hw_api) by extensions ['colcon_meta']
[0.109s] Level 1:colcon.colcon_core.package_identification:_identify(src/mrs_uav_core/ros_packages/mrs_uav_hw_api) by extension 'colcon_meta'
[0.109s] Level 1:colcon.colcon_core.package_identification:_identify(src/mrs_uav_core/ros_packages/mrs_uav_hw_api) by extensions ['ros']
[0.109s] Level 1:colcon.colcon_core.package_identification:_identify(src/mrs_uav_core/ros_packages/mrs_uav_hw_api) by extension 'ros'
[0.110s] DEBUG:colcon.colcon_core.package_identification:Package 'src/mrs_uav_core/ros_packages/mrs_uav_hw_api' with type 'ros.ament_cmake' and name 'mrs_uav_hw_api'
[0.110s] Level 1:colcon.colcon_core.package_identification:_identify(src/mrs_uav_core/ros_packages/mrs_uav_managers) by extensions ['ignore', 'ignore_ament_install']
[0.110s] Level 1:colcon.colcon_core.package_identification:_identify(src/mrs_uav_core/ros_packages/mrs_uav_managers) by extension 'ignore'
[0.110s] Level 1:colcon.colcon_core.package_identification:_identify(src/mrs_uav_core/ros_packages/mrs_uav_managers) by extension 'ignore_ament_install'
[0.110s] Level 1:colcon.colcon_core.package_identification:_identify(src/mrs_uav_core/ros_packages/mrs_uav_managers) by extensions ['colcon_pkg']
[0.110s] Level 1:colcon.colcon_core.package_identification:_identify(src/mrs_uav_core/ros_packages/mrs_uav_managers) by extension 'colcon_pkg'
[0.110s] Level 1:colcon.colcon_core.package_identification:_identify(src/mrs_uav_core/ros_packages/mrs_uav_managers) by extensions ['colcon_meta']
[0.110s] Level 1:colcon.colcon_core.package_identification:_identify(src/mrs_uav_core/ros_packages/mrs_uav_managers) by extension 'colcon_meta'
[0.110s] Level 1:colcon.colcon_core.package_identification:_identify(src/mrs_uav_core/ros_packages/mrs_uav_managers) by extensions ['ros']
[0.110s] Level 1:colcon.colcon_core.package_identification:_identify(src/mrs_uav_core/ros_packages/mrs_uav_managers) by extension 'ros'
[0.111s] DEBUG:colcon.colcon_core.package_identification:Package 'src/mrs_uav_core/ros_packages/mrs_uav_managers' with type 'ros.ament_cmake' and name 'mrs_uav_managers'
[0.111s] Level 1:colcon.colcon_core.package_identification:_identify(src/mrs_uav_core/ros_packages/mrs_uav_state_estimators) by extensions ['ignore', 'ignore_ament_install']
[0.111s] Level 1:colcon.colcon_core.package_identification:_identify(src/mrs_uav_core/ros_packages/mrs_uav_state_estimators) by extension 'ignore'
[0.111s] Level 1:colcon.colcon_core.package_identification:_identify(src/mrs_uav_core/ros_packages/mrs_uav_state_estimators) by extension 'ignore_ament_install'
[0.111s] Level 1:colcon.colcon_core.package_identification:_identify(src/mrs_uav_core/ros_packages/mrs_uav_state_estimators) by extensions ['colcon_pkg']
[0.111s] Level 1:colcon.colcon_core.package_identification:_identify(src/mrs_uav_core/ros_packages/mrs_uav_state_estimators) by extension 'colcon_pkg'
[0.111s] Level 1:colcon.colcon_core.package_identification:_identify(src/mrs_uav_core/ros_packages/mrs_uav_state_estimators) by extensions ['colcon_meta']
[0.111s] Level 1:colcon.colcon_core.package_identification:_identify(src/mrs_uav_core/ros_packages/mrs_uav_state_estimators) by extension 'colcon_meta'
[0.111s] Level 1:colcon.colcon_core.package_identification:_identify(src/mrs_uav_core/ros_packages/mrs_uav_state_estimators) by extensions ['ros']
[0.111s] Level 1:colcon.colcon_core.package_identification:_identify(src/mrs_uav_core/ros_packages/mrs_uav_state_estimators) by extension 'ros'
[0.112s] DEBUG:colcon.colcon_core.package_identification:Package 'src/mrs_uav_core/ros_packages/mrs_uav_state_estimators' with type 'ros.ament_cmake' and name 'mrs_uav_state_estimators'
[0.112s] Level 1:colcon.colcon_core.package_identification:_identify(src/mrs_uav_core/ros_packages/mrs_uav_status) by extensions ['ignore', 'ignore_ament_install']
[0.112s] Level 1:colcon.colcon_core.package_identification:_identify(src/mrs_uav_core/ros_packages/mrs_uav_status) by extension 'ignore'
[0.112s] Level 1:colcon.colcon_core.package_identification:_identify(src/mrs_uav_core/ros_packages/mrs_uav_status) by extension 'ignore_ament_install'
[0.112s] Level 1:colcon.colcon_core.package_identification:_identify(src/mrs_uav_core/ros_packages/mrs_uav_status) by extensions ['colcon_pkg']
[0.112s] Level 1:colcon.colcon_core.package_identification:_identify(src/mrs_uav_core/ros_packages/mrs_uav_status) by extension 'colcon_pkg'
[0.112s] Level 1:colcon.colcon_core.package_identification:_identify(src/mrs_uav_core/ros_packages/mrs_uav_status) by extensions ['colcon_meta']
[0.112s] Level 1:colcon.colcon_core.package_identification:_identify(src/mrs_uav_core/ros_packages/mrs_uav_status) by extension 'colcon_meta'
[0.112s] Level 1:colcon.colcon_core.package_identification:_identify(src/mrs_uav_core/ros_packages/mrs_uav_status) by extensions ['ros']
[0.112s] Level 1:colcon.colcon_core.package_identification:_identify(src/mrs_uav_core/ros_packages/mrs_uav_status) by extension 'ros'
[0.113s] DEBUG:colcon.colcon_core.package_identification:Package 'src/mrs_uav_core/ros_packages/mrs_uav_status' with type 'ros.ament_cmake' and name 'mrs_uav_status'
[0.113s] Level 1:colcon.colcon_core.package_identification:_identify(src/mrs_uav_core/ros_packages/mrs_uav_testing) by extensions ['ignore', 'ignore_ament_install']
[0.113s] Level 1:colcon.colcon_core.package_identification:_identify(src/mrs_uav_core/ros_packages/mrs_uav_testing) by extension 'ignore'
[0.113s] Level 1:colcon.colcon_core.package_identification:_identify(src/mrs_uav_core/ros_packages/mrs_uav_testing) by extension 'ignore_ament_install'
[0.113s] Level 1:colcon.colcon_core.package_identification:_identify(src/mrs_uav_core/ros_packages/mrs_uav_testing) by extensions ['colcon_pkg']
[0.113s] Level 1:colcon.colcon_core.package_identification:_identify(src/mrs_uav_core/ros_packages/mrs_uav_testing) by extension 'colcon_pkg'
[0.113s] Level 1:colcon.colcon_core.package_identification:_identify(src/mrs_uav_core/ros_packages/mrs_uav_testing) by extensions ['colcon_meta']
[0.113s] Level 1:colcon.colcon_core.package_identification:_identify(src/mrs_uav_core/ros_packages/mrs_uav_testing) by extension 'colcon_meta'
[0.113s] Level 1:colcon.colcon_core.package_identification:_identify(src/mrs_uav_core/ros_packages/mrs_uav_testing) by extensions ['ros']
[0.113s] Level 1:colcon.colcon_core.package_identification:_identify(src/mrs_uav_core/ros_packages/mrs_uav_testing) by extension 'ros'
[0.113s] DEBUG:colcon.colcon_core.package_identification:Package 'src/mrs_uav_core/ros_packages/mrs_uav_testing' with type 'ros.ament_cmake' and name 'mrs_uav_testing'
[0.113s] Level 1:colcon.colcon_core.package_identification:_identify(src/mrs_uav_core/ros_packages/mrs_uav_trackers) by extensions ['ignore', 'ignore_ament_install']
[0.113s] Level 1:colcon.colcon_core.package_identification:_identify(src/mrs_uav_core/ros_packages/mrs_uav_trackers) by extension 'ignore'
[0.113s] Level 1:colcon.colcon_core.package_identification:_identify(src/mrs_uav_core/ros_packages/mrs_uav_trackers) by extension 'ignore_ament_install'
[0.113s] Level 1:colcon.colcon_core.package_identification:_identify(src/mrs_uav_core/ros_packages/mrs_uav_trackers) by extensions ['colcon_pkg']
[0.113s] Level 1:colcon.colcon_core.package_identification:_identify(src/mrs_uav_core/ros_packages/mrs_uav_trackers) by extension 'colcon_pkg'
[0.113s] Level 1:colcon.colcon_core.package_identification:_identify(src/mrs_uav_core/ros_packages/mrs_uav_trackers) by extensions ['colcon_meta']
[0.113s] Level 1:colcon.colcon_core.package_identification:_identify(src/mrs_uav_core/ros_packages/mrs_uav_trackers) by extension 'colcon_meta'
[0.113s] Level 1:colcon.colcon_core.package_identification:_identify(src/mrs_uav_core/ros_packages/mrs_uav_trackers) by extensions ['ros']
[0.114s] Level 1:colcon.colcon_core.package_identification:_identify(src/mrs_uav_core/ros_packages/mrs_uav_trackers) by extension 'ros'
[0.114s] DEBUG:colcon.colcon_core.package_identification:Package 'src/mrs_uav_core/ros_packages/mrs_uav_trackers' with type 'ros.ament_cmake' and name 'mrs_uav_trackers'
[0.114s] Level 1:colcon.colcon_core.package_identification:_identify(src/mrs_uav_core/ros_packages/mrs_uav_trajectory_generation) by extensions ['ignore', 'ignore_ament_install']
[0.114s] Level 1:colcon.colcon_core.package_identification:_identify(src/mrs_uav_core/ros_packages/mrs_uav_trajectory_generation) by extension 'ignore'
[0.114s] Level 1:colcon.colcon_core.package_identification:_identify(src/mrs_uav_core/ros_packages/mrs_uav_trajectory_generation) by extension 'ignore_ament_install'
[0.114s] Level 1:colcon.colcon_core.package_identification:_identify(src/mrs_uav_core/ros_packages/mrs_uav_trajectory_generation) by extensions ['colcon_pkg']
[0.114s] Level 1:colcon.colcon_core.package_identification:_identify(src/mrs_uav_core/ros_packages/mrs_uav_trajectory_generation) by extension 'colcon_pkg'
[0.114s] Level 1:colcon.colcon_core.package_identification:_identify(src/mrs_uav_core/ros_packages/mrs_uav_trajectory_generation) by extensions ['colcon_meta']
[0.114s] Level 1:colcon.colcon_core.package_identification:_identify(src/mrs_uav_core/ros_packages/mrs_uav_trajectory_generation) by extension 'colcon_meta'
[0.114s] Level 1:colcon.colcon_core.package_identification:_identify(src/mrs_uav_core/ros_packages/mrs_uav_trajectory_generation) by extensions ['ros']
[0.114s] Level 1:colcon.colcon_core.package_identification:_identify(src/mrs_uav_core/ros_packages/mrs_uav_trajectory_generation) by extension 'ros'
[0.115s] DEBUG:colcon.colcon_core.package_identification:Package 'src/mrs_uav_core/ros_packages/mrs_uav_trajectory_generation' with type 'ros.ament_cmake' and name 'mrs_uav_trajectory_generation'
[0.115s] Level 1:colcon.colcon_core.package_identification:_identify(src/mrs_uav_deployment) by extensions ['ignore', 'ignore_ament_install']
[0.115s] Level 1:colcon.colcon_core.package_identification:_identify(src/mrs_uav_deployment) by extension 'ignore'
[0.115s] Level 1:colcon.colcon_core.package_identification:_identify(src/mrs_uav_deployment) by extension 'ignore_ament_install'
[0.115s] Level 1:colcon.colcon_core.package_identification:_identify(src/mrs_uav_deployment) by extensions ['colcon_pkg']
[0.115s] Level 1:colcon.colcon_core.package_identification:_identify(src/mrs_uav_deployment) by extension 'colcon_pkg'
[0.115s] Level 1:colcon.colcon_core.package_identification:_identify(src/mrs_uav_deployment) by extensions ['colcon_meta']
[0.115s] Level 1:colcon.colcon_core.package_identification:_identify(src/mrs_uav_deployment) by extension 'colcon_meta'
[0.115s] Level 1:colcon.colcon_core.package_identification:_identify(src/mrs_uav_deployment) by extensions ['ros']
[0.115s] Level 1:colcon.colcon_core.package_identification:_identify(src/mrs_uav_deployment) by extension 'ros'
[0.116s] DEBUG:colcon.colcon_core.package_identification:Package 'src/mrs_uav_deployment' with type 'ros.ament_cmake' and name 'mrs_uav_deployment'
[0.116s] Level 1:colcon.colcon_core.package_identification:_identify(src/mrs_uav_flightforge_simulator) by extensions ['ignore', 'ignore_ament_install']
[0.116s] Level 1:colcon.colcon_core.package_identification:_identify(src/mrs_uav_flightforge_simulator) by extension 'ignore'
[0.116s] Level 1:colcon.colcon_core.package_identification:_identify(src/mrs_uav_flightforge_simulator) by extension 'ignore_ament_install'
[0.116s] Level 1:colcon.colcon_core.package_identification:_identify(src/mrs_uav_flightforge_simulator) by extensions ['colcon_pkg']
[0.116s] Level 1:colcon.colcon_core.package_identification:_identify(src/mrs_uav_flightforge_simulator) by extension 'colcon_pkg'
[0.116s] Level 1:colcon.colcon_core.package_identification:_identify(src/mrs_uav_flightforge_simulator) by extensions ['colcon_meta']
[0.116s] Level 1:colcon.colcon_core.package_identification:_identify(src/mrs_uav_flightforge_simulator) by extension 'colcon_meta'
[0.116s] Level 1:colcon.colcon_core.package_identification:_identify(src/mrs_uav_flightforge_simulator) by extensions ['ros']
[0.116s] Level 1:colcon.colcon_core.package_identification:_identify(src/mrs_uav_flightforge_simulator) by extension 'ros'
[0.117s] DEBUG:colcon.colcon_core.package_identification:Package 'src/mrs_uav_flightforge_simulator' with type 'ros.ament_cmake' and name 'mrs_uav_flightforge_simulator'
[0.117s] Level 1:colcon.colcon_core.package_identification:_identify(src/mrs_uav_modules) by extensions ['ignore', 'ignore_ament_install']
[0.117s] Level 1:colcon.colcon_core.package_identification:_identify(src/mrs_uav_modules) by extension 'ignore'
[0.117s] Level 1:colcon.colcon_core.package_identification:_identify(src/mrs_uav_modules) by extension 'ignore_ament_install'
[0.117s] Level 1:colcon.colcon_core.package_identification:_identify(src/mrs_uav_modules) by extensions ['colcon_pkg']
[0.117s] Level 1:colcon.colcon_core.package_identification:_identify(src/mrs_uav_modules) by extension 'colcon_pkg'
[0.117s] Level 1:colcon.colcon_core.package_identification:_identify(src/mrs_uav_modules) by extensions ['colcon_meta']
[0.117s] Level 1:colcon.colcon_core.package_identification:_identify(src/mrs_uav_modules) by extension 'colcon_meta'
[0.117s] Level 1:colcon.colcon_core.package_identification:_identify(src/mrs_uav_modules) by extensions ['ros']
[0.117s] Level 1:colcon.colcon_core.package_identification:_identify(src/mrs_uav_modules) by extension 'ros'
[0.117s] Level 1:colcon.colcon_core.package_identification:_identify(src/mrs_uav_modules) by extensions ['cmake', 'python']
[0.117s] Level 1:colcon.colcon_core.package_identification:_identify(src/mrs_uav_modules) by extension 'cmake'
[0.117s] Level 1:colcon.colcon_core.package_identification:_identify(src/mrs_uav_modules) by extension 'python'
[0.117s] Level 1:colcon.colcon_core.package_identification:_identify(src/mrs_uav_modules) by extensions ['python_setup_py']
[0.117s] Level 1:colcon.colcon_core.package_identification:_identify(src/mrs_uav_modules) by extension 'python_setup_py'
[0.117s] Level 1:colcon.colcon_core.package_identification:_identify(src/mrs_uav_modules/ros_packages) by extensions ['ignore', 'ignore_ament_install']
[0.117s] Level 1:colcon.colcon_core.package_identification:_identify(src/mrs_uav_modules/ros_packages) by extension 'ignore'
[0.117s] Level 1:colcon.colcon_core.package_identification:_identify(src/mrs_uav_modules/ros_packages) by extension 'ignore_ament_install'
[0.117s] Level 1:colcon.colcon_core.package_identification:_identify(src/mrs_uav_modules/ros_packages) by extensions ['colcon_pkg']
[0.117s] Level 1:colcon.colcon_core.package_identification:_identify(src/mrs_uav_modules/ros_packages) by extension 'colcon_pkg'
[0.117s] Level 1:colcon.colcon_core.package_identification:_identify(src/mrs_uav_modules/ros_packages) by extensions ['colcon_meta']
[0.117s] Level 1:colcon.colcon_core.package_identification:_identify(src/mrs_uav_modules/ros_packages) by extension 'colcon_meta'
[0.117s] Level 1:colcon.colcon_core.package_identification:_identify(src/mrs_uav_modules/ros_packages) by extensions ['ros']
[0.117s] Level 1:colcon.colcon_core.package_identification:_identify(src/mrs_uav_modules/ros_packages) by extension 'ros'
[0.117s] Level 1:colcon.colcon_core.package_identification:_identify(src/mrs_uav_modules/ros_packages) by extensions ['cmake', 'python']
[0.117s] Level 1:colcon.colcon_core.package_identification:_identify(src/mrs_uav_modules/ros_packages) by extension 'cmake'
[0.117s] Level 1:colcon.colcon_core.package_identification:_identify(src/mrs_uav_modules/ros_packages) by extension 'python'
[0.117s] Level 1:colcon.colcon_core.package_identification:_identify(src/mrs_uav_modules/ros_packages) by extensions ['python_setup_py']
[0.117s] Level 1:colcon.colcon_core.package_identification:_identify(src/mrs_uav_modules/ros_packages) by extension 'python_setup_py'
[0.117s] Level 1:colcon.colcon_core.package_identification:_identify(src/mrs_uav_modules/ros_packages/mrs_modules_msgs) by extensions ['ignore', 'ignore_ament_install']
[0.117s] Level 1:colcon.colcon_core.package_identification:_identify(src/mrs_uav_modules/ros_packages/mrs_modules_msgs) by extension 'ignore'
[0.117s] Level 1:colcon.colcon_core.package_identification:_identify(src/mrs_uav_modules/ros_packages/mrs_modules_msgs) by extension 'ignore_ament_install'
[0.118s] Level 1:colcon.colcon_core.package_identification:_identify(src/mrs_uav_modules/ros_packages/mrs_modules_msgs) by extensions ['colcon_pkg']
[0.118s] Level 1:colcon.colcon_core.package_identification:_identify(src/mrs_uav_modules/ros_packages/mrs_modules_msgs) by extension 'colcon_pkg'
[0.118s] Level 1:colcon.colcon_core.package_identification:_identify(src/mrs_uav_modules/ros_packages/mrs_modules_msgs) by extensions ['colcon_meta']
[0.118s] Level 1:colcon.colcon_core.package_identification:_identify(src/mrs_uav_modules/ros_packages/mrs_modules_msgs) by extension 'colcon_meta'
[0.118s] Level 1:colcon.colcon_core.package_identification:_identify(src/mrs_uav_modules/ros_packages/mrs_modules_msgs) by extensions ['ros']
[0.118s] Level 1:colcon.colcon_core.package_identification:_identify(src/mrs_uav_modules/ros_packages/mrs_modules_msgs) by extension 'ros'
[0.118s] DEBUG:colcon.colcon_core.package_identification:Package 'src/mrs_uav_modules/ros_packages/mrs_modules_msgs' with type 'ros.ament_cmake' and name 'mrs_modules_msgs'
[0.118s] Level 1:colcon.colcon_core.package_identification:_identify(src/mrs_uav_modules/ros_packages/mrs_rviz_plugins) by extensions ['ignore', 'ignore_ament_install']
[0.118s] Level 1:colcon.colcon_core.package_identification:_identify(src/mrs_uav_modules/ros_packages/mrs_rviz_plugins) by extension 'ignore'
[0.118s] Level 1:colcon.colcon_core.package_identification:_identify(src/mrs_uav_modules/ros_packages/mrs_rviz_plugins) by extension 'ignore_ament_install'
[0.118s] Level 1:colcon.colcon_core.package_identification:_identify(src/mrs_uav_modules/ros_packages/mrs_rviz_plugins) by extensions ['colcon_pkg']
[0.118s] Level 1:colcon.colcon_core.package_identification:_identify(src/mrs_uav_modules/ros_packages/mrs_rviz_plugins) by extension 'colcon_pkg'
[0.118s] Level 1:colcon.colcon_core.package_identification:_identify(src/mrs_uav_modules/ros_packages/mrs_rviz_plugins) by extensions ['colcon_meta']
[0.118s] Level 1:colcon.colcon_core.package_identification:_identify(src/mrs_uav_modules/ros_packages/mrs_rviz_plugins) by extension 'colcon_meta'
[0.118s] Level 1:colcon.colcon_core.package_identification:_identify(src/mrs_uav_modules/ros_packages/mrs_rviz_plugins) by extensions ['ros']
[0.118s] Level 1:colcon.colcon_core.package_identification:_identify(src/mrs_uav_modules/ros_packages/mrs_rviz_plugins) by extension 'ros'
[0.119s] DEBUG:colcon.colcon_core.package_identification:Package 'src/mrs_uav_modules/ros_packages/mrs_rviz_plugins' with type 'ros.ament_cmake' and name 'mrs_rviz_plugins'
[0.119s] Level 1:colcon.colcon_core.package_identification:_identify(src/mrs_uav_modules/ros_packages/mrs_serial) by extensions ['ignore', 'ignore_ament_install']
[0.119s] Level 1:colcon.colcon_core.package_identification:_identify(src/mrs_uav_modules/ros_packages/mrs_serial) by extension 'ignore'
[0.119s] Level 1:colcon.colcon_core.package_identification:_identify(src/mrs_uav_modules/ros_packages/mrs_serial) by extension 'ignore_ament_install'
[0.119s] Level 1:colcon.colcon_core.package_identification:_identify(src/mrs_uav_modules/ros_packages/mrs_serial) by extensions ['colcon_pkg']
[0.119s] Level 1:colcon.colcon_core.package_identification:_identify(src/mrs_uav_modules/ros_packages/mrs_serial) by extension 'colcon_pkg'
[0.119s] Level 1:colcon.colcon_core.package_identification:_identify(src/mrs_uav_modules/ros_packages/mrs_serial) by extensions ['colcon_meta']
[0.119s] Level 1:colcon.colcon_core.package_identification:_identify(src/mrs_uav_modules/ros_packages/mrs_serial) by extension 'colcon_meta'
[0.119s] Level 1:colcon.colcon_core.package_identification:_identify(src/mrs_uav_modules/ros_packages/mrs_serial) by extensions ['ros']
[0.119s] Level 1:colcon.colcon_core.package_identification:_identify(src/mrs_uav_modules/ros_packages/mrs_serial) by extension 'ros'
[0.120s] DEBUG:colcon.colcon_core.package_identification:Package 'src/mrs_uav_modules/ros_packages/mrs_serial' with type 'ros.ament_cmake' and name 'mrs_serial'
[0.120s] Level 1:colcon.colcon_core.package_identification:_identify(src/mrs_uav_modules/ros_packages/mrs_uav_modules) by extensions ['ignore', 'ignore_ament_install']
[0.120s] Level 1:colcon.colcon_core.package_identification:_identify(src/mrs_uav_modules/ros_packages/mrs_uav_modules) by extension 'ignore'
[0.120s] Level 1:colcon.colcon_core.package_identification:_identify(src/mrs_uav_modules/ros_packages/mrs_uav_modules) by extension 'ignore_ament_install'
[0.120s] Level 1:colcon.colcon_core.package_identification:_identify(src/mrs_uav_modules/ros_packages/mrs_uav_modules) by extensions ['colcon_pkg']
[0.120s] Level 1:colcon.colcon_core.package_identification:_identify(src/mrs_uav_modules/ros_packages/mrs_uav_modules) by extension 'colcon_pkg'
[0.120s] Level 1:colcon.colcon_core.package_identification:_identify(src/mrs_uav_modules/ros_packages/mrs_uav_modules) by extensions ['colcon_meta']
[0.120s] Level 1:colcon.colcon_core.package_identification:_identify(src/mrs_uav_modules/ros_packages/mrs_uav_modules) by extension 'colcon_meta'
[0.120s] Level 1:colcon.colcon_core.package_identification:_identify(src/mrs_uav_modules/ros_packages/mrs_uav_modules) by extensions ['ros']
[0.120s] Level 1:colcon.colcon_core.package_identification:_identify(src/mrs_uav_modules/ros_packages/mrs_uav_modules) by extension 'ros'
[0.120s] DEBUG:colcon.colcon_core.package_identification:Package 'src/mrs_uav_modules/ros_packages/mrs_uav_modules' with type 'ros.ament_cmake' and name 'mrs_uav_modules'
[0.120s] Level 1:colcon.colcon_core.package_identification:_identify(src/mrs_uav_system) by extensions ['ignore', 'ignore_ament_install']
[0.120s] Level 1:colcon.colcon_core.package_identification:_identify(src/mrs_uav_system) by extension 'ignore'
[0.120s] Level 1:colcon.colcon_core.package_identification:_identify(src/mrs_uav_system) by extension 'ignore_ament_install'
[0.120s] Level 1:colcon.colcon_core.package_identification:_identify(src/mrs_uav_system) by extensions ['colcon_pkg']
[0.120s] Level 1:colcon.colcon_core.package_identification:_identify(src/mrs_uav_system) by extension 'colcon_pkg'
[0.120s] Level 1:colcon.colcon_core.package_identification:_identify(src/mrs_uav_system) by extensions ['colcon_meta']
[0.120s] Level 1:colcon.colcon_core.package_identification:_identify(src/mrs_uav_system) by extension 'colcon_meta'
[0.120s] Level 1:colcon.colcon_core.package_identification:_identify(src/mrs_uav_system) by extensions ['ros']
[0.120s] Level 1:colcon.colcon_core.package_identification:_identify(src/mrs_uav_system) by extension 'ros'
[0.120s] Level 1:colcon.colcon_core.package_identification:_identify(src/mrs_uav_system) by extensions ['cmake', 'python']
[0.120s] Level 1:colcon.colcon_core.package_identification:_identify(src/mrs_uav_system) by extension 'cmake'
[0.120s] Level 1:colcon.colcon_core.package_identification:_identify(src/mrs_uav_system) by extension 'python'
[0.120s] Level 1:colcon.colcon_core.package_identification:_identify(src/mrs_uav_system) by extensions ['python_setup_py']
[0.120s] Level 1:colcon.colcon_core.package_identification:_identify(src/mrs_uav_system) by extension 'python_setup_py'
[0.120s] Level 1:colcon.colcon_core.package_identification:_identify(src/mrs_uav_system/docker) by extensions ['ignore', 'ignore_ament_install']
[0.121s] Level 1:colcon.colcon_core.package_identification:_identify(src/mrs_uav_system/docker) by extension 'ignore'
[0.121s] Level 1:colcon.colcon_core.package_identification:_identify(src/mrs_uav_system/docker) by extension 'ignore_ament_install'
[0.121s] Level 1:colcon.colcon_core.package_identification:_identify(src/mrs_uav_system/docker) by extensions ['colcon_pkg']
[0.121s] Level 1:colcon.colcon_core.package_identification:_identify(src/mrs_uav_system/docker) by extension 'colcon_pkg'
[0.121s] Level 1:colcon.colcon_core.package_identification:_identify(src/mrs_uav_system/docker) by extensions ['colcon_meta']
[0.121s] Level 1:colcon.colcon_core.package_identification:_identify(src/mrs_uav_system/docker) by extension 'colcon_meta'
[0.121s] Level 1:colcon.colcon_core.package_identification:_identify(src/mrs_uav_system/docker) by extensions ['ros']
[0.121s] Level 1:colcon.colcon_core.package_identification:_identify(src/mrs_uav_system/docker) by extension 'ros'
[0.121s] Level 1:colcon.colcon_core.package_identification:_identify(src/mrs_uav_system/docker) by extensions ['cmake', 'python']
[0.121s] Level 1:colcon.colcon_core.package_identification:_identify(src/mrs_uav_system/docker) by extension 'cmake'
[0.121s] Level 1:colcon.colcon_core.package_identification:_identify(src/mrs_uav_system/docker) by extension 'python'
[0.121s] Level 1:colcon.colcon_core.package_identification:_identify(src/mrs_uav_system/docker) by extensions ['python_setup_py']
[0.121s] Level 1:colcon.colcon_core.package_identification:_identify(src/mrs_uav_system/docker) by extension 'python_setup_py'
[0.121s] Level 1:colcon.colcon_core.package_identification:_identify(src/mrs_uav_system/ros_packages) by extensions ['ignore', 'ignore_ament_install']
[0.121s] Level 1:colcon.colcon_core.package_identification:_identify(src/mrs_uav_system/ros_packages) by extension 'ignore'
[0.121s] Level 1:colcon.colcon_core.package_identification:_identify(src/mrs_uav_system/ros_packages) by extension 'ignore_ament_install'
[0.121s] Level 1:colcon.colcon_core.package_identification:_identify(src/mrs_uav_system/ros_packages) by extensions ['colcon_pkg']
[0.121s] Level 1:colcon.colcon_core.package_identification:_identify(src/mrs_uav_system/ros_packages) by extension 'colcon_pkg'
[0.121s] Level 1:colcon.colcon_core.package_identification:_identify(src/mrs_uav_system/ros_packages) by extensions ['colcon_meta']
[0.121s] Level 1:colcon.colcon_core.package_identification:_identify(src/mrs_uav_system/ros_packages) by extension 'colcon_meta'
[0.121s] Level 1:colcon.colcon_core.package_identification:_identify(src/mrs_uav_system/ros_packages) by extensions ['ros']
[0.121s] Level 1:colcon.colcon_core.package_identification:_identify(src/mrs_uav_system/ros_packages) by extension 'ros'
[0.121s] Level 1:colcon.colcon_core.package_identification:_identify(src/mrs_uav_system/ros_packages) by extensions ['cmake', 'python']
[0.121s] Level 1:colcon.colcon_core.package_identification:_identify(src/mrs_uav_system/ros_packages) by extension 'cmake'
[0.121s] Level 1:colcon.colcon_core.package_identification:_identify(src/mrs_uav_system/ros_packages) by extension 'python'
[0.121s] Level 1:colcon.colcon_core.package_identification:_identify(src/mrs_uav_system/ros_packages) by extensions ['python_setup_py']
[0.121s] Level 1:colcon.colcon_core.package_identification:_identify(src/mrs_uav_system/ros_packages) by extension 'python_setup_py'
[0.121s] Level 1:colcon.colcon_core.package_identification:_identify(src/mrs_uav_system/ros_packages/mrs_uav_system) by extensions ['ignore', 'ignore_ament_install']
[0.121s] Level 1:colcon.colcon_core.package_identification:_identify(src/mrs_uav_system/ros_packages/mrs_uav_system) by extension 'ignore'
[0.121s] Level 1:colcon.colcon_core.package_identification:_identify(src/mrs_uav_system/ros_packages/mrs_uav_system) by extension 'ignore_ament_install'
[0.121s] Level 1:colcon.colcon_core.package_identification:_identify(src/mrs_uav_system/ros_packages/mrs_uav_system) by extensions ['colcon_pkg']
[0.121s] Level 1:colcon.colcon_core.package_identification:_identify(src/mrs_uav_system/ros_packages/mrs_uav_system) by extension 'colcon_pkg'
[0.121s] Level 1:colcon.colcon_core.package_identification:_identify(src/mrs_uav_system/ros_packages/mrs_uav_system) by extensions ['colcon_meta']
[0.121s] Level 1:colcon.colcon_core.package_identification:_identify(src/mrs_uav_system/ros_packages/mrs_uav_system) by extension 'colcon_meta'
[0.121s] Level 1:colcon.colcon_core.package_identification:_identify(src/mrs_uav_system/ros_packages/mrs_uav_system) by extensions ['ros']
[0.121s] Level 1:colcon.colcon_core.package_identification:_identify(src/mrs_uav_system/ros_packages/mrs_uav_system) by extension 'ros'
[0.122s] DEBUG:colcon.colcon_core.package_identification:Package 'src/mrs_uav_system/ros_packages/mrs_uav_system' with type 'ros.ament_cmake' and name 'mrs_uav_system'
[0.122s] Level 1:colcon.colcon_core.package_identification:_identify(src/mrs_uav_system/ros_packages/mrs_uav_system_full) by extensions ['ignore', 'ignore_ament_install']
[0.122s] Level 1:colcon.colcon_core.package_identification:_identify(src/mrs_uav_system/ros_packages/mrs_uav_system_full) by extension 'ignore'
[0.122s] Level 1:colcon.colcon_core.package_identification:_identify(src/mrs_uav_system/ros_packages/mrs_uav_system_full) by extension 'ignore_ament_install'
[0.122s] Level 1:colcon.colcon_core.package_identification:_identify(src/mrs_uav_system/ros_packages/mrs_uav_system_full) by extensions ['colcon_pkg']
[0.122s] Level 1:colcon.colcon_core.package_identification:_identify(src/mrs_uav_system/ros_packages/mrs_uav_system_full) by extension 'colcon_pkg'
[0.122s] Level 1:colcon.colcon_core.package_identification:_identify(src/mrs_uav_system/ros_packages/mrs_uav_system_full) by extensions ['colcon_meta']
[0.122s] Level 1:colcon.colcon_core.package_identification:_identify(src/mrs_uav_system/ros_packages/mrs_uav_system_full) by extension 'colcon_meta'
[0.122s] Level 1:colcon.colcon_core.package_identification:_identify(src/mrs_uav_system/ros_packages/mrs_uav_system_full) by extensions ['ros']
[0.122s] Level 1:colcon.colcon_core.package_identification:_identify(src/mrs_uav_system/ros_packages/mrs_uav_system_full) by extension 'ros'
[0.122s] DEBUG:colcon.colcon_core.package_identification:Package 'src/mrs_uav_system/ros_packages/mrs_uav_system_full' with type 'ros.ament_cmake' and name 'mrs_uav_system_full'
[0.122s] Level 1:colcon.colcon_core.package_discovery:discover_packages(recursive) using defaults
[0.122s] Level 1:colcon.colcon_core.package_discovery:discover_packages(ignore) discover
[0.122s] Level 1:colcon.colcon_core.package_discovery:discover_packages(ignore) using defaults
[0.122s] Level 1:colcon.colcon_core.package_discovery:discover_packages(path) discover
[0.122s] Level 1:colcon.colcon_core.package_discovery:discover_packages(path) using defaults
[0.139s] INFO:colcon.colcon_core.package_selection:Skipping not selected package 'mrs_modules_msgs' in 'src/mrs_uav_modules/ros_packages/mrs_modules_msgs'
[0.139s] INFO:colcon.colcon_core.package_selection:Skipping not selected package 'mrs_msgs' in 'src/mrs_uav_core/ros_packages/mrs_msgs'
[0.139s] INFO:colcon.colcon_core.package_selection:Skipping not selected package 'mrs_uav_deployment' in 'src/mrs_uav_deployment'
[0.139s] INFO:colcon.colcon_core.package_selection:Skipping not selected package 'mrs_lib' in 'src/mrs_uav_core/ros_packages/mrs_lib'
[0.139s] INFO:colcon.colcon_core.package_selection:Skipping not selected package 'mrs_rviz_plugins' in 'src/mrs_uav_modules/ros_packages/mrs_rviz_plugins'
[0.139s] INFO:colcon.colcon_core.package_selection:Skipping not selected package 'mrs_serial' in 'src/mrs_uav_modules/ros_packages/mrs_serial'
[0.139s] INFO:colcon.colcon_core.package_selection:Skipping not selected package 'mrs_uav_status' in 'src/mrs_uav_core/ros_packages/mrs_uav_status'
[0.139s] INFO:colcon.colcon_core.package_selection:Skipping not selected package 'mrs_uav_testing' in 'src/mrs_uav_core/ros_packages/mrs_uav_testing'
[0.139s] INFO:colcon.colcon_core.package_selection:Skipping not selected package 'mrs_uav_autostart' in 'src/mrs_uav_core/ros_packages/mrs_uav_autostart'
[0.139s] INFO:colcon.colcon_core.package_selection:Skipping not selected package 'mrs_uav_hw_api' in 'src/mrs_uav_core/ros_packages/mrs_uav_hw_api'
[0.139s] INFO:colcon.colcon_core.package_selection:Skipping not selected package 'mrs_uav_modules' in 'src/mrs_uav_modules/ros_packages/mrs_uav_modules'
[0.139s] INFO:colcon.colcon_core.package_selection:Skipping not selected package 'mrs_uav_trajectory_generation' in 'src/mrs_uav_core/ros_packages/mrs_uav_trajectory_generation'
[0.139s] INFO:colcon.colcon_core.package_selection:Skipping not selected package 'mrs_multirotor_simulator' in 'src/mrs_uav_core/ros_packages/mrs_multirotor_simulator'
[0.139s] INFO:colcon.colcon_core.package_selection:Skipping not selected package 'mrs_uav_managers' in 'src/mrs_uav_core/ros_packages/mrs_uav_managers'
[0.139s] INFO:colcon.colcon_core.package_selection:Skipping not selected package 'mrs_uav_controllers' in 'src/mrs_uav_core/ros_packages/mrs_uav_controllers'
[0.139s] INFO:colcon.colcon_core.package_selection:Skipping not selected package 'mrs_uav_state_estimators' in 'src/mrs_uav_core/ros_packages/mrs_uav_state_estimators'
[0.139s] INFO:colcon.colcon_core.package_selection:Skipping not selected package 'mrs_uav_trackers' in 'src/mrs_uav_core/ros_packages/mrs_uav_trackers'
[0.139s] INFO:colcon.colcon_core.package_selection:Skipping not selected package 'mrs_uav_core' in 'src/mrs_uav_core/ros_packages/mrs_uav_core'
[0.139s] INFO:colcon.colcon_core.package_selection:Skipping not selected package 'mrs_uav_system' in 'src/mrs_uav_system/ros_packages/mrs_uav_system'
[0.139s] INFO:colcon.colcon_core.package_selection:Skipping not selected package 'mrs_uav_system_full' in 'src/mrs_uav_system/ros_packages/mrs_uav_system_full'
[0.140s] Level 1:colcon.colcon_core.package_discovery:discover_packages(prefix_path) check parameters
[0.140s] Level 1:colcon.colcon_core.package_discovery:discover_packages(prefix_path) discover
[0.140s] WARNING:colcon.colcon_ros.prefix_path.ament:The path '/home/gaurav/mrs_workspace/install/mrs_uav_system_full' in the environment variable AMENT_PREFIX_PATH doesn't exist
[0.140s] WARNING:colcon.colcon_ros.prefix_path.ament:The path '/home/gaurav/mrs_workspace/install/mrs_uav_system' in the environment variable AMENT_PREFIX_PATH doesn't exist
[0.140s] WARNING:colcon.colcon_ros.prefix_path.ament:The path '/home/gaurav/mrs_workspace/install/mrs_uav_core' in the environment variable AMENT_PREFIX_PATH doesn't exist
[0.140s] WARNING:colcon.colcon_ros.prefix_path.ament:The path '/home/gaurav/mrs_workspace/install/mrs_uav_trackers' in the environment variable AMENT_PREFIX_PATH doesn't exist
[0.140s] WARNING:colcon.colcon_ros.prefix_path.ament:The path '/home/gaurav/mrs_workspace/install/mrs_uav_state_estimators' in the environment variable AMENT_PREFIX_PATH doesn't exist
[0.140s] WARNING:colcon.colcon_ros.prefix_path.ament:The path '/home/gaurav/mrs_workspace/install/mrs_uav_controllers' in the environment variable AMENT_PREFIX_PATH doesn't exist
[0.140s] WARNING:colcon.colcon_ros.prefix_path.ament:The path '/home/gaurav/mrs_workspace/install/mrs_uav_managers' in the environment variable AMENT_PREFIX_PATH doesn't exist
[0.140s] WARNING:colcon.colcon_ros.prefix_path.catkin:The path '/home/gaurav/mrs_workspace/install/mrs_uav_system_full' in the environment variable CMAKE_PREFIX_PATH doesn't exist
[0.140s] WARNING:colcon.colcon_ros.prefix_path.catkin:The path '/home/gaurav/mrs_workspace/install/mrs_uav_system' in the environment variable CMAKE_PREFIX_PATH doesn't exist
[0.140s] WARNING:colcon.colcon_ros.prefix_path.catkin:The path '/home/gaurav/mrs_workspace/install/mrs_uav_core' in the environment variable CMAKE_PREFIX_PATH doesn't exist
[0.140s] WARNING:colcon.colcon_ros.prefix_path.catkin:The path '/home/gaurav/mrs_workspace/install/mrs_uav_trackers' in the environment variable CMAKE_PREFIX_PATH doesn't exist
[0.140s] WARNING:colcon.colcon_ros.prefix_path.catkin:The path '/home/gaurav/mrs_workspace/install/mrs_uav_state_estimators' in the environment variable CMAKE_PREFIX_PATH doesn't exist
[0.140s] WARNING:colcon.colcon_ros.prefix_path.catkin:The path '/home/gaurav/mrs_workspace/install/mrs_uav_controllers' in the environment variable CMAKE_PREFIX_PATH doesn't exist
[0.141s] WARNING:colcon.colcon_ros.prefix_path.catkin:The path '/home/gaurav/mrs_workspace/install/mrs_uav_managers' in the environment variable CMAKE_PREFIX_PATH doesn't exist
[0.141s] DEBUG:colcon.colcon_installed_package_information.package_discovery:Found 15 installed packages in /home/gaurav/mrs_workspace/install
[0.142s] DEBUG:colcon.colcon_installed_package_information.package_discovery:Found 334 installed packages in /opt/ros/jazzy
[0.143s] Level 1:colcon.colcon_core.package_discovery:discover_packages(prefix_path) using defaults
[0.166s] Level 5:colcon.colcon_core.verb:set package 'mrs_uav_flightforge_simulator' build argument 'cmake_args' from command line to '['-DCMAKE_BUILD_TYPE=Release']'
[0.166s] Level 5:colcon.colcon_core.verb:set package 'mrs_uav_flightforge_simulator' build argument 'cmake_target' from command line to 'None'
[0.166s] Level 5:colcon.colcon_core.verb:set package 'mrs_uav_flightforge_simulator' build argument 'cmake_target_skip_unavailable' from command line to 'False'
[0.166s] Level 5:colcon.colcon_core.verb:set package 'mrs_uav_flightforge_simulator' build argument 'cmake_clean_cache' from command line to 'False'
[0.166s] Level 5:colcon.colcon_core.verb:set package 'mrs_uav_flightforge_simulator' build argument 'cmake_clean_first' from command line to 'False'
[0.166s] Level 5:colcon.colcon_core.verb:set package 'mrs_uav_flightforge_simulator' build argument 'cmake_force_configure' from command line to 'False'
[0.166s] Level 5:colcon.colcon_core.verb:set package 'mrs_uav_flightforge_simulator' build argument 'ament_cmake_args' from command line to 'None'
[0.166s] Level 5:colcon.colcon_core.verb:set package 'mrs_uav_flightforge_simulator' build argument 'catkin_cmake_args' from command line to 'None'
[0.166s] Level 5:colcon.colcon_core.verb:set package 'mrs_uav_flightforge_simulator' build argument 'catkin_skip_building_tests' from command line to 'False'
[0.166s] DEBUG:colcon.colcon_core.verb:Building package 'mrs_uav_flightforge_simulator' with the following arguments: {'ament_cmake_args': None, 'build_base': '/home/gaurav/mrs_workspace/build/mrs_uav_flightforge_simulator', 'catkin_cmake_args': None, 'catkin_skip_building_tests': False, 'cmake_args': ['-DCMAKE_BUILD_TYPE=Release'], 'cmake_clean_cache': False, 'cmake_clean_first': False, 'cmake_force_configure': False, 'cmake_target': None, 'cmake_target_skip_unavailable': False, 'install_base': '/home/gaurav/mrs_workspace/install/mrs_uav_flightforge_simulator', 'merge_install': False, 'path': '/home/gaurav/mrs_workspace/src/mrs_uav_flightforge_simulator', 'symlink_install': True, 'test_result_base': None}
[0.166s] INFO:colcon.colcon_core.executor:Executing jobs using 'parallel' executor
[0.166s] DEBUG:colcon.colcon_parallel_executor.executor.parallel:run_until_complete
[0.167s] INFO:colcon.colcon_ros.task.ament_cmake.build:Building ROS package in '/home/gaurav/mrs_workspace/src/mrs_uav_flightforge_simulator' with build type 'ament_cmake'
[0.167s] INFO:colcon.colcon_cmake.task.cmake.build:Building CMake package in '/home/gaurav/mrs_workspace/src/mrs_uav_flightforge_simulator'
[0.168s] INFO:colcon.colcon_core.plugin_system:Skipping extension 'colcon_core.shell.bat': Not used on non-Windows systems
[0.168s] INFO:colcon.colcon_core.shell:Skip shell extension 'powershell' for command environment: Not usable outside of PowerShell
[0.168s] DEBUG:colcon.colcon_core.shell:Skip shell extension 'dsv' for command environment
[0.182s] DEBUG:colcon.colcon_core.event_handler.log_command:Invoking command in '/home/gaurav/mrs_workspace/build/mrs_uav_flightforge_simulator': CMAKE_PREFIX_PATH=/home/gaurav/mrs_workspace/install/mrs_multirotor_simulator:/home/gaurav/mrs_workspace/install/mrs_uav_hw_api:/home/gaurav/mrs_workspace/install/mrs_uav_testing:/home/gaurav/mrs_workspace/install/mrs_lib:/home/gaurav/mrs_workspace/install/mrs_msgs:/home/gaurav/mrs_workspace/install/mrs_uav_system_full:/home/gaurav/mrs_workspace/install/mrs_uav_system:/home/gaurav/mrs_workspace/install/mrs_uav_core:/home/gaurav/mrs_workspace/install/mrs_uav_trajectory_generation:/home/gaurav/mrs_workspace/install/mrs_uav_trackers:/home/gaurav/mrs_workspace/install/mrs_uav_state_estimators:/home/gaurav/mrs_workspace/install/mrs_uav_controllers:/home/gaurav/mrs_workspace/install/mrs_uav_managers:/home/gaurav/mrs_workspace/install/mrs_uav_autostart:/home/gaurav/mrs_workspace/install/mrs_uav_status:/home/gaurav/mrs_workspace/install/mrs_uav_modules:/home/gaurav/mrs_workspace/install/mrs_serial:/home/gaurav/mrs_workspace/install/mrs_rviz_plugins:/home/gaurav/mrs_workspace/install/mrs_modules_msgs:/opt/ros/jazzy/opt/gz_math_vendor:/opt/ros/jazzy/opt/gz_utils_vendor:/opt/ros/jazzy/opt/gz_cmake_vendor:/opt/ros/jazzy DEBUGINFOD_URLS=https://debuginfod.ubuntu.com LD_LIBRARY_PATH=/home/gaurav/mrs_workspace/install/mrs_multirotor_simulator/lib:/home/gaurav/mrs_workspace/install/mrs_uav_hw_api/lib:/home/gaurav/mrs_workspace/install/mrs_lib/lib:/home/gaurav/mrs_workspace/install/mrs_msgs/lib:/home/gaurav/mrs_workspace/install/mrs_uav_trajectory_generation/lib:/home/gaurav/mrs_workspace/install/mrs_uav_trackers/lib:/home/gaurav/mrs_workspace/install/mrs_uav_state_estimators/lib:/home/gaurav/mrs_workspace/install/mrs_uav_controllers/lib:/home/gaurav/mrs_workspace/install/mrs_uav_managers/lib:/home/gaurav/mrs_workspace/install/mrs_uav_autostart/lib:/home/gaurav/mrs_workspace/install/mrs_uav_testing/lib:/home/gaurav/mrs_workspace/install/mrs_uav_status/lib:/home/gaurav/mrs_workspace/install/mrs_serial/lib:/home/gaurav/mrs_workspace/install/mrs_rviz_plugins/lib:/home/gaurav/mrs_workspace/install/mrs_modules_msgs/lib:/opt/ros/jazzy/opt/zenoh_cpp_vendor/lib:/opt/ros/jazzy/opt/rviz_ogre_vendor/lib:/opt/ros/jazzy/lib/x86_64-linux-gnu:/opt/ros/jazzy/opt/gz_math_vendor/lib:/opt/ros/jazzy/opt/gz_utils_vendor/lib:/opt/ros/jazzy/opt/gz_cmake_vendor/lib:/opt/ros/jazzy/lib /usr/bin/cmake /home/gaurav/mrs_workspace/src/mrs_uav_flightforge_simulator -DCMAKE_BUILD_TYPE=Release -DAMENT_CMAKE_SYMLINK_INSTALL=1 -DCMAKE_INSTALL_PREFIX=/home/gaurav/mrs_workspace/install/mrs_uav_flightforge_simulator
[5.452s] DEBUG:colcon.colcon_core.event_handler.log_command:Invoked command in '/home/gaurav/mrs_workspace/build/mrs_uav_flightforge_simulator' returned '1': CMAKE_PREFIX_PATH=/home/gaurav/mrs_workspace/install/mrs_multirotor_simulator:/home/gaurav/mrs_workspace/install/mrs_uav_hw_api:/home/gaurav/mrs_workspace/install/mrs_uav_testing:/home/gaurav/mrs_workspace/install/mrs_lib:/home/gaurav/mrs_workspace/install/mrs_msgs:/home/gaurav/mrs_workspace/install/mrs_uav_system_full:/home/gaurav/mrs_workspace/install/mrs_uav_system:/home/gaurav/mrs_workspace/install/mrs_uav_core:/home/gaurav/mrs_workspace/install/mrs_uav_trajectory_generation:/home/gaurav/mrs_workspace/install/mrs_uav_trackers:/home/gaurav/mrs_workspace/install/mrs_uav_state_estimators:/home/gaurav/mrs_workspace/install/mrs_uav_controllers:/home/gaurav/mrs_workspace/install/mrs_uav_managers:/home/gaurav/mrs_workspace/install/mrs_uav_autostart:/home/gaurav/mrs_workspace/install/mrs_uav_status:/home/gaurav/mrs_workspace/install/mrs_uav_modules:/home/gaurav/mrs_workspace/install/mrs_serial:/home/gaurav/mrs_workspace/install/mrs_rviz_plugins:/home/gaurav/mrs_workspace/install/mrs_modules_msgs:/opt/ros/jazzy/opt/gz_math_vendor:/opt/ros/jazzy/opt/gz_utils_vendor:/opt/ros/jazzy/opt/gz_cmake_vendor:/opt/ros/jazzy DEBUGINFOD_URLS=https://debuginfod.ubuntu.com LD_LIBRARY_PATH=/home/gaurav/mrs_workspace/install/mrs_multirotor_simulator/lib:/home/gaurav/mrs_workspace/install/mrs_uav_hw_api/lib:/home/gaurav/mrs_workspace/install/mrs_lib/lib:/home/gaurav/mrs_workspace/install/mrs_msgs/lib:/home/gaurav/mrs_workspace/install/mrs_uav_trajectory_generation/lib:/home/gaurav/mrs_workspace/install/mrs_uav_trackers/lib:/home/gaurav/mrs_workspace/install/mrs_uav_state_estimators/lib:/home/gaurav/mrs_workspace/install/mrs_uav_controllers/lib:/home/gaurav/mrs_workspace/install/mrs_uav_managers/lib:/home/gaurav/mrs_workspace/install/mrs_uav_autostart/lib:/home/gaurav/mrs_workspace/install/mrs_uav_testing/lib:/home/gaurav/mrs_workspace/install/mrs_uav_status/lib:/home/gaurav/mrs_workspace/install/mrs_serial/lib:/home/gaurav/mrs_workspace/install/mrs_rviz_plugins/lib:/home/gaurav/mrs_workspace/install/mrs_modules_msgs/lib:/opt/ros/jazzy/opt/zenoh_cpp_vendor/lib:/opt/ros/jazzy/opt/rviz_ogre_vendor/lib:/opt/ros/jazzy/lib/x86_64-linux-gnu:/opt/ros/jazzy/opt/gz_math_vendor/lib:/opt/ros/jazzy/opt/gz_utils_vendor/lib:/opt/ros/jazzy/opt/gz_cmake_vendor/lib:/opt/ros/jazzy/lib /usr/bin/cmake /home/gaurav/mrs_workspace/src/mrs_uav_flightforge_simulator -DCMAKE_BUILD_TYPE=Release -DAMENT_CMAKE_SYMLINK_INSTALL=1 -DCMAKE_INSTALL_PREFIX=/home/gaurav/mrs_workspace/install/mrs_uav_flightforge_simulator
[5.461s] Level 1:colcon.colcon_core.environment:create_environment_scripts_only(mrs_uav_flightforge_simulator)
[5.463s] Level 1:colcon.colcon_core.environment:checking '/home/gaurav/mrs_workspace/install/mrs_uav_flightforge_simulator' for CMake module files
[5.463s] Level 1:colcon.colcon_core.environment:checking '/home/gaurav/mrs_workspace/install/mrs_uav_flightforge_simulator' for CMake config files
[5.463s] Level 1:colcon.colcon_core.environment:checking '/home/gaurav/mrs_workspace/install/mrs_uav_flightforge_simulator/bin'
[5.463s] Level 1:colcon.colcon_core.environment:checking '/home/gaurav/mrs_workspace/install/mrs_uav_flightforge_simulator/lib/pkgconfig/mrs_uav_flightforge_simulator.pc'
[5.463s] Level 1:colcon.colcon_core.environment:checking '/home/gaurav/mrs_workspace/install/mrs_uav_flightforge_simulator/lib/python3.12/site-packages'
[5.463s] Level 1:colcon.colcon_core.environment:checking '/home/gaurav/mrs_workspace/install/mrs_uav_flightforge_simulator/bin'
[5.464s] INFO:colcon.colcon_core.shell:Creating package script '/home/gaurav/mrs_workspace/install/mrs_uav_flightforge_simulator/share/mrs_uav_flightforge_simulator/package.ps1'
[5.464s] INFO:colcon.colcon_core.shell:Creating package descriptor '/home/gaurav/mrs_workspace/install/mrs_uav_flightforge_simulator/share/mrs_uav_flightforge_simulator/package.dsv'
[5.464s] INFO:colcon.colcon_core.shell:Creating package script '/home/gaurav/mrs_workspace/install/mrs_uav_flightforge_simulator/share/mrs_uav_flightforge_simulator/package.sh'
[5.464s] INFO:colcon.colcon_core.shell:Creating package script '/home/gaurav/mrs_workspace/install/mrs_uav_flightforge_simulator/share/mrs_uav_flightforge_simulator/package.bash'
[5.465s] INFO:colcon.colcon_core.shell:Creating package script '/home/gaurav/mrs_workspace/install/mrs_uav_flightforge_simulator/share/mrs_uav_flightforge_simulator/package.zsh'
[5.465s] Level 1:colcon.colcon_core.environment:create_file_with_runtime_dependencies(/home/gaurav/mrs_workspace/install/mrs_uav_flightforge_simulator/share/colcon-core/packages/mrs_uav_flightforge_simulator)
[5.475s] DEBUG:colcon.colcon_parallel_executor.executor.parallel:closing loop
[5.475s] DEBUG:colcon.colcon_parallel_executor.executor.parallel:loop closed
[5.475s] DEBUG:colcon.colcon_parallel_executor.executor.parallel:run_until_complete finished with '1'
[5.475s] DEBUG:colcon.colcon_core.event_reactor:joining thread
[5.479s] INFO:colcon.colcon_core.plugin_system:Skipping extension 'colcon_notification.desktop_notification.terminal_notifier': Not used on non-Darwin systems
[5.479s] INFO:colcon.colcon_core.plugin_system:Skipping extension 'colcon_notification.desktop_notification.win32': Not used on non-Windows systems
[5.479s] INFO:colcon.colcon_notification.desktop_notification:Sending desktop notification using 'notify2'
[5.487s] DEBUG:colcon.colcon_core.event_reactor:joined thread
[5.487s] INFO:colcon.colcon_core.shell:Creating prefix script '/home/gaurav/mrs_workspace/install/local_setup.ps1'
[5.488s] INFO:colcon.colcon_core.shell:Creating prefix util module '/home/gaurav/mrs_workspace/install/_local_setup_util_ps1.py'
[5.488s] INFO:colcon.colcon_core.shell:Creating prefix chain script '/home/gaurav/mrs_workspace/install/setup.ps1'
[5.489s] INFO:colcon.colcon_core.shell:Creating prefix script '/home/gaurav/mrs_workspace/install/local_setup.sh'
[5.489s] INFO:colcon.colcon_core.shell:Creating prefix util module '/home/gaurav/mrs_workspace/install/_local_setup_util_sh.py'
[5.490s] INFO:colcon.colcon_core.shell:Creating prefix chain script '/home/gaurav/mrs_workspace/install/setup.sh'
[5.490s] INFO:colcon.colcon_core.shell:Creating prefix script '/home/gaurav/mrs_workspace/install/local_setup.bash'
[5.490s] INFO:colcon.colcon_core.shell:Creating prefix chain script '/home/gaurav/mrs_workspace/install/setup.bash'
[5.497s] INFO:colcon.colcon_core.shell:Creating prefix script '/home/gaurav/mrs_workspace/install/local_setup.zsh'
[5.498s] INFO:colcon.colcon_core.shell:Creating prefix chain script '/home/gaurav/mrs_workspace/install/setup.zsh'
