[ 20%] Built target MrsUavStatus_NcursesTest
[ 50%] Built target MrsUavStatus_Acquisition
[100%] Built target MrsUavStatus_Status
-- Install configuration: "Release"
-- Execute custom install script
-- Up-to-date symlink: /home/gaurav/mrs_workspace/install/mrs_uav_status/lib/mrs_uav_status/MrsUavStatus_NcursesTest
-- Up-to-date symlink: /home/gaurav/mrs_workspace/install/mrs_uav_status/lib/mrs_uav_status/MrsUavStatus_Status
-- Up-to-date symlink: /home/gaurav/mrs_workspace/install/mrs_uav_status/share/mrs_uav_status/launch/acquisition.launch.py
-- Up-to-date symlink: /home/gaurav/mrs_workspace/install/mrs_uav_status/share/mrs_uav_status/launch/ncurses_test.launch.py
-- Up-to-date symlink: /home/gaurav/mrs_workspace/install/mrs_uav_status/share/mrs_uav_status/config/public/default.yaml
-- Up-to-date symlink: /home/gaurav/mrs_workspace/install/mrs_uav_status/share/mrs_uav_status/environment/library_path.sh
-- Up-to-date symlink: /home/gaurav/mrs_workspace/install/mrs_uav_status/share/mrs_uav_status/environment/library_path.dsv
-- Up-to-date symlink: /home/gaurav/mrs_workspace/install/mrs_uav_status/share/ament_index/resource_index/package_run_dependencies/mrs_uav_status
-- Up-to-date symlink: /home/gaurav/mrs_workspace/install/mrs_uav_status/share/ament_index/resource_index/parent_prefix_path/mrs_uav_status
-- Up-to-date symlink: /home/gaurav/mrs_workspace/install/mrs_uav_status/share/mrs_uav_status/environment/ament_prefix_path.sh
-- Up-to-date symlink: /home/gaurav/mrs_workspace/install/mrs_uav_status/share/mrs_uav_status/environment/ament_prefix_path.dsv
-- Up-to-date symlink: /home/gaurav/mrs_workspace/install/mrs_uav_status/share/mrs_uav_status/environment/path.sh
-- Up-to-date symlink: /home/gaurav/mrs_workspace/install/mrs_uav_status/share/mrs_uav_status/environment/path.dsv
-- Up-to-date symlink: /home/gaurav/mrs_workspace/install/mrs_uav_status/share/mrs_uav_status/local_setup.bash
-- Up-to-date symlink: /home/gaurav/mrs_workspace/install/mrs_uav_status/share/mrs_uav_status/local_setup.sh
-- Up-to-date symlink: /home/gaurav/mrs_workspace/install/mrs_uav_status/share/mrs_uav_status/local_setup.zsh
-- Up-to-date symlink: /home/gaurav/mrs_workspace/install/mrs_uav_status/share/mrs_uav_status/local_setup.dsv
-- Symlinking: /home/gaurav/mrs_workspace/install/mrs_uav_status/share/mrs_uav_status/package.dsv
-- Up-to-date symlink: /home/gaurav/mrs_workspace/install/mrs_uav_status/share/ament_index/resource_index/packages/mrs_uav_status
-- Up-to-date symlink: /home/gaurav/mrs_workspace/install/mrs_uav_status/share/ament_index/resource_index/rclcpp_components/mrs_uav_status
-- Up-to-date symlink: /home/gaurav/mrs_workspace/install/mrs_uav_status/share/mrs_uav_status/cmake/ament_cmake_export_targets-extras.cmake
-- Up-to-date symlink: /home/gaurav/mrs_workspace/install/mrs_uav_status/share/mrs_uav_status/cmake/mrs_uav_statusConfig.cmake
-- Up-to-date symlink: /home/gaurav/mrs_workspace/install/mrs_uav_status/share/mrs_uav_status/cmake/mrs_uav_statusConfig-version.cmake
-- Up-to-date symlink: /home/gaurav/mrs_workspace/install/mrs_uav_status/share/mrs_uav_status/package.xml
-- Up-to-date: /home/gaurav/mrs_workspace/install/mrs_uav_status/lib/libMrsUavStatus_Acquisition.so
-- Up-to-date: /home/gaurav/mrs_workspace/install/mrs_uav_status/lib/mrs_uav_status/scripts
-- Up-to-date: /home/gaurav/mrs_workspace/install/mrs_uav_status/lib/mrs_uav_status/scripts/get_public_params.py
-- Up-to-date: /home/gaurav/mrs_workspace/install/mrs_uav_status/lib/mrs_uav_status/scripts/status.sh
-- Up-to-date: /home/gaurav/mrs_workspace/install/mrs_uav_status/share/mrs_uav_status/cmake/export_mrs_uav_statusExport.cmake
-- Up-to-date: /home/gaurav/mrs_workspace/install/mrs_uav_status/share/mrs_uav_status/cmake/export_mrs_uav_statusExport-release.cmake
