[ 33%] Built target MrsMultirotorSimulator_HwApiPlugin
[ 66%] Built target MrsMultirotorSimulator_SimulatorSystemRos
[100%] Built target MrsMultirotorSimulator_Simulator
-- Install configuration: "Release"
-- Execute custom install script
-- Up-to-date symlink: /home/gaurav/mrs_workspace/install/mrs_multirotor_simulator/share/mrs_multirotor_simulator//plugins.xml
-- Up-to-date symlink: /home/gaurav/mrs_workspace/install/mrs_multirotor_simulator/share/mrs_multirotor_simulator/environment/library_path.sh
-- Up-to-date symlink: /home/gaurav/mrs_workspace/install/mrs_multirotor_simulator/share/mrs_multirotor_simulator/environment/library_path.dsv
-- Up-to-date symlink: /home/gaurav/mrs_workspace/install/mrs_multirotor_simulator/./include/KDTreeVectorOfVectorsAdaptor.h
-- Up-to-date symlink: /home/gaurav/mrs_workspace/install/mrs_multirotor_simulator/./include/mrs_multirotor_simulator/rate_counter.h
-- Up-to-date symlink: /home/gaurav/mrs_workspace/install/mrs_multirotor_simulator/./include/mrs_multirotor_simulator/uav_system/controllers/acceleration_controller.hpp
-- Up-to-date symlink: /home/gaurav/mrs_workspace/install/mrs_multirotor_simulator/./include/mrs_multirotor_simulator/uav_system/controllers/attitude_controller.hpp
-- Up-to-date symlink: /home/gaurav/mrs_workspace/install/mrs_multirotor_simulator/./include/mrs_multirotor_simulator/uav_system/controllers/mixer.hpp
-- Up-to-date symlink: /home/gaurav/mrs_workspace/install/mrs_multirotor_simulator/./include/mrs_multirotor_simulator/uav_system/controllers/pid.hpp
-- Up-to-date symlink: /home/gaurav/mrs_workspace/install/mrs_multirotor_simulator/./include/mrs_multirotor_simulator/uav_system/controllers/position_controller.hpp
-- Up-to-date symlink: /home/gaurav/mrs_workspace/install/mrs_multirotor_simulator/./include/mrs_multirotor_simulator/uav_system/controllers/rate_controller.hpp
-- Up-to-date symlink: /home/gaurav/mrs_workspace/install/mrs_multirotor_simulator/./include/mrs_multirotor_simulator/uav_system/controllers/references.hpp
-- Up-to-date symlink: /home/gaurav/mrs_workspace/install/mrs_multirotor_simulator/./include/mrs_multirotor_simulator/uav_system/controllers/velocity_controller.hpp
-- Up-to-date symlink: /home/gaurav/mrs_workspace/install/mrs_multirotor_simulator/./include/mrs_multirotor_simulator/uav_system/multirotor_model.hpp
-- Up-to-date symlink: /home/gaurav/mrs_workspace/install/mrs_multirotor_simulator/./include/mrs_multirotor_simulator/uav_system/ode/boost/numeric/odeint.hpp
-- Up-to-date symlink: /home/gaurav/mrs_workspace/install/mrs_multirotor_simulator/./include/mrs_multirotor_simulator/uav_system/ode/boost/numeric/odeint/algebra/array_algebra.hpp
-- Up-to-date symlink: /home/gaurav/mrs_workspace/install/mrs_multirotor_simulator/./include/mrs_multirotor_simulator/uav_system/ode/boost/numeric/odeint/algebra/default_operations.hpp
-- Up-to-date symlink: /home/gaurav/mrs_workspace/install/mrs_multirotor_simulator/./include/mrs_multirotor_simulator/uav_system/ode/boost/numeric/odeint/algebra/detail/for_each.hpp
-- Up-to-date symlink: /home/gaurav/mrs_workspace/install/mrs_multirotor_simulator/./include/mrs_multirotor_simulator/uav_system/ode/boost/numeric/odeint/algebra/detail/macros.hpp
-- Up-to-date symlink: /home/gaurav/mrs_workspace/install/mrs_multirotor_simulator/./include/mrs_multirotor_simulator/uav_system/ode/boost/numeric/odeint/algebra/detail/reduce.hpp
-- Up-to-date symlink: /home/gaurav/mrs_workspace/install/mrs_multirotor_simulator/./include/mrs_multirotor_simulator/uav_system/ode/boost/numeric/odeint/algebra/fusion_algebra.hpp
-- Up-to-date symlink: /home/gaurav/mrs_workspace/install/mrs_multirotor_simulator/./include/mrs_multirotor_simulator/uav_system/ode/boost/numeric/odeint/algebra/range_algebra.hpp
-- Up-to-date symlink: /home/gaurav/mrs_workspace/install/mrs_multirotor_simulator/./include/mrs_multirotor_simulator/uav_system/ode/boost/numeric/odeint/algebra/vector_space_algebra.hpp
-- Up-to-date symlink: /home/gaurav/mrs_workspace/install/mrs_multirotor_simulator/./include/mrs_multirotor_simulator/uav_system/ode/boost/numeric/odeint/config.hpp
-- Up-to-date symlink: /home/gaurav/mrs_workspace/install/mrs_multirotor_simulator/./include/mrs_multirotor_simulator/uav_system/ode/boost/numeric/odeint/external/gsl/gsl_wrapper.hpp
-- Up-to-date symlink: /home/gaurav/mrs_workspace/install/mrs_multirotor_simulator/./include/mrs_multirotor_simulator/uav_system/ode/boost/numeric/odeint/external/mkl/mkl_operations.hpp
-- Up-to-date symlink: /home/gaurav/mrs_workspace/install/mrs_multirotor_simulator/./include/mrs_multirotor_simulator/uav_system/ode/boost/numeric/odeint/external/mtl4/implicit_euler_mtl4.hpp
-- Up-to-date symlink: /home/gaurav/mrs_workspace/install/mrs_multirotor_simulator/./include/mrs_multirotor_simulator/uav_system/ode/boost/numeric/odeint/external/mtl4/mtl4_resize.hpp
-- Up-to-date symlink: /home/gaurav/mrs_workspace/install/mrs_multirotor_simulator/./include/mrs_multirotor_simulator/uav_system/ode/boost/numeric/odeint/external/thrust/thrust_algebra.hpp
-- Up-to-date symlink: /home/gaurav/mrs_workspace/install/mrs_multirotor_simulator/./include/mrs_multirotor_simulator/uav_system/ode/boost/numeric/odeint/external/thrust/thrust_operations.hpp
-- Up-to-date symlink: /home/gaurav/mrs_workspace/install/mrs_multirotor_simulator/./include/mrs_multirotor_simulator/uav_system/ode/boost/numeric/odeint/external/thrust/thrust_resize.hpp
-- Up-to-date symlink: /home/gaurav/mrs_workspace/install/mrs_multirotor_simulator/./include/mrs_multirotor_simulator/uav_system/ode/boost/numeric/odeint/external/vexcl/vexcl_resize.hpp
-- Up-to-date symlink: /home/gaurav/mrs_workspace/install/mrs_multirotor_simulator/./include/mrs_multirotor_simulator/uav_system/ode/boost/numeric/odeint/external/viennacl/viennacl_operations.hpp
-- Up-to-date symlink: /home/gaurav/mrs_workspace/install/mrs_multirotor_simulator/./include/mrs_multirotor_simulator/uav_system/ode/boost/numeric/odeint/external/viennacl/viennacl_resize.hpp
-- Up-to-date symlink: /home/gaurav/mrs_workspace/install/mrs_multirotor_simulator/./include/mrs_multirotor_simulator/uav_system/ode/boost/numeric/odeint/integrate/detail/integrate_adaptive.hpp
-- Up-to-date symlink: /home/gaurav/mrs_workspace/install/mrs_multirotor_simulator/./include/mrs_multirotor_simulator/uav_system/ode/boost/numeric/odeint/integrate/detail/integrate_const.hpp
-- Up-to-date symlink: /home/gaurav/mrs_workspace/install/mrs_multirotor_simulator/./include/mrs_multirotor_simulator/uav_system/ode/boost/numeric/odeint/integrate/detail/integrate_n_steps.hpp
-- Up-to-date symlink: /home/gaurav/mrs_workspace/install/mrs_multirotor_simulator/./include/mrs_multirotor_simulator/uav_system/ode/boost/numeric/odeint/integrate/detail/integrate_times.hpp
-- Up-to-date symlink: /home/gaurav/mrs_workspace/install/mrs_multirotor_simulator/./include/mrs_multirotor_simulator/uav_system/ode/boost/numeric/odeint/integrate/integrate.hpp
-- Up-to-date symlink: /home/gaurav/mrs_workspace/install/mrs_multirotor_simulator/./include/mrs_multirotor_simulator/uav_system/ode/boost/numeric/odeint/integrate/integrate_adaptive.hpp
-- Up-to-date symlink: /home/gaurav/mrs_workspace/install/mrs_multirotor_simulator/./include/mrs_multirotor_simulator/uav_system/ode/boost/numeric/odeint/integrate/integrate_const.hpp
-- Up-to-date symlink: /home/gaurav/mrs_workspace/install/mrs_multirotor_simulator/./include/mrs_multirotor_simulator/uav_system/ode/boost/numeric/odeint/integrate/integrate_n_steps.hpp
-- Up-to-date symlink: /home/gaurav/mrs_workspace/install/mrs_multirotor_simulator/./include/mrs_multirotor_simulator/uav_system/ode/boost/numeric/odeint/integrate/integrate_times.hpp
-- Up-to-date symlink: /home/gaurav/mrs_workspace/install/mrs_multirotor_simulator/./include/mrs_multirotor_simulator/uav_system/ode/boost/numeric/odeint/integrate/null_observer.hpp
-- Up-to-date symlink: /home/gaurav/mrs_workspace/install/mrs_multirotor_simulator/./include/mrs_multirotor_simulator/uav_system/ode/boost/numeric/odeint/integrate/observer_collection.hpp
-- Up-to-date symlink: /home/gaurav/mrs_workspace/install/mrs_multirotor_simulator/./include/mrs_multirotor_simulator/uav_system/ode/boost/numeric/odeint/stepper/adams_bashforth.hpp
-- Up-to-date symlink: /home/gaurav/mrs_workspace/install/mrs_multirotor_simulator/./include/mrs_multirotor_simulator/uav_system/ode/boost/numeric/odeint/stepper/adams_bashforth_moulton.hpp
-- Up-to-date symlink: /home/gaurav/mrs_workspace/install/mrs_multirotor_simulator/./include/mrs_multirotor_simulator/uav_system/ode/boost/numeric/odeint/stepper/adams_moulton.hpp
-- Up-to-date symlink: /home/gaurav/mrs_workspace/install/mrs_multirotor_simulator/./include/mrs_multirotor_simulator/uav_system/ode/boost/numeric/odeint/stepper/base/algebra_stepper_base.hpp
-- Up-to-date symlink: /home/gaurav/mrs_workspace/install/mrs_multirotor_simulator/./include/mrs_multirotor_simulator/uav_system/ode/boost/numeric/odeint/stepper/base/explicit_error_stepper_base.hpp
-- Up-to-date symlink: /home/gaurav/mrs_workspace/install/mrs_multirotor_simulator/./include/mrs_multirotor_simulator/uav_system/ode/boost/numeric/odeint/stepper/base/explicit_error_stepper_fsal_base.hpp
-- Up-to-date symlink: /home/gaurav/mrs_workspace/install/mrs_multirotor_simulator/./include/mrs_multirotor_simulator/uav_system/ode/boost/numeric/odeint/stepper/base/explicit_stepper_base.hpp
-- Up-to-date symlink: /home/gaurav/mrs_workspace/install/mrs_multirotor_simulator/./include/mrs_multirotor_simulator/uav_system/ode/boost/numeric/odeint/stepper/base/symplectic_rkn_stepper_base.hpp
-- Up-to-date symlink: /home/gaurav/mrs_workspace/install/mrs_multirotor_simulator/./include/mrs_multirotor_simulator/uav_system/ode/boost/numeric/odeint/stepper/bulirsch_stoer.hpp
-- Up-to-date symlink: /home/gaurav/mrs_workspace/install/mrs_multirotor_simulator/./include/mrs_multirotor_simulator/uav_system/ode/boost/numeric/odeint/stepper/bulirsch_stoer_dense_out.hpp
-- Up-to-date symlink: /home/gaurav/mrs_workspace/install/mrs_multirotor_simulator/./include/mrs_multirotor_simulator/uav_system/ode/boost/numeric/odeint/stepper/controlled_runge_kutta.hpp
-- Up-to-date symlink: /home/gaurav/mrs_workspace/install/mrs_multirotor_simulator/./include/mrs_multirotor_simulator/uav_system/ode/boost/numeric/odeint/stepper/controlled_step_result.hpp
-- Up-to-date symlink: /home/gaurav/mrs_workspace/install/mrs_multirotor_simulator/./include/mrs_multirotor_simulator/uav_system/ode/boost/numeric/odeint/stepper/dense_output_runge_kutta.hpp
-- Up-to-date symlink: /home/gaurav/mrs_workspace/install/mrs_multirotor_simulator/./include/mrs_multirotor_simulator/uav_system/ode/boost/numeric/odeint/stepper/detail/adams_bashforth_call_algebra.hpp
-- Up-to-date symlink: /home/gaurav/mrs_workspace/install/mrs_multirotor_simulator/./include/mrs_multirotor_simulator/uav_system/ode/boost/numeric/odeint/stepper/detail/adams_bashforth_coefficients.hpp
-- Up-to-date symlink: /home/gaurav/mrs_workspace/install/mrs_multirotor_simulator/./include/mrs_multirotor_simulator/uav_system/ode/boost/numeric/odeint/stepper/detail/adams_moulton_call_algebra.hpp
-- Up-to-date symlink: /home/gaurav/mrs_workspace/install/mrs_multirotor_simulator/./include/mrs_multirotor_simulator/uav_system/ode/boost/numeric/odeint/stepper/detail/adams_moulton_coefficients.hpp
-- Up-to-date symlink: /home/gaurav/mrs_workspace/install/mrs_multirotor_simulator/./include/mrs_multirotor_simulator/uav_system/ode/boost/numeric/odeint/stepper/detail/generic_rk_algorithm.hpp
-- Up-to-date symlink: /home/gaurav/mrs_workspace/install/mrs_multirotor_simulator/./include/mrs_multirotor_simulator/uav_system/ode/boost/numeric/odeint/stepper/detail/generic_rk_call_algebra.hpp
-- Up-to-date symlink: /home/gaurav/mrs_workspace/install/mrs_multirotor_simulator/./include/mrs_multirotor_simulator/uav_system/ode/boost/numeric/odeint/stepper/detail/generic_rk_operations.hpp
-- Up-to-date symlink: /home/gaurav/mrs_workspace/install/mrs_multirotor_simulator/./include/mrs_multirotor_simulator/uav_system/ode/boost/numeric/odeint/stepper/detail/rotating_buffer.hpp
-- Up-to-date symlink: /home/gaurav/mrs_workspace/install/mrs_multirotor_simulator/./include/mrs_multirotor_simulator/uav_system/ode/boost/numeric/odeint/stepper/euler.hpp
-- Up-to-date symlink: /home/gaurav/mrs_workspace/install/mrs_multirotor_simulator/./include/mrs_multirotor_simulator/uav_system/ode/boost/numeric/odeint/stepper/explicit_error_generic_rk.hpp
-- Up-to-date symlink: /home/gaurav/mrs_workspace/install/mrs_multirotor_simulator/./include/mrs_multirotor_simulator/uav_system/ode/boost/numeric/odeint/stepper/explicit_generic_rk.hpp
-- Up-to-date symlink: /home/gaurav/mrs_workspace/install/mrs_multirotor_simulator/./include/mrs_multirotor_simulator/uav_system/ode/boost/numeric/odeint/stepper/generation.hpp
-- Up-to-date symlink: /home/gaurav/mrs_workspace/install/mrs_multirotor_simulator/./include/mrs_multirotor_simulator/uav_system/ode/boost/numeric/odeint/stepper/generation/generation_controlled_runge_kutta.hpp
-- Up-to-date symlink: /home/gaurav/mrs_workspace/install/mrs_multirotor_simulator/./include/mrs_multirotor_simulator/uav_system/ode/boost/numeric/odeint/stepper/generation/generation_dense_output_runge_kutta.hpp
-- Up-to-date symlink: /home/gaurav/mrs_workspace/install/mrs_multirotor_simulator/./include/mrs_multirotor_simulator/uav_system/ode/boost/numeric/odeint/stepper/generation/generation_rosenbrock4.hpp
-- Up-to-date symlink: /home/gaurav/mrs_workspace/install/mrs_multirotor_simulator/./include/mrs_multirotor_simulator/uav_system/ode/boost/numeric/odeint/stepper/generation/generation_runge_kutta_cash_karp54.hpp
-- Up-to-date symlink: /home/gaurav/mrs_workspace/install/mrs_multirotor_simulator/./include/mrs_multirotor_simulator/uav_system/ode/boost/numeric/odeint/stepper/generation/generation_runge_kutta_cash_karp54_classic.hpp
-- Up-to-date symlink: /home/gaurav/mrs_workspace/install/mrs_multirotor_simulator/./include/mrs_multirotor_simulator/uav_system/ode/boost/numeric/odeint/stepper/generation/generation_runge_kutta_dopri5.hpp
-- Up-to-date symlink: /home/gaurav/mrs_workspace/install/mrs_multirotor_simulator/./include/mrs_multirotor_simulator/uav_system/ode/boost/numeric/odeint/stepper/generation/generation_runge_kutta_fehlberg78.hpp
-- Up-to-date symlink: /home/gaurav/mrs_workspace/install/mrs_multirotor_simulator/./include/mrs_multirotor_simulator/uav_system/ode/boost/numeric/odeint/stepper/generation/make_controlled.hpp
-- Up-to-date symlink: /home/gaurav/mrs_workspace/install/mrs_multirotor_simulator/./include/mrs_multirotor_simulator/uav_system/ode/boost/numeric/odeint/stepper/generation/make_dense_output.hpp
-- Up-to-date symlink: /home/gaurav/mrs_workspace/install/mrs_multirotor_simulator/./include/mrs_multirotor_simulator/uav_system/ode/boost/numeric/odeint/stepper/implicit_euler.hpp
-- Up-to-date symlink: /home/gaurav/mrs_workspace/install/mrs_multirotor_simulator/./include/mrs_multirotor_simulator/uav_system/ode/boost/numeric/odeint/stepper/modified_midpoint.hpp
-- Up-to-date symlink: /home/gaurav/mrs_workspace/install/mrs_multirotor_simulator/./include/mrs_multirotor_simulator/uav_system/ode/boost/numeric/odeint/stepper/rosenbrock4.hpp
-- Up-to-date symlink: /home/gaurav/mrs_workspace/install/mrs_multirotor_simulator/./include/mrs_multirotor_simulator/uav_system/ode/boost/numeric/odeint/stepper/rosenbrock4_controller.hpp
-- Up-to-date symlink: /home/gaurav/mrs_workspace/install/mrs_multirotor_simulator/./include/mrs_multirotor_simulator/uav_system/ode/boost/numeric/odeint/stepper/rosenbrock4_dense_output.hpp
-- Up-to-date symlink: /home/gaurav/mrs_workspace/install/mrs_multirotor_simulator/./include/mrs_multirotor_simulator/uav_system/ode/boost/numeric/odeint/stepper/runge_kutta4.hpp
-- Up-to-date symlink: /home/gaurav/mrs_workspace/install/mrs_multirotor_simulator/./include/mrs_multirotor_simulator/uav_system/ode/boost/numeric/odeint/stepper/runge_kutta4_classic.hpp
-- Up-to-date symlink: /home/gaurav/mrs_workspace/install/mrs_multirotor_simulator/./include/mrs_multirotor_simulator/uav_system/ode/boost/numeric/odeint/stepper/runge_kutta_cash_karp54.hpp
-- Up-to-date symlink: /home/gaurav/mrs_workspace/install/mrs_multirotor_simulator/./include/mrs_multirotor_simulator/uav_system/ode/boost/numeric/odeint/stepper/runge_kutta_cash_karp54_classic.hpp
-- Up-to-date symlink: /home/gaurav/mrs_workspace/install/mrs_multirotor_simulator/./include/mrs_multirotor_simulator/uav_system/ode/boost/numeric/odeint/stepper/runge_kutta_dopri5.hpp
-- Up-to-date symlink: /home/gaurav/mrs_workspace/install/mrs_multirotor_simulator/./include/mrs_multirotor_simulator/uav_system/ode/boost/numeric/odeint/stepper/runge_kutta_fehlberg78.hpp
-- Up-to-date symlink: /home/gaurav/mrs_workspace/install/mrs_multirotor_simulator/./include/mrs_multirotor_simulator/uav_system/ode/boost/numeric/odeint/stepper/stepper_categories.hpp
-- Up-to-date symlink: /home/gaurav/mrs_workspace/install/mrs_multirotor_simulator/./include/mrs_multirotor_simulator/uav_system/ode/boost/numeric/odeint/stepper/symplectic_euler.hpp
-- Up-to-date symlink: /home/gaurav/mrs_workspace/install/mrs_multirotor_simulator/./include/mrs_multirotor_simulator/uav_system/ode/boost/numeric/odeint/stepper/symplectic_rkn_sb3a_m4_mclachlan.hpp
-- Up-to-date symlink: /home/gaurav/mrs_workspace/install/mrs_multirotor_simulator/./include/mrs_multirotor_simulator/uav_system/ode/boost/numeric/odeint/stepper/symplectic_rkn_sb3a_mclachlan.hpp
-- Up-to-date symlink: /home/gaurav/mrs_workspace/install/mrs_multirotor_simulator/./include/mrs_multirotor_simulator/uav_system/ode/boost/numeric/odeint/util/bind.hpp
-- Up-to-date symlink: /home/gaurav/mrs_workspace/install/mrs_multirotor_simulator/./include/mrs_multirotor_simulator/uav_system/ode/boost/numeric/odeint/util/copy.hpp
-- Up-to-date symlink: /home/gaurav/mrs_workspace/install/mrs_multirotor_simulator/./include/mrs_multirotor_simulator/uav_system/ode/boost/numeric/odeint/util/detail/is_range.hpp
-- Up-to-date symlink: /home/gaurav/mrs_workspace/install/mrs_multirotor_simulator/./include/mrs_multirotor_simulator/uav_system/ode/boost/numeric/odeint/util/detail/less_with_sign.hpp
-- Up-to-date symlink: /home/gaurav/mrs_workspace/install/mrs_multirotor_simulator/./include/mrs_multirotor_simulator/uav_system/ode/boost/numeric/odeint/util/is_pair.hpp
-- Up-to-date symlink: /home/gaurav/mrs_workspace/install/mrs_multirotor_simulator/./include/mrs_multirotor_simulator/uav_system/ode/boost/numeric/odeint/util/is_resizeable.hpp
-- Up-to-date symlink: /home/gaurav/mrs_workspace/install/mrs_multirotor_simulator/./include/mrs_multirotor_simulator/uav_system/ode/boost/numeric/odeint/util/resize.hpp
-- Up-to-date symlink: /home/gaurav/mrs_workspace/install/mrs_multirotor_simulator/./include/mrs_multirotor_simulator/uav_system/ode/boost/numeric/odeint/util/resizer.hpp
-- Up-to-date symlink: /home/gaurav/mrs_workspace/install/mrs_multirotor_simulator/./include/mrs_multirotor_simulator/uav_system/ode/boost/numeric/odeint/util/same_instance.hpp
-- Up-to-date symlink: /home/gaurav/mrs_workspace/install/mrs_multirotor_simulator/./include/mrs_multirotor_simulator/uav_system/ode/boost/numeric/odeint/util/same_size.hpp
-- Up-to-date symlink: /home/gaurav/mrs_workspace/install/mrs_multirotor_simulator/./include/mrs_multirotor_simulator/uav_system/ode/boost/numeric/odeint/util/state_wrapper.hpp
-- Up-to-date symlink: /home/gaurav/mrs_workspace/install/mrs_multirotor_simulator/./include/mrs_multirotor_simulator/uav_system/ode/boost/numeric/odeint/util/ublas_wrapper.hpp
-- Up-to-date symlink: /home/gaurav/mrs_workspace/install/mrs_multirotor_simulator/./include/mrs_multirotor_simulator/uav_system/ode/boost/numeric/odeint/util/unit_helper.hpp
-- Up-to-date symlink: /home/gaurav/mrs_workspace/install/mrs_multirotor_simulator/./include/mrs_multirotor_simulator/uav_system/ode/boost/numeric/odeint/util/unwrap_reference.hpp
-- Up-to-date symlink: /home/gaurav/mrs_workspace/install/mrs_multirotor_simulator/./include/mrs_multirotor_simulator/uav_system/ode/boost/numeric/odeint/version.hpp
-- Up-to-date symlink: /home/gaurav/mrs_workspace/install/mrs_multirotor_simulator/./include/mrs_multirotor_simulator/uav_system/uav_system.hpp
-- Up-to-date symlink: /home/gaurav/mrs_workspace/install/mrs_multirotor_simulator/./include/mrs_multirotor_simulator/uav_system_ros.h
-- Up-to-date symlink: /home/gaurav/mrs_workspace/install/mrs_multirotor_simulator/./include/nanoflann.hpp
-- Up-to-date symlink: /home/gaurav/mrs_workspace/install/mrs_multirotor_simulator/share/mrs_multirotor_simulator/launch/hw_api.launch.py
-- Up-to-date symlink: /home/gaurav/mrs_workspace/install/mrs_multirotor_simulator/share/mrs_multirotor_simulator/launch/multirotor_simulator.launch.py
-- Up-to-date symlink: /home/gaurav/mrs_workspace/install/mrs_multirotor_simulator/share/mrs_multirotor_simulator/config/controllers/attitude_controller.yaml
-- Up-to-date symlink: /home/gaurav/mrs_workspace/install/mrs_multirotor_simulator/share/mrs_multirotor_simulator/config/controllers/mixer.yaml
-- Up-to-date symlink: /home/gaurav/mrs_workspace/install/mrs_multirotor_simulator/share/mrs_multirotor_simulator/config/controllers/position_controller.yaml
-- Up-to-date symlink: /home/gaurav/mrs_workspace/install/mrs_multirotor_simulator/share/mrs_multirotor_simulator/config/controllers/rate_controller.yaml
-- Up-to-date symlink: /home/gaurav/mrs_workspace/install/mrs_multirotor_simulator/share/mrs_multirotor_simulator/config/controllers/velocity_controller.yaml
-- Up-to-date symlink: /home/gaurav/mrs_workspace/install/mrs_multirotor_simulator/share/mrs_multirotor_simulator/config/hw_api.yaml
-- Up-to-date symlink: /home/gaurav/mrs_workspace/install/mrs_multirotor_simulator/share/mrs_multirotor_simulator/config/mrs_uav_system/a300.yaml
-- Up-to-date symlink: /home/gaurav/mrs_workspace/install/mrs_multirotor_simulator/share/mrs_multirotor_simulator/config/mrs_uav_system/f330.yaml
-- Up-to-date symlink: /home/gaurav/mrs_workspace/install/mrs_multirotor_simulator/share/mrs_multirotor_simulator/config/mrs_uav_system/f450.yaml
-- Up-to-date symlink: /home/gaurav/mrs_workspace/install/mrs_multirotor_simulator/share/mrs_multirotor_simulator/config/mrs_uav_system/f550.yaml
-- Up-to-date symlink: /home/gaurav/mrs_workspace/install/mrs_multirotor_simulator/share/mrs_multirotor_simulator/config/mrs_uav_system/robofly.yaml
-- Up-to-date symlink: /home/gaurav/mrs_workspace/install/mrs_multirotor_simulator/share/mrs_multirotor_simulator/config/mrs_uav_system/t650.yaml
-- Up-to-date symlink: /home/gaurav/mrs_workspace/install/mrs_multirotor_simulator/share/mrs_multirotor_simulator/config/mrs_uav_system/x500.yaml
-- Up-to-date symlink: /home/gaurav/mrs_workspace/install/mrs_multirotor_simulator/share/mrs_multirotor_simulator/config/multirotor_simulator.yaml
-- Up-to-date symlink: /home/gaurav/mrs_workspace/install/mrs_multirotor_simulator/share/mrs_multirotor_simulator/config/uavs.yaml
-- Up-to-date symlink: /home/gaurav/mrs_workspace/install/mrs_multirotor_simulator/share/mrs_multirotor_simulator/config/uavs/a300.yaml
-- Up-to-date symlink: /home/gaurav/mrs_workspace/install/mrs_multirotor_simulator/share/mrs_multirotor_simulator/config/uavs/f330.yaml
-- Up-to-date symlink: /home/gaurav/mrs_workspace/install/mrs_multirotor_simulator/share/mrs_multirotor_simulator/config/uavs/f450.yaml
-- Up-to-date symlink: /home/gaurav/mrs_workspace/install/mrs_multirotor_simulator/share/mrs_multirotor_simulator/config/uavs/f550.yaml
-- Up-to-date symlink: /home/gaurav/mrs_workspace/install/mrs_multirotor_simulator/share/mrs_multirotor_simulator/config/uavs/naki.yaml
-- Up-to-date symlink: /home/gaurav/mrs_workspace/install/mrs_multirotor_simulator/share/mrs_multirotor_simulator/config/uavs/robofly.yaml
-- Up-to-date symlink: /home/gaurav/mrs_workspace/install/mrs_multirotor_simulator/share/mrs_multirotor_simulator/config/uavs/t650.yaml
-- Up-to-date symlink: /home/gaurav/mrs_workspace/install/mrs_multirotor_simulator/share/mrs_multirotor_simulator/config/uavs/x500.yaml
-- Up-to-date symlink: /home/gaurav/mrs_workspace/install/mrs_multirotor_simulator/share/ament_index/resource_index/package_run_dependencies/mrs_multirotor_simulator
-- Up-to-date symlink: /home/gaurav/mrs_workspace/install/mrs_multirotor_simulator/share/ament_index/resource_index/parent_prefix_path/mrs_multirotor_simulator
-- Up-to-date symlink: /home/gaurav/mrs_workspace/install/mrs_multirotor_simulator/share/mrs_multirotor_simulator/environment/ament_prefix_path.sh
-- Up-to-date symlink: /home/gaurav/mrs_workspace/install/mrs_multirotor_simulator/share/mrs_multirotor_simulator/environment/ament_prefix_path.dsv
-- Up-to-date symlink: /home/gaurav/mrs_workspace/install/mrs_multirotor_simulator/share/mrs_multirotor_simulator/environment/path.sh
-- Up-to-date symlink: /home/gaurav/mrs_workspace/install/mrs_multirotor_simulator/share/mrs_multirotor_simulator/environment/path.dsv
-- Up-to-date symlink: /home/gaurav/mrs_workspace/install/mrs_multirotor_simulator/share/mrs_multirotor_simulator/local_setup.bash
-- Up-to-date symlink: /home/gaurav/mrs_workspace/install/mrs_multirotor_simulator/share/mrs_multirotor_simulator/local_setup.sh
-- Up-to-date symlink: /home/gaurav/mrs_workspace/install/mrs_multirotor_simulator/share/mrs_multirotor_simulator/local_setup.zsh
-- Up-to-date symlink: /home/gaurav/mrs_workspace/install/mrs_multirotor_simulator/share/mrs_multirotor_simulator/local_setup.dsv
-- Symlinking: /home/gaurav/mrs_workspace/install/mrs_multirotor_simulator/share/mrs_multirotor_simulator/package.dsv
-- Up-to-date symlink: /home/gaurav/mrs_workspace/install/mrs_multirotor_simulator/share/ament_index/resource_index/packages/mrs_multirotor_simulator
-- Up-to-date symlink: /home/gaurav/mrs_workspace/install/mrs_multirotor_simulator/share/ament_index/resource_index/mrs_uav_hw_api__pluginlib__plugin/mrs_multirotor_simulator
-- Up-to-date symlink: /home/gaurav/mrs_workspace/install/mrs_multirotor_simulator/share/ament_index/resource_index/rclcpp_components/mrs_multirotor_simulator
-- Up-to-date symlink: /home/gaurav/mrs_workspace/install/mrs_multirotor_simulator/share/mrs_multirotor_simulator/cmake/ament_cmake_export_libraries-extras.cmake
-- Up-to-date symlink: /home/gaurav/mrs_workspace/install/mrs_multirotor_simulator/share/mrs_multirotor_simulator/cmake/ament_cmake_export_include_directories-extras.cmake
-- Up-to-date symlink: /home/gaurav/mrs_workspace/install/mrs_multirotor_simulator/share/mrs_multirotor_simulator/cmake/ament_cmake_export_targets-extras.cmake
-- Up-to-date symlink: /home/gaurav/mrs_workspace/install/mrs_multirotor_simulator/share/mrs_multirotor_simulator/cmake/ament_cmake_export_dependencies-extras.cmake
-- Up-to-date symlink: /home/gaurav/mrs_workspace/install/mrs_multirotor_simulator/share/mrs_multirotor_simulator/cmake/mrs_multirotor_simulatorConfig.cmake
-- Up-to-date symlink: /home/gaurav/mrs_workspace/install/mrs_multirotor_simulator/share/mrs_multirotor_simulator/cmake/mrs_multirotor_simulatorConfig-version.cmake
-- Up-to-date symlink: /home/gaurav/mrs_workspace/install/mrs_multirotor_simulator/share/mrs_multirotor_simulator/package.xml
-- Up-to-date: /home/gaurav/mrs_workspace/install/mrs_multirotor_simulator/lib/libMrsMultirotorSimulator_Simulator.so
-- Up-to-date: /home/gaurav/mrs_workspace/install/mrs_multirotor_simulator/lib/libMrsMultirotorSimulator_SimulatorSystemRos.so
-- Up-to-date: /home/gaurav/mrs_workspace/install/mrs_multirotor_simulator/lib/libMrsMultirotorSimulator_HwApiPlugin.so
-- Up-to-date: /home/gaurav/mrs_workspace/install/mrs_multirotor_simulator/share/mrs_multirotor_simulator/tmux
-- Up-to-date: /home/gaurav/mrs_workspace/install/mrs_multirotor_simulator/share/mrs_multirotor_simulator/tmux/standalone
-- Up-to-date: /home/gaurav/mrs_workspace/install/mrs_multirotor_simulator/share/mrs_multirotor_simulator/tmux/standalone/layout.json
-- Up-to-date: /home/gaurav/mrs_workspace/install/mrs_multirotor_simulator/share/mrs_multirotor_simulator/tmux/standalone/session.yml
-- Up-to-date: /home/gaurav/mrs_workspace/install/mrs_multirotor_simulator/share/mrs_multirotor_simulator/tmux/standalone/rviz.rviz
-- Up-to-date: /home/gaurav/mrs_workspace/install/mrs_multirotor_simulator/share/mrs_multirotor_simulator/tmux/standalone/custom_configs
-- Up-to-date: /home/gaurav/mrs_workspace/install/mrs_multirotor_simulator/share/mrs_multirotor_simulator/tmux/standalone/custom_configs/simulator.yaml
-- Up-to-date: /home/gaurav/mrs_workspace/install/mrs_multirotor_simulator/share/mrs_multirotor_simulator/tmux/standalone/goto.py
-- Up-to-date: /home/gaurav/mrs_workspace/install/mrs_multirotor_simulator/share/mrs_multirotor_simulator/tmux/standalone/start.sh
-- Up-to-date: /home/gaurav/mrs_workspace/install/mrs_multirotor_simulator/share/mrs_multirotor_simulator/tmux/standalone/kill.sh
-- Up-to-date: /home/gaurav/mrs_workspace/install/mrs_multirotor_simulator/share/mrs_multirotor_simulator/tmux/mrs_two_drones
-- Up-to-date: /home/gaurav/mrs_workspace/install/mrs_multirotor_simulator/share/mrs_multirotor_simulator/tmux/mrs_two_drones/goto1.py
-- Up-to-date: /home/gaurav/mrs_workspace/install/mrs_multirotor_simulator/share/mrs_multirotor_simulator/tmux/mrs_two_drones/layout.json
-- Up-to-date: /home/gaurav/mrs_workspace/install/mrs_multirotor_simulator/share/mrs_multirotor_simulator/tmux/mrs_two_drones/session.yml
-- Up-to-date: /home/gaurav/mrs_workspace/install/mrs_multirotor_simulator/share/mrs_multirotor_simulator/tmux/mrs_two_drones/rviz.rviz
-- Up-to-date: /home/gaurav/mrs_workspace/install/mrs_multirotor_simulator/share/mrs_multirotor_simulator/tmux/mrs_two_drones/goto2.py
-- Up-to-date: /home/gaurav/mrs_workspace/install/mrs_multirotor_simulator/share/mrs_multirotor_simulator/tmux/mrs_two_drones/config
-- Up-to-date: /home/gaurav/mrs_workspace/install/mrs_multirotor_simulator/share/mrs_multirotor_simulator/tmux/mrs_two_drones/config/network_config.yaml
-- Up-to-date: /home/gaurav/mrs_workspace/install/mrs_multirotor_simulator/share/mrs_multirotor_simulator/tmux/mrs_two_drones/config/world_config.yaml
-- Up-to-date: /home/gaurav/mrs_workspace/install/mrs_multirotor_simulator/share/mrs_multirotor_simulator/tmux/mrs_two_drones/config/simulator.yaml
-- Up-to-date: /home/gaurav/mrs_workspace/install/mrs_multirotor_simulator/share/mrs_multirotor_simulator/tmux/mrs_two_drones/config/custom_config.yaml
-- Up-to-date: /home/gaurav/mrs_workspace/install/mrs_multirotor_simulator/share/mrs_multirotor_simulator/tmux/mrs_two_drones/config/automatic_start.yaml
-- Up-to-date: /home/gaurav/mrs_workspace/install/mrs_multirotor_simulator/share/mrs_multirotor_simulator/tmux/mrs_two_drones/start.sh
-- Up-to-date: /home/gaurav/mrs_workspace/install/mrs_multirotor_simulator/share/mrs_multirotor_simulator/tmux/mrs_two_drones/midair.sh
-- Up-to-date: /home/gaurav/mrs_workspace/install/mrs_multirotor_simulator/share/mrs_multirotor_simulator/tmux/mrs_two_drones/kill.sh
-- Up-to-date: /home/gaurav/mrs_workspace/install/mrs_multirotor_simulator/share/mrs_multirotor_simulator/tmux/mrs_one_drone
-- Up-to-date: /home/gaurav/mrs_workspace/install/mrs_multirotor_simulator/share/mrs_multirotor_simulator/tmux/mrs_one_drone/params.sh
-- Up-to-date: /home/gaurav/mrs_workspace/install/mrs_multirotor_simulator/share/mrs_multirotor_simulator/tmux/mrs_one_drone/takeoff.sh
-- Up-to-date: /home/gaurav/mrs_workspace/install/mrs_multirotor_simulator/share/mrs_multirotor_simulator/tmux/mrs_one_drone/layout.json
-- Up-to-date: /home/gaurav/mrs_workspace/install/mrs_multirotor_simulator/share/mrs_multirotor_simulator/tmux/mrs_one_drone/session.yml
-- Up-to-date: /home/gaurav/mrs_workspace/install/mrs_multirotor_simulator/share/mrs_multirotor_simulator/tmux/mrs_one_drone/rviz.rviz
-- Up-to-date: /home/gaurav/mrs_workspace/install/mrs_multirotor_simulator/share/mrs_multirotor_simulator/tmux/mrs_one_drone/goto.py
-- Up-to-date: /home/gaurav/mrs_workspace/install/mrs_multirotor_simulator/share/mrs_multirotor_simulator/tmux/mrs_one_drone/path.py
-- Up-to-date: /home/gaurav/mrs_workspace/install/mrs_multirotor_simulator/share/mrs_multirotor_simulator/tmux/mrs_one_drone/land_home.sh
-- Up-to-date: /home/gaurav/mrs_workspace/install/mrs_multirotor_simulator/share/mrs_multirotor_simulator/tmux/mrs_one_drone/config
-- Up-to-date: /home/gaurav/mrs_workspace/install/mrs_multirotor_simulator/share/mrs_multirotor_simulator/tmux/mrs_one_drone/config/network_config.yaml
-- Up-to-date: /home/gaurav/mrs_workspace/install/mrs_multirotor_simulator/share/mrs_multirotor_simulator/tmux/mrs_one_drone/config/world_config.yaml
-- Up-to-date: /home/gaurav/mrs_workspace/install/mrs_multirotor_simulator/share/mrs_multirotor_simulator/tmux/mrs_one_drone/config/simulator.yaml
-- Up-to-date: /home/gaurav/mrs_workspace/install/mrs_multirotor_simulator/share/mrs_multirotor_simulator/tmux/mrs_one_drone/config/custom_config.yaml
-- Up-to-date: /home/gaurav/mrs_workspace/install/mrs_multirotor_simulator/share/mrs_multirotor_simulator/tmux/mrs_one_drone/config/automatic_start.yaml
-- Up-to-date: /home/gaurav/mrs_workspace/install/mrs_multirotor_simulator/share/mrs_multirotor_simulator/tmux/mrs_one_drone/eland.sh
-- Up-to-date: /home/gaurav/mrs_workspace/install/mrs_multirotor_simulator/share/mrs_multirotor_simulator/tmux/mrs_one_drone/constraints.sh
-- Up-to-date: /home/gaurav/mrs_workspace/install/mrs_multirotor_simulator/share/mrs_multirotor_simulator/tmux/mrs_one_drone/start.sh
-- Up-to-date: /home/gaurav/mrs_workspace/install/mrs_multirotor_simulator/share/mrs_multirotor_simulator/tmux/mrs_one_drone/land.sh
-- Up-to-date: /home/gaurav/mrs_workspace/install/mrs_multirotor_simulator/share/mrs_multirotor_simulator/tmux/mrs_one_drone/midair.sh
-- Up-to-date: /home/gaurav/mrs_workspace/install/mrs_multirotor_simulator/share/mrs_multirotor_simulator/tmux/mrs_one_drone/reference.py
-- Up-to-date: /home/gaurav/mrs_workspace/install/mrs_multirotor_simulator/share/mrs_multirotor_simulator/tmux/mrs_one_drone/estimator.sh
-- Up-to-date: /home/gaurav/mrs_workspace/install/mrs_multirotor_simulator/share/mrs_multirotor_simulator/tmux/mrs_one_drone/controller.sh
-- Up-to-date: /home/gaurav/mrs_workspace/install/mrs_multirotor_simulator/share/mrs_multirotor_simulator/tmux/mrs_one_drone/kill.sh
-- Up-to-date: /home/gaurav/mrs_workspace/install/mrs_multirotor_simulator/share/mrs_multirotor_simulator/tmux/mrs_one_drone/gains.sh
-- Up-to-date: /home/gaurav/mrs_workspace/install/mrs_multirotor_simulator/share/mrs_multirotor_simulator/tmux/mrs_one_drone/failsafe.sh
-- Up-to-date: /home/gaurav/mrs_workspace/install/mrs_multirotor_simulator/share/mrs_multirotor_simulator/tmux/mrs_one_drone/tracker.sh
-- Up-to-date: /home/gaurav/mrs_workspace/install/mrs_multirotor_simulator/share/mrs_multirotor_simulator/tmux/standalone_400_uavs
-- Up-to-date: /home/gaurav/mrs_workspace/install/mrs_multirotor_simulator/share/mrs_multirotor_simulator/tmux/standalone_400_uavs/layout.json
-- Up-to-date: /home/gaurav/mrs_workspace/install/mrs_multirotor_simulator/share/mrs_multirotor_simulator/tmux/standalone_400_uavs/session.yml
-- Up-to-date: /home/gaurav/mrs_workspace/install/mrs_multirotor_simulator/share/mrs_multirotor_simulator/tmux/standalone_400_uavs/rviz.rviz
-- Up-to-date: /home/gaurav/mrs_workspace/install/mrs_multirotor_simulator/share/mrs_multirotor_simulator/tmux/standalone_400_uavs/custom_configs
-- Up-to-date: /home/gaurav/mrs_workspace/install/mrs_multirotor_simulator/share/mrs_multirotor_simulator/tmux/standalone_400_uavs/custom_configs/simulator.yaml
-- Up-to-date: /home/gaurav/mrs_workspace/install/mrs_multirotor_simulator/share/mrs_multirotor_simulator/tmux/standalone_400_uavs/goto.py
-- Up-to-date: /home/gaurav/mrs_workspace/install/mrs_multirotor_simulator/share/mrs_multirotor_simulator/tmux/standalone_400_uavs/start.sh
-- Up-to-date: /home/gaurav/mrs_workspace/install/mrs_multirotor_simulator/share/mrs_multirotor_simulator/tmux/standalone_400_uavs/kill.sh
-- Up-to-date: /home/gaurav/mrs_workspace/install/mrs_multirotor_simulator/lib/mrs_multirotor_simulator/scripts
-- Up-to-date: /home/gaurav/mrs_workspace/install/mrs_multirotor_simulator/lib/mrs_multirotor_simulator/scripts/get_public_params.py
-- Up-to-date: /home/gaurav/mrs_workspace/install/mrs_multirotor_simulator/share/mrs_multirotor_simulator/cmake/export_mrs_multirotor_simulatorExport.cmake
-- Up-to-date: /home/gaurav/mrs_workspace/install/mrs_multirotor_simulator/share/mrs_multirotor_simulator/cmake/export_mrs_multirotor_simulatorExport-release.cmake
