[0.007s] Invoking command in '/home/gaurav/mrs_workspace/build/mrs_uav_deployment': CMAKE_PREFIX_PATH=${CMAKE_PREFIX_PATH}:/opt/ros/jazzy DEBUGINFOD_URLS=https://debuginfod.ubuntu.com /usr/bin/cmake /home/gaurav/mrs_workspace/src/mrs_uav_deployment -DCMAKE_BUILD_TYPE=Release -DAMENT_CMAKE_SYMLINK_INSTALL=1 -DCMAKE_INSTALL_PREFIX=/home/gaurav/mrs_workspace/install/mrs_uav_deployment
[0.038s] -- The C compiler identification is GNU 13.3.0
[0.071s] -- The CXX compiler identification is GNU 13.3.0
[0.083s] -- Detecting C compiler ABI info
[0.138s] -- Detecting C compiler ABI info - done
[0.144s] -- Check for working C compiler: /usr/bin/cc - skipped
[0.144s] -- Detecting C compile features
[0.144s] -- Detecting C compile features - done
[0.152s] -- Detecting CXX compiler ABI info
[0.210s] -- Detecting CXX compiler ABI info - done
[0.215s] -- Check for working CXX compiler: /usr/bin/c++ - skipped
[0.215s] -- Detecting CXX compile features
[0.215s] -- Detecting CXX compile features - done
[0.217s] -- Found ament_cmake: 2.5.4 (/opt/ros/jazzy/share/ament_cmake/cmake)
[0.314s] -- Found Python3: /usr/bin/python3 (found version "3.12.3") found components: Interpreter 
[0.359s] -- Override CMake install command with custom implementation using symlinks instead of copying resources
[0.432s] -- Configuring done (0.4s)
[0.433s] -- Generating done (0.0s)
[0.434s] -- Build files have been written to: /home/gaurav/mrs_workspace/build/mrs_uav_deployment
[0.437s] Invoked command in '/home/gaurav/mrs_workspace/build/mrs_uav_deployment' returned '0': CMAKE_PREFIX_PATH=${CMAKE_PREFIX_PATH}:/opt/ros/jazzy DEBUGINFOD_URLS=https://debuginfod.ubuntu.com /usr/bin/cmake /home/gaurav/mrs_workspace/src/mrs_uav_deployment -DCMAKE_BUILD_TYPE=Release -DAMENT_CMAKE_SYMLINK_INSTALL=1 -DCMAKE_INSTALL_PREFIX=/home/gaurav/mrs_workspace/install/mrs_uav_deployment
[0.438s] Invoking command in '/home/gaurav/mrs_workspace/build/mrs_uav_deployment': CMAKE_PREFIX_PATH=${CMAKE_PREFIX_PATH}:/opt/ros/jazzy DEBUGINFOD_URLS=https://debuginfod.ubuntu.com /usr/bin/cmake --build /home/gaurav/mrs_workspace/build/mrs_uav_deployment -- -j20 -l20
[0.466s] Invoked command in '/home/gaurav/mrs_workspace/build/mrs_uav_deployment' returned '0': CMAKE_PREFIX_PATH=${CMAKE_PREFIX_PATH}:/opt/ros/jazzy DEBUGINFOD_URLS=https://debuginfod.ubuntu.com /usr/bin/cmake --build /home/gaurav/mrs_workspace/build/mrs_uav_deployment -- -j20 -l20
[0.473s] Invoking command in '/home/gaurav/mrs_workspace/build/mrs_uav_deployment': CMAKE_PREFIX_PATH=${CMAKE_PREFIX_PATH}:/opt/ros/jazzy DEBUGINFOD_URLS=https://debuginfod.ubuntu.com /usr/bin/cmake --install /home/gaurav/mrs_workspace/build/mrs_uav_deployment
[0.479s] -- Install configuration: "Release"
[0.479s] -- Execute custom install script
[0.481s] -- Symlinking: /home/gaurav/mrs_workspace/install/mrs_uav_deployment/share/mrs_uav_deployment/config/camera_calibrations/basler/23743715/basler_23743715.yaml
[0.489s] -- Symlinking: /home/gaurav/mrs_workspace/install/mrs_uav_deployment/share/mrs_uav_deployment/config/camera_calibrations/basler/23743717/basler_23743717.yaml
[0.493s] -- Symlinking: /home/gaurav/mrs_workspace/install/mrs_uav_deployment/share/mrs_uav_deployment/config/camera_calibrations/basler/basler_23682092.yaml
[0.498s] -- Symlinking: /home/gaurav/mrs_workspace/install/mrs_uav_deployment/share/mrs_uav_deployment/config/camera_calibrations/basler/basler_23743715.yaml
[0.503s] -- Symlinking: /home/gaurav/mrs_workspace/install/mrs_uav_deployment/share/mrs_uav_deployment/config/camera_calibrations/basler/basler_23743716.yaml
[0.508s] -- Symlinking: /home/gaurav/mrs_workspace/install/mrs_uav_deployment/share/mrs_uav_deployment/config/camera_calibrations/basler/basler_23743717.yaml
[0.514s] -- Symlinking: /home/gaurav/mrs_workspace/install/mrs_uav_deployment/share/mrs_uav_deployment/config/camera_calibrations/basler/basler_23743718.yaml
[0.519s] -- Symlinking: /home/gaurav/mrs_workspace/install/mrs_uav_deployment/share/mrs_uav_deployment/config/camera_calibrations/basler/basler_23750991.yaml
[0.524s] -- Symlinking: /home/gaurav/mrs_workspace/install/mrs_uav_deployment/share/mrs_uav_deployment/config/camera_calibrations/basler/basler_23750992.yaml
[0.530s] -- Symlinking: /home/gaurav/mrs_workspace/install/mrs_uav_deployment/share/mrs_uav_deployment/config/camera_calibrations/basler/basler_23764941.yaml
[0.534s] -- Symlinking: /home/gaurav/mrs_workspace/install/mrs_uav_deployment/share/mrs_uav_deployment/config/camera_calibrations/basler/basler_23831985.yaml
[0.540s] -- Symlinking: /home/gaurav/mrs_workspace/install/mrs_uav_deployment/share/mrs_uav_deployment/config/camera_calibrations/basler/basler_23831986.yaml
[0.545s] -- Symlinking: /home/gaurav/mrs_workspace/install/mrs_uav_deployment/share/mrs_uav_deployment/config/camera_calibrations/basler/basler_23831987.yaml
[0.552s] -- Symlinking: /home/gaurav/mrs_workspace/install/mrs_uav_deployment/share/mrs_uav_deployment/config/camera_calibrations/basler/basler_23831989.yaml
[0.558s] -- Symlinking: /home/gaurav/mrs_workspace/install/mrs_uav_deployment/share/mrs_uav_deployment/config/camera_calibrations/basler/basler_23831991.yaml
[0.563s] -- Symlinking: /home/gaurav/mrs_workspace/install/mrs_uav_deployment/share/mrs_uav_deployment/config/camera_calibrations/mobius/mobius_narrow.yaml
[0.569s] -- Symlinking: /home/gaurav/mrs_workspace/install/mrs_uav_deployment/share/mrs_uav_deployment/config/camera_calibrations/mv_25001954.yaml
[0.575s] -- Symlinking: /home/gaurav/mrs_workspace/install/mrs_uav_deployment/share/mrs_uav_deployment/config/camera_calibrations/mv_25001954_equi.yaml
[0.580s] -- Symlinking: /home/gaurav/mrs_workspace/install/mrs_uav_deployment/share/mrs_uav_deployment/config/camera_calibrations/mv_25001954_radtan.yaml
[0.585s] -- Symlinking: /home/gaurav/mrs_workspace/install/mrs_uav_deployment/share/mrs_uav_deployment/config/camera_calibrations/mv_25002493.yaml
[0.591s] -- Symlinking: /home/gaurav/mrs_workspace/install/mrs_uav_deployment/share/mrs_uav_deployment/config/camera_calibrations/mv_25002503.yaml
[0.595s] -- Symlinking: /home/gaurav/mrs_workspace/install/mrs_uav_deployment/share/mrs_uav_deployment/config/camera_calibrations/mv_25002514.yaml
[0.600s] -- Symlinking: /home/gaurav/mrs_workspace/install/mrs_uav_deployment/share/mrs_uav_deployment/config/camera_calibrations/mv_25002533.yaml
[0.605s] -- Symlinking: /home/gaurav/mrs_workspace/install/mrs_uav_deployment/share/mrs_uav_deployment/config/camera_calibrations/mv_26805832_darpa.yaml
[0.612s] -- Symlinking: /home/gaurav/mrs_workspace/install/mrs_uav_deployment/share/mrs_uav_deployment/config/camera_calibrations/mv_26805832_f21_old.yaml
[0.618s] -- Symlinking: /home/gaurav/mrs_workspace/install/mrs_uav_deployment/share/mrs_uav_deployment/config/camera_calibrations/mv_26805832_radtan.yaml
[0.624s] -- Symlinking: /home/gaurav/mrs_workspace/install/mrs_uav_deployment/share/mrs_uav_deployment/config/camera_calibrations/mv_26805850.yaml
[0.631s] -- Symlinking: /home/gaurav/mrs_workspace/install/mrs_uav_deployment/share/mrs_uav_deployment/config/camera_calibrations/mv_26805850_darpa.yaml
[0.636s] -- Symlinking: /home/gaurav/mrs_workspace/install/mrs_uav_deployment/share/mrs_uav_deployment/config/camera_calibrations/mv_26805877_darpa.yaml
[0.641s] -- Symlinking: /home/gaurav/mrs_workspace/install/mrs_uav_deployment/share/mrs_uav_deployment/config/camera_calibrations/mv_26805877_radtan.yaml
[0.646s] -- Symlinking: /home/gaurav/mrs_workspace/install/mrs_uav_deployment/share/mrs_uav_deployment/config/camera_calibrations/mv_26805883.yaml
[0.653s] -- Symlinking: /home/gaurav/mrs_workspace/install/mrs_uav_deployment/share/mrs_uav_deployment/config/camera_calibrations/mv_26807144.yaml
[0.659s] -- Symlinking: /home/gaurav/mrs_workspace/install/mrs_uav_deployment/share/mrs_uav_deployment/config/camera_calibrations/mv_26807150_darpa.yaml
[0.663s] -- Symlinking: /home/gaurav/mrs_workspace/install/mrs_uav_deployment/share/mrs_uav_deployment/config/camera_calibrations/mv_26807151.yaml
[0.668s] -- Symlinking: /home/gaurav/mrs_workspace/install/mrs_uav_deployment/share/mrs_uav_deployment/config/camera_calibrations/mv_26807156.yaml
[0.674s] -- Symlinking: /home/gaurav/mrs_workspace/install/mrs_uav_deployment/share/mrs_uav_deployment/config/camera_calibrations/mv_26807157.yaml
[0.680s] -- Symlinking: /home/gaurav/mrs_workspace/install/mrs_uav_deployment/share/mrs_uav_deployment/config/camera_calibrations/mv_26807159.yaml
[0.684s] -- Symlinking: /home/gaurav/mrs_workspace/install/mrs_uav_deployment/share/mrs_uav_deployment/config/camera_calibrations/mv_26807160.yaml
[0.689s] -- Symlinking: /home/gaurav/mrs_workspace/install/mrs_uav_deployment/share/mrs_uav_deployment/config/camera_calibrations/mv_26807162.yaml
[0.696s] -- Symlinking: /home/gaurav/mrs_workspace/install/mrs_uav_deployment/share/mrs_uav_deployment/config/camera_calibrations/mv_26807167.yaml
[0.702s] -- Symlinking: /home/gaurav/mrs_workspace/install/mrs_uav_deployment/share/mrs_uav_deployment/config/camera_calibrations/mv_26807176.yaml
[0.708s] -- Symlinking: /home/gaurav/mrs_workspace/install/mrs_uav_deployment/share/mrs_uav_deployment/config/camera_calibrations/mv_26807180.yaml
[0.713s] -- Symlinking: /home/gaurav/mrs_workspace/install/mrs_uav_deployment/share/mrs_uav_deployment/config/camera_calibrations/mv_26807297.yaml
[0.719s] -- Symlinking: /home/gaurav/mrs_workspace/install/mrs_uav_deployment/share/mrs_uav_deployment/config/camera_calibrations/mv_26807321.yaml
[0.723s] -- Symlinking: /home/gaurav/mrs_workspace/install/mrs_uav_deployment/share/mrs_uav_deployment/config/camera_calibrations/mv_26807322.yaml
[0.729s] -- Symlinking: /home/gaurav/mrs_workspace/install/mrs_uav_deployment/share/mrs_uav_deployment/config/camera_calibrations/mv_26807328.yaml
[0.737s] -- Symlinking: /home/gaurav/mrs_workspace/install/mrs_uav_deployment/share/mrs_uav_deployment/config/camera_calibrations/mv_26807329_darpa.yaml
[0.742s] -- Symlinking: /home/gaurav/mrs_workspace/install/mrs_uav_deployment/share/mrs_uav_deployment/config/camera_calibrations/mv_26807333.yaml
[0.748s] -- Symlinking: /home/gaurav/mrs_workspace/install/mrs_uav_deployment/share/mrs_uav_deployment/config/camera_calibrations/mv_26807375_darpa.yaml
[0.756s] -- Symlinking: /home/gaurav/mrs_workspace/install/mrs_uav_deployment/share/mrs_uav_deployment/config/camera_calibrations/mv_26807377.yaml
[0.762s] -- Symlinking: /home/gaurav/mrs_workspace/install/mrs_uav_deployment/share/mrs_uav_deployment/config/camera_calibrations/mv_26807497.yaml
[0.767s] -- Symlinking: /home/gaurav/mrs_workspace/install/mrs_uav_deployment/share/mrs_uav_deployment/config/camera_calibrations/mv_26807539.yaml
[0.772s] -- Symlinking: /home/gaurav/mrs_workspace/install/mrs_uav_deployment/share/mrs_uav_deployment/config/camera_calibrations/mv_26807556.yaml
[0.777s] -- Symlinking: /home/gaurav/mrs_workspace/install/mrs_uav_deployment/share/mrs_uav_deployment/config/camera_calibrations/mv_26807558.yaml
[0.782s] -- Symlinking: /home/gaurav/mrs_workspace/install/mrs_uav_deployment/share/mrs_uav_deployment/config/camera_calibrations/mv_26807560.yaml
[0.787s] -- Symlinking: /home/gaurav/mrs_workspace/install/mrs_uav_deployment/share/mrs_uav_deployment/config/camera_calibrations/mv_26807581.yaml
[0.792s] -- Symlinking: /home/gaurav/mrs_workspace/install/mrs_uav_deployment/share/mrs_uav_deployment/config/camera_calibrations/mv_26807582.yaml
[0.796s] -- Symlinking: /home/gaurav/mrs_workspace/install/mrs_uav_deployment/share/mrs_uav_deployment/config/camera_calibrations/mv_26807584.yaml
[0.802s] -- Symlinking: /home/gaurav/mrs_workspace/install/mrs_uav_deployment/share/mrs_uav_deployment/config/camera_calibrations/mv_26807588_darpa.yaml
[0.808s] -- Symlinking: /home/gaurav/mrs_workspace/install/mrs_uav_deployment/share/mrs_uav_deployment/config/camera_calibrations/mv_26808004.yaml
[0.815s] -- Symlinking: /home/gaurav/mrs_workspace/install/mrs_uav_deployment/share/mrs_uav_deployment/config/camera_calibrations/mv_26808037.yaml
[0.819s] -- Symlinking: /home/gaurav/mrs_workspace/install/mrs_uav_deployment/share/mrs_uav_deployment/config/camera_calibrations/mv_26808058.yaml
[0.824s] -- Symlinking: /home/gaurav/mrs_workspace/install/mrs_uav_deployment/share/mrs_uav_deployment/config/camera_calibrations/mv_29900213.yaml
[0.829s] -- Symlinking: /home/gaurav/mrs_workspace/install/mrs_uav_deployment/share/mrs_uav_deployment/config/camera_calibrations/mv_F0700201.yaml
[0.835s] -- Symlinking: /home/gaurav/mrs_workspace/install/mrs_uav_deployment/share/mrs_uav_deployment/config/communication_config.yaml
[0.840s] -- Symlinking: /home/gaurav/mrs_workspace/install/mrs_uav_deployment/share/mrs_uav_deployment/config/mrs_uav_system/a250.yaml
[0.845s] -- Symlinking: /home/gaurav/mrs_workspace/install/mrs_uav_deployment/share/mrs_uav_deployment/config/mrs_uav_system/a2rl_dcl.yaml
[0.850s] -- Symlinking: /home/gaurav/mrs_workspace/install/mrs_uav_deployment/share/mrs_uav_deployment/config/mrs_uav_system/a300.yaml
[0.856s] -- Symlinking: /home/gaurav/mrs_workspace/install/mrs_uav_deployment/share/mrs_uav_deployment/config/mrs_uav_system/agile10in.yaml
[0.862s] -- Symlinking: /home/gaurav/mrs_workspace/install/mrs_uav_deployment/share/mrs_uav_deployment/config/mrs_uav_system/eaglemk2.yaml
[0.866s] -- Symlinking: /home/gaurav/mrs_workspace/install/mrs_uav_deployment/share/mrs_uav_deployment/config/mrs_uav_system/f330.yaml
[0.871s] -- Symlinking: /home/gaurav/mrs_workspace/install/mrs_uav_deployment/share/mrs_uav_deployment/config/mrs_uav_system/f330_kde.yaml
[0.876s] -- Symlinking: /home/gaurav/mrs_workspace/install/mrs_uav_deployment/share/mrs_uav_deployment/config/mrs_uav_system/f450.yaml
[0.882s] -- Symlinking: /home/gaurav/mrs_workspace/install/mrs_uav_deployment/share/mrs_uav_deployment/config/mrs_uav_system/f550.yaml
[0.887s] -- Symlinking: /home/gaurav/mrs_workspace/install/mrs_uav_deployment/share/mrs_uav_deployment/config/mrs_uav_system/m150.yaml
[0.892s] -- Symlinking: /home/gaurav/mrs_workspace/install/mrs_uav_deployment/share/mrs_uav_deployment/config/mrs_uav_system/m690.yaml
[0.897s] -- Symlinking: /home/gaurav/mrs_workspace/install/mrs_uav_deployment/share/mrs_uav_deployment/config/mrs_uav_system/t650.yaml
[0.902s] -- Symlinking: /home/gaurav/mrs_workspace/install/mrs_uav_deployment/share/mrs_uav_deployment/config/mrs_uav_system/t650_4116_16in.yaml
[0.907s] -- Symlinking: /home/gaurav/mrs_workspace/install/mrs_uav_deployment/share/mrs_uav_deployment/config/mrs_uav_system/t680.yaml
[0.912s] -- Symlinking: /home/gaurav/mrs_workspace/install/mrs_uav_deployment/share/mrs_uav_deployment/config/mrs_uav_system/x4.yaml
[0.917s] -- Symlinking: /home/gaurav/mrs_workspace/install/mrs_uav_deployment/share/mrs_uav_deployment/config/mrs_uav_system/x4_12s.yaml
[0.922s] -- Symlinking: /home/gaurav/mrs_workspace/install/mrs_uav_deployment/share/mrs_uav_deployment/config/mrs_uav_system/x500.yaml
[0.927s] -- Symlinking: /home/gaurav/mrs_workspace/install/mrs_uav_deployment/share/mrs_uav_deployment/config/mrs_uav_system/x500_mn5006_6S.yaml
[0.932s] -- Symlinking: /home/gaurav/mrs_workspace/install/mrs_uav_deployment/share/mrs_uav_deployment/config/rviz/default.rviz
[0.940s] -- Symlinking: /home/gaurav/mrs_workspace/install/mrs_uav_deployment/share/mrs_uav_deployment/config/rviz/trajectory_checker.rviz
[0.945s] -- Symlinking: /home/gaurav/mrs_workspace/install/mrs_uav_deployment/share/mrs_uav_deployment/config/trajectory_checker.yaml
[0.951s] -- Symlinking: /home/gaurav/mrs_workspace/install/mrs_uav_deployment/share/mrs_uav_deployment/config/uav_names.yaml
[0.957s] -- Symlinking: /home/gaurav/mrs_workspace/install/mrs_uav_deployment/share/mrs_uav_deployment/config/uav_names_simulation.yaml
[0.963s] -- Symlinking: /home/gaurav/mrs_workspace/install/mrs_uav_deployment/share/mrs_uav_deployment/config/uvdar_calibrations/camera_calibrations/calib_results_bf_uv_25001879.txt
[0.968s] -- Symlinking: /home/gaurav/mrs_workspace/install/mrs_uav_deployment/share/mrs_uav_deployment/config/uvdar_calibrations/camera_calibrations/calib_results_bf_uv_25001954.txt
[0.973s] -- Symlinking: /home/gaurav/mrs_workspace/install/mrs_uav_deployment/share/mrs_uav_deployment/config/uvdar_calibrations/camera_calibrations/calib_results_bf_uv_25002493.txt
[0.981s] -- Symlinking: /home/gaurav/mrs_workspace/install/mrs_uav_deployment/share/mrs_uav_deployment/config/uvdar_calibrations/camera_calibrations/calib_results_bf_uv_25002504.txt
[0.986s] -- Symlinking: /home/gaurav/mrs_workspace/install/mrs_uav_deployment/share/mrs_uav_deployment/config/uvdar_calibrations/camera_calibrations/calib_results_bf_uv_25002510.txt
[0.990s] -- Symlinking: /home/gaurav/mrs_workspace/install/mrs_uav_deployment/share/mrs_uav_deployment/config/uvdar_calibrations/camera_calibrations/calib_results_bf_uv_25002533.txt
[0.996s] -- Symlinking: /home/gaurav/mrs_workspace/install/mrs_uav_deployment/share/mrs_uav_deployment/config/uvdar_calibrations/camera_calibrations/calib_results_bf_uv_25002534.txt
[1.002s] -- Symlinking: /home/gaurav/mrs_workspace/install/mrs_uav_deployment/share/mrs_uav_deployment/config/uvdar_calibrations/camera_calibrations/calib_results_bf_uv_25002991.txt
[1.008s] -- Symlinking: /home/gaurav/mrs_workspace/install/mrs_uav_deployment/share/mrs_uav_deployment/config/uvdar_calibrations/camera_calibrations/calib_results_bf_uv_25003576.txt
[1.012s] -- Symlinking: /home/gaurav/mrs_workspace/install/mrs_uav_deployment/share/mrs_uav_deployment/config/uvdar_calibrations/camera_calibrations/calib_results_bf_uv_25003578.txt
[1.016s] -- Symlinking: /home/gaurav/mrs_workspace/install/mrs_uav_deployment/share/mrs_uav_deployment/config/uvdar_calibrations/camera_calibrations/calib_results_bf_uv_25003592.txt
[1.023s] -- Symlinking: /home/gaurav/mrs_workspace/install/mrs_uav_deployment/share/mrs_uav_deployment/config/uvdar_calibrations/camera_calibrations/calib_results_bf_uv_25003599.txt
[1.027s] -- Symlinking: /home/gaurav/mrs_workspace/install/mrs_uav_deployment/share/mrs_uav_deployment/config/uvdar_calibrations/camera_calibrations/calib_results_bf_uv_25003605.txt
[1.033s] -- Symlinking: /home/gaurav/mrs_workspace/install/mrs_uav_deployment/share/mrs_uav_deployment/config/uvdar_calibrations/camera_calibrations/calib_results_bf_uv_25003618.txt
[1.041s] -- Symlinking: /home/gaurav/mrs_workspace/install/mrs_uav_deployment/share/mrs_uav_deployment/config/uvdar_calibrations/camera_calibrations/calib_results_bf_uv_25003633.txt
[1.045s] -- Symlinking: /home/gaurav/mrs_workspace/install/mrs_uav_deployment/share/mrs_uav_deployment/config/uvdar_calibrations/camera_calibrations/calib_results_bf_uv_25003646.txt
[1.050s] -- Symlinking: /home/gaurav/mrs_workspace/install/mrs_uav_deployment/share/mrs_uav_deployment/config/uvdar_calibrations/camera_calibrations/calib_results_bf_uv_25003649.txt
[1.055s] -- Symlinking: /home/gaurav/mrs_workspace/install/mrs_uav_deployment/share/mrs_uav_deployment/config/uvdar_calibrations/camera_calibrations/calib_results_bf_uv_25003650.txt
[1.060s] -- Symlinking: /home/gaurav/mrs_workspace/install/mrs_uav_deployment/share/mrs_uav_deployment/config/uvdar_calibrations/camera_calibrations/calib_results_bf_uv_25003653.txt
[1.065s] -- Symlinking: /home/gaurav/mrs_workspace/install/mrs_uav_deployment/share/mrs_uav_deployment/config/uvdar_calibrations/camera_calibrations/calib_results_bf_uv_25003654.txt
[1.070s] -- Symlinking: /home/gaurav/mrs_workspace/install/mrs_uav_deployment/share/mrs_uav_deployment/config/uvdar_calibrations/camera_calibrations/calib_results_bf_uv_25003655.txt
[1.074s] -- Symlinking: /home/gaurav/mrs_workspace/install/mrs_uav_deployment/share/mrs_uav_deployment/config/uvdar_calibrations/camera_calibrations/calib_results_bf_uv_25003657.txt
[1.080s] -- Symlinking: /home/gaurav/mrs_workspace/install/mrs_uav_deployment/share/mrs_uav_deployment/config/uvdar_calibrations/camera_calibrations/calib_results_bf_uv_25003660.txt
[1.084s] -- Symlinking: /home/gaurav/mrs_workspace/install/mrs_uav_deployment/share/mrs_uav_deployment/config/uvdar_calibrations/camera_calibrations/calib_results_bf_uv_25003661.txt
[1.089s] -- Symlinking: /home/gaurav/mrs_workspace/install/mrs_uav_deployment/share/mrs_uav_deployment/config/uvdar_calibrations/camera_calibrations/calib_results_bf_uv_25003668.txt
[1.093s] -- Symlinking: /home/gaurav/mrs_workspace/install/mrs_uav_deployment/share/mrs_uav_deployment/config/uvdar_calibrations/camera_calibrations/calib_results_bf_uv_25003671.txt
[1.099s] -- Symlinking: /home/gaurav/mrs_workspace/install/mrs_uav_deployment/share/mrs_uav_deployment/config/uvdar_calibrations/camera_calibrations/calib_results_bf_uv_25003678.txt
[1.104s] -- Symlinking: /home/gaurav/mrs_workspace/install/mrs_uav_deployment/share/mrs_uav_deployment/config/uvdar_calibrations/camera_calibrations/calib_results_bf_uv_25003689.txt
[1.109s] -- Symlinking: /home/gaurav/mrs_workspace/install/mrs_uav_deployment/share/mrs_uav_deployment/config/uvdar_calibrations/camera_calibrations/calib_results_bf_uv_25003696.txt
[1.114s] -- Symlinking: /home/gaurav/mrs_workspace/install/mrs_uav_deployment/share/mrs_uav_deployment/config/uvdar_calibrations/camera_calibrations/calib_results_bf_uv_25003768.txt
[1.119s] -- Symlinking: /home/gaurav/mrs_workspace/install/mrs_uav_deployment/share/mrs_uav_deployment/config/uvdar_calibrations/camera_calibrations/calib_results_bf_uv_25003770.txt
[1.124s] -- Symlinking: /home/gaurav/mrs_workspace/install/mrs_uav_deployment/share/mrs_uav_deployment/config/uvdar_calibrations/camera_calibrations/calib_results_bf_uv_25003774.txt
[1.129s] -- Symlinking: /home/gaurav/mrs_workspace/install/mrs_uav_deployment/share/mrs_uav_deployment/config/uvdar_calibrations/camera_calibrations/calib_results_bf_uv_25003775.txt
[1.134s] -- Symlinking: /home/gaurav/mrs_workspace/install/mrs_uav_deployment/share/mrs_uav_deployment/config/uvdar_calibrations/camera_calibrations/calib_results_bf_uv_25003788.txt
[1.139s] -- Symlinking: /home/gaurav/mrs_workspace/install/mrs_uav_deployment/share/mrs_uav_deployment/config/uvdar_calibrations/camera_calibrations/calib_results_bf_uv_25003791.txt
[1.144s] -- Symlinking: /home/gaurav/mrs_workspace/install/mrs_uav_deployment/share/mrs_uav_deployment/config/uvdar_calibrations/camera_calibrations/calib_results_bf_uv_25003799.txt
[1.148s] -- Symlinking: /home/gaurav/mrs_workspace/install/mrs_uav_deployment/share/mrs_uav_deployment/config/uvdar_calibrations/camera_calibrations/calib_results_bf_uv_25003802.txt
[1.154s] -- Symlinking: /home/gaurav/mrs_workspace/install/mrs_uav_deployment/share/mrs_uav_deployment/config/uvdar_calibrations/camera_calibrations/calib_results_bf_uv_25003810.txt
[1.160s] -- Symlinking: /home/gaurav/mrs_workspace/install/mrs_uav_deployment/share/mrs_uav_deployment/config/uvdar_calibrations/camera_calibrations/calib_results_bf_uv_25003811.txt
[1.165s] -- Symlinking: /home/gaurav/mrs_workspace/install/mrs_uav_deployment/share/mrs_uav_deployment/config/uvdar_calibrations/camera_calibrations/calib_results_bf_uv_25003814.txt
[1.169s] -- Symlinking: /home/gaurav/mrs_workspace/install/mrs_uav_deployment/share/mrs_uav_deployment/config/uvdar_calibrations/camera_calibrations/calib_results_bf_uv_25003817.txt
[1.174s] -- Symlinking: /home/gaurav/mrs_workspace/install/mrs_uav_deployment/share/mrs_uav_deployment/config/uvdar_calibrations/camera_calibrations/calib_results_bf_uv_25003854.txt
[1.180s] -- Symlinking: /home/gaurav/mrs_workspace/install/mrs_uav_deployment/share/mrs_uav_deployment/config/uvdar_calibrations/camera_calibrations/calib_results_bf_uv_25003855.txt
[1.185s] -- Symlinking: /home/gaurav/mrs_workspace/install/mrs_uav_deployment/share/mrs_uav_deployment/config/uvdar_calibrations/camera_calibrations/calib_results_bf_uv_25003869.txt
[1.191s] -- Symlinking: /home/gaurav/mrs_workspace/install/mrs_uav_deployment/share/mrs_uav_deployment/config/uvdar_calibrations/camera_calibrations/calib_results_bf_uv_25003871.txt
[1.196s] -- Symlinking: /home/gaurav/mrs_workspace/install/mrs_uav_deployment/share/mrs_uav_deployment/config/uvdar_calibrations/camera_calibrations/calib_results_bf_uv_25003875.txt
[1.202s] -- Symlinking: /home/gaurav/mrs_workspace/install/mrs_uav_deployment/share/mrs_uav_deployment/config/uvdar_calibrations/camera_calibrations/calib_results_bf_uv_25003878.txt
[1.208s] -- Symlinking: /home/gaurav/mrs_workspace/install/mrs_uav_deployment/share/mrs_uav_deployment/config/uvdar_calibrations/camera_calibrations/calib_results_bf_uv_25003879.txt
[1.213s] -- Symlinking: /home/gaurav/mrs_workspace/install/mrs_uav_deployment/share/mrs_uav_deployment/config/uvdar_calibrations/camera_calibrations/calib_results_bf_uv_25003880.txt
[1.218s] -- Symlinking: /home/gaurav/mrs_workspace/install/mrs_uav_deployment/share/mrs_uav_deployment/config/uvdar_calibrations/camera_calibrations/calib_results_bf_uv_25003881.txt
[1.224s] -- Symlinking: /home/gaurav/mrs_workspace/install/mrs_uav_deployment/share/mrs_uav_deployment/config/uvdar_calibrations/camera_calibrations/calib_results_bf_uv_25003892.txt
[1.230s] -- Symlinking: /home/gaurav/mrs_workspace/install/mrs_uav_deployment/share/mrs_uav_deployment/config/uvdar_calibrations/camera_calibrations/calib_results_bf_uv_25003894.txt
[1.235s] -- Symlinking: /home/gaurav/mrs_workspace/install/mrs_uav_deployment/share/mrs_uav_deployment/config/uvdar_calibrations/camera_calibrations/calib_results_bf_uv_25003899.txt
[1.240s] -- Symlinking: /home/gaurav/mrs_workspace/install/mrs_uav_deployment/share/mrs_uav_deployment/config/uvdar_calibrations/camera_calibrations/calib_results_bf_uv_25003900.txt
[1.244s] -- Symlinking: /home/gaurav/mrs_workspace/install/mrs_uav_deployment/share/mrs_uav_deployment/config/uvdar_calibrations/camera_calibrations/calib_results_bf_uv_25003901.txt
[1.250s] -- Symlinking: /home/gaurav/mrs_workspace/install/mrs_uav_deployment/share/mrs_uav_deployment/config/uvdar_calibrations/camera_calibrations/calib_results_bf_uv_25003902.txt
[1.256s] -- Symlinking: /home/gaurav/mrs_workspace/install/mrs_uav_deployment/share/mrs_uav_deployment/config/uvdar_calibrations/camera_calibrations/calib_results_bf_uv_25003917.txt
[1.260s] -- Symlinking: /home/gaurav/mrs_workspace/install/mrs_uav_deployment/share/mrs_uav_deployment/config/uvdar_calibrations/camera_calibrations/calib_results_bf_uv_25003919.txt
[1.265s] -- Symlinking: /home/gaurav/mrs_workspace/install/mrs_uav_deployment/share/mrs_uav_deployment/config/uvdar_calibrations/camera_calibrations/calib_results_bf_uv_25003924.txt
[1.271s] -- Symlinking: /home/gaurav/mrs_workspace/install/mrs_uav_deployment/share/mrs_uav_deployment/config/uvdar_calibrations/camera_calibrations/calib_results_bf_uv_25003925.txt
[1.276s] -- Symlinking: /home/gaurav/mrs_workspace/install/mrs_uav_deployment/share/mrs_uav_deployment/config/uvdar_calibrations/camera_calibrations/calib_results_bf_uv_25003927.txt
[1.281s] -- Symlinking: /home/gaurav/mrs_workspace/install/mrs_uav_deployment/share/mrs_uav_deployment/config/uvdar_calibrations/camera_calibrations/calib_results_bf_uv_25003949.txt
[1.285s] -- Symlinking: /home/gaurav/mrs_workspace/install/mrs_uav_deployment/share/mrs_uav_deployment/config/uvdar_calibrations/camera_calibrations/calib_results_bf_uv_25003955.txt
[1.290s] -- Symlinking: /home/gaurav/mrs_workspace/install/mrs_uav_deployment/share/mrs_uav_deployment/config/uvdar_calibrations/camera_calibrations/calib_results_bf_uv_25004142.txt
[1.295s] -- Symlinking: /home/gaurav/mrs_workspace/install/mrs_uav_deployment/share/mrs_uav_deployment/config/uvdar_calibrations/camera_calibrations/calib_results_bf_uv_fe.txt
[1.299s] -- Symlinking: /home/gaurav/mrs_workspace/install/mrs_uav_deployment/share/mrs_uav_deployment/config/uvdar_calibrations/camera_calibrations/calib_results_bs_uv_40214112.txt
[1.305s] -- Symlinking: /home/gaurav/mrs_workspace/install/mrs_uav_deployment/share/mrs_uav_deployment/config/uvdar_calibrations/camera_calibrations/calib_results_bs_uv_40214115.txt
[1.311s] -- Symlinking: /home/gaurav/mrs_workspace/install/mrs_uav_deployment/share/mrs_uav_deployment/config/uvdar_calibrations/camera_calibrations/calib_results_bs_uv_40214122.txt
[1.316s] -- Symlinking: /home/gaurav/mrs_workspace/install/mrs_uav_deployment/share/mrs_uav_deployment/config/uvdar_calibrations/camera_calibrations/calib_results_bs_uv_40484986.txt
[1.321s] -- Symlinking: /home/gaurav/mrs_workspace/install/mrs_uav_deployment/share/mrs_uav_deployment/config/uvdar_calibrations/camera_calibrations/calib_results_bs_uv_40490142.txt
[1.326s] -- Symlinking: /home/gaurav/mrs_workspace/install/mrs_uav_deployment/share/mrs_uav_deployment/config/uvdar_calibrations/camera_calibrations/calib_results_bs_uv_40490149.txt
[1.331s] -- Symlinking: /home/gaurav/mrs_workspace/install/mrs_uav_deployment/share/mrs_uav_deployment/config/uvdar_calibrations/camera_calibrations/calib_results_bs_uv_40490162.txt
[1.336s] -- Symlinking: /home/gaurav/mrs_workspace/install/mrs_uav_deployment/share/mrs_uav_deployment/config/uvdar_calibrations/camera_calibrations/calib_results_bs_uv_40490165.txt
[1.340s] -- Symlinking: /home/gaurav/mrs_workspace/install/mrs_uav_deployment/share/mrs_uav_deployment/config/uvdar_calibrations/camera_calibrations/calib_results_bs_uv_40494086.txt
[1.346s] -- Symlinking: /home/gaurav/mrs_workspace/install/mrs_uav_deployment/share/mrs_uav_deployment/config/uvdar_calibrations/camera_calibrations/calib_results_bs_uv_40494087.txt
[1.353s] -- Symlinking: /home/gaurav/mrs_workspace/install/mrs_uav_deployment/share/mrs_uav_deployment/config/uvdar_calibrations/camera_calibrations/calib_results_bs_uv_40494088.txt
[1.358s] -- Symlinking: /home/gaurav/mrs_workspace/install/mrs_uav_deployment/share/mrs_uav_deployment/config/uvdar_calibrations/camera_calibrations/calib_results_bs_uv_40494091.txt
[1.364s] -- Symlinking: /home/gaurav/mrs_workspace/install/mrs_uav_deployment/share/mrs_uav_deployment/config/uvdar_calibrations/camera_calibrations/calib_results_bs_uv_40494092.txt
[1.369s] -- Symlinking: /home/gaurav/mrs_workspace/install/mrs_uav_deployment/share/mrs_uav_deployment/config/uvdar_calibrations/camera_calibrations/calib_results_bs_uv_40494093.txt
[1.375s] -- Symlinking: /home/gaurav/mrs_workspace/install/mrs_uav_deployment/share/mrs_uav_deployment/config/uvdar_calibrations/camera_calibrations/calib_results_bs_uv_40494094.txt
[1.379s] -- Symlinking: /home/gaurav/mrs_workspace/install/mrs_uav_deployment/share/mrs_uav_deployment/config/uvdar_calibrations/camera_calibrations/calib_results_bs_uv_40494095.txt
[1.384s] -- Symlinking: /home/gaurav/mrs_workspace/install/mrs_uav_deployment/share/mrs_uav_deployment/config/uvdar_calibrations/camera_calibrations/calib_results_bs_uv_40494096.txt
[1.388s] -- Symlinking: /home/gaurav/mrs_workspace/install/mrs_uav_deployment/share/mrs_uav_deployment/config/uvdar_calibrations/camera_calibrations/calib_results_bs_uv_40494097.txt
[1.393s] -- Symlinking: /home/gaurav/mrs_workspace/install/mrs_uav_deployment/share/mrs_uav_deployment/config/uvdar_calibrations/camera_calibrations/calib_results_bs_uv_40494098.txt
[1.398s] -- Symlinking: /home/gaurav/mrs_workspace/install/mrs_uav_deployment/share/mrs_uav_deployment/config/uvdar_calibrations/camera_calibrations/calib_results_bs_uv_40494099.txt
[1.405s] -- Symlinking: /home/gaurav/mrs_workspace/install/mrs_uav_deployment/share/mrs_uav_deployment/config/uvdar_calibrations/camera_calibrations/calib_results_bs_uv_40494100.txt
[1.411s] -- Symlinking: /home/gaurav/mrs_workspace/install/mrs_uav_deployment/share/mrs_uav_deployment/config/uvdar_calibrations/camera_calibrations/calib_results_rp_uv_uav1.txt
[1.416s] -- Symlinking: /home/gaurav/mrs_workspace/install/mrs_uav_deployment/share/mrs_uav_deployment/config/uvdar_calibrations/extrinsics/oscar_left.xml
[1.421s] -- Symlinking: /home/gaurav/mrs_workspace/install/mrs_uav_deployment/share/mrs_uav_deployment/config/uvdar_calibrations/extrinsics/oscar_right.xml
[1.427s] -- Symlinking: /home/gaurav/mrs_workspace/install/mrs_uav_deployment/share/mrs_uav_deployment/config/uvdar_calibrations/extrinsics/papa_left.xml
[1.432s] -- Symlinking: /home/gaurav/mrs_workspace/install/mrs_uav_deployment/share/mrs_uav_deployment/config/uvdar_calibrations/extrinsics/papa_right.xml
[1.436s] -- Symlinking: /home/gaurav/mrs_workspace/install/mrs_uav_deployment/share/mrs_uav_deployment/config/uvdar_calibrations/extrinsics/quebec_left.xml
[1.441s] -- Symlinking: /home/gaurav/mrs_workspace/install/mrs_uav_deployment/share/mrs_uav_deployment/config/uvdar_calibrations/extrinsics/quebec_right.xml
[1.446s] -- Symlinking: /home/gaurav/mrs_workspace/install/mrs_uav_deployment/share/mrs_uav_deployment/config/uvdar_calibrations/extrinsics/romeo_left.xml
[1.454s] -- Symlinking: /home/gaurav/mrs_workspace/install/mrs_uav_deployment/share/mrs_uav_deployment/config/uvdar_calibrations/extrinsics/romeo_right.xml
[1.458s] -- Symlinking: /home/gaurav/mrs_workspace/install/mrs_uav_deployment/share/mrs_uav_deployment/config/uvdar_calibrations/extrinsics/sierra_left.xml
[1.463s] -- Symlinking: /home/gaurav/mrs_workspace/install/mrs_uav_deployment/share/mrs_uav_deployment/config/uvdar_calibrations/extrinsics/sierra_right.xml
[1.468s] -- Symlinking: /home/gaurav/mrs_workspace/install/mrs_uav_deployment/share/mrs_uav_deployment/config/uvdar_calibrations/extrinsics/tango_left.xml
[1.475s] -- Symlinking: /home/gaurav/mrs_workspace/install/mrs_uav_deployment/share/mrs_uav_deployment/config/uvdar_calibrations/extrinsics/tango_right.xml
[1.480s] -- Symlinking: /home/gaurav/mrs_workspace/install/mrs_uav_deployment/share/mrs_uav_deployment/config/uvdar_calibrations/extrinsics/uniform_left.xml
[1.485s] -- Symlinking: /home/gaurav/mrs_workspace/install/mrs_uav_deployment/share/mrs_uav_deployment/config/uvdar_calibrations/extrinsics/uniform_right.xml
[1.490s] -- Symlinking: /home/gaurav/mrs_workspace/install/mrs_uav_deployment/share/mrs_uav_deployment/config/uvdar_calibrations/extrinsics/victor_left.xml
[1.496s] -- Symlinking: /home/gaurav/mrs_workspace/install/mrs_uav_deployment/share/mrs_uav_deployment/config/uvdar_calibrations/extrinsics/victor_right.xml
[1.502s] -- Symlinking: /home/gaurav/mrs_workspace/install/mrs_uav_deployment/share/mrs_uav_deployment/config/uvdar_calibrations/masks/X01_25002510.png
[1.507s] -- Symlinking: /home/gaurav/mrs_workspace/install/mrs_uav_deployment/share/mrs_uav_deployment/config/uvdar_calibrations/masks/X01_25003671.png
[1.512s] -- Symlinking: /home/gaurav/mrs_workspace/install/mrs_uav_deployment/share/mrs_uav_deployment/config/uvdar_calibrations/masks/X01_25003880.png
[1.518s] -- Symlinking: /home/gaurav/mrs_workspace/install/mrs_uav_deployment/share/mrs_uav_deployment/config/uvdar_calibrations/masks/X02_25002493.png
[1.522s] -- Symlinking: /home/gaurav/mrs_workspace/install/mrs_uav_deployment/share/mrs_uav_deployment/config/uvdar_calibrations/masks/X02_25002533.png
[1.528s] -- Symlinking: /home/gaurav/mrs_workspace/install/mrs_uav_deployment/share/mrs_uav_deployment/config/uvdar_calibrations/masks/X02_25003650.png
[1.533s] -- Symlinking: /home/gaurav/mrs_workspace/install/mrs_uav_deployment/share/mrs_uav_deployment/config/uvdar_calibrations/masks/X02_25003902.png
[1.537s] -- Symlinking: /home/gaurav/mrs_workspace/install/mrs_uav_deployment/share/mrs_uav_deployment/config/uvdar_calibrations/masks/X02_25003949.png
[1.542s] -- Symlinking: /home/gaurav/mrs_workspace/install/mrs_uav_deployment/share/mrs_uav_deployment/config/uvdar_calibrations/masks/X03_25003902.png
[1.547s] -- Symlinking: /home/gaurav/mrs_workspace/install/mrs_uav_deployment/share/mrs_uav_deployment/config/uvdar_calibrations/masks/X03_25003949.png
[1.552s] -- Symlinking: /home/gaurav/mrs_workspace/install/mrs_uav_deployment/share/mrs_uav_deployment/config/uvdar_calibrations/masks/X04_25002504.png
[1.558s] -- Symlinking: /home/gaurav/mrs_workspace/install/mrs_uav_deployment/share/mrs_uav_deployment/config/uvdar_calibrations/masks/X04_25003661.png
[1.562s] -- Symlinking: /home/gaurav/mrs_workspace/install/mrs_uav_deployment/share/mrs_uav_deployment/config/uvdar_calibrations/masks/X04_25003678.png
[1.567s] -- Symlinking: /home/gaurav/mrs_workspace/install/mrs_uav_deployment/share/mrs_uav_deployment/config/uvdar_calibrations/masks/X05_25002510.png
[1.573s] -- Symlinking: /home/gaurav/mrs_workspace/install/mrs_uav_deployment/share/mrs_uav_deployment/config/uvdar_calibrations/masks/X05_25003880.png
[1.578s] -- Symlinking: /home/gaurav/mrs_workspace/install/mrs_uav_deployment/share/mrs_uav_deployment/config/uvdar_calibrations/masks/X06_25002504.png
[1.583s] -- Symlinking: /home/gaurav/mrs_workspace/install/mrs_uav_deployment/share/mrs_uav_deployment/config/uvdar_calibrations/masks/X06_25003661.png
[1.590s] -- Symlinking: /home/gaurav/mrs_workspace/install/mrs_uav_deployment/share/mrs_uav_deployment/config/uvdar_calibrations/masks/X09_25002504.png
[1.595s] -- Symlinking: /home/gaurav/mrs_workspace/install/mrs_uav_deployment/share/mrs_uav_deployment/config/uvdar_calibrations/masks/X09_25003578.png
[1.601s] -- Symlinking: /home/gaurav/mrs_workspace/install/mrs_uav_deployment/share/mrs_uav_deployment/config/uvdar_calibrations/masks/X09_25003646.png
[1.605s] -- Symlinking: /home/gaurav/mrs_workspace/install/mrs_uav_deployment/share/mrs_uav_deployment/config/uvdar_calibrations/masks/X12_25001879.png
[1.610s] -- Symlinking: /home/gaurav/mrs_workspace/install/mrs_uav_deployment/share/mrs_uav_deployment/config/uvdar_calibrations/masks/X12_25001954.png
[1.615s] -- Symlinking: /home/gaurav/mrs_workspace/install/mrs_uav_deployment/share/mrs_uav_deployment/config/uvdar_calibrations/masks/X12_25002533.png
[1.620s] -- Symlinking: /home/gaurav/mrs_workspace/install/mrs_uav_deployment/share/mrs_uav_deployment/config/uvdar_calibrations/masks/X12_25003649.png
[1.625s] -- Symlinking: /home/gaurav/mrs_workspace/install/mrs_uav_deployment/share/mrs_uav_deployment/config/uvdar_calibrations/masks/X12_25003661.png
[1.630s] -- Symlinking: /home/gaurav/mrs_workspace/install/mrs_uav_deployment/share/mrs_uav_deployment/config/uvdar_calibrations/masks/X12_25003880.png
[1.635s] -- Symlinking: /home/gaurav/mrs_workspace/install/mrs_uav_deployment/share/mrs_uav_deployment/config/uvdar_calibrations/masks/X13_25001879.png
[1.639s] -- Symlinking: /home/gaurav/mrs_workspace/install/mrs_uav_deployment/share/mrs_uav_deployment/config/uvdar_calibrations/masks/X13_25001954.png
[1.644s] -- Symlinking: /home/gaurav/mrs_workspace/install/mrs_uav_deployment/share/mrs_uav_deployment/config/uvdar_calibrations/masks/X13_25003661.png
[1.649s] -- Symlinking: /home/gaurav/mrs_workspace/install/mrs_uav_deployment/share/mrs_uav_deployment/config/uvdar_calibrations/masks/X13_40214112.png
[1.656s] -- Symlinking: /home/gaurav/mrs_workspace/install/mrs_uav_deployment/share/mrs_uav_deployment/config/uvdar_calibrations/masks/X13_40214115.png
[1.662s] -- Symlinking: /home/gaurav/mrs_workspace/install/mrs_uav_deployment/share/mrs_uav_deployment/config/uvdar_calibrations/masks/X13_40214122.png
[1.666s] -- Symlinking: /home/gaurav/mrs_workspace/install/mrs_uav_deployment/share/mrs_uav_deployment/config/uvdar_calibrations/masks/X14_25002533.png
[1.671s] -- Symlinking: /home/gaurav/mrs_workspace/install/mrs_uav_deployment/share/mrs_uav_deployment/config/uvdar_calibrations/masks/X14_25003646.png
[1.676s] -- Symlinking: /home/gaurav/mrs_workspace/install/mrs_uav_deployment/share/mrs_uav_deployment/config/uvdar_calibrations/masks/X14_25003649.png
[1.681s] -- Symlinking: /home/gaurav/mrs_workspace/install/mrs_uav_deployment/share/mrs_uav_deployment/config/uvdar_calibrations/masks/X14_25003880.png
[1.687s] -- Symlinking: /home/gaurav/mrs_workspace/install/mrs_uav_deployment/share/mrs_uav_deployment/config/uvdar_calibrations/masks/X14_25003899.png
[1.692s] -- Symlinking: /home/gaurav/mrs_workspace/install/mrs_uav_deployment/share/mrs_uav_deployment/config/uvdar_calibrations/masks/X15_25001954.png
[1.697s] -- Symlinking: /home/gaurav/mrs_workspace/install/mrs_uav_deployment/share/mrs_uav_deployment/config/uvdar_calibrations/masks/X15_25002504.png
[1.701s] -- Symlinking: /home/gaurav/mrs_workspace/install/mrs_uav_deployment/share/mrs_uav_deployment/config/uvdar_calibrations/masks/X15_25003578.png
[1.706s] -- Symlinking: /home/gaurav/mrs_workspace/install/mrs_uav_deployment/share/mrs_uav_deployment/config/uvdar_calibrations/masks/X15_25003646.png
[1.711s] -- Symlinking: /home/gaurav/mrs_workspace/install/mrs_uav_deployment/share/mrs_uav_deployment/config/uvdar_calibrations/masks/X15_25003678.png
[1.716s] -- Symlinking: /home/gaurav/mrs_workspace/install/mrs_uav_deployment/share/mrs_uav_deployment/config/uvdar_calibrations/masks/X16_25002493.png
[1.722s] -- Symlinking: /home/gaurav/mrs_workspace/install/mrs_uav_deployment/share/mrs_uav_deployment/config/uvdar_calibrations/masks/X16_25003650.png
[1.727s] -- Symlinking: /home/gaurav/mrs_workspace/install/mrs_uav_deployment/share/mrs_uav_deployment/config/uvdar_calibrations/masks/X16_25003671.png
[1.732s] -- Symlinking: /home/gaurav/mrs_workspace/install/mrs_uav_deployment/share/mrs_uav_deployment/config/uvdar_calibrations/masks/X16_25003678.png
[1.736s] -- Symlinking: /home/gaurav/mrs_workspace/install/mrs_uav_deployment/share/mrs_uav_deployment/config/uvdar_calibrations/masks/X16_25003899.png
[1.742s] -- Symlinking: /home/gaurav/mrs_workspace/install/mrs_uav_deployment/share/mrs_uav_deployment/config/uvdar_calibrations/masks/X17_25002510.png
[1.747s] -- Symlinking: /home/gaurav/mrs_workspace/install/mrs_uav_deployment/share/mrs_uav_deployment/config/uvdar_calibrations/masks/X17_25003660.png
[1.752s] -- Symlinking: /home/gaurav/mrs_workspace/install/mrs_uav_deployment/share/mrs_uav_deployment/config/uvdar_calibrations/masks/X17_25004142.png
[1.759s] -- Symlinking: /home/gaurav/mrs_workspace/install/mrs_uav_deployment/share/mrs_uav_deployment/config/uvdar_calibrations/masks/X17_40214031.png
[1.765s] -- Symlinking: /home/gaurav/mrs_workspace/install/mrs_uav_deployment/share/mrs_uav_deployment/config/uvdar_calibrations/masks/X17_40214057.png
[1.771s] -- Symlinking: /home/gaurav/mrs_workspace/install/mrs_uav_deployment/share/mrs_uav_deployment/config/uvdar_calibrations/masks/X17_40214120.png
[1.776s] -- Symlinking: /home/gaurav/mrs_workspace/install/mrs_uav_deployment/share/mrs_uav_deployment/config/uvdar_calibrations/masks/X18_25001879.png
[1.784s] -- Symlinking: /home/gaurav/mrs_workspace/install/mrs_uav_deployment/share/mrs_uav_deployment/config/uvdar_calibrations/masks/X18_25002504.png
[1.789s] -- Symlinking: /home/gaurav/mrs_workspace/install/mrs_uav_deployment/share/mrs_uav_deployment/config/uvdar_calibrations/masks/X18_25003578.png
[1.794s] -- Symlinking: /home/gaurav/mrs_workspace/install/mrs_uav_deployment/share/mrs_uav_deployment/config/uvdar_calibrations/masks/albani_uav2_40494086.png
[1.799s] -- Symlinking: /home/gaurav/mrs_workspace/install/mrs_uav_deployment/share/mrs_uav_deployment/config/uvdar_calibrations/masks/albani_uav2_40494095.png
[1.803s] -- Symlinking: /home/gaurav/mrs_workspace/install/mrs_uav_deployment/share/mrs_uav_deployment/config/uvdar_calibrations/masks/albani_uav2_40494099.png
[1.808s] -- Symlinking: /home/gaurav/mrs_workspace/install/mrs_uav_deployment/share/mrs_uav_deployment/config/uvdar_calibrations/masks/alice_25003618.png
[1.813s] -- Symlinking: /home/gaurav/mrs_workspace/install/mrs_uav_deployment/share/mrs_uav_deployment/config/uvdar_calibrations/masks/alice_25003633.png
[1.818s] -- Symlinking: /home/gaurav/mrs_workspace/install/mrs_uav_deployment/share/mrs_uav_deployment/config/uvdar_calibrations/masks/alice_25003901.png
[1.823s] -- Symlinking: /home/gaurav/mrs_workspace/install/mrs_uav_deployment/share/mrs_uav_deployment/config/uvdar_calibrations/masks/blank_basler.png
[1.830s] -- Symlinking: /home/gaurav/mrs_workspace/install/mrs_uav_deployment/share/mrs_uav_deployment/config/uvdar_calibrations/masks/blank_bluefox.png
[1.836s] -- Symlinking: /home/gaurav/mrs_workspace/install/mrs_uav_deployment/share/mrs_uav_deployment/config/uvdar_calibrations/masks/bob_25003871.png
[1.842s] -- Symlinking: /home/gaurav/mrs_workspace/install/mrs_uav_deployment/share/mrs_uav_deployment/config/uvdar_calibrations/masks/bob_25003924.png
[1.846s] -- Symlinking: /home/gaurav/mrs_workspace/install/mrs_uav_deployment/share/mrs_uav_deployment/config/uvdar_calibrations/masks/bob_25003927.png
[1.851s] -- Symlinking: /home/gaurav/mrs_workspace/install/mrs_uav_deployment/share/mrs_uav_deployment/config/uvdar_calibrations/masks/carol_25003653.png
[1.857s] -- Symlinking: /home/gaurav/mrs_workspace/install/mrs_uav_deployment/share/mrs_uav_deployment/config/uvdar_calibrations/masks/carol_25003655.png
[1.863s] -- Symlinking: /home/gaurav/mrs_workspace/install/mrs_uav_deployment/share/mrs_uav_deployment/config/uvdar_calibrations/masks/carol_25003879.png
[1.868s] -- Symlinking: /home/gaurav/mrs_workspace/install/mrs_uav_deployment/share/mrs_uav_deployment/config/uvdar_calibrations/masks/charlotte_uav1_40494091.png
[1.873s] -- Symlinking: /home/gaurav/mrs_workspace/install/mrs_uav_deployment/share/mrs_uav_deployment/config/uvdar_calibrations/masks/charlotte_uav1_40494092.png
[1.878s] -- Symlinking: /home/gaurav/mrs_workspace/install/mrs_uav_deployment/share/mrs_uav_deployment/config/uvdar_calibrations/masks/charlotte_uav1_40494096.png
[1.883s] -- Symlinking: /home/gaurav/mrs_workspace/install/mrs_uav_deployment/share/mrs_uav_deployment/config/uvdar_calibrations/masks/charlotte_uav2_40490142.png
[1.888s] -- Symlinking: /home/gaurav/mrs_workspace/install/mrs_uav_deployment/share/mrs_uav_deployment/config/uvdar_calibrations/masks/charlotte_uav2_40494097.png
[1.892s] -- Symlinking: /home/gaurav/mrs_workspace/install/mrs_uav_deployment/share/mrs_uav_deployment/config/uvdar_calibrations/masks/charlotte_uav2_40494100.png
[1.897s] -- Symlinking: /home/gaurav/mrs_workspace/install/mrs_uav_deployment/share/mrs_uav_deployment/config/uvdar_calibrations/masks/charlotte_uav3_40490149.png
[1.902s] -- Symlinking: /home/gaurav/mrs_workspace/install/mrs_uav_deployment/share/mrs_uav_deployment/config/uvdar_calibrations/masks/charlotte_uav3_40490165.png
[1.907s] -- Symlinking: /home/gaurav/mrs_workspace/install/mrs_uav_deployment/share/mrs_uav_deployment/config/uvdar_calibrations/masks/charlotte_uav3_40494098.png
[1.915s] -- Symlinking: /home/gaurav/mrs_workspace/install/mrs_uav_deployment/share/mrs_uav_deployment/config/uvdar_calibrations/masks/default_back.png
[1.921s] -- Symlinking: /home/gaurav/mrs_workspace/install/mrs_uav_deployment/share/mrs_uav_deployment/config/uvdar_calibrations/masks/diego_25003668.png
[1.927s] -- Symlinking: /home/gaurav/mrs_workspace/install/mrs_uav_deployment/share/mrs_uav_deployment/config/uvdar_calibrations/masks/diego_25003689.png
[1.933s] -- Symlinking: /home/gaurav/mrs_workspace/install/mrs_uav_deployment/share/mrs_uav_deployment/config/uvdar_calibrations/masks/diego_25003878.png
[1.940s] -- Symlinking: /home/gaurav/mrs_workspace/install/mrs_uav_deployment/share/mrs_uav_deployment/config/uvdar_calibrations/masks/eric_25002510.png
[1.944s] -- Symlinking: /home/gaurav/mrs_workspace/install/mrs_uav_deployment/share/mrs_uav_deployment/config/uvdar_calibrations/masks/eric_25003650.png
[1.951s] -- Symlinking: /home/gaurav/mrs_workspace/install/mrs_uav_deployment/share/mrs_uav_deployment/config/uvdar_calibrations/masks/eric_25003671.png
[1.958s] -- Symlinking: /home/gaurav/mrs_workspace/install/mrs_uav_deployment/share/mrs_uav_deployment/config/uvdar_calibrations/masks/eric_25003791.png
[1.963s] -- Symlinking: /home/gaurav/mrs_workspace/install/mrs_uav_deployment/share/mrs_uav_deployment/config/uvdar_calibrations/masks/eric_25003817.png
[1.967s] -- Symlinking: /home/gaurav/mrs_workspace/install/mrs_uav_deployment/share/mrs_uav_deployment/config/uvdar_calibrations/masks/frank_25003654.png
[1.972s] -- Symlinking: /home/gaurav/mrs_workspace/install/mrs_uav_deployment/share/mrs_uav_deployment/config/uvdar_calibrations/masks/frank_25003657.png
[1.978s] -- Symlinking: /home/gaurav/mrs_workspace/install/mrs_uav_deployment/share/mrs_uav_deployment/config/uvdar_calibrations/masks/frank_25003788.png
[1.983s] -- Symlinking: /home/gaurav/mrs_workspace/install/mrs_uav_deployment/share/mrs_uav_deployment/config/uvdar_calibrations/masks/frank_25003854.png
[1.987s] -- Symlinking: /home/gaurav/mrs_workspace/install/mrs_uav_deployment/share/mrs_uav_deployment/config/uvdar_calibrations/masks/frank_25003949.png
[1.992s] -- Symlinking: /home/gaurav/mrs_workspace/install/mrs_uav_deployment/share/mrs_uav_deployment/config/uvdar_calibrations/masks/grace_25002534.png
[1.996s] -- Symlinking: /home/gaurav/mrs_workspace/install/mrs_uav_deployment/share/mrs_uav_deployment/config/uvdar_calibrations/masks/grace_25003696.png
[2.004s] -- Symlinking: /home/gaurav/mrs_workspace/install/mrs_uav_deployment/share/mrs_uav_deployment/config/uvdar_calibrations/masks/grace_25003774.png
[2.010s] -- Symlinking: /home/gaurav/mrs_workspace/install/mrs_uav_deployment/share/mrs_uav_deployment/config/uvdar_calibrations/masks/grace_25003810.png
[2.017s] -- Symlinking: /home/gaurav/mrs_workspace/install/mrs_uav_deployment/share/mrs_uav_deployment/config/uvdar_calibrations/masks/grace_25003881.png
[2.022s] -- Symlinking: /home/gaurav/mrs_workspace/install/mrs_uav_deployment/share/mrs_uav_deployment/config/uvdar_calibrations/masks/heidi_25002991.png
[2.027s] -- Symlinking: /home/gaurav/mrs_workspace/install/mrs_uav_deployment/share/mrs_uav_deployment/config/uvdar_calibrations/masks/heidi_25003775.png
[2.032s] -- Symlinking: /home/gaurav/mrs_workspace/install/mrs_uav_deployment/share/mrs_uav_deployment/config/uvdar_calibrations/masks/heidi_25003880.png
[2.037s] -- Symlinking: /home/gaurav/mrs_workspace/install/mrs_uav_deployment/share/mrs_uav_deployment/config/uvdar_calibrations/masks/heidi_25003894.png
[2.042s] -- Symlinking: /home/gaurav/mrs_workspace/install/mrs_uav_deployment/share/mrs_uav_deployment/config/uvdar_calibrations/masks/heidi_25003917.png
[2.046s] -- Symlinking: /home/gaurav/mrs_workspace/install/mrs_uav_deployment/share/mrs_uav_deployment/config/uvdar_calibrations/masks/ivan_25003814.png
[2.051s] -- Symlinking: /home/gaurav/mrs_workspace/install/mrs_uav_deployment/share/mrs_uav_deployment/config/uvdar_calibrations/masks/ivan_25003855.png
[2.055s] -- Symlinking: /home/gaurav/mrs_workspace/install/mrs_uav_deployment/share/mrs_uav_deployment/config/uvdar_calibrations/masks/ivan_25003875.png
[2.060s] -- Symlinking: /home/gaurav/mrs_workspace/install/mrs_uav_deployment/share/mrs_uav_deployment/config/uvdar_calibrations/masks/ivan_25003892.png
[2.065s] -- Symlinking: /home/gaurav/mrs_workspace/install/mrs_uav_deployment/share/mrs_uav_deployment/config/uvdar_calibrations/masks/ivan_25003902.png
[2.070s] -- Symlinking: /home/gaurav/mrs_workspace/install/mrs_uav_deployment/share/mrs_uav_deployment/config/uvdar_calibrations/masks/judy_25003768.png
[2.077s] -- Symlinking: /home/gaurav/mrs_workspace/install/mrs_uav_deployment/share/mrs_uav_deployment/config/uvdar_calibrations/masks/judy_25003799.png
[2.084s] -- Symlinking: /home/gaurav/mrs_workspace/install/mrs_uav_deployment/share/mrs_uav_deployment/config/uvdar_calibrations/masks/judy_25003899.png
[2.089s] -- Symlinking: /home/gaurav/mrs_workspace/install/mrs_uav_deployment/share/mrs_uav_deployment/config/uvdar_calibrations/masks/judy_25003925.png
[2.096s] -- Symlinking: /home/gaurav/mrs_workspace/install/mrs_uav_deployment/share/mrs_uav_deployment/config/uvdar_calibrations/masks/judy_25003955.png
[2.102s] -- Symlinking: /home/gaurav/mrs_workspace/install/mrs_uav_deployment/share/mrs_uav_deployment/config/uvdar_calibrations/masks/kyle_25002504.png
[2.106s] -- Symlinking: /home/gaurav/mrs_workspace/install/mrs_uav_deployment/share/mrs_uav_deployment/config/uvdar_calibrations/masks/kyle_25003605.png
[2.114s] -- Symlinking: /home/gaurav/mrs_workspace/install/mrs_uav_deployment/share/mrs_uav_deployment/config/uvdar_calibrations/masks/kyle_25003661.png
[2.119s] -- Symlinking: /home/gaurav/mrs_workspace/install/mrs_uav_deployment/share/mrs_uav_deployment/config/uvdar_calibrations/masks/kyle_25003678.png
[2.125s] -- Symlinking: /home/gaurav/mrs_workspace/install/mrs_uav_deployment/share/mrs_uav_deployment/config/uvdar_calibrations/masks/kyle_25003770.png
[2.131s] -- Symlinking: /home/gaurav/mrs_workspace/install/mrs_uav_deployment/share/mrs_uav_deployment/config/uvdar_calibrations/masks/lemmy_25003650.png
[2.136s] -- Symlinking: /home/gaurav/mrs_workspace/install/mrs_uav_deployment/share/mrs_uav_deployment/config/uvdar_calibrations/masks/lemmy_25003802.png
[2.141s] -- Symlinking: /home/gaurav/mrs_workspace/install/mrs_uav_deployment/share/mrs_uav_deployment/config/uvdar_calibrations/masks/lemmy_25003811.png
[2.146s] -- Symlinking: /home/gaurav/mrs_workspace/install/mrs_uav_deployment/share/mrs_uav_deployment/config/uvdar_calibrations/masks/lemmy_25003902.png
[2.152s] -- Symlinking: /home/gaurav/mrs_workspace/install/mrs_uav_deployment/share/mrs_uav_deployment/config/uvdar_calibrations/masks/lemmy_25003949.png
[2.158s] -- Symlinking: /home/gaurav/mrs_workspace/install/mrs_uav_deployment/share/mrs_uav_deployment/config/uvdar_calibrations/masks/max_25002534.png
[2.162s] -- Symlinking: /home/gaurav/mrs_workspace/install/mrs_uav_deployment/share/mrs_uav_deployment/config/uvdar_calibrations/masks/max_25003696.png
[2.167s] -- Symlinking: /home/gaurav/mrs_workspace/install/mrs_uav_deployment/share/mrs_uav_deployment/config/uvdar_calibrations/masks/nick_25002510.png
[2.172s] -- Symlinking: /home/gaurav/mrs_workspace/install/mrs_uav_deployment/share/mrs_uav_deployment/config/uvdar_calibrations/masks/nick_25003599.png
[2.177s] -- Symlinking: /home/gaurav/mrs_workspace/install/mrs_uav_deployment/share/mrs_uav_deployment/config/uvdar_calibrations/masks/nick_25003649.png
[2.182s] -- Symlinking: /home/gaurav/mrs_workspace/install/mrs_uav_deployment/share/mrs_uav_deployment/config/uvdar_calibrations/masks/nick_25003671.png
[2.187s] -- Symlinking: /home/gaurav/mrs_workspace/install/mrs_uav_deployment/share/mrs_uav_deployment/config/uvdar_calibrations/masks/nick_25003678.png
[2.192s] -- Symlinking: /home/gaurav/mrs_workspace/install/mrs_uav_deployment/share/mrs_uav_deployment/config/uvdar_calibrations/masks/nick_25003880.png
[2.197s] -- Symlinking: /home/gaurav/mrs_workspace/install/mrs_uav_deployment/share/mrs_uav_deployment/config/uvdar_calibrations/masks/nick_25003919.png
[2.203s] -- Symlinking: /home/gaurav/mrs_workspace/install/mrs_uav_deployment/share/mrs_uav_deployment/config/uvdar_calibrations/masks/olivia_25003576.png
[2.208s] -- Symlinking: /home/gaurav/mrs_workspace/install/mrs_uav_deployment/share/mrs_uav_deployment/config/uvdar_calibrations/masks/olivia_25003592.png
[2.215s] -- Symlinking: /home/gaurav/mrs_workspace/install/mrs_uav_deployment/share/mrs_uav_deployment/config/uvdar_calibrations/masks/oscar_25003618.png
[2.221s] -- Symlinking: /home/gaurav/mrs_workspace/install/mrs_uav_deployment/share/mrs_uav_deployment/config/uvdar_calibrations/masks/oscar_25003633.png
[2.225s] -- Symlinking: /home/gaurav/mrs_workspace/install/mrs_uav_deployment/share/mrs_uav_deployment/config/uvdar_calibrations/masks/papa_25003649.png
[2.233s] -- Symlinking: /home/gaurav/mrs_workspace/install/mrs_uav_deployment/share/mrs_uav_deployment/config/uvdar_calibrations/masks/papa_25003678.png
[2.237s] -- Symlinking: /home/gaurav/mrs_workspace/install/mrs_uav_deployment/share/mrs_uav_deployment/config/uvdar_calibrations/masks/pat_25003678.png
[2.242s] -- Symlinking: /home/gaurav/mrs_workspace/install/mrs_uav_deployment/share/mrs_uav_deployment/config/uvdar_calibrations/masks/pat_25003875.png
[2.248s] -- Symlinking: /home/gaurav/mrs_workspace/install/mrs_uav_deployment/share/mrs_uav_deployment/config/uvdar_calibrations/masks/quebec_25003660.png
[2.254s] -- Symlinking: /home/gaurav/mrs_workspace/install/mrs_uav_deployment/share/mrs_uav_deployment/config/uvdar_calibrations/masks/quebec_25003661.png
[2.259s] -- Symlinking: /home/gaurav/mrs_workspace/install/mrs_uav_deployment/share/mrs_uav_deployment/config/uvdar_calibrations/masks/quentin_25003925.png
[2.264s] -- Symlinking: /home/gaurav/mrs_workspace/install/mrs_uav_deployment/share/mrs_uav_deployment/config/uvdar_calibrations/masks/quentin_25003955.png
[2.269s] -- Symlinking: /home/gaurav/mrs_workspace/install/mrs_uav_deployment/share/mrs_uav_deployment/config/uvdar_calibrations/masks/robert_25003661.png
[2.277s] -- Symlinking: /home/gaurav/mrs_workspace/install/mrs_uav_deployment/share/mrs_uav_deployment/config/uvdar_calibrations/masks/robert_25003869.png
[2.282s] -- Symlinking: /home/gaurav/mrs_workspace/install/mrs_uav_deployment/share/mrs_uav_deployment/config/uvdar_calibrations/masks/robert_25003917.png
[2.287s] -- Symlinking: /home/gaurav/mrs_workspace/install/mrs_uav_deployment/share/mrs_uav_deployment/config/uvdar_calibrations/masks/romeo_25003654.png
[2.294s] -- Symlinking: /home/gaurav/mrs_workspace/install/mrs_uav_deployment/share/mrs_uav_deployment/config/uvdar_calibrations/masks/romeo_25003657.png
[2.300s] -- Symlinking: /home/gaurav/mrs_workspace/install/mrs_uav_deployment/share/mrs_uav_deployment/config/uvdar_calibrations/masks/sierra_25003668.png
[2.305s] -- Symlinking: /home/gaurav/mrs_workspace/install/mrs_uav_deployment/share/mrs_uav_deployment/config/uvdar_calibrations/masks/sierra_25003696.png
[2.313s] -- Symlinking: /home/gaurav/mrs_workspace/install/mrs_uav_deployment/share/mrs_uav_deployment/config/uvdar_calibrations/masks/sophie_25003654.png
[2.319s] -- Symlinking: /home/gaurav/mrs_workspace/install/mrs_uav_deployment/share/mrs_uav_deployment/config/uvdar_calibrations/masks/sophie_25003657.png
[2.324s] -- Symlinking: /home/gaurav/mrs_workspace/install/mrs_uav_deployment/share/mrs_uav_deployment/config/uvdar_calibrations/masks/tango_25003671.png
[2.330s] -- Symlinking: /home/gaurav/mrs_workspace/install/mrs_uav_deployment/share/mrs_uav_deployment/config/uvdar_calibrations/masks/tango_25003689.png
[2.336s] -- Symlinking: /home/gaurav/mrs_workspace/install/mrs_uav_deployment/share/mrs_uav_deployment/config/uvdar_calibrations/masks/technion_uav1_40484986.png
[2.341s] -- Symlinking: /home/gaurav/mrs_workspace/install/mrs_uav_deployment/share/mrs_uav_deployment/config/uvdar_calibrations/masks/technion_uav1_40490162.png
[2.346s] -- Symlinking: /home/gaurav/mrs_workspace/install/mrs_uav_deployment/share/mrs_uav_deployment/config/uvdar_calibrations/masks/technion_uav1_40494093.png
[2.351s] -- Symlinking: /home/gaurav/mrs_workspace/install/mrs_uav_deployment/share/mrs_uav_deployment/config/uvdar_calibrations/masks/technion_uav2_40494087.png
[2.356s] -- Symlinking: /home/gaurav/mrs_workspace/install/mrs_uav_deployment/share/mrs_uav_deployment/config/uvdar_calibrations/masks/technion_uav2_40494088.png
[2.361s] -- Symlinking: /home/gaurav/mrs_workspace/install/mrs_uav_deployment/share/mrs_uav_deployment/config/uvdar_calibrations/masks/technion_uav2_40494094.png
[2.368s] -- Symlinking: /home/gaurav/mrs_workspace/install/mrs_uav_deployment/share/mrs_uav_deployment/config/uvdar_calibrations/masks/uniform_25003653.png
[2.372s] -- Symlinking: /home/gaurav/mrs_workspace/install/mrs_uav_deployment/share/mrs_uav_deployment/config/uvdar_calibrations/masks/uniform_25003655.png
[2.377s] -- Symlinking: /home/gaurav/mrs_workspace/install/mrs_uav_deployment/share/mrs_uav_deployment/config/uvdar_calibrations/masks/victor_25002510.png
[2.383s] -- Symlinking: /home/gaurav/mrs_workspace/install/mrs_uav_deployment/share/mrs_uav_deployment/config/uvdar_calibrations/masks/victor_25003650.png
[2.389s] -- Symlinking: /home/gaurav/mrs_workspace/install/mrs_uav_deployment/share/mrs_uav_deployment/config/worlds/world_cisar.yaml
[2.395s] -- Symlinking: /home/gaurav/mrs_workspace/install/mrs_uav_deployment/share/mrs_uav_deployment/config/worlds/world_kn_yard.yaml
[2.401s] -- Symlinking: /home/gaurav/mrs_workspace/install/mrs_uav_deployment/share/mrs_uav_deployment/config/worlds/world_local.yaml
[2.408s] -- Symlinking: /home/gaurav/mrs_workspace/install/mrs_uav_deployment/share/mrs_uav_deployment/config/worlds/world_temesvar_field.yaml
[2.414s] -- Symlinking: /home/gaurav/mrs_workspace/install/mrs_uav_deployment/share/mrs_uav_deployment/config/worlds/world_temesvar_river.yaml
[2.420s] -- Symlinking: /home/gaurav/mrs_workspace/install/mrs_uav_deployment/share/mrs_uav_deployment/config/zenoh/uav_router.json5
[2.425s] -- Symlinking: /home/gaurav/mrs_workspace/install/mrs_uav_deployment/share/mrs_uav_deployment/ssh/afzal
[2.431s] -- Symlinking: /home/gaurav/mrs_workspace/install/mrs_uav_deployment/share/mrs_uav_deployment/ssh/afzal.pub
[2.436s] -- Symlinking: /home/gaurav/mrs_workspace/install/mrs_uav_deployment/share/mrs_uav_deployment/ssh/config_example
[2.442s] -- Symlinking: /home/gaurav/mrs_workspace/install/mrs_uav_deployment/share/mrs_uav_deployment/ssh/dan
[2.447s] -- Symlinking: /home/gaurav/mrs_workspace/install/mrs_uav_deployment/share/mrs_uav_deployment/ssh/dan.pub
[2.453s] -- Symlinking: /home/gaurav/mrs_workspace/install/mrs_uav_deployment/share/mrs_uav_deployment/ssh/daniel
[2.458s] -- Symlinking: /home/gaurav/mrs_workspace/install/mrs_uav_deployment/share/mrs_uav_deployment/ssh/daniel.pub
[2.463s] -- Symlinking: /home/gaurav/mrs_workspace/install/mrs_uav_deployment/share/mrs_uav_deployment/ssh/danv
[2.469s] -- Symlinking: /home/gaurav/mrs_workspace/install/mrs_uav_deployment/share/mrs_uav_deployment/ssh/danv.pub
[2.476s] -- Symlinking: /home/gaurav/mrs_workspace/install/mrs_uav_deployment/share/mrs_uav_deployment/ssh/david
[2.480s] -- Symlinking: /home/gaurav/mrs_workspace/install/mrs_uav_deployment/share/mrs_uav_deployment/ssh/david.pub
[2.485s] -- Symlinking: /home/gaurav/mrs_workspace/install/mrs_uav_deployment/share/mrs_uav_deployment/ssh/filip
[2.489s] -- Symlinking: /home/gaurav/mrs_workspace/install/mrs_uav_deployment/share/mrs_uav_deployment/ssh/filip.pub
[2.496s] -- Symlinking: /home/gaurav/mrs_workspace/install/mrs_uav_deployment/share/mrs_uav_deployment/ssh/filipopo
[2.503s] -- Symlinking: /home/gaurav/mrs_workspace/install/mrs_uav_deployment/share/mrs_uav_deployment/ssh/filipopo.pub
[2.508s] -- Symlinking: /home/gaurav/mrs_workspace/install/mrs_uav_deployment/share/mrs_uav_deployment/ssh/franta
[2.513s] -- Symlinking: /home/gaurav/mrs_workspace/install/mrs_uav_deployment/share/mrs_uav_deployment/ssh/franta.pub
[2.517s] -- Symlinking: /home/gaurav/mrs_workspace/install/mrs_uav_deployment/share/mrs_uav_deployment/ssh/generate_ssh_config.sh
[2.523s] -- Symlinking: /home/gaurav/mrs_workspace/install/mrs_uav_deployment/share/mrs_uav_deployment/ssh/git_usernames.csv
[2.528s] -- Symlinking: /home/gaurav/mrs_workspace/install/mrs_uav_deployment/share/mrs_uav_deployment/ssh/giuseppe
[2.536s] -- Symlinking: /home/gaurav/mrs_workspace/install/mrs_uav_deployment/share/mrs_uav_deployment/ssh/giuseppe.pub
[2.543s] -- Symlinking: /home/gaurav/mrs_workspace/install/mrs_uav_deployment/share/mrs_uav_deployment/ssh/honza
[2.548s] -- Symlinking: /home/gaurav/mrs_workspace/install/mrs_uav_deployment/share/mrs_uav_deployment/ssh/honza.pub
[2.553s] -- Symlinking: /home/gaurav/mrs_workspace/install/mrs_uav_deployment/share/mrs_uav_deployment/ssh/jiri
[2.559s] -- Symlinking: /home/gaurav/mrs_workspace/install/mrs_uav_deployment/share/mrs_uav_deployment/ssh/jiri.pub
[2.565s] -- Symlinking: /home/gaurav/mrs_workspace/install/mrs_uav_deployment/share/mrs_uav_deployment/ssh/manuel
[2.570s] -- Symlinking: /home/gaurav/mrs_workspace/install/mrs_uav_deployment/share/mrs_uav_deployment/ssh/manuel.pub
[2.576s] -- Symlinking: /home/gaurav/mrs_workspace/install/mrs_uav_deployment/share/mrs_uav_deployment/ssh/marlonriv
[2.584s] -- Symlinking: /home/gaurav/mrs_workspace/install/mrs_uav_deployment/share/mrs_uav_deployment/ssh/marlonriv.pub
[2.589s] -- Symlinking: /home/gaurav/mrs_workspace/install/mrs_uav_deployment/share/mrs_uav_deployment/ssh/martinjir
[2.595s] -- Symlinking: /home/gaurav/mrs_workspace/install/mrs_uav_deployment/share/mrs_uav_deployment/ssh/martinjir.pub
[2.600s] -- Symlinking: /home/gaurav/mrs_workspace/install/mrs_uav_deployment/share/mrs_uav_deployment/ssh/matej
[2.605s] -- Symlinking: /home/gaurav/mrs_workspace/install/mrs_uav_deployment/share/mrs_uav_deployment/ssh/matej.pub
[2.610s] -- Symlinking: /home/gaurav/mrs_workspace/install/mrs_uav_deployment/share/mrs_uav_deployment/ssh/matous
[2.617s] -- Symlinking: /home/gaurav/mrs_workspace/install/mrs_uav_deployment/share/mrs_uav_deployment/ssh/matous.pub
[2.623s] -- Symlinking: /home/gaurav/mrs_workspace/install/mrs_uav_deployment/share/mrs_uav_deployment/ssh/michal
[2.629s] -- Symlinking: /home/gaurav/mrs_workspace/install/mrs_uav_deployment/share/mrs_uav_deployment/ssh/michal.pub
[2.634s] -- Symlinking: /home/gaurav/mrs_workspace/install/mrs_uav_deployment/share/mrs_uav_deployment/ssh/musilto
[2.639s] -- Symlinking: /home/gaurav/mrs_workspace/install/mrs_uav_deployment/share/mrs_uav_deployment/ssh/musilto.pub
[2.645s] -- Symlinking: /home/gaurav/mrs_workspace/install/mrs_uav_deployment/share/mrs_uav_deployment/ssh/novosma
[2.650s] -- Symlinking: /home/gaurav/mrs_workspace/install/mrs_uav_deployment/share/mrs_uav_deployment/ssh/novosma.pub
[2.657s] -- Symlinking: /home/gaurav/mrs_workspace/install/mrs_uav_deployment/share/mrs_uav_deployment/ssh/ondra
[2.662s] -- Symlinking: /home/gaurav/mrs_workspace/install/mrs_uav_deployment/share/mrs_uav_deployment/ssh/ondra.pub
[2.667s] -- Symlinking: /home/gaurav/mrs_workspace/install/mrs_uav_deployment/share/mrs_uav_deployment/ssh/parakh
[2.671s] -- Symlinking: /home/gaurav/mrs_workspace/install/mrs_uav_deployment/share/mrs_uav_deployment/ssh/parakh.pub
[2.678s] -- Symlinking: /home/gaurav/mrs_workspace/install/mrs_uav_deployment/share/mrs_uav_deployment/ssh/pavel
[2.683s] -- Symlinking: /home/gaurav/mrs_workspace/install/mrs_uav_deployment/share/mrs_uav_deployment/ssh/pavel.pub
[2.688s] -- Symlinking: /home/gaurav/mrs_workspace/install/mrs_uav_deployment/share/mrs_uav_deployment/ssh/petr
[2.695s] -- Symlinking: /home/gaurav/mrs_workspace/install/mrs_uav_deployment/share/mrs_uav_deployment/ssh/petr.pub
[2.700s] -- Symlinking: /home/gaurav/mrs_workspace/install/mrs_uav_deployment/share/mrs_uav_deployment/ssh/pochopav
[2.707s] -- Symlinking: /home/gaurav/mrs_workspace/install/mrs_uav_deployment/share/mrs_uav_deployment/ssh/pochopav.pub
[2.713s] -- Symlinking: /home/gaurav/mrs_workspace/install/mrs_uav_deployment/share/mrs_uav_deployment/ssh/robert
[2.719s] -- Symlinking: /home/gaurav/mrs_workspace/install/mrs_uav_deployment/share/mrs_uav_deployment/ssh/robert.pub
[2.724s] -- Symlinking: /home/gaurav/mrs_workspace/install/mrs_uav_deployment/share/mrs_uav_deployment/ssh/stibipet
[2.729s] -- Symlinking: /home/gaurav/mrs_workspace/install/mrs_uav_deployment/share/mrs_uav_deployment/ssh/stibipet.pub
[2.734s] -- Symlinking: /home/gaurav/mrs_workspace/install/mrs_uav_deployment/share/mrs_uav_deployment/ssh/swati
[2.739s] -- Symlinking: /home/gaurav/mrs_workspace/install/mrs_uav_deployment/share/mrs_uav_deployment/ssh/swati.pub
[2.745s] -- Symlinking: /home/gaurav/mrs_workspace/install/mrs_uav_deployment/share/mrs_uav_deployment/ssh/tim
[2.750s] -- Symlinking: /home/gaurav/mrs_workspace/install/mrs_uav_deployment/share/mrs_uav_deployment/ssh/tim.pub
[2.755s] -- Symlinking: /home/gaurav/mrs_workspace/install/mrs_uav_deployment/share/mrs_uav_deployment/ssh/tomas
[2.760s] -- Symlinking: /home/gaurav/mrs_workspace/install/mrs_uav_deployment/share/mrs_uav_deployment/ssh/tomas.pub
[2.766s] -- Symlinking: /home/gaurav/mrs_workspace/install/mrs_uav_deployment/share/mrs_uav_deployment/ssh/valseb
[2.770s] -- Symlinking: /home/gaurav/mrs_workspace/install/mrs_uav_deployment/share/mrs_uav_deployment/ssh/valseb.pub
[2.776s] -- Symlinking: /home/gaurav/mrs_workspace/install/mrs_uav_deployment/share/mrs_uav_deployment/ssh/vasek
[2.781s] -- Symlinking: /home/gaurav/mrs_workspace/install/mrs_uav_deployment/share/mrs_uav_deployment/ssh/vasek.pub
[2.787s] -- Symlinking: /home/gaurav/mrs_workspace/install/mrs_uav_deployment/share/mrs_uav_deployment/ssh/viktor
[2.794s] -- Symlinking: /home/gaurav/mrs_workspace/install/mrs_uav_deployment/share/mrs_uav_deployment/ssh/viktor.pub
[2.799s] -- Symlinking: /home/gaurav/mrs_workspace/install/mrs_uav_deployment/share/mrs_uav_deployment/ssh/vit
[2.804s] -- Symlinking: /home/gaurav/mrs_workspace/install/mrs_uav_deployment/share/mrs_uav_deployment/ssh/vit.pub
[2.810s] -- Symlinking: /home/gaurav/mrs_workspace/install/mrs_uav_deployment/share/mrs_uav_deployment/ssh/vojta
[2.816s] -- Symlinking: /home/gaurav/mrs_workspace/install/mrs_uav_deployment/share/mrs_uav_deployment/ssh/vojta.pub
[2.821s] -- Symlinking: /home/gaurav/mrs_workspace/install/mrs_uav_deployment/share/ament_index/resource_index/package_run_dependencies/mrs_uav_deployment
[2.826s] -- Symlinking: /home/gaurav/mrs_workspace/install/mrs_uav_deployment/share/ament_index/resource_index/parent_prefix_path/mrs_uav_deployment
[2.830s] -- Symlinking: /home/gaurav/mrs_workspace/install/mrs_uav_deployment/share/mrs_uav_deployment/environment/ament_prefix_path.sh
[2.835s] -- Symlinking: /home/gaurav/mrs_workspace/install/mrs_uav_deployment/share/mrs_uav_deployment/environment/ament_prefix_path.dsv
[2.839s] -- Symlinking: /home/gaurav/mrs_workspace/install/mrs_uav_deployment/share/mrs_uav_deployment/environment/path.sh
[2.844s] -- Symlinking: /home/gaurav/mrs_workspace/install/mrs_uav_deployment/share/mrs_uav_deployment/environment/path.dsv
[2.849s] -- Symlinking: /home/gaurav/mrs_workspace/install/mrs_uav_deployment/share/mrs_uav_deployment/local_setup.bash
[2.855s] -- Symlinking: /home/gaurav/mrs_workspace/install/mrs_uav_deployment/share/mrs_uav_deployment/local_setup.sh
[2.861s] -- Symlinking: /home/gaurav/mrs_workspace/install/mrs_uav_deployment/share/mrs_uav_deployment/local_setup.zsh
[2.869s] -- Symlinking: /home/gaurav/mrs_workspace/install/mrs_uav_deployment/share/mrs_uav_deployment/local_setup.dsv
[2.875s] -- Symlinking: /home/gaurav/mrs_workspace/install/mrs_uav_deployment/share/mrs_uav_deployment/package.dsv
[2.882s] -- Symlinking: /home/gaurav/mrs_workspace/install/mrs_uav_deployment/share/ament_index/resource_index/packages/mrs_uav_deployment
[2.887s] -- Symlinking: /home/gaurav/mrs_workspace/install/mrs_uav_deployment/share/mrs_uav_deployment/cmake/mrs_uav_deploymentConfig.cmake
[2.896s] -- Symlinking: /home/gaurav/mrs_workspace/install/mrs_uav_deployment/share/mrs_uav_deployment/cmake/mrs_uav_deploymentConfig-version.cmake
[2.903s] -- Symlinking: /home/gaurav/mrs_workspace/install/mrs_uav_deployment/share/mrs_uav_deployment/package.xml
[2.907s] -- Installing: /home/gaurav/mrs_workspace/install/mrs_uav_deployment/share/mrs_uav_deployment/tmux
[2.907s] -- Installing: /home/gaurav/mrs_workspace/install/mrs_uav_deployment/share/mrs_uav_deployment/tmux/just_flying
[2.908s] -- Installing: /home/gaurav/mrs_workspace/install/mrs_uav_deployment/share/mrs_uav_deployment/tmux/just_flying/config
[2.908s] -- Installing: /home/gaurav/mrs_workspace/install/mrs_uav_deployment/share/mrs_uav_deployment/tmux/just_flying/config/network_config.yaml
[2.908s] -- Installing: /home/gaurav/mrs_workspace/install/mrs_uav_deployment/share/mrs_uav_deployment/tmux/just_flying/config/custom_config.yaml
[2.908s] -- Installing: /home/gaurav/mrs_workspace/install/mrs_uav_deployment/share/mrs_uav_deployment/tmux/just_flying/record.sh
[2.908s] -- Installing: /home/gaurav/mrs_workspace/install/mrs_uav_deployment/share/mrs_uav_deployment/tmux/just_flying/tmux.sh
[2.908s] -- Installing: /home/gaurav/mrs_workspace/install/mrs_uav_deployment/share/mrs_uav_deployment/scripts
[2.908s] -- Installing: /home/gaurav/mrs_workspace/install/mrs_uav_deployment/share/mrs_uav_deployment/scripts/check_uav.sh
[2.908s] -- Installing: /home/gaurav/mrs_workspace/install/mrs_uav_deployment/share/mrs_uav_deployment/scripts/rviz.sh
[2.908s] -- Installing: /home/gaurav/mrs_workspace/install/mrs_uav_deployment/share/mrs_uav_deployment/scripts/uav_check
[2.908s] -- Installing: /home/gaurav/mrs_workspace/install/mrs_uav_deployment/share/mrs_uav_deployment/scripts/uav_check/check_uav.sh
[2.908s] -- Installing: /home/gaurav/mrs_workspace/install/mrs_uav_deployment/share/mrs_uav_deployment/scripts/uav_check/helper_tmux.sh
[2.908s] -- Installing: /home/gaurav/mrs_workspace/install/mrs_uav_deployment/share/mrs_uav_deployment/scripts/uav_check/helper_checker.py
[2.908s] -- Installing: /home/gaurav/mrs_workspace/install/mrs_uav_deployment/share/mrs_uav_deployment/scripts/uav_check/px4_params.json.bak
[2.908s] -- Installing: /home/gaurav/mrs_workspace/install/mrs_uav_deployment/share/mrs_uav_deployment/scripts/uav_check/px4_params.json
[2.908s] -- Installing: /home/gaurav/mrs_workspace/install/mrs_uav_deployment/share/mrs_uav_deployment/scripts/rosbag_checker.py
[2.908s] -- Installing: /home/gaurav/mrs_workspace/install/mrs_uav_deployment/share/mrs_uav_deployment/scripts/check_ros_package.sh
[2.908s] -- Installing: /home/gaurav/mrs_workspace/install/mrs_uav_deployment/share/mrs_uav_deployment/scripts/trajectory_checker.py
[2.908s] -- Installing: /home/gaurav/mrs_workspace/install/mrs_uav_deployment/share/mrs_uav_deployment/scripts/node_crash_checker.py
[2.908s] -- Installing: /home/gaurav/mrs_workspace/install/mrs_uav_deployment/share/mrs_uav_deployment/scripts/rosbag_rviz.sh
[2.908s] -- Installing: /home/gaurav/mrs_workspace/install/mrs_uav_deployment/share/mrs_uav_deployment/scripts/refactor_rviz_config_generic.sh
[2.908s] -- Installing: /home/gaurav/mrs_workspace/install/mrs_uav_deployment/share/mrs_uav_deployment/scripts/refactor_rviz_config.sh
[2.908s] -- Installing: /home/gaurav/mrs_workspace/install/mrs_uav_deployment/share/mrs_uav_deployment/scripts/set_broadcast_rc_variable.sh
[2.908s] -- Installing: /home/gaurav/mrs_workspace/install/mrs_uav_deployment/share/mrs_uav_deployment/scripts/rosbag_topic_size.py
[2.908s] -- Installing: /home/gaurav/mrs_workspace/install/mrs_uav_deployment/share/mrs_uav_deployment/scripts/computer_config
[2.909s] -- Installing: /home/gaurav/mrs_workspace/install/mrs_uav_deployment/share/mrs_uav_deployment/scripts/computer_config/disable_network_manager.sh
[2.909s] -- Installing: /home/gaurav/mrs_workspace/install/mrs_uav_deployment/share/mrs_uav_deployment/scripts/computer_config/fix_dualboot_time_offset.sh
[2.909s] -- Installing: /home/gaurav/mrs_workspace/install/mrs_uav_deployment/share/mrs_uav_deployment/scripts/computer_config/fix_network_interface_names.sh
[2.909s] -- Installing: /home/gaurav/mrs_workspace/install/mrs_uav_deployment/share/mrs_uav_deployment/scripts/computer_config/disable_hibernation.sh
[2.909s] -- Installing: /home/gaurav/mrs_workspace/install/mrs_uav_deployment/share/mrs_uav_deployment/scripts/run_nimbro.py
[2.909s] Invoked command in '/home/gaurav/mrs_workspace/build/mrs_uav_deployment' returned '0': CMAKE_PREFIX_PATH=${CMAKE_PREFIX_PATH}:/opt/ros/jazzy DEBUGINFOD_URLS=https://debuginfod.ubuntu.com /usr/bin/cmake --install /home/gaurav/mrs_workspace/build/mrs_uav_deployment
