[  9%] Built target MrsUavManagers_ConstraintManager
[ 28%] Built target MrsUavManagers_UavManager
[ 19%] Built target MrsUavManagers_GainManager
[ 38%] Built target MrsUavManagers_TransformManager
[ 47%] Built target MrsUavManagers_NullTracker
[ 71%] Built target MrsUavManagers_EstimationManager
[ 90%] Built target MrsUavManagers_ControlManager
[100%] Built target MrsUavManagers_SafetyAreaManager
-- Install configuration: "Release"
-- Execute custom install script
-- Symlinking: /home/gaurav/mrs_workspace/install/mrs_uav_managers/share/mrs_uav_managers//plugins.xml
-- Symlinking: /home/gaurav/mrs_workspace/install/mrs_uav_managers/share/mrs_uav_managers/launch/constraint_manager.launch.py
-- Symlinking: /home/gaurav/mrs_workspace/install/mrs_uav_managers/share/mrs_uav_managers/launch/control_manager.launch.py
-- Symlinking: /home/gaurav/mrs_workspace/install/mrs_uav_managers/share/mrs_uav_managers/launch/estimation_manager.launch.py
-- Symlinking: /home/gaurav/mrs_workspace/install/mrs_uav_managers/share/mrs_uav_managers/launch/gain_manager.launch.py
-- Symlinking: /home/gaurav/mrs_workspace/install/mrs_uav_managers/share/mrs_uav_managers/launch/safety_area_manager.launch.py
-- Symlinking: /home/gaurav/mrs_workspace/install/mrs_uav_managers/share/mrs_uav_managers/launch/transform_manager.launch.py
-- Symlinking: /home/gaurav/mrs_workspace/install/mrs_uav_managers/share/mrs_uav_managers/launch/uav_manager.launch.py
CMake Warning (dev) at ament_cmake_symlink_install/ament_cmake_symlink_install.cmake:62 (file):
  Policy CMP0009 is not set: FILE GLOB_RECURSE calls should not follow
  symlinks by default.  Run "cmake --help-policy CMP0009" for policy details.
  Use the cmake_policy command to set the policy and suppress this warning.
Call Stack (most recent call first):
  ament_cmake_symlink_install/ament_cmake_symlink_install.cmake:320 (ament_cmake_symlink_install_directory)
  cmake_install.cmake:46 (include)
This warning is for project developers.  Use -Wno-dev to suppress it.

-- Symlinking: /home/gaurav/mrs_workspace/install/mrs_uav_managers/share/mrs_uav_managers/config/private/constraint_manager/constraint_manager.yaml
-- Symlinking: /home/gaurav/mrs_workspace/install/mrs_uav_managers/share/mrs_uav_managers/config/private/control_manager.yaml
-- Symlinking: /home/gaurav/mrs_workspace/install/mrs_uav_managers/share/mrs_uav_managers/config/private/controllers.yaml
-- Symlinking: /home/gaurav/mrs_workspace/install/mrs_uav_managers/share/mrs_uav_managers/config/private/estimation_manager/estimation_manager.yaml
-- Symlinking: /home/gaurav/mrs_workspace/install/mrs_uav_managers/share/mrs_uav_managers/config/private/estimators.yaml
-- Symlinking: /home/gaurav/mrs_workspace/install/mrs_uav_managers/share/mrs_uav_managers/config/private/gain_manager/gain_manager.yaml
-- Symlinking: /home/gaurav/mrs_workspace/install/mrs_uav_managers/share/mrs_uav_managers/config/private/gain_manager/log/COLCON_IGNORE
-- Symlinking: /home/gaurav/mrs_workspace/install/mrs_uav_managers/share/mrs_uav_managers/config/private/gain_manager/log/latest/logger_all.log
-- Symlinking: /home/gaurav/mrs_workspace/install/mrs_uav_managers/share/mrs_uav_managers/config/private/gain_manager/log/latest_list/logger_all.log
-- Symlinking: /home/gaurav/mrs_workspace/install/mrs_uav_managers/share/mrs_uav_managers/config/private/gain_manager/log/list_2025-07-14_09-21-00/logger_all.log
-- Symlinking: /home/gaurav/mrs_workspace/install/mrs_uav_managers/share/mrs_uav_managers/config/private/safety_area_manager.yaml
-- Symlinking: /home/gaurav/mrs_workspace/install/mrs_uav_managers/share/mrs_uav_managers/config/private/trackers.yaml
-- Symlinking: /home/gaurav/mrs_workspace/install/mrs_uav_managers/share/mrs_uav_managers/config/private/transform_manager/transform_manager.yaml
-- Symlinking: /home/gaurav/mrs_workspace/install/mrs_uav_managers/share/mrs_uav_managers/config/private/uav_manager.yaml
-- Symlinking: /home/gaurav/mrs_workspace/install/mrs_uav_managers/share/mrs_uav_managers/config/public/active_estimators.yaml
-- Symlinking: /home/gaurav/mrs_workspace/install/mrs_uav_managers/share/mrs_uav_managers/config/public/constraint_manager/constraint_manager.yaml
-- Symlinking: /home/gaurav/mrs_workspace/install/mrs_uav_managers/share/mrs_uav_managers/config/public/constraint_manager/constraints.yaml
-- Symlinking: /home/gaurav/mrs_workspace/install/mrs_uav_managers/share/mrs_uav_managers/config/public/control_manager.yaml
-- Symlinking: /home/gaurav/mrs_workspace/install/mrs_uav_managers/share/mrs_uav_managers/config/public/controllers.yaml
-- Symlinking: /home/gaurav/mrs_workspace/install/mrs_uav_managers/share/mrs_uav_managers/config/public/detailed_uav_dynamics_params.yaml
-- Symlinking: /home/gaurav/mrs_workspace/install/mrs_uav_managers/share/mrs_uav_managers/config/public/estimation_manager/estimation_manager.yaml
-- Symlinking: /home/gaurav/mrs_workspace/install/mrs_uav_managers/share/mrs_uav_managers/config/public/gain_manager/gain_manager.yaml
-- Symlinking: /home/gaurav/mrs_workspace/install/mrs_uav_managers/share/mrs_uav_managers/config/public/gain_manager/gains.yaml
-- Symlinking: /home/gaurav/mrs_workspace/install/mrs_uav_managers/share/mrs_uav_managers/config/public/transform_manager/transform_manager.yaml
-- Symlinking: /home/gaurav/mrs_workspace/install/mrs_uav_managers/share/mrs_uav_managers/config/public/uav_manager.yaml
-- Symlinking: /home/gaurav/mrs_workspace/install/mrs_uav_managers/share/mrs_uav_managers/environment/library_path.sh
-- Symlinking: /home/gaurav/mrs_workspace/install/mrs_uav_managers/share/mrs_uav_managers/environment/library_path.dsv
-- Symlinking: /home/gaurav/mrs_workspace/install/mrs_uav_managers/share/ament_index/resource_index/package_run_dependencies/mrs_uav_managers
-- Symlinking: /home/gaurav/mrs_workspace/install/mrs_uav_managers/share/ament_index/resource_index/parent_prefix_path/mrs_uav_managers
-- Symlinking: /home/gaurav/mrs_workspace/install/mrs_uav_managers/share/mrs_uav_managers/environment/ament_prefix_path.sh
-- Symlinking: /home/gaurav/mrs_workspace/install/mrs_uav_managers/share/mrs_uav_managers/environment/ament_prefix_path.dsv
-- Symlinking: /home/gaurav/mrs_workspace/install/mrs_uav_managers/share/mrs_uav_managers/environment/path.sh
-- Symlinking: /home/gaurav/mrs_workspace/install/mrs_uav_managers/share/mrs_uav_managers/environment/path.dsv
-- Symlinking: /home/gaurav/mrs_workspace/install/mrs_uav_managers/share/mrs_uav_managers/local_setup.bash
-- Symlinking: /home/gaurav/mrs_workspace/install/mrs_uav_managers/share/mrs_uav_managers/local_setup.sh
-- Symlinking: /home/gaurav/mrs_workspace/install/mrs_uav_managers/share/mrs_uav_managers/local_setup.zsh
-- Symlinking: /home/gaurav/mrs_workspace/install/mrs_uav_managers/share/mrs_uav_managers/local_setup.dsv
-- Symlinking: /home/gaurav/mrs_workspace/install/mrs_uav_managers/share/mrs_uav_managers/package.dsv
-- Symlinking: /home/gaurav/mrs_workspace/install/mrs_uav_managers/share/ament_index/resource_index/packages/mrs_uav_managers
-- Symlinking: /home/gaurav/mrs_workspace/install/mrs_uav_managers/share/ament_index/resource_index/mrs_uav_managers__pluginlib__plugin/mrs_uav_managers
-- Symlinking: /home/gaurav/mrs_workspace/install/mrs_uav_managers/share/ament_index/resource_index/rclcpp_components/mrs_uav_managers
-- Symlinking: /home/gaurav/mrs_workspace/install/mrs_uav_managers/share/mrs_uav_managers/cmake/ament_cmake_export_targets-extras.cmake
-- Symlinking: /home/gaurav/mrs_workspace/install/mrs_uav_managers/share/mrs_uav_managers/cmake/ament_cmake_export_include_directories-extras.cmake
-- Symlinking: /home/gaurav/mrs_workspace/install/mrs_uav_managers/share/mrs_uav_managers/cmake/ament_cmake_export_libraries-extras.cmake
-- Symlinking: /home/gaurav/mrs_workspace/install/mrs_uav_managers/share/mrs_uav_managers/cmake/ament_cmake_export_dependencies-extras.cmake
-- Symlinking: /home/gaurav/mrs_workspace/install/mrs_uav_managers/share/mrs_uav_managers/cmake/mrs_uav_managersConfig.cmake
-- Symlinking: /home/gaurav/mrs_workspace/install/mrs_uav_managers/share/mrs_uav_managers/cmake/mrs_uav_managersConfig-version.cmake
-- Symlinking: /home/gaurav/mrs_workspace/install/mrs_uav_managers/share/mrs_uav_managers/package.xml
-- Installing: /home/gaurav/mrs_workspace/install/mrs_uav_managers/include/mrs_uav_managers/control_manager/output_publisher.h
-- Installing: /home/gaurav/mrs_workspace/install/mrs_uav_managers/include/mrs_uav_managers/mrs_uav_managers/agl_estimator.h
-- Installing: /home/gaurav/mrs_workspace/install/mrs_uav_managers/include/mrs_uav_managers/mrs_uav_managers/controller.h
-- Installing: /home/gaurav/mrs_workspace/install/mrs_uav_managers/include/mrs_uav_managers/mrs_uav_managers/state_estimator.h
-- Installing: /home/gaurav/mrs_workspace/install/mrs_uav_managers/include/mrs_uav_managers/mrs_uav_managers/tracker.h
-- Installing: /home/gaurav/mrs_workspace/install/mrs_uav_managers/include/mrs_uav_managers/mrs_uav_managers/control_manager/common_handlers.h
-- Installing: /home/gaurav/mrs_workspace/install/mrs_uav_managers/include/mrs_uav_managers/mrs_uav_managers/control_manager/common.h
-- Installing: /home/gaurav/mrs_workspace/install/mrs_uav_managers/include/mrs_uav_managers/mrs_uav_managers/control_manager/private_handlers.h
-- Installing: /home/gaurav/mrs_workspace/install/mrs_uav_managers/include/mrs_uav_managers/mrs_uav_managers/estimation_manager/common_handlers.h
-- Installing: /home/gaurav/mrs_workspace/install/mrs_uav_managers/include/mrs_uav_managers/mrs_uav_managers/estimation_manager/estimator.h
-- Installing: /home/gaurav/mrs_workspace/install/mrs_uav_managers/include/mrs_uav_managers/mrs_uav_managers/estimation_manager/private_handlers.h
-- Installing: /home/gaurav/mrs_workspace/install/mrs_uav_managers/include/mrs_uav_managers/mrs_uav_managers/estimation_manager/support.h
-- Installing: /home/gaurav/mrs_workspace/install/mrs_uav_managers/include/mrs_uav_managers/mrs_uav_managers/estimation_manager/types.h
-- Installing: /home/gaurav/mrs_workspace/install/mrs_uav_managers/include/mrs_uav_managers/transform_manager/tf_mapping_origin.h
-- Installing: /home/gaurav/mrs_workspace/install/mrs_uav_managers/include/mrs_uav_managers/transform_manager/tf_source.h
-- Installing: /home/gaurav/mrs_workspace/install/mrs_uav_managers/lib/libMrsUavManagers_EstimationManager.so
-- Set non-toolchain portion of runtime path of "/home/gaurav/mrs_workspace/install/mrs_uav_managers/lib/libMrsUavManagers_EstimationManager.so" to ""
-- Installing: /home/gaurav/mrs_workspace/install/mrs_uav_managers/lib/libMrsUavManagers_TransformManager.so
-- Set non-toolchain portion of runtime path of "/home/gaurav/mrs_workspace/install/mrs_uav_managers/lib/libMrsUavManagers_TransformManager.so" to ""
-- Installing: /home/gaurav/mrs_workspace/install/mrs_uav_managers/lib/libMrsUavManagers_ControlManager.so
-- Set non-toolchain portion of runtime path of "/home/gaurav/mrs_workspace/install/mrs_uav_managers/lib/libMrsUavManagers_ControlManager.so" to ""
-- Installing: /home/gaurav/mrs_workspace/install/mrs_uav_managers/lib/libMrsUavManagers_NullTracker.so
-- Set non-toolchain portion of runtime path of "/home/gaurav/mrs_workspace/install/mrs_uav_managers/lib/libMrsUavManagers_NullTracker.so" to ""
-- Installing: /home/gaurav/mrs_workspace/install/mrs_uav_managers/lib/libMrsUavManagers_UavManager.so
-- Set non-toolchain portion of runtime path of "/home/gaurav/mrs_workspace/install/mrs_uav_managers/lib/libMrsUavManagers_UavManager.so" to ""
-- Installing: /home/gaurav/mrs_workspace/install/mrs_uav_managers/lib/libMrsUavManagers_ConstraintManager.so
-- Set non-toolchain portion of runtime path of "/home/gaurav/mrs_workspace/install/mrs_uav_managers/lib/libMrsUavManagers_ConstraintManager.so" to ""
-- Installing: /home/gaurav/mrs_workspace/install/mrs_uav_managers/lib/libMrsUavManagers_GainManager.so
-- Set non-toolchain portion of runtime path of "/home/gaurav/mrs_workspace/install/mrs_uav_managers/lib/libMrsUavManagers_GainManager.so" to ""
-- Installing: /home/gaurav/mrs_workspace/install/mrs_uav_managers/lib/libMrsUavManagers_SafetyAreaManager.so
-- Set non-toolchain portion of runtime path of "/home/gaurav/mrs_workspace/install/mrs_uav_managers/lib/libMrsUavManagers_SafetyAreaManager.so" to ""
-- Installing: /home/gaurav/mrs_workspace/install/mrs_uav_managers/lib/mrs_uav_managers/scripts
-- Installing: /home/gaurav/mrs_workspace/install/mrs_uav_managers/lib/mrs_uav_managers/scripts/get_public_params.py
-- Installing: /home/gaurav/mrs_workspace/install/mrs_uav_managers/share/mrs_uav_managers/cmake/export_mrs_uav_managersExport.cmake
-- Installing: /home/gaurav/mrs_workspace/install/mrs_uav_managers/share/mrs_uav_managers/cmake/export_mrs_uav_managersExport-release.cmake
