[0.016s] Invoking command in '/home/gaurav/mrs_workspace/build/mrs_uav_managers': CMAKE_PREFIX_PATH=/home/gaurav/mrs_workspace/install/mrs_uav_hw_api:/home/gaurav/mrs_workspace/install/mrs_uav_testing:/home/gaurav/mrs_workspace/install/mrs_lib:/home/gaurav/mrs_workspace/install/mrs_msgs:/home/gaurav/mrs_workspace/install/mrs_uav_system_full:/home/gaurav/mrs_workspace/install/mrs_uav_system:/home/gaurav/mrs_workspace/install/mrs_uav_core:/home/gaurav/mrs_workspace/install/mrs_uav_trajectory_generation:/home/gaurav/mrs_workspace/install/mrs_uav_trackers:/home/gaurav/mrs_workspace/install/mrs_uav_state_estimators:/home/gaurav/mrs_workspace/install/mrs_uav_controllers:/home/gaurav/mrs_workspace/install/mrs_uav_managers:/home/gaurav/mrs_workspace/install/mrs_multirotor_simulator:/home/gaurav/mrs_workspace/install/mrs_uav_autostart:/home/gaurav/mrs_workspace/install/mrs_uav_status:/home/gaurav/mrs_workspace/install/mrs_uav_modules:/home/gaurav/mrs_workspace/install/mrs_serial:/home/gaurav/mrs_workspace/install/mrs_rviz_plugins:/home/gaurav/mrs_workspace/install/mrs_modules_msgs:/opt/ros/jazzy/opt/gz_math_vendor:/opt/ros/jazzy/opt/gz_utils_vendor:/opt/ros/jazzy/opt/gz_cmake_vendor:/opt/ros/jazzy DEBUGINFOD_URLS=https://debuginfod.ubuntu.com LD_LIBRARY_PATH=/home/gaurav/mrs_workspace/install/mrs_uav_hw_api/lib:/home/gaurav/mrs_workspace/install/mrs_lib/lib:/home/gaurav/mrs_workspace/install/mrs_msgs/lib:/home/gaurav/mrs_workspace/install/mrs_uav_trajectory_generation/lib:/home/gaurav/mrs_workspace/install/mrs_uav_trackers/lib:/home/gaurav/mrs_workspace/install/mrs_uav_state_estimators/lib:/home/gaurav/mrs_workspace/install/mrs_uav_controllers/lib:/home/gaurav/mrs_workspace/install/mrs_uav_managers/lib:/home/gaurav/mrs_workspace/install/mrs_multirotor_simulator/lib:/home/gaurav/mrs_workspace/install/mrs_uav_autostart/lib:/home/gaurav/mrs_workspace/install/mrs_uav_testing/lib:/home/gaurav/mrs_workspace/install/mrs_uav_status/lib:/home/gaurav/mrs_workspace/install/mrs_serial/lib:/home/gaurav/mrs_workspace/install/mrs_rviz_plugins/lib:/home/gaurav/mrs_workspace/install/mrs_modules_msgs/lib:/opt/ros/jazzy/opt/zenoh_cpp_vendor/lib:/opt/ros/jazzy/opt/rviz_ogre_vendor/lib:/opt/ros/jazzy/lib/x86_64-linux-gnu:/opt/ros/jazzy/opt/gz_math_vendor/lib:/opt/ros/jazzy/opt/gz_utils_vendor/lib:/opt/ros/jazzy/opt/gz_cmake_vendor/lib:/opt/ros/jazzy/lib /usr/bin/cmake --build /home/gaurav/mrs_workspace/build/mrs_uav_managers -- -j20 -l20
[0.056s] [  9%] Built target MrsUavManagers_ConstraintManager
[0.056s] [ 28%] Built target MrsUavManagers_UavManager
[0.056s] [ 19%] Built target MrsUavManagers_GainManager
[0.057s] [ 38%] Built target MrsUavManagers_TransformManager
[0.058s] [ 47%] Built target MrsUavManagers_NullTracker
[0.066s] [ 71%] Built target MrsUavManagers_EstimationManager
[0.092s] [ 90%] Built target MrsUavManagers_ControlManager
[0.128s] [100%] Built target MrsUavManagers_SafetyAreaManager
[0.146s] Invoked command in '/home/gaurav/mrs_workspace/build/mrs_uav_managers' returned '0': CMAKE_PREFIX_PATH=/home/gaurav/mrs_workspace/install/mrs_uav_hw_api:/home/gaurav/mrs_workspace/install/mrs_uav_testing:/home/gaurav/mrs_workspace/install/mrs_lib:/home/gaurav/mrs_workspace/install/mrs_msgs:/home/gaurav/mrs_workspace/install/mrs_uav_system_full:/home/gaurav/mrs_workspace/install/mrs_uav_system:/home/gaurav/mrs_workspace/install/mrs_uav_core:/home/gaurav/mrs_workspace/install/mrs_uav_trajectory_generation:/home/gaurav/mrs_workspace/install/mrs_uav_trackers:/home/gaurav/mrs_workspace/install/mrs_uav_state_estimators:/home/gaurav/mrs_workspace/install/mrs_uav_controllers:/home/gaurav/mrs_workspace/install/mrs_uav_managers:/home/gaurav/mrs_workspace/install/mrs_multirotor_simulator:/home/gaurav/mrs_workspace/install/mrs_uav_autostart:/home/gaurav/mrs_workspace/install/mrs_uav_status:/home/gaurav/mrs_workspace/install/mrs_uav_modules:/home/gaurav/mrs_workspace/install/mrs_serial:/home/gaurav/mrs_workspace/install/mrs_rviz_plugins:/home/gaurav/mrs_workspace/install/mrs_modules_msgs:/opt/ros/jazzy/opt/gz_math_vendor:/opt/ros/jazzy/opt/gz_utils_vendor:/opt/ros/jazzy/opt/gz_cmake_vendor:/opt/ros/jazzy DEBUGINFOD_URLS=https://debuginfod.ubuntu.com LD_LIBRARY_PATH=/home/gaurav/mrs_workspace/install/mrs_uav_hw_api/lib:/home/gaurav/mrs_workspace/install/mrs_lib/lib:/home/gaurav/mrs_workspace/install/mrs_msgs/lib:/home/gaurav/mrs_workspace/install/mrs_uav_trajectory_generation/lib:/home/gaurav/mrs_workspace/install/mrs_uav_trackers/lib:/home/gaurav/mrs_workspace/install/mrs_uav_state_estimators/lib:/home/gaurav/mrs_workspace/install/mrs_uav_controllers/lib:/home/gaurav/mrs_workspace/install/mrs_uav_managers/lib:/home/gaurav/mrs_workspace/install/mrs_multirotor_simulator/lib:/home/gaurav/mrs_workspace/install/mrs_uav_autostart/lib:/home/gaurav/mrs_workspace/install/mrs_uav_testing/lib:/home/gaurav/mrs_workspace/install/mrs_uav_status/lib:/home/gaurav/mrs_workspace/install/mrs_serial/lib:/home/gaurav/mrs_workspace/install/mrs_rviz_plugins/lib:/home/gaurav/mrs_workspace/install/mrs_modules_msgs/lib:/opt/ros/jazzy/opt/zenoh_cpp_vendor/lib:/opt/ros/jazzy/opt/rviz_ogre_vendor/lib:/opt/ros/jazzy/lib/x86_64-linux-gnu:/opt/ros/jazzy/opt/gz_math_vendor/lib:/opt/ros/jazzy/opt/gz_utils_vendor/lib:/opt/ros/jazzy/opt/gz_cmake_vendor/lib:/opt/ros/jazzy/lib /usr/bin/cmake --build /home/gaurav/mrs_workspace/build/mrs_uav_managers -- -j20 -l20
[0.146s] Invoking command in '/home/gaurav/mrs_workspace/build/mrs_uav_managers': CMAKE_PREFIX_PATH=/home/gaurav/mrs_workspace/install/mrs_uav_hw_api:/home/gaurav/mrs_workspace/install/mrs_uav_testing:/home/gaurav/mrs_workspace/install/mrs_lib:/home/gaurav/mrs_workspace/install/mrs_msgs:/home/gaurav/mrs_workspace/install/mrs_uav_system_full:/home/gaurav/mrs_workspace/install/mrs_uav_system:/home/gaurav/mrs_workspace/install/mrs_uav_core:/home/gaurav/mrs_workspace/install/mrs_uav_trajectory_generation:/home/gaurav/mrs_workspace/install/mrs_uav_trackers:/home/gaurav/mrs_workspace/install/mrs_uav_state_estimators:/home/gaurav/mrs_workspace/install/mrs_uav_controllers:/home/gaurav/mrs_workspace/install/mrs_uav_managers:/home/gaurav/mrs_workspace/install/mrs_multirotor_simulator:/home/gaurav/mrs_workspace/install/mrs_uav_autostart:/home/gaurav/mrs_workspace/install/mrs_uav_status:/home/gaurav/mrs_workspace/install/mrs_uav_modules:/home/gaurav/mrs_workspace/install/mrs_serial:/home/gaurav/mrs_workspace/install/mrs_rviz_plugins:/home/gaurav/mrs_workspace/install/mrs_modules_msgs:/opt/ros/jazzy/opt/gz_math_vendor:/opt/ros/jazzy/opt/gz_utils_vendor:/opt/ros/jazzy/opt/gz_cmake_vendor:/opt/ros/jazzy DEBUGINFOD_URLS=https://debuginfod.ubuntu.com LD_LIBRARY_PATH=/home/gaurav/mrs_workspace/install/mrs_uav_hw_api/lib:/home/gaurav/mrs_workspace/install/mrs_lib/lib:/home/gaurav/mrs_workspace/install/mrs_msgs/lib:/home/gaurav/mrs_workspace/install/mrs_uav_trajectory_generation/lib:/home/gaurav/mrs_workspace/install/mrs_uav_trackers/lib:/home/gaurav/mrs_workspace/install/mrs_uav_state_estimators/lib:/home/gaurav/mrs_workspace/install/mrs_uav_controllers/lib:/home/gaurav/mrs_workspace/install/mrs_uav_managers/lib:/home/gaurav/mrs_workspace/install/mrs_multirotor_simulator/lib:/home/gaurav/mrs_workspace/install/mrs_uav_autostart/lib:/home/gaurav/mrs_workspace/install/mrs_uav_testing/lib:/home/gaurav/mrs_workspace/install/mrs_uav_status/lib:/home/gaurav/mrs_workspace/install/mrs_serial/lib:/home/gaurav/mrs_workspace/install/mrs_rviz_plugins/lib:/home/gaurav/mrs_workspace/install/mrs_modules_msgs/lib:/opt/ros/jazzy/opt/zenoh_cpp_vendor/lib:/opt/ros/jazzy/opt/rviz_ogre_vendor/lib:/opt/ros/jazzy/lib/x86_64-linux-gnu:/opt/ros/jazzy/opt/gz_math_vendor/lib:/opt/ros/jazzy/opt/gz_utils_vendor/lib:/opt/ros/jazzy/opt/gz_cmake_vendor/lib:/opt/ros/jazzy/lib /usr/bin/cmake --install /home/gaurav/mrs_workspace/build/mrs_uav_managers
[0.154s] -- Install configuration: "Release"
[0.154s] -- Execute custom install script
[0.155s] -- Symlinking: /home/gaurav/mrs_workspace/install/mrs_uav_managers/share/mrs_uav_managers//plugins.xml
[0.160s] -- Symlinking: /home/gaurav/mrs_workspace/install/mrs_uav_managers/share/mrs_uav_managers/launch/constraint_manager.launch.py
[0.166s] -- Symlinking: /home/gaurav/mrs_workspace/install/mrs_uav_managers/share/mrs_uav_managers/launch/control_manager.launch.py
[0.171s] -- Symlinking: /home/gaurav/mrs_workspace/install/mrs_uav_managers/share/mrs_uav_managers/launch/estimation_manager.launch.py
[0.177s] -- Symlinking: /home/gaurav/mrs_workspace/install/mrs_uav_managers/share/mrs_uav_managers/launch/gain_manager.launch.py
[0.183s] -- Symlinking: /home/gaurav/mrs_workspace/install/mrs_uav_managers/share/mrs_uav_managers/launch/safety_area_manager.launch.py
[0.188s] -- Symlinking: /home/gaurav/mrs_workspace/install/mrs_uav_managers/share/mrs_uav_managers/launch/transform_manager.launch.py
[0.196s] -- Symlinking: /home/gaurav/mrs_workspace/install/mrs_uav_managers/share/mrs_uav_managers/launch/uav_manager.launch.py
[0.201s] CMake Warning (dev) at ament_cmake_symlink_install/ament_cmake_symlink_install.cmake:62 (file):
[0.202s]   Policy CMP0009 is not set: FILE GLOB_RECURSE calls should not follow
[0.202s]   symlinks by default.  Run "cmake --help-policy CMP0009" for policy details.
[0.202s]   Use the cmake_policy command to set the policy and suppress this warning.
[0.202s] Call Stack (most recent call first):
[0.202s]   ament_cmake_symlink_install/ament_cmake_symlink_install.cmake:320 (ament_cmake_symlink_install_directory)
[0.202s]   cmake_install.cmake:46 (include)
[0.202s] This warning is for project developers.  Use -Wno-dev to suppress it.
[0.202s] 
[0.202s] -- Symlinking: /home/gaurav/mrs_workspace/install/mrs_uav_managers/share/mrs_uav_managers/config/private/constraint_manager/constraint_manager.yaml
[0.210s] -- Symlinking: /home/gaurav/mrs_workspace/install/mrs_uav_managers/share/mrs_uav_managers/config/private/control_manager.yaml
[0.215s] -- Symlinking: /home/gaurav/mrs_workspace/install/mrs_uav_managers/share/mrs_uav_managers/config/private/controllers.yaml
[0.220s] -- Symlinking: /home/gaurav/mrs_workspace/install/mrs_uav_managers/share/mrs_uav_managers/config/private/estimation_manager/estimation_manager.yaml
[0.225s] -- Symlinking: /home/gaurav/mrs_workspace/install/mrs_uav_managers/share/mrs_uav_managers/config/private/estimators.yaml
[0.231s] -- Symlinking: /home/gaurav/mrs_workspace/install/mrs_uav_managers/share/mrs_uav_managers/config/private/gain_manager/gain_manager.yaml
[0.237s] -- Symlinking: /home/gaurav/mrs_workspace/install/mrs_uav_managers/share/mrs_uav_managers/config/private/gain_manager/log/COLCON_IGNORE
[0.243s] -- Symlinking: /home/gaurav/mrs_workspace/install/mrs_uav_managers/share/mrs_uav_managers/config/private/gain_manager/log/latest/logger_all.log
[0.249s] -- Symlinking: /home/gaurav/mrs_workspace/install/mrs_uav_managers/share/mrs_uav_managers/config/private/gain_manager/log/latest_list/logger_all.log
[0.256s] -- Symlinking: /home/gaurav/mrs_workspace/install/mrs_uav_managers/share/mrs_uav_managers/config/private/gain_manager/log/list_2025-07-14_09-21-00/logger_all.log
[0.262s] -- Symlinking: /home/gaurav/mrs_workspace/install/mrs_uav_managers/share/mrs_uav_managers/config/private/safety_area_manager.yaml
[0.269s] -- Symlinking: /home/gaurav/mrs_workspace/install/mrs_uav_managers/share/mrs_uav_managers/config/private/trackers.yaml
[0.274s] -- Symlinking: /home/gaurav/mrs_workspace/install/mrs_uav_managers/share/mrs_uav_managers/config/private/transform_manager/transform_manager.yaml
[0.279s] -- Symlinking: /home/gaurav/mrs_workspace/install/mrs_uav_managers/share/mrs_uav_managers/config/private/uav_manager.yaml
[0.285s] -- Symlinking: /home/gaurav/mrs_workspace/install/mrs_uav_managers/share/mrs_uav_managers/config/public/active_estimators.yaml
[0.290s] -- Symlinking: /home/gaurav/mrs_workspace/install/mrs_uav_managers/share/mrs_uav_managers/config/public/constraint_manager/constraint_manager.yaml
[0.297s] -- Symlinking: /home/gaurav/mrs_workspace/install/mrs_uav_managers/share/mrs_uav_managers/config/public/constraint_manager/constraints.yaml
[0.302s] -- Symlinking: /home/gaurav/mrs_workspace/install/mrs_uav_managers/share/mrs_uav_managers/config/public/control_manager.yaml
[0.309s] -- Symlinking: /home/gaurav/mrs_workspace/install/mrs_uav_managers/share/mrs_uav_managers/config/public/controllers.yaml
[0.314s] -- Symlinking: /home/gaurav/mrs_workspace/install/mrs_uav_managers/share/mrs_uav_managers/config/public/detailed_uav_dynamics_params.yaml
[0.319s] -- Symlinking: /home/gaurav/mrs_workspace/install/mrs_uav_managers/share/mrs_uav_managers/config/public/estimation_manager/estimation_manager.yaml
[0.324s] -- Symlinking: /home/gaurav/mrs_workspace/install/mrs_uav_managers/share/mrs_uav_managers/config/public/gain_manager/gain_manager.yaml
[0.330s] -- Symlinking: /home/gaurav/mrs_workspace/install/mrs_uav_managers/share/mrs_uav_managers/config/public/gain_manager/gains.yaml
[0.337s] -- Symlinking: /home/gaurav/mrs_workspace/install/mrs_uav_managers/share/mrs_uav_managers/config/public/transform_manager/transform_manager.yaml
[0.345s] -- Symlinking: /home/gaurav/mrs_workspace/install/mrs_uav_managers/share/mrs_uav_managers/config/public/uav_manager.yaml
[0.351s] -- Symlinking: /home/gaurav/mrs_workspace/install/mrs_uav_managers/share/mrs_uav_managers/environment/library_path.sh
[0.358s] -- Symlinking: /home/gaurav/mrs_workspace/install/mrs_uav_managers/share/mrs_uav_managers/environment/library_path.dsv
[0.363s] -- Symlinking: /home/gaurav/mrs_workspace/install/mrs_uav_managers/share/ament_index/resource_index/package_run_dependencies/mrs_uav_managers
[0.370s] -- Symlinking: /home/gaurav/mrs_workspace/install/mrs_uav_managers/share/ament_index/resource_index/parent_prefix_path/mrs_uav_managers
[0.378s] -- Symlinking: /home/gaurav/mrs_workspace/install/mrs_uav_managers/share/mrs_uav_managers/environment/ament_prefix_path.sh
[0.386s] -- Symlinking: /home/gaurav/mrs_workspace/install/mrs_uav_managers/share/mrs_uav_managers/environment/ament_prefix_path.dsv
[0.391s] -- Symlinking: /home/gaurav/mrs_workspace/install/mrs_uav_managers/share/mrs_uav_managers/environment/path.sh
[0.396s] -- Symlinking: /home/gaurav/mrs_workspace/install/mrs_uav_managers/share/mrs_uav_managers/environment/path.dsv
[0.401s] -- Symlinking: /home/gaurav/mrs_workspace/install/mrs_uav_managers/share/mrs_uav_managers/local_setup.bash
[0.406s] -- Symlinking: /home/gaurav/mrs_workspace/install/mrs_uav_managers/share/mrs_uav_managers/local_setup.sh
[0.411s] -- Symlinking: /home/gaurav/mrs_workspace/install/mrs_uav_managers/share/mrs_uav_managers/local_setup.zsh
[0.418s] -- Symlinking: /home/gaurav/mrs_workspace/install/mrs_uav_managers/share/mrs_uav_managers/local_setup.dsv
[0.424s] -- Symlinking: /home/gaurav/mrs_workspace/install/mrs_uav_managers/share/mrs_uav_managers/package.dsv
[0.430s] -- Symlinking: /home/gaurav/mrs_workspace/install/mrs_uav_managers/share/ament_index/resource_index/packages/mrs_uav_managers
[0.437s] -- Symlinking: /home/gaurav/mrs_workspace/install/mrs_uav_managers/share/ament_index/resource_index/mrs_uav_managers__pluginlib__plugin/mrs_uav_managers
[0.443s] -- Symlinking: /home/gaurav/mrs_workspace/install/mrs_uav_managers/share/ament_index/resource_index/rclcpp_components/mrs_uav_managers
[0.450s] -- Symlinking: /home/gaurav/mrs_workspace/install/mrs_uav_managers/share/mrs_uav_managers/cmake/ament_cmake_export_targets-extras.cmake
[0.454s] -- Symlinking: /home/gaurav/mrs_workspace/install/mrs_uav_managers/share/mrs_uav_managers/cmake/ament_cmake_export_include_directories-extras.cmake
[0.460s] -- Symlinking: /home/gaurav/mrs_workspace/install/mrs_uav_managers/share/mrs_uav_managers/cmake/ament_cmake_export_libraries-extras.cmake
[0.465s] -- Symlinking: /home/gaurav/mrs_workspace/install/mrs_uav_managers/share/mrs_uav_managers/cmake/ament_cmake_export_dependencies-extras.cmake
[0.471s] -- Symlinking: /home/gaurav/mrs_workspace/install/mrs_uav_managers/share/mrs_uav_managers/cmake/mrs_uav_managersConfig.cmake
[0.478s] -- Symlinking: /home/gaurav/mrs_workspace/install/mrs_uav_managers/share/mrs_uav_managers/cmake/mrs_uav_managersConfig-version.cmake
[0.483s] -- Symlinking: /home/gaurav/mrs_workspace/install/mrs_uav_managers/share/mrs_uav_managers/package.xml
[0.489s] -- Installing: /home/gaurav/mrs_workspace/install/mrs_uav_managers/include/mrs_uav_managers/control_manager/output_publisher.h
[0.490s] -- Installing: /home/gaurav/mrs_workspace/install/mrs_uav_managers/include/mrs_uav_managers/mrs_uav_managers/agl_estimator.h
[0.490s] -- Installing: /home/gaurav/mrs_workspace/install/mrs_uav_managers/include/mrs_uav_managers/mrs_uav_managers/controller.h
[0.490s] -- Installing: /home/gaurav/mrs_workspace/install/mrs_uav_managers/include/mrs_uav_managers/mrs_uav_managers/state_estimator.h
[0.490s] -- Installing: /home/gaurav/mrs_workspace/install/mrs_uav_managers/include/mrs_uav_managers/mrs_uav_managers/tracker.h
[0.490s] -- Installing: /home/gaurav/mrs_workspace/install/mrs_uav_managers/include/mrs_uav_managers/mrs_uav_managers/control_manager/common_handlers.h
[0.490s] -- Installing: /home/gaurav/mrs_workspace/install/mrs_uav_managers/include/mrs_uav_managers/mrs_uav_managers/control_manager/common.h
[0.490s] -- Installing: /home/gaurav/mrs_workspace/install/mrs_uav_managers/include/mrs_uav_managers/mrs_uav_managers/control_manager/private_handlers.h
[0.490s] -- Installing: /home/gaurav/mrs_workspace/install/mrs_uav_managers/include/mrs_uav_managers/mrs_uav_managers/estimation_manager/common_handlers.h
[0.490s] -- Installing: /home/gaurav/mrs_workspace/install/mrs_uav_managers/include/mrs_uav_managers/mrs_uav_managers/estimation_manager/estimator.h
[0.490s] -- Installing: /home/gaurav/mrs_workspace/install/mrs_uav_managers/include/mrs_uav_managers/mrs_uav_managers/estimation_manager/private_handlers.h
[0.490s] -- Installing: /home/gaurav/mrs_workspace/install/mrs_uav_managers/include/mrs_uav_managers/mrs_uav_managers/estimation_manager/support.h
[0.490s] -- Installing: /home/gaurav/mrs_workspace/install/mrs_uav_managers/include/mrs_uav_managers/mrs_uav_managers/estimation_manager/types.h
[0.490s] -- Installing: /home/gaurav/mrs_workspace/install/mrs_uav_managers/include/mrs_uav_managers/transform_manager/tf_mapping_origin.h
[0.490s] -- Installing: /home/gaurav/mrs_workspace/install/mrs_uav_managers/include/mrs_uav_managers/transform_manager/tf_source.h
[0.490s] -- Installing: /home/gaurav/mrs_workspace/install/mrs_uav_managers/lib/libMrsUavManagers_EstimationManager.so
[0.492s] -- Set non-toolchain portion of runtime path of "/home/gaurav/mrs_workspace/install/mrs_uav_managers/lib/libMrsUavManagers_EstimationManager.so" to ""
[0.492s] -- Installing: /home/gaurav/mrs_workspace/install/mrs_uav_managers/lib/libMrsUavManagers_TransformManager.so
[0.494s] -- Set non-toolchain portion of runtime path of "/home/gaurav/mrs_workspace/install/mrs_uav_managers/lib/libMrsUavManagers_TransformManager.so" to ""
[0.494s] -- Installing: /home/gaurav/mrs_workspace/install/mrs_uav_managers/lib/libMrsUavManagers_ControlManager.so
[0.499s] -- Set non-toolchain portion of runtime path of "/home/gaurav/mrs_workspace/install/mrs_uav_managers/lib/libMrsUavManagers_ControlManager.so" to ""
[0.499s] -- Installing: /home/gaurav/mrs_workspace/install/mrs_uav_managers/lib/libMrsUavManagers_NullTracker.so
[0.499s] -- Set non-toolchain portion of runtime path of "/home/gaurav/mrs_workspace/install/mrs_uav_managers/lib/libMrsUavManagers_NullTracker.so" to ""
[0.499s] -- Installing: /home/gaurav/mrs_workspace/install/mrs_uav_managers/lib/libMrsUavManagers_UavManager.so
[0.502s] -- Set non-toolchain portion of runtime path of "/home/gaurav/mrs_workspace/install/mrs_uav_managers/lib/libMrsUavManagers_UavManager.so" to ""
[0.502s] -- Installing: /home/gaurav/mrs_workspace/install/mrs_uav_managers/lib/libMrsUavManagers_ConstraintManager.so
[0.503s] -- Set non-toolchain portion of runtime path of "/home/gaurav/mrs_workspace/install/mrs_uav_managers/lib/libMrsUavManagers_ConstraintManager.so" to ""
[0.503s] -- Installing: /home/gaurav/mrs_workspace/install/mrs_uav_managers/lib/libMrsUavManagers_GainManager.so
[0.504s] -- Set non-toolchain portion of runtime path of "/home/gaurav/mrs_workspace/install/mrs_uav_managers/lib/libMrsUavManagers_GainManager.so" to ""
[0.504s] -- Installing: /home/gaurav/mrs_workspace/install/mrs_uav_managers/lib/libMrsUavManagers_SafetyAreaManager.so
[0.506s] -- Set non-toolchain portion of runtime path of "/home/gaurav/mrs_workspace/install/mrs_uav_managers/lib/libMrsUavManagers_SafetyAreaManager.so" to ""
[0.506s] -- Installing: /home/gaurav/mrs_workspace/install/mrs_uav_managers/lib/mrs_uav_managers/scripts
[0.506s] -- Installing: /home/gaurav/mrs_workspace/install/mrs_uav_managers/lib/mrs_uav_managers/scripts/get_public_params.py
[0.506s] -- Installing: /home/gaurav/mrs_workspace/install/mrs_uav_managers/share/mrs_uav_managers/cmake/export_mrs_uav_managersExport.cmake
[0.506s] -- Installing: /home/gaurav/mrs_workspace/install/mrs_uav_managers/share/mrs_uav_managers/cmake/export_mrs_uav_managersExport-release.cmake
[0.507s] Invoked command in '/home/gaurav/mrs_workspace/build/mrs_uav_managers' returned '0': CMAKE_PREFIX_PATH=/home/gaurav/mrs_workspace/install/mrs_uav_hw_api:/home/gaurav/mrs_workspace/install/mrs_uav_testing:/home/gaurav/mrs_workspace/install/mrs_lib:/home/gaurav/mrs_workspace/install/mrs_msgs:/home/gaurav/mrs_workspace/install/mrs_uav_system_full:/home/gaurav/mrs_workspace/install/mrs_uav_system:/home/gaurav/mrs_workspace/install/mrs_uav_core:/home/gaurav/mrs_workspace/install/mrs_uav_trajectory_generation:/home/gaurav/mrs_workspace/install/mrs_uav_trackers:/home/gaurav/mrs_workspace/install/mrs_uav_state_estimators:/home/gaurav/mrs_workspace/install/mrs_uav_controllers:/home/gaurav/mrs_workspace/install/mrs_uav_managers:/home/gaurav/mrs_workspace/install/mrs_multirotor_simulator:/home/gaurav/mrs_workspace/install/mrs_uav_autostart:/home/gaurav/mrs_workspace/install/mrs_uav_status:/home/gaurav/mrs_workspace/install/mrs_uav_modules:/home/gaurav/mrs_workspace/install/mrs_serial:/home/gaurav/mrs_workspace/install/mrs_rviz_plugins:/home/gaurav/mrs_workspace/install/mrs_modules_msgs:/opt/ros/jazzy/opt/gz_math_vendor:/opt/ros/jazzy/opt/gz_utils_vendor:/opt/ros/jazzy/opt/gz_cmake_vendor:/opt/ros/jazzy DEBUGINFOD_URLS=https://debuginfod.ubuntu.com LD_LIBRARY_PATH=/home/gaurav/mrs_workspace/install/mrs_uav_hw_api/lib:/home/gaurav/mrs_workspace/install/mrs_lib/lib:/home/gaurav/mrs_workspace/install/mrs_msgs/lib:/home/gaurav/mrs_workspace/install/mrs_uav_trajectory_generation/lib:/home/gaurav/mrs_workspace/install/mrs_uav_trackers/lib:/home/gaurav/mrs_workspace/install/mrs_uav_state_estimators/lib:/home/gaurav/mrs_workspace/install/mrs_uav_controllers/lib:/home/gaurav/mrs_workspace/install/mrs_uav_managers/lib:/home/gaurav/mrs_workspace/install/mrs_multirotor_simulator/lib:/home/gaurav/mrs_workspace/install/mrs_uav_autostart/lib:/home/gaurav/mrs_workspace/install/mrs_uav_testing/lib:/home/gaurav/mrs_workspace/install/mrs_uav_status/lib:/home/gaurav/mrs_workspace/install/mrs_serial/lib:/home/gaurav/mrs_workspace/install/mrs_rviz_plugins/lib:/home/gaurav/mrs_workspace/install/mrs_modules_msgs/lib:/opt/ros/jazzy/opt/zenoh_cpp_vendor/lib:/opt/ros/jazzy/opt/rviz_ogre_vendor/lib:/opt/ros/jazzy/lib/x86_64-linux-gnu:/opt/ros/jazzy/opt/gz_math_vendor/lib:/opt/ros/jazzy/opt/gz_utils_vendor/lib:/opt/ros/jazzy/opt/gz_cmake_vendor/lib:/opt/ros/jazzy/lib /usr/bin/cmake --install /home/gaurav/mrs_workspace/build/mrs_uav_managers
