-- The C compiler identification is GNU 13.3.0
-- The CXX compiler identification is GNU 13.3.0
-- Detecting C compiler ABI info
-- Detecting C compiler ABI info - done
-- Check for working C compiler: /usr/bin/cc - skipped
-- Detecting C compile features
-- Detecting C compile features - done
-- Detecting CXX compiler ABI info
-- Detecting CXX compiler ABI info - done
-- Check for working CXX compiler: /usr/bin/c++ - skipped
-- Detecting CXX compile features
-- Detecting CXX compile features - done
-- Found rclcpp: 28.1.13 (/opt/ros/jazzy/share/rclcpp/cmake)
-- Found Python3: /usr/bin/python3 (found version "3.12.3") found components: Interpreter 
-- Override CMake install command with custom implementation using symlinks instead of copying resources
-- Found rosidl_generator_c: 4.6.6 (/opt/ros/jazzy/share/rosidl_generator_c/cmake)
-- Found rosidl_generator_cpp: 4.6.6 (/opt/ros/jazzy/share/rosidl_generator_cpp/cmake)
-- Using all available rosidl_typesupport_c: rosidl_typesupport_fastrtps_c;rosidl_typesupport_introspection_c
-- Using all available rosidl_typesupport_cpp: rosidl_typesupport_fastrtps_cpp;rosidl_typesupport_introspection_cpp
-- Found rmw_implementation_cmake: 7.3.2 (/opt/ros/jazzy/share/rmw_implementation_cmake/cmake)
-- Found rmw_fastrtps_cpp: 8.4.3 (/opt/ros/jazzy/share/rmw_fastrtps_cpp/cmake)
-- Found OpenSSL: /usr/lib/x86_64-linux-gnu/libcrypto.so (found version "3.0.13")  
-- Found FastRTPS: /opt/ros/jazzy/include (Required is at least version "2.13") 
-- Using RMW implementation 'rmw_fastrtps_cpp' as default
-- Found rclcpp_components: 28.1.13 (/opt/ros/jazzy/share/rclcpp_components/cmake)
-- Found mrs_msgs: 2.0.0 (/home/gaurav/mrs_workspace/install/mrs_msgs/share/mrs_msgs/cmake)
-- Found mrs_lib: 2.0.0 (/home/gaurav/mrs_workspace/install/mrs_lib/share/mrs_lib/cmake)
-- Found eigen3_cmake_module: 0.3.0 (/opt/ros/jazzy/share/eigen3_cmake_module/cmake)
-- Found Eigen3: TRUE (found version "3.4.0") 
-- Ensuring Eigen3 include directory is part of orocos-kdl CMake target
-- Found pluginlib: 5.4.3 (/opt/ros/jazzy/share/pluginlib/cmake)
-- Found mrs_uav_managers: 2.0.0 (/home/gaurav/mrs_workspace/install/mrs_uav_managers/share/mrs_uav_managers/cmake)
-- Found mrs_mpc_solvers: 1.0.0 (/opt/ros/jazzy/share/mrs_mpc_solvers/cmake)
-- Configuring done (1.0s)
-- Generating done (0.0s)
-- Build files have been written to: /home/gaurav/mrs_workspace/build/mrs_uav_controllers
[  8%] Building CXX object CMakeFiles/MrsUavControllers_Se3Controller.dir/src/se3_controller.cpp.o
[ 16%] Building CXX object CMakeFiles/MrsUavControllers_MpcController.dir/src/common.cpp.o
[ 25%] Building CXX object CMakeFiles/MrsUavControllers_MidairActivationController.dir/src/midair_activation_controller.cpp.o
[ 33%] Building CXX object CMakeFiles/MrsUavControllers_FailsafeController.dir/src/failsafe_controller.cpp.o
[ 50%] Building CXX object CMakeFiles/MrsUavControllers_Se3Controller.dir/src/common.cpp.o
[ 50%] Building CXX object CMakeFiles/MrsUavControllers_FailsafeController.dir/src/common.cpp.o
[ 58%] Building CXX object CMakeFiles/MrsUavControllers_MpcController.dir/src/mpc_controller.cpp.o
[ 66%] Building CXX object CMakeFiles/MrsUavControllers_MidairActivationController.dir/src/common.cpp.o
[ 75%] Linking CXX shared library libMrsUavControllers_MidairActivationController.so
[ 75%] Built target MrsUavControllers_MidairActivationController
[ 83%] Linking CXX shared library libMrsUavControllers_FailsafeController.so
[ 83%] Built target MrsUavControllers_FailsafeController
[ 91%] Linking CXX shared library libMrsUavControllers_MpcController.so
[ 91%] Built target MrsUavControllers_MpcController
[100%] Linking CXX shared library libMrsUavControllers_Se3Controller.so
[100%] Built target MrsUavControllers_Se3Controller
-- Install configuration: "Release"
-- Execute custom install script
-- Symlinking: /home/gaurav/mrs_workspace/install/mrs_uav_controllers/share/mrs_uav_controllers//plugins.xml
-- Symlinking: /home/gaurav/mrs_workspace/install/mrs_uav_controllers/share/mrs_uav_controllers/environment/library_path.sh
-- Symlinking: /home/gaurav/mrs_workspace/install/mrs_uav_controllers/share/mrs_uav_controllers/environment/library_path.dsv
-- Symlinking: /home/gaurav/mrs_workspace/install/mrs_uav_controllers/./include/common.h
-- Symlinking: /home/gaurav/mrs_workspace/install/mrs_uav_controllers/./include/pid.hpp
-- Symlinking: /home/gaurav/mrs_workspace/install/mrs_uav_controllers/share/mrs_uav_controllers/config/private/emergency_controller.yaml
-- Symlinking: /home/gaurav/mrs_workspace/install/mrs_uav_controllers/share/mrs_uav_controllers/config/private/failsafe_controller.yaml
-- Symlinking: /home/gaurav/mrs_workspace/install/mrs_uav_controllers/share/mrs_uav_controllers/config/private/midair_activation_controller.yaml
-- Symlinking: /home/gaurav/mrs_workspace/install/mrs_uav_controllers/share/mrs_uav_controllers/config/private/mpc_controller.yaml
-- Symlinking: /home/gaurav/mrs_workspace/install/mrs_uav_controllers/share/mrs_uav_controllers/config/private/se3_controller.yaml
-- Symlinking: /home/gaurav/mrs_workspace/install/mrs_uav_controllers/share/mrs_uav_controllers/config/public/emergency_controller.yaml
-- Symlinking: /home/gaurav/mrs_workspace/install/mrs_uav_controllers/share/mrs_uav_controllers/config/public/failsafe_controller.yaml
-- Symlinking: /home/gaurav/mrs_workspace/install/mrs_uav_controllers/share/mrs_uav_controllers/config/public/midair_activation_controller.yaml
-- Symlinking: /home/gaurav/mrs_workspace/install/mrs_uav_controllers/share/mrs_uav_controllers/config/public/mpc_controller.yaml
-- Symlinking: /home/gaurav/mrs_workspace/install/mrs_uav_controllers/share/mrs_uav_controllers/config/public/se3_controller.yaml
-- Symlinking: /home/gaurav/mrs_workspace/install/mrs_uav_controllers/share/ament_index/resource_index/package_run_dependencies/mrs_uav_controllers
-- Symlinking: /home/gaurav/mrs_workspace/install/mrs_uav_controllers/share/ament_index/resource_index/parent_prefix_path/mrs_uav_controllers
-- Symlinking: /home/gaurav/mrs_workspace/install/mrs_uav_controllers/share/mrs_uav_controllers/environment/ament_prefix_path.sh
-- Symlinking: /home/gaurav/mrs_workspace/install/mrs_uav_controllers/share/mrs_uav_controllers/environment/ament_prefix_path.dsv
-- Symlinking: /home/gaurav/mrs_workspace/install/mrs_uav_controllers/share/mrs_uav_controllers/environment/path.sh
-- Symlinking: /home/gaurav/mrs_workspace/install/mrs_uav_controllers/share/mrs_uav_controllers/environment/path.dsv
-- Symlinking: /home/gaurav/mrs_workspace/install/mrs_uav_controllers/share/mrs_uav_controllers/local_setup.bash
-- Symlinking: /home/gaurav/mrs_workspace/install/mrs_uav_controllers/share/mrs_uav_controllers/local_setup.sh
-- Symlinking: /home/gaurav/mrs_workspace/install/mrs_uav_controllers/share/mrs_uav_controllers/local_setup.zsh
-- Symlinking: /home/gaurav/mrs_workspace/install/mrs_uav_controllers/share/mrs_uav_controllers/local_setup.dsv
-- Symlinking: /home/gaurav/mrs_workspace/install/mrs_uav_controllers/share/mrs_uav_controllers/package.dsv
-- Symlinking: /home/gaurav/mrs_workspace/install/mrs_uav_controllers/share/ament_index/resource_index/packages/mrs_uav_controllers
-- Symlinking: /home/gaurav/mrs_workspace/install/mrs_uav_controllers/share/ament_index/resource_index/mrs_uav_managers__pluginlib__plugin/mrs_uav_controllers
-- Symlinking: /home/gaurav/mrs_workspace/install/mrs_uav_controllers/share/mrs_uav_controllers/cmake/ament_cmake_export_libraries-extras.cmake
-- Symlinking: /home/gaurav/mrs_workspace/install/mrs_uav_controllers/share/mrs_uav_controllers/cmake/ament_cmake_export_include_directories-extras.cmake
-- Symlinking: /home/gaurav/mrs_workspace/install/mrs_uav_controllers/share/mrs_uav_controllers/cmake/ament_cmake_export_targets-extras.cmake
-- Symlinking: /home/gaurav/mrs_workspace/install/mrs_uav_controllers/share/mrs_uav_controllers/cmake/ament_cmake_export_dependencies-extras.cmake
-- Symlinking: /home/gaurav/mrs_workspace/install/mrs_uav_controllers/share/mrs_uav_controllers/cmake/mrs_uav_controllersConfig.cmake
-- Symlinking: /home/gaurav/mrs_workspace/install/mrs_uav_controllers/share/mrs_uav_controllers/cmake/mrs_uav_controllersConfig-version.cmake
-- Symlinking: /home/gaurav/mrs_workspace/install/mrs_uav_controllers/share/mrs_uav_controllers/package.xml
-- Installing: /home/gaurav/mrs_workspace/install/mrs_uav_controllers/lib/libMrsUavControllers_MpcController.so
-- Set non-toolchain portion of runtime path of "/home/gaurav/mrs_workspace/install/mrs_uav_controllers/lib/libMrsUavControllers_MpcController.so" to ""
-- Installing: /home/gaurav/mrs_workspace/install/mrs_uav_controllers/lib/libMrsUavControllers_Se3Controller.so
-- Set non-toolchain portion of runtime path of "/home/gaurav/mrs_workspace/install/mrs_uav_controllers/lib/libMrsUavControllers_Se3Controller.so" to ""
-- Installing: /home/gaurav/mrs_workspace/install/mrs_uav_controllers/lib/libMrsUavControllers_FailsafeController.so
-- Set non-toolchain portion of runtime path of "/home/gaurav/mrs_workspace/install/mrs_uav_controllers/lib/libMrsUavControllers_FailsafeController.so" to ""
-- Installing: /home/gaurav/mrs_workspace/install/mrs_uav_controllers/lib/libMrsUavControllers_MidairActivationController.so
-- Set non-toolchain portion of runtime path of "/home/gaurav/mrs_workspace/install/mrs_uav_controllers/lib/libMrsUavControllers_MidairActivationController.so" to ""
-- Installing: /home/gaurav/mrs_workspace/install/mrs_uav_controllers/lib/mrs_uav_controllers/scripts
-- Installing: /home/gaurav/mrs_workspace/install/mrs_uav_controllers/lib/mrs_uav_controllers/scripts/get_public_params.py
-- Installing: /home/gaurav/mrs_workspace/install/mrs_uav_controllers/share/mrs_uav_controllers/cmake/export_mrs_uav_controllersExport.cmake
-- Installing: /home/gaurav/mrs_workspace/install/mrs_uav_controllers/share/mrs_uav_controllers/cmake/export_mrs_uav_controllersExport-release.cmake
