[0.013s] Invoking command in '/home/gaurav/mrs_workspace/build/mrs_uav_controllers': CMAKE_PREFIX_PATH=/home/gaurav/mrs_workspace/install/mrs_uav_managers:/home/gaurav/mrs_workspace/install/mrs_uav_hw_api:/home/gaurav/mrs_workspace/install/mrs_uav_testing:/home/gaurav/mrs_workspace/install/mrs_lib:/home/gaurav/mrs_workspace/install/mrs_msgs:/home/gaurav/mrs_workspace/install/mrs_uav_system_full:/home/gaurav/mrs_workspace/install/mrs_uav_system:/home/gaurav/mrs_workspace/install/mrs_uav_core:/home/gaurav/mrs_workspace/install/mrs_uav_trajectory_generation:/home/gaurav/mrs_workspace/install/mrs_uav_trackers:/home/gaurav/mrs_workspace/install/mrs_uav_state_estimators:/home/gaurav/mrs_workspace/install/mrs_uav_controllers:/home/gaurav/mrs_workspace/install/mrs_multirotor_simulator:/home/gaurav/mrs_workspace/install/mrs_uav_autostart:/home/gaurav/mrs_workspace/install/mrs_uav_status:/home/gaurav/mrs_workspace/install/mrs_uav_modules:/home/gaurav/mrs_workspace/install/mrs_serial:/home/gaurav/mrs_workspace/install/mrs_rviz_plugins:/home/gaurav/mrs_workspace/install/mrs_modules_msgs:/opt/ros/jazzy/opt/gz_math_vendor:/opt/ros/jazzy/opt/gz_utils_vendor:/opt/ros/jazzy/opt/gz_cmake_vendor:/opt/ros/jazzy DEBUGINFOD_URLS=https://debuginfod.ubuntu.com LD_LIBRARY_PATH=/home/gaurav/mrs_workspace/install/mrs_uav_managers/lib:/home/gaurav/mrs_workspace/install/mrs_uav_hw_api/lib:/home/gaurav/mrs_workspace/install/mrs_lib/lib:/home/gaurav/mrs_workspace/install/mrs_msgs/lib:/home/gaurav/mrs_workspace/install/mrs_uav_trajectory_generation/lib:/home/gaurav/mrs_workspace/install/mrs_uav_trackers/lib:/home/gaurav/mrs_workspace/install/mrs_uav_state_estimators/lib:/home/gaurav/mrs_workspace/install/mrs_uav_controllers/lib:/home/gaurav/mrs_workspace/install/mrs_multirotor_simulator/lib:/home/gaurav/mrs_workspace/install/mrs_uav_autostart/lib:/home/gaurav/mrs_workspace/install/mrs_uav_testing/lib:/home/gaurav/mrs_workspace/install/mrs_uav_status/lib:/home/gaurav/mrs_workspace/install/mrs_serial/lib:/home/gaurav/mrs_workspace/install/mrs_rviz_plugins/lib:/home/gaurav/mrs_workspace/install/mrs_modules_msgs/lib:/opt/ros/jazzy/opt/zenoh_cpp_vendor/lib:/opt/ros/jazzy/opt/rviz_ogre_vendor/lib:/opt/ros/jazzy/lib/x86_64-linux-gnu:/opt/ros/jazzy/opt/gz_math_vendor/lib:/opt/ros/jazzy/opt/gz_utils_vendor/lib:/opt/ros/jazzy/opt/gz_cmake_vendor/lib:/opt/ros/jazzy/lib /usr/bin/cmake /home/gaurav/mrs_workspace/src/mrs_uav_core/ros_packages/mrs_uav_controllers -DCMAKE_BUILD_TYPE=Release -DAMENT_CMAKE_SYMLINK_INSTALL=1 -DCMAKE_INSTALL_PREFIX=/home/gaurav/mrs_workspace/install/mrs_uav_controllers
[0.052s] -- The C compiler identification is GNU 13.3.0
[0.090s] -- The CXX compiler identification is GNU 13.3.0
[0.103s] -- Detecting C compiler ABI info
[0.157s] -- Detecting C compiler ABI info - done
[0.163s] -- Check for working C compiler: /usr/bin/cc - skipped
[0.163s] -- Detecting C compile features
[0.163s] -- Detecting C compile features - done
[0.170s] -- Detecting CXX compiler ABI info
[0.250s] -- Detecting CXX compiler ABI info - done
[0.256s] -- Check for working CXX compiler: /usr/bin/c++ - skipped
[0.256s] -- Detecting CXX compile features
[0.256s] -- Detecting CXX compile features - done
[0.258s] -- Found rclcpp: 28.1.13 (/opt/ros/jazzy/share/rclcpp/cmake)
[0.363s] -- Found Python3: /usr/bin/python3 (found version "3.12.3") found components: Interpreter 
[0.413s] -- Override CMake install command with custom implementation using symlinks instead of copying resources
[0.464s] -- Found rosidl_generator_c: 4.6.6 (/opt/ros/jazzy/share/rosidl_generator_c/cmake)
[0.473s] -- Found rosidl_generator_cpp: 4.6.6 (/opt/ros/jazzy/share/rosidl_generator_cpp/cmake)
[0.484s] -- Using all available rosidl_typesupport_c: rosidl_typesupport_fastrtps_c;rosidl_typesupport_introspection_c
[0.496s] -- Using all available rosidl_typesupport_cpp: rosidl_typesupport_fastrtps_cpp;rosidl_typesupport_introspection_cpp
[0.545s] -- Found rmw_implementation_cmake: 7.3.2 (/opt/ros/jazzy/share/rmw_implementation_cmake/cmake)
[0.547s] -- Found rmw_fastrtps_cpp: 8.4.3 (/opt/ros/jazzy/share/rmw_fastrtps_cpp/cmake)
[0.599s] -- Found OpenSSL: /usr/lib/x86_64-linux-gnu/libcrypto.so (found version "3.0.13")  
[0.615s] -- Found FastRTPS: /opt/ros/jazzy/include (Required is at least version "2.13") 
[0.634s] -- Using RMW implementation 'rmw_fastrtps_cpp' as default
[0.682s] -- Found rclcpp_components: 28.1.13 (/opt/ros/jazzy/share/rclcpp_components/cmake)
[0.705s] -- Found mrs_msgs: 2.0.0 (/home/gaurav/mrs_workspace/install/mrs_msgs/share/mrs_msgs/cmake)
[0.766s] -- Found mrs_lib: 2.0.0 (/home/gaurav/mrs_workspace/install/mrs_lib/share/mrs_lib/cmake)
[0.802s] -- Found eigen3_cmake_module: 0.3.0 (/opt/ros/jazzy/share/eigen3_cmake_module/cmake)
[0.803s] -- Found Eigen3: TRUE (found version "3.4.0") 
[0.803s] -- Ensuring Eigen3 include directory is part of orocos-kdl CMake target
[0.901s] -- Found pluginlib: 5.4.3 (/opt/ros/jazzy/share/pluginlib/cmake)
[0.903s] -- Found mrs_uav_managers: 2.0.0 (/home/gaurav/mrs_workspace/install/mrs_uav_managers/share/mrs_uav_managers/cmake)
[0.949s] -- Found mrs_mpc_solvers: 1.0.0 (/opt/ros/jazzy/share/mrs_mpc_solvers/cmake)
[1.034s] -- Configuring done (1.0s)
[1.064s] -- Generating done (0.0s)
[1.071s] -- Build files have been written to: /home/gaurav/mrs_workspace/build/mrs_uav_controllers
[1.079s] Invoked command in '/home/gaurav/mrs_workspace/build/mrs_uav_controllers' returned '0': CMAKE_PREFIX_PATH=/home/gaurav/mrs_workspace/install/mrs_uav_managers:/home/gaurav/mrs_workspace/install/mrs_uav_hw_api:/home/gaurav/mrs_workspace/install/mrs_uav_testing:/home/gaurav/mrs_workspace/install/mrs_lib:/home/gaurav/mrs_workspace/install/mrs_msgs:/home/gaurav/mrs_workspace/install/mrs_uav_system_full:/home/gaurav/mrs_workspace/install/mrs_uav_system:/home/gaurav/mrs_workspace/install/mrs_uav_core:/home/gaurav/mrs_workspace/install/mrs_uav_trajectory_generation:/home/gaurav/mrs_workspace/install/mrs_uav_trackers:/home/gaurav/mrs_workspace/install/mrs_uav_state_estimators:/home/gaurav/mrs_workspace/install/mrs_uav_controllers:/home/gaurav/mrs_workspace/install/mrs_multirotor_simulator:/home/gaurav/mrs_workspace/install/mrs_uav_autostart:/home/gaurav/mrs_workspace/install/mrs_uav_status:/home/gaurav/mrs_workspace/install/mrs_uav_modules:/home/gaurav/mrs_workspace/install/mrs_serial:/home/gaurav/mrs_workspace/install/mrs_rviz_plugins:/home/gaurav/mrs_workspace/install/mrs_modules_msgs:/opt/ros/jazzy/opt/gz_math_vendor:/opt/ros/jazzy/opt/gz_utils_vendor:/opt/ros/jazzy/opt/gz_cmake_vendor:/opt/ros/jazzy DEBUGINFOD_URLS=https://debuginfod.ubuntu.com LD_LIBRARY_PATH=/home/gaurav/mrs_workspace/install/mrs_uav_managers/lib:/home/gaurav/mrs_workspace/install/mrs_uav_hw_api/lib:/home/gaurav/mrs_workspace/install/mrs_lib/lib:/home/gaurav/mrs_workspace/install/mrs_msgs/lib:/home/gaurav/mrs_workspace/install/mrs_uav_trajectory_generation/lib:/home/gaurav/mrs_workspace/install/mrs_uav_trackers/lib:/home/gaurav/mrs_workspace/install/mrs_uav_state_estimators/lib:/home/gaurav/mrs_workspace/install/mrs_uav_controllers/lib:/home/gaurav/mrs_workspace/install/mrs_multirotor_simulator/lib:/home/gaurav/mrs_workspace/install/mrs_uav_autostart/lib:/home/gaurav/mrs_workspace/install/mrs_uav_testing/lib:/home/gaurav/mrs_workspace/install/mrs_uav_status/lib:/home/gaurav/mrs_workspace/install/mrs_serial/lib:/home/gaurav/mrs_workspace/install/mrs_rviz_plugins/lib:/home/gaurav/mrs_workspace/install/mrs_modules_msgs/lib:/opt/ros/jazzy/opt/zenoh_cpp_vendor/lib:/opt/ros/jazzy/opt/rviz_ogre_vendor/lib:/opt/ros/jazzy/lib/x86_64-linux-gnu:/opt/ros/jazzy/opt/gz_math_vendor/lib:/opt/ros/jazzy/opt/gz_utils_vendor/lib:/opt/ros/jazzy/opt/gz_cmake_vendor/lib:/opt/ros/jazzy/lib /usr/bin/cmake /home/gaurav/mrs_workspace/src/mrs_uav_core/ros_packages/mrs_uav_controllers -DCMAKE_BUILD_TYPE=Release -DAMENT_CMAKE_SYMLINK_INSTALL=1 -DCMAKE_INSTALL_PREFIX=/home/gaurav/mrs_workspace/install/mrs_uav_controllers
[1.080s] Invoking command in '/home/gaurav/mrs_workspace/build/mrs_uav_controllers': CMAKE_PREFIX_PATH=/home/gaurav/mrs_workspace/install/mrs_uav_managers:/home/gaurav/mrs_workspace/install/mrs_uav_hw_api:/home/gaurav/mrs_workspace/install/mrs_uav_testing:/home/gaurav/mrs_workspace/install/mrs_lib:/home/gaurav/mrs_workspace/install/mrs_msgs:/home/gaurav/mrs_workspace/install/mrs_uav_system_full:/home/gaurav/mrs_workspace/install/mrs_uav_system:/home/gaurav/mrs_workspace/install/mrs_uav_core:/home/gaurav/mrs_workspace/install/mrs_uav_trajectory_generation:/home/gaurav/mrs_workspace/install/mrs_uav_trackers:/home/gaurav/mrs_workspace/install/mrs_uav_state_estimators:/home/gaurav/mrs_workspace/install/mrs_uav_controllers:/home/gaurav/mrs_workspace/install/mrs_multirotor_simulator:/home/gaurav/mrs_workspace/install/mrs_uav_autostart:/home/gaurav/mrs_workspace/install/mrs_uav_status:/home/gaurav/mrs_workspace/install/mrs_uav_modules:/home/gaurav/mrs_workspace/install/mrs_serial:/home/gaurav/mrs_workspace/install/mrs_rviz_plugins:/home/gaurav/mrs_workspace/install/mrs_modules_msgs:/opt/ros/jazzy/opt/gz_math_vendor:/opt/ros/jazzy/opt/gz_utils_vendor:/opt/ros/jazzy/opt/gz_cmake_vendor:/opt/ros/jazzy DEBUGINFOD_URLS=https://debuginfod.ubuntu.com LD_LIBRARY_PATH=/home/gaurav/mrs_workspace/install/mrs_uav_managers/lib:/home/gaurav/mrs_workspace/install/mrs_uav_hw_api/lib:/home/gaurav/mrs_workspace/install/mrs_lib/lib:/home/gaurav/mrs_workspace/install/mrs_msgs/lib:/home/gaurav/mrs_workspace/install/mrs_uav_trajectory_generation/lib:/home/gaurav/mrs_workspace/install/mrs_uav_trackers/lib:/home/gaurav/mrs_workspace/install/mrs_uav_state_estimators/lib:/home/gaurav/mrs_workspace/install/mrs_uav_controllers/lib:/home/gaurav/mrs_workspace/install/mrs_multirotor_simulator/lib:/home/gaurav/mrs_workspace/install/mrs_uav_autostart/lib:/home/gaurav/mrs_workspace/install/mrs_uav_testing/lib:/home/gaurav/mrs_workspace/install/mrs_uav_status/lib:/home/gaurav/mrs_workspace/install/mrs_serial/lib:/home/gaurav/mrs_workspace/install/mrs_rviz_plugins/lib:/home/gaurav/mrs_workspace/install/mrs_modules_msgs/lib:/opt/ros/jazzy/opt/zenoh_cpp_vendor/lib:/opt/ros/jazzy/opt/rviz_ogre_vendor/lib:/opt/ros/jazzy/lib/x86_64-linux-gnu:/opt/ros/jazzy/opt/gz_math_vendor/lib:/opt/ros/jazzy/opt/gz_utils_vendor/lib:/opt/ros/jazzy/opt/gz_cmake_vendor/lib:/opt/ros/jazzy/lib /usr/bin/cmake --build /home/gaurav/mrs_workspace/build/mrs_uav_controllers -- -j20 -l20
[1.116s] [  8%] Building CXX object CMakeFiles/MrsUavControllers_Se3Controller.dir/src/se3_controller.cpp.o
[1.116s] [ 16%] Building CXX object CMakeFiles/MrsUavControllers_MpcController.dir/src/common.cpp.o
[1.116s] [ 25%] Building CXX object CMakeFiles/MrsUavControllers_MidairActivationController.dir/src/midair_activation_controller.cpp.o
[1.116s] [ 33%] Building CXX object CMakeFiles/MrsUavControllers_FailsafeController.dir/src/failsafe_controller.cpp.o
[1.117s] [ 50%] Building CXX object CMakeFiles/MrsUavControllers_Se3Controller.dir/src/common.cpp.o
[1.117s] [ 50%] Building CXX object CMakeFiles/MrsUavControllers_FailsafeController.dir/src/common.cpp.o
[1.117s] [ 58%] Building CXX object CMakeFiles/MrsUavControllers_MpcController.dir/src/mpc_controller.cpp.o
[1.118s] [ 66%] Building CXX object CMakeFiles/MrsUavControllers_MidairActivationController.dir/src/common.cpp.o
[14.343s] [ 75%] Linking CXX shared library libMrsUavControllers_MidairActivationController.so
[14.485s] [ 75%] Built target MrsUavControllers_MidairActivationController
[16.813s] [ 83%] Linking CXX shared library libMrsUavControllers_FailsafeController.so
[16.991s] [ 83%] Built target MrsUavControllers_FailsafeController
[20.184s] [ 91%] Linking CXX shared library libMrsUavControllers_MpcController.so
[20.381s] [ 91%] Built target MrsUavControllers_MpcController
[23.087s] [100%] Linking CXX shared library libMrsUavControllers_Se3Controller.so
[23.288s] [100%] Built target MrsUavControllers_Se3Controller
[23.297s] Invoked command in '/home/gaurav/mrs_workspace/build/mrs_uav_controllers' returned '0': CMAKE_PREFIX_PATH=/home/gaurav/mrs_workspace/install/mrs_uav_managers:/home/gaurav/mrs_workspace/install/mrs_uav_hw_api:/home/gaurav/mrs_workspace/install/mrs_uav_testing:/home/gaurav/mrs_workspace/install/mrs_lib:/home/gaurav/mrs_workspace/install/mrs_msgs:/home/gaurav/mrs_workspace/install/mrs_uav_system_full:/home/gaurav/mrs_workspace/install/mrs_uav_system:/home/gaurav/mrs_workspace/install/mrs_uav_core:/home/gaurav/mrs_workspace/install/mrs_uav_trajectory_generation:/home/gaurav/mrs_workspace/install/mrs_uav_trackers:/home/gaurav/mrs_workspace/install/mrs_uav_state_estimators:/home/gaurav/mrs_workspace/install/mrs_uav_controllers:/home/gaurav/mrs_workspace/install/mrs_multirotor_simulator:/home/gaurav/mrs_workspace/install/mrs_uav_autostart:/home/gaurav/mrs_workspace/install/mrs_uav_status:/home/gaurav/mrs_workspace/install/mrs_uav_modules:/home/gaurav/mrs_workspace/install/mrs_serial:/home/gaurav/mrs_workspace/install/mrs_rviz_plugins:/home/gaurav/mrs_workspace/install/mrs_modules_msgs:/opt/ros/jazzy/opt/gz_math_vendor:/opt/ros/jazzy/opt/gz_utils_vendor:/opt/ros/jazzy/opt/gz_cmake_vendor:/opt/ros/jazzy DEBUGINFOD_URLS=https://debuginfod.ubuntu.com LD_LIBRARY_PATH=/home/gaurav/mrs_workspace/install/mrs_uav_managers/lib:/home/gaurav/mrs_workspace/install/mrs_uav_hw_api/lib:/home/gaurav/mrs_workspace/install/mrs_lib/lib:/home/gaurav/mrs_workspace/install/mrs_msgs/lib:/home/gaurav/mrs_workspace/install/mrs_uav_trajectory_generation/lib:/home/gaurav/mrs_workspace/install/mrs_uav_trackers/lib:/home/gaurav/mrs_workspace/install/mrs_uav_state_estimators/lib:/home/gaurav/mrs_workspace/install/mrs_uav_controllers/lib:/home/gaurav/mrs_workspace/install/mrs_multirotor_simulator/lib:/home/gaurav/mrs_workspace/install/mrs_uav_autostart/lib:/home/gaurav/mrs_workspace/install/mrs_uav_testing/lib:/home/gaurav/mrs_workspace/install/mrs_uav_status/lib:/home/gaurav/mrs_workspace/install/mrs_serial/lib:/home/gaurav/mrs_workspace/install/mrs_rviz_plugins/lib:/home/gaurav/mrs_workspace/install/mrs_modules_msgs/lib:/opt/ros/jazzy/opt/zenoh_cpp_vendor/lib:/opt/ros/jazzy/opt/rviz_ogre_vendor/lib:/opt/ros/jazzy/lib/x86_64-linux-gnu:/opt/ros/jazzy/opt/gz_math_vendor/lib:/opt/ros/jazzy/opt/gz_utils_vendor/lib:/opt/ros/jazzy/opt/gz_cmake_vendor/lib:/opt/ros/jazzy/lib /usr/bin/cmake --build /home/gaurav/mrs_workspace/build/mrs_uav_controllers -- -j20 -l20
[23.298s] Invoking command in '/home/gaurav/mrs_workspace/build/mrs_uav_controllers': CMAKE_PREFIX_PATH=/home/gaurav/mrs_workspace/install/mrs_uav_managers:/home/gaurav/mrs_workspace/install/mrs_uav_hw_api:/home/gaurav/mrs_workspace/install/mrs_uav_testing:/home/gaurav/mrs_workspace/install/mrs_lib:/home/gaurav/mrs_workspace/install/mrs_msgs:/home/gaurav/mrs_workspace/install/mrs_uav_system_full:/home/gaurav/mrs_workspace/install/mrs_uav_system:/home/gaurav/mrs_workspace/install/mrs_uav_core:/home/gaurav/mrs_workspace/install/mrs_uav_trajectory_generation:/home/gaurav/mrs_workspace/install/mrs_uav_trackers:/home/gaurav/mrs_workspace/install/mrs_uav_state_estimators:/home/gaurav/mrs_workspace/install/mrs_uav_controllers:/home/gaurav/mrs_workspace/install/mrs_multirotor_simulator:/home/gaurav/mrs_workspace/install/mrs_uav_autostart:/home/gaurav/mrs_workspace/install/mrs_uav_status:/home/gaurav/mrs_workspace/install/mrs_uav_modules:/home/gaurav/mrs_workspace/install/mrs_serial:/home/gaurav/mrs_workspace/install/mrs_rviz_plugins:/home/gaurav/mrs_workspace/install/mrs_modules_msgs:/opt/ros/jazzy/opt/gz_math_vendor:/opt/ros/jazzy/opt/gz_utils_vendor:/opt/ros/jazzy/opt/gz_cmake_vendor:/opt/ros/jazzy DEBUGINFOD_URLS=https://debuginfod.ubuntu.com LD_LIBRARY_PATH=/home/gaurav/mrs_workspace/install/mrs_uav_managers/lib:/home/gaurav/mrs_workspace/install/mrs_uav_hw_api/lib:/home/gaurav/mrs_workspace/install/mrs_lib/lib:/home/gaurav/mrs_workspace/install/mrs_msgs/lib:/home/gaurav/mrs_workspace/install/mrs_uav_trajectory_generation/lib:/home/gaurav/mrs_workspace/install/mrs_uav_trackers/lib:/home/gaurav/mrs_workspace/install/mrs_uav_state_estimators/lib:/home/gaurav/mrs_workspace/install/mrs_uav_controllers/lib:/home/gaurav/mrs_workspace/install/mrs_multirotor_simulator/lib:/home/gaurav/mrs_workspace/install/mrs_uav_autostart/lib:/home/gaurav/mrs_workspace/install/mrs_uav_testing/lib:/home/gaurav/mrs_workspace/install/mrs_uav_status/lib:/home/gaurav/mrs_workspace/install/mrs_serial/lib:/home/gaurav/mrs_workspace/install/mrs_rviz_plugins/lib:/home/gaurav/mrs_workspace/install/mrs_modules_msgs/lib:/opt/ros/jazzy/opt/zenoh_cpp_vendor/lib:/opt/ros/jazzy/opt/rviz_ogre_vendor/lib:/opt/ros/jazzy/lib/x86_64-linux-gnu:/opt/ros/jazzy/opt/gz_math_vendor/lib:/opt/ros/jazzy/opt/gz_utils_vendor/lib:/opt/ros/jazzy/opt/gz_cmake_vendor/lib:/opt/ros/jazzy/lib /usr/bin/cmake --install /home/gaurav/mrs_workspace/build/mrs_uav_controllers
[23.305s] -- Install configuration: "Release"
[23.305s] -- Execute custom install script
[23.305s] -- Symlinking: /home/gaurav/mrs_workspace/install/mrs_uav_controllers/share/mrs_uav_controllers//plugins.xml
[23.314s] -- Symlinking: /home/gaurav/mrs_workspace/install/mrs_uav_controllers/share/mrs_uav_controllers/environment/library_path.sh
[23.323s] -- Symlinking: /home/gaurav/mrs_workspace/install/mrs_uav_controllers/share/mrs_uav_controllers/environment/library_path.dsv
[23.332s] -- Symlinking: /home/gaurav/mrs_workspace/install/mrs_uav_controllers/./include/common.h
[23.338s] -- Symlinking: /home/gaurav/mrs_workspace/install/mrs_uav_controllers/./include/pid.hpp
[23.346s] -- Symlinking: /home/gaurav/mrs_workspace/install/mrs_uav_controllers/share/mrs_uav_controllers/config/private/emergency_controller.yaml
[23.355s] -- Symlinking: /home/gaurav/mrs_workspace/install/mrs_uav_controllers/share/mrs_uav_controllers/config/private/failsafe_controller.yaml
[23.364s] -- Symlinking: /home/gaurav/mrs_workspace/install/mrs_uav_controllers/share/mrs_uav_controllers/config/private/midair_activation_controller.yaml
[23.373s] -- Symlinking: /home/gaurav/mrs_workspace/install/mrs_uav_controllers/share/mrs_uav_controllers/config/private/mpc_controller.yaml
[23.382s] -- Symlinking: /home/gaurav/mrs_workspace/install/mrs_uav_controllers/share/mrs_uav_controllers/config/private/se3_controller.yaml
[23.388s] -- Symlinking: /home/gaurav/mrs_workspace/install/mrs_uav_controllers/share/mrs_uav_controllers/config/public/emergency_controller.yaml
[23.396s] -- Symlinking: /home/gaurav/mrs_workspace/install/mrs_uav_controllers/share/mrs_uav_controllers/config/public/failsafe_controller.yaml
[23.405s] -- Symlinking: /home/gaurav/mrs_workspace/install/mrs_uav_controllers/share/mrs_uav_controllers/config/public/midair_activation_controller.yaml
[23.414s] -- Symlinking: /home/gaurav/mrs_workspace/install/mrs_uav_controllers/share/mrs_uav_controllers/config/public/mpc_controller.yaml
[23.422s] -- Symlinking: /home/gaurav/mrs_workspace/install/mrs_uav_controllers/share/mrs_uav_controllers/config/public/se3_controller.yaml
[23.428s] -- Symlinking: /home/gaurav/mrs_workspace/install/mrs_uav_controllers/share/ament_index/resource_index/package_run_dependencies/mrs_uav_controllers
[23.437s] -- Symlinking: /home/gaurav/mrs_workspace/install/mrs_uav_controllers/share/ament_index/resource_index/parent_prefix_path/mrs_uav_controllers
[23.445s] -- Symlinking: /home/gaurav/mrs_workspace/install/mrs_uav_controllers/share/mrs_uav_controllers/environment/ament_prefix_path.sh
[23.454s] -- Symlinking: /home/gaurav/mrs_workspace/install/mrs_uav_controllers/share/mrs_uav_controllers/environment/ament_prefix_path.dsv
[23.461s] -- Symlinking: /home/gaurav/mrs_workspace/install/mrs_uav_controllers/share/mrs_uav_controllers/environment/path.sh
[23.468s] -- Symlinking: /home/gaurav/mrs_workspace/install/mrs_uav_controllers/share/mrs_uav_controllers/environment/path.dsv
[23.476s] -- Symlinking: /home/gaurav/mrs_workspace/install/mrs_uav_controllers/share/mrs_uav_controllers/local_setup.bash
[23.485s] -- Symlinking: /home/gaurav/mrs_workspace/install/mrs_uav_controllers/share/mrs_uav_controllers/local_setup.sh
[23.494s] -- Symlinking: /home/gaurav/mrs_workspace/install/mrs_uav_controllers/share/mrs_uav_controllers/local_setup.zsh
[23.503s] -- Symlinking: /home/gaurav/mrs_workspace/install/mrs_uav_controllers/share/mrs_uav_controllers/local_setup.dsv
[23.509s] -- Symlinking: /home/gaurav/mrs_workspace/install/mrs_uav_controllers/share/mrs_uav_controllers/package.dsv
[23.518s] -- Symlinking: /home/gaurav/mrs_workspace/install/mrs_uav_controllers/share/ament_index/resource_index/packages/mrs_uav_controllers
[23.526s] -- Symlinking: /home/gaurav/mrs_workspace/install/mrs_uav_controllers/share/ament_index/resource_index/mrs_uav_managers__pluginlib__plugin/mrs_uav_controllers
[23.536s] -- Symlinking: /home/gaurav/mrs_workspace/install/mrs_uav_controllers/share/mrs_uav_controllers/cmake/ament_cmake_export_libraries-extras.cmake
[23.545s] -- Symlinking: /home/gaurav/mrs_workspace/install/mrs_uav_controllers/share/mrs_uav_controllers/cmake/ament_cmake_export_include_directories-extras.cmake
[23.554s] -- Symlinking: /home/gaurav/mrs_workspace/install/mrs_uav_controllers/share/mrs_uav_controllers/cmake/ament_cmake_export_targets-extras.cmake
[23.562s] -- Symlinking: /home/gaurav/mrs_workspace/install/mrs_uav_controllers/share/mrs_uav_controllers/cmake/ament_cmake_export_dependencies-extras.cmake
[23.569s] -- Symlinking: /home/gaurav/mrs_workspace/install/mrs_uav_controllers/share/mrs_uav_controllers/cmake/mrs_uav_controllersConfig.cmake
[23.578s] -- Symlinking: /home/gaurav/mrs_workspace/install/mrs_uav_controllers/share/mrs_uav_controllers/cmake/mrs_uav_controllersConfig-version.cmake
[23.586s] -- Symlinking: /home/gaurav/mrs_workspace/install/mrs_uav_controllers/share/mrs_uav_controllers/package.xml
[23.595s] -- Installing: /home/gaurav/mrs_workspace/install/mrs_uav_controllers/lib/libMrsUavControllers_MpcController.so
[23.597s] -- Set non-toolchain portion of runtime path of "/home/gaurav/mrs_workspace/install/mrs_uav_controllers/lib/libMrsUavControllers_MpcController.so" to ""
[23.597s] -- Installing: /home/gaurav/mrs_workspace/install/mrs_uav_controllers/lib/libMrsUavControllers_Se3Controller.so
[23.598s] -- Set non-toolchain portion of runtime path of "/home/gaurav/mrs_workspace/install/mrs_uav_controllers/lib/libMrsUavControllers_Se3Controller.so" to ""
[23.598s] -- Installing: /home/gaurav/mrs_workspace/install/mrs_uav_controllers/lib/libMrsUavControllers_FailsafeController.so
[23.600s] -- Set non-toolchain portion of runtime path of "/home/gaurav/mrs_workspace/install/mrs_uav_controllers/lib/libMrsUavControllers_FailsafeController.so" to ""
[23.600s] -- Installing: /home/gaurav/mrs_workspace/install/mrs_uav_controllers/lib/libMrsUavControllers_MidairActivationController.so
[23.600s] -- Set non-toolchain portion of runtime path of "/home/gaurav/mrs_workspace/install/mrs_uav_controllers/lib/libMrsUavControllers_MidairActivationController.so" to ""
[23.601s] -- Installing: /home/gaurav/mrs_workspace/install/mrs_uav_controllers/lib/mrs_uav_controllers/scripts
[23.601s] -- Installing: /home/gaurav/mrs_workspace/install/mrs_uav_controllers/lib/mrs_uav_controllers/scripts/get_public_params.py
[23.601s] -- Installing: /home/gaurav/mrs_workspace/install/mrs_uav_controllers/share/mrs_uav_controllers/cmake/export_mrs_uav_controllersExport.cmake
[23.601s] -- Installing: /home/gaurav/mrs_workspace/install/mrs_uav_controllers/share/mrs_uav_controllers/cmake/export_mrs_uav_controllersExport-release.cmake
[23.603s] Invoked command in '/home/gaurav/mrs_workspace/build/mrs_uav_controllers' returned '0': CMAKE_PREFIX_PATH=/home/gaurav/mrs_workspace/install/mrs_uav_managers:/home/gaurav/mrs_workspace/install/mrs_uav_hw_api:/home/gaurav/mrs_workspace/install/mrs_uav_testing:/home/gaurav/mrs_workspace/install/mrs_lib:/home/gaurav/mrs_workspace/install/mrs_msgs:/home/gaurav/mrs_workspace/install/mrs_uav_system_full:/home/gaurav/mrs_workspace/install/mrs_uav_system:/home/gaurav/mrs_workspace/install/mrs_uav_core:/home/gaurav/mrs_workspace/install/mrs_uav_trajectory_generation:/home/gaurav/mrs_workspace/install/mrs_uav_trackers:/home/gaurav/mrs_workspace/install/mrs_uav_state_estimators:/home/gaurav/mrs_workspace/install/mrs_uav_controllers:/home/gaurav/mrs_workspace/install/mrs_multirotor_simulator:/home/gaurav/mrs_workspace/install/mrs_uav_autostart:/home/gaurav/mrs_workspace/install/mrs_uav_status:/home/gaurav/mrs_workspace/install/mrs_uav_modules:/home/gaurav/mrs_workspace/install/mrs_serial:/home/gaurav/mrs_workspace/install/mrs_rviz_plugins:/home/gaurav/mrs_workspace/install/mrs_modules_msgs:/opt/ros/jazzy/opt/gz_math_vendor:/opt/ros/jazzy/opt/gz_utils_vendor:/opt/ros/jazzy/opt/gz_cmake_vendor:/opt/ros/jazzy DEBUGINFOD_URLS=https://debuginfod.ubuntu.com LD_LIBRARY_PATH=/home/gaurav/mrs_workspace/install/mrs_uav_managers/lib:/home/gaurav/mrs_workspace/install/mrs_uav_hw_api/lib:/home/gaurav/mrs_workspace/install/mrs_lib/lib:/home/gaurav/mrs_workspace/install/mrs_msgs/lib:/home/gaurav/mrs_workspace/install/mrs_uav_trajectory_generation/lib:/home/gaurav/mrs_workspace/install/mrs_uav_trackers/lib:/home/gaurav/mrs_workspace/install/mrs_uav_state_estimators/lib:/home/gaurav/mrs_workspace/install/mrs_uav_controllers/lib:/home/gaurav/mrs_workspace/install/mrs_multirotor_simulator/lib:/home/gaurav/mrs_workspace/install/mrs_uav_autostart/lib:/home/gaurav/mrs_workspace/install/mrs_uav_testing/lib:/home/gaurav/mrs_workspace/install/mrs_uav_status/lib:/home/gaurav/mrs_workspace/install/mrs_serial/lib:/home/gaurav/mrs_workspace/install/mrs_rviz_plugins/lib:/home/gaurav/mrs_workspace/install/mrs_modules_msgs/lib:/opt/ros/jazzy/opt/zenoh_cpp_vendor/lib:/opt/ros/jazzy/opt/rviz_ogre_vendor/lib:/opt/ros/jazzy/lib/x86_64-linux-gnu:/opt/ros/jazzy/opt/gz_math_vendor/lib:/opt/ros/jazzy/opt/gz_utils_vendor/lib:/opt/ros/jazzy/opt/gz_cmake_vendor/lib:/opt/ros/jazzy/lib /usr/bin/cmake --install /home/gaurav/mrs_workspace/build/mrs_uav_controllers
