[  0%] Built target mrs_modules_msgs__rosidl_generator_type_description
[  0%] Built target ament_cmake_python_symlink_mrs_modules_msgs
[  0%] Built target mrs_modules_msgs__cpp
[ 29%] Built target mrs_modules_msgs__rosidl_generator_c
[ 39%] Built target mrs_modules_msgs__rosidl_typesupport_c
[ 49%] Built target mrs_modules_msgs__rosidl_typesupport_introspection_c
[ 68%] Built target mrs_modules_msgs__rosidl_typesupport_introspection_cpp
[ 69%] Built target mrs_modules_msgs__rosidl_typesupport_fastrtps_cpp
[ 79%] Built target mrs_modules_msgs__rosidl_typesupport_cpp
[ 89%] Built target mrs_modules_msgs__rosidl_typesupport_fastrtps_c
[ 89%] Built target mrs_modules_msgs
[ 89%] Built target mrs_modules_msgs__py
running egg_info
writing mrs_modules_msgs.egg-info/PKG-INFO
writing dependency_links to mrs_modules_msgs.egg-info/dependency_links.txt
writing top-level names to mrs_modules_msgs.egg-info/top_level.txt
[ 98%] Built target mrs_modules_msgs__rosidl_generator_py
[ 99%] Built target mrs_modules_msgs_s__rosidl_typesupport_fastrtps_c
[100%] Built target mrs_modules_msgs_s__rosidl_typesupport_introspection_c
[100%] Built target mrs_modules_msgs_s__rosidl_typesupport_c
reading manifest file 'mrs_modules_msgs.egg-info/SOURCES.txt'
writing manifest file 'mrs_modules_msgs.egg-info/SOURCES.txt'
[100%] Built target ament_cmake_python_build_mrs_modules_msgs_egg
-- Install configuration: "Release"
-- Execute custom install script
-- Up-to-date symlink: /home/gaurav/mrs_workspace/install/mrs_modules_msgs/share/ament_index/resource_index/rosidl_interfaces/mrs_modules_msgs
-- Up-to-date symlink: /home/gaurav/mrs_workspace/install/mrs_modules_msgs/share/mrs_modules_msgs/msg/Llcp.json
-- Up-to-date symlink: /home/gaurav/mrs_workspace/install/mrs_modules_msgs/share/mrs_modules_msgs/msg/BacaProtocol.json
-- Up-to-date symlink: /home/gaurav/mrs_workspace/install/mrs_modules_msgs/share/mrs_modules_msgs/msg/GimbalPRY.json
-- Up-to-date symlink: /home/gaurav/mrs_workspace/install/mrs_modules_msgs/share/mrs_modules_msgs/msg/ParachuteDiagnostics.json
-- Up-to-date symlink: /home/gaurav/mrs_workspace/install/mrs_modules_msgs/share/mrs_modules_msgs/msg/GripperDiagnostics.json
-- Up-to-date symlink: /home/gaurav/mrs_workspace/install/mrs_modules_msgs/share/mrs_modules_msgs/msg/SerialRaw.json
-- Up-to-date symlink: /home/gaurav/mrs_workspace/install/mrs_modules_msgs/share/mrs_modules_msgs/msg/PoseWithSize.json
-- Up-to-date symlink: /home/gaurav/mrs_workspace/install/mrs_modules_msgs/share/mrs_modules_msgs/msg/RangeInformation.json
-- Up-to-date symlink: /home/gaurav/mrs_workspace/install/mrs_modules_msgs/share/mrs_modules_msgs/msg/Bestpos.json
-- Up-to-date symlink: /home/gaurav/mrs_workspace/install/mrs_modules_msgs/share/mrs_modules_msgs/msg/TersusMessageHeader.json
-- Up-to-date symlink: /home/gaurav/mrs_workspace/install/mrs_modules_msgs/share/mrs_modules_msgs/msg/Bestvel.json
-- Up-to-date symlink: /home/gaurav/mrs_workspace/install/mrs_modules_msgs/share/mrs_modules_msgs/msg/GPSFix.json
-- Up-to-date symlink: /home/gaurav/mrs_workspace/install/mrs_modules_msgs/share/mrs_modules_msgs/msg/Gpgga.json
-- Up-to-date symlink: /home/gaurav/mrs_workspace/install/mrs_modules_msgs/share/mrs_modules_msgs/msg/Gprmc.json
-- Up-to-date symlink: /home/gaurav/mrs_workspace/install/mrs_modules_msgs/share/mrs_modules_msgs/msg/Gpgst.json
-- Up-to-date symlink: /home/gaurav/mrs_workspace/install/mrs_modules_msgs/share/mrs_modules_msgs/msg/Time.json
-- Up-to-date symlink: /home/gaurav/mrs_workspace/install/mrs_modules_msgs/share/mrs_modules_msgs/msg/GpsStatus.json
-- Up-to-date symlink: /home/gaurav/mrs_workspace/install/mrs_modules_msgs/share/mrs_modules_msgs/msg/Range.json
-- Up-to-date symlink: /home/gaurav/mrs_workspace/install/mrs_modules_msgs/share/mrs_modules_msgs/msg/Trackstat.json
-- Up-to-date symlink: /home/gaurav/mrs_workspace/install/mrs_modules_msgs/share/mrs_modules_msgs/msg/Gpgsv.json
-- Up-to-date symlink: /home/gaurav/mrs_workspace/install/mrs_modules_msgs/share/mrs_modules_msgs/msg/TrackstatChannel.json
-- Up-to-date symlink: /home/gaurav/mrs_workspace/install/mrs_modules_msgs/share/mrs_modules_msgs/msg/Satellite.json
-- Up-to-date symlink: /home/gaurav/mrs_workspace/install/mrs_modules_msgs/share/mrs_modules_msgs/msg/Gpgsa.json
-- Up-to-date symlink: /home/gaurav/mrs_workspace/install/mrs_modules_msgs/share/mrs_modules_msgs/msg/Gpvtg.json
-- Up-to-date symlink: /home/gaurav/mrs_workspace/install/mrs_modules_msgs/share/mrs_modules_msgs/msg/OctomapPlannerDiagnostics.json
-- Up-to-date symlink: /home/gaurav/mrs_workspace/install/mrs_modules_msgs/share/mrs_modules_msgs/msg/SensorInfo.json
-- Up-to-date symlink: /home/gaurav/mrs_workspace/install/mrs_modules_msgs/share/mrs_modules_msgs/msg/PclToolsDiagnostics.json
-- Up-to-date symlink: /home/gaurav/mrs_workspace/install/mrs_modules_msgs/share/mrs_modules_msgs/srv/SetServo.json
-- Up-to-date symlink: /home/gaurav/mrs_workspace/install/mrs_modules_msgs/share/mrs_modules_msgs/srv/SetTrigger.json
-- Up-to-date symlink: /home/gaurav/mrs_workspace/install/mrs_modules_msgs/share/mrs_modules_msgs/srv/Path.json
-- Up-to-date symlink: /home/gaurav/mrs_workspace/install/mrs_modules_msgs/include/mrs_modules_msgs/mrs_modules_msgs/msg/baca_protocol.h
-- Up-to-date symlink: /home/gaurav/mrs_workspace/install/mrs_modules_msgs/include/mrs_modules_msgs/mrs_modules_msgs/msg/bestpos.h
-- Up-to-date symlink: /home/gaurav/mrs_workspace/install/mrs_modules_msgs/include/mrs_modules_msgs/mrs_modules_msgs/msg/bestvel.h
-- Up-to-date symlink: /home/gaurav/mrs_workspace/install/mrs_modules_msgs/include/mrs_modules_msgs/mrs_modules_msgs/msg/detail/baca_protocol__functions.h
-- Up-to-date symlink: /home/gaurav/mrs_workspace/install/mrs_modules_msgs/include/mrs_modules_msgs/mrs_modules_msgs/msg/detail/baca_protocol__struct.h
-- Up-to-date symlink: /home/gaurav/mrs_workspace/install/mrs_modules_msgs/include/mrs_modules_msgs/mrs_modules_msgs/msg/detail/baca_protocol__type_support.h
-- Up-to-date symlink: /home/gaurav/mrs_workspace/install/mrs_modules_msgs/include/mrs_modules_msgs/mrs_modules_msgs/msg/detail/bestpos__functions.h
-- Up-to-date symlink: /home/gaurav/mrs_workspace/install/mrs_modules_msgs/include/mrs_modules_msgs/mrs_modules_msgs/msg/detail/bestpos__struct.h
-- Up-to-date symlink: /home/gaurav/mrs_workspace/install/mrs_modules_msgs/include/mrs_modules_msgs/mrs_modules_msgs/msg/detail/bestpos__type_support.h
-- Up-to-date symlink: /home/gaurav/mrs_workspace/install/mrs_modules_msgs/include/mrs_modules_msgs/mrs_modules_msgs/msg/detail/bestvel__functions.h
-- Up-to-date symlink: /home/gaurav/mrs_workspace/install/mrs_modules_msgs/include/mrs_modules_msgs/mrs_modules_msgs/msg/detail/bestvel__struct.h
-- Up-to-date symlink: /home/gaurav/mrs_workspace/install/mrs_modules_msgs/include/mrs_modules_msgs/mrs_modules_msgs/msg/detail/bestvel__type_support.h
-- Up-to-date symlink: /home/gaurav/mrs_workspace/install/mrs_modules_msgs/include/mrs_modules_msgs/mrs_modules_msgs/msg/detail/gimbal_pry__functions.h
-- Up-to-date symlink: /home/gaurav/mrs_workspace/install/mrs_modules_msgs/include/mrs_modules_msgs/mrs_modules_msgs/msg/detail/gimbal_pry__struct.h
-- Up-to-date symlink: /home/gaurav/mrs_workspace/install/mrs_modules_msgs/include/mrs_modules_msgs/mrs_modules_msgs/msg/detail/gimbal_pry__type_support.h
-- Up-to-date symlink: /home/gaurav/mrs_workspace/install/mrs_modules_msgs/include/mrs_modules_msgs/mrs_modules_msgs/msg/detail/gpgga__functions.h
-- Up-to-date symlink: /home/gaurav/mrs_workspace/install/mrs_modules_msgs/include/mrs_modules_msgs/mrs_modules_msgs/msg/detail/gpgga__struct.h
-- Up-to-date symlink: /home/gaurav/mrs_workspace/install/mrs_modules_msgs/include/mrs_modules_msgs/mrs_modules_msgs/msg/detail/gpgga__type_support.h
-- Up-to-date symlink: /home/gaurav/mrs_workspace/install/mrs_modules_msgs/include/mrs_modules_msgs/mrs_modules_msgs/msg/detail/gpgsa__functions.h
-- Up-to-date symlink: /home/gaurav/mrs_workspace/install/mrs_modules_msgs/include/mrs_modules_msgs/mrs_modules_msgs/msg/detail/gpgsa__struct.h
-- Up-to-date symlink: /home/gaurav/mrs_workspace/install/mrs_modules_msgs/include/mrs_modules_msgs/mrs_modules_msgs/msg/detail/gpgsa__type_support.h
-- Up-to-date symlink: /home/gaurav/mrs_workspace/install/mrs_modules_msgs/include/mrs_modules_msgs/mrs_modules_msgs/msg/detail/gpgst__functions.h
-- Up-to-date symlink: /home/gaurav/mrs_workspace/install/mrs_modules_msgs/include/mrs_modules_msgs/mrs_modules_msgs/msg/detail/gpgst__struct.h
-- Up-to-date symlink: /home/gaurav/mrs_workspace/install/mrs_modules_msgs/include/mrs_modules_msgs/mrs_modules_msgs/msg/detail/gpgst__type_support.h
-- Up-to-date symlink: /home/gaurav/mrs_workspace/install/mrs_modules_msgs/include/mrs_modules_msgs/mrs_modules_msgs/msg/detail/gpgsv__functions.h
-- Up-to-date symlink: /home/gaurav/mrs_workspace/install/mrs_modules_msgs/include/mrs_modules_msgs/mrs_modules_msgs/msg/detail/gpgsv__struct.h
-- Up-to-date symlink: /home/gaurav/mrs_workspace/install/mrs_modules_msgs/include/mrs_modules_msgs/mrs_modules_msgs/msg/detail/gpgsv__type_support.h
-- Up-to-date symlink: /home/gaurav/mrs_workspace/install/mrs_modules_msgs/include/mrs_modules_msgs/mrs_modules_msgs/msg/detail/gprmc__functions.h
-- Up-to-date symlink: /home/gaurav/mrs_workspace/install/mrs_modules_msgs/include/mrs_modules_msgs/mrs_modules_msgs/msg/detail/gprmc__struct.h
-- Up-to-date symlink: /home/gaurav/mrs_workspace/install/mrs_modules_msgs/include/mrs_modules_msgs/mrs_modules_msgs/msg/detail/gprmc__type_support.h
-- Up-to-date symlink: /home/gaurav/mrs_workspace/install/mrs_modules_msgs/include/mrs_modules_msgs/mrs_modules_msgs/msg/detail/gps_fix__functions.h
-- Up-to-date symlink: /home/gaurav/mrs_workspace/install/mrs_modules_msgs/include/mrs_modules_msgs/mrs_modules_msgs/msg/detail/gps_fix__struct.h
-- Up-to-date symlink: /home/gaurav/mrs_workspace/install/mrs_modules_msgs/include/mrs_modules_msgs/mrs_modules_msgs/msg/detail/gps_fix__type_support.h
-- Up-to-date symlink: /home/gaurav/mrs_workspace/install/mrs_modules_msgs/include/mrs_modules_msgs/mrs_modules_msgs/msg/detail/gps_status__functions.h
-- Up-to-date symlink: /home/gaurav/mrs_workspace/install/mrs_modules_msgs/include/mrs_modules_msgs/mrs_modules_msgs/msg/detail/gps_status__struct.h
-- Up-to-date symlink: /home/gaurav/mrs_workspace/install/mrs_modules_msgs/include/mrs_modules_msgs/mrs_modules_msgs/msg/detail/gps_status__type_support.h
-- Up-to-date symlink: /home/gaurav/mrs_workspace/install/mrs_modules_msgs/include/mrs_modules_msgs/mrs_modules_msgs/msg/detail/gpvtg__functions.h
-- Up-to-date symlink: /home/gaurav/mrs_workspace/install/mrs_modules_msgs/include/mrs_modules_msgs/mrs_modules_msgs/msg/detail/gpvtg__struct.h
-- Up-to-date symlink: /home/gaurav/mrs_workspace/install/mrs_modules_msgs/include/mrs_modules_msgs/mrs_modules_msgs/msg/detail/gpvtg__type_support.h
-- Up-to-date symlink: /home/gaurav/mrs_workspace/install/mrs_modules_msgs/include/mrs_modules_msgs/mrs_modules_msgs/msg/detail/gripper_diagnostics__functions.h
-- Up-to-date symlink: /home/gaurav/mrs_workspace/install/mrs_modules_msgs/include/mrs_modules_msgs/mrs_modules_msgs/msg/detail/gripper_diagnostics__struct.h
-- Up-to-date symlink: /home/gaurav/mrs_workspace/install/mrs_modules_msgs/include/mrs_modules_msgs/mrs_modules_msgs/msg/detail/gripper_diagnostics__type_support.h
-- Up-to-date symlink: /home/gaurav/mrs_workspace/install/mrs_modules_msgs/include/mrs_modules_msgs/mrs_modules_msgs/msg/detail/llcp__functions.h
-- Up-to-date symlink: /home/gaurav/mrs_workspace/install/mrs_modules_msgs/include/mrs_modules_msgs/mrs_modules_msgs/msg/detail/llcp__struct.h
-- Up-to-date symlink: /home/gaurav/mrs_workspace/install/mrs_modules_msgs/include/mrs_modules_msgs/mrs_modules_msgs/msg/detail/llcp__type_support.h
-- Up-to-date symlink: /home/gaurav/mrs_workspace/install/mrs_modules_msgs/include/mrs_modules_msgs/mrs_modules_msgs/msg/detail/octomap_planner_diagnostics__functions.h
-- Up-to-date symlink: /home/gaurav/mrs_workspace/install/mrs_modules_msgs/include/mrs_modules_msgs/mrs_modules_msgs/msg/detail/octomap_planner_diagnostics__struct.h
-- Up-to-date symlink: /home/gaurav/mrs_workspace/install/mrs_modules_msgs/include/mrs_modules_msgs/mrs_modules_msgs/msg/detail/octomap_planner_diagnostics__type_support.h
-- Up-to-date symlink: /home/gaurav/mrs_workspace/install/mrs_modules_msgs/include/mrs_modules_msgs/mrs_modules_msgs/msg/detail/parachute_diagnostics__functions.h
-- Up-to-date symlink: /home/gaurav/mrs_workspace/install/mrs_modules_msgs/include/mrs_modules_msgs/mrs_modules_msgs/msg/detail/parachute_diagnostics__struct.h
-- Up-to-date symlink: /home/gaurav/mrs_workspace/install/mrs_modules_msgs/include/mrs_modules_msgs/mrs_modules_msgs/msg/detail/parachute_diagnostics__type_support.h
-- Up-to-date symlink: /home/gaurav/mrs_workspace/install/mrs_modules_msgs/include/mrs_modules_msgs/mrs_modules_msgs/msg/detail/pcl_tools_diagnostics__functions.h
-- Up-to-date symlink: /home/gaurav/mrs_workspace/install/mrs_modules_msgs/include/mrs_modules_msgs/mrs_modules_msgs/msg/detail/pcl_tools_diagnostics__struct.h
-- Up-to-date symlink: /home/gaurav/mrs_workspace/install/mrs_modules_msgs/include/mrs_modules_msgs/mrs_modules_msgs/msg/detail/pcl_tools_diagnostics__type_support.h
-- Up-to-date symlink: /home/gaurav/mrs_workspace/install/mrs_modules_msgs/include/mrs_modules_msgs/mrs_modules_msgs/msg/detail/pose_with_size__functions.h
-- Up-to-date symlink: /home/gaurav/mrs_workspace/install/mrs_modules_msgs/include/mrs_modules_msgs/mrs_modules_msgs/msg/detail/pose_with_size__struct.h
-- Up-to-date symlink: /home/gaurav/mrs_workspace/install/mrs_modules_msgs/include/mrs_modules_msgs/mrs_modules_msgs/msg/detail/pose_with_size__type_support.h
-- Up-to-date symlink: /home/gaurav/mrs_workspace/install/mrs_modules_msgs/include/mrs_modules_msgs/mrs_modules_msgs/msg/detail/range__functions.h
-- Up-to-date symlink: /home/gaurav/mrs_workspace/install/mrs_modules_msgs/include/mrs_modules_msgs/mrs_modules_msgs/msg/detail/range__struct.h
-- Up-to-date symlink: /home/gaurav/mrs_workspace/install/mrs_modules_msgs/include/mrs_modules_msgs/mrs_modules_msgs/msg/detail/range__type_support.h
-- Up-to-date symlink: /home/gaurav/mrs_workspace/install/mrs_modules_msgs/include/mrs_modules_msgs/mrs_modules_msgs/msg/detail/range_information__functions.h
-- Up-to-date symlink: /home/gaurav/mrs_workspace/install/mrs_modules_msgs/include/mrs_modules_msgs/mrs_modules_msgs/msg/detail/range_information__struct.h
-- Up-to-date symlink: /home/gaurav/mrs_workspace/install/mrs_modules_msgs/include/mrs_modules_msgs/mrs_modules_msgs/msg/detail/range_information__type_support.h
-- Up-to-date symlink: /home/gaurav/mrs_workspace/install/mrs_modules_msgs/include/mrs_modules_msgs/mrs_modules_msgs/msg/detail/satellite__functions.h
-- Up-to-date symlink: /home/gaurav/mrs_workspace/install/mrs_modules_msgs/include/mrs_modules_msgs/mrs_modules_msgs/msg/detail/satellite__struct.h
-- Up-to-date symlink: /home/gaurav/mrs_workspace/install/mrs_modules_msgs/include/mrs_modules_msgs/mrs_modules_msgs/msg/detail/satellite__type_support.h
-- Up-to-date symlink: /home/gaurav/mrs_workspace/install/mrs_modules_msgs/include/mrs_modules_msgs/mrs_modules_msgs/msg/detail/sensor_info__functions.h
-- Up-to-date symlink: /home/gaurav/mrs_workspace/install/mrs_modules_msgs/include/mrs_modules_msgs/mrs_modules_msgs/msg/detail/sensor_info__struct.h
-- Up-to-date symlink: /home/gaurav/mrs_workspace/install/mrs_modules_msgs/include/mrs_modules_msgs/mrs_modules_msgs/msg/detail/sensor_info__type_support.h
-- Up-to-date symlink: /home/gaurav/mrs_workspace/install/mrs_modules_msgs/include/mrs_modules_msgs/mrs_modules_msgs/msg/detail/serial_raw__functions.h
-- Up-to-date symlink: /home/gaurav/mrs_workspace/install/mrs_modules_msgs/include/mrs_modules_msgs/mrs_modules_msgs/msg/detail/serial_raw__struct.h
-- Up-to-date symlink: /home/gaurav/mrs_workspace/install/mrs_modules_msgs/include/mrs_modules_msgs/mrs_modules_msgs/msg/detail/serial_raw__type_support.h
-- Up-to-date symlink: /home/gaurav/mrs_workspace/install/mrs_modules_msgs/include/mrs_modules_msgs/mrs_modules_msgs/msg/detail/tersus_message_header__functions.h
-- Up-to-date symlink: /home/gaurav/mrs_workspace/install/mrs_modules_msgs/include/mrs_modules_msgs/mrs_modules_msgs/msg/detail/tersus_message_header__struct.h
-- Up-to-date symlink: /home/gaurav/mrs_workspace/install/mrs_modules_msgs/include/mrs_modules_msgs/mrs_modules_msgs/msg/detail/tersus_message_header__type_support.h
-- Up-to-date symlink: /home/gaurav/mrs_workspace/install/mrs_modules_msgs/include/mrs_modules_msgs/mrs_modules_msgs/msg/detail/time__functions.h
-- Up-to-date symlink: /home/gaurav/mrs_workspace/install/mrs_modules_msgs/include/mrs_modules_msgs/mrs_modules_msgs/msg/detail/time__struct.h
-- Up-to-date symlink: /home/gaurav/mrs_workspace/install/mrs_modules_msgs/include/mrs_modules_msgs/mrs_modules_msgs/msg/detail/time__type_support.h
-- Up-to-date symlink: /home/gaurav/mrs_workspace/install/mrs_modules_msgs/include/mrs_modules_msgs/mrs_modules_msgs/msg/detail/trackstat__functions.h
-- Up-to-date symlink: /home/gaurav/mrs_workspace/install/mrs_modules_msgs/include/mrs_modules_msgs/mrs_modules_msgs/msg/detail/trackstat__struct.h
-- Up-to-date symlink: /home/gaurav/mrs_workspace/install/mrs_modules_msgs/include/mrs_modules_msgs/mrs_modules_msgs/msg/detail/trackstat__type_support.h
-- Up-to-date symlink: /home/gaurav/mrs_workspace/install/mrs_modules_msgs/include/mrs_modules_msgs/mrs_modules_msgs/msg/detail/trackstat_channel__functions.h
-- Up-to-date symlink: /home/gaurav/mrs_workspace/install/mrs_modules_msgs/include/mrs_modules_msgs/mrs_modules_msgs/msg/detail/trackstat_channel__struct.h
-- Up-to-date symlink: /home/gaurav/mrs_workspace/install/mrs_modules_msgs/include/mrs_modules_msgs/mrs_modules_msgs/msg/detail/trackstat_channel__type_support.h
-- Up-to-date symlink: /home/gaurav/mrs_workspace/install/mrs_modules_msgs/include/mrs_modules_msgs/mrs_modules_msgs/msg/gimbal_pry.h
-- Up-to-date symlink: /home/gaurav/mrs_workspace/install/mrs_modules_msgs/include/mrs_modules_msgs/mrs_modules_msgs/msg/gpgga.h
-- Up-to-date symlink: /home/gaurav/mrs_workspace/install/mrs_modules_msgs/include/mrs_modules_msgs/mrs_modules_msgs/msg/gpgsa.h
-- Up-to-date symlink: /home/gaurav/mrs_workspace/install/mrs_modules_msgs/include/mrs_modules_msgs/mrs_modules_msgs/msg/gpgst.h
-- Up-to-date symlink: /home/gaurav/mrs_workspace/install/mrs_modules_msgs/include/mrs_modules_msgs/mrs_modules_msgs/msg/gpgsv.h
-- Up-to-date symlink: /home/gaurav/mrs_workspace/install/mrs_modules_msgs/include/mrs_modules_msgs/mrs_modules_msgs/msg/gprmc.h
-- Up-to-date symlink: /home/gaurav/mrs_workspace/install/mrs_modules_msgs/include/mrs_modules_msgs/mrs_modules_msgs/msg/gps_fix.h
-- Up-to-date symlink: /home/gaurav/mrs_workspace/install/mrs_modules_msgs/include/mrs_modules_msgs/mrs_modules_msgs/msg/gps_status.h
-- Up-to-date symlink: /home/gaurav/mrs_workspace/install/mrs_modules_msgs/include/mrs_modules_msgs/mrs_modules_msgs/msg/gpvtg.h
-- Up-to-date symlink: /home/gaurav/mrs_workspace/install/mrs_modules_msgs/include/mrs_modules_msgs/mrs_modules_msgs/msg/gripper_diagnostics.h
-- Up-to-date symlink: /home/gaurav/mrs_workspace/install/mrs_modules_msgs/include/mrs_modules_msgs/mrs_modules_msgs/msg/llcp.h
-- Up-to-date symlink: /home/gaurav/mrs_workspace/install/mrs_modules_msgs/include/mrs_modules_msgs/mrs_modules_msgs/msg/octomap_planner_diagnostics.h
-- Up-to-date symlink: /home/gaurav/mrs_workspace/install/mrs_modules_msgs/include/mrs_modules_msgs/mrs_modules_msgs/msg/parachute_diagnostics.h
-- Up-to-date symlink: /home/gaurav/mrs_workspace/install/mrs_modules_msgs/include/mrs_modules_msgs/mrs_modules_msgs/msg/pcl_tools_diagnostics.h
-- Up-to-date symlink: /home/gaurav/mrs_workspace/install/mrs_modules_msgs/include/mrs_modules_msgs/mrs_modules_msgs/msg/pose_with_size.h
-- Up-to-date symlink: /home/gaurav/mrs_workspace/install/mrs_modules_msgs/include/mrs_modules_msgs/mrs_modules_msgs/msg/range.h
-- Up-to-date symlink: /home/gaurav/mrs_workspace/install/mrs_modules_msgs/include/mrs_modules_msgs/mrs_modules_msgs/msg/range_information.h
-- Up-to-date symlink: /home/gaurav/mrs_workspace/install/mrs_modules_msgs/include/mrs_modules_msgs/mrs_modules_msgs/msg/rosidl_generator_c__visibility_control.h
-- Up-to-date symlink: /home/gaurav/mrs_workspace/install/mrs_modules_msgs/include/mrs_modules_msgs/mrs_modules_msgs/msg/satellite.h
-- Up-to-date symlink: /home/gaurav/mrs_workspace/install/mrs_modules_msgs/include/mrs_modules_msgs/mrs_modules_msgs/msg/sensor_info.h
-- Up-to-date symlink: /home/gaurav/mrs_workspace/install/mrs_modules_msgs/include/mrs_modules_msgs/mrs_modules_msgs/msg/serial_raw.h
-- Up-to-date symlink: /home/gaurav/mrs_workspace/install/mrs_modules_msgs/include/mrs_modules_msgs/mrs_modules_msgs/msg/tersus_message_header.h
-- Up-to-date symlink: /home/gaurav/mrs_workspace/install/mrs_modules_msgs/include/mrs_modules_msgs/mrs_modules_msgs/msg/time.h
-- Up-to-date symlink: /home/gaurav/mrs_workspace/install/mrs_modules_msgs/include/mrs_modules_msgs/mrs_modules_msgs/msg/trackstat.h
-- Up-to-date symlink: /home/gaurav/mrs_workspace/install/mrs_modules_msgs/include/mrs_modules_msgs/mrs_modules_msgs/msg/trackstat_channel.h
-- Up-to-date symlink: /home/gaurav/mrs_workspace/install/mrs_modules_msgs/include/mrs_modules_msgs/mrs_modules_msgs/srv/detail/path__functions.h
-- Up-to-date symlink: /home/gaurav/mrs_workspace/install/mrs_modules_msgs/include/mrs_modules_msgs/mrs_modules_msgs/srv/detail/path__struct.h
-- Up-to-date symlink: /home/gaurav/mrs_workspace/install/mrs_modules_msgs/include/mrs_modules_msgs/mrs_modules_msgs/srv/detail/path__type_support.h
-- Up-to-date symlink: /home/gaurav/mrs_workspace/install/mrs_modules_msgs/include/mrs_modules_msgs/mrs_modules_msgs/srv/detail/set_servo__functions.h
-- Up-to-date symlink: /home/gaurav/mrs_workspace/install/mrs_modules_msgs/include/mrs_modules_msgs/mrs_modules_msgs/srv/detail/set_servo__struct.h
-- Up-to-date symlink: /home/gaurav/mrs_workspace/install/mrs_modules_msgs/include/mrs_modules_msgs/mrs_modules_msgs/srv/detail/set_servo__type_support.h
-- Up-to-date symlink: /home/gaurav/mrs_workspace/install/mrs_modules_msgs/include/mrs_modules_msgs/mrs_modules_msgs/srv/detail/set_trigger__functions.h
-- Up-to-date symlink: /home/gaurav/mrs_workspace/install/mrs_modules_msgs/include/mrs_modules_msgs/mrs_modules_msgs/srv/detail/set_trigger__struct.h
-- Up-to-date symlink: /home/gaurav/mrs_workspace/install/mrs_modules_msgs/include/mrs_modules_msgs/mrs_modules_msgs/srv/detail/set_trigger__type_support.h
-- Up-to-date symlink: /home/gaurav/mrs_workspace/install/mrs_modules_msgs/include/mrs_modules_msgs/mrs_modules_msgs/srv/path.h
-- Up-to-date symlink: /home/gaurav/mrs_workspace/install/mrs_modules_msgs/include/mrs_modules_msgs/mrs_modules_msgs/srv/set_servo.h
-- Up-to-date symlink: /home/gaurav/mrs_workspace/install/mrs_modules_msgs/include/mrs_modules_msgs/mrs_modules_msgs/srv/set_trigger.h
-- Up-to-date symlink: /home/gaurav/mrs_workspace/install/mrs_modules_msgs/share/mrs_modules_msgs/environment/library_path.sh
-- Up-to-date symlink: /home/gaurav/mrs_workspace/install/mrs_modules_msgs/share/mrs_modules_msgs/environment/library_path.dsv
-- Up-to-date symlink: /home/gaurav/mrs_workspace/install/mrs_modules_msgs/include/mrs_modules_msgs/mrs_modules_msgs/msg/detail/baca_protocol__rosidl_typesupport_fastrtps_c.h
-- Up-to-date symlink: /home/gaurav/mrs_workspace/install/mrs_modules_msgs/include/mrs_modules_msgs/mrs_modules_msgs/msg/detail/bestpos__rosidl_typesupport_fastrtps_c.h
-- Up-to-date symlink: /home/gaurav/mrs_workspace/install/mrs_modules_msgs/include/mrs_modules_msgs/mrs_modules_msgs/msg/detail/bestvel__rosidl_typesupport_fastrtps_c.h
-- Up-to-date symlink: /home/gaurav/mrs_workspace/install/mrs_modules_msgs/include/mrs_modules_msgs/mrs_modules_msgs/msg/detail/gimbal_pry__rosidl_typesupport_fastrtps_c.h
-- Up-to-date symlink: /home/gaurav/mrs_workspace/install/mrs_modules_msgs/include/mrs_modules_msgs/mrs_modules_msgs/msg/detail/gpgga__rosidl_typesupport_fastrtps_c.h
-- Up-to-date symlink: /home/gaurav/mrs_workspace/install/mrs_modules_msgs/include/mrs_modules_msgs/mrs_modules_msgs/msg/detail/gpgsa__rosidl_typesupport_fastrtps_c.h
-- Up-to-date symlink: /home/gaurav/mrs_workspace/install/mrs_modules_msgs/include/mrs_modules_msgs/mrs_modules_msgs/msg/detail/gpgst__rosidl_typesupport_fastrtps_c.h
-- Up-to-date symlink: /home/gaurav/mrs_workspace/install/mrs_modules_msgs/include/mrs_modules_msgs/mrs_modules_msgs/msg/detail/gpgsv__rosidl_typesupport_fastrtps_c.h
-- Up-to-date symlink: /home/gaurav/mrs_workspace/install/mrs_modules_msgs/include/mrs_modules_msgs/mrs_modules_msgs/msg/detail/gprmc__rosidl_typesupport_fastrtps_c.h
-- Up-to-date symlink: /home/gaurav/mrs_workspace/install/mrs_modules_msgs/include/mrs_modules_msgs/mrs_modules_msgs/msg/detail/gps_fix__rosidl_typesupport_fastrtps_c.h
-- Up-to-date symlink: /home/gaurav/mrs_workspace/install/mrs_modules_msgs/include/mrs_modules_msgs/mrs_modules_msgs/msg/detail/gps_status__rosidl_typesupport_fastrtps_c.h
-- Up-to-date symlink: /home/gaurav/mrs_workspace/install/mrs_modules_msgs/include/mrs_modules_msgs/mrs_modules_msgs/msg/detail/gpvtg__rosidl_typesupport_fastrtps_c.h
-- Up-to-date symlink: /home/gaurav/mrs_workspace/install/mrs_modules_msgs/include/mrs_modules_msgs/mrs_modules_msgs/msg/detail/gripper_diagnostics__rosidl_typesupport_fastrtps_c.h
-- Up-to-date symlink: /home/gaurav/mrs_workspace/install/mrs_modules_msgs/include/mrs_modules_msgs/mrs_modules_msgs/msg/detail/llcp__rosidl_typesupport_fastrtps_c.h
-- Up-to-date symlink: /home/gaurav/mrs_workspace/install/mrs_modules_msgs/include/mrs_modules_msgs/mrs_modules_msgs/msg/detail/octomap_planner_diagnostics__rosidl_typesupport_fastrtps_c.h
-- Up-to-date symlink: /home/gaurav/mrs_workspace/install/mrs_modules_msgs/include/mrs_modules_msgs/mrs_modules_msgs/msg/detail/parachute_diagnostics__rosidl_typesupport_fastrtps_c.h
-- Up-to-date symlink: /home/gaurav/mrs_workspace/install/mrs_modules_msgs/include/mrs_modules_msgs/mrs_modules_msgs/msg/detail/pcl_tools_diagnostics__rosidl_typesupport_fastrtps_c.h
-- Up-to-date symlink: /home/gaurav/mrs_workspace/install/mrs_modules_msgs/include/mrs_modules_msgs/mrs_modules_msgs/msg/detail/pose_with_size__rosidl_typesupport_fastrtps_c.h
-- Up-to-date symlink: /home/gaurav/mrs_workspace/install/mrs_modules_msgs/include/mrs_modules_msgs/mrs_modules_msgs/msg/detail/range__rosidl_typesupport_fastrtps_c.h
-- Up-to-date symlink: /home/gaurav/mrs_workspace/install/mrs_modules_msgs/include/mrs_modules_msgs/mrs_modules_msgs/msg/detail/range_information__rosidl_typesupport_fastrtps_c.h
-- Up-to-date symlink: /home/gaurav/mrs_workspace/install/mrs_modules_msgs/include/mrs_modules_msgs/mrs_modules_msgs/msg/detail/satellite__rosidl_typesupport_fastrtps_c.h
-- Up-to-date symlink: /home/gaurav/mrs_workspace/install/mrs_modules_msgs/include/mrs_modules_msgs/mrs_modules_msgs/msg/detail/sensor_info__rosidl_typesupport_fastrtps_c.h
-- Up-to-date symlink: /home/gaurav/mrs_workspace/install/mrs_modules_msgs/include/mrs_modules_msgs/mrs_modules_msgs/msg/detail/serial_raw__rosidl_typesupport_fastrtps_c.h
-- Up-to-date symlink: /home/gaurav/mrs_workspace/install/mrs_modules_msgs/include/mrs_modules_msgs/mrs_modules_msgs/msg/detail/tersus_message_header__rosidl_typesupport_fastrtps_c.h
-- Up-to-date symlink: /home/gaurav/mrs_workspace/install/mrs_modules_msgs/include/mrs_modules_msgs/mrs_modules_msgs/msg/detail/time__rosidl_typesupport_fastrtps_c.h
-- Up-to-date symlink: /home/gaurav/mrs_workspace/install/mrs_modules_msgs/include/mrs_modules_msgs/mrs_modules_msgs/msg/detail/trackstat__rosidl_typesupport_fastrtps_c.h
-- Up-to-date symlink: /home/gaurav/mrs_workspace/install/mrs_modules_msgs/include/mrs_modules_msgs/mrs_modules_msgs/msg/detail/trackstat_channel__rosidl_typesupport_fastrtps_c.h
-- Up-to-date symlink: /home/gaurav/mrs_workspace/install/mrs_modules_msgs/include/mrs_modules_msgs/mrs_modules_msgs/msg/rosidl_typesupport_fastrtps_c__visibility_control.h
-- Up-to-date symlink: /home/gaurav/mrs_workspace/install/mrs_modules_msgs/include/mrs_modules_msgs/mrs_modules_msgs/srv/detail/path__rosidl_typesupport_fastrtps_c.h
-- Up-to-date symlink: /home/gaurav/mrs_workspace/install/mrs_modules_msgs/include/mrs_modules_msgs/mrs_modules_msgs/srv/detail/set_servo__rosidl_typesupport_fastrtps_c.h
-- Up-to-date symlink: /home/gaurav/mrs_workspace/install/mrs_modules_msgs/include/mrs_modules_msgs/mrs_modules_msgs/srv/detail/set_trigger__rosidl_typesupport_fastrtps_c.h
-- Up-to-date symlink: /home/gaurav/mrs_workspace/install/mrs_modules_msgs/include/mrs_modules_msgs/mrs_modules_msgs/msg/baca_protocol.hpp
-- Up-to-date symlink: /home/gaurav/mrs_workspace/install/mrs_modules_msgs/include/mrs_modules_msgs/mrs_modules_msgs/msg/bestpos.hpp
-- Up-to-date symlink: /home/gaurav/mrs_workspace/install/mrs_modules_msgs/include/mrs_modules_msgs/mrs_modules_msgs/msg/bestvel.hpp
-- Up-to-date symlink: /home/gaurav/mrs_workspace/install/mrs_modules_msgs/include/mrs_modules_msgs/mrs_modules_msgs/msg/detail/baca_protocol__builder.hpp
-- Up-to-date symlink: /home/gaurav/mrs_workspace/install/mrs_modules_msgs/include/mrs_modules_msgs/mrs_modules_msgs/msg/detail/baca_protocol__struct.hpp
-- Up-to-date symlink: /home/gaurav/mrs_workspace/install/mrs_modules_msgs/include/mrs_modules_msgs/mrs_modules_msgs/msg/detail/baca_protocol__traits.hpp
-- Up-to-date symlink: /home/gaurav/mrs_workspace/install/mrs_modules_msgs/include/mrs_modules_msgs/mrs_modules_msgs/msg/detail/baca_protocol__type_support.hpp
-- Up-to-date symlink: /home/gaurav/mrs_workspace/install/mrs_modules_msgs/include/mrs_modules_msgs/mrs_modules_msgs/msg/detail/bestpos__builder.hpp
-- Up-to-date symlink: /home/gaurav/mrs_workspace/install/mrs_modules_msgs/include/mrs_modules_msgs/mrs_modules_msgs/msg/detail/bestpos__struct.hpp
-- Up-to-date symlink: /home/gaurav/mrs_workspace/install/mrs_modules_msgs/include/mrs_modules_msgs/mrs_modules_msgs/msg/detail/bestpos__traits.hpp
-- Up-to-date symlink: /home/gaurav/mrs_workspace/install/mrs_modules_msgs/include/mrs_modules_msgs/mrs_modules_msgs/msg/detail/bestpos__type_support.hpp
-- Up-to-date symlink: /home/gaurav/mrs_workspace/install/mrs_modules_msgs/include/mrs_modules_msgs/mrs_modules_msgs/msg/detail/bestvel__builder.hpp
-- Up-to-date symlink: /home/gaurav/mrs_workspace/install/mrs_modules_msgs/include/mrs_modules_msgs/mrs_modules_msgs/msg/detail/bestvel__struct.hpp
-- Up-to-date symlink: /home/gaurav/mrs_workspace/install/mrs_modules_msgs/include/mrs_modules_msgs/mrs_modules_msgs/msg/detail/bestvel__traits.hpp
-- Up-to-date symlink: /home/gaurav/mrs_workspace/install/mrs_modules_msgs/include/mrs_modules_msgs/mrs_modules_msgs/msg/detail/bestvel__type_support.hpp
-- Up-to-date symlink: /home/gaurav/mrs_workspace/install/mrs_modules_msgs/include/mrs_modules_msgs/mrs_modules_msgs/msg/detail/gimbal_pry__builder.hpp
-- Up-to-date symlink: /home/gaurav/mrs_workspace/install/mrs_modules_msgs/include/mrs_modules_msgs/mrs_modules_msgs/msg/detail/gimbal_pry__struct.hpp
-- Up-to-date symlink: /home/gaurav/mrs_workspace/install/mrs_modules_msgs/include/mrs_modules_msgs/mrs_modules_msgs/msg/detail/gimbal_pry__traits.hpp
-- Up-to-date symlink: /home/gaurav/mrs_workspace/install/mrs_modules_msgs/include/mrs_modules_msgs/mrs_modules_msgs/msg/detail/gimbal_pry__type_support.hpp
-- Up-to-date symlink: /home/gaurav/mrs_workspace/install/mrs_modules_msgs/include/mrs_modules_msgs/mrs_modules_msgs/msg/detail/gpgga__builder.hpp
-- Up-to-date symlink: /home/gaurav/mrs_workspace/install/mrs_modules_msgs/include/mrs_modules_msgs/mrs_modules_msgs/msg/detail/gpgga__struct.hpp
-- Up-to-date symlink: /home/gaurav/mrs_workspace/install/mrs_modules_msgs/include/mrs_modules_msgs/mrs_modules_msgs/msg/detail/gpgga__traits.hpp
-- Up-to-date symlink: /home/gaurav/mrs_workspace/install/mrs_modules_msgs/include/mrs_modules_msgs/mrs_modules_msgs/msg/detail/gpgga__type_support.hpp
-- Up-to-date symlink: /home/gaurav/mrs_workspace/install/mrs_modules_msgs/include/mrs_modules_msgs/mrs_modules_msgs/msg/detail/gpgsa__builder.hpp
-- Up-to-date symlink: /home/gaurav/mrs_workspace/install/mrs_modules_msgs/include/mrs_modules_msgs/mrs_modules_msgs/msg/detail/gpgsa__struct.hpp
-- Up-to-date symlink: /home/gaurav/mrs_workspace/install/mrs_modules_msgs/include/mrs_modules_msgs/mrs_modules_msgs/msg/detail/gpgsa__traits.hpp
-- Up-to-date symlink: /home/gaurav/mrs_workspace/install/mrs_modules_msgs/include/mrs_modules_msgs/mrs_modules_msgs/msg/detail/gpgsa__type_support.hpp
-- Up-to-date symlink: /home/gaurav/mrs_workspace/install/mrs_modules_msgs/include/mrs_modules_msgs/mrs_modules_msgs/msg/detail/gpgst__builder.hpp
-- Up-to-date symlink: /home/gaurav/mrs_workspace/install/mrs_modules_msgs/include/mrs_modules_msgs/mrs_modules_msgs/msg/detail/gpgst__struct.hpp
-- Up-to-date symlink: /home/gaurav/mrs_workspace/install/mrs_modules_msgs/include/mrs_modules_msgs/mrs_modules_msgs/msg/detail/gpgst__traits.hpp
-- Up-to-date symlink: /home/gaurav/mrs_workspace/install/mrs_modules_msgs/include/mrs_modules_msgs/mrs_modules_msgs/msg/detail/gpgst__type_support.hpp
-- Up-to-date symlink: /home/gaurav/mrs_workspace/install/mrs_modules_msgs/include/mrs_modules_msgs/mrs_modules_msgs/msg/detail/gpgsv__builder.hpp
-- Up-to-date symlink: /home/gaurav/mrs_workspace/install/mrs_modules_msgs/include/mrs_modules_msgs/mrs_modules_msgs/msg/detail/gpgsv__struct.hpp
-- Up-to-date symlink: /home/gaurav/mrs_workspace/install/mrs_modules_msgs/include/mrs_modules_msgs/mrs_modules_msgs/msg/detail/gpgsv__traits.hpp
-- Up-to-date symlink: /home/gaurav/mrs_workspace/install/mrs_modules_msgs/include/mrs_modules_msgs/mrs_modules_msgs/msg/detail/gpgsv__type_support.hpp
-- Up-to-date symlink: /home/gaurav/mrs_workspace/install/mrs_modules_msgs/include/mrs_modules_msgs/mrs_modules_msgs/msg/detail/gprmc__builder.hpp
-- Up-to-date symlink: /home/gaurav/mrs_workspace/install/mrs_modules_msgs/include/mrs_modules_msgs/mrs_modules_msgs/msg/detail/gprmc__struct.hpp
-- Up-to-date symlink: /home/gaurav/mrs_workspace/install/mrs_modules_msgs/include/mrs_modules_msgs/mrs_modules_msgs/msg/detail/gprmc__traits.hpp
-- Up-to-date symlink: /home/gaurav/mrs_workspace/install/mrs_modules_msgs/include/mrs_modules_msgs/mrs_modules_msgs/msg/detail/gprmc__type_support.hpp
-- Up-to-date symlink: /home/gaurav/mrs_workspace/install/mrs_modules_msgs/include/mrs_modules_msgs/mrs_modules_msgs/msg/detail/gps_fix__builder.hpp
-- Up-to-date symlink: /home/gaurav/mrs_workspace/install/mrs_modules_msgs/include/mrs_modules_msgs/mrs_modules_msgs/msg/detail/gps_fix__struct.hpp
-- Up-to-date symlink: /home/gaurav/mrs_workspace/install/mrs_modules_msgs/include/mrs_modules_msgs/mrs_modules_msgs/msg/detail/gps_fix__traits.hpp
-- Up-to-date symlink: /home/gaurav/mrs_workspace/install/mrs_modules_msgs/include/mrs_modules_msgs/mrs_modules_msgs/msg/detail/gps_fix__type_support.hpp
-- Up-to-date symlink: /home/gaurav/mrs_workspace/install/mrs_modules_msgs/include/mrs_modules_msgs/mrs_modules_msgs/msg/detail/gps_status__builder.hpp
-- Up-to-date symlink: /home/gaurav/mrs_workspace/install/mrs_modules_msgs/include/mrs_modules_msgs/mrs_modules_msgs/msg/detail/gps_status__struct.hpp
-- Up-to-date symlink: /home/gaurav/mrs_workspace/install/mrs_modules_msgs/include/mrs_modules_msgs/mrs_modules_msgs/msg/detail/gps_status__traits.hpp
-- Up-to-date symlink: /home/gaurav/mrs_workspace/install/mrs_modules_msgs/include/mrs_modules_msgs/mrs_modules_msgs/msg/detail/gps_status__type_support.hpp
-- Up-to-date symlink: /home/gaurav/mrs_workspace/install/mrs_modules_msgs/include/mrs_modules_msgs/mrs_modules_msgs/msg/detail/gpvtg__builder.hpp
-- Up-to-date symlink: /home/gaurav/mrs_workspace/install/mrs_modules_msgs/include/mrs_modules_msgs/mrs_modules_msgs/msg/detail/gpvtg__struct.hpp
-- Up-to-date symlink: /home/gaurav/mrs_workspace/install/mrs_modules_msgs/include/mrs_modules_msgs/mrs_modules_msgs/msg/detail/gpvtg__traits.hpp
-- Up-to-date symlink: /home/gaurav/mrs_workspace/install/mrs_modules_msgs/include/mrs_modules_msgs/mrs_modules_msgs/msg/detail/gpvtg__type_support.hpp
-- Up-to-date symlink: /home/gaurav/mrs_workspace/install/mrs_modules_msgs/include/mrs_modules_msgs/mrs_modules_msgs/msg/detail/gripper_diagnostics__builder.hpp
-- Up-to-date symlink: /home/gaurav/mrs_workspace/install/mrs_modules_msgs/include/mrs_modules_msgs/mrs_modules_msgs/msg/detail/gripper_diagnostics__struct.hpp
-- Up-to-date symlink: /home/gaurav/mrs_workspace/install/mrs_modules_msgs/include/mrs_modules_msgs/mrs_modules_msgs/msg/detail/gripper_diagnostics__traits.hpp
-- Up-to-date symlink: /home/gaurav/mrs_workspace/install/mrs_modules_msgs/include/mrs_modules_msgs/mrs_modules_msgs/msg/detail/gripper_diagnostics__type_support.hpp
-- Up-to-date symlink: /home/gaurav/mrs_workspace/install/mrs_modules_msgs/include/mrs_modules_msgs/mrs_modules_msgs/msg/detail/llcp__builder.hpp
-- Up-to-date symlink: /home/gaurav/mrs_workspace/install/mrs_modules_msgs/include/mrs_modules_msgs/mrs_modules_msgs/msg/detail/llcp__struct.hpp
-- Up-to-date symlink: /home/gaurav/mrs_workspace/install/mrs_modules_msgs/include/mrs_modules_msgs/mrs_modules_msgs/msg/detail/llcp__traits.hpp
-- Up-to-date symlink: /home/gaurav/mrs_workspace/install/mrs_modules_msgs/include/mrs_modules_msgs/mrs_modules_msgs/msg/detail/llcp__type_support.hpp
-- Up-to-date symlink: /home/gaurav/mrs_workspace/install/mrs_modules_msgs/include/mrs_modules_msgs/mrs_modules_msgs/msg/detail/octomap_planner_diagnostics__builder.hpp
-- Up-to-date symlink: /home/gaurav/mrs_workspace/install/mrs_modules_msgs/include/mrs_modules_msgs/mrs_modules_msgs/msg/detail/octomap_planner_diagnostics__struct.hpp
-- Up-to-date symlink: /home/gaurav/mrs_workspace/install/mrs_modules_msgs/include/mrs_modules_msgs/mrs_modules_msgs/msg/detail/octomap_planner_diagnostics__traits.hpp
-- Up-to-date symlink: /home/gaurav/mrs_workspace/install/mrs_modules_msgs/include/mrs_modules_msgs/mrs_modules_msgs/msg/detail/octomap_planner_diagnostics__type_support.hpp
-- Up-to-date symlink: /home/gaurav/mrs_workspace/install/mrs_modules_msgs/include/mrs_modules_msgs/mrs_modules_msgs/msg/detail/parachute_diagnostics__builder.hpp
-- Up-to-date symlink: /home/gaurav/mrs_workspace/install/mrs_modules_msgs/include/mrs_modules_msgs/mrs_modules_msgs/msg/detail/parachute_diagnostics__struct.hpp
-- Up-to-date symlink: /home/gaurav/mrs_workspace/install/mrs_modules_msgs/include/mrs_modules_msgs/mrs_modules_msgs/msg/detail/parachute_diagnostics__traits.hpp
-- Up-to-date symlink: /home/gaurav/mrs_workspace/install/mrs_modules_msgs/include/mrs_modules_msgs/mrs_modules_msgs/msg/detail/parachute_diagnostics__type_support.hpp
-- Up-to-date symlink: /home/gaurav/mrs_workspace/install/mrs_modules_msgs/include/mrs_modules_msgs/mrs_modules_msgs/msg/detail/pcl_tools_diagnostics__builder.hpp
-- Up-to-date symlink: /home/gaurav/mrs_workspace/install/mrs_modules_msgs/include/mrs_modules_msgs/mrs_modules_msgs/msg/detail/pcl_tools_diagnostics__struct.hpp
-- Up-to-date symlink: /home/gaurav/mrs_workspace/install/mrs_modules_msgs/include/mrs_modules_msgs/mrs_modules_msgs/msg/detail/pcl_tools_diagnostics__traits.hpp
-- Up-to-date symlink: /home/gaurav/mrs_workspace/install/mrs_modules_msgs/include/mrs_modules_msgs/mrs_modules_msgs/msg/detail/pcl_tools_diagnostics__type_support.hpp
-- Up-to-date symlink: /home/gaurav/mrs_workspace/install/mrs_modules_msgs/include/mrs_modules_msgs/mrs_modules_msgs/msg/detail/pose_with_size__builder.hpp
-- Up-to-date symlink: /home/gaurav/mrs_workspace/install/mrs_modules_msgs/include/mrs_modules_msgs/mrs_modules_msgs/msg/detail/pose_with_size__struct.hpp
-- Up-to-date symlink: /home/gaurav/mrs_workspace/install/mrs_modules_msgs/include/mrs_modules_msgs/mrs_modules_msgs/msg/detail/pose_with_size__traits.hpp
-- Up-to-date symlink: /home/gaurav/mrs_workspace/install/mrs_modules_msgs/include/mrs_modules_msgs/mrs_modules_msgs/msg/detail/pose_with_size__type_support.hpp
-- Up-to-date symlink: /home/gaurav/mrs_workspace/install/mrs_modules_msgs/include/mrs_modules_msgs/mrs_modules_msgs/msg/detail/range__builder.hpp
-- Up-to-date symlink: /home/gaurav/mrs_workspace/install/mrs_modules_msgs/include/mrs_modules_msgs/mrs_modules_msgs/msg/detail/range__struct.hpp
-- Up-to-date symlink: /home/gaurav/mrs_workspace/install/mrs_modules_msgs/include/mrs_modules_msgs/mrs_modules_msgs/msg/detail/range__traits.hpp
-- Up-to-date symlink: /home/gaurav/mrs_workspace/install/mrs_modules_msgs/include/mrs_modules_msgs/mrs_modules_msgs/msg/detail/range__type_support.hpp
-- Up-to-date symlink: /home/gaurav/mrs_workspace/install/mrs_modules_msgs/include/mrs_modules_msgs/mrs_modules_msgs/msg/detail/range_information__builder.hpp
-- Up-to-date symlink: /home/gaurav/mrs_workspace/install/mrs_modules_msgs/include/mrs_modules_msgs/mrs_modules_msgs/msg/detail/range_information__struct.hpp
-- Up-to-date symlink: /home/gaurav/mrs_workspace/install/mrs_modules_msgs/include/mrs_modules_msgs/mrs_modules_msgs/msg/detail/range_information__traits.hpp
-- Up-to-date symlink: /home/gaurav/mrs_workspace/install/mrs_modules_msgs/include/mrs_modules_msgs/mrs_modules_msgs/msg/detail/range_information__type_support.hpp
-- Up-to-date symlink: /home/gaurav/mrs_workspace/install/mrs_modules_msgs/include/mrs_modules_msgs/mrs_modules_msgs/msg/detail/satellite__builder.hpp
-- Up-to-date symlink: /home/gaurav/mrs_workspace/install/mrs_modules_msgs/include/mrs_modules_msgs/mrs_modules_msgs/msg/detail/satellite__struct.hpp
-- Up-to-date symlink: /home/gaurav/mrs_workspace/install/mrs_modules_msgs/include/mrs_modules_msgs/mrs_modules_msgs/msg/detail/satellite__traits.hpp
-- Up-to-date symlink: /home/gaurav/mrs_workspace/install/mrs_modules_msgs/include/mrs_modules_msgs/mrs_modules_msgs/msg/detail/satellite__type_support.hpp
-- Up-to-date symlink: /home/gaurav/mrs_workspace/install/mrs_modules_msgs/include/mrs_modules_msgs/mrs_modules_msgs/msg/detail/sensor_info__builder.hpp
-- Up-to-date symlink: /home/gaurav/mrs_workspace/install/mrs_modules_msgs/include/mrs_modules_msgs/mrs_modules_msgs/msg/detail/sensor_info__struct.hpp
-- Up-to-date symlink: /home/gaurav/mrs_workspace/install/mrs_modules_msgs/include/mrs_modules_msgs/mrs_modules_msgs/msg/detail/sensor_info__traits.hpp
-- Up-to-date symlink: /home/gaurav/mrs_workspace/install/mrs_modules_msgs/include/mrs_modules_msgs/mrs_modules_msgs/msg/detail/sensor_info__type_support.hpp
-- Up-to-date symlink: /home/gaurav/mrs_workspace/install/mrs_modules_msgs/include/mrs_modules_msgs/mrs_modules_msgs/msg/detail/serial_raw__builder.hpp
-- Up-to-date symlink: /home/gaurav/mrs_workspace/install/mrs_modules_msgs/include/mrs_modules_msgs/mrs_modules_msgs/msg/detail/serial_raw__struct.hpp
-- Up-to-date symlink: /home/gaurav/mrs_workspace/install/mrs_modules_msgs/include/mrs_modules_msgs/mrs_modules_msgs/msg/detail/serial_raw__traits.hpp
-- Up-to-date symlink: /home/gaurav/mrs_workspace/install/mrs_modules_msgs/include/mrs_modules_msgs/mrs_modules_msgs/msg/detail/serial_raw__type_support.hpp
-- Up-to-date symlink: /home/gaurav/mrs_workspace/install/mrs_modules_msgs/include/mrs_modules_msgs/mrs_modules_msgs/msg/detail/tersus_message_header__builder.hpp
-- Up-to-date symlink: /home/gaurav/mrs_workspace/install/mrs_modules_msgs/include/mrs_modules_msgs/mrs_modules_msgs/msg/detail/tersus_message_header__struct.hpp
-- Up-to-date symlink: /home/gaurav/mrs_workspace/install/mrs_modules_msgs/include/mrs_modules_msgs/mrs_modules_msgs/msg/detail/tersus_message_header__traits.hpp
-- Up-to-date symlink: /home/gaurav/mrs_workspace/install/mrs_modules_msgs/include/mrs_modules_msgs/mrs_modules_msgs/msg/detail/tersus_message_header__type_support.hpp
-- Up-to-date symlink: /home/gaurav/mrs_workspace/install/mrs_modules_msgs/include/mrs_modules_msgs/mrs_modules_msgs/msg/detail/time__builder.hpp
-- Up-to-date symlink: /home/gaurav/mrs_workspace/install/mrs_modules_msgs/include/mrs_modules_msgs/mrs_modules_msgs/msg/detail/time__struct.hpp
-- Up-to-date symlink: /home/gaurav/mrs_workspace/install/mrs_modules_msgs/include/mrs_modules_msgs/mrs_modules_msgs/msg/detail/time__traits.hpp
-- Up-to-date symlink: /home/gaurav/mrs_workspace/install/mrs_modules_msgs/include/mrs_modules_msgs/mrs_modules_msgs/msg/detail/time__type_support.hpp
-- Up-to-date symlink: /home/gaurav/mrs_workspace/install/mrs_modules_msgs/include/mrs_modules_msgs/mrs_modules_msgs/msg/detail/trackstat__builder.hpp
-- Up-to-date symlink: /home/gaurav/mrs_workspace/install/mrs_modules_msgs/include/mrs_modules_msgs/mrs_modules_msgs/msg/detail/trackstat__struct.hpp
-- Up-to-date symlink: /home/gaurav/mrs_workspace/install/mrs_modules_msgs/include/mrs_modules_msgs/mrs_modules_msgs/msg/detail/trackstat__traits.hpp
-- Up-to-date symlink: /home/gaurav/mrs_workspace/install/mrs_modules_msgs/include/mrs_modules_msgs/mrs_modules_msgs/msg/detail/trackstat__type_support.hpp
-- Up-to-date symlink: /home/gaurav/mrs_workspace/install/mrs_modules_msgs/include/mrs_modules_msgs/mrs_modules_msgs/msg/detail/trackstat_channel__builder.hpp
-- Up-to-date symlink: /home/gaurav/mrs_workspace/install/mrs_modules_msgs/include/mrs_modules_msgs/mrs_modules_msgs/msg/detail/trackstat_channel__struct.hpp
-- Up-to-date symlink: /home/gaurav/mrs_workspace/install/mrs_modules_msgs/include/mrs_modules_msgs/mrs_modules_msgs/msg/detail/trackstat_channel__traits.hpp
-- Up-to-date symlink: /home/gaurav/mrs_workspace/install/mrs_modules_msgs/include/mrs_modules_msgs/mrs_modules_msgs/msg/detail/trackstat_channel__type_support.hpp
-- Up-to-date symlink: /home/gaurav/mrs_workspace/install/mrs_modules_msgs/include/mrs_modules_msgs/mrs_modules_msgs/msg/gimbal_pry.hpp
-- Up-to-date symlink: /home/gaurav/mrs_workspace/install/mrs_modules_msgs/include/mrs_modules_msgs/mrs_modules_msgs/msg/gpgga.hpp
-- Up-to-date symlink: /home/gaurav/mrs_workspace/install/mrs_modules_msgs/include/mrs_modules_msgs/mrs_modules_msgs/msg/gpgsa.hpp
-- Up-to-date symlink: /home/gaurav/mrs_workspace/install/mrs_modules_msgs/include/mrs_modules_msgs/mrs_modules_msgs/msg/gpgst.hpp
-- Up-to-date symlink: /home/gaurav/mrs_workspace/install/mrs_modules_msgs/include/mrs_modules_msgs/mrs_modules_msgs/msg/gpgsv.hpp
-- Up-to-date symlink: /home/gaurav/mrs_workspace/install/mrs_modules_msgs/include/mrs_modules_msgs/mrs_modules_msgs/msg/gprmc.hpp
-- Up-to-date symlink: /home/gaurav/mrs_workspace/install/mrs_modules_msgs/include/mrs_modules_msgs/mrs_modules_msgs/msg/gps_fix.hpp
-- Up-to-date symlink: /home/gaurav/mrs_workspace/install/mrs_modules_msgs/include/mrs_modules_msgs/mrs_modules_msgs/msg/gps_status.hpp
-- Up-to-date symlink: /home/gaurav/mrs_workspace/install/mrs_modules_msgs/include/mrs_modules_msgs/mrs_modules_msgs/msg/gpvtg.hpp
-- Up-to-date symlink: /home/gaurav/mrs_workspace/install/mrs_modules_msgs/include/mrs_modules_msgs/mrs_modules_msgs/msg/gripper_diagnostics.hpp
-- Up-to-date symlink: /home/gaurav/mrs_workspace/install/mrs_modules_msgs/include/mrs_modules_msgs/mrs_modules_msgs/msg/llcp.hpp
-- Up-to-date symlink: /home/gaurav/mrs_workspace/install/mrs_modules_msgs/include/mrs_modules_msgs/mrs_modules_msgs/msg/octomap_planner_diagnostics.hpp
-- Up-to-date symlink: /home/gaurav/mrs_workspace/install/mrs_modules_msgs/include/mrs_modules_msgs/mrs_modules_msgs/msg/parachute_diagnostics.hpp
-- Up-to-date symlink: /home/gaurav/mrs_workspace/install/mrs_modules_msgs/include/mrs_modules_msgs/mrs_modules_msgs/msg/pcl_tools_diagnostics.hpp
-- Up-to-date symlink: /home/gaurav/mrs_workspace/install/mrs_modules_msgs/include/mrs_modules_msgs/mrs_modules_msgs/msg/pose_with_size.hpp
-- Up-to-date symlink: /home/gaurav/mrs_workspace/install/mrs_modules_msgs/include/mrs_modules_msgs/mrs_modules_msgs/msg/range.hpp
-- Up-to-date symlink: /home/gaurav/mrs_workspace/install/mrs_modules_msgs/include/mrs_modules_msgs/mrs_modules_msgs/msg/range_information.hpp
-- Up-to-date symlink: /home/gaurav/mrs_workspace/install/mrs_modules_msgs/include/mrs_modules_msgs/mrs_modules_msgs/msg/rosidl_generator_cpp__visibility_control.hpp
-- Up-to-date symlink: /home/gaurav/mrs_workspace/install/mrs_modules_msgs/include/mrs_modules_msgs/mrs_modules_msgs/msg/satellite.hpp
-- Up-to-date symlink: /home/gaurav/mrs_workspace/install/mrs_modules_msgs/include/mrs_modules_msgs/mrs_modules_msgs/msg/sensor_info.hpp
-- Up-to-date symlink: /home/gaurav/mrs_workspace/install/mrs_modules_msgs/include/mrs_modules_msgs/mrs_modules_msgs/msg/serial_raw.hpp
-- Up-to-date symlink: /home/gaurav/mrs_workspace/install/mrs_modules_msgs/include/mrs_modules_msgs/mrs_modules_msgs/msg/tersus_message_header.hpp
-- Up-to-date symlink: /home/gaurav/mrs_workspace/install/mrs_modules_msgs/include/mrs_modules_msgs/mrs_modules_msgs/msg/time.hpp
-- Up-to-date symlink: /home/gaurav/mrs_workspace/install/mrs_modules_msgs/include/mrs_modules_msgs/mrs_modules_msgs/msg/trackstat.hpp
-- Up-to-date symlink: /home/gaurav/mrs_workspace/install/mrs_modules_msgs/include/mrs_modules_msgs/mrs_modules_msgs/msg/trackstat_channel.hpp
-- Up-to-date symlink: /home/gaurav/mrs_workspace/install/mrs_modules_msgs/include/mrs_modules_msgs/mrs_modules_msgs/srv/detail/path__builder.hpp
-- Up-to-date symlink: /home/gaurav/mrs_workspace/install/mrs_modules_msgs/include/mrs_modules_msgs/mrs_modules_msgs/srv/detail/path__struct.hpp
-- Up-to-date symlink: /home/gaurav/mrs_workspace/install/mrs_modules_msgs/include/mrs_modules_msgs/mrs_modules_msgs/srv/detail/path__traits.hpp
-- Up-to-date symlink: /home/gaurav/mrs_workspace/install/mrs_modules_msgs/include/mrs_modules_msgs/mrs_modules_msgs/srv/detail/path__type_support.hpp
-- Up-to-date symlink: /home/gaurav/mrs_workspace/install/mrs_modules_msgs/include/mrs_modules_msgs/mrs_modules_msgs/srv/detail/set_servo__builder.hpp
-- Up-to-date symlink: /home/gaurav/mrs_workspace/install/mrs_modules_msgs/include/mrs_modules_msgs/mrs_modules_msgs/srv/detail/set_servo__struct.hpp
-- Up-to-date symlink: /home/gaurav/mrs_workspace/install/mrs_modules_msgs/include/mrs_modules_msgs/mrs_modules_msgs/srv/detail/set_servo__traits.hpp
-- Up-to-date symlink: /home/gaurav/mrs_workspace/install/mrs_modules_msgs/include/mrs_modules_msgs/mrs_modules_msgs/srv/detail/set_servo__type_support.hpp
-- Up-to-date symlink: /home/gaurav/mrs_workspace/install/mrs_modules_msgs/include/mrs_modules_msgs/mrs_modules_msgs/srv/detail/set_trigger__builder.hpp
-- Up-to-date symlink: /home/gaurav/mrs_workspace/install/mrs_modules_msgs/include/mrs_modules_msgs/mrs_modules_msgs/srv/detail/set_trigger__struct.hpp
-- Up-to-date symlink: /home/gaurav/mrs_workspace/install/mrs_modules_msgs/include/mrs_modules_msgs/mrs_modules_msgs/srv/detail/set_trigger__traits.hpp
-- Up-to-date symlink: /home/gaurav/mrs_workspace/install/mrs_modules_msgs/include/mrs_modules_msgs/mrs_modules_msgs/srv/detail/set_trigger__type_support.hpp
-- Up-to-date symlink: /home/gaurav/mrs_workspace/install/mrs_modules_msgs/include/mrs_modules_msgs/mrs_modules_msgs/srv/path.hpp
-- Up-to-date symlink: /home/gaurav/mrs_workspace/install/mrs_modules_msgs/include/mrs_modules_msgs/mrs_modules_msgs/srv/set_servo.hpp
-- Up-to-date symlink: /home/gaurav/mrs_workspace/install/mrs_modules_msgs/include/mrs_modules_msgs/mrs_modules_msgs/srv/set_trigger.hpp
-- Up-to-date symlink: /home/gaurav/mrs_workspace/install/mrs_modules_msgs/include/mrs_modules_msgs/mrs_modules_msgs/msg/detail/baca_protocol__rosidl_typesupport_fastrtps_cpp.hpp
-- Up-to-date symlink: /home/gaurav/mrs_workspace/install/mrs_modules_msgs/include/mrs_modules_msgs/mrs_modules_msgs/msg/detail/bestpos__rosidl_typesupport_fastrtps_cpp.hpp
-- Up-to-date symlink: /home/gaurav/mrs_workspace/install/mrs_modules_msgs/include/mrs_modules_msgs/mrs_modules_msgs/msg/detail/bestvel__rosidl_typesupport_fastrtps_cpp.hpp
-- Up-to-date symlink: /home/gaurav/mrs_workspace/install/mrs_modules_msgs/include/mrs_modules_msgs/mrs_modules_msgs/msg/detail/gimbal_pry__rosidl_typesupport_fastrtps_cpp.hpp
-- Up-to-date symlink: /home/gaurav/mrs_workspace/install/mrs_modules_msgs/include/mrs_modules_msgs/mrs_modules_msgs/msg/detail/gpgga__rosidl_typesupport_fastrtps_cpp.hpp
-- Up-to-date symlink: /home/gaurav/mrs_workspace/install/mrs_modules_msgs/include/mrs_modules_msgs/mrs_modules_msgs/msg/detail/gpgsa__rosidl_typesupport_fastrtps_cpp.hpp
-- Up-to-date symlink: /home/gaurav/mrs_workspace/install/mrs_modules_msgs/include/mrs_modules_msgs/mrs_modules_msgs/msg/detail/gpgst__rosidl_typesupport_fastrtps_cpp.hpp
-- Up-to-date symlink: /home/gaurav/mrs_workspace/install/mrs_modules_msgs/include/mrs_modules_msgs/mrs_modules_msgs/msg/detail/gpgsv__rosidl_typesupport_fastrtps_cpp.hpp
-- Up-to-date symlink: /home/gaurav/mrs_workspace/install/mrs_modules_msgs/include/mrs_modules_msgs/mrs_modules_msgs/msg/detail/gprmc__rosidl_typesupport_fastrtps_cpp.hpp
-- Up-to-date symlink: /home/gaurav/mrs_workspace/install/mrs_modules_msgs/include/mrs_modules_msgs/mrs_modules_msgs/msg/detail/gps_fix__rosidl_typesupport_fastrtps_cpp.hpp
-- Up-to-date symlink: /home/gaurav/mrs_workspace/install/mrs_modules_msgs/include/mrs_modules_msgs/mrs_modules_msgs/msg/detail/gps_status__rosidl_typesupport_fastrtps_cpp.hpp
-- Up-to-date symlink: /home/gaurav/mrs_workspace/install/mrs_modules_msgs/include/mrs_modules_msgs/mrs_modules_msgs/msg/detail/gpvtg__rosidl_typesupport_fastrtps_cpp.hpp
-- Up-to-date symlink: /home/gaurav/mrs_workspace/install/mrs_modules_msgs/include/mrs_modules_msgs/mrs_modules_msgs/msg/detail/gripper_diagnostics__rosidl_typesupport_fastrtps_cpp.hpp
-- Up-to-date symlink: /home/gaurav/mrs_workspace/install/mrs_modules_msgs/include/mrs_modules_msgs/mrs_modules_msgs/msg/detail/llcp__rosidl_typesupport_fastrtps_cpp.hpp
-- Up-to-date symlink: /home/gaurav/mrs_workspace/install/mrs_modules_msgs/include/mrs_modules_msgs/mrs_modules_msgs/msg/detail/octomap_planner_diagnostics__rosidl_typesupport_fastrtps_cpp.hpp
-- Up-to-date symlink: /home/gaurav/mrs_workspace/install/mrs_modules_msgs/include/mrs_modules_msgs/mrs_modules_msgs/msg/detail/parachute_diagnostics__rosidl_typesupport_fastrtps_cpp.hpp
-- Up-to-date symlink: /home/gaurav/mrs_workspace/install/mrs_modules_msgs/include/mrs_modules_msgs/mrs_modules_msgs/msg/detail/pcl_tools_diagnostics__rosidl_typesupport_fastrtps_cpp.hpp
-- Up-to-date symlink: /home/gaurav/mrs_workspace/install/mrs_modules_msgs/include/mrs_modules_msgs/mrs_modules_msgs/msg/detail/pose_with_size__rosidl_typesupport_fastrtps_cpp.hpp
-- Up-to-date symlink: /home/gaurav/mrs_workspace/install/mrs_modules_msgs/include/mrs_modules_msgs/mrs_modules_msgs/msg/detail/range__rosidl_typesupport_fastrtps_cpp.hpp
-- Up-to-date symlink: /home/gaurav/mrs_workspace/install/mrs_modules_msgs/include/mrs_modules_msgs/mrs_modules_msgs/msg/detail/range_information__rosidl_typesupport_fastrtps_cpp.hpp
-- Up-to-date symlink: /home/gaurav/mrs_workspace/install/mrs_modules_msgs/include/mrs_modules_msgs/mrs_modules_msgs/msg/detail/satellite__rosidl_typesupport_fastrtps_cpp.hpp
-- Up-to-date symlink: /home/gaurav/mrs_workspace/install/mrs_modules_msgs/include/mrs_modules_msgs/mrs_modules_msgs/msg/detail/sensor_info__rosidl_typesupport_fastrtps_cpp.hpp
-- Up-to-date symlink: /home/gaurav/mrs_workspace/install/mrs_modules_msgs/include/mrs_modules_msgs/mrs_modules_msgs/msg/detail/serial_raw__rosidl_typesupport_fastrtps_cpp.hpp
-- Up-to-date symlink: /home/gaurav/mrs_workspace/install/mrs_modules_msgs/include/mrs_modules_msgs/mrs_modules_msgs/msg/detail/tersus_message_header__rosidl_typesupport_fastrtps_cpp.hpp
-- Up-to-date symlink: /home/gaurav/mrs_workspace/install/mrs_modules_msgs/include/mrs_modules_msgs/mrs_modules_msgs/msg/detail/time__rosidl_typesupport_fastrtps_cpp.hpp
-- Up-to-date symlink: /home/gaurav/mrs_workspace/install/mrs_modules_msgs/include/mrs_modules_msgs/mrs_modules_msgs/msg/detail/trackstat__rosidl_typesupport_fastrtps_cpp.hpp
-- Up-to-date symlink: /home/gaurav/mrs_workspace/install/mrs_modules_msgs/include/mrs_modules_msgs/mrs_modules_msgs/msg/detail/trackstat_channel__rosidl_typesupport_fastrtps_cpp.hpp
-- Up-to-date symlink: /home/gaurav/mrs_workspace/install/mrs_modules_msgs/include/mrs_modules_msgs/mrs_modules_msgs/msg/rosidl_typesupport_fastrtps_cpp__visibility_control.h
-- Up-to-date symlink: /home/gaurav/mrs_workspace/install/mrs_modules_msgs/include/mrs_modules_msgs/mrs_modules_msgs/srv/detail/path__rosidl_typesupport_fastrtps_cpp.hpp
-- Up-to-date symlink: /home/gaurav/mrs_workspace/install/mrs_modules_msgs/include/mrs_modules_msgs/mrs_modules_msgs/srv/detail/set_servo__rosidl_typesupport_fastrtps_cpp.hpp
-- Up-to-date symlink: /home/gaurav/mrs_workspace/install/mrs_modules_msgs/include/mrs_modules_msgs/mrs_modules_msgs/srv/detail/set_trigger__rosidl_typesupport_fastrtps_cpp.hpp
-- Up-to-date symlink: /home/gaurav/mrs_workspace/install/mrs_modules_msgs/include/mrs_modules_msgs/mrs_modules_msgs/msg/detail/baca_protocol__rosidl_typesupport_introspection_c.h
-- Up-to-date symlink: /home/gaurav/mrs_workspace/install/mrs_modules_msgs/include/mrs_modules_msgs/mrs_modules_msgs/msg/detail/bestpos__rosidl_typesupport_introspection_c.h
-- Up-to-date symlink: /home/gaurav/mrs_workspace/install/mrs_modules_msgs/include/mrs_modules_msgs/mrs_modules_msgs/msg/detail/bestvel__rosidl_typesupport_introspection_c.h
-- Up-to-date symlink: /home/gaurav/mrs_workspace/install/mrs_modules_msgs/include/mrs_modules_msgs/mrs_modules_msgs/msg/detail/gimbal_pry__rosidl_typesupport_introspection_c.h
-- Up-to-date symlink: /home/gaurav/mrs_workspace/install/mrs_modules_msgs/include/mrs_modules_msgs/mrs_modules_msgs/msg/detail/gpgga__rosidl_typesupport_introspection_c.h
-- Up-to-date symlink: /home/gaurav/mrs_workspace/install/mrs_modules_msgs/include/mrs_modules_msgs/mrs_modules_msgs/msg/detail/gpgsa__rosidl_typesupport_introspection_c.h
-- Up-to-date symlink: /home/gaurav/mrs_workspace/install/mrs_modules_msgs/include/mrs_modules_msgs/mrs_modules_msgs/msg/detail/gpgst__rosidl_typesupport_introspection_c.h
-- Up-to-date symlink: /home/gaurav/mrs_workspace/install/mrs_modules_msgs/include/mrs_modules_msgs/mrs_modules_msgs/msg/detail/gpgsv__rosidl_typesupport_introspection_c.h
-- Up-to-date symlink: /home/gaurav/mrs_workspace/install/mrs_modules_msgs/include/mrs_modules_msgs/mrs_modules_msgs/msg/detail/gprmc__rosidl_typesupport_introspection_c.h
-- Up-to-date symlink: /home/gaurav/mrs_workspace/install/mrs_modules_msgs/include/mrs_modules_msgs/mrs_modules_msgs/msg/detail/gps_fix__rosidl_typesupport_introspection_c.h
-- Up-to-date symlink: /home/gaurav/mrs_workspace/install/mrs_modules_msgs/include/mrs_modules_msgs/mrs_modules_msgs/msg/detail/gps_status__rosidl_typesupport_introspection_c.h
-- Up-to-date symlink: /home/gaurav/mrs_workspace/install/mrs_modules_msgs/include/mrs_modules_msgs/mrs_modules_msgs/msg/detail/gpvtg__rosidl_typesupport_introspection_c.h
-- Up-to-date symlink: /home/gaurav/mrs_workspace/install/mrs_modules_msgs/include/mrs_modules_msgs/mrs_modules_msgs/msg/detail/gripper_diagnostics__rosidl_typesupport_introspection_c.h
-- Up-to-date symlink: /home/gaurav/mrs_workspace/install/mrs_modules_msgs/include/mrs_modules_msgs/mrs_modules_msgs/msg/detail/llcp__rosidl_typesupport_introspection_c.h
-- Up-to-date symlink: /home/gaurav/mrs_workspace/install/mrs_modules_msgs/include/mrs_modules_msgs/mrs_modules_msgs/msg/detail/octomap_planner_diagnostics__rosidl_typesupport_introspection_c.h
-- Up-to-date symlink: /home/gaurav/mrs_workspace/install/mrs_modules_msgs/include/mrs_modules_msgs/mrs_modules_msgs/msg/detail/parachute_diagnostics__rosidl_typesupport_introspection_c.h
-- Up-to-date symlink: /home/gaurav/mrs_workspace/install/mrs_modules_msgs/include/mrs_modules_msgs/mrs_modules_msgs/msg/detail/pcl_tools_diagnostics__rosidl_typesupport_introspection_c.h
-- Up-to-date symlink: /home/gaurav/mrs_workspace/install/mrs_modules_msgs/include/mrs_modules_msgs/mrs_modules_msgs/msg/detail/pose_with_size__rosidl_typesupport_introspection_c.h
-- Up-to-date symlink: /home/gaurav/mrs_workspace/install/mrs_modules_msgs/include/mrs_modules_msgs/mrs_modules_msgs/msg/detail/range__rosidl_typesupport_introspection_c.h
-- Up-to-date symlink: /home/gaurav/mrs_workspace/install/mrs_modules_msgs/include/mrs_modules_msgs/mrs_modules_msgs/msg/detail/range_information__rosidl_typesupport_introspection_c.h
-- Up-to-date symlink: /home/gaurav/mrs_workspace/install/mrs_modules_msgs/include/mrs_modules_msgs/mrs_modules_msgs/msg/detail/satellite__rosidl_typesupport_introspection_c.h
-- Up-to-date symlink: /home/gaurav/mrs_workspace/install/mrs_modules_msgs/include/mrs_modules_msgs/mrs_modules_msgs/msg/detail/sensor_info__rosidl_typesupport_introspection_c.h
-- Up-to-date symlink: /home/gaurav/mrs_workspace/install/mrs_modules_msgs/include/mrs_modules_msgs/mrs_modules_msgs/msg/detail/serial_raw__rosidl_typesupport_introspection_c.h
-- Up-to-date symlink: /home/gaurav/mrs_workspace/install/mrs_modules_msgs/include/mrs_modules_msgs/mrs_modules_msgs/msg/detail/tersus_message_header__rosidl_typesupport_introspection_c.h
-- Up-to-date symlink: /home/gaurav/mrs_workspace/install/mrs_modules_msgs/include/mrs_modules_msgs/mrs_modules_msgs/msg/detail/time__rosidl_typesupport_introspection_c.h
-- Up-to-date symlink: /home/gaurav/mrs_workspace/install/mrs_modules_msgs/include/mrs_modules_msgs/mrs_modules_msgs/msg/detail/trackstat__rosidl_typesupport_introspection_c.h
-- Up-to-date symlink: /home/gaurav/mrs_workspace/install/mrs_modules_msgs/include/mrs_modules_msgs/mrs_modules_msgs/msg/detail/trackstat_channel__rosidl_typesupport_introspection_c.h
-- Up-to-date symlink: /home/gaurav/mrs_workspace/install/mrs_modules_msgs/include/mrs_modules_msgs/mrs_modules_msgs/msg/rosidl_typesupport_introspection_c__visibility_control.h
-- Up-to-date symlink: /home/gaurav/mrs_workspace/install/mrs_modules_msgs/include/mrs_modules_msgs/mrs_modules_msgs/srv/detail/path__rosidl_typesupport_introspection_c.h
-- Up-to-date symlink: /home/gaurav/mrs_workspace/install/mrs_modules_msgs/include/mrs_modules_msgs/mrs_modules_msgs/srv/detail/set_servo__rosidl_typesupport_introspection_c.h
-- Up-to-date symlink: /home/gaurav/mrs_workspace/install/mrs_modules_msgs/include/mrs_modules_msgs/mrs_modules_msgs/srv/detail/set_trigger__rosidl_typesupport_introspection_c.h
-- Up-to-date symlink: /home/gaurav/mrs_workspace/install/mrs_modules_msgs/include/mrs_modules_msgs/mrs_modules_msgs/msg/detail/baca_protocol__rosidl_typesupport_introspection_cpp.hpp
-- Up-to-date symlink: /home/gaurav/mrs_workspace/install/mrs_modules_msgs/include/mrs_modules_msgs/mrs_modules_msgs/msg/detail/bestpos__rosidl_typesupport_introspection_cpp.hpp
-- Up-to-date symlink: /home/gaurav/mrs_workspace/install/mrs_modules_msgs/include/mrs_modules_msgs/mrs_modules_msgs/msg/detail/bestvel__rosidl_typesupport_introspection_cpp.hpp
-- Up-to-date symlink: /home/gaurav/mrs_workspace/install/mrs_modules_msgs/include/mrs_modules_msgs/mrs_modules_msgs/msg/detail/gimbal_pry__rosidl_typesupport_introspection_cpp.hpp
-- Up-to-date symlink: /home/gaurav/mrs_workspace/install/mrs_modules_msgs/include/mrs_modules_msgs/mrs_modules_msgs/msg/detail/gpgga__rosidl_typesupport_introspection_cpp.hpp
-- Up-to-date symlink: /home/gaurav/mrs_workspace/install/mrs_modules_msgs/include/mrs_modules_msgs/mrs_modules_msgs/msg/detail/gpgsa__rosidl_typesupport_introspection_cpp.hpp
-- Up-to-date symlink: /home/gaurav/mrs_workspace/install/mrs_modules_msgs/include/mrs_modules_msgs/mrs_modules_msgs/msg/detail/gpgst__rosidl_typesupport_introspection_cpp.hpp
-- Up-to-date symlink: /home/gaurav/mrs_workspace/install/mrs_modules_msgs/include/mrs_modules_msgs/mrs_modules_msgs/msg/detail/gpgsv__rosidl_typesupport_introspection_cpp.hpp
-- Up-to-date symlink: /home/gaurav/mrs_workspace/install/mrs_modules_msgs/include/mrs_modules_msgs/mrs_modules_msgs/msg/detail/gprmc__rosidl_typesupport_introspection_cpp.hpp
-- Up-to-date symlink: /home/gaurav/mrs_workspace/install/mrs_modules_msgs/include/mrs_modules_msgs/mrs_modules_msgs/msg/detail/gps_fix__rosidl_typesupport_introspection_cpp.hpp
-- Up-to-date symlink: /home/gaurav/mrs_workspace/install/mrs_modules_msgs/include/mrs_modules_msgs/mrs_modules_msgs/msg/detail/gps_status__rosidl_typesupport_introspection_cpp.hpp
-- Up-to-date symlink: /home/gaurav/mrs_workspace/install/mrs_modules_msgs/include/mrs_modules_msgs/mrs_modules_msgs/msg/detail/gpvtg__rosidl_typesupport_introspection_cpp.hpp
-- Up-to-date symlink: /home/gaurav/mrs_workspace/install/mrs_modules_msgs/include/mrs_modules_msgs/mrs_modules_msgs/msg/detail/gripper_diagnostics__rosidl_typesupport_introspection_cpp.hpp
-- Up-to-date symlink: /home/gaurav/mrs_workspace/install/mrs_modules_msgs/include/mrs_modules_msgs/mrs_modules_msgs/msg/detail/llcp__rosidl_typesupport_introspection_cpp.hpp
-- Up-to-date symlink: /home/gaurav/mrs_workspace/install/mrs_modules_msgs/include/mrs_modules_msgs/mrs_modules_msgs/msg/detail/octomap_planner_diagnostics__rosidl_typesupport_introspection_cpp.hpp
-- Up-to-date symlink: /home/gaurav/mrs_workspace/install/mrs_modules_msgs/include/mrs_modules_msgs/mrs_modules_msgs/msg/detail/parachute_diagnostics__rosidl_typesupport_introspection_cpp.hpp
-- Up-to-date symlink: /home/gaurav/mrs_workspace/install/mrs_modules_msgs/include/mrs_modules_msgs/mrs_modules_msgs/msg/detail/pcl_tools_diagnostics__rosidl_typesupport_introspection_cpp.hpp
-- Up-to-date symlink: /home/gaurav/mrs_workspace/install/mrs_modules_msgs/include/mrs_modules_msgs/mrs_modules_msgs/msg/detail/pose_with_size__rosidl_typesupport_introspection_cpp.hpp
-- Up-to-date symlink: /home/gaurav/mrs_workspace/install/mrs_modules_msgs/include/mrs_modules_msgs/mrs_modules_msgs/msg/detail/range__rosidl_typesupport_introspection_cpp.hpp
-- Up-to-date symlink: /home/gaurav/mrs_workspace/install/mrs_modules_msgs/include/mrs_modules_msgs/mrs_modules_msgs/msg/detail/range_information__rosidl_typesupport_introspection_cpp.hpp
-- Up-to-date symlink: /home/gaurav/mrs_workspace/install/mrs_modules_msgs/include/mrs_modules_msgs/mrs_modules_msgs/msg/detail/satellite__rosidl_typesupport_introspection_cpp.hpp
-- Up-to-date symlink: /home/gaurav/mrs_workspace/install/mrs_modules_msgs/include/mrs_modules_msgs/mrs_modules_msgs/msg/detail/sensor_info__rosidl_typesupport_introspection_cpp.hpp
-- Up-to-date symlink: /home/gaurav/mrs_workspace/install/mrs_modules_msgs/include/mrs_modules_msgs/mrs_modules_msgs/msg/detail/serial_raw__rosidl_typesupport_introspection_cpp.hpp
-- Up-to-date symlink: /home/gaurav/mrs_workspace/install/mrs_modules_msgs/include/mrs_modules_msgs/mrs_modules_msgs/msg/detail/tersus_message_header__rosidl_typesupport_introspection_cpp.hpp
-- Up-to-date symlink: /home/gaurav/mrs_workspace/install/mrs_modules_msgs/include/mrs_modules_msgs/mrs_modules_msgs/msg/detail/time__rosidl_typesupport_introspection_cpp.hpp
-- Up-to-date symlink: /home/gaurav/mrs_workspace/install/mrs_modules_msgs/include/mrs_modules_msgs/mrs_modules_msgs/msg/detail/trackstat__rosidl_typesupport_introspection_cpp.hpp
-- Up-to-date symlink: /home/gaurav/mrs_workspace/install/mrs_modules_msgs/include/mrs_modules_msgs/mrs_modules_msgs/msg/detail/trackstat_channel__rosidl_typesupport_introspection_cpp.hpp
-- Up-to-date symlink: /home/gaurav/mrs_workspace/install/mrs_modules_msgs/include/mrs_modules_msgs/mrs_modules_msgs/srv/detail/path__rosidl_typesupport_introspection_cpp.hpp
-- Up-to-date symlink: /home/gaurav/mrs_workspace/install/mrs_modules_msgs/include/mrs_modules_msgs/mrs_modules_msgs/srv/detail/set_servo__rosidl_typesupport_introspection_cpp.hpp
-- Up-to-date symlink: /home/gaurav/mrs_workspace/install/mrs_modules_msgs/include/mrs_modules_msgs/mrs_modules_msgs/srv/detail/set_trigger__rosidl_typesupport_introspection_cpp.hpp
-- Up-to-date symlink: /home/gaurav/mrs_workspace/install/mrs_modules_msgs/share/mrs_modules_msgs/environment/pythonpath.sh
-- Up-to-date symlink: /home/gaurav/mrs_workspace/install/mrs_modules_msgs/share/mrs_modules_msgs/environment/pythonpath.dsv
-- Up-to-date symlink: /home/gaurav/mrs_workspace/install/mrs_modules_msgs/lib/python3.12/site-packages/mrs_modules_msgs-2.0.0-py3.12.egg-info/PKG-INFO
-- Up-to-date symlink: /home/gaurav/mrs_workspace/install/mrs_modules_msgs/lib/python3.12/site-packages/mrs_modules_msgs-2.0.0-py3.12.egg-info/SOURCES.txt
-- Up-to-date symlink: /home/gaurav/mrs_workspace/install/mrs_modules_msgs/lib/python3.12/site-packages/mrs_modules_msgs-2.0.0-py3.12.egg-info/dependency_links.txt
-- Up-to-date symlink: /home/gaurav/mrs_workspace/install/mrs_modules_msgs/lib/python3.12/site-packages/mrs_modules_msgs-2.0.0-py3.12.egg-info/top_level.txt
-- Up-to-date symlink: /home/gaurav/mrs_workspace/install/mrs_modules_msgs/lib/python3.12/site-packages/mrs_modules_msgs/__init__.py
-- Up-to-date symlink: /home/gaurav/mrs_workspace/install/mrs_modules_msgs/lib/python3.12/site-packages/mrs_modules_msgs/_mrs_modules_msgs_s.ep.rosidl_typesupport_c.c
-- Up-to-date symlink: /home/gaurav/mrs_workspace/install/mrs_modules_msgs/lib/python3.12/site-packages/mrs_modules_msgs/_mrs_modules_msgs_s.ep.rosidl_typesupport_fastrtps_c.c
-- Up-to-date symlink: /home/gaurav/mrs_workspace/install/mrs_modules_msgs/lib/python3.12/site-packages/mrs_modules_msgs/_mrs_modules_msgs_s.ep.rosidl_typesupport_introspection_c.c
-- Up-to-date symlink: /home/gaurav/mrs_workspace/install/mrs_modules_msgs/lib/python3.12/site-packages/mrs_modules_msgs/mrs_modules_msgs_s__rosidl_typesupport_c.so
-- Up-to-date symlink: /home/gaurav/mrs_workspace/install/mrs_modules_msgs/lib/python3.12/site-packages/mrs_modules_msgs/mrs_modules_msgs_s__rosidl_typesupport_fastrtps_c.so
-- Up-to-date symlink: /home/gaurav/mrs_workspace/install/mrs_modules_msgs/lib/python3.12/site-packages/mrs_modules_msgs/mrs_modules_msgs_s__rosidl_typesupport_introspection_c.so
-- Up-to-date symlink: /home/gaurav/mrs_workspace/install/mrs_modules_msgs/lib/python3.12/site-packages/mrs_modules_msgs/msg/__init__.py
-- Up-to-date symlink: /home/gaurav/mrs_workspace/install/mrs_modules_msgs/lib/python3.12/site-packages/mrs_modules_msgs/msg/_baca_protocol.py
-- Up-to-date symlink: /home/gaurav/mrs_workspace/install/mrs_modules_msgs/lib/python3.12/site-packages/mrs_modules_msgs/msg/_baca_protocol_s.c
-- Up-to-date symlink: /home/gaurav/mrs_workspace/install/mrs_modules_msgs/lib/python3.12/site-packages/mrs_modules_msgs/msg/_bestpos.py
-- Up-to-date symlink: /home/gaurav/mrs_workspace/install/mrs_modules_msgs/lib/python3.12/site-packages/mrs_modules_msgs/msg/_bestpos_s.c
-- Up-to-date symlink: /home/gaurav/mrs_workspace/install/mrs_modules_msgs/lib/python3.12/site-packages/mrs_modules_msgs/msg/_bestvel.py
-- Up-to-date symlink: /home/gaurav/mrs_workspace/install/mrs_modules_msgs/lib/python3.12/site-packages/mrs_modules_msgs/msg/_bestvel_s.c
-- Up-to-date symlink: /home/gaurav/mrs_workspace/install/mrs_modules_msgs/lib/python3.12/site-packages/mrs_modules_msgs/msg/_gimbal_pry.py
-- Up-to-date symlink: /home/gaurav/mrs_workspace/install/mrs_modules_msgs/lib/python3.12/site-packages/mrs_modules_msgs/msg/_gimbal_pry_s.c
-- Up-to-date symlink: /home/gaurav/mrs_workspace/install/mrs_modules_msgs/lib/python3.12/site-packages/mrs_modules_msgs/msg/_gpgga.py
-- Up-to-date symlink: /home/gaurav/mrs_workspace/install/mrs_modules_msgs/lib/python3.12/site-packages/mrs_modules_msgs/msg/_gpgga_s.c
-- Up-to-date symlink: /home/gaurav/mrs_workspace/install/mrs_modules_msgs/lib/python3.12/site-packages/mrs_modules_msgs/msg/_gpgsa.py
-- Up-to-date symlink: /home/gaurav/mrs_workspace/install/mrs_modules_msgs/lib/python3.12/site-packages/mrs_modules_msgs/msg/_gpgsa_s.c
-- Up-to-date symlink: /home/gaurav/mrs_workspace/install/mrs_modules_msgs/lib/python3.12/site-packages/mrs_modules_msgs/msg/_gpgst.py
-- Up-to-date symlink: /home/gaurav/mrs_workspace/install/mrs_modules_msgs/lib/python3.12/site-packages/mrs_modules_msgs/msg/_gpgst_s.c
-- Up-to-date symlink: /home/gaurav/mrs_workspace/install/mrs_modules_msgs/lib/python3.12/site-packages/mrs_modules_msgs/msg/_gpgsv.py
-- Up-to-date symlink: /home/gaurav/mrs_workspace/install/mrs_modules_msgs/lib/python3.12/site-packages/mrs_modules_msgs/msg/_gpgsv_s.c
-- Up-to-date symlink: /home/gaurav/mrs_workspace/install/mrs_modules_msgs/lib/python3.12/site-packages/mrs_modules_msgs/msg/_gprmc.py
-- Up-to-date symlink: /home/gaurav/mrs_workspace/install/mrs_modules_msgs/lib/python3.12/site-packages/mrs_modules_msgs/msg/_gprmc_s.c
-- Up-to-date symlink: /home/gaurav/mrs_workspace/install/mrs_modules_msgs/lib/python3.12/site-packages/mrs_modules_msgs/msg/_gps_fix.py
-- Up-to-date symlink: /home/gaurav/mrs_workspace/install/mrs_modules_msgs/lib/python3.12/site-packages/mrs_modules_msgs/msg/_gps_fix_s.c
-- Up-to-date symlink: /home/gaurav/mrs_workspace/install/mrs_modules_msgs/lib/python3.12/site-packages/mrs_modules_msgs/msg/_gps_status.py
-- Up-to-date symlink: /home/gaurav/mrs_workspace/install/mrs_modules_msgs/lib/python3.12/site-packages/mrs_modules_msgs/msg/_gps_status_s.c
-- Up-to-date symlink: /home/gaurav/mrs_workspace/install/mrs_modules_msgs/lib/python3.12/site-packages/mrs_modules_msgs/msg/_gpvtg.py
-- Up-to-date symlink: /home/gaurav/mrs_workspace/install/mrs_modules_msgs/lib/python3.12/site-packages/mrs_modules_msgs/msg/_gpvtg_s.c
-- Up-to-date symlink: /home/gaurav/mrs_workspace/install/mrs_modules_msgs/lib/python3.12/site-packages/mrs_modules_msgs/msg/_gripper_diagnostics.py
-- Up-to-date symlink: /home/gaurav/mrs_workspace/install/mrs_modules_msgs/lib/python3.12/site-packages/mrs_modules_msgs/msg/_gripper_diagnostics_s.c
-- Up-to-date symlink: /home/gaurav/mrs_workspace/install/mrs_modules_msgs/lib/python3.12/site-packages/mrs_modules_msgs/msg/_llcp.py
-- Up-to-date symlink: /home/gaurav/mrs_workspace/install/mrs_modules_msgs/lib/python3.12/site-packages/mrs_modules_msgs/msg/_llcp_s.c
-- Up-to-date symlink: /home/gaurav/mrs_workspace/install/mrs_modules_msgs/lib/python3.12/site-packages/mrs_modules_msgs/msg/_octomap_planner_diagnostics.py
-- Up-to-date symlink: /home/gaurav/mrs_workspace/install/mrs_modules_msgs/lib/python3.12/site-packages/mrs_modules_msgs/msg/_octomap_planner_diagnostics_s.c
-- Up-to-date symlink: /home/gaurav/mrs_workspace/install/mrs_modules_msgs/lib/python3.12/site-packages/mrs_modules_msgs/msg/_parachute_diagnostics.py
-- Up-to-date symlink: /home/gaurav/mrs_workspace/install/mrs_modules_msgs/lib/python3.12/site-packages/mrs_modules_msgs/msg/_parachute_diagnostics_s.c
-- Up-to-date symlink: /home/gaurav/mrs_workspace/install/mrs_modules_msgs/lib/python3.12/site-packages/mrs_modules_msgs/msg/_pcl_tools_diagnostics.py
-- Up-to-date symlink: /home/gaurav/mrs_workspace/install/mrs_modules_msgs/lib/python3.12/site-packages/mrs_modules_msgs/msg/_pcl_tools_diagnostics_s.c
-- Up-to-date symlink: /home/gaurav/mrs_workspace/install/mrs_modules_msgs/lib/python3.12/site-packages/mrs_modules_msgs/msg/_pose_with_size.py
-- Up-to-date symlink: /home/gaurav/mrs_workspace/install/mrs_modules_msgs/lib/python3.12/site-packages/mrs_modules_msgs/msg/_pose_with_size_s.c
-- Up-to-date symlink: /home/gaurav/mrs_workspace/install/mrs_modules_msgs/lib/python3.12/site-packages/mrs_modules_msgs/msg/_range.py
-- Up-to-date symlink: /home/gaurav/mrs_workspace/install/mrs_modules_msgs/lib/python3.12/site-packages/mrs_modules_msgs/msg/_range_information.py
-- Up-to-date symlink: /home/gaurav/mrs_workspace/install/mrs_modules_msgs/lib/python3.12/site-packages/mrs_modules_msgs/msg/_range_information_s.c
-- Up-to-date symlink: /home/gaurav/mrs_workspace/install/mrs_modules_msgs/lib/python3.12/site-packages/mrs_modules_msgs/msg/_range_s.c
-- Up-to-date symlink: /home/gaurav/mrs_workspace/install/mrs_modules_msgs/lib/python3.12/site-packages/mrs_modules_msgs/msg/_satellite.py
-- Up-to-date symlink: /home/gaurav/mrs_workspace/install/mrs_modules_msgs/lib/python3.12/site-packages/mrs_modules_msgs/msg/_satellite_s.c
-- Up-to-date symlink: /home/gaurav/mrs_workspace/install/mrs_modules_msgs/lib/python3.12/site-packages/mrs_modules_msgs/msg/_sensor_info.py
-- Up-to-date symlink: /home/gaurav/mrs_workspace/install/mrs_modules_msgs/lib/python3.12/site-packages/mrs_modules_msgs/msg/_sensor_info_s.c
-- Up-to-date symlink: /home/gaurav/mrs_workspace/install/mrs_modules_msgs/lib/python3.12/site-packages/mrs_modules_msgs/msg/_serial_raw.py
-- Up-to-date symlink: /home/gaurav/mrs_workspace/install/mrs_modules_msgs/lib/python3.12/site-packages/mrs_modules_msgs/msg/_serial_raw_s.c
-- Up-to-date symlink: /home/gaurav/mrs_workspace/install/mrs_modules_msgs/lib/python3.12/site-packages/mrs_modules_msgs/msg/_tersus_message_header.py
-- Up-to-date symlink: /home/gaurav/mrs_workspace/install/mrs_modules_msgs/lib/python3.12/site-packages/mrs_modules_msgs/msg/_tersus_message_header_s.c
-- Up-to-date symlink: /home/gaurav/mrs_workspace/install/mrs_modules_msgs/lib/python3.12/site-packages/mrs_modules_msgs/msg/_time.py
-- Up-to-date symlink: /home/gaurav/mrs_workspace/install/mrs_modules_msgs/lib/python3.12/site-packages/mrs_modules_msgs/msg/_time_s.c
-- Up-to-date symlink: /home/gaurav/mrs_workspace/install/mrs_modules_msgs/lib/python3.12/site-packages/mrs_modules_msgs/msg/_trackstat.py
-- Up-to-date symlink: /home/gaurav/mrs_workspace/install/mrs_modules_msgs/lib/python3.12/site-packages/mrs_modules_msgs/msg/_trackstat_channel.py
-- Up-to-date symlink: /home/gaurav/mrs_workspace/install/mrs_modules_msgs/lib/python3.12/site-packages/mrs_modules_msgs/msg/_trackstat_channel_s.c
-- Up-to-date symlink: /home/gaurav/mrs_workspace/install/mrs_modules_msgs/lib/python3.12/site-packages/mrs_modules_msgs/msg/_trackstat_s.c
-- Up-to-date symlink: /home/gaurav/mrs_workspace/install/mrs_modules_msgs/lib/python3.12/site-packages/mrs_modules_msgs/srv/__init__.py
-- Up-to-date symlink: /home/gaurav/mrs_workspace/install/mrs_modules_msgs/lib/python3.12/site-packages/mrs_modules_msgs/srv/_path.py
-- Up-to-date symlink: /home/gaurav/mrs_workspace/install/mrs_modules_msgs/lib/python3.12/site-packages/mrs_modules_msgs/srv/_path_s.c
-- Up-to-date symlink: /home/gaurav/mrs_workspace/install/mrs_modules_msgs/lib/python3.12/site-packages/mrs_modules_msgs/srv/_set_servo.py
-- Up-to-date symlink: /home/gaurav/mrs_workspace/install/mrs_modules_msgs/lib/python3.12/site-packages/mrs_modules_msgs/srv/_set_servo_s.c
-- Up-to-date symlink: /home/gaurav/mrs_workspace/install/mrs_modules_msgs/lib/python3.12/site-packages/mrs_modules_msgs/srv/_set_trigger.py
-- Up-to-date symlink: /home/gaurav/mrs_workspace/install/mrs_modules_msgs/lib/python3.12/site-packages/mrs_modules_msgs/srv/_set_trigger_s.c
-- Up-to-date symlink: /home/gaurav/mrs_workspace/install/mrs_modules_msgs/lib/python3.12/site-packages/mrs_modules_msgs/mrs_modules_msgs_s__rosidl_typesupport_fastrtps_c.so
-- Up-to-date symlink: /home/gaurav/mrs_workspace/install/mrs_modules_msgs/lib/python3.12/site-packages/mrs_modules_msgs/mrs_modules_msgs_s__rosidl_typesupport_introspection_c.so
-- Up-to-date symlink: /home/gaurav/mrs_workspace/install/mrs_modules_msgs/lib/python3.12/site-packages/mrs_modules_msgs/mrs_modules_msgs_s__rosidl_typesupport_c.so
-- Up-to-date symlink: /home/gaurav/mrs_workspace/install/mrs_modules_msgs/share/mrs_modules_msgs/msg/Llcp.idl
-- Up-to-date symlink: /home/gaurav/mrs_workspace/install/mrs_modules_msgs/share/mrs_modules_msgs/msg/BacaProtocol.idl
-- Up-to-date symlink: /home/gaurav/mrs_workspace/install/mrs_modules_msgs/share/mrs_modules_msgs/msg/GimbalPRY.idl
-- Up-to-date symlink: /home/gaurav/mrs_workspace/install/mrs_modules_msgs/share/mrs_modules_msgs/msg/ParachuteDiagnostics.idl
-- Up-to-date symlink: /home/gaurav/mrs_workspace/install/mrs_modules_msgs/share/mrs_modules_msgs/msg/GripperDiagnostics.idl
-- Up-to-date symlink: /home/gaurav/mrs_workspace/install/mrs_modules_msgs/share/mrs_modules_msgs/msg/SerialRaw.idl
-- Up-to-date symlink: /home/gaurav/mrs_workspace/install/mrs_modules_msgs/share/mrs_modules_msgs/msg/PoseWithSize.idl
-- Up-to-date symlink: /home/gaurav/mrs_workspace/install/mrs_modules_msgs/share/mrs_modules_msgs/msg/RangeInformation.idl
-- Up-to-date symlink: /home/gaurav/mrs_workspace/install/mrs_modules_msgs/share/mrs_modules_msgs/msg/Bestpos.idl
-- Up-to-date symlink: /home/gaurav/mrs_workspace/install/mrs_modules_msgs/share/mrs_modules_msgs/msg/TersusMessageHeader.idl
-- Up-to-date symlink: /home/gaurav/mrs_workspace/install/mrs_modules_msgs/share/mrs_modules_msgs/msg/Bestvel.idl
-- Up-to-date symlink: /home/gaurav/mrs_workspace/install/mrs_modules_msgs/share/mrs_modules_msgs/msg/GPSFix.idl
-- Up-to-date symlink: /home/gaurav/mrs_workspace/install/mrs_modules_msgs/share/mrs_modules_msgs/msg/Gpgga.idl
-- Up-to-date symlink: /home/gaurav/mrs_workspace/install/mrs_modules_msgs/share/mrs_modules_msgs/msg/Gprmc.idl
-- Up-to-date symlink: /home/gaurav/mrs_workspace/install/mrs_modules_msgs/share/mrs_modules_msgs/msg/Gpgst.idl
-- Up-to-date symlink: /home/gaurav/mrs_workspace/install/mrs_modules_msgs/share/mrs_modules_msgs/msg/Time.idl
-- Up-to-date symlink: /home/gaurav/mrs_workspace/install/mrs_modules_msgs/share/mrs_modules_msgs/msg/GpsStatus.idl
-- Up-to-date symlink: /home/gaurav/mrs_workspace/install/mrs_modules_msgs/share/mrs_modules_msgs/msg/Range.idl
-- Up-to-date symlink: /home/gaurav/mrs_workspace/install/mrs_modules_msgs/share/mrs_modules_msgs/msg/Trackstat.idl
-- Up-to-date symlink: /home/gaurav/mrs_workspace/install/mrs_modules_msgs/share/mrs_modules_msgs/msg/Gpgsv.idl
-- Up-to-date symlink: /home/gaurav/mrs_workspace/install/mrs_modules_msgs/share/mrs_modules_msgs/msg/TrackstatChannel.idl
-- Up-to-date symlink: /home/gaurav/mrs_workspace/install/mrs_modules_msgs/share/mrs_modules_msgs/msg/Satellite.idl
-- Up-to-date symlink: /home/gaurav/mrs_workspace/install/mrs_modules_msgs/share/mrs_modules_msgs/msg/Gpgsa.idl
-- Up-to-date symlink: /home/gaurav/mrs_workspace/install/mrs_modules_msgs/share/mrs_modules_msgs/msg/Gpvtg.idl
-- Up-to-date symlink: /home/gaurav/mrs_workspace/install/mrs_modules_msgs/share/mrs_modules_msgs/msg/OctomapPlannerDiagnostics.idl
-- Up-to-date symlink: /home/gaurav/mrs_workspace/install/mrs_modules_msgs/share/mrs_modules_msgs/msg/SensorInfo.idl
-- Up-to-date symlink: /home/gaurav/mrs_workspace/install/mrs_modules_msgs/share/mrs_modules_msgs/msg/PclToolsDiagnostics.idl
-- Up-to-date symlink: /home/gaurav/mrs_workspace/install/mrs_modules_msgs/share/mrs_modules_msgs/srv/SetServo.idl
-- Up-to-date symlink: /home/gaurav/mrs_workspace/install/mrs_modules_msgs/share/mrs_modules_msgs/srv/SetTrigger.idl
-- Up-to-date symlink: /home/gaurav/mrs_workspace/install/mrs_modules_msgs/share/mrs_modules_msgs/srv/Path.idl
-- Up-to-date symlink: /home/gaurav/mrs_workspace/install/mrs_modules_msgs/share/mrs_modules_msgs/llcp/Llcp.msg
-- Up-to-date symlink: /home/gaurav/mrs_workspace/install/mrs_modules_msgs/share/mrs_modules_msgs/mrs_serial/BacaProtocol.msg
-- Up-to-date symlink: /home/gaurav/mrs_workspace/install/mrs_modules_msgs/share/mrs_modules_msgs/mrs_serial/GimbalPRY.msg
-- Up-to-date symlink: /home/gaurav/mrs_workspace/install/mrs_modules_msgs/share/mrs_modules_msgs/mrs_serial/ParachuteDiagnostics.msg
-- Up-to-date symlink: /home/gaurav/mrs_workspace/install/mrs_modules_msgs/share/mrs_modules_msgs/mrs_serial/GripperDiagnostics.msg
-- Up-to-date symlink: /home/gaurav/mrs_workspace/install/mrs_modules_msgs/share/mrs_modules_msgs/mrs_serial/SerialRaw.msg
-- Up-to-date symlink: /home/gaurav/mrs_workspace/install/mrs_modules_msgs/share/mrs_modules_msgs/mrs_octomap_server/PoseWithSize.msg
-- Up-to-date symlink: /home/gaurav/mrs_workspace/install/mrs_modules_msgs/share/mrs_modules_msgs/gnss/RangeInformation.msg
-- Up-to-date symlink: /home/gaurav/mrs_workspace/install/mrs_modules_msgs/share/mrs_modules_msgs/gnss/Bestpos.msg
-- Up-to-date symlink: /home/gaurav/mrs_workspace/install/mrs_modules_msgs/share/mrs_modules_msgs/gnss/TersusMessageHeader.msg
-- Up-to-date symlink: /home/gaurav/mrs_workspace/install/mrs_modules_msgs/share/mrs_modules_msgs/gnss/Bestvel.msg
-- Up-to-date symlink: /home/gaurav/mrs_workspace/install/mrs_modules_msgs/share/mrs_modules_msgs/gnss/GPSFix.msg
-- Up-to-date symlink: /home/gaurav/mrs_workspace/install/mrs_modules_msgs/share/mrs_modules_msgs/gnss/Gpgga.msg
-- Up-to-date symlink: /home/gaurav/mrs_workspace/install/mrs_modules_msgs/share/mrs_modules_msgs/gnss/Gprmc.msg
-- Up-to-date symlink: /home/gaurav/mrs_workspace/install/mrs_modules_msgs/share/mrs_modules_msgs/gnss/Gpgst.msg
-- Up-to-date symlink: /home/gaurav/mrs_workspace/install/mrs_modules_msgs/share/mrs_modules_msgs/gnss/Time.msg
-- Up-to-date symlink: /home/gaurav/mrs_workspace/install/mrs_modules_msgs/share/mrs_modules_msgs/gnss/GpsStatus.msg
-- Up-to-date symlink: /home/gaurav/mrs_workspace/install/mrs_modules_msgs/share/mrs_modules_msgs/gnss/Range.msg
-- Up-to-date symlink: /home/gaurav/mrs_workspace/install/mrs_modules_msgs/share/mrs_modules_msgs/gnss/Trackstat.msg
-- Up-to-date symlink: /home/gaurav/mrs_workspace/install/mrs_modules_msgs/share/mrs_modules_msgs/gnss/Gpgsv.msg
-- Up-to-date symlink: /home/gaurav/mrs_workspace/install/mrs_modules_msgs/share/mrs_modules_msgs/gnss/TrackstatChannel.msg
-- Up-to-date symlink: /home/gaurav/mrs_workspace/install/mrs_modules_msgs/share/mrs_modules_msgs/gnss/Satellite.msg
-- Up-to-date symlink: /home/gaurav/mrs_workspace/install/mrs_modules_msgs/share/mrs_modules_msgs/gnss/Gpgsa.msg
-- Up-to-date symlink: /home/gaurav/mrs_workspace/install/mrs_modules_msgs/share/mrs_modules_msgs/gnss/Gpvtg.msg
-- Up-to-date symlink: /home/gaurav/mrs_workspace/install/mrs_modules_msgs/share/mrs_modules_msgs/mrs_octomap_planner/OctomapPlannerDiagnostics.msg
-- Up-to-date symlink: /home/gaurav/mrs_workspace/install/mrs_modules_msgs/share/mrs_modules_msgs/sensors/SensorInfo.msg
-- Up-to-date symlink: /home/gaurav/mrs_workspace/install/mrs_modules_msgs/share/mrs_modules_msgs/mrs_pcl_tools/PclToolsDiagnostics.msg
-- Up-to-date symlink: /home/gaurav/mrs_workspace/install/mrs_modules_msgs/share/mrs_modules_msgs/llcp/SetServo.srv
-- Up-to-date symlink: /home/gaurav/mrs_workspace/install/mrs_modules_msgs/share/mrs_modules_msgs/llcp/SetTrigger.srv
-- Up-to-date symlink: /home/gaurav/mrs_workspace/install/mrs_modules_msgs/share/mrs_modules_msgs/mrs_octomap_planner/Path.srv
-- Up-to-date symlink: /home/gaurav/mrs_workspace/install/mrs_modules_msgs/share/ament_index/resource_index/package_run_dependencies/mrs_modules_msgs
-- Up-to-date symlink: /home/gaurav/mrs_workspace/install/mrs_modules_msgs/share/ament_index/resource_index/parent_prefix_path/mrs_modules_msgs
-- Up-to-date symlink: /home/gaurav/mrs_workspace/install/mrs_modules_msgs/share/mrs_modules_msgs/environment/ament_prefix_path.sh
-- Up-to-date symlink: /home/gaurav/mrs_workspace/install/mrs_modules_msgs/share/mrs_modules_msgs/environment/ament_prefix_path.dsv
-- Up-to-date symlink: /home/gaurav/mrs_workspace/install/mrs_modules_msgs/share/mrs_modules_msgs/environment/path.sh
-- Up-to-date symlink: /home/gaurav/mrs_workspace/install/mrs_modules_msgs/share/mrs_modules_msgs/environment/path.dsv
-- Up-to-date symlink: /home/gaurav/mrs_workspace/install/mrs_modules_msgs/share/mrs_modules_msgs/local_setup.bash
-- Up-to-date symlink: /home/gaurav/mrs_workspace/install/mrs_modules_msgs/share/mrs_modules_msgs/local_setup.sh
-- Up-to-date symlink: /home/gaurav/mrs_workspace/install/mrs_modules_msgs/share/mrs_modules_msgs/local_setup.zsh
-- Up-to-date symlink: /home/gaurav/mrs_workspace/install/mrs_modules_msgs/share/mrs_modules_msgs/local_setup.dsv
-- Symlinking: /home/gaurav/mrs_workspace/install/mrs_modules_msgs/share/mrs_modules_msgs/package.dsv
-- Up-to-date symlink: /home/gaurav/mrs_workspace/install/mrs_modules_msgs/share/ament_index/resource_index/packages/mrs_modules_msgs
-- Up-to-date symlink: /home/gaurav/mrs_workspace/install/mrs_modules_msgs/share/mrs_modules_msgs/cmake/rosidl_cmake-extras.cmake
-- Up-to-date symlink: /home/gaurav/mrs_workspace/install/mrs_modules_msgs/share/mrs_modules_msgs/cmake/ament_cmake_export_dependencies-extras.cmake
-- Up-to-date symlink: /home/gaurav/mrs_workspace/install/mrs_modules_msgs/share/mrs_modules_msgs/cmake/ament_cmake_export_include_directories-extras.cmake
-- Up-to-date symlink: /home/gaurav/mrs_workspace/install/mrs_modules_msgs/share/mrs_modules_msgs/cmake/ament_cmake_export_libraries-extras.cmake
-- Up-to-date symlink: /home/gaurav/mrs_workspace/install/mrs_modules_msgs/share/mrs_modules_msgs/cmake/ament_cmake_export_targets-extras.cmake
-- Up-to-date symlink: /home/gaurav/mrs_workspace/install/mrs_modules_msgs/share/mrs_modules_msgs/cmake/rosidl_cmake_export_typesupport_targets-extras.cmake
-- Up-to-date symlink: /home/gaurav/mrs_workspace/install/mrs_modules_msgs/share/mrs_modules_msgs/cmake/rosidl_cmake_export_typesupport_libraries-extras.cmake
-- Up-to-date symlink: /home/gaurav/mrs_workspace/install/mrs_modules_msgs/share/mrs_modules_msgs/cmake/mrs_modules_msgsConfig.cmake
-- Up-to-date symlink: /home/gaurav/mrs_workspace/install/mrs_modules_msgs/share/mrs_modules_msgs/cmake/mrs_modules_msgsConfig-version.cmake
-- Up-to-date symlink: /home/gaurav/mrs_workspace/install/mrs_modules_msgs/share/mrs_modules_msgs/package.xml
-- Up-to-date: /home/gaurav/mrs_workspace/install/mrs_modules_msgs/lib/libmrs_modules_msgs__rosidl_generator_c.so
-- Up-to-date: /home/gaurav/mrs_workspace/install/mrs_modules_msgs/lib/libmrs_modules_msgs__rosidl_typesupport_fastrtps_c.so
-- Up-to-date: /home/gaurav/mrs_workspace/install/mrs_modules_msgs/lib/libmrs_modules_msgs__rosidl_typesupport_fastrtps_cpp.so
-- Up-to-date: /home/gaurav/mrs_workspace/install/mrs_modules_msgs/lib/libmrs_modules_msgs__rosidl_typesupport_introspection_c.so
-- Up-to-date: /home/gaurav/mrs_workspace/install/mrs_modules_msgs/lib/libmrs_modules_msgs__rosidl_typesupport_c.so
-- Up-to-date: /home/gaurav/mrs_workspace/install/mrs_modules_msgs/lib/libmrs_modules_msgs__rosidl_typesupport_introspection_cpp.so
-- Up-to-date: /home/gaurav/mrs_workspace/install/mrs_modules_msgs/lib/libmrs_modules_msgs__rosidl_typesupport_cpp.so
Listing '/home/gaurav/mrs_workspace/install/mrs_modules_msgs/lib/python3.12/site-packages/mrs_modules_msgs'...
Listing '/home/gaurav/mrs_workspace/install/mrs_modules_msgs/lib/python3.12/site-packages/mrs_modules_msgs/msg'...
Listing '/home/gaurav/mrs_workspace/install/mrs_modules_msgs/lib/python3.12/site-packages/mrs_modules_msgs/srv'...
-- Up-to-date: /home/gaurav/mrs_workspace/install/mrs_modules_msgs/lib/libmrs_modules_msgs__rosidl_generator_py.so
-- Up-to-date: /home/gaurav/mrs_workspace/install/mrs_modules_msgs/share/mrs_modules_msgs/cmake/export_mrs_modules_msgs__rosidl_generator_cExport.cmake
-- Up-to-date: /home/gaurav/mrs_workspace/install/mrs_modules_msgs/share/mrs_modules_msgs/cmake/export_mrs_modules_msgs__rosidl_generator_cExport-release.cmake
-- Up-to-date: /home/gaurav/mrs_workspace/install/mrs_modules_msgs/share/mrs_modules_msgs/cmake/export_mrs_modules_msgs__rosidl_typesupport_fastrtps_cExport.cmake
-- Up-to-date: /home/gaurav/mrs_workspace/install/mrs_modules_msgs/share/mrs_modules_msgs/cmake/export_mrs_modules_msgs__rosidl_typesupport_fastrtps_cExport-release.cmake
-- Up-to-date: /home/gaurav/mrs_workspace/install/mrs_modules_msgs/share/mrs_modules_msgs/cmake/export_mrs_modules_msgs__rosidl_generator_cppExport.cmake
-- Up-to-date: /home/gaurav/mrs_workspace/install/mrs_modules_msgs/share/mrs_modules_msgs/cmake/export_mrs_modules_msgs__rosidl_typesupport_fastrtps_cppExport.cmake
-- Up-to-date: /home/gaurav/mrs_workspace/install/mrs_modules_msgs/share/mrs_modules_msgs/cmake/export_mrs_modules_msgs__rosidl_typesupport_fastrtps_cppExport-release.cmake
-- Up-to-date: /home/gaurav/mrs_workspace/install/mrs_modules_msgs/share/mrs_modules_msgs/cmake/mrs_modules_msgs__rosidl_typesupport_introspection_cExport.cmake
-- Up-to-date: /home/gaurav/mrs_workspace/install/mrs_modules_msgs/share/mrs_modules_msgs/cmake/mrs_modules_msgs__rosidl_typesupport_introspection_cExport-release.cmake
-- Up-to-date: /home/gaurav/mrs_workspace/install/mrs_modules_msgs/share/mrs_modules_msgs/cmake/mrs_modules_msgs__rosidl_typesupport_cExport.cmake
-- Up-to-date: /home/gaurav/mrs_workspace/install/mrs_modules_msgs/share/mrs_modules_msgs/cmake/mrs_modules_msgs__rosidl_typesupport_cExport-release.cmake
-- Up-to-date: /home/gaurav/mrs_workspace/install/mrs_modules_msgs/share/mrs_modules_msgs/cmake/mrs_modules_msgs__rosidl_typesupport_introspection_cppExport.cmake
-- Up-to-date: /home/gaurav/mrs_workspace/install/mrs_modules_msgs/share/mrs_modules_msgs/cmake/mrs_modules_msgs__rosidl_typesupport_introspection_cppExport-release.cmake
-- Up-to-date: /home/gaurav/mrs_workspace/install/mrs_modules_msgs/share/mrs_modules_msgs/cmake/mrs_modules_msgs__rosidl_typesupport_cppExport.cmake
-- Up-to-date: /home/gaurav/mrs_workspace/install/mrs_modules_msgs/share/mrs_modules_msgs/cmake/mrs_modules_msgs__rosidl_typesupport_cppExport-release.cmake
-- Up-to-date: /home/gaurav/mrs_workspace/install/mrs_modules_msgs/share/mrs_modules_msgs/cmake/export_mrs_modules_msgs__rosidl_generator_pyExport.cmake
-- Up-to-date: /home/gaurav/mrs_workspace/install/mrs_modules_msgs/share/mrs_modules_msgs/cmake/export_mrs_modules_msgs__rosidl_generator_pyExport-release.cmake
