[0.007s] Invoking command in '/home/gaurav/mrs_workspace/build/mrs_modules_msgs': CMAKE_PREFIX_PATH=${CMAKE_PREFIX_PATH}:/opt/ros/jazzy DEBUGINFOD_URLS=https://debuginfod.ubuntu.com /usr/bin/cmake --build /home/gaurav/mrs_workspace/build/mrs_modules_msgs -- -j20 -l20
[0.056s] [  0%] Built target mrs_modules_msgs__rosidl_generator_type_description
[0.061s] [  0%] Built target ament_cmake_python_symlink_mrs_modules_msgs
[0.070s] [  0%] Built target mrs_modules_msgs__cpp
[0.094s] [ 29%] Built target mrs_modules_msgs__rosidl_generator_c
[0.117s] [ 39%] Built target mrs_modules_msgs__rosidl_typesupport_c
[0.123s] [ 49%] Built target mrs_modules_msgs__rosidl_typesupport_introspection_c
[0.130s] [ 68%] Built target mrs_modules_msgs__rosidl_typesupport_introspection_cpp
[0.130s] [ 69%] Built target mrs_modules_msgs__rosidl_typesupport_fastrtps_cpp
[0.132s] [ 79%] Built target mrs_modules_msgs__rosidl_typesupport_cpp
[0.135s] [ 89%] Built target mrs_modules_msgs__rosidl_typesupport_fastrtps_c
[0.149s] [ 89%] Built target mrs_modules_msgs
[0.162s] [ 89%] Built target mrs_modules_msgs__py
[0.187s] running egg_info
[0.198s] writing mrs_modules_msgs.egg-info/PKG-INFO
[0.198s] writing dependency_links to mrs_modules_msgs.egg-info/dependency_links.txt
[0.198s] writing top-level names to mrs_modules_msgs.egg-info/top_level.txt
[0.200s] [ 98%] Built target mrs_modules_msgs__rosidl_generator_py
[0.216s] [ 99%] Built target mrs_modules_msgs_s__rosidl_typesupport_fastrtps_c
[0.217s] [100%] Built target mrs_modules_msgs_s__rosidl_typesupport_introspection_c
[0.218s] [100%] Built target mrs_modules_msgs_s__rosidl_typesupport_c
[0.229s] reading manifest file 'mrs_modules_msgs.egg-info/SOURCES.txt'
[0.229s] writing manifest file 'mrs_modules_msgs.egg-info/SOURCES.txt'
[0.245s] [100%] Built target ament_cmake_python_build_mrs_modules_msgs_egg
[0.252s] Invoked command in '/home/gaurav/mrs_workspace/build/mrs_modules_msgs' returned '0': CMAKE_PREFIX_PATH=${CMAKE_PREFIX_PATH}:/opt/ros/jazzy DEBUGINFOD_URLS=https://debuginfod.ubuntu.com /usr/bin/cmake --build /home/gaurav/mrs_workspace/build/mrs_modules_msgs -- -j20 -l20
[0.253s] Invoking command in '/home/gaurav/mrs_workspace/build/mrs_modules_msgs': CMAKE_PREFIX_PATH=${CMAKE_PREFIX_PATH}:/opt/ros/jazzy DEBUGINFOD_URLS=https://debuginfod.ubuntu.com /usr/bin/cmake --install /home/gaurav/mrs_workspace/build/mrs_modules_msgs
[0.257s] -- Install configuration: "Release"
[0.258s] -- Execute custom install script
[0.258s] -- Up-to-date symlink: /home/gaurav/mrs_workspace/install/mrs_modules_msgs/share/ament_index/resource_index/rosidl_interfaces/mrs_modules_msgs
[0.258s] -- Up-to-date symlink: /home/gaurav/mrs_workspace/install/mrs_modules_msgs/share/mrs_modules_msgs/msg/Llcp.json
[0.258s] -- Up-to-date symlink: /home/gaurav/mrs_workspace/install/mrs_modules_msgs/share/mrs_modules_msgs/msg/BacaProtocol.json
[0.258s] -- Up-to-date symlink: /home/gaurav/mrs_workspace/install/mrs_modules_msgs/share/mrs_modules_msgs/msg/GimbalPRY.json
[0.258s] -- Up-to-date symlink: /home/gaurav/mrs_workspace/install/mrs_modules_msgs/share/mrs_modules_msgs/msg/ParachuteDiagnostics.json
[0.258s] -- Up-to-date symlink: /home/gaurav/mrs_workspace/install/mrs_modules_msgs/share/mrs_modules_msgs/msg/GripperDiagnostics.json
[0.259s] -- Up-to-date symlink: /home/gaurav/mrs_workspace/install/mrs_modules_msgs/share/mrs_modules_msgs/msg/SerialRaw.json
[0.259s] -- Up-to-date symlink: /home/gaurav/mrs_workspace/install/mrs_modules_msgs/share/mrs_modules_msgs/msg/PoseWithSize.json
[0.259s] -- Up-to-date symlink: /home/gaurav/mrs_workspace/install/mrs_modules_msgs/share/mrs_modules_msgs/msg/RangeInformation.json
[0.259s] -- Up-to-date symlink: /home/gaurav/mrs_workspace/install/mrs_modules_msgs/share/mrs_modules_msgs/msg/Bestpos.json
[0.259s] -- Up-to-date symlink: /home/gaurav/mrs_workspace/install/mrs_modules_msgs/share/mrs_modules_msgs/msg/TersusMessageHeader.json
[0.259s] -- Up-to-date symlink: /home/gaurav/mrs_workspace/install/mrs_modules_msgs/share/mrs_modules_msgs/msg/Bestvel.json
[0.259s] -- Up-to-date symlink: /home/gaurav/mrs_workspace/install/mrs_modules_msgs/share/mrs_modules_msgs/msg/GPSFix.json
[0.259s] -- Up-to-date symlink: /home/gaurav/mrs_workspace/install/mrs_modules_msgs/share/mrs_modules_msgs/msg/Gpgga.json
[0.259s] -- Up-to-date symlink: /home/gaurav/mrs_workspace/install/mrs_modules_msgs/share/mrs_modules_msgs/msg/Gprmc.json
[0.259s] -- Up-to-date symlink: /home/gaurav/mrs_workspace/install/mrs_modules_msgs/share/mrs_modules_msgs/msg/Gpgst.json
[0.259s] -- Up-to-date symlink: /home/gaurav/mrs_workspace/install/mrs_modules_msgs/share/mrs_modules_msgs/msg/Time.json
[0.259s] -- Up-to-date symlink: /home/gaurav/mrs_workspace/install/mrs_modules_msgs/share/mrs_modules_msgs/msg/GpsStatus.json
[0.259s] -- Up-to-date symlink: /home/gaurav/mrs_workspace/install/mrs_modules_msgs/share/mrs_modules_msgs/msg/Range.json
[0.259s] -- Up-to-date symlink: /home/gaurav/mrs_workspace/install/mrs_modules_msgs/share/mrs_modules_msgs/msg/Trackstat.json
[0.259s] -- Up-to-date symlink: /home/gaurav/mrs_workspace/install/mrs_modules_msgs/share/mrs_modules_msgs/msg/Gpgsv.json
[0.259s] -- Up-to-date symlink: /home/gaurav/mrs_workspace/install/mrs_modules_msgs/share/mrs_modules_msgs/msg/TrackstatChannel.json
[0.260s] -- Up-to-date symlink: /home/gaurav/mrs_workspace/install/mrs_modules_msgs/share/mrs_modules_msgs/msg/Satellite.json
[0.260s] -- Up-to-date symlink: /home/gaurav/mrs_workspace/install/mrs_modules_msgs/share/mrs_modules_msgs/msg/Gpgsa.json
[0.260s] -- Up-to-date symlink: /home/gaurav/mrs_workspace/install/mrs_modules_msgs/share/mrs_modules_msgs/msg/Gpvtg.json
[0.260s] -- Up-to-date symlink: /home/gaurav/mrs_workspace/install/mrs_modules_msgs/share/mrs_modules_msgs/msg/OctomapPlannerDiagnostics.json
[0.260s] -- Up-to-date symlink: /home/gaurav/mrs_workspace/install/mrs_modules_msgs/share/mrs_modules_msgs/msg/SensorInfo.json
[0.260s] -- Up-to-date symlink: /home/gaurav/mrs_workspace/install/mrs_modules_msgs/share/mrs_modules_msgs/msg/PclToolsDiagnostics.json
[0.260s] -- Up-to-date symlink: /home/gaurav/mrs_workspace/install/mrs_modules_msgs/share/mrs_modules_msgs/srv/SetServo.json
[0.260s] -- Up-to-date symlink: /home/gaurav/mrs_workspace/install/mrs_modules_msgs/share/mrs_modules_msgs/srv/SetTrigger.json
[0.260s] -- Up-to-date symlink: /home/gaurav/mrs_workspace/install/mrs_modules_msgs/share/mrs_modules_msgs/srv/Path.json
[0.261s] -- Up-to-date symlink: /home/gaurav/mrs_workspace/install/mrs_modules_msgs/include/mrs_modules_msgs/mrs_modules_msgs/msg/baca_protocol.h
[0.261s] -- Up-to-date symlink: /home/gaurav/mrs_workspace/install/mrs_modules_msgs/include/mrs_modules_msgs/mrs_modules_msgs/msg/bestpos.h
[0.261s] -- Up-to-date symlink: /home/gaurav/mrs_workspace/install/mrs_modules_msgs/include/mrs_modules_msgs/mrs_modules_msgs/msg/bestvel.h
[0.261s] -- Up-to-date symlink: /home/gaurav/mrs_workspace/install/mrs_modules_msgs/include/mrs_modules_msgs/mrs_modules_msgs/msg/detail/baca_protocol__functions.h
[0.261s] -- Up-to-date symlink: /home/gaurav/mrs_workspace/install/mrs_modules_msgs/include/mrs_modules_msgs/mrs_modules_msgs/msg/detail/baca_protocol__struct.h
[0.261s] -- Up-to-date symlink: /home/gaurav/mrs_workspace/install/mrs_modules_msgs/include/mrs_modules_msgs/mrs_modules_msgs/msg/detail/baca_protocol__type_support.h
[0.261s] -- Up-to-date symlink: /home/gaurav/mrs_workspace/install/mrs_modules_msgs/include/mrs_modules_msgs/mrs_modules_msgs/msg/detail/bestpos__functions.h
[0.261s] -- Up-to-date symlink: /home/gaurav/mrs_workspace/install/mrs_modules_msgs/include/mrs_modules_msgs/mrs_modules_msgs/msg/detail/bestpos__struct.h
[0.261s] -- Up-to-date symlink: /home/gaurav/mrs_workspace/install/mrs_modules_msgs/include/mrs_modules_msgs/mrs_modules_msgs/msg/detail/bestpos__type_support.h
[0.261s] -- Up-to-date symlink: /home/gaurav/mrs_workspace/install/mrs_modules_msgs/include/mrs_modules_msgs/mrs_modules_msgs/msg/detail/bestvel__functions.h
[0.261s] -- Up-to-date symlink: /home/gaurav/mrs_workspace/install/mrs_modules_msgs/include/mrs_modules_msgs/mrs_modules_msgs/msg/detail/bestvel__struct.h
[0.261s] -- Up-to-date symlink: /home/gaurav/mrs_workspace/install/mrs_modules_msgs/include/mrs_modules_msgs/mrs_modules_msgs/msg/detail/bestvel__type_support.h
[0.262s] -- Up-to-date symlink: /home/gaurav/mrs_workspace/install/mrs_modules_msgs/include/mrs_modules_msgs/mrs_modules_msgs/msg/detail/gimbal_pry__functions.h
[0.262s] -- Up-to-date symlink: /home/gaurav/mrs_workspace/install/mrs_modules_msgs/include/mrs_modules_msgs/mrs_modules_msgs/msg/detail/gimbal_pry__struct.h
[0.262s] -- Up-to-date symlink: /home/gaurav/mrs_workspace/install/mrs_modules_msgs/include/mrs_modules_msgs/mrs_modules_msgs/msg/detail/gimbal_pry__type_support.h
[0.262s] -- Up-to-date symlink: /home/gaurav/mrs_workspace/install/mrs_modules_msgs/include/mrs_modules_msgs/mrs_modules_msgs/msg/detail/gpgga__functions.h
[0.262s] -- Up-to-date symlink: /home/gaurav/mrs_workspace/install/mrs_modules_msgs/include/mrs_modules_msgs/mrs_modules_msgs/msg/detail/gpgga__struct.h
[0.262s] -- Up-to-date symlink: /home/gaurav/mrs_workspace/install/mrs_modules_msgs/include/mrs_modules_msgs/mrs_modules_msgs/msg/detail/gpgga__type_support.h
[0.262s] -- Up-to-date symlink: /home/gaurav/mrs_workspace/install/mrs_modules_msgs/include/mrs_modules_msgs/mrs_modules_msgs/msg/detail/gpgsa__functions.h
[0.262s] -- Up-to-date symlink: /home/gaurav/mrs_workspace/install/mrs_modules_msgs/include/mrs_modules_msgs/mrs_modules_msgs/msg/detail/gpgsa__struct.h
[0.262s] -- Up-to-date symlink: /home/gaurav/mrs_workspace/install/mrs_modules_msgs/include/mrs_modules_msgs/mrs_modules_msgs/msg/detail/gpgsa__type_support.h
[0.262s] -- Up-to-date symlink: /home/gaurav/mrs_workspace/install/mrs_modules_msgs/include/mrs_modules_msgs/mrs_modules_msgs/msg/detail/gpgst__functions.h
[0.262s] -- Up-to-date symlink: /home/gaurav/mrs_workspace/install/mrs_modules_msgs/include/mrs_modules_msgs/mrs_modules_msgs/msg/detail/gpgst__struct.h
[0.262s] -- Up-to-date symlink: /home/gaurav/mrs_workspace/install/mrs_modules_msgs/include/mrs_modules_msgs/mrs_modules_msgs/msg/detail/gpgst__type_support.h
[0.262s] -- Up-to-date symlink: /home/gaurav/mrs_workspace/install/mrs_modules_msgs/include/mrs_modules_msgs/mrs_modules_msgs/msg/detail/gpgsv__functions.h
[0.262s] -- Up-to-date symlink: /home/gaurav/mrs_workspace/install/mrs_modules_msgs/include/mrs_modules_msgs/mrs_modules_msgs/msg/detail/gpgsv__struct.h
[0.262s] -- Up-to-date symlink: /home/gaurav/mrs_workspace/install/mrs_modules_msgs/include/mrs_modules_msgs/mrs_modules_msgs/msg/detail/gpgsv__type_support.h
[0.262s] -- Up-to-date symlink: /home/gaurav/mrs_workspace/install/mrs_modules_msgs/include/mrs_modules_msgs/mrs_modules_msgs/msg/detail/gprmc__functions.h
[0.262s] -- Up-to-date symlink: /home/gaurav/mrs_workspace/install/mrs_modules_msgs/include/mrs_modules_msgs/mrs_modules_msgs/msg/detail/gprmc__struct.h
[0.262s] -- Up-to-date symlink: /home/gaurav/mrs_workspace/install/mrs_modules_msgs/include/mrs_modules_msgs/mrs_modules_msgs/msg/detail/gprmc__type_support.h
[0.262s] -- Up-to-date symlink: /home/gaurav/mrs_workspace/install/mrs_modules_msgs/include/mrs_modules_msgs/mrs_modules_msgs/msg/detail/gps_fix__functions.h
[0.263s] -- Up-to-date symlink: /home/gaurav/mrs_workspace/install/mrs_modules_msgs/include/mrs_modules_msgs/mrs_modules_msgs/msg/detail/gps_fix__struct.h
[0.263s] -- Up-to-date symlink: /home/gaurav/mrs_workspace/install/mrs_modules_msgs/include/mrs_modules_msgs/mrs_modules_msgs/msg/detail/gps_fix__type_support.h
[0.263s] -- Up-to-date symlink: /home/gaurav/mrs_workspace/install/mrs_modules_msgs/include/mrs_modules_msgs/mrs_modules_msgs/msg/detail/gps_status__functions.h
[0.263s] -- Up-to-date symlink: /home/gaurav/mrs_workspace/install/mrs_modules_msgs/include/mrs_modules_msgs/mrs_modules_msgs/msg/detail/gps_status__struct.h
[0.263s] -- Up-to-date symlink: /home/gaurav/mrs_workspace/install/mrs_modules_msgs/include/mrs_modules_msgs/mrs_modules_msgs/msg/detail/gps_status__type_support.h
[0.263s] -- Up-to-date symlink: /home/gaurav/mrs_workspace/install/mrs_modules_msgs/include/mrs_modules_msgs/mrs_modules_msgs/msg/detail/gpvtg__functions.h
[0.263s] -- Up-to-date symlink: /home/gaurav/mrs_workspace/install/mrs_modules_msgs/include/mrs_modules_msgs/mrs_modules_msgs/msg/detail/gpvtg__struct.h
[0.263s] -- Up-to-date symlink: /home/gaurav/mrs_workspace/install/mrs_modules_msgs/include/mrs_modules_msgs/mrs_modules_msgs/msg/detail/gpvtg__type_support.h
[0.263s] -- Up-to-date symlink: /home/gaurav/mrs_workspace/install/mrs_modules_msgs/include/mrs_modules_msgs/mrs_modules_msgs/msg/detail/gripper_diagnostics__functions.h
[0.263s] -- Up-to-date symlink: /home/gaurav/mrs_workspace/install/mrs_modules_msgs/include/mrs_modules_msgs/mrs_modules_msgs/msg/detail/gripper_diagnostics__struct.h
[0.263s] -- Up-to-date symlink: /home/gaurav/mrs_workspace/install/mrs_modules_msgs/include/mrs_modules_msgs/mrs_modules_msgs/msg/detail/gripper_diagnostics__type_support.h
[0.263s] -- Up-to-date symlink: /home/gaurav/mrs_workspace/install/mrs_modules_msgs/include/mrs_modules_msgs/mrs_modules_msgs/msg/detail/llcp__functions.h
[0.263s] -- Up-to-date symlink: /home/gaurav/mrs_workspace/install/mrs_modules_msgs/include/mrs_modules_msgs/mrs_modules_msgs/msg/detail/llcp__struct.h
[0.264s] -- Up-to-date symlink: /home/gaurav/mrs_workspace/install/mrs_modules_msgs/include/mrs_modules_msgs/mrs_modules_msgs/msg/detail/llcp__type_support.h
[0.264s] -- Up-to-date symlink: /home/gaurav/mrs_workspace/install/mrs_modules_msgs/include/mrs_modules_msgs/mrs_modules_msgs/msg/detail/octomap_planner_diagnostics__functions.h
[0.264s] -- Up-to-date symlink: /home/gaurav/mrs_workspace/install/mrs_modules_msgs/include/mrs_modules_msgs/mrs_modules_msgs/msg/detail/octomap_planner_diagnostics__struct.h
[0.264s] -- Up-to-date symlink: /home/gaurav/mrs_workspace/install/mrs_modules_msgs/include/mrs_modules_msgs/mrs_modules_msgs/msg/detail/octomap_planner_diagnostics__type_support.h
[0.264s] -- Up-to-date symlink: /home/gaurav/mrs_workspace/install/mrs_modules_msgs/include/mrs_modules_msgs/mrs_modules_msgs/msg/detail/parachute_diagnostics__functions.h
[0.264s] -- Up-to-date symlink: /home/gaurav/mrs_workspace/install/mrs_modules_msgs/include/mrs_modules_msgs/mrs_modules_msgs/msg/detail/parachute_diagnostics__struct.h
[0.265s] -- Up-to-date symlink: /home/gaurav/mrs_workspace/install/mrs_modules_msgs/include/mrs_modules_msgs/mrs_modules_msgs/msg/detail/parachute_diagnostics__type_support.h
[0.265s] -- Up-to-date symlink: /home/gaurav/mrs_workspace/install/mrs_modules_msgs/include/mrs_modules_msgs/mrs_modules_msgs/msg/detail/pcl_tools_diagnostics__functions.h
[0.265s] -- Up-to-date symlink: /home/gaurav/mrs_workspace/install/mrs_modules_msgs/include/mrs_modules_msgs/mrs_modules_msgs/msg/detail/pcl_tools_diagnostics__struct.h
[0.265s] -- Up-to-date symlink: /home/gaurav/mrs_workspace/install/mrs_modules_msgs/include/mrs_modules_msgs/mrs_modules_msgs/msg/detail/pcl_tools_diagnostics__type_support.h
[0.265s] -- Up-to-date symlink: /home/gaurav/mrs_workspace/install/mrs_modules_msgs/include/mrs_modules_msgs/mrs_modules_msgs/msg/detail/pose_with_size__functions.h
[0.265s] -- Up-to-date symlink: /home/gaurav/mrs_workspace/install/mrs_modules_msgs/include/mrs_modules_msgs/mrs_modules_msgs/msg/detail/pose_with_size__struct.h
[0.265s] -- Up-to-date symlink: /home/gaurav/mrs_workspace/install/mrs_modules_msgs/include/mrs_modules_msgs/mrs_modules_msgs/msg/detail/pose_with_size__type_support.h
[0.266s] -- Up-to-date symlink: /home/gaurav/mrs_workspace/install/mrs_modules_msgs/include/mrs_modules_msgs/mrs_modules_msgs/msg/detail/range__functions.h
[0.266s] -- Up-to-date symlink: /home/gaurav/mrs_workspace/install/mrs_modules_msgs/include/mrs_modules_msgs/mrs_modules_msgs/msg/detail/range__struct.h
[0.266s] -- Up-to-date symlink: /home/gaurav/mrs_workspace/install/mrs_modules_msgs/include/mrs_modules_msgs/mrs_modules_msgs/msg/detail/range__type_support.h
[0.266s] -- Up-to-date symlink: /home/gaurav/mrs_workspace/install/mrs_modules_msgs/include/mrs_modules_msgs/mrs_modules_msgs/msg/detail/range_information__functions.h
[0.266s] -- Up-to-date symlink: /home/gaurav/mrs_workspace/install/mrs_modules_msgs/include/mrs_modules_msgs/mrs_modules_msgs/msg/detail/range_information__struct.h
[0.266s] -- Up-to-date symlink: /home/gaurav/mrs_workspace/install/mrs_modules_msgs/include/mrs_modules_msgs/mrs_modules_msgs/msg/detail/range_information__type_support.h
[0.266s] -- Up-to-date symlink: /home/gaurav/mrs_workspace/install/mrs_modules_msgs/include/mrs_modules_msgs/mrs_modules_msgs/msg/detail/satellite__functions.h
[0.266s] -- Up-to-date symlink: /home/gaurav/mrs_workspace/install/mrs_modules_msgs/include/mrs_modules_msgs/mrs_modules_msgs/msg/detail/satellite__struct.h
[0.267s] -- Up-to-date symlink: /home/gaurav/mrs_workspace/install/mrs_modules_msgs/include/mrs_modules_msgs/mrs_modules_msgs/msg/detail/satellite__type_support.h
[0.267s] -- Up-to-date symlink: /home/gaurav/mrs_workspace/install/mrs_modules_msgs/include/mrs_modules_msgs/mrs_modules_msgs/msg/detail/sensor_info__functions.h
[0.267s] -- Up-to-date symlink: /home/gaurav/mrs_workspace/install/mrs_modules_msgs/include/mrs_modules_msgs/mrs_modules_msgs/msg/detail/sensor_info__struct.h
[0.267s] -- Up-to-date symlink: /home/gaurav/mrs_workspace/install/mrs_modules_msgs/include/mrs_modules_msgs/mrs_modules_msgs/msg/detail/sensor_info__type_support.h
[0.267s] -- Up-to-date symlink: /home/gaurav/mrs_workspace/install/mrs_modules_msgs/include/mrs_modules_msgs/mrs_modules_msgs/msg/detail/serial_raw__functions.h
[0.267s] -- Up-to-date symlink: /home/gaurav/mrs_workspace/install/mrs_modules_msgs/include/mrs_modules_msgs/mrs_modules_msgs/msg/detail/serial_raw__struct.h
[0.267s] -- Up-to-date symlink: /home/gaurav/mrs_workspace/install/mrs_modules_msgs/include/mrs_modules_msgs/mrs_modules_msgs/msg/detail/serial_raw__type_support.h
[0.267s] -- Up-to-date symlink: /home/gaurav/mrs_workspace/install/mrs_modules_msgs/include/mrs_modules_msgs/mrs_modules_msgs/msg/detail/tersus_message_header__functions.h
[0.268s] -- Up-to-date symlink: /home/gaurav/mrs_workspace/install/mrs_modules_msgs/include/mrs_modules_msgs/mrs_modules_msgs/msg/detail/tersus_message_header__struct.h
[0.268s] -- Up-to-date symlink: /home/gaurav/mrs_workspace/install/mrs_modules_msgs/include/mrs_modules_msgs/mrs_modules_msgs/msg/detail/tersus_message_header__type_support.h
[0.268s] -- Up-to-date symlink: /home/gaurav/mrs_workspace/install/mrs_modules_msgs/include/mrs_modules_msgs/mrs_modules_msgs/msg/detail/time__functions.h
[0.268s] -- Up-to-date symlink: /home/gaurav/mrs_workspace/install/mrs_modules_msgs/include/mrs_modules_msgs/mrs_modules_msgs/msg/detail/time__struct.h
[0.268s] -- Up-to-date symlink: /home/gaurav/mrs_workspace/install/mrs_modules_msgs/include/mrs_modules_msgs/mrs_modules_msgs/msg/detail/time__type_support.h
[0.268s] -- Up-to-date symlink: /home/gaurav/mrs_workspace/install/mrs_modules_msgs/include/mrs_modules_msgs/mrs_modules_msgs/msg/detail/trackstat__functions.h
[0.268s] -- Up-to-date symlink: /home/gaurav/mrs_workspace/install/mrs_modules_msgs/include/mrs_modules_msgs/mrs_modules_msgs/msg/detail/trackstat__struct.h
[0.268s] -- Up-to-date symlink: /home/gaurav/mrs_workspace/install/mrs_modules_msgs/include/mrs_modules_msgs/mrs_modules_msgs/msg/detail/trackstat__type_support.h
[0.269s] -- Up-to-date symlink: /home/gaurav/mrs_workspace/install/mrs_modules_msgs/include/mrs_modules_msgs/mrs_modules_msgs/msg/detail/trackstat_channel__functions.h
[0.269s] -- Up-to-date symlink: /home/gaurav/mrs_workspace/install/mrs_modules_msgs/include/mrs_modules_msgs/mrs_modules_msgs/msg/detail/trackstat_channel__struct.h
[0.269s] -- Up-to-date symlink: /home/gaurav/mrs_workspace/install/mrs_modules_msgs/include/mrs_modules_msgs/mrs_modules_msgs/msg/detail/trackstat_channel__type_support.h
[0.269s] -- Up-to-date symlink: /home/gaurav/mrs_workspace/install/mrs_modules_msgs/include/mrs_modules_msgs/mrs_modules_msgs/msg/gimbal_pry.h
[0.269s] -- Up-to-date symlink: /home/gaurav/mrs_workspace/install/mrs_modules_msgs/include/mrs_modules_msgs/mrs_modules_msgs/msg/gpgga.h
[0.269s] -- Up-to-date symlink: /home/gaurav/mrs_workspace/install/mrs_modules_msgs/include/mrs_modules_msgs/mrs_modules_msgs/msg/gpgsa.h
[0.269s] -- Up-to-date symlink: /home/gaurav/mrs_workspace/install/mrs_modules_msgs/include/mrs_modules_msgs/mrs_modules_msgs/msg/gpgst.h
[0.269s] -- Up-to-date symlink: /home/gaurav/mrs_workspace/install/mrs_modules_msgs/include/mrs_modules_msgs/mrs_modules_msgs/msg/gpgsv.h
[0.270s] -- Up-to-date symlink: /home/gaurav/mrs_workspace/install/mrs_modules_msgs/include/mrs_modules_msgs/mrs_modules_msgs/msg/gprmc.h
[0.270s] -- Up-to-date symlink: /home/gaurav/mrs_workspace/install/mrs_modules_msgs/include/mrs_modules_msgs/mrs_modules_msgs/msg/gps_fix.h
[0.270s] -- Up-to-date symlink: /home/gaurav/mrs_workspace/install/mrs_modules_msgs/include/mrs_modules_msgs/mrs_modules_msgs/msg/gps_status.h
[0.270s] -- Up-to-date symlink: /home/gaurav/mrs_workspace/install/mrs_modules_msgs/include/mrs_modules_msgs/mrs_modules_msgs/msg/gpvtg.h
[0.270s] -- Up-to-date symlink: /home/gaurav/mrs_workspace/install/mrs_modules_msgs/include/mrs_modules_msgs/mrs_modules_msgs/msg/gripper_diagnostics.h
[0.270s] -- Up-to-date symlink: /home/gaurav/mrs_workspace/install/mrs_modules_msgs/include/mrs_modules_msgs/mrs_modules_msgs/msg/llcp.h
[0.270s] -- Up-to-date symlink: /home/gaurav/mrs_workspace/install/mrs_modules_msgs/include/mrs_modules_msgs/mrs_modules_msgs/msg/octomap_planner_diagnostics.h
[0.271s] -- Up-to-date symlink: /home/gaurav/mrs_workspace/install/mrs_modules_msgs/include/mrs_modules_msgs/mrs_modules_msgs/msg/parachute_diagnostics.h
[0.271s] -- Up-to-date symlink: /home/gaurav/mrs_workspace/install/mrs_modules_msgs/include/mrs_modules_msgs/mrs_modules_msgs/msg/pcl_tools_diagnostics.h
[0.271s] -- Up-to-date symlink: /home/gaurav/mrs_workspace/install/mrs_modules_msgs/include/mrs_modules_msgs/mrs_modules_msgs/msg/pose_with_size.h
[0.271s] -- Up-to-date symlink: /home/gaurav/mrs_workspace/install/mrs_modules_msgs/include/mrs_modules_msgs/mrs_modules_msgs/msg/range.h
[0.271s] -- Up-to-date symlink: /home/gaurav/mrs_workspace/install/mrs_modules_msgs/include/mrs_modules_msgs/mrs_modules_msgs/msg/range_information.h
[0.271s] -- Up-to-date symlink: /home/gaurav/mrs_workspace/install/mrs_modules_msgs/include/mrs_modules_msgs/mrs_modules_msgs/msg/rosidl_generator_c__visibility_control.h
[0.271s] -- Up-to-date symlink: /home/gaurav/mrs_workspace/install/mrs_modules_msgs/include/mrs_modules_msgs/mrs_modules_msgs/msg/satellite.h
[0.271s] -- Up-to-date symlink: /home/gaurav/mrs_workspace/install/mrs_modules_msgs/include/mrs_modules_msgs/mrs_modules_msgs/msg/sensor_info.h
[0.272s] -- Up-to-date symlink: /home/gaurav/mrs_workspace/install/mrs_modules_msgs/include/mrs_modules_msgs/mrs_modules_msgs/msg/serial_raw.h
[0.272s] -- Up-to-date symlink: /home/gaurav/mrs_workspace/install/mrs_modules_msgs/include/mrs_modules_msgs/mrs_modules_msgs/msg/tersus_message_header.h
[0.272s] -- Up-to-date symlink: /home/gaurav/mrs_workspace/install/mrs_modules_msgs/include/mrs_modules_msgs/mrs_modules_msgs/msg/time.h
[0.272s] -- Up-to-date symlink: /home/gaurav/mrs_workspace/install/mrs_modules_msgs/include/mrs_modules_msgs/mrs_modules_msgs/msg/trackstat.h
[0.272s] -- Up-to-date symlink: /home/gaurav/mrs_workspace/install/mrs_modules_msgs/include/mrs_modules_msgs/mrs_modules_msgs/msg/trackstat_channel.h
[0.272s] -- Up-to-date symlink: /home/gaurav/mrs_workspace/install/mrs_modules_msgs/include/mrs_modules_msgs/mrs_modules_msgs/srv/detail/path__functions.h
[0.272s] -- Up-to-date symlink: /home/gaurav/mrs_workspace/install/mrs_modules_msgs/include/mrs_modules_msgs/mrs_modules_msgs/srv/detail/path__struct.h
[0.272s] -- Up-to-date symlink: /home/gaurav/mrs_workspace/install/mrs_modules_msgs/include/mrs_modules_msgs/mrs_modules_msgs/srv/detail/path__type_support.h
[0.272s] -- Up-to-date symlink: /home/gaurav/mrs_workspace/install/mrs_modules_msgs/include/mrs_modules_msgs/mrs_modules_msgs/srv/detail/set_servo__functions.h
[0.272s] -- Up-to-date symlink: /home/gaurav/mrs_workspace/install/mrs_modules_msgs/include/mrs_modules_msgs/mrs_modules_msgs/srv/detail/set_servo__struct.h
[0.272s] -- Up-to-date symlink: /home/gaurav/mrs_workspace/install/mrs_modules_msgs/include/mrs_modules_msgs/mrs_modules_msgs/srv/detail/set_servo__type_support.h
[0.272s] -- Up-to-date symlink: /home/gaurav/mrs_workspace/install/mrs_modules_msgs/include/mrs_modules_msgs/mrs_modules_msgs/srv/detail/set_trigger__functions.h
[0.272s] -- Up-to-date symlink: /home/gaurav/mrs_workspace/install/mrs_modules_msgs/include/mrs_modules_msgs/mrs_modules_msgs/srv/detail/set_trigger__struct.h
[0.272s] -- Up-to-date symlink: /home/gaurav/mrs_workspace/install/mrs_modules_msgs/include/mrs_modules_msgs/mrs_modules_msgs/srv/detail/set_trigger__type_support.h
[0.272s] -- Up-to-date symlink: /home/gaurav/mrs_workspace/install/mrs_modules_msgs/include/mrs_modules_msgs/mrs_modules_msgs/srv/path.h
[0.272s] -- Up-to-date symlink: /home/gaurav/mrs_workspace/install/mrs_modules_msgs/include/mrs_modules_msgs/mrs_modules_msgs/srv/set_servo.h
[0.272s] -- Up-to-date symlink: /home/gaurav/mrs_workspace/install/mrs_modules_msgs/include/mrs_modules_msgs/mrs_modules_msgs/srv/set_trigger.h
[0.272s] -- Up-to-date symlink: /home/gaurav/mrs_workspace/install/mrs_modules_msgs/share/mrs_modules_msgs/environment/library_path.sh
[0.272s] -- Up-to-date symlink: /home/gaurav/mrs_workspace/install/mrs_modules_msgs/share/mrs_modules_msgs/environment/library_path.dsv
[0.273s] -- Up-to-date symlink: /home/gaurav/mrs_workspace/install/mrs_modules_msgs/include/mrs_modules_msgs/mrs_modules_msgs/msg/detail/baca_protocol__rosidl_typesupport_fastrtps_c.h
[0.273s] -- Up-to-date symlink: /home/gaurav/mrs_workspace/install/mrs_modules_msgs/include/mrs_modules_msgs/mrs_modules_msgs/msg/detail/bestpos__rosidl_typesupport_fastrtps_c.h
[0.273s] -- Up-to-date symlink: /home/gaurav/mrs_workspace/install/mrs_modules_msgs/include/mrs_modules_msgs/mrs_modules_msgs/msg/detail/bestvel__rosidl_typesupport_fastrtps_c.h
[0.273s] -- Up-to-date symlink: /home/gaurav/mrs_workspace/install/mrs_modules_msgs/include/mrs_modules_msgs/mrs_modules_msgs/msg/detail/gimbal_pry__rosidl_typesupport_fastrtps_c.h
[0.273s] -- Up-to-date symlink: /home/gaurav/mrs_workspace/install/mrs_modules_msgs/include/mrs_modules_msgs/mrs_modules_msgs/msg/detail/gpgga__rosidl_typesupport_fastrtps_c.h
[0.274s] -- Up-to-date symlink: /home/gaurav/mrs_workspace/install/mrs_modules_msgs/include/mrs_modules_msgs/mrs_modules_msgs/msg/detail/gpgsa__rosidl_typesupport_fastrtps_c.h
[0.274s] -- Up-to-date symlink: /home/gaurav/mrs_workspace/install/mrs_modules_msgs/include/mrs_modules_msgs/mrs_modules_msgs/msg/detail/gpgst__rosidl_typesupport_fastrtps_c.h
[0.274s] -- Up-to-date symlink: /home/gaurav/mrs_workspace/install/mrs_modules_msgs/include/mrs_modules_msgs/mrs_modules_msgs/msg/detail/gpgsv__rosidl_typesupport_fastrtps_c.h
[0.274s] -- Up-to-date symlink: /home/gaurav/mrs_workspace/install/mrs_modules_msgs/include/mrs_modules_msgs/mrs_modules_msgs/msg/detail/gprmc__rosidl_typesupport_fastrtps_c.h
[0.274s] -- Up-to-date symlink: /home/gaurav/mrs_workspace/install/mrs_modules_msgs/include/mrs_modules_msgs/mrs_modules_msgs/msg/detail/gps_fix__rosidl_typesupport_fastrtps_c.h
[0.274s] -- Up-to-date symlink: /home/gaurav/mrs_workspace/install/mrs_modules_msgs/include/mrs_modules_msgs/mrs_modules_msgs/msg/detail/gps_status__rosidl_typesupport_fastrtps_c.h
[0.274s] -- Up-to-date symlink: /home/gaurav/mrs_workspace/install/mrs_modules_msgs/include/mrs_modules_msgs/mrs_modules_msgs/msg/detail/gpvtg__rosidl_typesupport_fastrtps_c.h
[0.274s] -- Up-to-date symlink: /home/gaurav/mrs_workspace/install/mrs_modules_msgs/include/mrs_modules_msgs/mrs_modules_msgs/msg/detail/gripper_diagnostics__rosidl_typesupport_fastrtps_c.h
[0.275s] -- Up-to-date symlink: /home/gaurav/mrs_workspace/install/mrs_modules_msgs/include/mrs_modules_msgs/mrs_modules_msgs/msg/detail/llcp__rosidl_typesupport_fastrtps_c.h
[0.275s] -- Up-to-date symlink: /home/gaurav/mrs_workspace/install/mrs_modules_msgs/include/mrs_modules_msgs/mrs_modules_msgs/msg/detail/octomap_planner_diagnostics__rosidl_typesupport_fastrtps_c.h
[0.275s] -- Up-to-date symlink: /home/gaurav/mrs_workspace/install/mrs_modules_msgs/include/mrs_modules_msgs/mrs_modules_msgs/msg/detail/parachute_diagnostics__rosidl_typesupport_fastrtps_c.h
[0.275s] -- Up-to-date symlink: /home/gaurav/mrs_workspace/install/mrs_modules_msgs/include/mrs_modules_msgs/mrs_modules_msgs/msg/detail/pcl_tools_diagnostics__rosidl_typesupport_fastrtps_c.h
[0.275s] -- Up-to-date symlink: /home/gaurav/mrs_workspace/install/mrs_modules_msgs/include/mrs_modules_msgs/mrs_modules_msgs/msg/detail/pose_with_size__rosidl_typesupport_fastrtps_c.h
[0.275s] -- Up-to-date symlink: /home/gaurav/mrs_workspace/install/mrs_modules_msgs/include/mrs_modules_msgs/mrs_modules_msgs/msg/detail/range__rosidl_typesupport_fastrtps_c.h
[0.275s] -- Up-to-date symlink: /home/gaurav/mrs_workspace/install/mrs_modules_msgs/include/mrs_modules_msgs/mrs_modules_msgs/msg/detail/range_information__rosidl_typesupport_fastrtps_c.h
[0.276s] -- Up-to-date symlink: /home/gaurav/mrs_workspace/install/mrs_modules_msgs/include/mrs_modules_msgs/mrs_modules_msgs/msg/detail/satellite__rosidl_typesupport_fastrtps_c.h
[0.276s] -- Up-to-date symlink: /home/gaurav/mrs_workspace/install/mrs_modules_msgs/include/mrs_modules_msgs/mrs_modules_msgs/msg/detail/sensor_info__rosidl_typesupport_fastrtps_c.h
[0.276s] -- Up-to-date symlink: /home/gaurav/mrs_workspace/install/mrs_modules_msgs/include/mrs_modules_msgs/mrs_modules_msgs/msg/detail/serial_raw__rosidl_typesupport_fastrtps_c.h
[0.276s] -- Up-to-date symlink: /home/gaurav/mrs_workspace/install/mrs_modules_msgs/include/mrs_modules_msgs/mrs_modules_msgs/msg/detail/tersus_message_header__rosidl_typesupport_fastrtps_c.h
[0.276s] -- Up-to-date symlink: /home/gaurav/mrs_workspace/install/mrs_modules_msgs/include/mrs_modules_msgs/mrs_modules_msgs/msg/detail/time__rosidl_typesupport_fastrtps_c.h
[0.276s] -- Up-to-date symlink: /home/gaurav/mrs_workspace/install/mrs_modules_msgs/include/mrs_modules_msgs/mrs_modules_msgs/msg/detail/trackstat__rosidl_typesupport_fastrtps_c.h
[0.276s] -- Up-to-date symlink: /home/gaurav/mrs_workspace/install/mrs_modules_msgs/include/mrs_modules_msgs/mrs_modules_msgs/msg/detail/trackstat_channel__rosidl_typesupport_fastrtps_c.h
[0.276s] -- Up-to-date symlink: /home/gaurav/mrs_workspace/install/mrs_modules_msgs/include/mrs_modules_msgs/mrs_modules_msgs/msg/rosidl_typesupport_fastrtps_c__visibility_control.h
[0.276s] -- Up-to-date symlink: /home/gaurav/mrs_workspace/install/mrs_modules_msgs/include/mrs_modules_msgs/mrs_modules_msgs/srv/detail/path__rosidl_typesupport_fastrtps_c.h
[0.276s] -- Up-to-date symlink: /home/gaurav/mrs_workspace/install/mrs_modules_msgs/include/mrs_modules_msgs/mrs_modules_msgs/srv/detail/set_servo__rosidl_typesupport_fastrtps_c.h
[0.276s] -- Up-to-date symlink: /home/gaurav/mrs_workspace/install/mrs_modules_msgs/include/mrs_modules_msgs/mrs_modules_msgs/srv/detail/set_trigger__rosidl_typesupport_fastrtps_c.h
[0.277s] -- Up-to-date symlink: /home/gaurav/mrs_workspace/install/mrs_modules_msgs/include/mrs_modules_msgs/mrs_modules_msgs/msg/baca_protocol.hpp
[0.277s] -- Up-to-date symlink: /home/gaurav/mrs_workspace/install/mrs_modules_msgs/include/mrs_modules_msgs/mrs_modules_msgs/msg/bestpos.hpp
[0.277s] -- Up-to-date symlink: /home/gaurav/mrs_workspace/install/mrs_modules_msgs/include/mrs_modules_msgs/mrs_modules_msgs/msg/bestvel.hpp
[0.277s] -- Up-to-date symlink: /home/gaurav/mrs_workspace/install/mrs_modules_msgs/include/mrs_modules_msgs/mrs_modules_msgs/msg/detail/baca_protocol__builder.hpp
[0.278s] -- Up-to-date symlink: /home/gaurav/mrs_workspace/install/mrs_modules_msgs/include/mrs_modules_msgs/mrs_modules_msgs/msg/detail/baca_protocol__struct.hpp
[0.278s] -- Up-to-date symlink: /home/gaurav/mrs_workspace/install/mrs_modules_msgs/include/mrs_modules_msgs/mrs_modules_msgs/msg/detail/baca_protocol__traits.hpp
[0.278s] -- Up-to-date symlink: /home/gaurav/mrs_workspace/install/mrs_modules_msgs/include/mrs_modules_msgs/mrs_modules_msgs/msg/detail/baca_protocol__type_support.hpp
[0.278s] -- Up-to-date symlink: /home/gaurav/mrs_workspace/install/mrs_modules_msgs/include/mrs_modules_msgs/mrs_modules_msgs/msg/detail/bestpos__builder.hpp
[0.278s] -- Up-to-date symlink: /home/gaurav/mrs_workspace/install/mrs_modules_msgs/include/mrs_modules_msgs/mrs_modules_msgs/msg/detail/bestpos__struct.hpp
[0.278s] -- Up-to-date symlink: /home/gaurav/mrs_workspace/install/mrs_modules_msgs/include/mrs_modules_msgs/mrs_modules_msgs/msg/detail/bestpos__traits.hpp
[0.278s] -- Up-to-date symlink: /home/gaurav/mrs_workspace/install/mrs_modules_msgs/include/mrs_modules_msgs/mrs_modules_msgs/msg/detail/bestpos__type_support.hpp
[0.279s] -- Up-to-date symlink: /home/gaurav/mrs_workspace/install/mrs_modules_msgs/include/mrs_modules_msgs/mrs_modules_msgs/msg/detail/bestvel__builder.hpp
[0.279s] -- Up-to-date symlink: /home/gaurav/mrs_workspace/install/mrs_modules_msgs/include/mrs_modules_msgs/mrs_modules_msgs/msg/detail/bestvel__struct.hpp
[0.279s] -- Up-to-date symlink: /home/gaurav/mrs_workspace/install/mrs_modules_msgs/include/mrs_modules_msgs/mrs_modules_msgs/msg/detail/bestvel__traits.hpp
[0.279s] -- Up-to-date symlink: /home/gaurav/mrs_workspace/install/mrs_modules_msgs/include/mrs_modules_msgs/mrs_modules_msgs/msg/detail/bestvel__type_support.hpp
[0.279s] -- Up-to-date symlink: /home/gaurav/mrs_workspace/install/mrs_modules_msgs/include/mrs_modules_msgs/mrs_modules_msgs/msg/detail/gimbal_pry__builder.hpp
[0.279s] -- Up-to-date symlink: /home/gaurav/mrs_workspace/install/mrs_modules_msgs/include/mrs_modules_msgs/mrs_modules_msgs/msg/detail/gimbal_pry__struct.hpp
[0.279s] -- Up-to-date symlink: /home/gaurav/mrs_workspace/install/mrs_modules_msgs/include/mrs_modules_msgs/mrs_modules_msgs/msg/detail/gimbal_pry__traits.hpp
[0.279s] -- Up-to-date symlink: /home/gaurav/mrs_workspace/install/mrs_modules_msgs/include/mrs_modules_msgs/mrs_modules_msgs/msg/detail/gimbal_pry__type_support.hpp
[0.279s] -- Up-to-date symlink: /home/gaurav/mrs_workspace/install/mrs_modules_msgs/include/mrs_modules_msgs/mrs_modules_msgs/msg/detail/gpgga__builder.hpp
[0.280s] -- Up-to-date symlink: /home/gaurav/mrs_workspace/install/mrs_modules_msgs/include/mrs_modules_msgs/mrs_modules_msgs/msg/detail/gpgga__struct.hpp
[0.280s] -- Up-to-date symlink: /home/gaurav/mrs_workspace/install/mrs_modules_msgs/include/mrs_modules_msgs/mrs_modules_msgs/msg/detail/gpgga__traits.hpp
[0.280s] -- Up-to-date symlink: /home/gaurav/mrs_workspace/install/mrs_modules_msgs/include/mrs_modules_msgs/mrs_modules_msgs/msg/detail/gpgga__type_support.hpp
[0.280s] -- Up-to-date symlink: /home/gaurav/mrs_workspace/install/mrs_modules_msgs/include/mrs_modules_msgs/mrs_modules_msgs/msg/detail/gpgsa__builder.hpp
[0.280s] -- Up-to-date symlink: /home/gaurav/mrs_workspace/install/mrs_modules_msgs/include/mrs_modules_msgs/mrs_modules_msgs/msg/detail/gpgsa__struct.hpp
[0.280s] -- Up-to-date symlink: /home/gaurav/mrs_workspace/install/mrs_modules_msgs/include/mrs_modules_msgs/mrs_modules_msgs/msg/detail/gpgsa__traits.hpp
[0.280s] -- Up-to-date symlink: /home/gaurav/mrs_workspace/install/mrs_modules_msgs/include/mrs_modules_msgs/mrs_modules_msgs/msg/detail/gpgsa__type_support.hpp
[0.280s] -- Up-to-date symlink: /home/gaurav/mrs_workspace/install/mrs_modules_msgs/include/mrs_modules_msgs/mrs_modules_msgs/msg/detail/gpgst__builder.hpp
[0.280s] -- Up-to-date symlink: /home/gaurav/mrs_workspace/install/mrs_modules_msgs/include/mrs_modules_msgs/mrs_modules_msgs/msg/detail/gpgst__struct.hpp
[0.280s] -- Up-to-date symlink: /home/gaurav/mrs_workspace/install/mrs_modules_msgs/include/mrs_modules_msgs/mrs_modules_msgs/msg/detail/gpgst__traits.hpp
[0.280s] -- Up-to-date symlink: /home/gaurav/mrs_workspace/install/mrs_modules_msgs/include/mrs_modules_msgs/mrs_modules_msgs/msg/detail/gpgst__type_support.hpp
[0.280s] -- Up-to-date symlink: /home/gaurav/mrs_workspace/install/mrs_modules_msgs/include/mrs_modules_msgs/mrs_modules_msgs/msg/detail/gpgsv__builder.hpp
[0.280s] -- Up-to-date symlink: /home/gaurav/mrs_workspace/install/mrs_modules_msgs/include/mrs_modules_msgs/mrs_modules_msgs/msg/detail/gpgsv__struct.hpp
[0.280s] -- Up-to-date symlink: /home/gaurav/mrs_workspace/install/mrs_modules_msgs/include/mrs_modules_msgs/mrs_modules_msgs/msg/detail/gpgsv__traits.hpp
[0.280s] -- Up-to-date symlink: /home/gaurav/mrs_workspace/install/mrs_modules_msgs/include/mrs_modules_msgs/mrs_modules_msgs/msg/detail/gpgsv__type_support.hpp
[0.281s] -- Up-to-date symlink: /home/gaurav/mrs_workspace/install/mrs_modules_msgs/include/mrs_modules_msgs/mrs_modules_msgs/msg/detail/gprmc__builder.hpp
[0.281s] -- Up-to-date symlink: /home/gaurav/mrs_workspace/install/mrs_modules_msgs/include/mrs_modules_msgs/mrs_modules_msgs/msg/detail/gprmc__struct.hpp
[0.281s] -- Up-to-date symlink: /home/gaurav/mrs_workspace/install/mrs_modules_msgs/include/mrs_modules_msgs/mrs_modules_msgs/msg/detail/gprmc__traits.hpp
[0.281s] -- Up-to-date symlink: /home/gaurav/mrs_workspace/install/mrs_modules_msgs/include/mrs_modules_msgs/mrs_modules_msgs/msg/detail/gprmc__type_support.hpp
[0.281s] -- Up-to-date symlink: /home/gaurav/mrs_workspace/install/mrs_modules_msgs/include/mrs_modules_msgs/mrs_modules_msgs/msg/detail/gps_fix__builder.hpp
[0.281s] -- Up-to-date symlink: /home/gaurav/mrs_workspace/install/mrs_modules_msgs/include/mrs_modules_msgs/mrs_modules_msgs/msg/detail/gps_fix__struct.hpp
[0.281s] -- Up-to-date symlink: /home/gaurav/mrs_workspace/install/mrs_modules_msgs/include/mrs_modules_msgs/mrs_modules_msgs/msg/detail/gps_fix__traits.hpp
[0.281s] -- Up-to-date symlink: /home/gaurav/mrs_workspace/install/mrs_modules_msgs/include/mrs_modules_msgs/mrs_modules_msgs/msg/detail/gps_fix__type_support.hpp
[0.281s] -- Up-to-date symlink: /home/gaurav/mrs_workspace/install/mrs_modules_msgs/include/mrs_modules_msgs/mrs_modules_msgs/msg/detail/gps_status__builder.hpp
[0.281s] -- Up-to-date symlink: /home/gaurav/mrs_workspace/install/mrs_modules_msgs/include/mrs_modules_msgs/mrs_modules_msgs/msg/detail/gps_status__struct.hpp
[0.281s] -- Up-to-date symlink: /home/gaurav/mrs_workspace/install/mrs_modules_msgs/include/mrs_modules_msgs/mrs_modules_msgs/msg/detail/gps_status__traits.hpp
[0.281s] -- Up-to-date symlink: /home/gaurav/mrs_workspace/install/mrs_modules_msgs/include/mrs_modules_msgs/mrs_modules_msgs/msg/detail/gps_status__type_support.hpp
[0.282s] -- Up-to-date symlink: /home/gaurav/mrs_workspace/install/mrs_modules_msgs/include/mrs_modules_msgs/mrs_modules_msgs/msg/detail/gpvtg__builder.hpp
[0.282s] -- Up-to-date symlink: /home/gaurav/mrs_workspace/install/mrs_modules_msgs/include/mrs_modules_msgs/mrs_modules_msgs/msg/detail/gpvtg__struct.hpp
[0.282s] -- Up-to-date symlink: /home/gaurav/mrs_workspace/install/mrs_modules_msgs/include/mrs_modules_msgs/mrs_modules_msgs/msg/detail/gpvtg__traits.hpp
[0.282s] -- Up-to-date symlink: /home/gaurav/mrs_workspace/install/mrs_modules_msgs/include/mrs_modules_msgs/mrs_modules_msgs/msg/detail/gpvtg__type_support.hpp
[0.282s] -- Up-to-date symlink: /home/gaurav/mrs_workspace/install/mrs_modules_msgs/include/mrs_modules_msgs/mrs_modules_msgs/msg/detail/gripper_diagnostics__builder.hpp
[0.282s] -- Up-to-date symlink: /home/gaurav/mrs_workspace/install/mrs_modules_msgs/include/mrs_modules_msgs/mrs_modules_msgs/msg/detail/gripper_diagnostics__struct.hpp
[0.282s] -- Up-to-date symlink: /home/gaurav/mrs_workspace/install/mrs_modules_msgs/include/mrs_modules_msgs/mrs_modules_msgs/msg/detail/gripper_diagnostics__traits.hpp
[0.282s] -- Up-to-date symlink: /home/gaurav/mrs_workspace/install/mrs_modules_msgs/include/mrs_modules_msgs/mrs_modules_msgs/msg/detail/gripper_diagnostics__type_support.hpp
[0.282s] -- Up-to-date symlink: /home/gaurav/mrs_workspace/install/mrs_modules_msgs/include/mrs_modules_msgs/mrs_modules_msgs/msg/detail/llcp__builder.hpp
[0.282s] -- Up-to-date symlink: /home/gaurav/mrs_workspace/install/mrs_modules_msgs/include/mrs_modules_msgs/mrs_modules_msgs/msg/detail/llcp__struct.hpp
[0.282s] -- Up-to-date symlink: /home/gaurav/mrs_workspace/install/mrs_modules_msgs/include/mrs_modules_msgs/mrs_modules_msgs/msg/detail/llcp__traits.hpp
[0.283s] -- Up-to-date symlink: /home/gaurav/mrs_workspace/install/mrs_modules_msgs/include/mrs_modules_msgs/mrs_modules_msgs/msg/detail/llcp__type_support.hpp
[0.283s] -- Up-to-date symlink: /home/gaurav/mrs_workspace/install/mrs_modules_msgs/include/mrs_modules_msgs/mrs_modules_msgs/msg/detail/octomap_planner_diagnostics__builder.hpp
[0.283s] -- Up-to-date symlink: /home/gaurav/mrs_workspace/install/mrs_modules_msgs/include/mrs_modules_msgs/mrs_modules_msgs/msg/detail/octomap_planner_diagnostics__struct.hpp
[0.283s] -- Up-to-date symlink: /home/gaurav/mrs_workspace/install/mrs_modules_msgs/include/mrs_modules_msgs/mrs_modules_msgs/msg/detail/octomap_planner_diagnostics__traits.hpp
[0.283s] -- Up-to-date symlink: /home/gaurav/mrs_workspace/install/mrs_modules_msgs/include/mrs_modules_msgs/mrs_modules_msgs/msg/detail/octomap_planner_diagnostics__type_support.hpp
[0.283s] -- Up-to-date symlink: /home/gaurav/mrs_workspace/install/mrs_modules_msgs/include/mrs_modules_msgs/mrs_modules_msgs/msg/detail/parachute_diagnostics__builder.hpp
[0.283s] -- Up-to-date symlink: /home/gaurav/mrs_workspace/install/mrs_modules_msgs/include/mrs_modules_msgs/mrs_modules_msgs/msg/detail/parachute_diagnostics__struct.hpp
[0.283s] -- Up-to-date symlink: /home/gaurav/mrs_workspace/install/mrs_modules_msgs/include/mrs_modules_msgs/mrs_modules_msgs/msg/detail/parachute_diagnostics__traits.hpp
[0.283s] -- Up-to-date symlink: /home/gaurav/mrs_workspace/install/mrs_modules_msgs/include/mrs_modules_msgs/mrs_modules_msgs/msg/detail/parachute_diagnostics__type_support.hpp
[0.283s] -- Up-to-date symlink: /home/gaurav/mrs_workspace/install/mrs_modules_msgs/include/mrs_modules_msgs/mrs_modules_msgs/msg/detail/pcl_tools_diagnostics__builder.hpp
[0.284s] -- Up-to-date symlink: /home/gaurav/mrs_workspace/install/mrs_modules_msgs/include/mrs_modules_msgs/mrs_modules_msgs/msg/detail/pcl_tools_diagnostics__struct.hpp
[0.284s] -- Up-to-date symlink: /home/gaurav/mrs_workspace/install/mrs_modules_msgs/include/mrs_modules_msgs/mrs_modules_msgs/msg/detail/pcl_tools_diagnostics__traits.hpp
[0.284s] -- Up-to-date symlink: /home/gaurav/mrs_workspace/install/mrs_modules_msgs/include/mrs_modules_msgs/mrs_modules_msgs/msg/detail/pcl_tools_diagnostics__type_support.hpp
[0.284s] -- Up-to-date symlink: /home/gaurav/mrs_workspace/install/mrs_modules_msgs/include/mrs_modules_msgs/mrs_modules_msgs/msg/detail/pose_with_size__builder.hpp
[0.284s] -- Up-to-date symlink: /home/gaurav/mrs_workspace/install/mrs_modules_msgs/include/mrs_modules_msgs/mrs_modules_msgs/msg/detail/pose_with_size__struct.hpp
[0.284s] -- Up-to-date symlink: /home/gaurav/mrs_workspace/install/mrs_modules_msgs/include/mrs_modules_msgs/mrs_modules_msgs/msg/detail/pose_with_size__traits.hpp
[0.284s] -- Up-to-date symlink: /home/gaurav/mrs_workspace/install/mrs_modules_msgs/include/mrs_modules_msgs/mrs_modules_msgs/msg/detail/pose_with_size__type_support.hpp
[0.284s] -- Up-to-date symlink: /home/gaurav/mrs_workspace/install/mrs_modules_msgs/include/mrs_modules_msgs/mrs_modules_msgs/msg/detail/range__builder.hpp
[0.284s] -- Up-to-date symlink: /home/gaurav/mrs_workspace/install/mrs_modules_msgs/include/mrs_modules_msgs/mrs_modules_msgs/msg/detail/range__struct.hpp
[0.284s] -- Up-to-date symlink: /home/gaurav/mrs_workspace/install/mrs_modules_msgs/include/mrs_modules_msgs/mrs_modules_msgs/msg/detail/range__traits.hpp
[0.285s] -- Up-to-date symlink: /home/gaurav/mrs_workspace/install/mrs_modules_msgs/include/mrs_modules_msgs/mrs_modules_msgs/msg/detail/range__type_support.hpp
[0.285s] -- Up-to-date symlink: /home/gaurav/mrs_workspace/install/mrs_modules_msgs/include/mrs_modules_msgs/mrs_modules_msgs/msg/detail/range_information__builder.hpp
[0.285s] -- Up-to-date symlink: /home/gaurav/mrs_workspace/install/mrs_modules_msgs/include/mrs_modules_msgs/mrs_modules_msgs/msg/detail/range_information__struct.hpp
[0.285s] -- Up-to-date symlink: /home/gaurav/mrs_workspace/install/mrs_modules_msgs/include/mrs_modules_msgs/mrs_modules_msgs/msg/detail/range_information__traits.hpp
[0.285s] -- Up-to-date symlink: /home/gaurav/mrs_workspace/install/mrs_modules_msgs/include/mrs_modules_msgs/mrs_modules_msgs/msg/detail/range_information__type_support.hpp
[0.285s] -- Up-to-date symlink: /home/gaurav/mrs_workspace/install/mrs_modules_msgs/include/mrs_modules_msgs/mrs_modules_msgs/msg/detail/satellite__builder.hpp
[0.285s] -- Up-to-date symlink: /home/gaurav/mrs_workspace/install/mrs_modules_msgs/include/mrs_modules_msgs/mrs_modules_msgs/msg/detail/satellite__struct.hpp
[0.285s] -- Up-to-date symlink: /home/gaurav/mrs_workspace/install/mrs_modules_msgs/include/mrs_modules_msgs/mrs_modules_msgs/msg/detail/satellite__traits.hpp
[0.285s] -- Up-to-date symlink: /home/gaurav/mrs_workspace/install/mrs_modules_msgs/include/mrs_modules_msgs/mrs_modules_msgs/msg/detail/satellite__type_support.hpp
[0.285s] -- Up-to-date symlink: /home/gaurav/mrs_workspace/install/mrs_modules_msgs/include/mrs_modules_msgs/mrs_modules_msgs/msg/detail/sensor_info__builder.hpp
[0.286s] -- Up-to-date symlink: /home/gaurav/mrs_workspace/install/mrs_modules_msgs/include/mrs_modules_msgs/mrs_modules_msgs/msg/detail/sensor_info__struct.hpp
[0.286s] -- Up-to-date symlink: /home/gaurav/mrs_workspace/install/mrs_modules_msgs/include/mrs_modules_msgs/mrs_modules_msgs/msg/detail/sensor_info__traits.hpp
[0.286s] -- Up-to-date symlink: /home/gaurav/mrs_workspace/install/mrs_modules_msgs/include/mrs_modules_msgs/mrs_modules_msgs/msg/detail/sensor_info__type_support.hpp
[0.286s] -- Up-to-date symlink: /home/gaurav/mrs_workspace/install/mrs_modules_msgs/include/mrs_modules_msgs/mrs_modules_msgs/msg/detail/serial_raw__builder.hpp
[0.286s] -- Up-to-date symlink: /home/gaurav/mrs_workspace/install/mrs_modules_msgs/include/mrs_modules_msgs/mrs_modules_msgs/msg/detail/serial_raw__struct.hpp
[0.286s] -- Up-to-date symlink: /home/gaurav/mrs_workspace/install/mrs_modules_msgs/include/mrs_modules_msgs/mrs_modules_msgs/msg/detail/serial_raw__traits.hpp
[0.286s] -- Up-to-date symlink: /home/gaurav/mrs_workspace/install/mrs_modules_msgs/include/mrs_modules_msgs/mrs_modules_msgs/msg/detail/serial_raw__type_support.hpp
[0.286s] -- Up-to-date symlink: /home/gaurav/mrs_workspace/install/mrs_modules_msgs/include/mrs_modules_msgs/mrs_modules_msgs/msg/detail/tersus_message_header__builder.hpp
[0.286s] -- Up-to-date symlink: /home/gaurav/mrs_workspace/install/mrs_modules_msgs/include/mrs_modules_msgs/mrs_modules_msgs/msg/detail/tersus_message_header__struct.hpp
[0.286s] -- Up-to-date symlink: /home/gaurav/mrs_workspace/install/mrs_modules_msgs/include/mrs_modules_msgs/mrs_modules_msgs/msg/detail/tersus_message_header__traits.hpp
[0.286s] -- Up-to-date symlink: /home/gaurav/mrs_workspace/install/mrs_modules_msgs/include/mrs_modules_msgs/mrs_modules_msgs/msg/detail/tersus_message_header__type_support.hpp
[0.287s] -- Up-to-date symlink: /home/gaurav/mrs_workspace/install/mrs_modules_msgs/include/mrs_modules_msgs/mrs_modules_msgs/msg/detail/time__builder.hpp
[0.287s] -- Up-to-date symlink: /home/gaurav/mrs_workspace/install/mrs_modules_msgs/include/mrs_modules_msgs/mrs_modules_msgs/msg/detail/time__struct.hpp
[0.287s] -- Up-to-date symlink: /home/gaurav/mrs_workspace/install/mrs_modules_msgs/include/mrs_modules_msgs/mrs_modules_msgs/msg/detail/time__traits.hpp
[0.287s] -- Up-to-date symlink: /home/gaurav/mrs_workspace/install/mrs_modules_msgs/include/mrs_modules_msgs/mrs_modules_msgs/msg/detail/time__type_support.hpp
[0.287s] -- Up-to-date symlink: /home/gaurav/mrs_workspace/install/mrs_modules_msgs/include/mrs_modules_msgs/mrs_modules_msgs/msg/detail/trackstat__builder.hpp
[0.287s] -- Up-to-date symlink: /home/gaurav/mrs_workspace/install/mrs_modules_msgs/include/mrs_modules_msgs/mrs_modules_msgs/msg/detail/trackstat__struct.hpp
[0.287s] -- Up-to-date symlink: /home/gaurav/mrs_workspace/install/mrs_modules_msgs/include/mrs_modules_msgs/mrs_modules_msgs/msg/detail/trackstat__traits.hpp
[0.287s] -- Up-to-date symlink: /home/gaurav/mrs_workspace/install/mrs_modules_msgs/include/mrs_modules_msgs/mrs_modules_msgs/msg/detail/trackstat__type_support.hpp
[0.287s] -- Up-to-date symlink: /home/gaurav/mrs_workspace/install/mrs_modules_msgs/include/mrs_modules_msgs/mrs_modules_msgs/msg/detail/trackstat_channel__builder.hpp
[0.287s] -- Up-to-date symlink: /home/gaurav/mrs_workspace/install/mrs_modules_msgs/include/mrs_modules_msgs/mrs_modules_msgs/msg/detail/trackstat_channel__struct.hpp
[0.287s] -- Up-to-date symlink: /home/gaurav/mrs_workspace/install/mrs_modules_msgs/include/mrs_modules_msgs/mrs_modules_msgs/msg/detail/trackstat_channel__traits.hpp
[0.288s] -- Up-to-date symlink: /home/gaurav/mrs_workspace/install/mrs_modules_msgs/include/mrs_modules_msgs/mrs_modules_msgs/msg/detail/trackstat_channel__type_support.hpp
[0.288s] -- Up-to-date symlink: /home/gaurav/mrs_workspace/install/mrs_modules_msgs/include/mrs_modules_msgs/mrs_modules_msgs/msg/gimbal_pry.hpp
[0.288s] -- Up-to-date symlink: /home/gaurav/mrs_workspace/install/mrs_modules_msgs/include/mrs_modules_msgs/mrs_modules_msgs/msg/gpgga.hpp
[0.288s] -- Up-to-date symlink: /home/gaurav/mrs_workspace/install/mrs_modules_msgs/include/mrs_modules_msgs/mrs_modules_msgs/msg/gpgsa.hpp
[0.288s] -- Up-to-date symlink: /home/gaurav/mrs_workspace/install/mrs_modules_msgs/include/mrs_modules_msgs/mrs_modules_msgs/msg/gpgst.hpp
[0.288s] -- Up-to-date symlink: /home/gaurav/mrs_workspace/install/mrs_modules_msgs/include/mrs_modules_msgs/mrs_modules_msgs/msg/gpgsv.hpp
[0.288s] -- Up-to-date symlink: /home/gaurav/mrs_workspace/install/mrs_modules_msgs/include/mrs_modules_msgs/mrs_modules_msgs/msg/gprmc.hpp
[0.288s] -- Up-to-date symlink: /home/gaurav/mrs_workspace/install/mrs_modules_msgs/include/mrs_modules_msgs/mrs_modules_msgs/msg/gps_fix.hpp
[0.288s] -- Up-to-date symlink: /home/gaurav/mrs_workspace/install/mrs_modules_msgs/include/mrs_modules_msgs/mrs_modules_msgs/msg/gps_status.hpp
[0.288s] -- Up-to-date symlink: /home/gaurav/mrs_workspace/install/mrs_modules_msgs/include/mrs_modules_msgs/mrs_modules_msgs/msg/gpvtg.hpp
[0.289s] -- Up-to-date symlink: /home/gaurav/mrs_workspace/install/mrs_modules_msgs/include/mrs_modules_msgs/mrs_modules_msgs/msg/gripper_diagnostics.hpp
[0.289s] -- Up-to-date symlink: /home/gaurav/mrs_workspace/install/mrs_modules_msgs/include/mrs_modules_msgs/mrs_modules_msgs/msg/llcp.hpp
[0.289s] -- Up-to-date symlink: /home/gaurav/mrs_workspace/install/mrs_modules_msgs/include/mrs_modules_msgs/mrs_modules_msgs/msg/octomap_planner_diagnostics.hpp
[0.289s] -- Up-to-date symlink: /home/gaurav/mrs_workspace/install/mrs_modules_msgs/include/mrs_modules_msgs/mrs_modules_msgs/msg/parachute_diagnostics.hpp
[0.289s] -- Up-to-date symlink: /home/gaurav/mrs_workspace/install/mrs_modules_msgs/include/mrs_modules_msgs/mrs_modules_msgs/msg/pcl_tools_diagnostics.hpp
[0.289s] -- Up-to-date symlink: /home/gaurav/mrs_workspace/install/mrs_modules_msgs/include/mrs_modules_msgs/mrs_modules_msgs/msg/pose_with_size.hpp
[0.289s] -- Up-to-date symlink: /home/gaurav/mrs_workspace/install/mrs_modules_msgs/include/mrs_modules_msgs/mrs_modules_msgs/msg/range.hpp
[0.290s] -- Up-to-date symlink: /home/gaurav/mrs_workspace/install/mrs_modules_msgs/include/mrs_modules_msgs/mrs_modules_msgs/msg/range_information.hpp
[0.290s] -- Up-to-date symlink: /home/gaurav/mrs_workspace/install/mrs_modules_msgs/include/mrs_modules_msgs/mrs_modules_msgs/msg/rosidl_generator_cpp__visibility_control.hpp
[0.290s] -- Up-to-date symlink: /home/gaurav/mrs_workspace/install/mrs_modules_msgs/include/mrs_modules_msgs/mrs_modules_msgs/msg/satellite.hpp
[0.290s] -- Up-to-date symlink: /home/gaurav/mrs_workspace/install/mrs_modules_msgs/include/mrs_modules_msgs/mrs_modules_msgs/msg/sensor_info.hpp
[0.290s] -- Up-to-date symlink: /home/gaurav/mrs_workspace/install/mrs_modules_msgs/include/mrs_modules_msgs/mrs_modules_msgs/msg/serial_raw.hpp
[0.290s] -- Up-to-date symlink: /home/gaurav/mrs_workspace/install/mrs_modules_msgs/include/mrs_modules_msgs/mrs_modules_msgs/msg/tersus_message_header.hpp
[0.290s] -- Up-to-date symlink: /home/gaurav/mrs_workspace/install/mrs_modules_msgs/include/mrs_modules_msgs/mrs_modules_msgs/msg/time.hpp
[0.290s] -- Up-to-date symlink: /home/gaurav/mrs_workspace/install/mrs_modules_msgs/include/mrs_modules_msgs/mrs_modules_msgs/msg/trackstat.hpp
[0.290s] -- Up-to-date symlink: /home/gaurav/mrs_workspace/install/mrs_modules_msgs/include/mrs_modules_msgs/mrs_modules_msgs/msg/trackstat_channel.hpp
[0.290s] -- Up-to-date symlink: /home/gaurav/mrs_workspace/install/mrs_modules_msgs/include/mrs_modules_msgs/mrs_modules_msgs/srv/detail/path__builder.hpp
[0.290s] -- Up-to-date symlink: /home/gaurav/mrs_workspace/install/mrs_modules_msgs/include/mrs_modules_msgs/mrs_modules_msgs/srv/detail/path__struct.hpp
[0.291s] -- Up-to-date symlink: /home/gaurav/mrs_workspace/install/mrs_modules_msgs/include/mrs_modules_msgs/mrs_modules_msgs/srv/detail/path__traits.hpp
[0.291s] -- Up-to-date symlink: /home/gaurav/mrs_workspace/install/mrs_modules_msgs/include/mrs_modules_msgs/mrs_modules_msgs/srv/detail/path__type_support.hpp
[0.291s] -- Up-to-date symlink: /home/gaurav/mrs_workspace/install/mrs_modules_msgs/include/mrs_modules_msgs/mrs_modules_msgs/srv/detail/set_servo__builder.hpp
[0.291s] -- Up-to-date symlink: /home/gaurav/mrs_workspace/install/mrs_modules_msgs/include/mrs_modules_msgs/mrs_modules_msgs/srv/detail/set_servo__struct.hpp
[0.291s] -- Up-to-date symlink: /home/gaurav/mrs_workspace/install/mrs_modules_msgs/include/mrs_modules_msgs/mrs_modules_msgs/srv/detail/set_servo__traits.hpp
[0.291s] -- Up-to-date symlink: /home/gaurav/mrs_workspace/install/mrs_modules_msgs/include/mrs_modules_msgs/mrs_modules_msgs/srv/detail/set_servo__type_support.hpp
[0.291s] -- Up-to-date symlink: /home/gaurav/mrs_workspace/install/mrs_modules_msgs/include/mrs_modules_msgs/mrs_modules_msgs/srv/detail/set_trigger__builder.hpp
[0.291s] -- Up-to-date symlink: /home/gaurav/mrs_workspace/install/mrs_modules_msgs/include/mrs_modules_msgs/mrs_modules_msgs/srv/detail/set_trigger__struct.hpp
[0.291s] -- Up-to-date symlink: /home/gaurav/mrs_workspace/install/mrs_modules_msgs/include/mrs_modules_msgs/mrs_modules_msgs/srv/detail/set_trigger__traits.hpp
[0.291s] -- Up-to-date symlink: /home/gaurav/mrs_workspace/install/mrs_modules_msgs/include/mrs_modules_msgs/mrs_modules_msgs/srv/detail/set_trigger__type_support.hpp
[0.291s] -- Up-to-date symlink: /home/gaurav/mrs_workspace/install/mrs_modules_msgs/include/mrs_modules_msgs/mrs_modules_msgs/srv/path.hpp
[0.291s] -- Up-to-date symlink: /home/gaurav/mrs_workspace/install/mrs_modules_msgs/include/mrs_modules_msgs/mrs_modules_msgs/srv/set_servo.hpp
[0.291s] -- Up-to-date symlink: /home/gaurav/mrs_workspace/install/mrs_modules_msgs/include/mrs_modules_msgs/mrs_modules_msgs/srv/set_trigger.hpp
[0.293s] -- Up-to-date symlink: /home/gaurav/mrs_workspace/install/mrs_modules_msgs/include/mrs_modules_msgs/mrs_modules_msgs/msg/detail/baca_protocol__rosidl_typesupport_fastrtps_cpp.hpp
[0.293s] -- Up-to-date symlink: /home/gaurav/mrs_workspace/install/mrs_modules_msgs/include/mrs_modules_msgs/mrs_modules_msgs/msg/detail/bestpos__rosidl_typesupport_fastrtps_cpp.hpp
[0.293s] -- Up-to-date symlink: /home/gaurav/mrs_workspace/install/mrs_modules_msgs/include/mrs_modules_msgs/mrs_modules_msgs/msg/detail/bestvel__rosidl_typesupport_fastrtps_cpp.hpp
[0.293s] -- Up-to-date symlink: /home/gaurav/mrs_workspace/install/mrs_modules_msgs/include/mrs_modules_msgs/mrs_modules_msgs/msg/detail/gimbal_pry__rosidl_typesupport_fastrtps_cpp.hpp
[0.293s] -- Up-to-date symlink: /home/gaurav/mrs_workspace/install/mrs_modules_msgs/include/mrs_modules_msgs/mrs_modules_msgs/msg/detail/gpgga__rosidl_typesupport_fastrtps_cpp.hpp
[0.293s] -- Up-to-date symlink: /home/gaurav/mrs_workspace/install/mrs_modules_msgs/include/mrs_modules_msgs/mrs_modules_msgs/msg/detail/gpgsa__rosidl_typesupport_fastrtps_cpp.hpp
[0.293s] -- Up-to-date symlink: /home/gaurav/mrs_workspace/install/mrs_modules_msgs/include/mrs_modules_msgs/mrs_modules_msgs/msg/detail/gpgst__rosidl_typesupport_fastrtps_cpp.hpp
[0.293s] -- Up-to-date symlink: /home/gaurav/mrs_workspace/install/mrs_modules_msgs/include/mrs_modules_msgs/mrs_modules_msgs/msg/detail/gpgsv__rosidl_typesupport_fastrtps_cpp.hpp
[0.293s] -- Up-to-date symlink: /home/gaurav/mrs_workspace/install/mrs_modules_msgs/include/mrs_modules_msgs/mrs_modules_msgs/msg/detail/gprmc__rosidl_typesupport_fastrtps_cpp.hpp
[0.293s] -- Up-to-date symlink: /home/gaurav/mrs_workspace/install/mrs_modules_msgs/include/mrs_modules_msgs/mrs_modules_msgs/msg/detail/gps_fix__rosidl_typesupport_fastrtps_cpp.hpp
[0.293s] -- Up-to-date symlink: /home/gaurav/mrs_workspace/install/mrs_modules_msgs/include/mrs_modules_msgs/mrs_modules_msgs/msg/detail/gps_status__rosidl_typesupport_fastrtps_cpp.hpp
[0.294s] -- Up-to-date symlink: /home/gaurav/mrs_workspace/install/mrs_modules_msgs/include/mrs_modules_msgs/mrs_modules_msgs/msg/detail/gpvtg__rosidl_typesupport_fastrtps_cpp.hpp
[0.294s] -- Up-to-date symlink: /home/gaurav/mrs_workspace/install/mrs_modules_msgs/include/mrs_modules_msgs/mrs_modules_msgs/msg/detail/gripper_diagnostics__rosidl_typesupport_fastrtps_cpp.hpp
[0.294s] -- Up-to-date symlink: /home/gaurav/mrs_workspace/install/mrs_modules_msgs/include/mrs_modules_msgs/mrs_modules_msgs/msg/detail/llcp__rosidl_typesupport_fastrtps_cpp.hpp
[0.294s] -- Up-to-date symlink: /home/gaurav/mrs_workspace/install/mrs_modules_msgs/include/mrs_modules_msgs/mrs_modules_msgs/msg/detail/octomap_planner_diagnostics__rosidl_typesupport_fastrtps_cpp.hpp
[0.294s] -- Up-to-date symlink: /home/gaurav/mrs_workspace/install/mrs_modules_msgs/include/mrs_modules_msgs/mrs_modules_msgs/msg/detail/parachute_diagnostics__rosidl_typesupport_fastrtps_cpp.hpp
[0.294s] -- Up-to-date symlink: /home/gaurav/mrs_workspace/install/mrs_modules_msgs/include/mrs_modules_msgs/mrs_modules_msgs/msg/detail/pcl_tools_diagnostics__rosidl_typesupport_fastrtps_cpp.hpp
[0.294s] -- Up-to-date symlink: /home/gaurav/mrs_workspace/install/mrs_modules_msgs/include/mrs_modules_msgs/mrs_modules_msgs/msg/detail/pose_with_size__rosidl_typesupport_fastrtps_cpp.hpp
[0.294s] -- Up-to-date symlink: /home/gaurav/mrs_workspace/install/mrs_modules_msgs/include/mrs_modules_msgs/mrs_modules_msgs/msg/detail/range__rosidl_typesupport_fastrtps_cpp.hpp
[0.294s] -- Up-to-date symlink: /home/gaurav/mrs_workspace/install/mrs_modules_msgs/include/mrs_modules_msgs/mrs_modules_msgs/msg/detail/range_information__rosidl_typesupport_fastrtps_cpp.hpp
[0.294s] -- Up-to-date symlink: /home/gaurav/mrs_workspace/install/mrs_modules_msgs/include/mrs_modules_msgs/mrs_modules_msgs/msg/detail/satellite__rosidl_typesupport_fastrtps_cpp.hpp
[0.295s] -- Up-to-date symlink: /home/gaurav/mrs_workspace/install/mrs_modules_msgs/include/mrs_modules_msgs/mrs_modules_msgs/msg/detail/sensor_info__rosidl_typesupport_fastrtps_cpp.hpp
[0.295s] -- Up-to-date symlink: /home/gaurav/mrs_workspace/install/mrs_modules_msgs/include/mrs_modules_msgs/mrs_modules_msgs/msg/detail/serial_raw__rosidl_typesupport_fastrtps_cpp.hpp
[0.295s] -- Up-to-date symlink: /home/gaurav/mrs_workspace/install/mrs_modules_msgs/include/mrs_modules_msgs/mrs_modules_msgs/msg/detail/tersus_message_header__rosidl_typesupport_fastrtps_cpp.hpp
[0.295s] -- Up-to-date symlink: /home/gaurav/mrs_workspace/install/mrs_modules_msgs/include/mrs_modules_msgs/mrs_modules_msgs/msg/detail/time__rosidl_typesupport_fastrtps_cpp.hpp
[0.295s] -- Up-to-date symlink: /home/gaurav/mrs_workspace/install/mrs_modules_msgs/include/mrs_modules_msgs/mrs_modules_msgs/msg/detail/trackstat__rosidl_typesupport_fastrtps_cpp.hpp
[0.295s] -- Up-to-date symlink: /home/gaurav/mrs_workspace/install/mrs_modules_msgs/include/mrs_modules_msgs/mrs_modules_msgs/msg/detail/trackstat_channel__rosidl_typesupport_fastrtps_cpp.hpp
[0.295s] -- Up-to-date symlink: /home/gaurav/mrs_workspace/install/mrs_modules_msgs/include/mrs_modules_msgs/mrs_modules_msgs/msg/rosidl_typesupport_fastrtps_cpp__visibility_control.h
[0.295s] -- Up-to-date symlink: /home/gaurav/mrs_workspace/install/mrs_modules_msgs/include/mrs_modules_msgs/mrs_modules_msgs/srv/detail/path__rosidl_typesupport_fastrtps_cpp.hpp
[0.295s] -- Up-to-date symlink: /home/gaurav/mrs_workspace/install/mrs_modules_msgs/include/mrs_modules_msgs/mrs_modules_msgs/srv/detail/set_servo__rosidl_typesupport_fastrtps_cpp.hpp
[0.295s] -- Up-to-date symlink: /home/gaurav/mrs_workspace/install/mrs_modules_msgs/include/mrs_modules_msgs/mrs_modules_msgs/srv/detail/set_trigger__rosidl_typesupport_fastrtps_cpp.hpp
[0.296s] -- Up-to-date symlink: /home/gaurav/mrs_workspace/install/mrs_modules_msgs/include/mrs_modules_msgs/mrs_modules_msgs/msg/detail/baca_protocol__rosidl_typesupport_introspection_c.h
[0.296s] -- Up-to-date symlink: /home/gaurav/mrs_workspace/install/mrs_modules_msgs/include/mrs_modules_msgs/mrs_modules_msgs/msg/detail/bestpos__rosidl_typesupport_introspection_c.h
[0.296s] -- Up-to-date symlink: /home/gaurav/mrs_workspace/install/mrs_modules_msgs/include/mrs_modules_msgs/mrs_modules_msgs/msg/detail/bestvel__rosidl_typesupport_introspection_c.h
[0.297s] -- Up-to-date symlink: /home/gaurav/mrs_workspace/install/mrs_modules_msgs/include/mrs_modules_msgs/mrs_modules_msgs/msg/detail/gimbal_pry__rosidl_typesupport_introspection_c.h
[0.297s] -- Up-to-date symlink: /home/gaurav/mrs_workspace/install/mrs_modules_msgs/include/mrs_modules_msgs/mrs_modules_msgs/msg/detail/gpgga__rosidl_typesupport_introspection_c.h
[0.297s] -- Up-to-date symlink: /home/gaurav/mrs_workspace/install/mrs_modules_msgs/include/mrs_modules_msgs/mrs_modules_msgs/msg/detail/gpgsa__rosidl_typesupport_introspection_c.h
[0.297s] -- Up-to-date symlink: /home/gaurav/mrs_workspace/install/mrs_modules_msgs/include/mrs_modules_msgs/mrs_modules_msgs/msg/detail/gpgst__rosidl_typesupport_introspection_c.h
[0.297s] -- Up-to-date symlink: /home/gaurav/mrs_workspace/install/mrs_modules_msgs/include/mrs_modules_msgs/mrs_modules_msgs/msg/detail/gpgsv__rosidl_typesupport_introspection_c.h
[0.297s] -- Up-to-date symlink: /home/gaurav/mrs_workspace/install/mrs_modules_msgs/include/mrs_modules_msgs/mrs_modules_msgs/msg/detail/gprmc__rosidl_typesupport_introspection_c.h
[0.298s] -- Up-to-date symlink: /home/gaurav/mrs_workspace/install/mrs_modules_msgs/include/mrs_modules_msgs/mrs_modules_msgs/msg/detail/gps_fix__rosidl_typesupport_introspection_c.h
[0.298s] -- Up-to-date symlink: /home/gaurav/mrs_workspace/install/mrs_modules_msgs/include/mrs_modules_msgs/mrs_modules_msgs/msg/detail/gps_status__rosidl_typesupport_introspection_c.h
[0.298s] -- Up-to-date symlink: /home/gaurav/mrs_workspace/install/mrs_modules_msgs/include/mrs_modules_msgs/mrs_modules_msgs/msg/detail/gpvtg__rosidl_typesupport_introspection_c.h
[0.298s] -- Up-to-date symlink: /home/gaurav/mrs_workspace/install/mrs_modules_msgs/include/mrs_modules_msgs/mrs_modules_msgs/msg/detail/gripper_diagnostics__rosidl_typesupport_introspection_c.h
[0.298s] -- Up-to-date symlink: /home/gaurav/mrs_workspace/install/mrs_modules_msgs/include/mrs_modules_msgs/mrs_modules_msgs/msg/detail/llcp__rosidl_typesupport_introspection_c.h
[0.298s] -- Up-to-date symlink: /home/gaurav/mrs_workspace/install/mrs_modules_msgs/include/mrs_modules_msgs/mrs_modules_msgs/msg/detail/octomap_planner_diagnostics__rosidl_typesupport_introspection_c.h
[0.298s] -- Up-to-date symlink: /home/gaurav/mrs_workspace/install/mrs_modules_msgs/include/mrs_modules_msgs/mrs_modules_msgs/msg/detail/parachute_diagnostics__rosidl_typesupport_introspection_c.h
[0.298s] -- Up-to-date symlink: /home/gaurav/mrs_workspace/install/mrs_modules_msgs/include/mrs_modules_msgs/mrs_modules_msgs/msg/detail/pcl_tools_diagnostics__rosidl_typesupport_introspection_c.h
[0.299s] -- Up-to-date symlink: /home/gaurav/mrs_workspace/install/mrs_modules_msgs/include/mrs_modules_msgs/mrs_modules_msgs/msg/detail/pose_with_size__rosidl_typesupport_introspection_c.h
[0.299s] -- Up-to-date symlink: /home/gaurav/mrs_workspace/install/mrs_modules_msgs/include/mrs_modules_msgs/mrs_modules_msgs/msg/detail/range__rosidl_typesupport_introspection_c.h
[0.299s] -- Up-to-date symlink: /home/gaurav/mrs_workspace/install/mrs_modules_msgs/include/mrs_modules_msgs/mrs_modules_msgs/msg/detail/range_information__rosidl_typesupport_introspection_c.h
[0.299s] -- Up-to-date symlink: /home/gaurav/mrs_workspace/install/mrs_modules_msgs/include/mrs_modules_msgs/mrs_modules_msgs/msg/detail/satellite__rosidl_typesupport_introspection_c.h
[0.299s] -- Up-to-date symlink: /home/gaurav/mrs_workspace/install/mrs_modules_msgs/include/mrs_modules_msgs/mrs_modules_msgs/msg/detail/sensor_info__rosidl_typesupport_introspection_c.h
[0.299s] -- Up-to-date symlink: /home/gaurav/mrs_workspace/install/mrs_modules_msgs/include/mrs_modules_msgs/mrs_modules_msgs/msg/detail/serial_raw__rosidl_typesupport_introspection_c.h
[0.299s] -- Up-to-date symlink: /home/gaurav/mrs_workspace/install/mrs_modules_msgs/include/mrs_modules_msgs/mrs_modules_msgs/msg/detail/tersus_message_header__rosidl_typesupport_introspection_c.h
[0.299s] -- Up-to-date symlink: /home/gaurav/mrs_workspace/install/mrs_modules_msgs/include/mrs_modules_msgs/mrs_modules_msgs/msg/detail/time__rosidl_typesupport_introspection_c.h
[0.299s] -- Up-to-date symlink: /home/gaurav/mrs_workspace/install/mrs_modules_msgs/include/mrs_modules_msgs/mrs_modules_msgs/msg/detail/trackstat__rosidl_typesupport_introspection_c.h
[0.299s] -- Up-to-date symlink: /home/gaurav/mrs_workspace/install/mrs_modules_msgs/include/mrs_modules_msgs/mrs_modules_msgs/msg/detail/trackstat_channel__rosidl_typesupport_introspection_c.h
[0.300s] -- Up-to-date symlink: /home/gaurav/mrs_workspace/install/mrs_modules_msgs/include/mrs_modules_msgs/mrs_modules_msgs/msg/rosidl_typesupport_introspection_c__visibility_control.h
[0.300s] -- Up-to-date symlink: /home/gaurav/mrs_workspace/install/mrs_modules_msgs/include/mrs_modules_msgs/mrs_modules_msgs/srv/detail/path__rosidl_typesupport_introspection_c.h
[0.300s] -- Up-to-date symlink: /home/gaurav/mrs_workspace/install/mrs_modules_msgs/include/mrs_modules_msgs/mrs_modules_msgs/srv/detail/set_servo__rosidl_typesupport_introspection_c.h
[0.300s] -- Up-to-date symlink: /home/gaurav/mrs_workspace/install/mrs_modules_msgs/include/mrs_modules_msgs/mrs_modules_msgs/srv/detail/set_trigger__rosidl_typesupport_introspection_c.h
[0.300s] -- Up-to-date symlink: /home/gaurav/mrs_workspace/install/mrs_modules_msgs/include/mrs_modules_msgs/mrs_modules_msgs/msg/detail/baca_protocol__rosidl_typesupport_introspection_cpp.hpp
[0.300s] -- Up-to-date symlink: /home/gaurav/mrs_workspace/install/mrs_modules_msgs/include/mrs_modules_msgs/mrs_modules_msgs/msg/detail/bestpos__rosidl_typesupport_introspection_cpp.hpp
[0.300s] -- Up-to-date symlink: /home/gaurav/mrs_workspace/install/mrs_modules_msgs/include/mrs_modules_msgs/mrs_modules_msgs/msg/detail/bestvel__rosidl_typesupport_introspection_cpp.hpp
[0.300s] -- Up-to-date symlink: /home/gaurav/mrs_workspace/install/mrs_modules_msgs/include/mrs_modules_msgs/mrs_modules_msgs/msg/detail/gimbal_pry__rosidl_typesupport_introspection_cpp.hpp
[0.300s] -- Up-to-date symlink: /home/gaurav/mrs_workspace/install/mrs_modules_msgs/include/mrs_modules_msgs/mrs_modules_msgs/msg/detail/gpgga__rosidl_typesupport_introspection_cpp.hpp
[0.301s] -- Up-to-date symlink: /home/gaurav/mrs_workspace/install/mrs_modules_msgs/include/mrs_modules_msgs/mrs_modules_msgs/msg/detail/gpgsa__rosidl_typesupport_introspection_cpp.hpp
[0.301s] -- Up-to-date symlink: /home/gaurav/mrs_workspace/install/mrs_modules_msgs/include/mrs_modules_msgs/mrs_modules_msgs/msg/detail/gpgst__rosidl_typesupport_introspection_cpp.hpp
[0.301s] -- Up-to-date symlink: /home/gaurav/mrs_workspace/install/mrs_modules_msgs/include/mrs_modules_msgs/mrs_modules_msgs/msg/detail/gpgsv__rosidl_typesupport_introspection_cpp.hpp
[0.301s] -- Up-to-date symlink: /home/gaurav/mrs_workspace/install/mrs_modules_msgs/include/mrs_modules_msgs/mrs_modules_msgs/msg/detail/gprmc__rosidl_typesupport_introspection_cpp.hpp
[0.301s] -- Up-to-date symlink: /home/gaurav/mrs_workspace/install/mrs_modules_msgs/include/mrs_modules_msgs/mrs_modules_msgs/msg/detail/gps_fix__rosidl_typesupport_introspection_cpp.hpp
[0.301s] -- Up-to-date symlink: /home/gaurav/mrs_workspace/install/mrs_modules_msgs/include/mrs_modules_msgs/mrs_modules_msgs/msg/detail/gps_status__rosidl_typesupport_introspection_cpp.hpp
[0.301s] -- Up-to-date symlink: /home/gaurav/mrs_workspace/install/mrs_modules_msgs/include/mrs_modules_msgs/mrs_modules_msgs/msg/detail/gpvtg__rosidl_typesupport_introspection_cpp.hpp
[0.301s] -- Up-to-date symlink: /home/gaurav/mrs_workspace/install/mrs_modules_msgs/include/mrs_modules_msgs/mrs_modules_msgs/msg/detail/gripper_diagnostics__rosidl_typesupport_introspection_cpp.hpp
[0.302s] -- Up-to-date symlink: /home/gaurav/mrs_workspace/install/mrs_modules_msgs/include/mrs_modules_msgs/mrs_modules_msgs/msg/detail/llcp__rosidl_typesupport_introspection_cpp.hpp
[0.302s] -- Up-to-date symlink: /home/gaurav/mrs_workspace/install/mrs_modules_msgs/include/mrs_modules_msgs/mrs_modules_msgs/msg/detail/octomap_planner_diagnostics__rosidl_typesupport_introspection_cpp.hpp
[0.302s] -- Up-to-date symlink: /home/gaurav/mrs_workspace/install/mrs_modules_msgs/include/mrs_modules_msgs/mrs_modules_msgs/msg/detail/parachute_diagnostics__rosidl_typesupport_introspection_cpp.hpp
[0.302s] -- Up-to-date symlink: /home/gaurav/mrs_workspace/install/mrs_modules_msgs/include/mrs_modules_msgs/mrs_modules_msgs/msg/detail/pcl_tools_diagnostics__rosidl_typesupport_introspection_cpp.hpp
[0.302s] -- Up-to-date symlink: /home/gaurav/mrs_workspace/install/mrs_modules_msgs/include/mrs_modules_msgs/mrs_modules_msgs/msg/detail/pose_with_size__rosidl_typesupport_introspection_cpp.hpp
[0.302s] -- Up-to-date symlink: /home/gaurav/mrs_workspace/install/mrs_modules_msgs/include/mrs_modules_msgs/mrs_modules_msgs/msg/detail/range__rosidl_typesupport_introspection_cpp.hpp
[0.302s] -- Up-to-date symlink: /home/gaurav/mrs_workspace/install/mrs_modules_msgs/include/mrs_modules_msgs/mrs_modules_msgs/msg/detail/range_information__rosidl_typesupport_introspection_cpp.hpp
[0.302s] -- Up-to-date symlink: /home/gaurav/mrs_workspace/install/mrs_modules_msgs/include/mrs_modules_msgs/mrs_modules_msgs/msg/detail/satellite__rosidl_typesupport_introspection_cpp.hpp
[0.303s] -- Up-to-date symlink: /home/gaurav/mrs_workspace/install/mrs_modules_msgs/include/mrs_modules_msgs/mrs_modules_msgs/msg/detail/sensor_info__rosidl_typesupport_introspection_cpp.hpp
[0.303s] -- Up-to-date symlink: /home/gaurav/mrs_workspace/install/mrs_modules_msgs/include/mrs_modules_msgs/mrs_modules_msgs/msg/detail/serial_raw__rosidl_typesupport_introspection_cpp.hpp
[0.303s] -- Up-to-date symlink: /home/gaurav/mrs_workspace/install/mrs_modules_msgs/include/mrs_modules_msgs/mrs_modules_msgs/msg/detail/tersus_message_header__rosidl_typesupport_introspection_cpp.hpp
[0.303s] -- Up-to-date symlink: /home/gaurav/mrs_workspace/install/mrs_modules_msgs/include/mrs_modules_msgs/mrs_modules_msgs/msg/detail/time__rosidl_typesupport_introspection_cpp.hpp
[0.303s] -- Up-to-date symlink: /home/gaurav/mrs_workspace/install/mrs_modules_msgs/include/mrs_modules_msgs/mrs_modules_msgs/msg/detail/trackstat__rosidl_typesupport_introspection_cpp.hpp
[0.303s] -- Up-to-date symlink: /home/gaurav/mrs_workspace/install/mrs_modules_msgs/include/mrs_modules_msgs/mrs_modules_msgs/msg/detail/trackstat_channel__rosidl_typesupport_introspection_cpp.hpp
[0.303s] -- Up-to-date symlink: /home/gaurav/mrs_workspace/install/mrs_modules_msgs/include/mrs_modules_msgs/mrs_modules_msgs/srv/detail/path__rosidl_typesupport_introspection_cpp.hpp
[0.303s] -- Up-to-date symlink: /home/gaurav/mrs_workspace/install/mrs_modules_msgs/include/mrs_modules_msgs/mrs_modules_msgs/srv/detail/set_servo__rosidl_typesupport_introspection_cpp.hpp
[0.303s] -- Up-to-date symlink: /home/gaurav/mrs_workspace/install/mrs_modules_msgs/include/mrs_modules_msgs/mrs_modules_msgs/srv/detail/set_trigger__rosidl_typesupport_introspection_cpp.hpp
[0.304s] -- Up-to-date symlink: /home/gaurav/mrs_workspace/install/mrs_modules_msgs/share/mrs_modules_msgs/environment/pythonpath.sh
[0.304s] -- Up-to-date symlink: /home/gaurav/mrs_workspace/install/mrs_modules_msgs/share/mrs_modules_msgs/environment/pythonpath.dsv
[0.304s] -- Up-to-date symlink: /home/gaurav/mrs_workspace/install/mrs_modules_msgs/lib/python3.12/site-packages/mrs_modules_msgs-2.0.0-py3.12.egg-info/PKG-INFO
[0.304s] -- Up-to-date symlink: /home/gaurav/mrs_workspace/install/mrs_modules_msgs/lib/python3.12/site-packages/mrs_modules_msgs-2.0.0-py3.12.egg-info/SOURCES.txt
[0.304s] -- Up-to-date symlink: /home/gaurav/mrs_workspace/install/mrs_modules_msgs/lib/python3.12/site-packages/mrs_modules_msgs-2.0.0-py3.12.egg-info/dependency_links.txt
[0.304s] -- Up-to-date symlink: /home/gaurav/mrs_workspace/install/mrs_modules_msgs/lib/python3.12/site-packages/mrs_modules_msgs-2.0.0-py3.12.egg-info/top_level.txt
[0.305s] -- Up-to-date symlink: /home/gaurav/mrs_workspace/install/mrs_modules_msgs/lib/python3.12/site-packages/mrs_modules_msgs/__init__.py
[0.305s] -- Up-to-date symlink: /home/gaurav/mrs_workspace/install/mrs_modules_msgs/lib/python3.12/site-packages/mrs_modules_msgs/_mrs_modules_msgs_s.ep.rosidl_typesupport_c.c
[0.305s] -- Up-to-date symlink: /home/gaurav/mrs_workspace/install/mrs_modules_msgs/lib/python3.12/site-packages/mrs_modules_msgs/_mrs_modules_msgs_s.ep.rosidl_typesupport_fastrtps_c.c
[0.305s] -- Up-to-date symlink: /home/gaurav/mrs_workspace/install/mrs_modules_msgs/lib/python3.12/site-packages/mrs_modules_msgs/_mrs_modules_msgs_s.ep.rosidl_typesupport_introspection_c.c
[0.305s] -- Up-to-date symlink: /home/gaurav/mrs_workspace/install/mrs_modules_msgs/lib/python3.12/site-packages/mrs_modules_msgs/mrs_modules_msgs_s__rosidl_typesupport_c.so
[0.305s] -- Up-to-date symlink: /home/gaurav/mrs_workspace/install/mrs_modules_msgs/lib/python3.12/site-packages/mrs_modules_msgs/mrs_modules_msgs_s__rosidl_typesupport_fastrtps_c.so
[0.306s] -- Up-to-date symlink: /home/gaurav/mrs_workspace/install/mrs_modules_msgs/lib/python3.12/site-packages/mrs_modules_msgs/mrs_modules_msgs_s__rosidl_typesupport_introspection_c.so
[0.306s] -- Up-to-date symlink: /home/gaurav/mrs_workspace/install/mrs_modules_msgs/lib/python3.12/site-packages/mrs_modules_msgs/msg/__init__.py
[0.306s] -- Up-to-date symlink: /home/gaurav/mrs_workspace/install/mrs_modules_msgs/lib/python3.12/site-packages/mrs_modules_msgs/msg/_baca_protocol.py
[0.306s] -- Up-to-date symlink: /home/gaurav/mrs_workspace/install/mrs_modules_msgs/lib/python3.12/site-packages/mrs_modules_msgs/msg/_baca_protocol_s.c
[0.306s] -- Up-to-date symlink: /home/gaurav/mrs_workspace/install/mrs_modules_msgs/lib/python3.12/site-packages/mrs_modules_msgs/msg/_bestpos.py
[0.306s] -- Up-to-date symlink: /home/gaurav/mrs_workspace/install/mrs_modules_msgs/lib/python3.12/site-packages/mrs_modules_msgs/msg/_bestpos_s.c
[0.306s] -- Up-to-date symlink: /home/gaurav/mrs_workspace/install/mrs_modules_msgs/lib/python3.12/site-packages/mrs_modules_msgs/msg/_bestvel.py
[0.306s] -- Up-to-date symlink: /home/gaurav/mrs_workspace/install/mrs_modules_msgs/lib/python3.12/site-packages/mrs_modules_msgs/msg/_bestvel_s.c
[0.306s] -- Up-to-date symlink: /home/gaurav/mrs_workspace/install/mrs_modules_msgs/lib/python3.12/site-packages/mrs_modules_msgs/msg/_gimbal_pry.py
[0.307s] -- Up-to-date symlink: /home/gaurav/mrs_workspace/install/mrs_modules_msgs/lib/python3.12/site-packages/mrs_modules_msgs/msg/_gimbal_pry_s.c
[0.307s] -- Up-to-date symlink: /home/gaurav/mrs_workspace/install/mrs_modules_msgs/lib/python3.12/site-packages/mrs_modules_msgs/msg/_gpgga.py
[0.307s] -- Up-to-date symlink: /home/gaurav/mrs_workspace/install/mrs_modules_msgs/lib/python3.12/site-packages/mrs_modules_msgs/msg/_gpgga_s.c
[0.307s] -- Up-to-date symlink: /home/gaurav/mrs_workspace/install/mrs_modules_msgs/lib/python3.12/site-packages/mrs_modules_msgs/msg/_gpgsa.py
[0.307s] -- Up-to-date symlink: /home/gaurav/mrs_workspace/install/mrs_modules_msgs/lib/python3.12/site-packages/mrs_modules_msgs/msg/_gpgsa_s.c
[0.307s] -- Up-to-date symlink: /home/gaurav/mrs_workspace/install/mrs_modules_msgs/lib/python3.12/site-packages/mrs_modules_msgs/msg/_gpgst.py
[0.307s] -- Up-to-date symlink: /home/gaurav/mrs_workspace/install/mrs_modules_msgs/lib/python3.12/site-packages/mrs_modules_msgs/msg/_gpgst_s.c
[0.307s] -- Up-to-date symlink: /home/gaurav/mrs_workspace/install/mrs_modules_msgs/lib/python3.12/site-packages/mrs_modules_msgs/msg/_gpgsv.py
[0.308s] -- Up-to-date symlink: /home/gaurav/mrs_workspace/install/mrs_modules_msgs/lib/python3.12/site-packages/mrs_modules_msgs/msg/_gpgsv_s.c
[0.308s] -- Up-to-date symlink: /home/gaurav/mrs_workspace/install/mrs_modules_msgs/lib/python3.12/site-packages/mrs_modules_msgs/msg/_gprmc.py
[0.308s] -- Up-to-date symlink: /home/gaurav/mrs_workspace/install/mrs_modules_msgs/lib/python3.12/site-packages/mrs_modules_msgs/msg/_gprmc_s.c
[0.308s] -- Up-to-date symlink: /home/gaurav/mrs_workspace/install/mrs_modules_msgs/lib/python3.12/site-packages/mrs_modules_msgs/msg/_gps_fix.py
[0.308s] -- Up-to-date symlink: /home/gaurav/mrs_workspace/install/mrs_modules_msgs/lib/python3.12/site-packages/mrs_modules_msgs/msg/_gps_fix_s.c
[0.308s] -- Up-to-date symlink: /home/gaurav/mrs_workspace/install/mrs_modules_msgs/lib/python3.12/site-packages/mrs_modules_msgs/msg/_gps_status.py
[0.308s] -- Up-to-date symlink: /home/gaurav/mrs_workspace/install/mrs_modules_msgs/lib/python3.12/site-packages/mrs_modules_msgs/msg/_gps_status_s.c
[0.308s] -- Up-to-date symlink: /home/gaurav/mrs_workspace/install/mrs_modules_msgs/lib/python3.12/site-packages/mrs_modules_msgs/msg/_gpvtg.py
[0.309s] -- Up-to-date symlink: /home/gaurav/mrs_workspace/install/mrs_modules_msgs/lib/python3.12/site-packages/mrs_modules_msgs/msg/_gpvtg_s.c
[0.309s] -- Up-to-date symlink: /home/gaurav/mrs_workspace/install/mrs_modules_msgs/lib/python3.12/site-packages/mrs_modules_msgs/msg/_gripper_diagnostics.py
[0.309s] -- Up-to-date symlink: /home/gaurav/mrs_workspace/install/mrs_modules_msgs/lib/python3.12/site-packages/mrs_modules_msgs/msg/_gripper_diagnostics_s.c
[0.309s] -- Up-to-date symlink: /home/gaurav/mrs_workspace/install/mrs_modules_msgs/lib/python3.12/site-packages/mrs_modules_msgs/msg/_llcp.py
[0.309s] -- Up-to-date symlink: /home/gaurav/mrs_workspace/install/mrs_modules_msgs/lib/python3.12/site-packages/mrs_modules_msgs/msg/_llcp_s.c
[0.309s] -- Up-to-date symlink: /home/gaurav/mrs_workspace/install/mrs_modules_msgs/lib/python3.12/site-packages/mrs_modules_msgs/msg/_octomap_planner_diagnostics.py
[0.309s] -- Up-to-date symlink: /home/gaurav/mrs_workspace/install/mrs_modules_msgs/lib/python3.12/site-packages/mrs_modules_msgs/msg/_octomap_planner_diagnostics_s.c
[0.309s] -- Up-to-date symlink: /home/gaurav/mrs_workspace/install/mrs_modules_msgs/lib/python3.12/site-packages/mrs_modules_msgs/msg/_parachute_diagnostics.py
[0.310s] -- Up-to-date symlink: /home/gaurav/mrs_workspace/install/mrs_modules_msgs/lib/python3.12/site-packages/mrs_modules_msgs/msg/_parachute_diagnostics_s.c
[0.310s] -- Up-to-date symlink: /home/gaurav/mrs_workspace/install/mrs_modules_msgs/lib/python3.12/site-packages/mrs_modules_msgs/msg/_pcl_tools_diagnostics.py
[0.310s] -- Up-to-date symlink: /home/gaurav/mrs_workspace/install/mrs_modules_msgs/lib/python3.12/site-packages/mrs_modules_msgs/msg/_pcl_tools_diagnostics_s.c
[0.310s] -- Up-to-date symlink: /home/gaurav/mrs_workspace/install/mrs_modules_msgs/lib/python3.12/site-packages/mrs_modules_msgs/msg/_pose_with_size.py
[0.310s] -- Up-to-date symlink: /home/gaurav/mrs_workspace/install/mrs_modules_msgs/lib/python3.12/site-packages/mrs_modules_msgs/msg/_pose_with_size_s.c
[0.310s] -- Up-to-date symlink: /home/gaurav/mrs_workspace/install/mrs_modules_msgs/lib/python3.12/site-packages/mrs_modules_msgs/msg/_range.py
[0.310s] -- Up-to-date symlink: /home/gaurav/mrs_workspace/install/mrs_modules_msgs/lib/python3.12/site-packages/mrs_modules_msgs/msg/_range_information.py
[0.310s] -- Up-to-date symlink: /home/gaurav/mrs_workspace/install/mrs_modules_msgs/lib/python3.12/site-packages/mrs_modules_msgs/msg/_range_information_s.c
[0.310s] -- Up-to-date symlink: /home/gaurav/mrs_workspace/install/mrs_modules_msgs/lib/python3.12/site-packages/mrs_modules_msgs/msg/_range_s.c
[0.311s] -- Up-to-date symlink: /home/gaurav/mrs_workspace/install/mrs_modules_msgs/lib/python3.12/site-packages/mrs_modules_msgs/msg/_satellite.py
[0.311s] -- Up-to-date symlink: /home/gaurav/mrs_workspace/install/mrs_modules_msgs/lib/python3.12/site-packages/mrs_modules_msgs/msg/_satellite_s.c
[0.311s] -- Up-to-date symlink: /home/gaurav/mrs_workspace/install/mrs_modules_msgs/lib/python3.12/site-packages/mrs_modules_msgs/msg/_sensor_info.py
[0.311s] -- Up-to-date symlink: /home/gaurav/mrs_workspace/install/mrs_modules_msgs/lib/python3.12/site-packages/mrs_modules_msgs/msg/_sensor_info_s.c
[0.311s] -- Up-to-date symlink: /home/gaurav/mrs_workspace/install/mrs_modules_msgs/lib/python3.12/site-packages/mrs_modules_msgs/msg/_serial_raw.py
[0.311s] -- Up-to-date symlink: /home/gaurav/mrs_workspace/install/mrs_modules_msgs/lib/python3.12/site-packages/mrs_modules_msgs/msg/_serial_raw_s.c
[0.311s] -- Up-to-date symlink: /home/gaurav/mrs_workspace/install/mrs_modules_msgs/lib/python3.12/site-packages/mrs_modules_msgs/msg/_tersus_message_header.py
[0.311s] -- Up-to-date symlink: /home/gaurav/mrs_workspace/install/mrs_modules_msgs/lib/python3.12/site-packages/mrs_modules_msgs/msg/_tersus_message_header_s.c
[0.311s] -- Up-to-date symlink: /home/gaurav/mrs_workspace/install/mrs_modules_msgs/lib/python3.12/site-packages/mrs_modules_msgs/msg/_time.py
[0.312s] -- Up-to-date symlink: /home/gaurav/mrs_workspace/install/mrs_modules_msgs/lib/python3.12/site-packages/mrs_modules_msgs/msg/_time_s.c
[0.312s] -- Up-to-date symlink: /home/gaurav/mrs_workspace/install/mrs_modules_msgs/lib/python3.12/site-packages/mrs_modules_msgs/msg/_trackstat.py
[0.312s] -- Up-to-date symlink: /home/gaurav/mrs_workspace/install/mrs_modules_msgs/lib/python3.12/site-packages/mrs_modules_msgs/msg/_trackstat_channel.py
[0.312s] -- Up-to-date symlink: /home/gaurav/mrs_workspace/install/mrs_modules_msgs/lib/python3.12/site-packages/mrs_modules_msgs/msg/_trackstat_channel_s.c
[0.312s] -- Up-to-date symlink: /home/gaurav/mrs_workspace/install/mrs_modules_msgs/lib/python3.12/site-packages/mrs_modules_msgs/msg/_trackstat_s.c
[0.312s] -- Up-to-date symlink: /home/gaurav/mrs_workspace/install/mrs_modules_msgs/lib/python3.12/site-packages/mrs_modules_msgs/srv/__init__.py
[0.312s] -- Up-to-date symlink: /home/gaurav/mrs_workspace/install/mrs_modules_msgs/lib/python3.12/site-packages/mrs_modules_msgs/srv/_path.py
[0.312s] -- Up-to-date symlink: /home/gaurav/mrs_workspace/install/mrs_modules_msgs/lib/python3.12/site-packages/mrs_modules_msgs/srv/_path_s.c
[0.312s] -- Up-to-date symlink: /home/gaurav/mrs_workspace/install/mrs_modules_msgs/lib/python3.12/site-packages/mrs_modules_msgs/srv/_set_servo.py
[0.312s] -- Up-to-date symlink: /home/gaurav/mrs_workspace/install/mrs_modules_msgs/lib/python3.12/site-packages/mrs_modules_msgs/srv/_set_servo_s.c
[0.312s] -- Up-to-date symlink: /home/gaurav/mrs_workspace/install/mrs_modules_msgs/lib/python3.12/site-packages/mrs_modules_msgs/srv/_set_trigger.py
[0.313s] -- Up-to-date symlink: /home/gaurav/mrs_workspace/install/mrs_modules_msgs/lib/python3.12/site-packages/mrs_modules_msgs/srv/_set_trigger_s.c
[0.313s] -- Up-to-date symlink: /home/gaurav/mrs_workspace/install/mrs_modules_msgs/lib/python3.12/site-packages/mrs_modules_msgs/mrs_modules_msgs_s__rosidl_typesupport_fastrtps_c.so
[0.313s] -- Up-to-date symlink: /home/gaurav/mrs_workspace/install/mrs_modules_msgs/lib/python3.12/site-packages/mrs_modules_msgs/mrs_modules_msgs_s__rosidl_typesupport_introspection_c.so
[0.313s] -- Up-to-date symlink: /home/gaurav/mrs_workspace/install/mrs_modules_msgs/lib/python3.12/site-packages/mrs_modules_msgs/mrs_modules_msgs_s__rosidl_typesupport_c.so
[0.313s] -- Up-to-date symlink: /home/gaurav/mrs_workspace/install/mrs_modules_msgs/share/mrs_modules_msgs/msg/Llcp.idl
[0.313s] -- Up-to-date symlink: /home/gaurav/mrs_workspace/install/mrs_modules_msgs/share/mrs_modules_msgs/msg/BacaProtocol.idl
[0.313s] -- Up-to-date symlink: /home/gaurav/mrs_workspace/install/mrs_modules_msgs/share/mrs_modules_msgs/msg/GimbalPRY.idl
[0.313s] -- Up-to-date symlink: /home/gaurav/mrs_workspace/install/mrs_modules_msgs/share/mrs_modules_msgs/msg/ParachuteDiagnostics.idl
[0.314s] -- Up-to-date symlink: /home/gaurav/mrs_workspace/install/mrs_modules_msgs/share/mrs_modules_msgs/msg/GripperDiagnostics.idl
[0.314s] -- Up-to-date symlink: /home/gaurav/mrs_workspace/install/mrs_modules_msgs/share/mrs_modules_msgs/msg/SerialRaw.idl
[0.314s] -- Up-to-date symlink: /home/gaurav/mrs_workspace/install/mrs_modules_msgs/share/mrs_modules_msgs/msg/PoseWithSize.idl
[0.314s] -- Up-to-date symlink: /home/gaurav/mrs_workspace/install/mrs_modules_msgs/share/mrs_modules_msgs/msg/RangeInformation.idl
[0.314s] -- Up-to-date symlink: /home/gaurav/mrs_workspace/install/mrs_modules_msgs/share/mrs_modules_msgs/msg/Bestpos.idl
[0.314s] -- Up-to-date symlink: /home/gaurav/mrs_workspace/install/mrs_modules_msgs/share/mrs_modules_msgs/msg/TersusMessageHeader.idl
[0.314s] -- Up-to-date symlink: /home/gaurav/mrs_workspace/install/mrs_modules_msgs/share/mrs_modules_msgs/msg/Bestvel.idl
[0.314s] -- Up-to-date symlink: /home/gaurav/mrs_workspace/install/mrs_modules_msgs/share/mrs_modules_msgs/msg/GPSFix.idl
[0.314s] -- Up-to-date symlink: /home/gaurav/mrs_workspace/install/mrs_modules_msgs/share/mrs_modules_msgs/msg/Gpgga.idl
[0.314s] -- Up-to-date symlink: /home/gaurav/mrs_workspace/install/mrs_modules_msgs/share/mrs_modules_msgs/msg/Gprmc.idl
[0.315s] -- Up-to-date symlink: /home/gaurav/mrs_workspace/install/mrs_modules_msgs/share/mrs_modules_msgs/msg/Gpgst.idl
[0.315s] -- Up-to-date symlink: /home/gaurav/mrs_workspace/install/mrs_modules_msgs/share/mrs_modules_msgs/msg/Time.idl
[0.315s] -- Up-to-date symlink: /home/gaurav/mrs_workspace/install/mrs_modules_msgs/share/mrs_modules_msgs/msg/GpsStatus.idl
[0.315s] -- Up-to-date symlink: /home/gaurav/mrs_workspace/install/mrs_modules_msgs/share/mrs_modules_msgs/msg/Range.idl
[0.315s] -- Up-to-date symlink: /home/gaurav/mrs_workspace/install/mrs_modules_msgs/share/mrs_modules_msgs/msg/Trackstat.idl
[0.315s] -- Up-to-date symlink: /home/gaurav/mrs_workspace/install/mrs_modules_msgs/share/mrs_modules_msgs/msg/Gpgsv.idl
[0.315s] -- Up-to-date symlink: /home/gaurav/mrs_workspace/install/mrs_modules_msgs/share/mrs_modules_msgs/msg/TrackstatChannel.idl
[0.315s] -- Up-to-date symlink: /home/gaurav/mrs_workspace/install/mrs_modules_msgs/share/mrs_modules_msgs/msg/Satellite.idl
[0.315s] -- Up-to-date symlink: /home/gaurav/mrs_workspace/install/mrs_modules_msgs/share/mrs_modules_msgs/msg/Gpgsa.idl
[0.315s] -- Up-to-date symlink: /home/gaurav/mrs_workspace/install/mrs_modules_msgs/share/mrs_modules_msgs/msg/Gpvtg.idl
[0.316s] -- Up-to-date symlink: /home/gaurav/mrs_workspace/install/mrs_modules_msgs/share/mrs_modules_msgs/msg/OctomapPlannerDiagnostics.idl
[0.316s] -- Up-to-date symlink: /home/gaurav/mrs_workspace/install/mrs_modules_msgs/share/mrs_modules_msgs/msg/SensorInfo.idl
[0.316s] -- Up-to-date symlink: /home/gaurav/mrs_workspace/install/mrs_modules_msgs/share/mrs_modules_msgs/msg/PclToolsDiagnostics.idl
[0.316s] -- Up-to-date symlink: /home/gaurav/mrs_workspace/install/mrs_modules_msgs/share/mrs_modules_msgs/srv/SetServo.idl
[0.316s] -- Up-to-date symlink: /home/gaurav/mrs_workspace/install/mrs_modules_msgs/share/mrs_modules_msgs/srv/SetTrigger.idl
[0.316s] -- Up-to-date symlink: /home/gaurav/mrs_workspace/install/mrs_modules_msgs/share/mrs_modules_msgs/srv/Path.idl
[0.316s] -- Up-to-date symlink: /home/gaurav/mrs_workspace/install/mrs_modules_msgs/share/mrs_modules_msgs/llcp/Llcp.msg
[0.316s] -- Up-to-date symlink: /home/gaurav/mrs_workspace/install/mrs_modules_msgs/share/mrs_modules_msgs/mrs_serial/BacaProtocol.msg
[0.317s] -- Up-to-date symlink: /home/gaurav/mrs_workspace/install/mrs_modules_msgs/share/mrs_modules_msgs/mrs_serial/GimbalPRY.msg
[0.317s] -- Up-to-date symlink: /home/gaurav/mrs_workspace/install/mrs_modules_msgs/share/mrs_modules_msgs/mrs_serial/ParachuteDiagnostics.msg
[0.317s] -- Up-to-date symlink: /home/gaurav/mrs_workspace/install/mrs_modules_msgs/share/mrs_modules_msgs/mrs_serial/GripperDiagnostics.msg
[0.317s] -- Up-to-date symlink: /home/gaurav/mrs_workspace/install/mrs_modules_msgs/share/mrs_modules_msgs/mrs_serial/SerialRaw.msg
[0.317s] -- Up-to-date symlink: /home/gaurav/mrs_workspace/install/mrs_modules_msgs/share/mrs_modules_msgs/mrs_octomap_server/PoseWithSize.msg
[0.317s] -- Up-to-date symlink: /home/gaurav/mrs_workspace/install/mrs_modules_msgs/share/mrs_modules_msgs/gnss/RangeInformation.msg
[0.317s] -- Up-to-date symlink: /home/gaurav/mrs_workspace/install/mrs_modules_msgs/share/mrs_modules_msgs/gnss/Bestpos.msg
[0.317s] -- Up-to-date symlink: /home/gaurav/mrs_workspace/install/mrs_modules_msgs/share/mrs_modules_msgs/gnss/TersusMessageHeader.msg
[0.317s] -- Up-to-date symlink: /home/gaurav/mrs_workspace/install/mrs_modules_msgs/share/mrs_modules_msgs/gnss/Bestvel.msg
[0.318s] -- Up-to-date symlink: /home/gaurav/mrs_workspace/install/mrs_modules_msgs/share/mrs_modules_msgs/gnss/GPSFix.msg
[0.318s] -- Up-to-date symlink: /home/gaurav/mrs_workspace/install/mrs_modules_msgs/share/mrs_modules_msgs/gnss/Gpgga.msg
[0.318s] -- Up-to-date symlink: /home/gaurav/mrs_workspace/install/mrs_modules_msgs/share/mrs_modules_msgs/gnss/Gprmc.msg
[0.318s] -- Up-to-date symlink: /home/gaurav/mrs_workspace/install/mrs_modules_msgs/share/mrs_modules_msgs/gnss/Gpgst.msg
[0.318s] -- Up-to-date symlink: /home/gaurav/mrs_workspace/install/mrs_modules_msgs/share/mrs_modules_msgs/gnss/Time.msg
[0.318s] -- Up-to-date symlink: /home/gaurav/mrs_workspace/install/mrs_modules_msgs/share/mrs_modules_msgs/gnss/GpsStatus.msg
[0.318s] -- Up-to-date symlink: /home/gaurav/mrs_workspace/install/mrs_modules_msgs/share/mrs_modules_msgs/gnss/Range.msg
[0.319s] -- Up-to-date symlink: /home/gaurav/mrs_workspace/install/mrs_modules_msgs/share/mrs_modules_msgs/gnss/Trackstat.msg
[0.319s] -- Up-to-date symlink: /home/gaurav/mrs_workspace/install/mrs_modules_msgs/share/mrs_modules_msgs/gnss/Gpgsv.msg
[0.319s] -- Up-to-date symlink: /home/gaurav/mrs_workspace/install/mrs_modules_msgs/share/mrs_modules_msgs/gnss/TrackstatChannel.msg
[0.319s] -- Up-to-date symlink: /home/gaurav/mrs_workspace/install/mrs_modules_msgs/share/mrs_modules_msgs/gnss/Satellite.msg
[0.319s] -- Up-to-date symlink: /home/gaurav/mrs_workspace/install/mrs_modules_msgs/share/mrs_modules_msgs/gnss/Gpgsa.msg
[0.319s] -- Up-to-date symlink: /home/gaurav/mrs_workspace/install/mrs_modules_msgs/share/mrs_modules_msgs/gnss/Gpvtg.msg
[0.319s] -- Up-to-date symlink: /home/gaurav/mrs_workspace/install/mrs_modules_msgs/share/mrs_modules_msgs/mrs_octomap_planner/OctomapPlannerDiagnostics.msg
[0.320s] -- Up-to-date symlink: /home/gaurav/mrs_workspace/install/mrs_modules_msgs/share/mrs_modules_msgs/sensors/SensorInfo.msg
[0.320s] -- Up-to-date symlink: /home/gaurav/mrs_workspace/install/mrs_modules_msgs/share/mrs_modules_msgs/mrs_pcl_tools/PclToolsDiagnostics.msg
[0.320s] -- Up-to-date symlink: /home/gaurav/mrs_workspace/install/mrs_modules_msgs/share/mrs_modules_msgs/llcp/SetServo.srv
[0.320s] -- Up-to-date symlink: /home/gaurav/mrs_workspace/install/mrs_modules_msgs/share/mrs_modules_msgs/llcp/SetTrigger.srv
[0.320s] -- Up-to-date symlink: /home/gaurav/mrs_workspace/install/mrs_modules_msgs/share/mrs_modules_msgs/mrs_octomap_planner/Path.srv
[0.320s] -- Up-to-date symlink: /home/gaurav/mrs_workspace/install/mrs_modules_msgs/share/ament_index/resource_index/package_run_dependencies/mrs_modules_msgs
[0.320s] -- Up-to-date symlink: /home/gaurav/mrs_workspace/install/mrs_modules_msgs/share/ament_index/resource_index/parent_prefix_path/mrs_modules_msgs
[0.321s] -- Up-to-date symlink: /home/gaurav/mrs_workspace/install/mrs_modules_msgs/share/mrs_modules_msgs/environment/ament_prefix_path.sh
[0.321s] -- Up-to-date symlink: /home/gaurav/mrs_workspace/install/mrs_modules_msgs/share/mrs_modules_msgs/environment/ament_prefix_path.dsv
[0.321s] -- Up-to-date symlink: /home/gaurav/mrs_workspace/install/mrs_modules_msgs/share/mrs_modules_msgs/environment/path.sh
[0.321s] -- Up-to-date symlink: /home/gaurav/mrs_workspace/install/mrs_modules_msgs/share/mrs_modules_msgs/environment/path.dsv
[0.321s] -- Up-to-date symlink: /home/gaurav/mrs_workspace/install/mrs_modules_msgs/share/mrs_modules_msgs/local_setup.bash
[0.321s] -- Up-to-date symlink: /home/gaurav/mrs_workspace/install/mrs_modules_msgs/share/mrs_modules_msgs/local_setup.sh
[0.321s] -- Up-to-date symlink: /home/gaurav/mrs_workspace/install/mrs_modules_msgs/share/mrs_modules_msgs/local_setup.zsh
[0.321s] -- Up-to-date symlink: /home/gaurav/mrs_workspace/install/mrs_modules_msgs/share/mrs_modules_msgs/local_setup.dsv
[0.322s] -- Symlinking: /home/gaurav/mrs_workspace/install/mrs_modules_msgs/share/mrs_modules_msgs/package.dsv
[0.327s] -- Up-to-date symlink: /home/gaurav/mrs_workspace/install/mrs_modules_msgs/share/ament_index/resource_index/packages/mrs_modules_msgs
[0.327s] -- Up-to-date symlink: /home/gaurav/mrs_workspace/install/mrs_modules_msgs/share/mrs_modules_msgs/cmake/rosidl_cmake-extras.cmake
[0.327s] -- Up-to-date symlink: /home/gaurav/mrs_workspace/install/mrs_modules_msgs/share/mrs_modules_msgs/cmake/ament_cmake_export_dependencies-extras.cmake
[0.327s] -- Up-to-date symlink: /home/gaurav/mrs_workspace/install/mrs_modules_msgs/share/mrs_modules_msgs/cmake/ament_cmake_export_include_directories-extras.cmake
[0.327s] -- Up-to-date symlink: /home/gaurav/mrs_workspace/install/mrs_modules_msgs/share/mrs_modules_msgs/cmake/ament_cmake_export_libraries-extras.cmake
[0.327s] -- Up-to-date symlink: /home/gaurav/mrs_workspace/install/mrs_modules_msgs/share/mrs_modules_msgs/cmake/ament_cmake_export_targets-extras.cmake
[0.327s] -- Up-to-date symlink: /home/gaurav/mrs_workspace/install/mrs_modules_msgs/share/mrs_modules_msgs/cmake/rosidl_cmake_export_typesupport_targets-extras.cmake
[0.328s] -- Up-to-date symlink: /home/gaurav/mrs_workspace/install/mrs_modules_msgs/share/mrs_modules_msgs/cmake/rosidl_cmake_export_typesupport_libraries-extras.cmake
[0.328s] -- Up-to-date symlink: /home/gaurav/mrs_workspace/install/mrs_modules_msgs/share/mrs_modules_msgs/cmake/mrs_modules_msgsConfig.cmake
[0.328s] -- Up-to-date symlink: /home/gaurav/mrs_workspace/install/mrs_modules_msgs/share/mrs_modules_msgs/cmake/mrs_modules_msgsConfig-version.cmake
[0.328s] -- Up-to-date symlink: /home/gaurav/mrs_workspace/install/mrs_modules_msgs/share/mrs_modules_msgs/package.xml
[0.328s] -- Up-to-date: /home/gaurav/mrs_workspace/install/mrs_modules_msgs/lib/libmrs_modules_msgs__rosidl_generator_c.so
[0.328s] -- Up-to-date: /home/gaurav/mrs_workspace/install/mrs_modules_msgs/lib/libmrs_modules_msgs__rosidl_typesupport_fastrtps_c.so
[0.328s] -- Up-to-date: /home/gaurav/mrs_workspace/install/mrs_modules_msgs/lib/libmrs_modules_msgs__rosidl_typesupport_fastrtps_cpp.so
[0.328s] -- Up-to-date: /home/gaurav/mrs_workspace/install/mrs_modules_msgs/lib/libmrs_modules_msgs__rosidl_typesupport_introspection_c.so
[0.328s] -- Up-to-date: /home/gaurav/mrs_workspace/install/mrs_modules_msgs/lib/libmrs_modules_msgs__rosidl_typesupport_c.so
[0.328s] -- Up-to-date: /home/gaurav/mrs_workspace/install/mrs_modules_msgs/lib/libmrs_modules_msgs__rosidl_typesupport_introspection_cpp.so
[0.328s] -- Up-to-date: /home/gaurav/mrs_workspace/install/mrs_modules_msgs/lib/libmrs_modules_msgs__rosidl_typesupport_cpp.so
[0.350s] Listing '/home/gaurav/mrs_workspace/install/mrs_modules_msgs/lib/python3.12/site-packages/mrs_modules_msgs'...
[0.350s] Listing '/home/gaurav/mrs_workspace/install/mrs_modules_msgs/lib/python3.12/site-packages/mrs_modules_msgs/msg'...
[0.350s] Listing '/home/gaurav/mrs_workspace/install/mrs_modules_msgs/lib/python3.12/site-packages/mrs_modules_msgs/srv'...
[0.354s] -- Up-to-date: /home/gaurav/mrs_workspace/install/mrs_modules_msgs/lib/libmrs_modules_msgs__rosidl_generator_py.so
[0.354s] -- Up-to-date: /home/gaurav/mrs_workspace/install/mrs_modules_msgs/share/mrs_modules_msgs/cmake/export_mrs_modules_msgs__rosidl_generator_cExport.cmake
[0.354s] -- Up-to-date: /home/gaurav/mrs_workspace/install/mrs_modules_msgs/share/mrs_modules_msgs/cmake/export_mrs_modules_msgs__rosidl_generator_cExport-release.cmake
[0.354s] -- Up-to-date: /home/gaurav/mrs_workspace/install/mrs_modules_msgs/share/mrs_modules_msgs/cmake/export_mrs_modules_msgs__rosidl_typesupport_fastrtps_cExport.cmake
[0.354s] -- Up-to-date: /home/gaurav/mrs_workspace/install/mrs_modules_msgs/share/mrs_modules_msgs/cmake/export_mrs_modules_msgs__rosidl_typesupport_fastrtps_cExport-release.cmake
[0.354s] -- Up-to-date: /home/gaurav/mrs_workspace/install/mrs_modules_msgs/share/mrs_modules_msgs/cmake/export_mrs_modules_msgs__rosidl_generator_cppExport.cmake
[0.354s] -- Up-to-date: /home/gaurav/mrs_workspace/install/mrs_modules_msgs/share/mrs_modules_msgs/cmake/export_mrs_modules_msgs__rosidl_typesupport_fastrtps_cppExport.cmake
[0.355s] -- Up-to-date: /home/gaurav/mrs_workspace/install/mrs_modules_msgs/share/mrs_modules_msgs/cmake/export_mrs_modules_msgs__rosidl_typesupport_fastrtps_cppExport-release.cmake
[0.355s] -- Up-to-date: /home/gaurav/mrs_workspace/install/mrs_modules_msgs/share/mrs_modules_msgs/cmake/mrs_modules_msgs__rosidl_typesupport_introspection_cExport.cmake
[0.355s] -- Up-to-date: /home/gaurav/mrs_workspace/install/mrs_modules_msgs/share/mrs_modules_msgs/cmake/mrs_modules_msgs__rosidl_typesupport_introspection_cExport-release.cmake
[0.355s] -- Up-to-date: /home/gaurav/mrs_workspace/install/mrs_modules_msgs/share/mrs_modules_msgs/cmake/mrs_modules_msgs__rosidl_typesupport_cExport.cmake
[0.355s] -- Up-to-date: /home/gaurav/mrs_workspace/install/mrs_modules_msgs/share/mrs_modules_msgs/cmake/mrs_modules_msgs__rosidl_typesupport_cExport-release.cmake
[0.355s] -- Up-to-date: /home/gaurav/mrs_workspace/install/mrs_modules_msgs/share/mrs_modules_msgs/cmake/mrs_modules_msgs__rosidl_typesupport_introspection_cppExport.cmake
[0.355s] -- Up-to-date: /home/gaurav/mrs_workspace/install/mrs_modules_msgs/share/mrs_modules_msgs/cmake/mrs_modules_msgs__rosidl_typesupport_introspection_cppExport-release.cmake
[0.355s] -- Up-to-date: /home/gaurav/mrs_workspace/install/mrs_modules_msgs/share/mrs_modules_msgs/cmake/mrs_modules_msgs__rosidl_typesupport_cppExport.cmake
[0.356s] -- Up-to-date: /home/gaurav/mrs_workspace/install/mrs_modules_msgs/share/mrs_modules_msgs/cmake/mrs_modules_msgs__rosidl_typesupport_cppExport-release.cmake
[0.356s] -- Up-to-date: /home/gaurav/mrs_workspace/install/mrs_modules_msgs/share/mrs_modules_msgs/cmake/export_mrs_modules_msgs__rosidl_generator_pyExport.cmake
[0.356s] -- Up-to-date: /home/gaurav/mrs_workspace/install/mrs_modules_msgs/share/mrs_modules_msgs/cmake/export_mrs_modules_msgs__rosidl_generator_pyExport-release.cmake
[0.356s] Invoked command in '/home/gaurav/mrs_workspace/build/mrs_modules_msgs' returned '0': CMAKE_PREFIX_PATH=${CMAKE_PREFIX_PATH}:/opt/ros/jazzy DEBUGINFOD_URLS=https://debuginfod.ubuntu.com /usr/bin/cmake --install /home/gaurav/mrs_workspace/build/mrs_modules_msgs
