-- Install configuration: "Release"
-- Execute custom install script
-- Up-to-date symlink: /home/gaurav/mrs_workspace/install/mrs_uav_deployment/share/mrs_uav_deployment/config/camera_calibrations/basler/23743715/basler_23743715.yaml
-- Up-to-date symlink: /home/gaurav/mrs_workspace/install/mrs_uav_deployment/share/mrs_uav_deployment/config/camera_calibrations/basler/23743717/basler_23743717.yaml
-- Up-to-date symlink: /home/gaurav/mrs_workspace/install/mrs_uav_deployment/share/mrs_uav_deployment/config/camera_calibrations/basler/basler_23682092.yaml
-- Up-to-date symlink: /home/gaurav/mrs_workspace/install/mrs_uav_deployment/share/mrs_uav_deployment/config/camera_calibrations/basler/basler_23743715.yaml
-- Up-to-date symlink: /home/gaurav/mrs_workspace/install/mrs_uav_deployment/share/mrs_uav_deployment/config/camera_calibrations/basler/basler_23743716.yaml
-- Up-to-date symlink: /home/gaurav/mrs_workspace/install/mrs_uav_deployment/share/mrs_uav_deployment/config/camera_calibrations/basler/basler_23743717.yaml
-- Up-to-date symlink: /home/gaurav/mrs_workspace/install/mrs_uav_deployment/share/mrs_uav_deployment/config/camera_calibrations/basler/basler_23743718.yaml
-- Up-to-date symlink: /home/gaurav/mrs_workspace/install/mrs_uav_deployment/share/mrs_uav_deployment/config/camera_calibrations/basler/basler_23750991.yaml
-- Up-to-date symlink: /home/gaurav/mrs_workspace/install/mrs_uav_deployment/share/mrs_uav_deployment/config/camera_calibrations/basler/basler_23750992.yaml
-- Up-to-date symlink: /home/gaurav/mrs_workspace/install/mrs_uav_deployment/share/mrs_uav_deployment/config/camera_calibrations/basler/basler_23764941.yaml
-- Up-to-date symlink: /home/gaurav/mrs_workspace/install/mrs_uav_deployment/share/mrs_uav_deployment/config/camera_calibrations/basler/basler_23831985.yaml
-- Up-to-date symlink: /home/gaurav/mrs_workspace/install/mrs_uav_deployment/share/mrs_uav_deployment/config/camera_calibrations/basler/basler_23831986.yaml
-- Up-to-date symlink: /home/gaurav/mrs_workspace/install/mrs_uav_deployment/share/mrs_uav_deployment/config/camera_calibrations/basler/basler_23831987.yaml
-- Up-to-date symlink: /home/gaurav/mrs_workspace/install/mrs_uav_deployment/share/mrs_uav_deployment/config/camera_calibrations/basler/basler_23831989.yaml
-- Up-to-date symlink: /home/gaurav/mrs_workspace/install/mrs_uav_deployment/share/mrs_uav_deployment/config/camera_calibrations/basler/basler_23831991.yaml
-- Up-to-date symlink: /home/gaurav/mrs_workspace/install/mrs_uav_deployment/share/mrs_uav_deployment/config/camera_calibrations/mobius/mobius_narrow.yaml
-- Up-to-date symlink: /home/gaurav/mrs_workspace/install/mrs_uav_deployment/share/mrs_uav_deployment/config/camera_calibrations/mv_25001954.yaml
-- Up-to-date symlink: /home/gaurav/mrs_workspace/install/mrs_uav_deployment/share/mrs_uav_deployment/config/camera_calibrations/mv_25001954_equi.yaml
-- Up-to-date symlink: /home/gaurav/mrs_workspace/install/mrs_uav_deployment/share/mrs_uav_deployment/config/camera_calibrations/mv_25001954_radtan.yaml
-- Up-to-date symlink: /home/gaurav/mrs_workspace/install/mrs_uav_deployment/share/mrs_uav_deployment/config/camera_calibrations/mv_25002493.yaml
-- Up-to-date symlink: /home/gaurav/mrs_workspace/install/mrs_uav_deployment/share/mrs_uav_deployment/config/camera_calibrations/mv_25002503.yaml
-- Up-to-date symlink: /home/gaurav/mrs_workspace/install/mrs_uav_deployment/share/mrs_uav_deployment/config/camera_calibrations/mv_25002514.yaml
-- Up-to-date symlink: /home/gaurav/mrs_workspace/install/mrs_uav_deployment/share/mrs_uav_deployment/config/camera_calibrations/mv_25002533.yaml
-- Up-to-date symlink: /home/gaurav/mrs_workspace/install/mrs_uav_deployment/share/mrs_uav_deployment/config/camera_calibrations/mv_26805832_darpa.yaml
-- Up-to-date symlink: /home/gaurav/mrs_workspace/install/mrs_uav_deployment/share/mrs_uav_deployment/config/camera_calibrations/mv_26805832_f21_old.yaml
-- Up-to-date symlink: /home/gaurav/mrs_workspace/install/mrs_uav_deployment/share/mrs_uav_deployment/config/camera_calibrations/mv_26805832_radtan.yaml
-- Up-to-date symlink: /home/gaurav/mrs_workspace/install/mrs_uav_deployment/share/mrs_uav_deployment/config/camera_calibrations/mv_26805850.yaml
-- Up-to-date symlink: /home/gaurav/mrs_workspace/install/mrs_uav_deployment/share/mrs_uav_deployment/config/camera_calibrations/mv_26805850_darpa.yaml
-- Up-to-date symlink: /home/gaurav/mrs_workspace/install/mrs_uav_deployment/share/mrs_uav_deployment/config/camera_calibrations/mv_26805877_darpa.yaml
-- Up-to-date symlink: /home/gaurav/mrs_workspace/install/mrs_uav_deployment/share/mrs_uav_deployment/config/camera_calibrations/mv_26805877_radtan.yaml
-- Up-to-date symlink: /home/gaurav/mrs_workspace/install/mrs_uav_deployment/share/mrs_uav_deployment/config/camera_calibrations/mv_26805883.yaml
-- Up-to-date symlink: /home/gaurav/mrs_workspace/install/mrs_uav_deployment/share/mrs_uav_deployment/config/camera_calibrations/mv_26807144.yaml
-- Up-to-date symlink: /home/gaurav/mrs_workspace/install/mrs_uav_deployment/share/mrs_uav_deployment/config/camera_calibrations/mv_26807150_darpa.yaml
-- Up-to-date symlink: /home/gaurav/mrs_workspace/install/mrs_uav_deployment/share/mrs_uav_deployment/config/camera_calibrations/mv_26807151.yaml
-- Up-to-date symlink: /home/gaurav/mrs_workspace/install/mrs_uav_deployment/share/mrs_uav_deployment/config/camera_calibrations/mv_26807156.yaml
-- Up-to-date symlink: /home/gaurav/mrs_workspace/install/mrs_uav_deployment/share/mrs_uav_deployment/config/camera_calibrations/mv_26807157.yaml
-- Up-to-date symlink: /home/gaurav/mrs_workspace/install/mrs_uav_deployment/share/mrs_uav_deployment/config/camera_calibrations/mv_26807159.yaml
-- Up-to-date symlink: /home/gaurav/mrs_workspace/install/mrs_uav_deployment/share/mrs_uav_deployment/config/camera_calibrations/mv_26807160.yaml
-- Up-to-date symlink: /home/gaurav/mrs_workspace/install/mrs_uav_deployment/share/mrs_uav_deployment/config/camera_calibrations/mv_26807162.yaml
-- Up-to-date symlink: /home/gaurav/mrs_workspace/install/mrs_uav_deployment/share/mrs_uav_deployment/config/camera_calibrations/mv_26807167.yaml
-- Up-to-date symlink: /home/gaurav/mrs_workspace/install/mrs_uav_deployment/share/mrs_uav_deployment/config/camera_calibrations/mv_26807176.yaml
-- Up-to-date symlink: /home/gaurav/mrs_workspace/install/mrs_uav_deployment/share/mrs_uav_deployment/config/camera_calibrations/mv_26807180.yaml
-- Up-to-date symlink: /home/gaurav/mrs_workspace/install/mrs_uav_deployment/share/mrs_uav_deployment/config/camera_calibrations/mv_26807297.yaml
-- Up-to-date symlink: /home/gaurav/mrs_workspace/install/mrs_uav_deployment/share/mrs_uav_deployment/config/camera_calibrations/mv_26807321.yaml
-- Up-to-date symlink: /home/gaurav/mrs_workspace/install/mrs_uav_deployment/share/mrs_uav_deployment/config/camera_calibrations/mv_26807322.yaml
-- Up-to-date symlink: /home/gaurav/mrs_workspace/install/mrs_uav_deployment/share/mrs_uav_deployment/config/camera_calibrations/mv_26807328.yaml
-- Up-to-date symlink: /home/gaurav/mrs_workspace/install/mrs_uav_deployment/share/mrs_uav_deployment/config/camera_calibrations/mv_26807329_darpa.yaml
-- Up-to-date symlink: /home/gaurav/mrs_workspace/install/mrs_uav_deployment/share/mrs_uav_deployment/config/camera_calibrations/mv_26807333.yaml
-- Up-to-date symlink: /home/gaurav/mrs_workspace/install/mrs_uav_deployment/share/mrs_uav_deployment/config/camera_calibrations/mv_26807375_darpa.yaml
-- Up-to-date symlink: /home/gaurav/mrs_workspace/install/mrs_uav_deployment/share/mrs_uav_deployment/config/camera_calibrations/mv_26807377.yaml
-- Up-to-date symlink: /home/gaurav/mrs_workspace/install/mrs_uav_deployment/share/mrs_uav_deployment/config/camera_calibrations/mv_26807497.yaml
-- Up-to-date symlink: /home/gaurav/mrs_workspace/install/mrs_uav_deployment/share/mrs_uav_deployment/config/camera_calibrations/mv_26807539.yaml
-- Up-to-date symlink: /home/gaurav/mrs_workspace/install/mrs_uav_deployment/share/mrs_uav_deployment/config/camera_calibrations/mv_26807556.yaml
-- Up-to-date symlink: /home/gaurav/mrs_workspace/install/mrs_uav_deployment/share/mrs_uav_deployment/config/camera_calibrations/mv_26807558.yaml
-- Up-to-date symlink: /home/gaurav/mrs_workspace/install/mrs_uav_deployment/share/mrs_uav_deployment/config/camera_calibrations/mv_26807560.yaml
-- Up-to-date symlink: /home/gaurav/mrs_workspace/install/mrs_uav_deployment/share/mrs_uav_deployment/config/camera_calibrations/mv_26807581.yaml
-- Up-to-date symlink: /home/gaurav/mrs_workspace/install/mrs_uav_deployment/share/mrs_uav_deployment/config/camera_calibrations/mv_26807582.yaml
-- Up-to-date symlink: /home/gaurav/mrs_workspace/install/mrs_uav_deployment/share/mrs_uav_deployment/config/camera_calibrations/mv_26807584.yaml
-- Up-to-date symlink: /home/gaurav/mrs_workspace/install/mrs_uav_deployment/share/mrs_uav_deployment/config/camera_calibrations/mv_26807588_darpa.yaml
-- Up-to-date symlink: /home/gaurav/mrs_workspace/install/mrs_uav_deployment/share/mrs_uav_deployment/config/camera_calibrations/mv_26808004.yaml
-- Up-to-date symlink: /home/gaurav/mrs_workspace/install/mrs_uav_deployment/share/mrs_uav_deployment/config/camera_calibrations/mv_26808037.yaml
-- Up-to-date symlink: /home/gaurav/mrs_workspace/install/mrs_uav_deployment/share/mrs_uav_deployment/config/camera_calibrations/mv_26808058.yaml
-- Up-to-date symlink: /home/gaurav/mrs_workspace/install/mrs_uav_deployment/share/mrs_uav_deployment/config/camera_calibrations/mv_29900213.yaml
-- Up-to-date symlink: /home/gaurav/mrs_workspace/install/mrs_uav_deployment/share/mrs_uav_deployment/config/camera_calibrations/mv_F0700201.yaml
-- Up-to-date symlink: /home/gaurav/mrs_workspace/install/mrs_uav_deployment/share/mrs_uav_deployment/config/communication_config.yaml
-- Up-to-date symlink: /home/gaurav/mrs_workspace/install/mrs_uav_deployment/share/mrs_uav_deployment/config/mrs_uav_system/a250.yaml
-- Up-to-date symlink: /home/gaurav/mrs_workspace/install/mrs_uav_deployment/share/mrs_uav_deployment/config/mrs_uav_system/a2rl_dcl.yaml
-- Up-to-date symlink: /home/gaurav/mrs_workspace/install/mrs_uav_deployment/share/mrs_uav_deployment/config/mrs_uav_system/a300.yaml
-- Up-to-date symlink: /home/gaurav/mrs_workspace/install/mrs_uav_deployment/share/mrs_uav_deployment/config/mrs_uav_system/agile10in.yaml
-- Up-to-date symlink: /home/gaurav/mrs_workspace/install/mrs_uav_deployment/share/mrs_uav_deployment/config/mrs_uav_system/eaglemk2.yaml
-- Up-to-date symlink: /home/gaurav/mrs_workspace/install/mrs_uav_deployment/share/mrs_uav_deployment/config/mrs_uav_system/f330.yaml
-- Up-to-date symlink: /home/gaurav/mrs_workspace/install/mrs_uav_deployment/share/mrs_uav_deployment/config/mrs_uav_system/f330_kde.yaml
-- Up-to-date symlink: /home/gaurav/mrs_workspace/install/mrs_uav_deployment/share/mrs_uav_deployment/config/mrs_uav_system/f450.yaml
-- Up-to-date symlink: /home/gaurav/mrs_workspace/install/mrs_uav_deployment/share/mrs_uav_deployment/config/mrs_uav_system/f550.yaml
-- Up-to-date symlink: /home/gaurav/mrs_workspace/install/mrs_uav_deployment/share/mrs_uav_deployment/config/mrs_uav_system/m150.yaml
-- Up-to-date symlink: /home/gaurav/mrs_workspace/install/mrs_uav_deployment/share/mrs_uav_deployment/config/mrs_uav_system/m690.yaml
-- Up-to-date symlink: /home/gaurav/mrs_workspace/install/mrs_uav_deployment/share/mrs_uav_deployment/config/mrs_uav_system/t650.yaml
-- Up-to-date symlink: /home/gaurav/mrs_workspace/install/mrs_uav_deployment/share/mrs_uav_deployment/config/mrs_uav_system/t650_4116_16in.yaml
-- Up-to-date symlink: /home/gaurav/mrs_workspace/install/mrs_uav_deployment/share/mrs_uav_deployment/config/mrs_uav_system/t680.yaml
-- Up-to-date symlink: /home/gaurav/mrs_workspace/install/mrs_uav_deployment/share/mrs_uav_deployment/config/mrs_uav_system/x4.yaml
-- Up-to-date symlink: /home/gaurav/mrs_workspace/install/mrs_uav_deployment/share/mrs_uav_deployment/config/mrs_uav_system/x4_12s.yaml
-- Up-to-date symlink: /home/gaurav/mrs_workspace/install/mrs_uav_deployment/share/mrs_uav_deployment/config/mrs_uav_system/x500.yaml
-- Up-to-date symlink: /home/gaurav/mrs_workspace/install/mrs_uav_deployment/share/mrs_uav_deployment/config/mrs_uav_system/x500_mn5006_6S.yaml
-- Up-to-date symlink: /home/gaurav/mrs_workspace/install/mrs_uav_deployment/share/mrs_uav_deployment/config/rviz/default.rviz
-- Up-to-date symlink: /home/gaurav/mrs_workspace/install/mrs_uav_deployment/share/mrs_uav_deployment/config/rviz/trajectory_checker.rviz
-- Up-to-date symlink: /home/gaurav/mrs_workspace/install/mrs_uav_deployment/share/mrs_uav_deployment/config/trajectory_checker.yaml
-- Up-to-date symlink: /home/gaurav/mrs_workspace/install/mrs_uav_deployment/share/mrs_uav_deployment/config/uav_names.yaml
-- Up-to-date symlink: /home/gaurav/mrs_workspace/install/mrs_uav_deployment/share/mrs_uav_deployment/config/uav_names_simulation.yaml
-- Up-to-date symlink: /home/gaurav/mrs_workspace/install/mrs_uav_deployment/share/mrs_uav_deployment/config/uvdar_calibrations/camera_calibrations/calib_results_bf_uv_25001879.txt
-- Up-to-date symlink: /home/gaurav/mrs_workspace/install/mrs_uav_deployment/share/mrs_uav_deployment/config/uvdar_calibrations/camera_calibrations/calib_results_bf_uv_25001954.txt
-- Up-to-date symlink: /home/gaurav/mrs_workspace/install/mrs_uav_deployment/share/mrs_uav_deployment/config/uvdar_calibrations/camera_calibrations/calib_results_bf_uv_25002493.txt
-- Up-to-date symlink: /home/gaurav/mrs_workspace/install/mrs_uav_deployment/share/mrs_uav_deployment/config/uvdar_calibrations/camera_calibrations/calib_results_bf_uv_25002504.txt
-- Up-to-date symlink: /home/gaurav/mrs_workspace/install/mrs_uav_deployment/share/mrs_uav_deployment/config/uvdar_calibrations/camera_calibrations/calib_results_bf_uv_25002510.txt
-- Up-to-date symlink: /home/gaurav/mrs_workspace/install/mrs_uav_deployment/share/mrs_uav_deployment/config/uvdar_calibrations/camera_calibrations/calib_results_bf_uv_25002533.txt
-- Up-to-date symlink: /home/gaurav/mrs_workspace/install/mrs_uav_deployment/share/mrs_uav_deployment/config/uvdar_calibrations/camera_calibrations/calib_results_bf_uv_25002534.txt
-- Up-to-date symlink: /home/gaurav/mrs_workspace/install/mrs_uav_deployment/share/mrs_uav_deployment/config/uvdar_calibrations/camera_calibrations/calib_results_bf_uv_25002991.txt
-- Up-to-date symlink: /home/gaurav/mrs_workspace/install/mrs_uav_deployment/share/mrs_uav_deployment/config/uvdar_calibrations/camera_calibrations/calib_results_bf_uv_25003576.txt
-- Up-to-date symlink: /home/gaurav/mrs_workspace/install/mrs_uav_deployment/share/mrs_uav_deployment/config/uvdar_calibrations/camera_calibrations/calib_results_bf_uv_25003578.txt
-- Up-to-date symlink: /home/gaurav/mrs_workspace/install/mrs_uav_deployment/share/mrs_uav_deployment/config/uvdar_calibrations/camera_calibrations/calib_results_bf_uv_25003592.txt
-- Up-to-date symlink: /home/gaurav/mrs_workspace/install/mrs_uav_deployment/share/mrs_uav_deployment/config/uvdar_calibrations/camera_calibrations/calib_results_bf_uv_25003599.txt
-- Up-to-date symlink: /home/gaurav/mrs_workspace/install/mrs_uav_deployment/share/mrs_uav_deployment/config/uvdar_calibrations/camera_calibrations/calib_results_bf_uv_25003605.txt
-- Up-to-date symlink: /home/gaurav/mrs_workspace/install/mrs_uav_deployment/share/mrs_uav_deployment/config/uvdar_calibrations/camera_calibrations/calib_results_bf_uv_25003618.txt
-- Up-to-date symlink: /home/gaurav/mrs_workspace/install/mrs_uav_deployment/share/mrs_uav_deployment/config/uvdar_calibrations/camera_calibrations/calib_results_bf_uv_25003633.txt
-- Up-to-date symlink: /home/gaurav/mrs_workspace/install/mrs_uav_deployment/share/mrs_uav_deployment/config/uvdar_calibrations/camera_calibrations/calib_results_bf_uv_25003646.txt
-- Up-to-date symlink: /home/gaurav/mrs_workspace/install/mrs_uav_deployment/share/mrs_uav_deployment/config/uvdar_calibrations/camera_calibrations/calib_results_bf_uv_25003649.txt
-- Up-to-date symlink: /home/gaurav/mrs_workspace/install/mrs_uav_deployment/share/mrs_uav_deployment/config/uvdar_calibrations/camera_calibrations/calib_results_bf_uv_25003650.txt
-- Up-to-date symlink: /home/gaurav/mrs_workspace/install/mrs_uav_deployment/share/mrs_uav_deployment/config/uvdar_calibrations/camera_calibrations/calib_results_bf_uv_25003653.txt
-- Up-to-date symlink: /home/gaurav/mrs_workspace/install/mrs_uav_deployment/share/mrs_uav_deployment/config/uvdar_calibrations/camera_calibrations/calib_results_bf_uv_25003654.txt
-- Up-to-date symlink: /home/gaurav/mrs_workspace/install/mrs_uav_deployment/share/mrs_uav_deployment/config/uvdar_calibrations/camera_calibrations/calib_results_bf_uv_25003655.txt
-- Up-to-date symlink: /home/gaurav/mrs_workspace/install/mrs_uav_deployment/share/mrs_uav_deployment/config/uvdar_calibrations/camera_calibrations/calib_results_bf_uv_25003657.txt
-- Up-to-date symlink: /home/gaurav/mrs_workspace/install/mrs_uav_deployment/share/mrs_uav_deployment/config/uvdar_calibrations/camera_calibrations/calib_results_bf_uv_25003660.txt
-- Up-to-date symlink: /home/gaurav/mrs_workspace/install/mrs_uav_deployment/share/mrs_uav_deployment/config/uvdar_calibrations/camera_calibrations/calib_results_bf_uv_25003661.txt
-- Up-to-date symlink: /home/gaurav/mrs_workspace/install/mrs_uav_deployment/share/mrs_uav_deployment/config/uvdar_calibrations/camera_calibrations/calib_results_bf_uv_25003668.txt
-- Up-to-date symlink: /home/gaurav/mrs_workspace/install/mrs_uav_deployment/share/mrs_uav_deployment/config/uvdar_calibrations/camera_calibrations/calib_results_bf_uv_25003671.txt
-- Up-to-date symlink: /home/gaurav/mrs_workspace/install/mrs_uav_deployment/share/mrs_uav_deployment/config/uvdar_calibrations/camera_calibrations/calib_results_bf_uv_25003678.txt
-- Up-to-date symlink: /home/gaurav/mrs_workspace/install/mrs_uav_deployment/share/mrs_uav_deployment/config/uvdar_calibrations/camera_calibrations/calib_results_bf_uv_25003689.txt
-- Up-to-date symlink: /home/gaurav/mrs_workspace/install/mrs_uav_deployment/share/mrs_uav_deployment/config/uvdar_calibrations/camera_calibrations/calib_results_bf_uv_25003696.txt
-- Up-to-date symlink: /home/gaurav/mrs_workspace/install/mrs_uav_deployment/share/mrs_uav_deployment/config/uvdar_calibrations/camera_calibrations/calib_results_bf_uv_25003768.txt
-- Up-to-date symlink: /home/gaurav/mrs_workspace/install/mrs_uav_deployment/share/mrs_uav_deployment/config/uvdar_calibrations/camera_calibrations/calib_results_bf_uv_25003770.txt
-- Up-to-date symlink: /home/gaurav/mrs_workspace/install/mrs_uav_deployment/share/mrs_uav_deployment/config/uvdar_calibrations/camera_calibrations/calib_results_bf_uv_25003774.txt
-- Up-to-date symlink: /home/gaurav/mrs_workspace/install/mrs_uav_deployment/share/mrs_uav_deployment/config/uvdar_calibrations/camera_calibrations/calib_results_bf_uv_25003775.txt
-- Up-to-date symlink: /home/gaurav/mrs_workspace/install/mrs_uav_deployment/share/mrs_uav_deployment/config/uvdar_calibrations/camera_calibrations/calib_results_bf_uv_25003788.txt
-- Up-to-date symlink: /home/gaurav/mrs_workspace/install/mrs_uav_deployment/share/mrs_uav_deployment/config/uvdar_calibrations/camera_calibrations/calib_results_bf_uv_25003791.txt
-- Up-to-date symlink: /home/gaurav/mrs_workspace/install/mrs_uav_deployment/share/mrs_uav_deployment/config/uvdar_calibrations/camera_calibrations/calib_results_bf_uv_25003799.txt
-- Up-to-date symlink: /home/gaurav/mrs_workspace/install/mrs_uav_deployment/share/mrs_uav_deployment/config/uvdar_calibrations/camera_calibrations/calib_results_bf_uv_25003802.txt
-- Up-to-date symlink: /home/gaurav/mrs_workspace/install/mrs_uav_deployment/share/mrs_uav_deployment/config/uvdar_calibrations/camera_calibrations/calib_results_bf_uv_25003810.txt
-- Up-to-date symlink: /home/gaurav/mrs_workspace/install/mrs_uav_deployment/share/mrs_uav_deployment/config/uvdar_calibrations/camera_calibrations/calib_results_bf_uv_25003811.txt
-- Up-to-date symlink: /home/gaurav/mrs_workspace/install/mrs_uav_deployment/share/mrs_uav_deployment/config/uvdar_calibrations/camera_calibrations/calib_results_bf_uv_25003814.txt
-- Up-to-date symlink: /home/gaurav/mrs_workspace/install/mrs_uav_deployment/share/mrs_uav_deployment/config/uvdar_calibrations/camera_calibrations/calib_results_bf_uv_25003817.txt
-- Up-to-date symlink: /home/gaurav/mrs_workspace/install/mrs_uav_deployment/share/mrs_uav_deployment/config/uvdar_calibrations/camera_calibrations/calib_results_bf_uv_25003854.txt
-- Up-to-date symlink: /home/gaurav/mrs_workspace/install/mrs_uav_deployment/share/mrs_uav_deployment/config/uvdar_calibrations/camera_calibrations/calib_results_bf_uv_25003855.txt
-- Up-to-date symlink: /home/gaurav/mrs_workspace/install/mrs_uav_deployment/share/mrs_uav_deployment/config/uvdar_calibrations/camera_calibrations/calib_results_bf_uv_25003869.txt
-- Up-to-date symlink: /home/gaurav/mrs_workspace/install/mrs_uav_deployment/share/mrs_uav_deployment/config/uvdar_calibrations/camera_calibrations/calib_results_bf_uv_25003871.txt
-- Up-to-date symlink: /home/gaurav/mrs_workspace/install/mrs_uav_deployment/share/mrs_uav_deployment/config/uvdar_calibrations/camera_calibrations/calib_results_bf_uv_25003875.txt
-- Up-to-date symlink: /home/gaurav/mrs_workspace/install/mrs_uav_deployment/share/mrs_uav_deployment/config/uvdar_calibrations/camera_calibrations/calib_results_bf_uv_25003878.txt
-- Up-to-date symlink: /home/gaurav/mrs_workspace/install/mrs_uav_deployment/share/mrs_uav_deployment/config/uvdar_calibrations/camera_calibrations/calib_results_bf_uv_25003879.txt
-- Up-to-date symlink: /home/gaurav/mrs_workspace/install/mrs_uav_deployment/share/mrs_uav_deployment/config/uvdar_calibrations/camera_calibrations/calib_results_bf_uv_25003880.txt
-- Up-to-date symlink: /home/gaurav/mrs_workspace/install/mrs_uav_deployment/share/mrs_uav_deployment/config/uvdar_calibrations/camera_calibrations/calib_results_bf_uv_25003881.txt
-- Up-to-date symlink: /home/gaurav/mrs_workspace/install/mrs_uav_deployment/share/mrs_uav_deployment/config/uvdar_calibrations/camera_calibrations/calib_results_bf_uv_25003892.txt
-- Up-to-date symlink: /home/gaurav/mrs_workspace/install/mrs_uav_deployment/share/mrs_uav_deployment/config/uvdar_calibrations/camera_calibrations/calib_results_bf_uv_25003894.txt
-- Up-to-date symlink: /home/gaurav/mrs_workspace/install/mrs_uav_deployment/share/mrs_uav_deployment/config/uvdar_calibrations/camera_calibrations/calib_results_bf_uv_25003899.txt
-- Up-to-date symlink: /home/gaurav/mrs_workspace/install/mrs_uav_deployment/share/mrs_uav_deployment/config/uvdar_calibrations/camera_calibrations/calib_results_bf_uv_25003900.txt
-- Up-to-date symlink: /home/gaurav/mrs_workspace/install/mrs_uav_deployment/share/mrs_uav_deployment/config/uvdar_calibrations/camera_calibrations/calib_results_bf_uv_25003901.txt
-- Up-to-date symlink: /home/gaurav/mrs_workspace/install/mrs_uav_deployment/share/mrs_uav_deployment/config/uvdar_calibrations/camera_calibrations/calib_results_bf_uv_25003902.txt
-- Up-to-date symlink: /home/gaurav/mrs_workspace/install/mrs_uav_deployment/share/mrs_uav_deployment/config/uvdar_calibrations/camera_calibrations/calib_results_bf_uv_25003917.txt
-- Up-to-date symlink: /home/gaurav/mrs_workspace/install/mrs_uav_deployment/share/mrs_uav_deployment/config/uvdar_calibrations/camera_calibrations/calib_results_bf_uv_25003919.txt
-- Up-to-date symlink: /home/gaurav/mrs_workspace/install/mrs_uav_deployment/share/mrs_uav_deployment/config/uvdar_calibrations/camera_calibrations/calib_results_bf_uv_25003924.txt
-- Up-to-date symlink: /home/gaurav/mrs_workspace/install/mrs_uav_deployment/share/mrs_uav_deployment/config/uvdar_calibrations/camera_calibrations/calib_results_bf_uv_25003925.txt
-- Up-to-date symlink: /home/gaurav/mrs_workspace/install/mrs_uav_deployment/share/mrs_uav_deployment/config/uvdar_calibrations/camera_calibrations/calib_results_bf_uv_25003927.txt
-- Up-to-date symlink: /home/gaurav/mrs_workspace/install/mrs_uav_deployment/share/mrs_uav_deployment/config/uvdar_calibrations/camera_calibrations/calib_results_bf_uv_25003949.txt
-- Up-to-date symlink: /home/gaurav/mrs_workspace/install/mrs_uav_deployment/share/mrs_uav_deployment/config/uvdar_calibrations/camera_calibrations/calib_results_bf_uv_25003955.txt
-- Up-to-date symlink: /home/gaurav/mrs_workspace/install/mrs_uav_deployment/share/mrs_uav_deployment/config/uvdar_calibrations/camera_calibrations/calib_results_bf_uv_25004142.txt
-- Up-to-date symlink: /home/gaurav/mrs_workspace/install/mrs_uav_deployment/share/mrs_uav_deployment/config/uvdar_calibrations/camera_calibrations/calib_results_bf_uv_fe.txt
-- Up-to-date symlink: /home/gaurav/mrs_workspace/install/mrs_uav_deployment/share/mrs_uav_deployment/config/uvdar_calibrations/camera_calibrations/calib_results_bs_uv_40214112.txt
-- Up-to-date symlink: /home/gaurav/mrs_workspace/install/mrs_uav_deployment/share/mrs_uav_deployment/config/uvdar_calibrations/camera_calibrations/calib_results_bs_uv_40214115.txt
-- Up-to-date symlink: /home/gaurav/mrs_workspace/install/mrs_uav_deployment/share/mrs_uav_deployment/config/uvdar_calibrations/camera_calibrations/calib_results_bs_uv_40214122.txt
-- Up-to-date symlink: /home/gaurav/mrs_workspace/install/mrs_uav_deployment/share/mrs_uav_deployment/config/uvdar_calibrations/camera_calibrations/calib_results_bs_uv_40484986.txt
-- Up-to-date symlink: /home/gaurav/mrs_workspace/install/mrs_uav_deployment/share/mrs_uav_deployment/config/uvdar_calibrations/camera_calibrations/calib_results_bs_uv_40490142.txt
-- Up-to-date symlink: /home/gaurav/mrs_workspace/install/mrs_uav_deployment/share/mrs_uav_deployment/config/uvdar_calibrations/camera_calibrations/calib_results_bs_uv_40490149.txt
-- Up-to-date symlink: /home/gaurav/mrs_workspace/install/mrs_uav_deployment/share/mrs_uav_deployment/config/uvdar_calibrations/camera_calibrations/calib_results_bs_uv_40490162.txt
-- Up-to-date symlink: /home/gaurav/mrs_workspace/install/mrs_uav_deployment/share/mrs_uav_deployment/config/uvdar_calibrations/camera_calibrations/calib_results_bs_uv_40490165.txt
-- Up-to-date symlink: /home/gaurav/mrs_workspace/install/mrs_uav_deployment/share/mrs_uav_deployment/config/uvdar_calibrations/camera_calibrations/calib_results_bs_uv_40494086.txt
-- Up-to-date symlink: /home/gaurav/mrs_workspace/install/mrs_uav_deployment/share/mrs_uav_deployment/config/uvdar_calibrations/camera_calibrations/calib_results_bs_uv_40494087.txt
-- Up-to-date symlink: /home/gaurav/mrs_workspace/install/mrs_uav_deployment/share/mrs_uav_deployment/config/uvdar_calibrations/camera_calibrations/calib_results_bs_uv_40494088.txt
-- Up-to-date symlink: /home/gaurav/mrs_workspace/install/mrs_uav_deployment/share/mrs_uav_deployment/config/uvdar_calibrations/camera_calibrations/calib_results_bs_uv_40494091.txt
-- Up-to-date symlink: /home/gaurav/mrs_workspace/install/mrs_uav_deployment/share/mrs_uav_deployment/config/uvdar_calibrations/camera_calibrations/calib_results_bs_uv_40494092.txt
-- Up-to-date symlink: /home/gaurav/mrs_workspace/install/mrs_uav_deployment/share/mrs_uav_deployment/config/uvdar_calibrations/camera_calibrations/calib_results_bs_uv_40494093.txt
-- Up-to-date symlink: /home/gaurav/mrs_workspace/install/mrs_uav_deployment/share/mrs_uav_deployment/config/uvdar_calibrations/camera_calibrations/calib_results_bs_uv_40494094.txt
-- Up-to-date symlink: /home/gaurav/mrs_workspace/install/mrs_uav_deployment/share/mrs_uav_deployment/config/uvdar_calibrations/camera_calibrations/calib_results_bs_uv_40494095.txt
-- Up-to-date symlink: /home/gaurav/mrs_workspace/install/mrs_uav_deployment/share/mrs_uav_deployment/config/uvdar_calibrations/camera_calibrations/calib_results_bs_uv_40494096.txt
-- Up-to-date symlink: /home/gaurav/mrs_workspace/install/mrs_uav_deployment/share/mrs_uav_deployment/config/uvdar_calibrations/camera_calibrations/calib_results_bs_uv_40494097.txt
-- Up-to-date symlink: /home/gaurav/mrs_workspace/install/mrs_uav_deployment/share/mrs_uav_deployment/config/uvdar_calibrations/camera_calibrations/calib_results_bs_uv_40494098.txt
-- Up-to-date symlink: /home/gaurav/mrs_workspace/install/mrs_uav_deployment/share/mrs_uav_deployment/config/uvdar_calibrations/camera_calibrations/calib_results_bs_uv_40494099.txt
-- Up-to-date symlink: /home/gaurav/mrs_workspace/install/mrs_uav_deployment/share/mrs_uav_deployment/config/uvdar_calibrations/camera_calibrations/calib_results_bs_uv_40494100.txt
-- Up-to-date symlink: /home/gaurav/mrs_workspace/install/mrs_uav_deployment/share/mrs_uav_deployment/config/uvdar_calibrations/camera_calibrations/calib_results_rp_uv_uav1.txt
-- Up-to-date symlink: /home/gaurav/mrs_workspace/install/mrs_uav_deployment/share/mrs_uav_deployment/config/uvdar_calibrations/extrinsics/oscar_left.xml
-- Up-to-date symlink: /home/gaurav/mrs_workspace/install/mrs_uav_deployment/share/mrs_uav_deployment/config/uvdar_calibrations/extrinsics/oscar_right.xml
-- Up-to-date symlink: /home/gaurav/mrs_workspace/install/mrs_uav_deployment/share/mrs_uav_deployment/config/uvdar_calibrations/extrinsics/papa_left.xml
-- Up-to-date symlink: /home/gaurav/mrs_workspace/install/mrs_uav_deployment/share/mrs_uav_deployment/config/uvdar_calibrations/extrinsics/papa_right.xml
-- Up-to-date symlink: /home/gaurav/mrs_workspace/install/mrs_uav_deployment/share/mrs_uav_deployment/config/uvdar_calibrations/extrinsics/quebec_left.xml
-- Up-to-date symlink: /home/gaurav/mrs_workspace/install/mrs_uav_deployment/share/mrs_uav_deployment/config/uvdar_calibrations/extrinsics/quebec_right.xml
-- Up-to-date symlink: /home/gaurav/mrs_workspace/install/mrs_uav_deployment/share/mrs_uav_deployment/config/uvdar_calibrations/extrinsics/romeo_left.xml
-- Up-to-date symlink: /home/gaurav/mrs_workspace/install/mrs_uav_deployment/share/mrs_uav_deployment/config/uvdar_calibrations/extrinsics/romeo_right.xml
-- Up-to-date symlink: /home/gaurav/mrs_workspace/install/mrs_uav_deployment/share/mrs_uav_deployment/config/uvdar_calibrations/extrinsics/sierra_left.xml
-- Up-to-date symlink: /home/gaurav/mrs_workspace/install/mrs_uav_deployment/share/mrs_uav_deployment/config/uvdar_calibrations/extrinsics/sierra_right.xml
-- Up-to-date symlink: /home/gaurav/mrs_workspace/install/mrs_uav_deployment/share/mrs_uav_deployment/config/uvdar_calibrations/extrinsics/tango_left.xml
-- Up-to-date symlink: /home/gaurav/mrs_workspace/install/mrs_uav_deployment/share/mrs_uav_deployment/config/uvdar_calibrations/extrinsics/tango_right.xml
-- Up-to-date symlink: /home/gaurav/mrs_workspace/install/mrs_uav_deployment/share/mrs_uav_deployment/config/uvdar_calibrations/extrinsics/uniform_left.xml
-- Up-to-date symlink: /home/gaurav/mrs_workspace/install/mrs_uav_deployment/share/mrs_uav_deployment/config/uvdar_calibrations/extrinsics/uniform_right.xml
-- Up-to-date symlink: /home/gaurav/mrs_workspace/install/mrs_uav_deployment/share/mrs_uav_deployment/config/uvdar_calibrations/extrinsics/victor_left.xml
-- Up-to-date symlink: /home/gaurav/mrs_workspace/install/mrs_uav_deployment/share/mrs_uav_deployment/config/uvdar_calibrations/extrinsics/victor_right.xml
-- Up-to-date symlink: /home/gaurav/mrs_workspace/install/mrs_uav_deployment/share/mrs_uav_deployment/config/uvdar_calibrations/masks/X01_25002510.png
-- Up-to-date symlink: /home/gaurav/mrs_workspace/install/mrs_uav_deployment/share/mrs_uav_deployment/config/uvdar_calibrations/masks/X01_25003671.png
-- Up-to-date symlink: /home/gaurav/mrs_workspace/install/mrs_uav_deployment/share/mrs_uav_deployment/config/uvdar_calibrations/masks/X01_25003880.png
-- Up-to-date symlink: /home/gaurav/mrs_workspace/install/mrs_uav_deployment/share/mrs_uav_deployment/config/uvdar_calibrations/masks/X02_25002493.png
-- Up-to-date symlink: /home/gaurav/mrs_workspace/install/mrs_uav_deployment/share/mrs_uav_deployment/config/uvdar_calibrations/masks/X02_25002533.png
-- Up-to-date symlink: /home/gaurav/mrs_workspace/install/mrs_uav_deployment/share/mrs_uav_deployment/config/uvdar_calibrations/masks/X02_25003650.png
-- Up-to-date symlink: /home/gaurav/mrs_workspace/install/mrs_uav_deployment/share/mrs_uav_deployment/config/uvdar_calibrations/masks/X02_25003902.png
-- Up-to-date symlink: /home/gaurav/mrs_workspace/install/mrs_uav_deployment/share/mrs_uav_deployment/config/uvdar_calibrations/masks/X02_25003949.png
-- Up-to-date symlink: /home/gaurav/mrs_workspace/install/mrs_uav_deployment/share/mrs_uav_deployment/config/uvdar_calibrations/masks/X03_25003902.png
-- Up-to-date symlink: /home/gaurav/mrs_workspace/install/mrs_uav_deployment/share/mrs_uav_deployment/config/uvdar_calibrations/masks/X03_25003949.png
-- Up-to-date symlink: /home/gaurav/mrs_workspace/install/mrs_uav_deployment/share/mrs_uav_deployment/config/uvdar_calibrations/masks/X04_25002504.png
-- Up-to-date symlink: /home/gaurav/mrs_workspace/install/mrs_uav_deployment/share/mrs_uav_deployment/config/uvdar_calibrations/masks/X04_25003661.png
-- Up-to-date symlink: /home/gaurav/mrs_workspace/install/mrs_uav_deployment/share/mrs_uav_deployment/config/uvdar_calibrations/masks/X04_25003678.png
-- Up-to-date symlink: /home/gaurav/mrs_workspace/install/mrs_uav_deployment/share/mrs_uav_deployment/config/uvdar_calibrations/masks/X05_25002510.png
-- Up-to-date symlink: /home/gaurav/mrs_workspace/install/mrs_uav_deployment/share/mrs_uav_deployment/config/uvdar_calibrations/masks/X05_25003880.png
-- Up-to-date symlink: /home/gaurav/mrs_workspace/install/mrs_uav_deployment/share/mrs_uav_deployment/config/uvdar_calibrations/masks/X06_25002504.png
-- Up-to-date symlink: /home/gaurav/mrs_workspace/install/mrs_uav_deployment/share/mrs_uav_deployment/config/uvdar_calibrations/masks/X06_25003661.png
-- Up-to-date symlink: /home/gaurav/mrs_workspace/install/mrs_uav_deployment/share/mrs_uav_deployment/config/uvdar_calibrations/masks/X09_25002504.png
-- Up-to-date symlink: /home/gaurav/mrs_workspace/install/mrs_uav_deployment/share/mrs_uav_deployment/config/uvdar_calibrations/masks/X09_25003578.png
-- Up-to-date symlink: /home/gaurav/mrs_workspace/install/mrs_uav_deployment/share/mrs_uav_deployment/config/uvdar_calibrations/masks/X09_25003646.png
-- Up-to-date symlink: /home/gaurav/mrs_workspace/install/mrs_uav_deployment/share/mrs_uav_deployment/config/uvdar_calibrations/masks/X12_25001879.png
-- Up-to-date symlink: /home/gaurav/mrs_workspace/install/mrs_uav_deployment/share/mrs_uav_deployment/config/uvdar_calibrations/masks/X12_25001954.png
-- Up-to-date symlink: /home/gaurav/mrs_workspace/install/mrs_uav_deployment/share/mrs_uav_deployment/config/uvdar_calibrations/masks/X12_25002533.png
-- Up-to-date symlink: /home/gaurav/mrs_workspace/install/mrs_uav_deployment/share/mrs_uav_deployment/config/uvdar_calibrations/masks/X12_25003649.png
-- Up-to-date symlink: /home/gaurav/mrs_workspace/install/mrs_uav_deployment/share/mrs_uav_deployment/config/uvdar_calibrations/masks/X12_25003661.png
-- Up-to-date symlink: /home/gaurav/mrs_workspace/install/mrs_uav_deployment/share/mrs_uav_deployment/config/uvdar_calibrations/masks/X12_25003880.png
-- Up-to-date symlink: /home/gaurav/mrs_workspace/install/mrs_uav_deployment/share/mrs_uav_deployment/config/uvdar_calibrations/masks/X13_25001879.png
-- Up-to-date symlink: /home/gaurav/mrs_workspace/install/mrs_uav_deployment/share/mrs_uav_deployment/config/uvdar_calibrations/masks/X13_25001954.png
-- Up-to-date symlink: /home/gaurav/mrs_workspace/install/mrs_uav_deployment/share/mrs_uav_deployment/config/uvdar_calibrations/masks/X13_25003661.png
-- Up-to-date symlink: /home/gaurav/mrs_workspace/install/mrs_uav_deployment/share/mrs_uav_deployment/config/uvdar_calibrations/masks/X13_40214112.png
-- Up-to-date symlink: /home/gaurav/mrs_workspace/install/mrs_uav_deployment/share/mrs_uav_deployment/config/uvdar_calibrations/masks/X13_40214115.png
-- Up-to-date symlink: /home/gaurav/mrs_workspace/install/mrs_uav_deployment/share/mrs_uav_deployment/config/uvdar_calibrations/masks/X13_40214122.png
-- Up-to-date symlink: /home/gaurav/mrs_workspace/install/mrs_uav_deployment/share/mrs_uav_deployment/config/uvdar_calibrations/masks/X14_25002533.png
-- Up-to-date symlink: /home/gaurav/mrs_workspace/install/mrs_uav_deployment/share/mrs_uav_deployment/config/uvdar_calibrations/masks/X14_25003646.png
-- Up-to-date symlink: /home/gaurav/mrs_workspace/install/mrs_uav_deployment/share/mrs_uav_deployment/config/uvdar_calibrations/masks/X14_25003649.png
-- Up-to-date symlink: /home/gaurav/mrs_workspace/install/mrs_uav_deployment/share/mrs_uav_deployment/config/uvdar_calibrations/masks/X14_25003880.png
-- Up-to-date symlink: /home/gaurav/mrs_workspace/install/mrs_uav_deployment/share/mrs_uav_deployment/config/uvdar_calibrations/masks/X14_25003899.png
-- Up-to-date symlink: /home/gaurav/mrs_workspace/install/mrs_uav_deployment/share/mrs_uav_deployment/config/uvdar_calibrations/masks/X15_25001954.png
-- Up-to-date symlink: /home/gaurav/mrs_workspace/install/mrs_uav_deployment/share/mrs_uav_deployment/config/uvdar_calibrations/masks/X15_25002504.png
-- Up-to-date symlink: /home/gaurav/mrs_workspace/install/mrs_uav_deployment/share/mrs_uav_deployment/config/uvdar_calibrations/masks/X15_25003578.png
-- Up-to-date symlink: /home/gaurav/mrs_workspace/install/mrs_uav_deployment/share/mrs_uav_deployment/config/uvdar_calibrations/masks/X15_25003646.png
-- Up-to-date symlink: /home/gaurav/mrs_workspace/install/mrs_uav_deployment/share/mrs_uav_deployment/config/uvdar_calibrations/masks/X15_25003678.png
-- Up-to-date symlink: /home/gaurav/mrs_workspace/install/mrs_uav_deployment/share/mrs_uav_deployment/config/uvdar_calibrations/masks/X16_25002493.png
-- Up-to-date symlink: /home/gaurav/mrs_workspace/install/mrs_uav_deployment/share/mrs_uav_deployment/config/uvdar_calibrations/masks/X16_25003650.png
-- Up-to-date symlink: /home/gaurav/mrs_workspace/install/mrs_uav_deployment/share/mrs_uav_deployment/config/uvdar_calibrations/masks/X16_25003671.png
-- Up-to-date symlink: /home/gaurav/mrs_workspace/install/mrs_uav_deployment/share/mrs_uav_deployment/config/uvdar_calibrations/masks/X16_25003678.png
-- Up-to-date symlink: /home/gaurav/mrs_workspace/install/mrs_uav_deployment/share/mrs_uav_deployment/config/uvdar_calibrations/masks/X16_25003899.png
-- Up-to-date symlink: /home/gaurav/mrs_workspace/install/mrs_uav_deployment/share/mrs_uav_deployment/config/uvdar_calibrations/masks/X17_25002510.png
-- Up-to-date symlink: /home/gaurav/mrs_workspace/install/mrs_uav_deployment/share/mrs_uav_deployment/config/uvdar_calibrations/masks/X17_25003660.png
-- Up-to-date symlink: /home/gaurav/mrs_workspace/install/mrs_uav_deployment/share/mrs_uav_deployment/config/uvdar_calibrations/masks/X17_25004142.png
-- Up-to-date symlink: /home/gaurav/mrs_workspace/install/mrs_uav_deployment/share/mrs_uav_deployment/config/uvdar_calibrations/masks/X17_40214031.png
-- Up-to-date symlink: /home/gaurav/mrs_workspace/install/mrs_uav_deployment/share/mrs_uav_deployment/config/uvdar_calibrations/masks/X17_40214057.png
-- Up-to-date symlink: /home/gaurav/mrs_workspace/install/mrs_uav_deployment/share/mrs_uav_deployment/config/uvdar_calibrations/masks/X17_40214120.png
-- Up-to-date symlink: /home/gaurav/mrs_workspace/install/mrs_uav_deployment/share/mrs_uav_deployment/config/uvdar_calibrations/masks/X18_25001879.png
-- Up-to-date symlink: /home/gaurav/mrs_workspace/install/mrs_uav_deployment/share/mrs_uav_deployment/config/uvdar_calibrations/masks/X18_25002504.png
-- Up-to-date symlink: /home/gaurav/mrs_workspace/install/mrs_uav_deployment/share/mrs_uav_deployment/config/uvdar_calibrations/masks/X18_25003578.png
-- Up-to-date symlink: /home/gaurav/mrs_workspace/install/mrs_uav_deployment/share/mrs_uav_deployment/config/uvdar_calibrations/masks/albani_uav2_40494086.png
-- Up-to-date symlink: /home/gaurav/mrs_workspace/install/mrs_uav_deployment/share/mrs_uav_deployment/config/uvdar_calibrations/masks/albani_uav2_40494095.png
-- Up-to-date symlink: /home/gaurav/mrs_workspace/install/mrs_uav_deployment/share/mrs_uav_deployment/config/uvdar_calibrations/masks/albani_uav2_40494099.png
-- Up-to-date symlink: /home/gaurav/mrs_workspace/install/mrs_uav_deployment/share/mrs_uav_deployment/config/uvdar_calibrations/masks/alice_25003618.png
-- Up-to-date symlink: /home/gaurav/mrs_workspace/install/mrs_uav_deployment/share/mrs_uav_deployment/config/uvdar_calibrations/masks/alice_25003633.png
-- Up-to-date symlink: /home/gaurav/mrs_workspace/install/mrs_uav_deployment/share/mrs_uav_deployment/config/uvdar_calibrations/masks/alice_25003901.png
-- Up-to-date symlink: /home/gaurav/mrs_workspace/install/mrs_uav_deployment/share/mrs_uav_deployment/config/uvdar_calibrations/masks/blank_basler.png
-- Up-to-date symlink: /home/gaurav/mrs_workspace/install/mrs_uav_deployment/share/mrs_uav_deployment/config/uvdar_calibrations/masks/blank_bluefox.png
-- Up-to-date symlink: /home/gaurav/mrs_workspace/install/mrs_uav_deployment/share/mrs_uav_deployment/config/uvdar_calibrations/masks/bob_25003871.png
-- Up-to-date symlink: /home/gaurav/mrs_workspace/install/mrs_uav_deployment/share/mrs_uav_deployment/config/uvdar_calibrations/masks/bob_25003924.png
-- Up-to-date symlink: /home/gaurav/mrs_workspace/install/mrs_uav_deployment/share/mrs_uav_deployment/config/uvdar_calibrations/masks/bob_25003927.png
-- Up-to-date symlink: /home/gaurav/mrs_workspace/install/mrs_uav_deployment/share/mrs_uav_deployment/config/uvdar_calibrations/masks/carol_25003653.png
-- Up-to-date symlink: /home/gaurav/mrs_workspace/install/mrs_uav_deployment/share/mrs_uav_deployment/config/uvdar_calibrations/masks/carol_25003655.png
-- Up-to-date symlink: /home/gaurav/mrs_workspace/install/mrs_uav_deployment/share/mrs_uav_deployment/config/uvdar_calibrations/masks/carol_25003879.png
-- Up-to-date symlink: /home/gaurav/mrs_workspace/install/mrs_uav_deployment/share/mrs_uav_deployment/config/uvdar_calibrations/masks/charlotte_uav1_40494091.png
-- Up-to-date symlink: /home/gaurav/mrs_workspace/install/mrs_uav_deployment/share/mrs_uav_deployment/config/uvdar_calibrations/masks/charlotte_uav1_40494092.png
-- Up-to-date symlink: /home/gaurav/mrs_workspace/install/mrs_uav_deployment/share/mrs_uav_deployment/config/uvdar_calibrations/masks/charlotte_uav1_40494096.png
-- Up-to-date symlink: /home/gaurav/mrs_workspace/install/mrs_uav_deployment/share/mrs_uav_deployment/config/uvdar_calibrations/masks/charlotte_uav2_40490142.png
-- Up-to-date symlink: /home/gaurav/mrs_workspace/install/mrs_uav_deployment/share/mrs_uav_deployment/config/uvdar_calibrations/masks/charlotte_uav2_40494097.png
-- Up-to-date symlink: /home/gaurav/mrs_workspace/install/mrs_uav_deployment/share/mrs_uav_deployment/config/uvdar_calibrations/masks/charlotte_uav2_40494100.png
-- Up-to-date symlink: /home/gaurav/mrs_workspace/install/mrs_uav_deployment/share/mrs_uav_deployment/config/uvdar_calibrations/masks/charlotte_uav3_40490149.png
-- Up-to-date symlink: /home/gaurav/mrs_workspace/install/mrs_uav_deployment/share/mrs_uav_deployment/config/uvdar_calibrations/masks/charlotte_uav3_40490165.png
-- Up-to-date symlink: /home/gaurav/mrs_workspace/install/mrs_uav_deployment/share/mrs_uav_deployment/config/uvdar_calibrations/masks/charlotte_uav3_40494098.png
-- Up-to-date symlink: /home/gaurav/mrs_workspace/install/mrs_uav_deployment/share/mrs_uav_deployment/config/uvdar_calibrations/masks/default_back.png
-- Up-to-date symlink: /home/gaurav/mrs_workspace/install/mrs_uav_deployment/share/mrs_uav_deployment/config/uvdar_calibrations/masks/diego_25003668.png
-- Up-to-date symlink: /home/gaurav/mrs_workspace/install/mrs_uav_deployment/share/mrs_uav_deployment/config/uvdar_calibrations/masks/diego_25003689.png
-- Up-to-date symlink: /home/gaurav/mrs_workspace/install/mrs_uav_deployment/share/mrs_uav_deployment/config/uvdar_calibrations/masks/diego_25003878.png
-- Up-to-date symlink: /home/gaurav/mrs_workspace/install/mrs_uav_deployment/share/mrs_uav_deployment/config/uvdar_calibrations/masks/eric_25002510.png
-- Up-to-date symlink: /home/gaurav/mrs_workspace/install/mrs_uav_deployment/share/mrs_uav_deployment/config/uvdar_calibrations/masks/eric_25003650.png
-- Up-to-date symlink: /home/gaurav/mrs_workspace/install/mrs_uav_deployment/share/mrs_uav_deployment/config/uvdar_calibrations/masks/eric_25003671.png
-- Up-to-date symlink: /home/gaurav/mrs_workspace/install/mrs_uav_deployment/share/mrs_uav_deployment/config/uvdar_calibrations/masks/eric_25003791.png
-- Up-to-date symlink: /home/gaurav/mrs_workspace/install/mrs_uav_deployment/share/mrs_uav_deployment/config/uvdar_calibrations/masks/eric_25003817.png
-- Up-to-date symlink: /home/gaurav/mrs_workspace/install/mrs_uav_deployment/share/mrs_uav_deployment/config/uvdar_calibrations/masks/frank_25003654.png
-- Up-to-date symlink: /home/gaurav/mrs_workspace/install/mrs_uav_deployment/share/mrs_uav_deployment/config/uvdar_calibrations/masks/frank_25003657.png
-- Up-to-date symlink: /home/gaurav/mrs_workspace/install/mrs_uav_deployment/share/mrs_uav_deployment/config/uvdar_calibrations/masks/frank_25003788.png
-- Up-to-date symlink: /home/gaurav/mrs_workspace/install/mrs_uav_deployment/share/mrs_uav_deployment/config/uvdar_calibrations/masks/frank_25003854.png
-- Up-to-date symlink: /home/gaurav/mrs_workspace/install/mrs_uav_deployment/share/mrs_uav_deployment/config/uvdar_calibrations/masks/frank_25003949.png
-- Up-to-date symlink: /home/gaurav/mrs_workspace/install/mrs_uav_deployment/share/mrs_uav_deployment/config/uvdar_calibrations/masks/grace_25002534.png
-- Up-to-date symlink: /home/gaurav/mrs_workspace/install/mrs_uav_deployment/share/mrs_uav_deployment/config/uvdar_calibrations/masks/grace_25003696.png
-- Up-to-date symlink: /home/gaurav/mrs_workspace/install/mrs_uav_deployment/share/mrs_uav_deployment/config/uvdar_calibrations/masks/grace_25003774.png
-- Up-to-date symlink: /home/gaurav/mrs_workspace/install/mrs_uav_deployment/share/mrs_uav_deployment/config/uvdar_calibrations/masks/grace_25003810.png
-- Up-to-date symlink: /home/gaurav/mrs_workspace/install/mrs_uav_deployment/share/mrs_uav_deployment/config/uvdar_calibrations/masks/grace_25003881.png
-- Up-to-date symlink: /home/gaurav/mrs_workspace/install/mrs_uav_deployment/share/mrs_uav_deployment/config/uvdar_calibrations/masks/heidi_25002991.png
-- Up-to-date symlink: /home/gaurav/mrs_workspace/install/mrs_uav_deployment/share/mrs_uav_deployment/config/uvdar_calibrations/masks/heidi_25003775.png
-- Up-to-date symlink: /home/gaurav/mrs_workspace/install/mrs_uav_deployment/share/mrs_uav_deployment/config/uvdar_calibrations/masks/heidi_25003880.png
-- Up-to-date symlink: /home/gaurav/mrs_workspace/install/mrs_uav_deployment/share/mrs_uav_deployment/config/uvdar_calibrations/masks/heidi_25003894.png
-- Up-to-date symlink: /home/gaurav/mrs_workspace/install/mrs_uav_deployment/share/mrs_uav_deployment/config/uvdar_calibrations/masks/heidi_25003917.png
-- Up-to-date symlink: /home/gaurav/mrs_workspace/install/mrs_uav_deployment/share/mrs_uav_deployment/config/uvdar_calibrations/masks/ivan_25003814.png
-- Up-to-date symlink: /home/gaurav/mrs_workspace/install/mrs_uav_deployment/share/mrs_uav_deployment/config/uvdar_calibrations/masks/ivan_25003855.png
-- Up-to-date symlink: /home/gaurav/mrs_workspace/install/mrs_uav_deployment/share/mrs_uav_deployment/config/uvdar_calibrations/masks/ivan_25003875.png
-- Up-to-date symlink: /home/gaurav/mrs_workspace/install/mrs_uav_deployment/share/mrs_uav_deployment/config/uvdar_calibrations/masks/ivan_25003892.png
-- Up-to-date symlink: /home/gaurav/mrs_workspace/install/mrs_uav_deployment/share/mrs_uav_deployment/config/uvdar_calibrations/masks/ivan_25003902.png
-- Up-to-date symlink: /home/gaurav/mrs_workspace/install/mrs_uav_deployment/share/mrs_uav_deployment/config/uvdar_calibrations/masks/judy_25003768.png
-- Up-to-date symlink: /home/gaurav/mrs_workspace/install/mrs_uav_deployment/share/mrs_uav_deployment/config/uvdar_calibrations/masks/judy_25003799.png
-- Up-to-date symlink: /home/gaurav/mrs_workspace/install/mrs_uav_deployment/share/mrs_uav_deployment/config/uvdar_calibrations/masks/judy_25003899.png
-- Up-to-date symlink: /home/gaurav/mrs_workspace/install/mrs_uav_deployment/share/mrs_uav_deployment/config/uvdar_calibrations/masks/judy_25003925.png
-- Up-to-date symlink: /home/gaurav/mrs_workspace/install/mrs_uav_deployment/share/mrs_uav_deployment/config/uvdar_calibrations/masks/judy_25003955.png
-- Up-to-date symlink: /home/gaurav/mrs_workspace/install/mrs_uav_deployment/share/mrs_uav_deployment/config/uvdar_calibrations/masks/kyle_25002504.png
-- Up-to-date symlink: /home/gaurav/mrs_workspace/install/mrs_uav_deployment/share/mrs_uav_deployment/config/uvdar_calibrations/masks/kyle_25003605.png
-- Up-to-date symlink: /home/gaurav/mrs_workspace/install/mrs_uav_deployment/share/mrs_uav_deployment/config/uvdar_calibrations/masks/kyle_25003661.png
-- Up-to-date symlink: /home/gaurav/mrs_workspace/install/mrs_uav_deployment/share/mrs_uav_deployment/config/uvdar_calibrations/masks/kyle_25003678.png
-- Up-to-date symlink: /home/gaurav/mrs_workspace/install/mrs_uav_deployment/share/mrs_uav_deployment/config/uvdar_calibrations/masks/kyle_25003770.png
-- Up-to-date symlink: /home/gaurav/mrs_workspace/install/mrs_uav_deployment/share/mrs_uav_deployment/config/uvdar_calibrations/masks/lemmy_25003650.png
-- Up-to-date symlink: /home/gaurav/mrs_workspace/install/mrs_uav_deployment/share/mrs_uav_deployment/config/uvdar_calibrations/masks/lemmy_25003802.png
-- Up-to-date symlink: /home/gaurav/mrs_workspace/install/mrs_uav_deployment/share/mrs_uav_deployment/config/uvdar_calibrations/masks/lemmy_25003811.png
-- Up-to-date symlink: /home/gaurav/mrs_workspace/install/mrs_uav_deployment/share/mrs_uav_deployment/config/uvdar_calibrations/masks/lemmy_25003902.png
-- Up-to-date symlink: /home/gaurav/mrs_workspace/install/mrs_uav_deployment/share/mrs_uav_deployment/config/uvdar_calibrations/masks/lemmy_25003949.png
-- Up-to-date symlink: /home/gaurav/mrs_workspace/install/mrs_uav_deployment/share/mrs_uav_deployment/config/uvdar_calibrations/masks/max_25002534.png
-- Up-to-date symlink: /home/gaurav/mrs_workspace/install/mrs_uav_deployment/share/mrs_uav_deployment/config/uvdar_calibrations/masks/max_25003696.png
-- Up-to-date symlink: /home/gaurav/mrs_workspace/install/mrs_uav_deployment/share/mrs_uav_deployment/config/uvdar_calibrations/masks/nick_25002510.png
-- Up-to-date symlink: /home/gaurav/mrs_workspace/install/mrs_uav_deployment/share/mrs_uav_deployment/config/uvdar_calibrations/masks/nick_25003599.png
-- Up-to-date symlink: /home/gaurav/mrs_workspace/install/mrs_uav_deployment/share/mrs_uav_deployment/config/uvdar_calibrations/masks/nick_25003649.png
-- Up-to-date symlink: /home/gaurav/mrs_workspace/install/mrs_uav_deployment/share/mrs_uav_deployment/config/uvdar_calibrations/masks/nick_25003671.png
-- Up-to-date symlink: /home/gaurav/mrs_workspace/install/mrs_uav_deployment/share/mrs_uav_deployment/config/uvdar_calibrations/masks/nick_25003678.png
-- Up-to-date symlink: /home/gaurav/mrs_workspace/install/mrs_uav_deployment/share/mrs_uav_deployment/config/uvdar_calibrations/masks/nick_25003880.png
-- Up-to-date symlink: /home/gaurav/mrs_workspace/install/mrs_uav_deployment/share/mrs_uav_deployment/config/uvdar_calibrations/masks/nick_25003919.png
-- Up-to-date symlink: /home/gaurav/mrs_workspace/install/mrs_uav_deployment/share/mrs_uav_deployment/config/uvdar_calibrations/masks/olivia_25003576.png
-- Up-to-date symlink: /home/gaurav/mrs_workspace/install/mrs_uav_deployment/share/mrs_uav_deployment/config/uvdar_calibrations/masks/olivia_25003592.png
-- Up-to-date symlink: /home/gaurav/mrs_workspace/install/mrs_uav_deployment/share/mrs_uav_deployment/config/uvdar_calibrations/masks/oscar_25003618.png
-- Up-to-date symlink: /home/gaurav/mrs_workspace/install/mrs_uav_deployment/share/mrs_uav_deployment/config/uvdar_calibrations/masks/oscar_25003633.png
-- Up-to-date symlink: /home/gaurav/mrs_workspace/install/mrs_uav_deployment/share/mrs_uav_deployment/config/uvdar_calibrations/masks/papa_25003649.png
-- Up-to-date symlink: /home/gaurav/mrs_workspace/install/mrs_uav_deployment/share/mrs_uav_deployment/config/uvdar_calibrations/masks/papa_25003678.png
-- Up-to-date symlink: /home/gaurav/mrs_workspace/install/mrs_uav_deployment/share/mrs_uav_deployment/config/uvdar_calibrations/masks/pat_25003678.png
-- Up-to-date symlink: /home/gaurav/mrs_workspace/install/mrs_uav_deployment/share/mrs_uav_deployment/config/uvdar_calibrations/masks/pat_25003875.png
-- Up-to-date symlink: /home/gaurav/mrs_workspace/install/mrs_uav_deployment/share/mrs_uav_deployment/config/uvdar_calibrations/masks/quebec_25003660.png
-- Up-to-date symlink: /home/gaurav/mrs_workspace/install/mrs_uav_deployment/share/mrs_uav_deployment/config/uvdar_calibrations/masks/quebec_25003661.png
-- Up-to-date symlink: /home/gaurav/mrs_workspace/install/mrs_uav_deployment/share/mrs_uav_deployment/config/uvdar_calibrations/masks/quentin_25003925.png
-- Up-to-date symlink: /home/gaurav/mrs_workspace/install/mrs_uav_deployment/share/mrs_uav_deployment/config/uvdar_calibrations/masks/quentin_25003955.png
-- Up-to-date symlink: /home/gaurav/mrs_workspace/install/mrs_uav_deployment/share/mrs_uav_deployment/config/uvdar_calibrations/masks/robert_25003661.png
-- Up-to-date symlink: /home/gaurav/mrs_workspace/install/mrs_uav_deployment/share/mrs_uav_deployment/config/uvdar_calibrations/masks/robert_25003869.png
-- Up-to-date symlink: /home/gaurav/mrs_workspace/install/mrs_uav_deployment/share/mrs_uav_deployment/config/uvdar_calibrations/masks/robert_25003917.png
-- Up-to-date symlink: /home/gaurav/mrs_workspace/install/mrs_uav_deployment/share/mrs_uav_deployment/config/uvdar_calibrations/masks/romeo_25003654.png
-- Up-to-date symlink: /home/gaurav/mrs_workspace/install/mrs_uav_deployment/share/mrs_uav_deployment/config/uvdar_calibrations/masks/romeo_25003657.png
-- Up-to-date symlink: /home/gaurav/mrs_workspace/install/mrs_uav_deployment/share/mrs_uav_deployment/config/uvdar_calibrations/masks/sierra_25003668.png
-- Up-to-date symlink: /home/gaurav/mrs_workspace/install/mrs_uav_deployment/share/mrs_uav_deployment/config/uvdar_calibrations/masks/sierra_25003696.png
-- Up-to-date symlink: /home/gaurav/mrs_workspace/install/mrs_uav_deployment/share/mrs_uav_deployment/config/uvdar_calibrations/masks/sophie_25003654.png
-- Up-to-date symlink: /home/gaurav/mrs_workspace/install/mrs_uav_deployment/share/mrs_uav_deployment/config/uvdar_calibrations/masks/sophie_25003657.png
-- Up-to-date symlink: /home/gaurav/mrs_workspace/install/mrs_uav_deployment/share/mrs_uav_deployment/config/uvdar_calibrations/masks/tango_25003671.png
-- Up-to-date symlink: /home/gaurav/mrs_workspace/install/mrs_uav_deployment/share/mrs_uav_deployment/config/uvdar_calibrations/masks/tango_25003689.png
-- Up-to-date symlink: /home/gaurav/mrs_workspace/install/mrs_uav_deployment/share/mrs_uav_deployment/config/uvdar_calibrations/masks/technion_uav1_40484986.png
-- Up-to-date symlink: /home/gaurav/mrs_workspace/install/mrs_uav_deployment/share/mrs_uav_deployment/config/uvdar_calibrations/masks/technion_uav1_40490162.png
-- Up-to-date symlink: /home/gaurav/mrs_workspace/install/mrs_uav_deployment/share/mrs_uav_deployment/config/uvdar_calibrations/masks/technion_uav1_40494093.png
-- Up-to-date symlink: /home/gaurav/mrs_workspace/install/mrs_uav_deployment/share/mrs_uav_deployment/config/uvdar_calibrations/masks/technion_uav2_40494087.png
-- Up-to-date symlink: /home/gaurav/mrs_workspace/install/mrs_uav_deployment/share/mrs_uav_deployment/config/uvdar_calibrations/masks/technion_uav2_40494088.png
-- Up-to-date symlink: /home/gaurav/mrs_workspace/install/mrs_uav_deployment/share/mrs_uav_deployment/config/uvdar_calibrations/masks/technion_uav2_40494094.png
-- Up-to-date symlink: /home/gaurav/mrs_workspace/install/mrs_uav_deployment/share/mrs_uav_deployment/config/uvdar_calibrations/masks/uniform_25003653.png
-- Up-to-date symlink: /home/gaurav/mrs_workspace/install/mrs_uav_deployment/share/mrs_uav_deployment/config/uvdar_calibrations/masks/uniform_25003655.png
-- Up-to-date symlink: /home/gaurav/mrs_workspace/install/mrs_uav_deployment/share/mrs_uav_deployment/config/uvdar_calibrations/masks/victor_25002510.png
-- Up-to-date symlink: /home/gaurav/mrs_workspace/install/mrs_uav_deployment/share/mrs_uav_deployment/config/uvdar_calibrations/masks/victor_25003650.png
-- Up-to-date symlink: /home/gaurav/mrs_workspace/install/mrs_uav_deployment/share/mrs_uav_deployment/config/worlds/world_cisar.yaml
-- Up-to-date symlink: /home/gaurav/mrs_workspace/install/mrs_uav_deployment/share/mrs_uav_deployment/config/worlds/world_kn_yard.yaml
-- Up-to-date symlink: /home/gaurav/mrs_workspace/install/mrs_uav_deployment/share/mrs_uav_deployment/config/worlds/world_local.yaml
-- Up-to-date symlink: /home/gaurav/mrs_workspace/install/mrs_uav_deployment/share/mrs_uav_deployment/config/worlds/world_temesvar_field.yaml
-- Up-to-date symlink: /home/gaurav/mrs_workspace/install/mrs_uav_deployment/share/mrs_uav_deployment/config/worlds/world_temesvar_river.yaml
-- Up-to-date symlink: /home/gaurav/mrs_workspace/install/mrs_uav_deployment/share/mrs_uav_deployment/config/zenoh/uav_router.json5
-- Up-to-date symlink: /home/gaurav/mrs_workspace/install/mrs_uav_deployment/share/mrs_uav_deployment/ssh/afzal
-- Up-to-date symlink: /home/gaurav/mrs_workspace/install/mrs_uav_deployment/share/mrs_uav_deployment/ssh/afzal.pub
-- Up-to-date symlink: /home/gaurav/mrs_workspace/install/mrs_uav_deployment/share/mrs_uav_deployment/ssh/config_example
-- Up-to-date symlink: /home/gaurav/mrs_workspace/install/mrs_uav_deployment/share/mrs_uav_deployment/ssh/dan
-- Up-to-date symlink: /home/gaurav/mrs_workspace/install/mrs_uav_deployment/share/mrs_uav_deployment/ssh/dan.pub
-- Up-to-date symlink: /home/gaurav/mrs_workspace/install/mrs_uav_deployment/share/mrs_uav_deployment/ssh/daniel
-- Up-to-date symlink: /home/gaurav/mrs_workspace/install/mrs_uav_deployment/share/mrs_uav_deployment/ssh/daniel.pub
-- Up-to-date symlink: /home/gaurav/mrs_workspace/install/mrs_uav_deployment/share/mrs_uav_deployment/ssh/danv
-- Up-to-date symlink: /home/gaurav/mrs_workspace/install/mrs_uav_deployment/share/mrs_uav_deployment/ssh/danv.pub
-- Up-to-date symlink: /home/gaurav/mrs_workspace/install/mrs_uav_deployment/share/mrs_uav_deployment/ssh/david
-- Up-to-date symlink: /home/gaurav/mrs_workspace/install/mrs_uav_deployment/share/mrs_uav_deployment/ssh/david.pub
-- Up-to-date symlink: /home/gaurav/mrs_workspace/install/mrs_uav_deployment/share/mrs_uav_deployment/ssh/filip
-- Up-to-date symlink: /home/gaurav/mrs_workspace/install/mrs_uav_deployment/share/mrs_uav_deployment/ssh/filip.pub
-- Up-to-date symlink: /home/gaurav/mrs_workspace/install/mrs_uav_deployment/share/mrs_uav_deployment/ssh/filipopo
-- Up-to-date symlink: /home/gaurav/mrs_workspace/install/mrs_uav_deployment/share/mrs_uav_deployment/ssh/filipopo.pub
-- Up-to-date symlink: /home/gaurav/mrs_workspace/install/mrs_uav_deployment/share/mrs_uav_deployment/ssh/franta
-- Up-to-date symlink: /home/gaurav/mrs_workspace/install/mrs_uav_deployment/share/mrs_uav_deployment/ssh/franta.pub
-- Up-to-date symlink: /home/gaurav/mrs_workspace/install/mrs_uav_deployment/share/mrs_uav_deployment/ssh/generate_ssh_config.sh
-- Up-to-date symlink: /home/gaurav/mrs_workspace/install/mrs_uav_deployment/share/mrs_uav_deployment/ssh/git_usernames.csv
-- Up-to-date symlink: /home/gaurav/mrs_workspace/install/mrs_uav_deployment/share/mrs_uav_deployment/ssh/giuseppe
-- Up-to-date symlink: /home/gaurav/mrs_workspace/install/mrs_uav_deployment/share/mrs_uav_deployment/ssh/giuseppe.pub
-- Up-to-date symlink: /home/gaurav/mrs_workspace/install/mrs_uav_deployment/share/mrs_uav_deployment/ssh/honza
-- Up-to-date symlink: /home/gaurav/mrs_workspace/install/mrs_uav_deployment/share/mrs_uav_deployment/ssh/honza.pub
-- Up-to-date symlink: /home/gaurav/mrs_workspace/install/mrs_uav_deployment/share/mrs_uav_deployment/ssh/jiri
-- Up-to-date symlink: /home/gaurav/mrs_workspace/install/mrs_uav_deployment/share/mrs_uav_deployment/ssh/jiri.pub
-- Up-to-date symlink: /home/gaurav/mrs_workspace/install/mrs_uav_deployment/share/mrs_uav_deployment/ssh/manuel
-- Up-to-date symlink: /home/gaurav/mrs_workspace/install/mrs_uav_deployment/share/mrs_uav_deployment/ssh/manuel.pub
-- Up-to-date symlink: /home/gaurav/mrs_workspace/install/mrs_uav_deployment/share/mrs_uav_deployment/ssh/marlonriv
-- Up-to-date symlink: /home/gaurav/mrs_workspace/install/mrs_uav_deployment/share/mrs_uav_deployment/ssh/marlonriv.pub
-- Up-to-date symlink: /home/gaurav/mrs_workspace/install/mrs_uav_deployment/share/mrs_uav_deployment/ssh/martinjir
-- Up-to-date symlink: /home/gaurav/mrs_workspace/install/mrs_uav_deployment/share/mrs_uav_deployment/ssh/martinjir.pub
-- Up-to-date symlink: /home/gaurav/mrs_workspace/install/mrs_uav_deployment/share/mrs_uav_deployment/ssh/matej
-- Up-to-date symlink: /home/gaurav/mrs_workspace/install/mrs_uav_deployment/share/mrs_uav_deployment/ssh/matej.pub
-- Up-to-date symlink: /home/gaurav/mrs_workspace/install/mrs_uav_deployment/share/mrs_uav_deployment/ssh/matous
-- Up-to-date symlink: /home/gaurav/mrs_workspace/install/mrs_uav_deployment/share/mrs_uav_deployment/ssh/matous.pub
-- Up-to-date symlink: /home/gaurav/mrs_workspace/install/mrs_uav_deployment/share/mrs_uav_deployment/ssh/michal
-- Up-to-date symlink: /home/gaurav/mrs_workspace/install/mrs_uav_deployment/share/mrs_uav_deployment/ssh/michal.pub
-- Up-to-date symlink: /home/gaurav/mrs_workspace/install/mrs_uav_deployment/share/mrs_uav_deployment/ssh/musilto
-- Up-to-date symlink: /home/gaurav/mrs_workspace/install/mrs_uav_deployment/share/mrs_uav_deployment/ssh/musilto.pub
-- Up-to-date symlink: /home/gaurav/mrs_workspace/install/mrs_uav_deployment/share/mrs_uav_deployment/ssh/novosma
-- Up-to-date symlink: /home/gaurav/mrs_workspace/install/mrs_uav_deployment/share/mrs_uav_deployment/ssh/novosma.pub
-- Up-to-date symlink: /home/gaurav/mrs_workspace/install/mrs_uav_deployment/share/mrs_uav_deployment/ssh/ondra
-- Up-to-date symlink: /home/gaurav/mrs_workspace/install/mrs_uav_deployment/share/mrs_uav_deployment/ssh/ondra.pub
-- Up-to-date symlink: /home/gaurav/mrs_workspace/install/mrs_uav_deployment/share/mrs_uav_deployment/ssh/parakh
-- Up-to-date symlink: /home/gaurav/mrs_workspace/install/mrs_uav_deployment/share/mrs_uav_deployment/ssh/parakh.pub
-- Up-to-date symlink: /home/gaurav/mrs_workspace/install/mrs_uav_deployment/share/mrs_uav_deployment/ssh/pavel
-- Up-to-date symlink: /home/gaurav/mrs_workspace/install/mrs_uav_deployment/share/mrs_uav_deployment/ssh/pavel.pub
-- Up-to-date symlink: /home/gaurav/mrs_workspace/install/mrs_uav_deployment/share/mrs_uav_deployment/ssh/petr
-- Up-to-date symlink: /home/gaurav/mrs_workspace/install/mrs_uav_deployment/share/mrs_uav_deployment/ssh/petr.pub
-- Up-to-date symlink: /home/gaurav/mrs_workspace/install/mrs_uav_deployment/share/mrs_uav_deployment/ssh/pochopav
-- Up-to-date symlink: /home/gaurav/mrs_workspace/install/mrs_uav_deployment/share/mrs_uav_deployment/ssh/pochopav.pub
-- Up-to-date symlink: /home/gaurav/mrs_workspace/install/mrs_uav_deployment/share/mrs_uav_deployment/ssh/robert
-- Up-to-date symlink: /home/gaurav/mrs_workspace/install/mrs_uav_deployment/share/mrs_uav_deployment/ssh/robert.pub
-- Up-to-date symlink: /home/gaurav/mrs_workspace/install/mrs_uav_deployment/share/mrs_uav_deployment/ssh/stibipet
-- Up-to-date symlink: /home/gaurav/mrs_workspace/install/mrs_uav_deployment/share/mrs_uav_deployment/ssh/stibipet.pub
-- Up-to-date symlink: /home/gaurav/mrs_workspace/install/mrs_uav_deployment/share/mrs_uav_deployment/ssh/swati
-- Up-to-date symlink: /home/gaurav/mrs_workspace/install/mrs_uav_deployment/share/mrs_uav_deployment/ssh/swati.pub
-- Up-to-date symlink: /home/gaurav/mrs_workspace/install/mrs_uav_deployment/share/mrs_uav_deployment/ssh/tim
-- Up-to-date symlink: /home/gaurav/mrs_workspace/install/mrs_uav_deployment/share/mrs_uav_deployment/ssh/tim.pub
-- Up-to-date symlink: /home/gaurav/mrs_workspace/install/mrs_uav_deployment/share/mrs_uav_deployment/ssh/tomas
-- Up-to-date symlink: /home/gaurav/mrs_workspace/install/mrs_uav_deployment/share/mrs_uav_deployment/ssh/tomas.pub
-- Up-to-date symlink: /home/gaurav/mrs_workspace/install/mrs_uav_deployment/share/mrs_uav_deployment/ssh/valseb
-- Up-to-date symlink: /home/gaurav/mrs_workspace/install/mrs_uav_deployment/share/mrs_uav_deployment/ssh/valseb.pub
-- Up-to-date symlink: /home/gaurav/mrs_workspace/install/mrs_uav_deployment/share/mrs_uav_deployment/ssh/vasek
-- Up-to-date symlink: /home/gaurav/mrs_workspace/install/mrs_uav_deployment/share/mrs_uav_deployment/ssh/vasek.pub
-- Up-to-date symlink: /home/gaurav/mrs_workspace/install/mrs_uav_deployment/share/mrs_uav_deployment/ssh/viktor
-- Up-to-date symlink: /home/gaurav/mrs_workspace/install/mrs_uav_deployment/share/mrs_uav_deployment/ssh/viktor.pub
-- Up-to-date symlink: /home/gaurav/mrs_workspace/install/mrs_uav_deployment/share/mrs_uav_deployment/ssh/vit
-- Up-to-date symlink: /home/gaurav/mrs_workspace/install/mrs_uav_deployment/share/mrs_uav_deployment/ssh/vit.pub
-- Up-to-date symlink: /home/gaurav/mrs_workspace/install/mrs_uav_deployment/share/mrs_uav_deployment/ssh/vojta
-- Up-to-date symlink: /home/gaurav/mrs_workspace/install/mrs_uav_deployment/share/mrs_uav_deployment/ssh/vojta.pub
-- Up-to-date symlink: /home/gaurav/mrs_workspace/install/mrs_uav_deployment/share/ament_index/resource_index/package_run_dependencies/mrs_uav_deployment
-- Up-to-date symlink: /home/gaurav/mrs_workspace/install/mrs_uav_deployment/share/ament_index/resource_index/parent_prefix_path/mrs_uav_deployment
-- Up-to-date symlink: /home/gaurav/mrs_workspace/install/mrs_uav_deployment/share/mrs_uav_deployment/environment/ament_prefix_path.sh
-- Up-to-date symlink: /home/gaurav/mrs_workspace/install/mrs_uav_deployment/share/mrs_uav_deployment/environment/ament_prefix_path.dsv
-- Up-to-date symlink: /home/gaurav/mrs_workspace/install/mrs_uav_deployment/share/mrs_uav_deployment/environment/path.sh
-- Up-to-date symlink: /home/gaurav/mrs_workspace/install/mrs_uav_deployment/share/mrs_uav_deployment/environment/path.dsv
-- Up-to-date symlink: /home/gaurav/mrs_workspace/install/mrs_uav_deployment/share/mrs_uav_deployment/local_setup.bash
-- Up-to-date symlink: /home/gaurav/mrs_workspace/install/mrs_uav_deployment/share/mrs_uav_deployment/local_setup.sh
-- Up-to-date symlink: /home/gaurav/mrs_workspace/install/mrs_uav_deployment/share/mrs_uav_deployment/local_setup.zsh
-- Up-to-date symlink: /home/gaurav/mrs_workspace/install/mrs_uav_deployment/share/mrs_uav_deployment/local_setup.dsv
-- Symlinking: /home/gaurav/mrs_workspace/install/mrs_uav_deployment/share/mrs_uav_deployment/package.dsv
-- Up-to-date symlink: /home/gaurav/mrs_workspace/install/mrs_uav_deployment/share/ament_index/resource_index/packages/mrs_uav_deployment
-- Up-to-date symlink: /home/gaurav/mrs_workspace/install/mrs_uav_deployment/share/mrs_uav_deployment/cmake/mrs_uav_deploymentConfig.cmake
-- Up-to-date symlink: /home/gaurav/mrs_workspace/install/mrs_uav_deployment/share/mrs_uav_deployment/cmake/mrs_uav_deploymentConfig-version.cmake
-- Up-to-date symlink: /home/gaurav/mrs_workspace/install/mrs_uav_deployment/share/mrs_uav_deployment/package.xml
-- Up-to-date: /home/gaurav/mrs_workspace/install/mrs_uav_deployment/share/mrs_uav_deployment/tmux
-- Up-to-date: /home/gaurav/mrs_workspace/install/mrs_uav_deployment/share/mrs_uav_deployment/tmux/just_flying
-- Up-to-date: /home/gaurav/mrs_workspace/install/mrs_uav_deployment/share/mrs_uav_deployment/tmux/just_flying/config
-- Up-to-date: /home/gaurav/mrs_workspace/install/mrs_uav_deployment/share/mrs_uav_deployment/tmux/just_flying/config/network_config.yaml
-- Up-to-date: /home/gaurav/mrs_workspace/install/mrs_uav_deployment/share/mrs_uav_deployment/tmux/just_flying/config/custom_config.yaml
-- Up-to-date: /home/gaurav/mrs_workspace/install/mrs_uav_deployment/share/mrs_uav_deployment/tmux/just_flying/record.sh
-- Up-to-date: /home/gaurav/mrs_workspace/install/mrs_uav_deployment/share/mrs_uav_deployment/tmux/just_flying/tmux.sh
-- Up-to-date: /home/gaurav/mrs_workspace/install/mrs_uav_deployment/share/mrs_uav_deployment/scripts
-- Up-to-date: /home/gaurav/mrs_workspace/install/mrs_uav_deployment/share/mrs_uav_deployment/scripts/check_uav.sh
-- Up-to-date: /home/gaurav/mrs_workspace/install/mrs_uav_deployment/share/mrs_uav_deployment/scripts/rviz.sh
-- Up-to-date: /home/gaurav/mrs_workspace/install/mrs_uav_deployment/share/mrs_uav_deployment/scripts/uav_check
-- Up-to-date: /home/gaurav/mrs_workspace/install/mrs_uav_deployment/share/mrs_uav_deployment/scripts/uav_check/check_uav.sh
-- Up-to-date: /home/gaurav/mrs_workspace/install/mrs_uav_deployment/share/mrs_uav_deployment/scripts/uav_check/helper_tmux.sh
-- Up-to-date: /home/gaurav/mrs_workspace/install/mrs_uav_deployment/share/mrs_uav_deployment/scripts/uav_check/helper_checker.py
-- Up-to-date: /home/gaurav/mrs_workspace/install/mrs_uav_deployment/share/mrs_uav_deployment/scripts/uav_check/px4_params.json.bak
-- Up-to-date: /home/gaurav/mrs_workspace/install/mrs_uav_deployment/share/mrs_uav_deployment/scripts/uav_check/px4_params.json
-- Up-to-date: /home/gaurav/mrs_workspace/install/mrs_uav_deployment/share/mrs_uav_deployment/scripts/rosbag_checker.py
-- Up-to-date: /home/gaurav/mrs_workspace/install/mrs_uav_deployment/share/mrs_uav_deployment/scripts/check_ros_package.sh
-- Up-to-date: /home/gaurav/mrs_workspace/install/mrs_uav_deployment/share/mrs_uav_deployment/scripts/trajectory_checker.py
-- Up-to-date: /home/gaurav/mrs_workspace/install/mrs_uav_deployment/share/mrs_uav_deployment/scripts/node_crash_checker.py
-- Up-to-date: /home/gaurav/mrs_workspace/install/mrs_uav_deployment/share/mrs_uav_deployment/scripts/rosbag_rviz.sh
-- Up-to-date: /home/gaurav/mrs_workspace/install/mrs_uav_deployment/share/mrs_uav_deployment/scripts/refactor_rviz_config_generic.sh
-- Up-to-date: /home/gaurav/mrs_workspace/install/mrs_uav_deployment/share/mrs_uav_deployment/scripts/refactor_rviz_config.sh
-- Up-to-date: /home/gaurav/mrs_workspace/install/mrs_uav_deployment/share/mrs_uav_deployment/scripts/set_broadcast_rc_variable.sh
-- Up-to-date: /home/gaurav/mrs_workspace/install/mrs_uav_deployment/share/mrs_uav_deployment/scripts/rosbag_topic_size.py
-- Up-to-date: /home/gaurav/mrs_workspace/install/mrs_uav_deployment/share/mrs_uav_deployment/scripts/computer_config
-- Up-to-date: /home/gaurav/mrs_workspace/install/mrs_uav_deployment/share/mrs_uav_deployment/scripts/computer_config/disable_network_manager.sh
-- Up-to-date: /home/gaurav/mrs_workspace/install/mrs_uav_deployment/share/mrs_uav_deployment/scripts/computer_config/fix_dualboot_time_offset.sh
-- Up-to-date: /home/gaurav/mrs_workspace/install/mrs_uav_deployment/share/mrs_uav_deployment/scripts/computer_config/fix_network_interface_names.sh
-- Up-to-date: /home/gaurav/mrs_workspace/install/mrs_uav_deployment/share/mrs_uav_deployment/scripts/computer_config/disable_hibernation.sh
-- Up-to-date: /home/gaurav/mrs_workspace/install/mrs_uav_deployment/share/mrs_uav_deployment/scripts/run_nimbro.py
