[0.007s] Invoking command in '/home/gaurav/mrs_workspace/build/mrs_uav_deployment': CMAKE_PREFIX_PATH=${CMAKE_PREFIX_PATH}:/opt/ros/jazzy DEBUGINFOD_URLS=https://debuginfod.ubuntu.com /usr/bin/cmake --build /home/gaurav/mrs_workspace/build/mrs_uav_deployment -- -j20 -l20
[0.033s] Invoked command in '/home/gaurav/mrs_workspace/build/mrs_uav_deployment' returned '0': CMAKE_PREFIX_PATH=${CMAKE_PREFIX_PATH}:/opt/ros/jazzy DEBUGINFOD_URLS=https://debuginfod.ubuntu.com /usr/bin/cmake --build /home/gaurav/mrs_workspace/build/mrs_uav_deployment -- -j20 -l20
[0.041s] Invoking command in '/home/gaurav/mrs_workspace/build/mrs_uav_deployment': CMAKE_PREFIX_PATH=${CMAKE_PREFIX_PATH}:/opt/ros/jazzy DEBUGINFOD_URLS=https://debuginfod.ubuntu.com /usr/bin/cmake --install /home/gaurav/mrs_workspace/build/mrs_uav_deployment
[0.047s] -- Install configuration: "Release"
[0.047s] -- Execute custom install script
[0.049s] -- Up-to-date symlink: /home/gaurav/mrs_workspace/install/mrs_uav_deployment/share/mrs_uav_deployment/config/camera_calibrations/basler/23743715/basler_23743715.yaml
[0.049s] -- Up-to-date symlink: /home/gaurav/mrs_workspace/install/mrs_uav_deployment/share/mrs_uav_deployment/config/camera_calibrations/basler/23743717/basler_23743717.yaml
[0.049s] -- Up-to-date symlink: /home/gaurav/mrs_workspace/install/mrs_uav_deployment/share/mrs_uav_deployment/config/camera_calibrations/basler/basler_23682092.yaml
[0.049s] -- Up-to-date symlink: /home/gaurav/mrs_workspace/install/mrs_uav_deployment/share/mrs_uav_deployment/config/camera_calibrations/basler/basler_23743715.yaml
[0.049s] -- Up-to-date symlink: /home/gaurav/mrs_workspace/install/mrs_uav_deployment/share/mrs_uav_deployment/config/camera_calibrations/basler/basler_23743716.yaml
[0.049s] -- Up-to-date symlink: /home/gaurav/mrs_workspace/install/mrs_uav_deployment/share/mrs_uav_deployment/config/camera_calibrations/basler/basler_23743717.yaml
[0.050s] -- Up-to-date symlink: /home/gaurav/mrs_workspace/install/mrs_uav_deployment/share/mrs_uav_deployment/config/camera_calibrations/basler/basler_23743718.yaml
[0.050s] -- Up-to-date symlink: /home/gaurav/mrs_workspace/install/mrs_uav_deployment/share/mrs_uav_deployment/config/camera_calibrations/basler/basler_23750991.yaml
[0.050s] -- Up-to-date symlink: /home/gaurav/mrs_workspace/install/mrs_uav_deployment/share/mrs_uav_deployment/config/camera_calibrations/basler/basler_23750992.yaml
[0.050s] -- Up-to-date symlink: /home/gaurav/mrs_workspace/install/mrs_uav_deployment/share/mrs_uav_deployment/config/camera_calibrations/basler/basler_23764941.yaml
[0.050s] -- Up-to-date symlink: /home/gaurav/mrs_workspace/install/mrs_uav_deployment/share/mrs_uav_deployment/config/camera_calibrations/basler/basler_23831985.yaml
[0.050s] -- Up-to-date symlink: /home/gaurav/mrs_workspace/install/mrs_uav_deployment/share/mrs_uav_deployment/config/camera_calibrations/basler/basler_23831986.yaml
[0.050s] -- Up-to-date symlink: /home/gaurav/mrs_workspace/install/mrs_uav_deployment/share/mrs_uav_deployment/config/camera_calibrations/basler/basler_23831987.yaml
[0.050s] -- Up-to-date symlink: /home/gaurav/mrs_workspace/install/mrs_uav_deployment/share/mrs_uav_deployment/config/camera_calibrations/basler/basler_23831989.yaml
[0.051s] -- Up-to-date symlink: /home/gaurav/mrs_workspace/install/mrs_uav_deployment/share/mrs_uav_deployment/config/camera_calibrations/basler/basler_23831991.yaml
[0.051s] -- Up-to-date symlink: /home/gaurav/mrs_workspace/install/mrs_uav_deployment/share/mrs_uav_deployment/config/camera_calibrations/mobius/mobius_narrow.yaml
[0.051s] -- Up-to-date symlink: /home/gaurav/mrs_workspace/install/mrs_uav_deployment/share/mrs_uav_deployment/config/camera_calibrations/mv_25001954.yaml
[0.051s] -- Up-to-date symlink: /home/gaurav/mrs_workspace/install/mrs_uav_deployment/share/mrs_uav_deployment/config/camera_calibrations/mv_25001954_equi.yaml
[0.061s] -- Up-to-date symlink: /home/gaurav/mrs_workspace/install/mrs_uav_deployment/share/mrs_uav_deployment/config/camera_calibrations/mv_25001954_radtan.yaml
[0.061s] -- Up-to-date symlink: /home/gaurav/mrs_workspace/install/mrs_uav_deployment/share/mrs_uav_deployment/config/camera_calibrations/mv_25002493.yaml
[0.061s] -- Up-to-date symlink: /home/gaurav/mrs_workspace/install/mrs_uav_deployment/share/mrs_uav_deployment/config/camera_calibrations/mv_25002503.yaml
[0.061s] -- Up-to-date symlink: /home/gaurav/mrs_workspace/install/mrs_uav_deployment/share/mrs_uav_deployment/config/camera_calibrations/mv_25002514.yaml
[0.061s] -- Up-to-date symlink: /home/gaurav/mrs_workspace/install/mrs_uav_deployment/share/mrs_uav_deployment/config/camera_calibrations/mv_25002533.yaml
[0.061s] -- Up-to-date symlink: /home/gaurav/mrs_workspace/install/mrs_uav_deployment/share/mrs_uav_deployment/config/camera_calibrations/mv_26805832_darpa.yaml
[0.061s] -- Up-to-date symlink: /home/gaurav/mrs_workspace/install/mrs_uav_deployment/share/mrs_uav_deployment/config/camera_calibrations/mv_26805832_f21_old.yaml
[0.061s] -- Up-to-date symlink: /home/gaurav/mrs_workspace/install/mrs_uav_deployment/share/mrs_uav_deployment/config/camera_calibrations/mv_26805832_radtan.yaml
[0.061s] -- Up-to-date symlink: /home/gaurav/mrs_workspace/install/mrs_uav_deployment/share/mrs_uav_deployment/config/camera_calibrations/mv_26805850.yaml
[0.061s] -- Up-to-date symlink: /home/gaurav/mrs_workspace/install/mrs_uav_deployment/share/mrs_uav_deployment/config/camera_calibrations/mv_26805850_darpa.yaml
[0.061s] -- Up-to-date symlink: /home/gaurav/mrs_workspace/install/mrs_uav_deployment/share/mrs_uav_deployment/config/camera_calibrations/mv_26805877_darpa.yaml
[0.061s] -- Up-to-date symlink: /home/gaurav/mrs_workspace/install/mrs_uav_deployment/share/mrs_uav_deployment/config/camera_calibrations/mv_26805877_radtan.yaml
[0.061s] -- Up-to-date symlink: /home/gaurav/mrs_workspace/install/mrs_uav_deployment/share/mrs_uav_deployment/config/camera_calibrations/mv_26805883.yaml
[0.061s] -- Up-to-date symlink: /home/gaurav/mrs_workspace/install/mrs_uav_deployment/share/mrs_uav_deployment/config/camera_calibrations/mv_26807144.yaml
[0.062s] -- Up-to-date symlink: /home/gaurav/mrs_workspace/install/mrs_uav_deployment/share/mrs_uav_deployment/config/camera_calibrations/mv_26807150_darpa.yaml
[0.062s] -- Up-to-date symlink: /home/gaurav/mrs_workspace/install/mrs_uav_deployment/share/mrs_uav_deployment/config/camera_calibrations/mv_26807151.yaml
[0.062s] -- Up-to-date symlink: /home/gaurav/mrs_workspace/install/mrs_uav_deployment/share/mrs_uav_deployment/config/camera_calibrations/mv_26807156.yaml
[0.062s] -- Up-to-date symlink: /home/gaurav/mrs_workspace/install/mrs_uav_deployment/share/mrs_uav_deployment/config/camera_calibrations/mv_26807157.yaml
[0.062s] -- Up-to-date symlink: /home/gaurav/mrs_workspace/install/mrs_uav_deployment/share/mrs_uav_deployment/config/camera_calibrations/mv_26807159.yaml
[0.062s] -- Up-to-date symlink: /home/gaurav/mrs_workspace/install/mrs_uav_deployment/share/mrs_uav_deployment/config/camera_calibrations/mv_26807160.yaml
[0.062s] -- Up-to-date symlink: /home/gaurav/mrs_workspace/install/mrs_uav_deployment/share/mrs_uav_deployment/config/camera_calibrations/mv_26807162.yaml
[0.062s] -- Up-to-date symlink: /home/gaurav/mrs_workspace/install/mrs_uav_deployment/share/mrs_uav_deployment/config/camera_calibrations/mv_26807167.yaml
[0.062s] -- Up-to-date symlink: /home/gaurav/mrs_workspace/install/mrs_uav_deployment/share/mrs_uav_deployment/config/camera_calibrations/mv_26807176.yaml
[0.062s] -- Up-to-date symlink: /home/gaurav/mrs_workspace/install/mrs_uav_deployment/share/mrs_uav_deployment/config/camera_calibrations/mv_26807180.yaml
[0.062s] -- Up-to-date symlink: /home/gaurav/mrs_workspace/install/mrs_uav_deployment/share/mrs_uav_deployment/config/camera_calibrations/mv_26807297.yaml
[0.062s] -- Up-to-date symlink: /home/gaurav/mrs_workspace/install/mrs_uav_deployment/share/mrs_uav_deployment/config/camera_calibrations/mv_26807321.yaml
[0.062s] -- Up-to-date symlink: /home/gaurav/mrs_workspace/install/mrs_uav_deployment/share/mrs_uav_deployment/config/camera_calibrations/mv_26807322.yaml
[0.062s] -- Up-to-date symlink: /home/gaurav/mrs_workspace/install/mrs_uav_deployment/share/mrs_uav_deployment/config/camera_calibrations/mv_26807328.yaml
[0.062s] -- Up-to-date symlink: /home/gaurav/mrs_workspace/install/mrs_uav_deployment/share/mrs_uav_deployment/config/camera_calibrations/mv_26807329_darpa.yaml
[0.062s] -- Up-to-date symlink: /home/gaurav/mrs_workspace/install/mrs_uav_deployment/share/mrs_uav_deployment/config/camera_calibrations/mv_26807333.yaml
[0.062s] -- Up-to-date symlink: /home/gaurav/mrs_workspace/install/mrs_uav_deployment/share/mrs_uav_deployment/config/camera_calibrations/mv_26807375_darpa.yaml
[0.062s] -- Up-to-date symlink: /home/gaurav/mrs_workspace/install/mrs_uav_deployment/share/mrs_uav_deployment/config/camera_calibrations/mv_26807377.yaml
[0.062s] -- Up-to-date symlink: /home/gaurav/mrs_workspace/install/mrs_uav_deployment/share/mrs_uav_deployment/config/camera_calibrations/mv_26807497.yaml
[0.062s] -- Up-to-date symlink: /home/gaurav/mrs_workspace/install/mrs_uav_deployment/share/mrs_uav_deployment/config/camera_calibrations/mv_26807539.yaml
[0.062s] -- Up-to-date symlink: /home/gaurav/mrs_workspace/install/mrs_uav_deployment/share/mrs_uav_deployment/config/camera_calibrations/mv_26807556.yaml
[0.062s] -- Up-to-date symlink: /home/gaurav/mrs_workspace/install/mrs_uav_deployment/share/mrs_uav_deployment/config/camera_calibrations/mv_26807558.yaml
[0.062s] -- Up-to-date symlink: /home/gaurav/mrs_workspace/install/mrs_uav_deployment/share/mrs_uav_deployment/config/camera_calibrations/mv_26807560.yaml
[0.062s] -- Up-to-date symlink: /home/gaurav/mrs_workspace/install/mrs_uav_deployment/share/mrs_uav_deployment/config/camera_calibrations/mv_26807581.yaml
[0.062s] -- Up-to-date symlink: /home/gaurav/mrs_workspace/install/mrs_uav_deployment/share/mrs_uav_deployment/config/camera_calibrations/mv_26807582.yaml
[0.062s] -- Up-to-date symlink: /home/gaurav/mrs_workspace/install/mrs_uav_deployment/share/mrs_uav_deployment/config/camera_calibrations/mv_26807584.yaml
[0.062s] -- Up-to-date symlink: /home/gaurav/mrs_workspace/install/mrs_uav_deployment/share/mrs_uav_deployment/config/camera_calibrations/mv_26807588_darpa.yaml
[0.062s] -- Up-to-date symlink: /home/gaurav/mrs_workspace/install/mrs_uav_deployment/share/mrs_uav_deployment/config/camera_calibrations/mv_26808004.yaml
[0.063s] -- Up-to-date symlink: /home/gaurav/mrs_workspace/install/mrs_uav_deployment/share/mrs_uav_deployment/config/camera_calibrations/mv_26808037.yaml
[0.063s] -- Up-to-date symlink: /home/gaurav/mrs_workspace/install/mrs_uav_deployment/share/mrs_uav_deployment/config/camera_calibrations/mv_26808058.yaml
[0.063s] -- Up-to-date symlink: /home/gaurav/mrs_workspace/install/mrs_uav_deployment/share/mrs_uav_deployment/config/camera_calibrations/mv_29900213.yaml
[0.063s] -- Up-to-date symlink: /home/gaurav/mrs_workspace/install/mrs_uav_deployment/share/mrs_uav_deployment/config/camera_calibrations/mv_F0700201.yaml
[0.063s] -- Up-to-date symlink: /home/gaurav/mrs_workspace/install/mrs_uav_deployment/share/mrs_uav_deployment/config/communication_config.yaml
[0.063s] -- Up-to-date symlink: /home/gaurav/mrs_workspace/install/mrs_uav_deployment/share/mrs_uav_deployment/config/mrs_uav_system/a250.yaml
[0.063s] -- Up-to-date symlink: /home/gaurav/mrs_workspace/install/mrs_uav_deployment/share/mrs_uav_deployment/config/mrs_uav_system/a2rl_dcl.yaml
[0.063s] -- Up-to-date symlink: /home/gaurav/mrs_workspace/install/mrs_uav_deployment/share/mrs_uav_deployment/config/mrs_uav_system/a300.yaml
[0.063s] -- Up-to-date symlink: /home/gaurav/mrs_workspace/install/mrs_uav_deployment/share/mrs_uav_deployment/config/mrs_uav_system/agile10in.yaml
[0.063s] -- Up-to-date symlink: /home/gaurav/mrs_workspace/install/mrs_uav_deployment/share/mrs_uav_deployment/config/mrs_uav_system/eaglemk2.yaml
[0.063s] -- Up-to-date symlink: /home/gaurav/mrs_workspace/install/mrs_uav_deployment/share/mrs_uav_deployment/config/mrs_uav_system/f330.yaml
[0.063s] -- Up-to-date symlink: /home/gaurav/mrs_workspace/install/mrs_uav_deployment/share/mrs_uav_deployment/config/mrs_uav_system/f330_kde.yaml
[0.063s] -- Up-to-date symlink: /home/gaurav/mrs_workspace/install/mrs_uav_deployment/share/mrs_uav_deployment/config/mrs_uav_system/f450.yaml
[0.063s] -- Up-to-date symlink: /home/gaurav/mrs_workspace/install/mrs_uav_deployment/share/mrs_uav_deployment/config/mrs_uav_system/f550.yaml
[0.063s] -- Up-to-date symlink: /home/gaurav/mrs_workspace/install/mrs_uav_deployment/share/mrs_uav_deployment/config/mrs_uav_system/m150.yaml
[0.063s] -- Up-to-date symlink: /home/gaurav/mrs_workspace/install/mrs_uav_deployment/share/mrs_uav_deployment/config/mrs_uav_system/m690.yaml
[0.063s] -- Up-to-date symlink: /home/gaurav/mrs_workspace/install/mrs_uav_deployment/share/mrs_uav_deployment/config/mrs_uav_system/t650.yaml
[0.063s] -- Up-to-date symlink: /home/gaurav/mrs_workspace/install/mrs_uav_deployment/share/mrs_uav_deployment/config/mrs_uav_system/t650_4116_16in.yaml
[0.063s] -- Up-to-date symlink: /home/gaurav/mrs_workspace/install/mrs_uav_deployment/share/mrs_uav_deployment/config/mrs_uav_system/t680.yaml
[0.063s] -- Up-to-date symlink: /home/gaurav/mrs_workspace/install/mrs_uav_deployment/share/mrs_uav_deployment/config/mrs_uav_system/x4.yaml
[0.063s] -- Up-to-date symlink: /home/gaurav/mrs_workspace/install/mrs_uav_deployment/share/mrs_uav_deployment/config/mrs_uav_system/x4_12s.yaml
[0.063s] -- Up-to-date symlink: /home/gaurav/mrs_workspace/install/mrs_uav_deployment/share/mrs_uav_deployment/config/mrs_uav_system/x500.yaml
[0.063s] -- Up-to-date symlink: /home/gaurav/mrs_workspace/install/mrs_uav_deployment/share/mrs_uav_deployment/config/mrs_uav_system/x500_mn5006_6S.yaml
[0.064s] -- Up-to-date symlink: /home/gaurav/mrs_workspace/install/mrs_uav_deployment/share/mrs_uav_deployment/config/rviz/default.rviz
[0.064s] -- Up-to-date symlink: /home/gaurav/mrs_workspace/install/mrs_uav_deployment/share/mrs_uav_deployment/config/rviz/trajectory_checker.rviz
[0.064s] -- Up-to-date symlink: /home/gaurav/mrs_workspace/install/mrs_uav_deployment/share/mrs_uav_deployment/config/trajectory_checker.yaml
[0.064s] -- Up-to-date symlink: /home/gaurav/mrs_workspace/install/mrs_uav_deployment/share/mrs_uav_deployment/config/uav_names.yaml
[0.064s] -- Up-to-date symlink: /home/gaurav/mrs_workspace/install/mrs_uav_deployment/share/mrs_uav_deployment/config/uav_names_simulation.yaml
[0.064s] -- Up-to-date symlink: /home/gaurav/mrs_workspace/install/mrs_uav_deployment/share/mrs_uav_deployment/config/uvdar_calibrations/camera_calibrations/calib_results_bf_uv_25001879.txt
[0.064s] -- Up-to-date symlink: /home/gaurav/mrs_workspace/install/mrs_uav_deployment/share/mrs_uav_deployment/config/uvdar_calibrations/camera_calibrations/calib_results_bf_uv_25001954.txt
[0.064s] -- Up-to-date symlink: /home/gaurav/mrs_workspace/install/mrs_uav_deployment/share/mrs_uav_deployment/config/uvdar_calibrations/camera_calibrations/calib_results_bf_uv_25002493.txt
[0.064s] -- Up-to-date symlink: /home/gaurav/mrs_workspace/install/mrs_uav_deployment/share/mrs_uav_deployment/config/uvdar_calibrations/camera_calibrations/calib_results_bf_uv_25002504.txt
[0.064s] -- Up-to-date symlink: /home/gaurav/mrs_workspace/install/mrs_uav_deployment/share/mrs_uav_deployment/config/uvdar_calibrations/camera_calibrations/calib_results_bf_uv_25002510.txt
[0.064s] -- Up-to-date symlink: /home/gaurav/mrs_workspace/install/mrs_uav_deployment/share/mrs_uav_deployment/config/uvdar_calibrations/camera_calibrations/calib_results_bf_uv_25002533.txt
[0.064s] -- Up-to-date symlink: /home/gaurav/mrs_workspace/install/mrs_uav_deployment/share/mrs_uav_deployment/config/uvdar_calibrations/camera_calibrations/calib_results_bf_uv_25002534.txt
[0.064s] -- Up-to-date symlink: /home/gaurav/mrs_workspace/install/mrs_uav_deployment/share/mrs_uav_deployment/config/uvdar_calibrations/camera_calibrations/calib_results_bf_uv_25002991.txt
[0.064s] -- Up-to-date symlink: /home/gaurav/mrs_workspace/install/mrs_uav_deployment/share/mrs_uav_deployment/config/uvdar_calibrations/camera_calibrations/calib_results_bf_uv_25003576.txt
[0.064s] -- Up-to-date symlink: /home/gaurav/mrs_workspace/install/mrs_uav_deployment/share/mrs_uav_deployment/config/uvdar_calibrations/camera_calibrations/calib_results_bf_uv_25003578.txt
[0.064s] -- Up-to-date symlink: /home/gaurav/mrs_workspace/install/mrs_uav_deployment/share/mrs_uav_deployment/config/uvdar_calibrations/camera_calibrations/calib_results_bf_uv_25003592.txt
[0.064s] -- Up-to-date symlink: /home/gaurav/mrs_workspace/install/mrs_uav_deployment/share/mrs_uav_deployment/config/uvdar_calibrations/camera_calibrations/calib_results_bf_uv_25003599.txt
[0.064s] -- Up-to-date symlink: /home/gaurav/mrs_workspace/install/mrs_uav_deployment/share/mrs_uav_deployment/config/uvdar_calibrations/camera_calibrations/calib_results_bf_uv_25003605.txt
[0.064s] -- Up-to-date symlink: /home/gaurav/mrs_workspace/install/mrs_uav_deployment/share/mrs_uav_deployment/config/uvdar_calibrations/camera_calibrations/calib_results_bf_uv_25003618.txt
[0.064s] -- Up-to-date symlink: /home/gaurav/mrs_workspace/install/mrs_uav_deployment/share/mrs_uav_deployment/config/uvdar_calibrations/camera_calibrations/calib_results_bf_uv_25003633.txt
[0.064s] -- Up-to-date symlink: /home/gaurav/mrs_workspace/install/mrs_uav_deployment/share/mrs_uav_deployment/config/uvdar_calibrations/camera_calibrations/calib_results_bf_uv_25003646.txt
[0.064s] -- Up-to-date symlink: /home/gaurav/mrs_workspace/install/mrs_uav_deployment/share/mrs_uav_deployment/config/uvdar_calibrations/camera_calibrations/calib_results_bf_uv_25003649.txt
[0.064s] -- Up-to-date symlink: /home/gaurav/mrs_workspace/install/mrs_uav_deployment/share/mrs_uav_deployment/config/uvdar_calibrations/camera_calibrations/calib_results_bf_uv_25003650.txt
[0.064s] -- Up-to-date symlink: /home/gaurav/mrs_workspace/install/mrs_uav_deployment/share/mrs_uav_deployment/config/uvdar_calibrations/camera_calibrations/calib_results_bf_uv_25003653.txt
[0.064s] -- Up-to-date symlink: /home/gaurav/mrs_workspace/install/mrs_uav_deployment/share/mrs_uav_deployment/config/uvdar_calibrations/camera_calibrations/calib_results_bf_uv_25003654.txt
[0.065s] -- Up-to-date symlink: /home/gaurav/mrs_workspace/install/mrs_uav_deployment/share/mrs_uav_deployment/config/uvdar_calibrations/camera_calibrations/calib_results_bf_uv_25003655.txt
[0.065s] -- Up-to-date symlink: /home/gaurav/mrs_workspace/install/mrs_uav_deployment/share/mrs_uav_deployment/config/uvdar_calibrations/camera_calibrations/calib_results_bf_uv_25003657.txt
[0.065s] -- Up-to-date symlink: /home/gaurav/mrs_workspace/install/mrs_uav_deployment/share/mrs_uav_deployment/config/uvdar_calibrations/camera_calibrations/calib_results_bf_uv_25003660.txt
[0.065s] -- Up-to-date symlink: /home/gaurav/mrs_workspace/install/mrs_uav_deployment/share/mrs_uav_deployment/config/uvdar_calibrations/camera_calibrations/calib_results_bf_uv_25003661.txt
[0.065s] -- Up-to-date symlink: /home/gaurav/mrs_workspace/install/mrs_uav_deployment/share/mrs_uav_deployment/config/uvdar_calibrations/camera_calibrations/calib_results_bf_uv_25003668.txt
[0.065s] -- Up-to-date symlink: /home/gaurav/mrs_workspace/install/mrs_uav_deployment/share/mrs_uav_deployment/config/uvdar_calibrations/camera_calibrations/calib_results_bf_uv_25003671.txt
[0.065s] -- Up-to-date symlink: /home/gaurav/mrs_workspace/install/mrs_uav_deployment/share/mrs_uav_deployment/config/uvdar_calibrations/camera_calibrations/calib_results_bf_uv_25003678.txt
[0.065s] -- Up-to-date symlink: /home/gaurav/mrs_workspace/install/mrs_uav_deployment/share/mrs_uav_deployment/config/uvdar_calibrations/camera_calibrations/calib_results_bf_uv_25003689.txt
[0.065s] -- Up-to-date symlink: /home/gaurav/mrs_workspace/install/mrs_uav_deployment/share/mrs_uav_deployment/config/uvdar_calibrations/camera_calibrations/calib_results_bf_uv_25003696.txt
[0.065s] -- Up-to-date symlink: /home/gaurav/mrs_workspace/install/mrs_uav_deployment/share/mrs_uav_deployment/config/uvdar_calibrations/camera_calibrations/calib_results_bf_uv_25003768.txt
[0.065s] -- Up-to-date symlink: /home/gaurav/mrs_workspace/install/mrs_uav_deployment/share/mrs_uav_deployment/config/uvdar_calibrations/camera_calibrations/calib_results_bf_uv_25003770.txt
[0.065s] -- Up-to-date symlink: /home/gaurav/mrs_workspace/install/mrs_uav_deployment/share/mrs_uav_deployment/config/uvdar_calibrations/camera_calibrations/calib_results_bf_uv_25003774.txt
[0.065s] -- Up-to-date symlink: /home/gaurav/mrs_workspace/install/mrs_uav_deployment/share/mrs_uav_deployment/config/uvdar_calibrations/camera_calibrations/calib_results_bf_uv_25003775.txt
[0.065s] -- Up-to-date symlink: /home/gaurav/mrs_workspace/install/mrs_uav_deployment/share/mrs_uav_deployment/config/uvdar_calibrations/camera_calibrations/calib_results_bf_uv_25003788.txt
[0.065s] -- Up-to-date symlink: /home/gaurav/mrs_workspace/install/mrs_uav_deployment/share/mrs_uav_deployment/config/uvdar_calibrations/camera_calibrations/calib_results_bf_uv_25003791.txt
[0.065s] -- Up-to-date symlink: /home/gaurav/mrs_workspace/install/mrs_uav_deployment/share/mrs_uav_deployment/config/uvdar_calibrations/camera_calibrations/calib_results_bf_uv_25003799.txt
[0.065s] -- Up-to-date symlink: /home/gaurav/mrs_workspace/install/mrs_uav_deployment/share/mrs_uav_deployment/config/uvdar_calibrations/camera_calibrations/calib_results_bf_uv_25003802.txt
[0.065s] -- Up-to-date symlink: /home/gaurav/mrs_workspace/install/mrs_uav_deployment/share/mrs_uav_deployment/config/uvdar_calibrations/camera_calibrations/calib_results_bf_uv_25003810.txt
[0.065s] -- Up-to-date symlink: /home/gaurav/mrs_workspace/install/mrs_uav_deployment/share/mrs_uav_deployment/config/uvdar_calibrations/camera_calibrations/calib_results_bf_uv_25003811.txt
[0.065s] -- Up-to-date symlink: /home/gaurav/mrs_workspace/install/mrs_uav_deployment/share/mrs_uav_deployment/config/uvdar_calibrations/camera_calibrations/calib_results_bf_uv_25003814.txt
[0.065s] -- Up-to-date symlink: /home/gaurav/mrs_workspace/install/mrs_uav_deployment/share/mrs_uav_deployment/config/uvdar_calibrations/camera_calibrations/calib_results_bf_uv_25003817.txt
[0.066s] -- Up-to-date symlink: /home/gaurav/mrs_workspace/install/mrs_uav_deployment/share/mrs_uav_deployment/config/uvdar_calibrations/camera_calibrations/calib_results_bf_uv_25003854.txt
[0.066s] -- Up-to-date symlink: /home/gaurav/mrs_workspace/install/mrs_uav_deployment/share/mrs_uav_deployment/config/uvdar_calibrations/camera_calibrations/calib_results_bf_uv_25003855.txt
[0.066s] -- Up-to-date symlink: /home/gaurav/mrs_workspace/install/mrs_uav_deployment/share/mrs_uav_deployment/config/uvdar_calibrations/camera_calibrations/calib_results_bf_uv_25003869.txt
[0.066s] -- Up-to-date symlink: /home/gaurav/mrs_workspace/install/mrs_uav_deployment/share/mrs_uav_deployment/config/uvdar_calibrations/camera_calibrations/calib_results_bf_uv_25003871.txt
[0.066s] -- Up-to-date symlink: /home/gaurav/mrs_workspace/install/mrs_uav_deployment/share/mrs_uav_deployment/config/uvdar_calibrations/camera_calibrations/calib_results_bf_uv_25003875.txt
[0.066s] -- Up-to-date symlink: /home/gaurav/mrs_workspace/install/mrs_uav_deployment/share/mrs_uav_deployment/config/uvdar_calibrations/camera_calibrations/calib_results_bf_uv_25003878.txt
[0.066s] -- Up-to-date symlink: /home/gaurav/mrs_workspace/install/mrs_uav_deployment/share/mrs_uav_deployment/config/uvdar_calibrations/camera_calibrations/calib_results_bf_uv_25003879.txt
[0.066s] -- Up-to-date symlink: /home/gaurav/mrs_workspace/install/mrs_uav_deployment/share/mrs_uav_deployment/config/uvdar_calibrations/camera_calibrations/calib_results_bf_uv_25003880.txt
[0.066s] -- Up-to-date symlink: /home/gaurav/mrs_workspace/install/mrs_uav_deployment/share/mrs_uav_deployment/config/uvdar_calibrations/camera_calibrations/calib_results_bf_uv_25003881.txt
[0.066s] -- Up-to-date symlink: /home/gaurav/mrs_workspace/install/mrs_uav_deployment/share/mrs_uav_deployment/config/uvdar_calibrations/camera_calibrations/calib_results_bf_uv_25003892.txt
[0.066s] -- Up-to-date symlink: /home/gaurav/mrs_workspace/install/mrs_uav_deployment/share/mrs_uav_deployment/config/uvdar_calibrations/camera_calibrations/calib_results_bf_uv_25003894.txt
[0.066s] -- Up-to-date symlink: /home/gaurav/mrs_workspace/install/mrs_uav_deployment/share/mrs_uav_deployment/config/uvdar_calibrations/camera_calibrations/calib_results_bf_uv_25003899.txt
[0.066s] -- Up-to-date symlink: /home/gaurav/mrs_workspace/install/mrs_uav_deployment/share/mrs_uav_deployment/config/uvdar_calibrations/camera_calibrations/calib_results_bf_uv_25003900.txt
[0.066s] -- Up-to-date symlink: /home/gaurav/mrs_workspace/install/mrs_uav_deployment/share/mrs_uav_deployment/config/uvdar_calibrations/camera_calibrations/calib_results_bf_uv_25003901.txt
[0.066s] -- Up-to-date symlink: /home/gaurav/mrs_workspace/install/mrs_uav_deployment/share/mrs_uav_deployment/config/uvdar_calibrations/camera_calibrations/calib_results_bf_uv_25003902.txt
[0.066s] -- Up-to-date symlink: /home/gaurav/mrs_workspace/install/mrs_uav_deployment/share/mrs_uav_deployment/config/uvdar_calibrations/camera_calibrations/calib_results_bf_uv_25003917.txt
[0.066s] -- Up-to-date symlink: /home/gaurav/mrs_workspace/install/mrs_uav_deployment/share/mrs_uav_deployment/config/uvdar_calibrations/camera_calibrations/calib_results_bf_uv_25003919.txt
[0.066s] -- Up-to-date symlink: /home/gaurav/mrs_workspace/install/mrs_uav_deployment/share/mrs_uav_deployment/config/uvdar_calibrations/camera_calibrations/calib_results_bf_uv_25003924.txt
[0.066s] -- Up-to-date symlink: /home/gaurav/mrs_workspace/install/mrs_uav_deployment/share/mrs_uav_deployment/config/uvdar_calibrations/camera_calibrations/calib_results_bf_uv_25003925.txt
[0.066s] -- Up-to-date symlink: /home/gaurav/mrs_workspace/install/mrs_uav_deployment/share/mrs_uav_deployment/config/uvdar_calibrations/camera_calibrations/calib_results_bf_uv_25003927.txt
[0.066s] -- Up-to-date symlink: /home/gaurav/mrs_workspace/install/mrs_uav_deployment/share/mrs_uav_deployment/config/uvdar_calibrations/camera_calibrations/calib_results_bf_uv_25003949.txt
[0.067s] -- Up-to-date symlink: /home/gaurav/mrs_workspace/install/mrs_uav_deployment/share/mrs_uav_deployment/config/uvdar_calibrations/camera_calibrations/calib_results_bf_uv_25003955.txt
[0.067s] -- Up-to-date symlink: /home/gaurav/mrs_workspace/install/mrs_uav_deployment/share/mrs_uav_deployment/config/uvdar_calibrations/camera_calibrations/calib_results_bf_uv_25004142.txt
[0.067s] -- Up-to-date symlink: /home/gaurav/mrs_workspace/install/mrs_uav_deployment/share/mrs_uav_deployment/config/uvdar_calibrations/camera_calibrations/calib_results_bf_uv_fe.txt
[0.067s] -- Up-to-date symlink: /home/gaurav/mrs_workspace/install/mrs_uav_deployment/share/mrs_uav_deployment/config/uvdar_calibrations/camera_calibrations/calib_results_bs_uv_40214112.txt
[0.067s] -- Up-to-date symlink: /home/gaurav/mrs_workspace/install/mrs_uav_deployment/share/mrs_uav_deployment/config/uvdar_calibrations/camera_calibrations/calib_results_bs_uv_40214115.txt
[0.067s] -- Up-to-date symlink: /home/gaurav/mrs_workspace/install/mrs_uav_deployment/share/mrs_uav_deployment/config/uvdar_calibrations/camera_calibrations/calib_results_bs_uv_40214122.txt
[0.067s] -- Up-to-date symlink: /home/gaurav/mrs_workspace/install/mrs_uav_deployment/share/mrs_uav_deployment/config/uvdar_calibrations/camera_calibrations/calib_results_bs_uv_40484986.txt
[0.067s] -- Up-to-date symlink: /home/gaurav/mrs_workspace/install/mrs_uav_deployment/share/mrs_uav_deployment/config/uvdar_calibrations/camera_calibrations/calib_results_bs_uv_40490142.txt
[0.067s] -- Up-to-date symlink: /home/gaurav/mrs_workspace/install/mrs_uav_deployment/share/mrs_uav_deployment/config/uvdar_calibrations/camera_calibrations/calib_results_bs_uv_40490149.txt
[0.067s] -- Up-to-date symlink: /home/gaurav/mrs_workspace/install/mrs_uav_deployment/share/mrs_uav_deployment/config/uvdar_calibrations/camera_calibrations/calib_results_bs_uv_40490162.txt
[0.067s] -- Up-to-date symlink: /home/gaurav/mrs_workspace/install/mrs_uav_deployment/share/mrs_uav_deployment/config/uvdar_calibrations/camera_calibrations/calib_results_bs_uv_40490165.txt
[0.067s] -- Up-to-date symlink: /home/gaurav/mrs_workspace/install/mrs_uav_deployment/share/mrs_uav_deployment/config/uvdar_calibrations/camera_calibrations/calib_results_bs_uv_40494086.txt
[0.067s] -- Up-to-date symlink: /home/gaurav/mrs_workspace/install/mrs_uav_deployment/share/mrs_uav_deployment/config/uvdar_calibrations/camera_calibrations/calib_results_bs_uv_40494087.txt
[0.068s] -- Up-to-date symlink: /home/gaurav/mrs_workspace/install/mrs_uav_deployment/share/mrs_uav_deployment/config/uvdar_calibrations/camera_calibrations/calib_results_bs_uv_40494088.txt
[0.068s] -- Up-to-date symlink: /home/gaurav/mrs_workspace/install/mrs_uav_deployment/share/mrs_uav_deployment/config/uvdar_calibrations/camera_calibrations/calib_results_bs_uv_40494091.txt
[0.068s] -- Up-to-date symlink: /home/gaurav/mrs_workspace/install/mrs_uav_deployment/share/mrs_uav_deployment/config/uvdar_calibrations/camera_calibrations/calib_results_bs_uv_40494092.txt
[0.068s] -- Up-to-date symlink: /home/gaurav/mrs_workspace/install/mrs_uav_deployment/share/mrs_uav_deployment/config/uvdar_calibrations/camera_calibrations/calib_results_bs_uv_40494093.txt
[0.068s] -- Up-to-date symlink: /home/gaurav/mrs_workspace/install/mrs_uav_deployment/share/mrs_uav_deployment/config/uvdar_calibrations/camera_calibrations/calib_results_bs_uv_40494094.txt
[0.068s] -- Up-to-date symlink: /home/gaurav/mrs_workspace/install/mrs_uav_deployment/share/mrs_uav_deployment/config/uvdar_calibrations/camera_calibrations/calib_results_bs_uv_40494095.txt
[0.068s] -- Up-to-date symlink: /home/gaurav/mrs_workspace/install/mrs_uav_deployment/share/mrs_uav_deployment/config/uvdar_calibrations/camera_calibrations/calib_results_bs_uv_40494096.txt
[0.068s] -- Up-to-date symlink: /home/gaurav/mrs_workspace/install/mrs_uav_deployment/share/mrs_uav_deployment/config/uvdar_calibrations/camera_calibrations/calib_results_bs_uv_40494097.txt
[0.068s] -- Up-to-date symlink: /home/gaurav/mrs_workspace/install/mrs_uav_deployment/share/mrs_uav_deployment/config/uvdar_calibrations/camera_calibrations/calib_results_bs_uv_40494098.txt
[0.068s] -- Up-to-date symlink: /home/gaurav/mrs_workspace/install/mrs_uav_deployment/share/mrs_uav_deployment/config/uvdar_calibrations/camera_calibrations/calib_results_bs_uv_40494099.txt
[0.068s] -- Up-to-date symlink: /home/gaurav/mrs_workspace/install/mrs_uav_deployment/share/mrs_uav_deployment/config/uvdar_calibrations/camera_calibrations/calib_results_bs_uv_40494100.txt
[0.068s] -- Up-to-date symlink: /home/gaurav/mrs_workspace/install/mrs_uav_deployment/share/mrs_uav_deployment/config/uvdar_calibrations/camera_calibrations/calib_results_rp_uv_uav1.txt
[0.068s] -- Up-to-date symlink: /home/gaurav/mrs_workspace/install/mrs_uav_deployment/share/mrs_uav_deployment/config/uvdar_calibrations/extrinsics/oscar_left.xml
[0.068s] -- Up-to-date symlink: /home/gaurav/mrs_workspace/install/mrs_uav_deployment/share/mrs_uav_deployment/config/uvdar_calibrations/extrinsics/oscar_right.xml
[0.068s] -- Up-to-date symlink: /home/gaurav/mrs_workspace/install/mrs_uav_deployment/share/mrs_uav_deployment/config/uvdar_calibrations/extrinsics/papa_left.xml
[0.068s] -- Up-to-date symlink: /home/gaurav/mrs_workspace/install/mrs_uav_deployment/share/mrs_uav_deployment/config/uvdar_calibrations/extrinsics/papa_right.xml
[0.068s] -- Up-to-date symlink: /home/gaurav/mrs_workspace/install/mrs_uav_deployment/share/mrs_uav_deployment/config/uvdar_calibrations/extrinsics/quebec_left.xml
[0.068s] -- Up-to-date symlink: /home/gaurav/mrs_workspace/install/mrs_uav_deployment/share/mrs_uav_deployment/config/uvdar_calibrations/extrinsics/quebec_right.xml
[0.068s] -- Up-to-date symlink: /home/gaurav/mrs_workspace/install/mrs_uav_deployment/share/mrs_uav_deployment/config/uvdar_calibrations/extrinsics/romeo_left.xml
[0.069s] -- Up-to-date symlink: /home/gaurav/mrs_workspace/install/mrs_uav_deployment/share/mrs_uav_deployment/config/uvdar_calibrations/extrinsics/romeo_right.xml
[0.069s] -- Up-to-date symlink: /home/gaurav/mrs_workspace/install/mrs_uav_deployment/share/mrs_uav_deployment/config/uvdar_calibrations/extrinsics/sierra_left.xml
[0.069s] -- Up-to-date symlink: /home/gaurav/mrs_workspace/install/mrs_uav_deployment/share/mrs_uav_deployment/config/uvdar_calibrations/extrinsics/sierra_right.xml
[0.069s] -- Up-to-date symlink: /home/gaurav/mrs_workspace/install/mrs_uav_deployment/share/mrs_uav_deployment/config/uvdar_calibrations/extrinsics/tango_left.xml
[0.069s] -- Up-to-date symlink: /home/gaurav/mrs_workspace/install/mrs_uav_deployment/share/mrs_uav_deployment/config/uvdar_calibrations/extrinsics/tango_right.xml
[0.069s] -- Up-to-date symlink: /home/gaurav/mrs_workspace/install/mrs_uav_deployment/share/mrs_uav_deployment/config/uvdar_calibrations/extrinsics/uniform_left.xml
[0.069s] -- Up-to-date symlink: /home/gaurav/mrs_workspace/install/mrs_uav_deployment/share/mrs_uav_deployment/config/uvdar_calibrations/extrinsics/uniform_right.xml
[0.069s] -- Up-to-date symlink: /home/gaurav/mrs_workspace/install/mrs_uav_deployment/share/mrs_uav_deployment/config/uvdar_calibrations/extrinsics/victor_left.xml
[0.069s] -- Up-to-date symlink: /home/gaurav/mrs_workspace/install/mrs_uav_deployment/share/mrs_uav_deployment/config/uvdar_calibrations/extrinsics/victor_right.xml
[0.069s] -- Up-to-date symlink: /home/gaurav/mrs_workspace/install/mrs_uav_deployment/share/mrs_uav_deployment/config/uvdar_calibrations/masks/X01_25002510.png
[0.069s] -- Up-to-date symlink: /home/gaurav/mrs_workspace/install/mrs_uav_deployment/share/mrs_uav_deployment/config/uvdar_calibrations/masks/X01_25003671.png
[0.069s] -- Up-to-date symlink: /home/gaurav/mrs_workspace/install/mrs_uav_deployment/share/mrs_uav_deployment/config/uvdar_calibrations/masks/X01_25003880.png
[0.069s] -- Up-to-date symlink: /home/gaurav/mrs_workspace/install/mrs_uav_deployment/share/mrs_uav_deployment/config/uvdar_calibrations/masks/X02_25002493.png
[0.069s] -- Up-to-date symlink: /home/gaurav/mrs_workspace/install/mrs_uav_deployment/share/mrs_uav_deployment/config/uvdar_calibrations/masks/X02_25002533.png
[0.069s] -- Up-to-date symlink: /home/gaurav/mrs_workspace/install/mrs_uav_deployment/share/mrs_uav_deployment/config/uvdar_calibrations/masks/X02_25003650.png
[0.069s] -- Up-to-date symlink: /home/gaurav/mrs_workspace/install/mrs_uav_deployment/share/mrs_uav_deployment/config/uvdar_calibrations/masks/X02_25003902.png
[0.069s] -- Up-to-date symlink: /home/gaurav/mrs_workspace/install/mrs_uav_deployment/share/mrs_uav_deployment/config/uvdar_calibrations/masks/X02_25003949.png
[0.069s] -- Up-to-date symlink: /home/gaurav/mrs_workspace/install/mrs_uav_deployment/share/mrs_uav_deployment/config/uvdar_calibrations/masks/X03_25003902.png
[0.069s] -- Up-to-date symlink: /home/gaurav/mrs_workspace/install/mrs_uav_deployment/share/mrs_uav_deployment/config/uvdar_calibrations/masks/X03_25003949.png
[0.069s] -- Up-to-date symlink: /home/gaurav/mrs_workspace/install/mrs_uav_deployment/share/mrs_uav_deployment/config/uvdar_calibrations/masks/X04_25002504.png
[0.069s] -- Up-to-date symlink: /home/gaurav/mrs_workspace/install/mrs_uav_deployment/share/mrs_uav_deployment/config/uvdar_calibrations/masks/X04_25003661.png
[0.069s] -- Up-to-date symlink: /home/gaurav/mrs_workspace/install/mrs_uav_deployment/share/mrs_uav_deployment/config/uvdar_calibrations/masks/X04_25003678.png
[0.069s] -- Up-to-date symlink: /home/gaurav/mrs_workspace/install/mrs_uav_deployment/share/mrs_uav_deployment/config/uvdar_calibrations/masks/X05_25002510.png
[0.069s] -- Up-to-date symlink: /home/gaurav/mrs_workspace/install/mrs_uav_deployment/share/mrs_uav_deployment/config/uvdar_calibrations/masks/X05_25003880.png
[0.069s] -- Up-to-date symlink: /home/gaurav/mrs_workspace/install/mrs_uav_deployment/share/mrs_uav_deployment/config/uvdar_calibrations/masks/X06_25002504.png
[0.070s] -- Up-to-date symlink: /home/gaurav/mrs_workspace/install/mrs_uav_deployment/share/mrs_uav_deployment/config/uvdar_calibrations/masks/X06_25003661.png
[0.070s] -- Up-to-date symlink: /home/gaurav/mrs_workspace/install/mrs_uav_deployment/share/mrs_uav_deployment/config/uvdar_calibrations/masks/X09_25002504.png
[0.070s] -- Up-to-date symlink: /home/gaurav/mrs_workspace/install/mrs_uav_deployment/share/mrs_uav_deployment/config/uvdar_calibrations/masks/X09_25003578.png
[0.070s] -- Up-to-date symlink: /home/gaurav/mrs_workspace/install/mrs_uav_deployment/share/mrs_uav_deployment/config/uvdar_calibrations/masks/X09_25003646.png
[0.070s] -- Up-to-date symlink: /home/gaurav/mrs_workspace/install/mrs_uav_deployment/share/mrs_uav_deployment/config/uvdar_calibrations/masks/X12_25001879.png
[0.070s] -- Up-to-date symlink: /home/gaurav/mrs_workspace/install/mrs_uav_deployment/share/mrs_uav_deployment/config/uvdar_calibrations/masks/X12_25001954.png
[0.070s] -- Up-to-date symlink: /home/gaurav/mrs_workspace/install/mrs_uav_deployment/share/mrs_uav_deployment/config/uvdar_calibrations/masks/X12_25002533.png
[0.070s] -- Up-to-date symlink: /home/gaurav/mrs_workspace/install/mrs_uav_deployment/share/mrs_uav_deployment/config/uvdar_calibrations/masks/X12_25003649.png
[0.070s] -- Up-to-date symlink: /home/gaurav/mrs_workspace/install/mrs_uav_deployment/share/mrs_uav_deployment/config/uvdar_calibrations/masks/X12_25003661.png
[0.070s] -- Up-to-date symlink: /home/gaurav/mrs_workspace/install/mrs_uav_deployment/share/mrs_uav_deployment/config/uvdar_calibrations/masks/X12_25003880.png
[0.070s] -- Up-to-date symlink: /home/gaurav/mrs_workspace/install/mrs_uav_deployment/share/mrs_uav_deployment/config/uvdar_calibrations/masks/X13_25001879.png
[0.070s] -- Up-to-date symlink: /home/gaurav/mrs_workspace/install/mrs_uav_deployment/share/mrs_uav_deployment/config/uvdar_calibrations/masks/X13_25001954.png
[0.070s] -- Up-to-date symlink: /home/gaurav/mrs_workspace/install/mrs_uav_deployment/share/mrs_uav_deployment/config/uvdar_calibrations/masks/X13_25003661.png
[0.070s] -- Up-to-date symlink: /home/gaurav/mrs_workspace/install/mrs_uav_deployment/share/mrs_uav_deployment/config/uvdar_calibrations/masks/X13_40214112.png
[0.070s] -- Up-to-date symlink: /home/gaurav/mrs_workspace/install/mrs_uav_deployment/share/mrs_uav_deployment/config/uvdar_calibrations/masks/X13_40214115.png
[0.070s] -- Up-to-date symlink: /home/gaurav/mrs_workspace/install/mrs_uav_deployment/share/mrs_uav_deployment/config/uvdar_calibrations/masks/X13_40214122.png
[0.070s] -- Up-to-date symlink: /home/gaurav/mrs_workspace/install/mrs_uav_deployment/share/mrs_uav_deployment/config/uvdar_calibrations/masks/X14_25002533.png
[0.070s] -- Up-to-date symlink: /home/gaurav/mrs_workspace/install/mrs_uav_deployment/share/mrs_uav_deployment/config/uvdar_calibrations/masks/X14_25003646.png
[0.070s] -- Up-to-date symlink: /home/gaurav/mrs_workspace/install/mrs_uav_deployment/share/mrs_uav_deployment/config/uvdar_calibrations/masks/X14_25003649.png
[0.070s] -- Up-to-date symlink: /home/gaurav/mrs_workspace/install/mrs_uav_deployment/share/mrs_uav_deployment/config/uvdar_calibrations/masks/X14_25003880.png
[0.070s] -- Up-to-date symlink: /home/gaurav/mrs_workspace/install/mrs_uav_deployment/share/mrs_uav_deployment/config/uvdar_calibrations/masks/X14_25003899.png
[0.070s] -- Up-to-date symlink: /home/gaurav/mrs_workspace/install/mrs_uav_deployment/share/mrs_uav_deployment/config/uvdar_calibrations/masks/X15_25001954.png
[0.070s] -- Up-to-date symlink: /home/gaurav/mrs_workspace/install/mrs_uav_deployment/share/mrs_uav_deployment/config/uvdar_calibrations/masks/X15_25002504.png
[0.070s] -- Up-to-date symlink: /home/gaurav/mrs_workspace/install/mrs_uav_deployment/share/mrs_uav_deployment/config/uvdar_calibrations/masks/X15_25003578.png
[0.070s] -- Up-to-date symlink: /home/gaurav/mrs_workspace/install/mrs_uav_deployment/share/mrs_uav_deployment/config/uvdar_calibrations/masks/X15_25003646.png
[0.070s] -- Up-to-date symlink: /home/gaurav/mrs_workspace/install/mrs_uav_deployment/share/mrs_uav_deployment/config/uvdar_calibrations/masks/X15_25003678.png
[0.070s] -- Up-to-date symlink: /home/gaurav/mrs_workspace/install/mrs_uav_deployment/share/mrs_uav_deployment/config/uvdar_calibrations/masks/X16_25002493.png
[0.070s] -- Up-to-date symlink: /home/gaurav/mrs_workspace/install/mrs_uav_deployment/share/mrs_uav_deployment/config/uvdar_calibrations/masks/X16_25003650.png
[0.070s] -- Up-to-date symlink: /home/gaurav/mrs_workspace/install/mrs_uav_deployment/share/mrs_uav_deployment/config/uvdar_calibrations/masks/X16_25003671.png
[0.070s] -- Up-to-date symlink: /home/gaurav/mrs_workspace/install/mrs_uav_deployment/share/mrs_uav_deployment/config/uvdar_calibrations/masks/X16_25003678.png
[0.070s] -- Up-to-date symlink: /home/gaurav/mrs_workspace/install/mrs_uav_deployment/share/mrs_uav_deployment/config/uvdar_calibrations/masks/X16_25003899.png
[0.070s] -- Up-to-date symlink: /home/gaurav/mrs_workspace/install/mrs_uav_deployment/share/mrs_uav_deployment/config/uvdar_calibrations/masks/X17_25002510.png
[0.070s] -- Up-to-date symlink: /home/gaurav/mrs_workspace/install/mrs_uav_deployment/share/mrs_uav_deployment/config/uvdar_calibrations/masks/X17_25003660.png
[0.071s] -- Up-to-date symlink: /home/gaurav/mrs_workspace/install/mrs_uav_deployment/share/mrs_uav_deployment/config/uvdar_calibrations/masks/X17_25004142.png
[0.071s] -- Up-to-date symlink: /home/gaurav/mrs_workspace/install/mrs_uav_deployment/share/mrs_uav_deployment/config/uvdar_calibrations/masks/X17_40214031.png
[0.071s] -- Up-to-date symlink: /home/gaurav/mrs_workspace/install/mrs_uav_deployment/share/mrs_uav_deployment/config/uvdar_calibrations/masks/X17_40214057.png
[0.071s] -- Up-to-date symlink: /home/gaurav/mrs_workspace/install/mrs_uav_deployment/share/mrs_uav_deployment/config/uvdar_calibrations/masks/X17_40214120.png
[0.071s] -- Up-to-date symlink: /home/gaurav/mrs_workspace/install/mrs_uav_deployment/share/mrs_uav_deployment/config/uvdar_calibrations/masks/X18_25001879.png
[0.071s] -- Up-to-date symlink: /home/gaurav/mrs_workspace/install/mrs_uav_deployment/share/mrs_uav_deployment/config/uvdar_calibrations/masks/X18_25002504.png
[0.071s] -- Up-to-date symlink: /home/gaurav/mrs_workspace/install/mrs_uav_deployment/share/mrs_uav_deployment/config/uvdar_calibrations/masks/X18_25003578.png
[0.071s] -- Up-to-date symlink: /home/gaurav/mrs_workspace/install/mrs_uav_deployment/share/mrs_uav_deployment/config/uvdar_calibrations/masks/albani_uav2_40494086.png
[0.071s] -- Up-to-date symlink: /home/gaurav/mrs_workspace/install/mrs_uav_deployment/share/mrs_uav_deployment/config/uvdar_calibrations/masks/albani_uav2_40494095.png
[0.071s] -- Up-to-date symlink: /home/gaurav/mrs_workspace/install/mrs_uav_deployment/share/mrs_uav_deployment/config/uvdar_calibrations/masks/albani_uav2_40494099.png
[0.071s] -- Up-to-date symlink: /home/gaurav/mrs_workspace/install/mrs_uav_deployment/share/mrs_uav_deployment/config/uvdar_calibrations/masks/alice_25003618.png
[0.071s] -- Up-to-date symlink: /home/gaurav/mrs_workspace/install/mrs_uav_deployment/share/mrs_uav_deployment/config/uvdar_calibrations/masks/alice_25003633.png
[0.071s] -- Up-to-date symlink: /home/gaurav/mrs_workspace/install/mrs_uav_deployment/share/mrs_uav_deployment/config/uvdar_calibrations/masks/alice_25003901.png
[0.071s] -- Up-to-date symlink: /home/gaurav/mrs_workspace/install/mrs_uav_deployment/share/mrs_uav_deployment/config/uvdar_calibrations/masks/blank_basler.png
[0.071s] -- Up-to-date symlink: /home/gaurav/mrs_workspace/install/mrs_uav_deployment/share/mrs_uav_deployment/config/uvdar_calibrations/masks/blank_bluefox.png
[0.071s] -- Up-to-date symlink: /home/gaurav/mrs_workspace/install/mrs_uav_deployment/share/mrs_uav_deployment/config/uvdar_calibrations/masks/bob_25003871.png
[0.071s] -- Up-to-date symlink: /home/gaurav/mrs_workspace/install/mrs_uav_deployment/share/mrs_uav_deployment/config/uvdar_calibrations/masks/bob_25003924.png
[0.071s] -- Up-to-date symlink: /home/gaurav/mrs_workspace/install/mrs_uav_deployment/share/mrs_uav_deployment/config/uvdar_calibrations/masks/bob_25003927.png
[0.071s] -- Up-to-date symlink: /home/gaurav/mrs_workspace/install/mrs_uav_deployment/share/mrs_uav_deployment/config/uvdar_calibrations/masks/carol_25003653.png
[0.071s] -- Up-to-date symlink: /home/gaurav/mrs_workspace/install/mrs_uav_deployment/share/mrs_uav_deployment/config/uvdar_calibrations/masks/carol_25003655.png
[0.071s] -- Up-to-date symlink: /home/gaurav/mrs_workspace/install/mrs_uav_deployment/share/mrs_uav_deployment/config/uvdar_calibrations/masks/carol_25003879.png
[0.071s] -- Up-to-date symlink: /home/gaurav/mrs_workspace/install/mrs_uav_deployment/share/mrs_uav_deployment/config/uvdar_calibrations/masks/charlotte_uav1_40494091.png
[0.071s] -- Up-to-date symlink: /home/gaurav/mrs_workspace/install/mrs_uav_deployment/share/mrs_uav_deployment/config/uvdar_calibrations/masks/charlotte_uav1_40494092.png
[0.071s] -- Up-to-date symlink: /home/gaurav/mrs_workspace/install/mrs_uav_deployment/share/mrs_uav_deployment/config/uvdar_calibrations/masks/charlotte_uav1_40494096.png
[0.071s] -- Up-to-date symlink: /home/gaurav/mrs_workspace/install/mrs_uav_deployment/share/mrs_uav_deployment/config/uvdar_calibrations/masks/charlotte_uav2_40490142.png
[0.071s] -- Up-to-date symlink: /home/gaurav/mrs_workspace/install/mrs_uav_deployment/share/mrs_uav_deployment/config/uvdar_calibrations/masks/charlotte_uav2_40494097.png
[0.071s] -- Up-to-date symlink: /home/gaurav/mrs_workspace/install/mrs_uav_deployment/share/mrs_uav_deployment/config/uvdar_calibrations/masks/charlotte_uav2_40494100.png
[0.071s] -- Up-to-date symlink: /home/gaurav/mrs_workspace/install/mrs_uav_deployment/share/mrs_uav_deployment/config/uvdar_calibrations/masks/charlotte_uav3_40490149.png
[0.072s] -- Up-to-date symlink: /home/gaurav/mrs_workspace/install/mrs_uav_deployment/share/mrs_uav_deployment/config/uvdar_calibrations/masks/charlotte_uav3_40490165.png
[0.072s] -- Up-to-date symlink: /home/gaurav/mrs_workspace/install/mrs_uav_deployment/share/mrs_uav_deployment/config/uvdar_calibrations/masks/charlotte_uav3_40494098.png
[0.072s] -- Up-to-date symlink: /home/gaurav/mrs_workspace/install/mrs_uav_deployment/share/mrs_uav_deployment/config/uvdar_calibrations/masks/default_back.png
[0.072s] -- Up-to-date symlink: /home/gaurav/mrs_workspace/install/mrs_uav_deployment/share/mrs_uav_deployment/config/uvdar_calibrations/masks/diego_25003668.png
[0.072s] -- Up-to-date symlink: /home/gaurav/mrs_workspace/install/mrs_uav_deployment/share/mrs_uav_deployment/config/uvdar_calibrations/masks/diego_25003689.png
[0.072s] -- Up-to-date symlink: /home/gaurav/mrs_workspace/install/mrs_uav_deployment/share/mrs_uav_deployment/config/uvdar_calibrations/masks/diego_25003878.png
[0.072s] -- Up-to-date symlink: /home/gaurav/mrs_workspace/install/mrs_uav_deployment/share/mrs_uav_deployment/config/uvdar_calibrations/masks/eric_25002510.png
[0.072s] -- Up-to-date symlink: /home/gaurav/mrs_workspace/install/mrs_uav_deployment/share/mrs_uav_deployment/config/uvdar_calibrations/masks/eric_25003650.png
[0.072s] -- Up-to-date symlink: /home/gaurav/mrs_workspace/install/mrs_uav_deployment/share/mrs_uav_deployment/config/uvdar_calibrations/masks/eric_25003671.png
[0.072s] -- Up-to-date symlink: /home/gaurav/mrs_workspace/install/mrs_uav_deployment/share/mrs_uav_deployment/config/uvdar_calibrations/masks/eric_25003791.png
[0.072s] -- Up-to-date symlink: /home/gaurav/mrs_workspace/install/mrs_uav_deployment/share/mrs_uav_deployment/config/uvdar_calibrations/masks/eric_25003817.png
[0.072s] -- Up-to-date symlink: /home/gaurav/mrs_workspace/install/mrs_uav_deployment/share/mrs_uav_deployment/config/uvdar_calibrations/masks/frank_25003654.png
[0.072s] -- Up-to-date symlink: /home/gaurav/mrs_workspace/install/mrs_uav_deployment/share/mrs_uav_deployment/config/uvdar_calibrations/masks/frank_25003657.png
[0.072s] -- Up-to-date symlink: /home/gaurav/mrs_workspace/install/mrs_uav_deployment/share/mrs_uav_deployment/config/uvdar_calibrations/masks/frank_25003788.png
[0.072s] -- Up-to-date symlink: /home/gaurav/mrs_workspace/install/mrs_uav_deployment/share/mrs_uav_deployment/config/uvdar_calibrations/masks/frank_25003854.png
[0.072s] -- Up-to-date symlink: /home/gaurav/mrs_workspace/install/mrs_uav_deployment/share/mrs_uav_deployment/config/uvdar_calibrations/masks/frank_25003949.png
[0.072s] -- Up-to-date symlink: /home/gaurav/mrs_workspace/install/mrs_uav_deployment/share/mrs_uav_deployment/config/uvdar_calibrations/masks/grace_25002534.png
[0.072s] -- Up-to-date symlink: /home/gaurav/mrs_workspace/install/mrs_uav_deployment/share/mrs_uav_deployment/config/uvdar_calibrations/masks/grace_25003696.png
[0.072s] -- Up-to-date symlink: /home/gaurav/mrs_workspace/install/mrs_uav_deployment/share/mrs_uav_deployment/config/uvdar_calibrations/masks/grace_25003774.png
[0.072s] -- Up-to-date symlink: /home/gaurav/mrs_workspace/install/mrs_uav_deployment/share/mrs_uav_deployment/config/uvdar_calibrations/masks/grace_25003810.png
[0.072s] -- Up-to-date symlink: /home/gaurav/mrs_workspace/install/mrs_uav_deployment/share/mrs_uav_deployment/config/uvdar_calibrations/masks/grace_25003881.png
[0.072s] -- Up-to-date symlink: /home/gaurav/mrs_workspace/install/mrs_uav_deployment/share/mrs_uav_deployment/config/uvdar_calibrations/masks/heidi_25002991.png
[0.072s] -- Up-to-date symlink: /home/gaurav/mrs_workspace/install/mrs_uav_deployment/share/mrs_uav_deployment/config/uvdar_calibrations/masks/heidi_25003775.png
[0.072s] -- Up-to-date symlink: /home/gaurav/mrs_workspace/install/mrs_uav_deployment/share/mrs_uav_deployment/config/uvdar_calibrations/masks/heidi_25003880.png
[0.073s] -- Up-to-date symlink: /home/gaurav/mrs_workspace/install/mrs_uav_deployment/share/mrs_uav_deployment/config/uvdar_calibrations/masks/heidi_25003894.png
[0.073s] -- Up-to-date symlink: /home/gaurav/mrs_workspace/install/mrs_uav_deployment/share/mrs_uav_deployment/config/uvdar_calibrations/masks/heidi_25003917.png
[0.073s] -- Up-to-date symlink: /home/gaurav/mrs_workspace/install/mrs_uav_deployment/share/mrs_uav_deployment/config/uvdar_calibrations/masks/ivan_25003814.png
[0.073s] -- Up-to-date symlink: /home/gaurav/mrs_workspace/install/mrs_uav_deployment/share/mrs_uav_deployment/config/uvdar_calibrations/masks/ivan_25003855.png
[0.073s] -- Up-to-date symlink: /home/gaurav/mrs_workspace/install/mrs_uav_deployment/share/mrs_uav_deployment/config/uvdar_calibrations/masks/ivan_25003875.png
[0.073s] -- Up-to-date symlink: /home/gaurav/mrs_workspace/install/mrs_uav_deployment/share/mrs_uav_deployment/config/uvdar_calibrations/masks/ivan_25003892.png
[0.073s] -- Up-to-date symlink: /home/gaurav/mrs_workspace/install/mrs_uav_deployment/share/mrs_uav_deployment/config/uvdar_calibrations/masks/ivan_25003902.png
[0.073s] -- Up-to-date symlink: /home/gaurav/mrs_workspace/install/mrs_uav_deployment/share/mrs_uav_deployment/config/uvdar_calibrations/masks/judy_25003768.png
[0.073s] -- Up-to-date symlink: /home/gaurav/mrs_workspace/install/mrs_uav_deployment/share/mrs_uav_deployment/config/uvdar_calibrations/masks/judy_25003799.png
[0.073s] -- Up-to-date symlink: /home/gaurav/mrs_workspace/install/mrs_uav_deployment/share/mrs_uav_deployment/config/uvdar_calibrations/masks/judy_25003899.png
[0.073s] -- Up-to-date symlink: /home/gaurav/mrs_workspace/install/mrs_uav_deployment/share/mrs_uav_deployment/config/uvdar_calibrations/masks/judy_25003925.png
[0.073s] -- Up-to-date symlink: /home/gaurav/mrs_workspace/install/mrs_uav_deployment/share/mrs_uav_deployment/config/uvdar_calibrations/masks/judy_25003955.png
[0.073s] -- Up-to-date symlink: /home/gaurav/mrs_workspace/install/mrs_uav_deployment/share/mrs_uav_deployment/config/uvdar_calibrations/masks/kyle_25002504.png
[0.073s] -- Up-to-date symlink: /home/gaurav/mrs_workspace/install/mrs_uav_deployment/share/mrs_uav_deployment/config/uvdar_calibrations/masks/kyle_25003605.png
[0.073s] -- Up-to-date symlink: /home/gaurav/mrs_workspace/install/mrs_uav_deployment/share/mrs_uav_deployment/config/uvdar_calibrations/masks/kyle_25003661.png
[0.073s] -- Up-to-date symlink: /home/gaurav/mrs_workspace/install/mrs_uav_deployment/share/mrs_uav_deployment/config/uvdar_calibrations/masks/kyle_25003678.png
[0.073s] -- Up-to-date symlink: /home/gaurav/mrs_workspace/install/mrs_uav_deployment/share/mrs_uav_deployment/config/uvdar_calibrations/masks/kyle_25003770.png
[0.073s] -- Up-to-date symlink: /home/gaurav/mrs_workspace/install/mrs_uav_deployment/share/mrs_uav_deployment/config/uvdar_calibrations/masks/lemmy_25003650.png
[0.073s] -- Up-to-date symlink: /home/gaurav/mrs_workspace/install/mrs_uav_deployment/share/mrs_uav_deployment/config/uvdar_calibrations/masks/lemmy_25003802.png
[0.073s] -- Up-to-date symlink: /home/gaurav/mrs_workspace/install/mrs_uav_deployment/share/mrs_uav_deployment/config/uvdar_calibrations/masks/lemmy_25003811.png
[0.073s] -- Up-to-date symlink: /home/gaurav/mrs_workspace/install/mrs_uav_deployment/share/mrs_uav_deployment/config/uvdar_calibrations/masks/lemmy_25003902.png
[0.073s] -- Up-to-date symlink: /home/gaurav/mrs_workspace/install/mrs_uav_deployment/share/mrs_uav_deployment/config/uvdar_calibrations/masks/lemmy_25003949.png
[0.073s] -- Up-to-date symlink: /home/gaurav/mrs_workspace/install/mrs_uav_deployment/share/mrs_uav_deployment/config/uvdar_calibrations/masks/max_25002534.png
[0.073s] -- Up-to-date symlink: /home/gaurav/mrs_workspace/install/mrs_uav_deployment/share/mrs_uav_deployment/config/uvdar_calibrations/masks/max_25003696.png
[0.073s] -- Up-to-date symlink: /home/gaurav/mrs_workspace/install/mrs_uav_deployment/share/mrs_uav_deployment/config/uvdar_calibrations/masks/nick_25002510.png
[0.073s] -- Up-to-date symlink: /home/gaurav/mrs_workspace/install/mrs_uav_deployment/share/mrs_uav_deployment/config/uvdar_calibrations/masks/nick_25003599.png
[0.073s] -- Up-to-date symlink: /home/gaurav/mrs_workspace/install/mrs_uav_deployment/share/mrs_uav_deployment/config/uvdar_calibrations/masks/nick_25003649.png
[0.073s] -- Up-to-date symlink: /home/gaurav/mrs_workspace/install/mrs_uav_deployment/share/mrs_uav_deployment/config/uvdar_calibrations/masks/nick_25003671.png
[0.073s] -- Up-to-date symlink: /home/gaurav/mrs_workspace/install/mrs_uav_deployment/share/mrs_uav_deployment/config/uvdar_calibrations/masks/nick_25003678.png
[0.073s] -- Up-to-date symlink: /home/gaurav/mrs_workspace/install/mrs_uav_deployment/share/mrs_uav_deployment/config/uvdar_calibrations/masks/nick_25003880.png
[0.073s] -- Up-to-date symlink: /home/gaurav/mrs_workspace/install/mrs_uav_deployment/share/mrs_uav_deployment/config/uvdar_calibrations/masks/nick_25003919.png
[0.073s] -- Up-to-date symlink: /home/gaurav/mrs_workspace/install/mrs_uav_deployment/share/mrs_uav_deployment/config/uvdar_calibrations/masks/olivia_25003576.png
[0.073s] -- Up-to-date symlink: /home/gaurav/mrs_workspace/install/mrs_uav_deployment/share/mrs_uav_deployment/config/uvdar_calibrations/masks/olivia_25003592.png
[0.073s] -- Up-to-date symlink: /home/gaurav/mrs_workspace/install/mrs_uav_deployment/share/mrs_uav_deployment/config/uvdar_calibrations/masks/oscar_25003618.png
[0.073s] -- Up-to-date symlink: /home/gaurav/mrs_workspace/install/mrs_uav_deployment/share/mrs_uav_deployment/config/uvdar_calibrations/masks/oscar_25003633.png
[0.074s] -- Up-to-date symlink: /home/gaurav/mrs_workspace/install/mrs_uav_deployment/share/mrs_uav_deployment/config/uvdar_calibrations/masks/papa_25003649.png
[0.074s] -- Up-to-date symlink: /home/gaurav/mrs_workspace/install/mrs_uav_deployment/share/mrs_uav_deployment/config/uvdar_calibrations/masks/papa_25003678.png
[0.074s] -- Up-to-date symlink: /home/gaurav/mrs_workspace/install/mrs_uav_deployment/share/mrs_uav_deployment/config/uvdar_calibrations/masks/pat_25003678.png
[0.074s] -- Up-to-date symlink: /home/gaurav/mrs_workspace/install/mrs_uav_deployment/share/mrs_uav_deployment/config/uvdar_calibrations/masks/pat_25003875.png
[0.074s] -- Up-to-date symlink: /home/gaurav/mrs_workspace/install/mrs_uav_deployment/share/mrs_uav_deployment/config/uvdar_calibrations/masks/quebec_25003660.png
[0.074s] -- Up-to-date symlink: /home/gaurav/mrs_workspace/install/mrs_uav_deployment/share/mrs_uav_deployment/config/uvdar_calibrations/masks/quebec_25003661.png
[0.074s] -- Up-to-date symlink: /home/gaurav/mrs_workspace/install/mrs_uav_deployment/share/mrs_uav_deployment/config/uvdar_calibrations/masks/quentin_25003925.png
[0.074s] -- Up-to-date symlink: /home/gaurav/mrs_workspace/install/mrs_uav_deployment/share/mrs_uav_deployment/config/uvdar_calibrations/masks/quentin_25003955.png
[0.074s] -- Up-to-date symlink: /home/gaurav/mrs_workspace/install/mrs_uav_deployment/share/mrs_uav_deployment/config/uvdar_calibrations/masks/robert_25003661.png
[0.074s] -- Up-to-date symlink: /home/gaurav/mrs_workspace/install/mrs_uav_deployment/share/mrs_uav_deployment/config/uvdar_calibrations/masks/robert_25003869.png
[0.074s] -- Up-to-date symlink: /home/gaurav/mrs_workspace/install/mrs_uav_deployment/share/mrs_uav_deployment/config/uvdar_calibrations/masks/robert_25003917.png
[0.074s] -- Up-to-date symlink: /home/gaurav/mrs_workspace/install/mrs_uav_deployment/share/mrs_uav_deployment/config/uvdar_calibrations/masks/romeo_25003654.png
[0.074s] -- Up-to-date symlink: /home/gaurav/mrs_workspace/install/mrs_uav_deployment/share/mrs_uav_deployment/config/uvdar_calibrations/masks/romeo_25003657.png
[0.074s] -- Up-to-date symlink: /home/gaurav/mrs_workspace/install/mrs_uav_deployment/share/mrs_uav_deployment/config/uvdar_calibrations/masks/sierra_25003668.png
[0.074s] -- Up-to-date symlink: /home/gaurav/mrs_workspace/install/mrs_uav_deployment/share/mrs_uav_deployment/config/uvdar_calibrations/masks/sierra_25003696.png
[0.074s] -- Up-to-date symlink: /home/gaurav/mrs_workspace/install/mrs_uav_deployment/share/mrs_uav_deployment/config/uvdar_calibrations/masks/sophie_25003654.png
[0.074s] -- Up-to-date symlink: /home/gaurav/mrs_workspace/install/mrs_uav_deployment/share/mrs_uav_deployment/config/uvdar_calibrations/masks/sophie_25003657.png
[0.074s] -- Up-to-date symlink: /home/gaurav/mrs_workspace/install/mrs_uav_deployment/share/mrs_uav_deployment/config/uvdar_calibrations/masks/tango_25003671.png
[0.074s] -- Up-to-date symlink: /home/gaurav/mrs_workspace/install/mrs_uav_deployment/share/mrs_uav_deployment/config/uvdar_calibrations/masks/tango_25003689.png
[0.074s] -- Up-to-date symlink: /home/gaurav/mrs_workspace/install/mrs_uav_deployment/share/mrs_uav_deployment/config/uvdar_calibrations/masks/technion_uav1_40484986.png
[0.074s] -- Up-to-date symlink: /home/gaurav/mrs_workspace/install/mrs_uav_deployment/share/mrs_uav_deployment/config/uvdar_calibrations/masks/technion_uav1_40490162.png
[0.074s] -- Up-to-date symlink: /home/gaurav/mrs_workspace/install/mrs_uav_deployment/share/mrs_uav_deployment/config/uvdar_calibrations/masks/technion_uav1_40494093.png
[0.074s] -- Up-to-date symlink: /home/gaurav/mrs_workspace/install/mrs_uav_deployment/share/mrs_uav_deployment/config/uvdar_calibrations/masks/technion_uav2_40494087.png
[0.074s] -- Up-to-date symlink: /home/gaurav/mrs_workspace/install/mrs_uav_deployment/share/mrs_uav_deployment/config/uvdar_calibrations/masks/technion_uav2_40494088.png
[0.074s] -- Up-to-date symlink: /home/gaurav/mrs_workspace/install/mrs_uav_deployment/share/mrs_uav_deployment/config/uvdar_calibrations/masks/technion_uav2_40494094.png
[0.074s] -- Up-to-date symlink: /home/gaurav/mrs_workspace/install/mrs_uav_deployment/share/mrs_uav_deployment/config/uvdar_calibrations/masks/uniform_25003653.png
[0.074s] -- Up-to-date symlink: /home/gaurav/mrs_workspace/install/mrs_uav_deployment/share/mrs_uav_deployment/config/uvdar_calibrations/masks/uniform_25003655.png
[0.074s] -- Up-to-date symlink: /home/gaurav/mrs_workspace/install/mrs_uav_deployment/share/mrs_uav_deployment/config/uvdar_calibrations/masks/victor_25002510.png
[0.074s] -- Up-to-date symlink: /home/gaurav/mrs_workspace/install/mrs_uav_deployment/share/mrs_uav_deployment/config/uvdar_calibrations/masks/victor_25003650.png
[0.074s] -- Up-to-date symlink: /home/gaurav/mrs_workspace/install/mrs_uav_deployment/share/mrs_uav_deployment/config/worlds/world_cisar.yaml
[0.074s] -- Up-to-date symlink: /home/gaurav/mrs_workspace/install/mrs_uav_deployment/share/mrs_uav_deployment/config/worlds/world_kn_yard.yaml
[0.074s] -- Up-to-date symlink: /home/gaurav/mrs_workspace/install/mrs_uav_deployment/share/mrs_uav_deployment/config/worlds/world_local.yaml
[0.074s] -- Up-to-date symlink: /home/gaurav/mrs_workspace/install/mrs_uav_deployment/share/mrs_uav_deployment/config/worlds/world_temesvar_field.yaml
[0.075s] -- Up-to-date symlink: /home/gaurav/mrs_workspace/install/mrs_uav_deployment/share/mrs_uav_deployment/config/worlds/world_temesvar_river.yaml
[0.075s] -- Up-to-date symlink: /home/gaurav/mrs_workspace/install/mrs_uav_deployment/share/mrs_uav_deployment/config/zenoh/uav_router.json5
[0.075s] -- Up-to-date symlink: /home/gaurav/mrs_workspace/install/mrs_uav_deployment/share/mrs_uav_deployment/ssh/afzal
[0.075s] -- Up-to-date symlink: /home/gaurav/mrs_workspace/install/mrs_uav_deployment/share/mrs_uav_deployment/ssh/afzal.pub
[0.075s] -- Up-to-date symlink: /home/gaurav/mrs_workspace/install/mrs_uav_deployment/share/mrs_uav_deployment/ssh/config_example
[0.075s] -- Up-to-date symlink: /home/gaurav/mrs_workspace/install/mrs_uav_deployment/share/mrs_uav_deployment/ssh/dan
[0.075s] -- Up-to-date symlink: /home/gaurav/mrs_workspace/install/mrs_uav_deployment/share/mrs_uav_deployment/ssh/dan.pub
[0.075s] -- Up-to-date symlink: /home/gaurav/mrs_workspace/install/mrs_uav_deployment/share/mrs_uav_deployment/ssh/daniel
[0.075s] -- Up-to-date symlink: /home/gaurav/mrs_workspace/install/mrs_uav_deployment/share/mrs_uav_deployment/ssh/daniel.pub
[0.075s] -- Up-to-date symlink: /home/gaurav/mrs_workspace/install/mrs_uav_deployment/share/mrs_uav_deployment/ssh/danv
[0.075s] -- Up-to-date symlink: /home/gaurav/mrs_workspace/install/mrs_uav_deployment/share/mrs_uav_deployment/ssh/danv.pub
[0.075s] -- Up-to-date symlink: /home/gaurav/mrs_workspace/install/mrs_uav_deployment/share/mrs_uav_deployment/ssh/david
[0.075s] -- Up-to-date symlink: /home/gaurav/mrs_workspace/install/mrs_uav_deployment/share/mrs_uav_deployment/ssh/david.pub
[0.075s] -- Up-to-date symlink: /home/gaurav/mrs_workspace/install/mrs_uav_deployment/share/mrs_uav_deployment/ssh/filip
[0.075s] -- Up-to-date symlink: /home/gaurav/mrs_workspace/install/mrs_uav_deployment/share/mrs_uav_deployment/ssh/filip.pub
[0.075s] -- Up-to-date symlink: /home/gaurav/mrs_workspace/install/mrs_uav_deployment/share/mrs_uav_deployment/ssh/filipopo
[0.075s] -- Up-to-date symlink: /home/gaurav/mrs_workspace/install/mrs_uav_deployment/share/mrs_uav_deployment/ssh/filipopo.pub
[0.075s] -- Up-to-date symlink: /home/gaurav/mrs_workspace/install/mrs_uav_deployment/share/mrs_uav_deployment/ssh/franta
[0.075s] -- Up-to-date symlink: /home/gaurav/mrs_workspace/install/mrs_uav_deployment/share/mrs_uav_deployment/ssh/franta.pub
[0.075s] -- Up-to-date symlink: /home/gaurav/mrs_workspace/install/mrs_uav_deployment/share/mrs_uav_deployment/ssh/generate_ssh_config.sh
[0.075s] -- Up-to-date symlink: /home/gaurav/mrs_workspace/install/mrs_uav_deployment/share/mrs_uav_deployment/ssh/git_usernames.csv
[0.075s] -- Up-to-date symlink: /home/gaurav/mrs_workspace/install/mrs_uav_deployment/share/mrs_uav_deployment/ssh/giuseppe
[0.075s] -- Up-to-date symlink: /home/gaurav/mrs_workspace/install/mrs_uav_deployment/share/mrs_uav_deployment/ssh/giuseppe.pub
[0.075s] -- Up-to-date symlink: /home/gaurav/mrs_workspace/install/mrs_uav_deployment/share/mrs_uav_deployment/ssh/honza
[0.075s] -- Up-to-date symlink: /home/gaurav/mrs_workspace/install/mrs_uav_deployment/share/mrs_uav_deployment/ssh/honza.pub
[0.075s] -- Up-to-date symlink: /home/gaurav/mrs_workspace/install/mrs_uav_deployment/share/mrs_uav_deployment/ssh/jiri
[0.075s] -- Up-to-date symlink: /home/gaurav/mrs_workspace/install/mrs_uav_deployment/share/mrs_uav_deployment/ssh/jiri.pub
[0.075s] -- Up-to-date symlink: /home/gaurav/mrs_workspace/install/mrs_uav_deployment/share/mrs_uav_deployment/ssh/manuel
[0.076s] -- Up-to-date symlink: /home/gaurav/mrs_workspace/install/mrs_uav_deployment/share/mrs_uav_deployment/ssh/manuel.pub
[0.076s] -- Up-to-date symlink: /home/gaurav/mrs_workspace/install/mrs_uav_deployment/share/mrs_uav_deployment/ssh/marlonriv
[0.076s] -- Up-to-date symlink: /home/gaurav/mrs_workspace/install/mrs_uav_deployment/share/mrs_uav_deployment/ssh/marlonriv.pub
[0.076s] -- Up-to-date symlink: /home/gaurav/mrs_workspace/install/mrs_uav_deployment/share/mrs_uav_deployment/ssh/martinjir
[0.076s] -- Up-to-date symlink: /home/gaurav/mrs_workspace/install/mrs_uav_deployment/share/mrs_uav_deployment/ssh/martinjir.pub
[0.076s] -- Up-to-date symlink: /home/gaurav/mrs_workspace/install/mrs_uav_deployment/share/mrs_uav_deployment/ssh/matej
[0.076s] -- Up-to-date symlink: /home/gaurav/mrs_workspace/install/mrs_uav_deployment/share/mrs_uav_deployment/ssh/matej.pub
[0.076s] -- Up-to-date symlink: /home/gaurav/mrs_workspace/install/mrs_uav_deployment/share/mrs_uav_deployment/ssh/matous
[0.076s] -- Up-to-date symlink: /home/gaurav/mrs_workspace/install/mrs_uav_deployment/share/mrs_uav_deployment/ssh/matous.pub
[0.076s] -- Up-to-date symlink: /home/gaurav/mrs_workspace/install/mrs_uav_deployment/share/mrs_uav_deployment/ssh/michal
[0.076s] -- Up-to-date symlink: /home/gaurav/mrs_workspace/install/mrs_uav_deployment/share/mrs_uav_deployment/ssh/michal.pub
[0.076s] -- Up-to-date symlink: /home/gaurav/mrs_workspace/install/mrs_uav_deployment/share/mrs_uav_deployment/ssh/musilto
[0.076s] -- Up-to-date symlink: /home/gaurav/mrs_workspace/install/mrs_uav_deployment/share/mrs_uav_deployment/ssh/musilto.pub
[0.076s] -- Up-to-date symlink: /home/gaurav/mrs_workspace/install/mrs_uav_deployment/share/mrs_uav_deployment/ssh/novosma
[0.076s] -- Up-to-date symlink: /home/gaurav/mrs_workspace/install/mrs_uav_deployment/share/mrs_uav_deployment/ssh/novosma.pub
[0.076s] -- Up-to-date symlink: /home/gaurav/mrs_workspace/install/mrs_uav_deployment/share/mrs_uav_deployment/ssh/ondra
[0.076s] -- Up-to-date symlink: /home/gaurav/mrs_workspace/install/mrs_uav_deployment/share/mrs_uav_deployment/ssh/ondra.pub
[0.076s] -- Up-to-date symlink: /home/gaurav/mrs_workspace/install/mrs_uav_deployment/share/mrs_uav_deployment/ssh/parakh
[0.076s] -- Up-to-date symlink: /home/gaurav/mrs_workspace/install/mrs_uav_deployment/share/mrs_uav_deployment/ssh/parakh.pub
[0.076s] -- Up-to-date symlink: /home/gaurav/mrs_workspace/install/mrs_uav_deployment/share/mrs_uav_deployment/ssh/pavel
[0.076s] -- Up-to-date symlink: /home/gaurav/mrs_workspace/install/mrs_uav_deployment/share/mrs_uav_deployment/ssh/pavel.pub
[0.076s] -- Up-to-date symlink: /home/gaurav/mrs_workspace/install/mrs_uav_deployment/share/mrs_uav_deployment/ssh/petr
[0.076s] -- Up-to-date symlink: /home/gaurav/mrs_workspace/install/mrs_uav_deployment/share/mrs_uav_deployment/ssh/petr.pub
[0.076s] -- Up-to-date symlink: /home/gaurav/mrs_workspace/install/mrs_uav_deployment/share/mrs_uav_deployment/ssh/pochopav
[0.076s] -- Up-to-date symlink: /home/gaurav/mrs_workspace/install/mrs_uav_deployment/share/mrs_uav_deployment/ssh/pochopav.pub
[0.076s] -- Up-to-date symlink: /home/gaurav/mrs_workspace/install/mrs_uav_deployment/share/mrs_uav_deployment/ssh/robert
[0.076s] -- Up-to-date symlink: /home/gaurav/mrs_workspace/install/mrs_uav_deployment/share/mrs_uav_deployment/ssh/robert.pub
[0.076s] -- Up-to-date symlink: /home/gaurav/mrs_workspace/install/mrs_uav_deployment/share/mrs_uav_deployment/ssh/stibipet
[0.076s] -- Up-to-date symlink: /home/gaurav/mrs_workspace/install/mrs_uav_deployment/share/mrs_uav_deployment/ssh/stibipet.pub
[0.076s] -- Up-to-date symlink: /home/gaurav/mrs_workspace/install/mrs_uav_deployment/share/mrs_uav_deployment/ssh/swati
[0.076s] -- Up-to-date symlink: /home/gaurav/mrs_workspace/install/mrs_uav_deployment/share/mrs_uav_deployment/ssh/swati.pub
[0.076s] -- Up-to-date symlink: /home/gaurav/mrs_workspace/install/mrs_uav_deployment/share/mrs_uav_deployment/ssh/tim
[0.077s] -- Up-to-date symlink: /home/gaurav/mrs_workspace/install/mrs_uav_deployment/share/mrs_uav_deployment/ssh/tim.pub
[0.077s] -- Up-to-date symlink: /home/gaurav/mrs_workspace/install/mrs_uav_deployment/share/mrs_uav_deployment/ssh/tomas
[0.077s] -- Up-to-date symlink: /home/gaurav/mrs_workspace/install/mrs_uav_deployment/share/mrs_uav_deployment/ssh/tomas.pub
[0.077s] -- Up-to-date symlink: /home/gaurav/mrs_workspace/install/mrs_uav_deployment/share/mrs_uav_deployment/ssh/valseb
[0.077s] -- Up-to-date symlink: /home/gaurav/mrs_workspace/install/mrs_uav_deployment/share/mrs_uav_deployment/ssh/valseb.pub
[0.077s] -- Up-to-date symlink: /home/gaurav/mrs_workspace/install/mrs_uav_deployment/share/mrs_uav_deployment/ssh/vasek
[0.077s] -- Up-to-date symlink: /home/gaurav/mrs_workspace/install/mrs_uav_deployment/share/mrs_uav_deployment/ssh/vasek.pub
[0.077s] -- Up-to-date symlink: /home/gaurav/mrs_workspace/install/mrs_uav_deployment/share/mrs_uav_deployment/ssh/viktor
[0.077s] -- Up-to-date symlink: /home/gaurav/mrs_workspace/install/mrs_uav_deployment/share/mrs_uav_deployment/ssh/viktor.pub
[0.077s] -- Up-to-date symlink: /home/gaurav/mrs_workspace/install/mrs_uav_deployment/share/mrs_uav_deployment/ssh/vit
[0.077s] -- Up-to-date symlink: /home/gaurav/mrs_workspace/install/mrs_uav_deployment/share/mrs_uav_deployment/ssh/vit.pub
[0.077s] -- Up-to-date symlink: /home/gaurav/mrs_workspace/install/mrs_uav_deployment/share/mrs_uav_deployment/ssh/vojta
[0.077s] -- Up-to-date symlink: /home/gaurav/mrs_workspace/install/mrs_uav_deployment/share/mrs_uav_deployment/ssh/vojta.pub
[0.077s] -- Up-to-date symlink: /home/gaurav/mrs_workspace/install/mrs_uav_deployment/share/ament_index/resource_index/package_run_dependencies/mrs_uav_deployment
[0.077s] -- Up-to-date symlink: /home/gaurav/mrs_workspace/install/mrs_uav_deployment/share/ament_index/resource_index/parent_prefix_path/mrs_uav_deployment
[0.077s] -- Up-to-date symlink: /home/gaurav/mrs_workspace/install/mrs_uav_deployment/share/mrs_uav_deployment/environment/ament_prefix_path.sh
[0.077s] -- Up-to-date symlink: /home/gaurav/mrs_workspace/install/mrs_uav_deployment/share/mrs_uav_deployment/environment/ament_prefix_path.dsv
[0.077s] -- Up-to-date symlink: /home/gaurav/mrs_workspace/install/mrs_uav_deployment/share/mrs_uav_deployment/environment/path.sh
[0.077s] -- Up-to-date symlink: /home/gaurav/mrs_workspace/install/mrs_uav_deployment/share/mrs_uav_deployment/environment/path.dsv
[0.077s] -- Up-to-date symlink: /home/gaurav/mrs_workspace/install/mrs_uav_deployment/share/mrs_uav_deployment/local_setup.bash
[0.077s] -- Up-to-date symlink: /home/gaurav/mrs_workspace/install/mrs_uav_deployment/share/mrs_uav_deployment/local_setup.sh
[0.077s] -- Up-to-date symlink: /home/gaurav/mrs_workspace/install/mrs_uav_deployment/share/mrs_uav_deployment/local_setup.zsh
[0.077s] -- Up-to-date symlink: /home/gaurav/mrs_workspace/install/mrs_uav_deployment/share/mrs_uav_deployment/local_setup.dsv
[0.077s] -- Symlinking: /home/gaurav/mrs_workspace/install/mrs_uav_deployment/share/mrs_uav_deployment/package.dsv
[0.078s] -- Up-to-date symlink: /home/gaurav/mrs_workspace/install/mrs_uav_deployment/share/ament_index/resource_index/packages/mrs_uav_deployment
[0.078s] -- Up-to-date symlink: /home/gaurav/mrs_workspace/install/mrs_uav_deployment/share/mrs_uav_deployment/cmake/mrs_uav_deploymentConfig.cmake
[0.078s] -- Up-to-date symlink: /home/gaurav/mrs_workspace/install/mrs_uav_deployment/share/mrs_uav_deployment/cmake/mrs_uav_deploymentConfig-version.cmake
[0.078s] -- Up-to-date symlink: /home/gaurav/mrs_workspace/install/mrs_uav_deployment/share/mrs_uav_deployment/package.xml
[0.078s] -- Up-to-date: /home/gaurav/mrs_workspace/install/mrs_uav_deployment/share/mrs_uav_deployment/tmux
[0.078s] -- Up-to-date: /home/gaurav/mrs_workspace/install/mrs_uav_deployment/share/mrs_uav_deployment/tmux/just_flying
[0.078s] -- Up-to-date: /home/gaurav/mrs_workspace/install/mrs_uav_deployment/share/mrs_uav_deployment/tmux/just_flying/config
[0.078s] -- Up-to-date: /home/gaurav/mrs_workspace/install/mrs_uav_deployment/share/mrs_uav_deployment/tmux/just_flying/config/network_config.yaml
[0.078s] -- Up-to-date: /home/gaurav/mrs_workspace/install/mrs_uav_deployment/share/mrs_uav_deployment/tmux/just_flying/config/custom_config.yaml
[0.078s] -- Up-to-date: /home/gaurav/mrs_workspace/install/mrs_uav_deployment/share/mrs_uav_deployment/tmux/just_flying/record.sh
[0.078s] -- Up-to-date: /home/gaurav/mrs_workspace/install/mrs_uav_deployment/share/mrs_uav_deployment/tmux/just_flying/tmux.sh
[0.078s] -- Up-to-date: /home/gaurav/mrs_workspace/install/mrs_uav_deployment/share/mrs_uav_deployment/scripts
[0.078s] -- Up-to-date: /home/gaurav/mrs_workspace/install/mrs_uav_deployment/share/mrs_uav_deployment/scripts/check_uav.sh
[0.078s] -- Up-to-date: /home/gaurav/mrs_workspace/install/mrs_uav_deployment/share/mrs_uav_deployment/scripts/rviz.sh
[0.078s] -- Up-to-date: /home/gaurav/mrs_workspace/install/mrs_uav_deployment/share/mrs_uav_deployment/scripts/uav_check
[0.078s] -- Up-to-date: /home/gaurav/mrs_workspace/install/mrs_uav_deployment/share/mrs_uav_deployment/scripts/uav_check/check_uav.sh
[0.079s] -- Up-to-date: /home/gaurav/mrs_workspace/install/mrs_uav_deployment/share/mrs_uav_deployment/scripts/uav_check/helper_tmux.sh
[0.079s] -- Up-to-date: /home/gaurav/mrs_workspace/install/mrs_uav_deployment/share/mrs_uav_deployment/scripts/uav_check/helper_checker.py
[0.079s] -- Up-to-date: /home/gaurav/mrs_workspace/install/mrs_uav_deployment/share/mrs_uav_deployment/scripts/uav_check/px4_params.json.bak
[0.079s] -- Up-to-date: /home/gaurav/mrs_workspace/install/mrs_uav_deployment/share/mrs_uav_deployment/scripts/uav_check/px4_params.json
[0.079s] -- Up-to-date: /home/gaurav/mrs_workspace/install/mrs_uav_deployment/share/mrs_uav_deployment/scripts/rosbag_checker.py
[0.079s] -- Up-to-date: /home/gaurav/mrs_workspace/install/mrs_uav_deployment/share/mrs_uav_deployment/scripts/check_ros_package.sh
[0.079s] -- Up-to-date: /home/gaurav/mrs_workspace/install/mrs_uav_deployment/share/mrs_uav_deployment/scripts/trajectory_checker.py
[0.079s] -- Up-to-date: /home/gaurav/mrs_workspace/install/mrs_uav_deployment/share/mrs_uav_deployment/scripts/node_crash_checker.py
[0.079s] -- Up-to-date: /home/gaurav/mrs_workspace/install/mrs_uav_deployment/share/mrs_uav_deployment/scripts/rosbag_rviz.sh
[0.079s] -- Up-to-date: /home/gaurav/mrs_workspace/install/mrs_uav_deployment/share/mrs_uav_deployment/scripts/refactor_rviz_config_generic.sh
[0.079s] -- Up-to-date: /home/gaurav/mrs_workspace/install/mrs_uav_deployment/share/mrs_uav_deployment/scripts/refactor_rviz_config.sh
[0.079s] -- Up-to-date: /home/gaurav/mrs_workspace/install/mrs_uav_deployment/share/mrs_uav_deployment/scripts/set_broadcast_rc_variable.sh
[0.079s] -- Up-to-date: /home/gaurav/mrs_workspace/install/mrs_uav_deployment/share/mrs_uav_deployment/scripts/rosbag_topic_size.py
[0.079s] -- Up-to-date: /home/gaurav/mrs_workspace/install/mrs_uav_deployment/share/mrs_uav_deployment/scripts/computer_config
[0.079s] -- Up-to-date: /home/gaurav/mrs_workspace/install/mrs_uav_deployment/share/mrs_uav_deployment/scripts/computer_config/disable_network_manager.sh
[0.079s] -- Up-to-date: /home/gaurav/mrs_workspace/install/mrs_uav_deployment/share/mrs_uav_deployment/scripts/computer_config/fix_dualboot_time_offset.sh
[0.079s] -- Up-to-date: /home/gaurav/mrs_workspace/install/mrs_uav_deployment/share/mrs_uav_deployment/scripts/computer_config/fix_network_interface_names.sh
[0.079s] -- Up-to-date: /home/gaurav/mrs_workspace/install/mrs_uav_deployment/share/mrs_uav_deployment/scripts/computer_config/disable_hibernation.sh
[0.079s] -- Up-to-date: /home/gaurav/mrs_workspace/install/mrs_uav_deployment/share/mrs_uav_deployment/scripts/run_nimbro.py
[0.080s] Invoked command in '/home/gaurav/mrs_workspace/build/mrs_uav_deployment' returned '0': CMAKE_PREFIX_PATH=${CMAKE_PREFIX_PATH}:/opt/ros/jazzy DEBUGINFOD_URLS=https://debuginfod.ubuntu.com /usr/bin/cmake --install /home/gaurav/mrs_workspace/build/mrs_uav_deployment
