[0.006s] Invoking command in '/home/gaurav/mrs_workspace/build/mrs_uav_status': CMAKE_PREFIX_PATH=/home/gaurav/mrs_workspace/install/mrs_lib:/home/gaurav/mrs_workspace/install/mrs_msgs:/home/gaurav/mrs_workspace/install/mrs_uav_system_full:/home/gaurav/mrs_workspace/install/mrs_uav_system:/home/gaurav/mrs_workspace/install/mrs_uav_core:/home/gaurav/mrs_workspace/install/mrs_uav_trajectory_generation:/home/gaurav/mrs_workspace/install/mrs_uav_trackers:/home/gaurav/mrs_workspace/install/mrs_uav_state_estimators:/home/gaurav/mrs_workspace/install/mrs_uav_controllers:/home/gaurav/mrs_workspace/install/mrs_uav_managers:/home/gaurav/mrs_workspace/install/mrs_multirotor_simulator:/home/gaurav/mrs_workspace/install/mrs_uav_hw_api:/home/gaurav/mrs_workspace/install/mrs_uav_autostart:/home/gaurav/mrs_workspace/install/mrs_uav_testing:/home/gaurav/mrs_workspace/install/mrs_uav_status:/home/gaurav/mrs_workspace/install/mrs_uav_modules:/home/gaurav/mrs_workspace/install/mrs_serial:/home/gaurav/mrs_workspace/install/mrs_rviz_plugins:/home/gaurav/mrs_workspace/install/mrs_modules_msgs:/opt/ros/jazzy/opt/gz_math_vendor:/opt/ros/jazzy/opt/gz_utils_vendor:/opt/ros/jazzy/opt/gz_cmake_vendor:/opt/ros/jazzy DEBUGINFOD_URLS=https://debuginfod.ubuntu.com LD_LIBRARY_PATH=/home/gaurav/mrs_workspace/install/mrs_lib/lib:/home/gaurav/mrs_workspace/install/mrs_msgs/lib:/home/gaurav/mrs_workspace/install/mrs_uav_trajectory_generation/lib:/home/gaurav/mrs_workspace/install/mrs_uav_trackers/lib:/home/gaurav/mrs_workspace/install/mrs_uav_state_estimators/lib:/home/gaurav/mrs_workspace/install/mrs_uav_controllers/lib:/home/gaurav/mrs_workspace/install/mrs_uav_managers/lib:/home/gaurav/mrs_workspace/install/mrs_multirotor_simulator/lib:/home/gaurav/mrs_workspace/install/mrs_uav_hw_api/lib:/home/gaurav/mrs_workspace/install/mrs_uav_autostart/lib:/home/gaurav/mrs_workspace/install/mrs_uav_testing/lib:/home/gaurav/mrs_workspace/install/mrs_uav_status/lib:/home/gaurav/mrs_workspace/install/mrs_serial/lib:/home/gaurav/mrs_workspace/install/mrs_rviz_plugins/lib:/home/gaurav/mrs_workspace/install/mrs_modules_msgs/lib:/opt/ros/jazzy/opt/zenoh_cpp_vendor/lib:/opt/ros/jazzy/opt/rviz_ogre_vendor/lib:/opt/ros/jazzy/lib/x86_64-linux-gnu:/opt/ros/jazzy/opt/gz_math_vendor/lib:/opt/ros/jazzy/opt/gz_utils_vendor/lib:/opt/ros/jazzy/opt/gz_cmake_vendor/lib:/opt/ros/jazzy/lib /usr/bin/cmake /home/gaurav/mrs_workspace/src/mrs_uav_core/ros_packages/mrs_uav_status -DCMAKE_BUILD_TYPE=Release -DAMENT_CMAKE_SYMLINK_INSTALL=1 -DCMAKE_INSTALL_PREFIX=/home/gaurav/mrs_workspace/install/mrs_uav_status
[0.040s] -- The C compiler identification is GNU 13.3.0
[0.076s] -- The CXX compiler identification is GNU 13.3.0
[0.085s] -- Detecting C compiler ABI info
[0.136s] -- Detecting C compiler ABI info - done
[0.141s] -- Check for working C compiler: /usr/bin/cc - skipped
[0.141s] -- Detecting C compile features
[0.142s] -- Detecting C compile features - done
[0.149s] -- Detecting CXX compiler ABI info
[0.206s] -- Detecting CXX compiler ABI info - done
[0.212s] -- Check for working CXX compiler: /usr/bin/c++ - skipped
[0.212s] -- Detecting CXX compile features
[0.212s] -- Detecting CXX compile features - done
[0.214s] -- Found rclcpp: 28.1.13 (/opt/ros/jazzy/share/rclcpp/cmake)
[0.309s] -- Found Python3: /usr/bin/python3 (found version "3.12.3") found components: Interpreter 
[0.356s] -- Override CMake install command with custom implementation using symlinks instead of copying resources
[0.401s] -- Found rosidl_generator_c: 4.6.6 (/opt/ros/jazzy/share/rosidl_generator_c/cmake)
[0.410s] -- Found rosidl_generator_cpp: 4.6.6 (/opt/ros/jazzy/share/rosidl_generator_cpp/cmake)
[0.420s] -- Using all available rosidl_typesupport_c: rosidl_typesupport_fastrtps_c;rosidl_typesupport_introspection_c
[0.431s] -- Using all available rosidl_typesupport_cpp: rosidl_typesupport_fastrtps_cpp;rosidl_typesupport_introspection_cpp
[0.488s] -- Found rmw_implementation_cmake: 7.3.2 (/opt/ros/jazzy/share/rmw_implementation_cmake/cmake)
[0.490s] -- Found rmw_fastrtps_cpp: 8.4.3 (/opt/ros/jazzy/share/rmw_fastrtps_cpp/cmake)
[0.544s] -- Found OpenSSL: /usr/lib/x86_64-linux-gnu/libcrypto.so (found version "3.0.13")  
[0.557s] -- Found FastRTPS: /opt/ros/jazzy/include (Required is at least version "2.13") 
[0.573s] -- Using RMW implementation 'rmw_fastrtps_cpp' as default
[0.618s] -- Found rclcpp_components: 28.1.13 (/opt/ros/jazzy/share/rclcpp_components/cmake)
[0.640s] -- Found mrs_lib: 2.0.0 (/home/gaurav/mrs_workspace/install/mrs_lib/share/mrs_lib/cmake)
[0.735s] -- Found eigen3_cmake_module: 0.3.0 (/opt/ros/jazzy/share/eigen3_cmake_module/cmake)
[0.736s] -- Found Eigen3: TRUE (found version "3.4.0") 
[0.736s] -- Ensuring Eigen3 include directory is part of orocos-kdl CMake target
[0.834s] -- Found Boost: /usr/lib/x86_64-linux-gnu/cmake/Boost-1.83.0/BoostConfig.cmake (found version "1.83.0") found components: filesystem 
[0.876s] -- Found Curses: /usr/lib/x86_64-linux-gnu/libcurses.so  
[0.936s] -- Configuring done (0.9s)
[0.957s] -- Generating done (0.0s)
[0.962s] -- Build files have been written to: /home/gaurav/mrs_workspace/build/mrs_uav_status
