[ 50%] Built target MrsUavHwApi_HwApiManager
[100%] Built target MrsUavHwApi_DummyApi
-- Install configuration: "Release"
-- Execute custom install script
-- Up-to-date symlink: /home/gaurav/mrs_workspace/install/mrs_uav_hw_api/share/mrs_uav_hw_api//plugins.xml
-- Up-to-date symlink: /home/gaurav/mrs_workspace/install/mrs_uav_hw_api/share/mrs_uav_hw_api/launch/hw_api.launch.py
-- Up-to-date symlink: /home/gaurav/mrs_workspace/install/mrs_uav_hw_api/share/mrs_uav_hw_api/config/hw_api.yaml
-- Up-to-date symlink: /home/gaurav/mrs_workspace/install/mrs_uav_hw_api/share/mrs_uav_hw_api/environment/library_path.sh
-- Up-to-date symlink: /home/gaurav/mrs_workspace/install/mrs_uav_hw_api/share/mrs_uav_hw_api/environment/library_path.dsv
-- Up-to-date symlink: /home/gaurav/mrs_workspace/install/mrs_uav_hw_api/share/ament_index/resource_index/package_run_dependencies/mrs_uav_hw_api
-- Up-to-date symlink: /home/gaurav/mrs_workspace/install/mrs_uav_hw_api/share/ament_index/resource_index/parent_prefix_path/mrs_uav_hw_api
-- Up-to-date symlink: /home/gaurav/mrs_workspace/install/mrs_uav_hw_api/share/mrs_uav_hw_api/environment/ament_prefix_path.sh
-- Up-to-date symlink: /home/gaurav/mrs_workspace/install/mrs_uav_hw_api/share/mrs_uav_hw_api/environment/ament_prefix_path.dsv
-- Up-to-date symlink: /home/gaurav/mrs_workspace/install/mrs_uav_hw_api/share/mrs_uav_hw_api/environment/path.sh
-- Up-to-date symlink: /home/gaurav/mrs_workspace/install/mrs_uav_hw_api/share/mrs_uav_hw_api/environment/path.dsv
-- Up-to-date symlink: /home/gaurav/mrs_workspace/install/mrs_uav_hw_api/share/mrs_uav_hw_api/local_setup.bash
-- Up-to-date symlink: /home/gaurav/mrs_workspace/install/mrs_uav_hw_api/share/mrs_uav_hw_api/local_setup.sh
-- Up-to-date symlink: /home/gaurav/mrs_workspace/install/mrs_uav_hw_api/share/mrs_uav_hw_api/local_setup.zsh
-- Up-to-date symlink: /home/gaurav/mrs_workspace/install/mrs_uav_hw_api/share/mrs_uav_hw_api/local_setup.dsv
-- Symlinking: /home/gaurav/mrs_workspace/install/mrs_uav_hw_api/share/mrs_uav_hw_api/package.dsv
-- Up-to-date symlink: /home/gaurav/mrs_workspace/install/mrs_uav_hw_api/share/ament_index/resource_index/packages/mrs_uav_hw_api
-- Up-to-date symlink: /home/gaurav/mrs_workspace/install/mrs_uav_hw_api/share/ament_index/resource_index/mrs_uav_hw_api__pluginlib__plugin/mrs_uav_hw_api
-- Up-to-date symlink: /home/gaurav/mrs_workspace/install/mrs_uav_hw_api/share/ament_index/resource_index/rclcpp_components/mrs_uav_hw_api
-- Up-to-date symlink: /home/gaurav/mrs_workspace/install/mrs_uav_hw_api/share/mrs_uav_hw_api/cmake/ament_cmake_export_targets-extras.cmake
-- Up-to-date symlink: /home/gaurav/mrs_workspace/install/mrs_uav_hw_api/share/mrs_uav_hw_api/cmake/ament_cmake_export_include_directories-extras.cmake
-- Up-to-date symlink: /home/gaurav/mrs_workspace/install/mrs_uav_hw_api/share/mrs_uav_hw_api/cmake/ament_cmake_export_libraries-extras.cmake
-- Up-to-date symlink: /home/gaurav/mrs_workspace/install/mrs_uav_hw_api/share/mrs_uav_hw_api/cmake/ament_cmake_export_dependencies-extras.cmake
-- Up-to-date symlink: /home/gaurav/mrs_workspace/install/mrs_uav_hw_api/share/mrs_uav_hw_api/cmake/mrs_uav_hw_apiConfig.cmake
-- Up-to-date symlink: /home/gaurav/mrs_workspace/install/mrs_uav_hw_api/share/mrs_uav_hw_api/cmake/mrs_uav_hw_apiConfig-version.cmake
-- Up-to-date symlink: /home/gaurav/mrs_workspace/install/mrs_uav_hw_api/share/mrs_uav_hw_api/package.xml
-- Up-to-date: /home/gaurav/mrs_workspace/install/mrs_uav_hw_api/include/mrs_uav_hw_api/mrs_uav_hw_api/api.h
-- Up-to-date: /home/gaurav/mrs_workspace/install/mrs_uav_hw_api/include/mrs_uav_hw_api/mrs_uav_hw_api/common_handlers.h
-- Up-to-date: /home/gaurav/mrs_workspace/install/mrs_uav_hw_api/include/mrs_uav_hw_api/mrs_uav_hw_api/publishers.h
-- Up-to-date: /home/gaurav/mrs_workspace/install/mrs_uav_hw_api/lib/libMrsUavHwApi_HwApiManager.so
-- Up-to-date: /home/gaurav/mrs_workspace/install/mrs_uav_hw_api/lib/libMrsUavHwApi_DummyApi.so
-- Up-to-date: /home/gaurav/mrs_workspace/install/mrs_uav_hw_api/share/mrs_uav_hw_api/cmake/export_mrs_uav_hw_apiExport.cmake
-- Up-to-date: /home/gaurav/mrs_workspace/install/mrs_uav_hw_api/share/mrs_uav_hw_api/cmake/export_mrs_uav_hw_apiExport-release.cmake
