-- The C compiler identification is GNU 13.3.0
-- The CXX compiler identification is GNU 13.3.0
-- Detecting C compiler ABI info
-- Detecting C compiler ABI info - done
-- Check for working C compiler: /usr/bin/cc - skipped
-- Detecting C compile features
-- Detecting C compile features - done
-- Detecting CXX compiler ABI info
-- Detecting CXX compiler ABI info - done
-- Check for working CXX compiler: /usr/bin/c++ - skipped
-- Detecting CXX compile features
-- Detecting CXX compile features - done
-- Found pluginlib: 5.4.3 (/opt/ros/jazzy/share/pluginlib/cmake)
-- Found Python3: /usr/bin/python3 (found version "3.12.3") found components: Interpreter 
-- Override CMake install command with custom implementation using symlinks instead of copying resources
-- Found TinyXML2 via Config file: /usr/lib/x86_64-linux-gnu/cmake/tinyxml2
-- Found rviz_common: 14.1.17 (/opt/ros/jazzy/share/rviz_common/cmake)
-- Found rosidl_generator_c: 4.6.6 (/opt/ros/jazzy/share/rosidl_generator_c/cmake)
-- Found rosidl_generator_cpp: 4.6.6 (/opt/ros/jazzy/share/rosidl_generator_cpp/cmake)
-- Using all available rosidl_typesupport_c: rosidl_typesupport_fastrtps_c;rosidl_typesupport_introspection_c
-- Using all available rosidl_typesupport_cpp: rosidl_typesupport_fastrtps_cpp;rosidl_typesupport_introspection_cpp
-- Found rmw_implementation_cmake: 7.3.2 (/opt/ros/jazzy/share/rmw_implementation_cmake/cmake)
-- Found rmw_fastrtps_cpp: 8.4.3 (/opt/ros/jazzy/share/rmw_fastrtps_cpp/cmake)
-- Found TinyXML2 via Config file: /usr/lib/x86_64-linux-gnu/cmake/tinyxml2
-- Found OpenSSL: /usr/lib/x86_64-linux-gnu/libcrypto.so (found version "3.0.13")  
-- Found TinyXML2 via Config file: /usr/lib/x86_64-linux-gnu/cmake/tinyxml2
-- Found FastRTPS: /opt/ros/jazzy/include (Required is at least version "2.13") 
-- Found TinyXML2 via Config file: /usr/lib/x86_64-linux-gnu/cmake/tinyxml2
-- Found TinyXML2 via Config file: /usr/lib/x86_64-linux-gnu/cmake/tinyxml2
-- Using RMW implementation 'rmw_fastrtps_cpp' as default
-- Setting OGRE_DIR to: '/opt/ros/jazzy/share/rviz_ogre_vendor/cmake/../../../opt/rviz_ogre_vendor/lib/OGRE/cmake'
-- Found OGRE
--   static     : OFF
--   components : MeshLodGenerator;Overlay;Paging;Property;RTShaderSystem;Terrain;Volume
--   plugins    : Plugin_BSPSceneManager;Plugin_OctreeSceneManager;Plugin_PCZSceneManager;Plugin_ParticleFX;RenderSystem_GL;RenderSystem_GL3Plus;Codec_STBI
--   media      : /opt/ros/jazzy/opt/rviz_ogre_vendor/share/OGRE/Media
-- OGRE_LIBRARIES: OgreMeshLodGenerator;OgreOverlay;OgrePaging;OgreProperty;OgreRTShaderSystem;OgreTerrain;OgreVolume;OgreMain
-- OGRE_LIBRARY_DIRS: /opt/ros/jazzy/opt/rviz_ogre_vendor/lib
-- OGRE_PLUGINS: Plugin_BSPSceneManager;Plugin_OctreeSceneManager;Plugin_PCZSceneManager;Plugin_ParticleFX;RenderSystem_GL;RenderSystem_GL3Plus;Codec_STBI
-- OGRE_PLUGIN_DIR: /opt/ros/jazzy/opt/rviz_ogre_vendor/lib/OGRE
-- rviz_ogre_vendor::OgreOverlay for IMPORTED_LOCATION_RELEASE: /opt/ros/jazzy/opt/rviz_ogre_vendor/lib/libOgreOverlay.so
-- rviz_ogre_vendor::OgreOverlay for IMPORTED_LOCATION_DEBUG: /opt/ros/jazzy/opt/rviz_ogre_vendor/lib/libOgreOverlay.so
-- rviz_ogre_vendor::OgreMain for IMPORTED_LOCATION_RELEASE: /opt/ros/jazzy/opt/rviz_ogre_vendor/lib/libOgreMain.so
-- rviz_ogre_vendor::OgreMain for IMPORTED_LOCATION_DEBUG: /opt/ros/jazzy/opt/rviz_ogre_vendor/lib/libOgreMain.so
-- Could not find freeimage library
-- Found ZLIB: /usr/lib/x86_64-linux-gnu/libz.so (found version "1.3")  
-- Found OpenGL: /usr/lib/x86_64-linux-gnu/libOpenGL.so   
-- Found X11: /usr/include   
-- Looking for XOpenDisplay in /usr/lib/x86_64-linux-gnu/libX11.so;/usr/lib/x86_64-linux-gnu/libXext.so
-- Looking for XOpenDisplay in /usr/lib/x86_64-linux-gnu/libX11.so;/usr/lib/x86_64-linux-gnu/libXext.so - found
-- Looking for gethostbyname
-- Looking for gethostbyname - found
-- Looking for connect
-- Looking for connect - found
-- Looking for remove
-- Looking for remove - found
-- Looking for shmat
-- Looking for shmat - found
-- Looking for IceConnectionNumber in ICE
-- Looking for IceConnectionNumber in ICE - found
-- Setting yaml-cpp_DIR to: '/opt/ros/jazzy/share/yaml_cpp_vendor/cmake/../../../opt/yaml_cpp_vendor/share/cmake/yaml-cpp'
-- Found mrs_msgs: 2.0.0 (/home/gaurav/mrs_workspace/install/mrs_msgs/share/mrs_msgs/cmake)
-- Found pcl_msgs: 1.0.0 (/opt/ros/jazzy/share/pcl_msgs/cmake)
-- Found image_transport: 5.1.7 (/opt/ros/jazzy/share/image_transport/cmake)
-- Found cv_bridge: 4.1.0 (/opt/ros/jazzy/share/cv_bridge/cmake)
-- Found pcl_conversions: 2.6.2 (/opt/ros/jazzy/share/pcl_conversions/cmake)
-- Found flann version 1.9.2
-- Found OpenMP_CXX: -fopenmp (found version "4.5") 
-- Found OpenMP: TRUE (found version "4.5") found components: CXX 
-- Checking for module 'libusb-1.0'
--   Found libusb-1.0, version 1.0.27
-- Found libusb: /usr/lib/x86_64-linux-gnu/libusb-1.0.so  
-- OpenNI found (version: 1.5.4.0, include: /usr/include/ni, lib: /usr/lib/libOpenNI.so;libusb::libusb)
-- OpenNI2 found (version: 2.2.0.33, include: /usr/include/openni2, lib: /usr/lib/x86_64-linux-gnu/libOpenNI2.so;libusb::libusb)
-- Found Pcap: /usr/lib/x86_64-linux-gnu/libpcap.so  
-- Found PNG: /usr/lib/x86_64-linux-gnu/libpng.so (found version "1.6.43") 
-- OpenNI found (version: 1.5.4.0, include: /usr/include/ni, lib: /usr/lib/libOpenNI.so;libusb::libusb)
-- OpenNI2 found (version: 2.2.0.33, include: /usr/include/openni2, lib: /usr/lib/x86_64-linux-gnu/libOpenNI2.so;libusb::libusb)
-- Found Qhull version 8.0.2
-- OpenNI found (version: 1.5.4.0, include: /usr/include/ni, lib: /usr/lib/libOpenNI.so;libusb::libusb)
-- Found PCL_COMMON: /usr/lib/x86_64-linux-gnu/libpcl_common.so  
-- Found PCL_KDTREE: /usr/lib/x86_64-linux-gnu/libpcl_kdtree.so  
-- Found PCL_OCTREE: /usr/lib/x86_64-linux-gnu/libpcl_octree.so  
-- Found PCL_SEARCH: /usr/lib/x86_64-linux-gnu/libpcl_search.so  
-- Found PCL_SAMPLE_CONSENSUS: /usr/lib/x86_64-linux-gnu/libpcl_sample_consensus.so  
-- Found PCL_FILTERS: /usr/lib/x86_64-linux-gnu/libpcl_filters.so  
-- Found PCL_2D: /usr/include/pcl-1.14  
-- Found PCL_GEOMETRY: /usr/include/pcl-1.14  
-- Found PCL_IO: /usr/lib/x86_64-linux-gnu/libpcl_io.so  
-- Found PCL_FEATURES: /usr/lib/x86_64-linux-gnu/libpcl_features.so  
-- Found PCL_ML: /usr/lib/x86_64-linux-gnu/libpcl_ml.so  
-- Found PCL_SEGMENTATION: /usr/lib/x86_64-linux-gnu/libpcl_segmentation.so  
-- Found PCL_VISUALIZATION: /usr/lib/x86_64-linux-gnu/libpcl_visualization.so  
-- Found PCL_SURFACE: /usr/lib/x86_64-linux-gnu/libpcl_surface.so  
-- Found PCL_REGISTRATION: /usr/lib/x86_64-linux-gnu/libpcl_registration.so  
-- Found PCL_KEYPOINTS: /usr/lib/x86_64-linux-gnu/libpcl_keypoints.so  
-- Found PCL_TRACKING: /usr/lib/x86_64-linux-gnu/libpcl_tracking.so  
-- Found PCL_RECOGNITION: /usr/lib/x86_64-linux-gnu/libpcl_recognition.so  
-- Found PCL_STEREO: /usr/lib/x86_64-linux-gnu/libpcl_stereo.so  
-- Found PCL_APPS: /usr/lib/x86_64-linux-gnu/libpcl_apps.so  
-- Found PCL_IN_HAND_SCANNER: /usr/include/pcl-1.14  
-- Found PCL_MODELER: /usr/include/pcl-1.14  
-- Found PCL_POINT_CLOUD_EDITOR: /usr/include/pcl-1.14  
-- Found PCL_OUTOFCORE: /usr/lib/x86_64-linux-gnu/libpcl_outofcore.so  
-- Found PCL_PEOPLE: /usr/lib/x86_64-linux-gnu/libpcl_people.so  
-- Found OpenCV: /usr (found version "4.6.0") 
-- Found PkgConfig: /usr/bin/pkg-config (found version "1.8.1") 
-- Found OGRE version: 1.12.10
-- Configuring done (4.1s)
-- Generating done (0.0s)
-- Build files have been written to: /home/gaurav/mrs_workspace/build/mrs_rviz_plugins
[  0%] Built target MrsRvizPlugins_Sphere_autogen_timestamp_deps
[  0%] Built target MrsRvizPlugins_TexturedMeshDisplay_autogen_timestamp_deps
[  5%] [34m[1mAutomatic MOC for target MrsRvizPlugins_Sphere[0m
[ 10%] [34m[1mAutomatic MOC for target MrsRvizPlugins_TexturedMeshDisplay[0m
[ 10%] Built target MrsRvizPlugins_Sphere_autogen
[ 10%] Built target MrsRvizPlugins_TexturedMeshDisplay_autogen
[ 21%] [34m[1mGenerating include/mrs_rviz_plugins/sphere/moc_visual.cpp[0m
[ 15%] [34m[1mGenerating include/mrs_rviz_plugins/textured_mesh_display/moc_textured_mesh_display.cpp[0m
[ 26%] [34m[1mGenerating include/mrs_rviz_plugins/sphere/moc_display.cpp[0m
[ 42%] [32mBuilding CXX object CMakeFiles/MrsRvizPlugins_Sphere.dir/include/mrs_rviz_plugins/sphere/moc_display.cpp.o[0m
[ 42%] [32mBuilding CXX object CMakeFiles/MrsRvizPlugins_Sphere.dir/src/sphere/visual.cpp.o[0m
[ 42%] [32mBuilding CXX object CMakeFiles/MrsRvizPlugins_Sphere.dir/include/mrs_rviz_plugins/sphere/moc_visual.cpp.o[0m
[ 52%] [32mBuilding CXX object CMakeFiles/MrsRvizPlugins_Sphere.dir/MrsRvizPlugins_Sphere_autogen/mocs_compilation.cpp.o[0m
[ 52%] [32mBuilding CXX object CMakeFiles/MrsRvizPlugins_Sphere.dir/src/sphere/display.cpp.o[0m
[ 57%] [32mBuilding CXX object CMakeFiles/MrsRvizPlugins_TexturedMeshDisplay.dir/include/mrs_rviz_plugins/textured_mesh_display/moc_textured_mesh_display.cpp.o[0m
[ 63%] [32mBuilding CXX object CMakeFiles/MrsRvizPlugins_TexturedMeshDisplay.dir/MrsRvizPlugins_TexturedMeshDisplay_autogen/mocs_compilation.cpp.o[0m
[ 68%] [32mBuilding CXX object CMakeFiles/MrsRvizPlugins_TexturedMeshDisplay.dir/src/textured_mesh_display/textured_mesh_visual.cpp.o[0m
[ 73%] [32mBuilding CXX object CMakeFiles/MrsRvizPlugins_TexturedMeshDisplay.dir/src/textured_mesh_display/surface_normals_visual.cpp.o[0m
[ 78%] [32mBuilding CXX object CMakeFiles/MrsRvizPlugins_TexturedMeshDisplay.dir/src/textured_mesh_display/textured_mesh_display.cpp.o[0m
[ 84%] [32m[1mLinking CXX shared library libMrsRvizPlugins_Sphere.so[0m
[ 89%] Built target MrsRvizPlugins_Sphere
[ 94%] [32m[1mLinking CXX shared library libMrsRvizPlugins_TexturedMeshDisplay.so[0m
[100%] Built target MrsRvizPlugins_TexturedMeshDisplay
-- Install configuration: "Release"
-- Execute custom install script
-- Symlinking: /home/gaurav/mrs_workspace/install/mrs_rviz_plugins/share/mrs_rviz_plugins//plugins.xml
-- Symlinking: /home/gaurav/mrs_workspace/install/mrs_rviz_plugins/./include/mrs_rviz_plugins/sphere/display.h
-- Symlinking: /home/gaurav/mrs_workspace/install/mrs_rviz_plugins/./include/mrs_rviz_plugins/sphere/visual.h
-- Symlinking: /home/gaurav/mrs_workspace/install/mrs_rviz_plugins/./include/mrs_rviz_plugins/textured_mesh_display/surface_normals_visual.hpp
-- Symlinking: /home/gaurav/mrs_workspace/install/mrs_rviz_plugins/./include/mrs_rviz_plugins/textured_mesh_display/textured_mesh_display.hpp
-- Symlinking: /home/gaurav/mrs_workspace/install/mrs_rviz_plugins/./include/mrs_rviz_plugins/textured_mesh_display/textured_mesh_visual.hpp
-- Symlinking: /home/gaurav/mrs_workspace/install/mrs_rviz_plugins/./include/mrs_rviz_plugins/textured_mesh_display/visual.hpp
-- Symlinking: /home/gaurav/mrs_workspace/install/mrs_rviz_plugins/share/mrs_rviz_plugins/launch/load_robot.launch
-- Up-to-date symlink: /home/gaurav/mrs_workspace/install/mrs_rviz_plugins/share/mrs_rviz_plugins/plugins.xml
-- Symlinking: /home/gaurav/mrs_workspace/install/mrs_rviz_plugins/share/mrs_rviz_plugins/environment/library_path.sh
-- Symlinking: /home/gaurav/mrs_workspace/install/mrs_rviz_plugins/share/mrs_rviz_plugins/environment/library_path.dsv
-- Symlinking: /home/gaurav/mrs_workspace/install/mrs_rviz_plugins/share/ament_index/resource_index/package_run_dependencies/mrs_rviz_plugins
-- Symlinking: /home/gaurav/mrs_workspace/install/mrs_rviz_plugins/share/ament_index/resource_index/parent_prefix_path/mrs_rviz_plugins
-- Symlinking: /home/gaurav/mrs_workspace/install/mrs_rviz_plugins/share/mrs_rviz_plugins/environment/ament_prefix_path.sh
-- Symlinking: /home/gaurav/mrs_workspace/install/mrs_rviz_plugins/share/mrs_rviz_plugins/environment/ament_prefix_path.dsv
-- Symlinking: /home/gaurav/mrs_workspace/install/mrs_rviz_plugins/share/mrs_rviz_plugins/environment/path.sh
-- Symlinking: /home/gaurav/mrs_workspace/install/mrs_rviz_plugins/share/mrs_rviz_plugins/environment/path.dsv
-- Symlinking: /home/gaurav/mrs_workspace/install/mrs_rviz_plugins/share/mrs_rviz_plugins/local_setup.bash
-- Symlinking: /home/gaurav/mrs_workspace/install/mrs_rviz_plugins/share/mrs_rviz_plugins/local_setup.sh
-- Symlinking: /home/gaurav/mrs_workspace/install/mrs_rviz_plugins/share/mrs_rviz_plugins/local_setup.zsh
-- Symlinking: /home/gaurav/mrs_workspace/install/mrs_rviz_plugins/share/mrs_rviz_plugins/local_setup.dsv
-- Symlinking: /home/gaurav/mrs_workspace/install/mrs_rviz_plugins/share/mrs_rviz_plugins/package.dsv
-- Symlinking: /home/gaurav/mrs_workspace/install/mrs_rviz_plugins/share/ament_index/resource_index/packages/mrs_rviz_plugins
-- Symlinking: /home/gaurav/mrs_workspace/install/mrs_rviz_plugins/share/ament_index/resource_index/rviz_common__pluginlib__plugin/mrs_rviz_plugins
-- Symlinking: /home/gaurav/mrs_workspace/install/mrs_rviz_plugins/share/mrs_rviz_plugins/cmake/ament_cmake_export_libraries-extras.cmake
-- Symlinking: /home/gaurav/mrs_workspace/install/mrs_rviz_plugins/share/mrs_rviz_plugins/cmake/ament_cmake_export_include_directories-extras.cmake
-- Symlinking: /home/gaurav/mrs_workspace/install/mrs_rviz_plugins/share/mrs_rviz_plugins/cmake/ament_cmake_export_targets-extras.cmake
-- Symlinking: /home/gaurav/mrs_workspace/install/mrs_rviz_plugins/share/mrs_rviz_plugins/cmake/ament_cmake_export_dependencies-extras.cmake
-- Symlinking: /home/gaurav/mrs_workspace/install/mrs_rviz_plugins/share/mrs_rviz_plugins/cmake/mrs_rviz_pluginsConfig.cmake
-- Symlinking: /home/gaurav/mrs_workspace/install/mrs_rviz_plugins/share/mrs_rviz_plugins/cmake/mrs_rviz_pluginsConfig-version.cmake
-- Symlinking: /home/gaurav/mrs_workspace/install/mrs_rviz_plugins/share/mrs_rviz_plugins/package.xml
-- Installing: /home/gaurav/mrs_workspace/install/mrs_rviz_plugins/lib/libMrsRvizPlugins_Sphere.so
-- Set non-toolchain portion of runtime path of "/home/gaurav/mrs_workspace/install/mrs_rviz_plugins/lib/libMrsRvizPlugins_Sphere.so" to ""
-- Installing: /home/gaurav/mrs_workspace/install/mrs_rviz_plugins/lib/libMrsRvizPlugins_TexturedMeshDisplay.so
-- Set non-toolchain portion of runtime path of "/home/gaurav/mrs_workspace/install/mrs_rviz_plugins/lib/libMrsRvizPlugins_TexturedMeshDisplay.so" to ""
-- Installing: /home/gaurav/mrs_workspace/install/mrs_rviz_plugins/share/mrs_rviz_plugins/cmake/export_mrs_rviz_pluginsExport.cmake
-- Installing: /home/gaurav/mrs_workspace/install/mrs_rviz_plugins/share/mrs_rviz_plugins/cmake/export_mrs_rviz_pluginsExport-release.cmake
