[0.014s] Invoking command in '/home/gaurav/mrs_workspace/build/mrs_uav_state_estimators': CMAKE_PREFIX_PATH=/home/gaurav/mrs_workspace/install/mrs_uav_managers:/home/gaurav/mrs_workspace/install/mrs_uav_hw_api:/home/gaurav/mrs_workspace/install/mrs_uav_testing:/home/gaurav/mrs_workspace/install/mrs_lib:/home/gaurav/mrs_workspace/install/mrs_msgs:/home/gaurav/mrs_workspace/install/mrs_uav_system_full:/home/gaurav/mrs_workspace/install/mrs_uav_system:/home/gaurav/mrs_workspace/install/mrs_uav_core:/home/gaurav/mrs_workspace/install/mrs_uav_trajectory_generation:/home/gaurav/mrs_workspace/install/mrs_uav_trackers:/home/gaurav/mrs_workspace/install/mrs_uav_state_estimators:/home/gaurav/mrs_workspace/install/mrs_uav_controllers:/home/gaurav/mrs_workspace/install/mrs_multirotor_simulator:/home/gaurav/mrs_workspace/install/mrs_uav_autostart:/home/gaurav/mrs_workspace/install/mrs_uav_status:/home/gaurav/mrs_workspace/install/mrs_uav_modules:/home/gaurav/mrs_workspace/install/mrs_serial:/home/gaurav/mrs_workspace/install/mrs_rviz_plugins:/home/gaurav/mrs_workspace/install/mrs_modules_msgs:/opt/ros/jazzy/opt/gz_math_vendor:/opt/ros/jazzy/opt/gz_utils_vendor:/opt/ros/jazzy/opt/gz_cmake_vendor:/opt/ros/jazzy DEBUGINFOD_URLS=https://debuginfod.ubuntu.com LD_LIBRARY_PATH=/home/gaurav/mrs_workspace/install/mrs_uav_managers/lib:/home/gaurav/mrs_workspace/install/mrs_uav_hw_api/lib:/home/gaurav/mrs_workspace/install/mrs_lib/lib:/home/gaurav/mrs_workspace/install/mrs_msgs/lib:/home/gaurav/mrs_workspace/install/mrs_uav_trajectory_generation/lib:/home/gaurav/mrs_workspace/install/mrs_uav_trackers/lib:/home/gaurav/mrs_workspace/install/mrs_uav_state_estimators/lib:/home/gaurav/mrs_workspace/install/mrs_uav_controllers/lib:/home/gaurav/mrs_workspace/install/mrs_multirotor_simulator/lib:/home/gaurav/mrs_workspace/install/mrs_uav_autostart/lib:/home/gaurav/mrs_workspace/install/mrs_uav_testing/lib:/home/gaurav/mrs_workspace/install/mrs_uav_status/lib:/home/gaurav/mrs_workspace/install/mrs_serial/lib:/home/gaurav/mrs_workspace/install/mrs_rviz_plugins/lib:/home/gaurav/mrs_workspace/install/mrs_modules_msgs/lib:/opt/ros/jazzy/opt/zenoh_cpp_vendor/lib:/opt/ros/jazzy/opt/rviz_ogre_vendor/lib:/opt/ros/jazzy/lib/x86_64-linux-gnu:/opt/ros/jazzy/opt/gz_math_vendor/lib:/opt/ros/jazzy/opt/gz_utils_vendor/lib:/opt/ros/jazzy/opt/gz_cmake_vendor/lib:/opt/ros/jazzy/lib /usr/bin/cmake /home/gaurav/mrs_workspace/src/mrs_uav_core/ros_packages/mrs_uav_state_estimators -DCMAKE_BUILD_TYPE=Release -DAMENT_CMAKE_SYMLINK_INSTALL=1 -DCMAKE_INSTALL_PREFIX=/home/gaurav/mrs_workspace/install/mrs_uav_state_estimators
[0.050s] -- The C compiler identification is GNU 13.3.0
[0.089s] -- The CXX compiler identification is GNU 13.3.0
[0.100s] -- Detecting C compiler ABI info
[0.163s] -- Detecting C compiler ABI info - done
[0.171s] -- Check for working C compiler: /usr/bin/cc - skipped
[0.172s] -- Detecting C compile features
[0.172s] -- Detecting C compile features - done
[0.178s] -- Detecting CXX compiler ABI info
[0.248s] -- Detecting CXX compiler ABI info - done
[0.254s] -- Check for working CXX compiler: /usr/bin/c++ - skipped
[0.254s] -- Detecting CXX compile features
[0.254s] -- Detecting CXX compile features - done
[0.256s] -- Found rclcpp: 28.1.13 (/opt/ros/jazzy/share/rclcpp/cmake)
[0.361s] -- Found Python3: /usr/bin/python3 (found version "3.12.3") found components: Interpreter 
[0.410s] -- Override CMake install command with custom implementation using symlinks instead of copying resources
[0.462s] -- Found rosidl_generator_c: 4.6.6 (/opt/ros/jazzy/share/rosidl_generator_c/cmake)
[0.471s] -- Found rosidl_generator_cpp: 4.6.6 (/opt/ros/jazzy/share/rosidl_generator_cpp/cmake)
[0.482s] -- Using all available rosidl_typesupport_c: rosidl_typesupport_fastrtps_c;rosidl_typesupport_introspection_c
[0.494s] -- Using all available rosidl_typesupport_cpp: rosidl_typesupport_fastrtps_cpp;rosidl_typesupport_introspection_cpp
[0.546s] -- Found rmw_implementation_cmake: 7.3.2 (/opt/ros/jazzy/share/rmw_implementation_cmake/cmake)
[0.548s] -- Found rmw_fastrtps_cpp: 8.4.3 (/opt/ros/jazzy/share/rmw_fastrtps_cpp/cmake)
[0.609s] -- Found OpenSSL: /usr/lib/x86_64-linux-gnu/libcrypto.so (found version "3.0.13")  
[0.622s] -- Found FastRTPS: /opt/ros/jazzy/include (Required is at least version "2.13") 
[0.637s] -- Using RMW implementation 'rmw_fastrtps_cpp' as default
[0.685s] -- Found rclcpp_components: 28.1.13 (/opt/ros/jazzy/share/rclcpp_components/cmake)
[0.708s] -- Found mrs_msgs: 2.0.0 (/home/gaurav/mrs_workspace/install/mrs_msgs/share/mrs_msgs/cmake)
[0.768s] -- Found mrs_lib: 2.0.0 (/home/gaurav/mrs_workspace/install/mrs_lib/share/mrs_lib/cmake)
[0.804s] -- Found eigen3_cmake_module: 0.3.0 (/opt/ros/jazzy/share/eigen3_cmake_module/cmake)
[0.804s] -- Found Eigen3: TRUE (found version "3.4.0") 
[0.805s] -- Ensuring Eigen3 include directory is part of orocos-kdl CMake target
[0.902s] -- Found pluginlib: 5.4.3 (/opt/ros/jazzy/share/pluginlib/cmake)
[0.905s] -- Found mrs_uav_managers: 2.0.0 (/home/gaurav/mrs_workspace/install/mrs_uav_managers/share/mrs_uav_managers/cmake)
[1.009s] -- Configuring done (1.0s)
[1.065s] -- Generating done (0.0s)
[1.081s] -- Build files have been written to: /home/gaurav/mrs_workspace/build/mrs_uav_state_estimators
[1.089s] Invoked command in '/home/gaurav/mrs_workspace/build/mrs_uav_state_estimators' returned '0': CMAKE_PREFIX_PATH=/home/gaurav/mrs_workspace/install/mrs_uav_managers:/home/gaurav/mrs_workspace/install/mrs_uav_hw_api:/home/gaurav/mrs_workspace/install/mrs_uav_testing:/home/gaurav/mrs_workspace/install/mrs_lib:/home/gaurav/mrs_workspace/install/mrs_msgs:/home/gaurav/mrs_workspace/install/mrs_uav_system_full:/home/gaurav/mrs_workspace/install/mrs_uav_system:/home/gaurav/mrs_workspace/install/mrs_uav_core:/home/gaurav/mrs_workspace/install/mrs_uav_trajectory_generation:/home/gaurav/mrs_workspace/install/mrs_uav_trackers:/home/gaurav/mrs_workspace/install/mrs_uav_state_estimators:/home/gaurav/mrs_workspace/install/mrs_uav_controllers:/home/gaurav/mrs_workspace/install/mrs_multirotor_simulator:/home/gaurav/mrs_workspace/install/mrs_uav_autostart:/home/gaurav/mrs_workspace/install/mrs_uav_status:/home/gaurav/mrs_workspace/install/mrs_uav_modules:/home/gaurav/mrs_workspace/install/mrs_serial:/home/gaurav/mrs_workspace/install/mrs_rviz_plugins:/home/gaurav/mrs_workspace/install/mrs_modules_msgs:/opt/ros/jazzy/opt/gz_math_vendor:/opt/ros/jazzy/opt/gz_utils_vendor:/opt/ros/jazzy/opt/gz_cmake_vendor:/opt/ros/jazzy DEBUGINFOD_URLS=https://debuginfod.ubuntu.com LD_LIBRARY_PATH=/home/gaurav/mrs_workspace/install/mrs_uav_managers/lib:/home/gaurav/mrs_workspace/install/mrs_uav_hw_api/lib:/home/gaurav/mrs_workspace/install/mrs_lib/lib:/home/gaurav/mrs_workspace/install/mrs_msgs/lib:/home/gaurav/mrs_workspace/install/mrs_uav_trajectory_generation/lib:/home/gaurav/mrs_workspace/install/mrs_uav_trackers/lib:/home/gaurav/mrs_workspace/install/mrs_uav_state_estimators/lib:/home/gaurav/mrs_workspace/install/mrs_uav_controllers/lib:/home/gaurav/mrs_workspace/install/mrs_multirotor_simulator/lib:/home/gaurav/mrs_workspace/install/mrs_uav_autostart/lib:/home/gaurav/mrs_workspace/install/mrs_uav_testing/lib:/home/gaurav/mrs_workspace/install/mrs_uav_status/lib:/home/gaurav/mrs_workspace/install/mrs_serial/lib:/home/gaurav/mrs_workspace/install/mrs_rviz_plugins/lib:/home/gaurav/mrs_workspace/install/mrs_modules_msgs/lib:/opt/ros/jazzy/opt/zenoh_cpp_vendor/lib:/opt/ros/jazzy/opt/rviz_ogre_vendor/lib:/opt/ros/jazzy/lib/x86_64-linux-gnu:/opt/ros/jazzy/opt/gz_math_vendor/lib:/opt/ros/jazzy/opt/gz_utils_vendor/lib:/opt/ros/jazzy/opt/gz_cmake_vendor/lib:/opt/ros/jazzy/lib /usr/bin/cmake /home/gaurav/mrs_workspace/src/mrs_uav_core/ros_packages/mrs_uav_state_estimators -DCMAKE_BUILD_TYPE=Release -DAMENT_CMAKE_SYMLINK_INSTALL=1 -DCMAKE_INSTALL_PREFIX=/home/gaurav/mrs_workspace/install/mrs_uav_state_estimators
[1.090s] Invoking command in '/home/gaurav/mrs_workspace/build/mrs_uav_state_estimators': CMAKE_PREFIX_PATH=/home/gaurav/mrs_workspace/install/mrs_uav_managers:/home/gaurav/mrs_workspace/install/mrs_uav_hw_api:/home/gaurav/mrs_workspace/install/mrs_uav_testing:/home/gaurav/mrs_workspace/install/mrs_lib:/home/gaurav/mrs_workspace/install/mrs_msgs:/home/gaurav/mrs_workspace/install/mrs_uav_system_full:/home/gaurav/mrs_workspace/install/mrs_uav_system:/home/gaurav/mrs_workspace/install/mrs_uav_core:/home/gaurav/mrs_workspace/install/mrs_uav_trajectory_generation:/home/gaurav/mrs_workspace/install/mrs_uav_trackers:/home/gaurav/mrs_workspace/install/mrs_uav_state_estimators:/home/gaurav/mrs_workspace/install/mrs_uav_controllers:/home/gaurav/mrs_workspace/install/mrs_multirotor_simulator:/home/gaurav/mrs_workspace/install/mrs_uav_autostart:/home/gaurav/mrs_workspace/install/mrs_uav_status:/home/gaurav/mrs_workspace/install/mrs_uav_modules:/home/gaurav/mrs_workspace/install/mrs_serial:/home/gaurav/mrs_workspace/install/mrs_rviz_plugins:/home/gaurav/mrs_workspace/install/mrs_modules_msgs:/opt/ros/jazzy/opt/gz_math_vendor:/opt/ros/jazzy/opt/gz_utils_vendor:/opt/ros/jazzy/opt/gz_cmake_vendor:/opt/ros/jazzy DEBUGINFOD_URLS=https://debuginfod.ubuntu.com LD_LIBRARY_PATH=/home/gaurav/mrs_workspace/install/mrs_uav_managers/lib:/home/gaurav/mrs_workspace/install/mrs_uav_hw_api/lib:/home/gaurav/mrs_workspace/install/mrs_lib/lib:/home/gaurav/mrs_workspace/install/mrs_msgs/lib:/home/gaurav/mrs_workspace/install/mrs_uav_trajectory_generation/lib:/home/gaurav/mrs_workspace/install/mrs_uav_trackers/lib:/home/gaurav/mrs_workspace/install/mrs_uav_state_estimators/lib:/home/gaurav/mrs_workspace/install/mrs_uav_controllers/lib:/home/gaurav/mrs_workspace/install/mrs_multirotor_simulator/lib:/home/gaurav/mrs_workspace/install/mrs_uav_autostart/lib:/home/gaurav/mrs_workspace/install/mrs_uav_testing/lib:/home/gaurav/mrs_workspace/install/mrs_uav_status/lib:/home/gaurav/mrs_workspace/install/mrs_serial/lib:/home/gaurav/mrs_workspace/install/mrs_rviz_plugins/lib:/home/gaurav/mrs_workspace/install/mrs_modules_msgs/lib:/opt/ros/jazzy/opt/zenoh_cpp_vendor/lib:/opt/ros/jazzy/opt/rviz_ogre_vendor/lib:/opt/ros/jazzy/lib/x86_64-linux-gnu:/opt/ros/jazzy/opt/gz_math_vendor/lib:/opt/ros/jazzy/opt/gz_utils_vendor/lib:/opt/ros/jazzy/opt/gz_cmake_vendor/lib:/opt/ros/jazzy/lib /usr/bin/cmake --build /home/gaurav/mrs_workspace/build/mrs_uav_state_estimators -- -j20 -l20
[1.135s] [ 16%] Building CXX object CMakeFiles/MrsUavStateEstimators_Common.dir/src/estimators/altitude/alt_generic.cpp.o
[1.136s] [ 16%] Building CXX object CMakeFiles/MrsUavStateEstimators_Common.dir/src/estimators/state/state_generic.cpp.o
[1.136s] [ 16%] Building CXX object CMakeFiles/MrsUavStateEstimators_Common.dir/src/estimators/lateral/lat_generic.cpp.o
[1.136s] [ 16%] Building CXX object CMakeFiles/MrsUavStateEstimators_Common.dir/src/estimators/heading/hdg_passthrough.cpp.o
[1.137s] [ 20%] Building CXX object CMakeFiles/MrsUavStateEstimators_Common.dir/src/estimators/heading/hdg_generic.cpp.o
[59.275s] [ 25%] Linking CXX shared library libMrsUavStateEstimators_Common.so
[59.759s] [ 25%] Built target MrsUavStateEstimators_Common
[59.772s] [ 33%] Building CXX object CMakeFiles/MrsUavStateEstimators_GpsBaro.dir/src/estimators/state/gps_baro.cpp.o
[59.772s] [ 33%] Building CXX object CMakeFiles/MrsUavStateEstimators_RtkGarmin.dir/src/estimators/state/rtk_garmin.cpp.o
[59.773s] [ 37%] Building CXX object CMakeFiles/MrsUavStateEstimators_GarminAgl.dir/src/estimators/agl/garmin_agl.cpp.o
[59.773s] [ 41%] Building CXX object CMakeFiles/MrsUavStateEstimators_Dummy.dir/src/estimators/state/dummy.cpp.o
[59.773s] [ 45%] Building CXX object CMakeFiles/MrsUavStateEstimators_GroundTruth.dir/src/estimators/state/ground_truth.cpp.o
[59.774s] [ 50%] Building CXX object CMakeFiles/MrsUavStateEstimators_F9P.dir/src/estimators/state/f9p.cpp.o
[59.775s] [ 54%] Building CXX object CMakeFiles/MrsUavStateEstimators_Rtk.dir/src/estimators/state/rtk.cpp.o
[59.775s] [ 62%] Building CXX object CMakeFiles/MrsUavStateEstimators_Passthrough.dir/src/estimators/state/passthrough.cpp.o
[59.775s] [ 62%] Building CXX object CMakeFiles/MrsUavStateEstimators_GpsGarmin.dir/src/estimators/state/gps_garmin.cpp.o
[69.041s] [ 66%] Linking CXX shared library libMrsUavStateEstimators_GarminAgl.so
[69.321s] [ 66%] Built target MrsUavStateEstimators_GarminAgl
[71.403s] [ 70%] Linking CXX shared library libMrsUavStateEstimators_Dummy.so
[71.605s] [ 70%] Built target MrsUavStateEstimators_Dummy
[71.780s] [ 75%] Linking CXX shared library libMrsUavStateEstimators_Passthrough.so
[72.001s] [ 75%] Built target MrsUavStateEstimators_Passthrough
[72.400s] [ 79%] Linking CXX shared library libMrsUavStateEstimators_RtkGarmin.so
[72.407s] [ 83%] Linking CXX shared library libMrsUavStateEstimators_GpsBaro.so
[72.660s] [ 83%] Built target MrsUavStateEstimators_RtkGarmin
[72.667s] [ 83%] Built target MrsUavStateEstimators_GpsBaro
[72.673s] [ 87%] Linking CXX shared library libMrsUavStateEstimators_Rtk.so
[72.925s] [ 87%] Built target MrsUavStateEstimators_Rtk
[75.019s] [ 91%] Linking CXX shared library libMrsUavStateEstimators_F9P.so
[75.237s] [ 91%] Built target MrsUavStateEstimators_F9P
[75.330s] [ 95%] Linking CXX shared library libMrsUavStateEstimators_GroundTruth.so
[75.523s] [ 95%] Built target MrsUavStateEstimators_GroundTruth
[76.312s] [100%] Linking CXX shared library libMrsUavStateEstimators_GpsGarmin.so
[76.554s] [100%] Built target MrsUavStateEstimators_GpsGarmin
[76.561s] Invoked command in '/home/gaurav/mrs_workspace/build/mrs_uav_state_estimators' returned '0': CMAKE_PREFIX_PATH=/home/gaurav/mrs_workspace/install/mrs_uav_managers:/home/gaurav/mrs_workspace/install/mrs_uav_hw_api:/home/gaurav/mrs_workspace/install/mrs_uav_testing:/home/gaurav/mrs_workspace/install/mrs_lib:/home/gaurav/mrs_workspace/install/mrs_msgs:/home/gaurav/mrs_workspace/install/mrs_uav_system_full:/home/gaurav/mrs_workspace/install/mrs_uav_system:/home/gaurav/mrs_workspace/install/mrs_uav_core:/home/gaurav/mrs_workspace/install/mrs_uav_trajectory_generation:/home/gaurav/mrs_workspace/install/mrs_uav_trackers:/home/gaurav/mrs_workspace/install/mrs_uav_state_estimators:/home/gaurav/mrs_workspace/install/mrs_uav_controllers:/home/gaurav/mrs_workspace/install/mrs_multirotor_simulator:/home/gaurav/mrs_workspace/install/mrs_uav_autostart:/home/gaurav/mrs_workspace/install/mrs_uav_status:/home/gaurav/mrs_workspace/install/mrs_uav_modules:/home/gaurav/mrs_workspace/install/mrs_serial:/home/gaurav/mrs_workspace/install/mrs_rviz_plugins:/home/gaurav/mrs_workspace/install/mrs_modules_msgs:/opt/ros/jazzy/opt/gz_math_vendor:/opt/ros/jazzy/opt/gz_utils_vendor:/opt/ros/jazzy/opt/gz_cmake_vendor:/opt/ros/jazzy DEBUGINFOD_URLS=https://debuginfod.ubuntu.com LD_LIBRARY_PATH=/home/gaurav/mrs_workspace/install/mrs_uav_managers/lib:/home/gaurav/mrs_workspace/install/mrs_uav_hw_api/lib:/home/gaurav/mrs_workspace/install/mrs_lib/lib:/home/gaurav/mrs_workspace/install/mrs_msgs/lib:/home/gaurav/mrs_workspace/install/mrs_uav_trajectory_generation/lib:/home/gaurav/mrs_workspace/install/mrs_uav_trackers/lib:/home/gaurav/mrs_workspace/install/mrs_uav_state_estimators/lib:/home/gaurav/mrs_workspace/install/mrs_uav_controllers/lib:/home/gaurav/mrs_workspace/install/mrs_multirotor_simulator/lib:/home/gaurav/mrs_workspace/install/mrs_uav_autostart/lib:/home/gaurav/mrs_workspace/install/mrs_uav_testing/lib:/home/gaurav/mrs_workspace/install/mrs_uav_status/lib:/home/gaurav/mrs_workspace/install/mrs_serial/lib:/home/gaurav/mrs_workspace/install/mrs_rviz_plugins/lib:/home/gaurav/mrs_workspace/install/mrs_modules_msgs/lib:/opt/ros/jazzy/opt/zenoh_cpp_vendor/lib:/opt/ros/jazzy/opt/rviz_ogre_vendor/lib:/opt/ros/jazzy/lib/x86_64-linux-gnu:/opt/ros/jazzy/opt/gz_math_vendor/lib:/opt/ros/jazzy/opt/gz_utils_vendor/lib:/opt/ros/jazzy/opt/gz_cmake_vendor/lib:/opt/ros/jazzy/lib /usr/bin/cmake --build /home/gaurav/mrs_workspace/build/mrs_uav_state_estimators -- -j20 -l20
[76.561s] Invoking command in '/home/gaurav/mrs_workspace/build/mrs_uav_state_estimators': CMAKE_PREFIX_PATH=/home/gaurav/mrs_workspace/install/mrs_uav_managers:/home/gaurav/mrs_workspace/install/mrs_uav_hw_api:/home/gaurav/mrs_workspace/install/mrs_uav_testing:/home/gaurav/mrs_workspace/install/mrs_lib:/home/gaurav/mrs_workspace/install/mrs_msgs:/home/gaurav/mrs_workspace/install/mrs_uav_system_full:/home/gaurav/mrs_workspace/install/mrs_uav_system:/home/gaurav/mrs_workspace/install/mrs_uav_core:/home/gaurav/mrs_workspace/install/mrs_uav_trajectory_generation:/home/gaurav/mrs_workspace/install/mrs_uav_trackers:/home/gaurav/mrs_workspace/install/mrs_uav_state_estimators:/home/gaurav/mrs_workspace/install/mrs_uav_controllers:/home/gaurav/mrs_workspace/install/mrs_multirotor_simulator:/home/gaurav/mrs_workspace/install/mrs_uav_autostart:/home/gaurav/mrs_workspace/install/mrs_uav_status:/home/gaurav/mrs_workspace/install/mrs_uav_modules:/home/gaurav/mrs_workspace/install/mrs_serial:/home/gaurav/mrs_workspace/install/mrs_rviz_plugins:/home/gaurav/mrs_workspace/install/mrs_modules_msgs:/opt/ros/jazzy/opt/gz_math_vendor:/opt/ros/jazzy/opt/gz_utils_vendor:/opt/ros/jazzy/opt/gz_cmake_vendor:/opt/ros/jazzy DEBUGINFOD_URLS=https://debuginfod.ubuntu.com LD_LIBRARY_PATH=/home/gaurav/mrs_workspace/install/mrs_uav_managers/lib:/home/gaurav/mrs_workspace/install/mrs_uav_hw_api/lib:/home/gaurav/mrs_workspace/install/mrs_lib/lib:/home/gaurav/mrs_workspace/install/mrs_msgs/lib:/home/gaurav/mrs_workspace/install/mrs_uav_trajectory_generation/lib:/home/gaurav/mrs_workspace/install/mrs_uav_trackers/lib:/home/gaurav/mrs_workspace/install/mrs_uav_state_estimators/lib:/home/gaurav/mrs_workspace/install/mrs_uav_controllers/lib:/home/gaurav/mrs_workspace/install/mrs_multirotor_simulator/lib:/home/gaurav/mrs_workspace/install/mrs_uav_autostart/lib:/home/gaurav/mrs_workspace/install/mrs_uav_testing/lib:/home/gaurav/mrs_workspace/install/mrs_uav_status/lib:/home/gaurav/mrs_workspace/install/mrs_serial/lib:/home/gaurav/mrs_workspace/install/mrs_rviz_plugins/lib:/home/gaurav/mrs_workspace/install/mrs_modules_msgs/lib:/opt/ros/jazzy/opt/zenoh_cpp_vendor/lib:/opt/ros/jazzy/opt/rviz_ogre_vendor/lib:/opt/ros/jazzy/lib/x86_64-linux-gnu:/opt/ros/jazzy/opt/gz_math_vendor/lib:/opt/ros/jazzy/opt/gz_utils_vendor/lib:/opt/ros/jazzy/opt/gz_cmake_vendor/lib:/opt/ros/jazzy/lib /usr/bin/cmake --install /home/gaurav/mrs_workspace/build/mrs_uav_state_estimators
[76.566s] -- Install configuration: "Release"
[76.567s] -- Execute custom install script
[76.567s] -- Symlinking: /home/gaurav/mrs_workspace/install/mrs_uav_state_estimators/share/mrs_uav_state_estimators//plugins.xml
[76.573s] -- Symlinking: /home/gaurav/mrs_workspace/install/mrs_uav_state_estimators/share/mrs_uav_state_estimators/config/private/dummy/dummy.yaml
[76.578s] -- Symlinking: /home/gaurav/mrs_workspace/install/mrs_uav_state_estimators/share/mrs_uav_state_estimators/config/private/f9p/f9p.yaml
[76.584s] -- Symlinking: /home/gaurav/mrs_workspace/install/mrs_uav_state_estimators/share/mrs_uav_state_estimators/config/private/garmin_agl/garmin_agl.yaml
[76.591s] -- Symlinking: /home/gaurav/mrs_workspace/install/mrs_uav_state_estimators/share/mrs_uav_state_estimators/config/private/gps_baro/alt_baro.yaml
[76.596s] -- Symlinking: /home/gaurav/mrs_workspace/install/mrs_uav_state_estimators/share/mrs_uav_state_estimators/config/private/gps_baro/gps_baro.yaml
[76.602s] -- Symlinking: /home/gaurav/mrs_workspace/install/mrs_uav_state_estimators/share/mrs_uav_state_estimators/config/private/gps_baro/hdg_hw_api.yaml
[76.606s] -- Symlinking: /home/gaurav/mrs_workspace/install/mrs_uav_state_estimators/share/mrs_uav_state_estimators/config/private/gps_baro/lat_gps.yaml
[76.611s] -- Symlinking: /home/gaurav/mrs_workspace/install/mrs_uav_state_estimators/share/mrs_uav_state_estimators/config/private/gps_garmin/alt_garmin.yaml
[76.616s] -- Symlinking: /home/gaurav/mrs_workspace/install/mrs_uav_state_estimators/share/mrs_uav_state_estimators/config/private/gps_garmin/gps_garmin.yaml
[76.621s] -- Symlinking: /home/gaurav/mrs_workspace/install/mrs_uav_state_estimators/share/mrs_uav_state_estimators/config/private/gps_garmin/hdg_hw_api.yaml
[76.627s] -- Symlinking: /home/gaurav/mrs_workspace/install/mrs_uav_state_estimators/share/mrs_uav_state_estimators/config/private/gps_garmin/lat_gps.yaml
[76.634s] -- Symlinking: /home/gaurav/mrs_workspace/install/mrs_uav_state_estimators/share/mrs_uav_state_estimators/config/private/ground_truth/ground_truth.yaml
[76.641s] -- Symlinking: /home/gaurav/mrs_workspace/install/mrs_uav_state_estimators/share/mrs_uav_state_estimators/config/private/hdg_hw_api/hdg_hw_api.yaml
[76.646s] -- Symlinking: /home/gaurav/mrs_workspace/install/mrs_uav_state_estimators/share/mrs_uav_state_estimators/config/private/passthrough/passthrough.yaml
[76.652s] -- Symlinking: /home/gaurav/mrs_workspace/install/mrs_uav_state_estimators/share/mrs_uav_state_estimators/config/private/rtk/alt_rtk.yaml
[76.657s] -- Symlinking: /home/gaurav/mrs_workspace/install/mrs_uav_state_estimators/share/mrs_uav_state_estimators/config/private/rtk/hdg_hw_api.yaml
[76.663s] -- Symlinking: /home/gaurav/mrs_workspace/install/mrs_uav_state_estimators/share/mrs_uav_state_estimators/config/private/rtk/lat_rtk.yaml
[76.669s] -- Symlinking: /home/gaurav/mrs_workspace/install/mrs_uav_state_estimators/share/mrs_uav_state_estimators/config/private/rtk/rtk.yaml
[76.675s] -- Symlinking: /home/gaurav/mrs_workspace/install/mrs_uav_state_estimators/share/mrs_uav_state_estimators/config/private/rtk_garmin/alt_garmin.yaml
[76.680s] -- Symlinking: /home/gaurav/mrs_workspace/install/mrs_uav_state_estimators/share/mrs_uav_state_estimators/config/private/rtk_garmin/hdg_hw_api.yaml
[76.685s] -- Symlinking: /home/gaurav/mrs_workspace/install/mrs_uav_state_estimators/share/mrs_uav_state_estimators/config/private/rtk_garmin/lat_rtk.yaml
[76.692s] -- Symlinking: /home/gaurav/mrs_workspace/install/mrs_uav_state_estimators/share/mrs_uav_state_estimators/config/private/rtk_garmin/rtk_garmin.yaml
[76.698s] -- Symlinking: /home/gaurav/mrs_workspace/install/mrs_uav_state_estimators/share/mrs_uav_state_estimators/config/public/dummy/dummy.yaml
[76.705s] -- Symlinking: /home/gaurav/mrs_workspace/install/mrs_uav_state_estimators/share/mrs_uav_state_estimators/config/public/f9p/f9p.yaml
[76.711s] -- Symlinking: /home/gaurav/mrs_workspace/install/mrs_uav_state_estimators/share/mrs_uav_state_estimators/config/public/garmin_agl/garmin_agl.yaml
[76.717s] -- Symlinking: /home/gaurav/mrs_workspace/install/mrs_uav_state_estimators/share/mrs_uav_state_estimators/config/public/gps_baro/alt_baro.yaml
[76.722s] -- Symlinking: /home/gaurav/mrs_workspace/install/mrs_uav_state_estimators/share/mrs_uav_state_estimators/config/public/gps_baro/gps_baro.yaml
[76.726s] -- Symlinking: /home/gaurav/mrs_workspace/install/mrs_uav_state_estimators/share/mrs_uav_state_estimators/config/public/gps_baro/hdg_hw_api.yaml
[76.732s] -- Symlinking: /home/gaurav/mrs_workspace/install/mrs_uav_state_estimators/share/mrs_uav_state_estimators/config/public/gps_baro/lat_gps.yaml
[76.737s] -- Symlinking: /home/gaurav/mrs_workspace/install/mrs_uav_state_estimators/share/mrs_uav_state_estimators/config/public/gps_garmin/alt_garmin.yaml
[76.742s] -- Symlinking: /home/gaurav/mrs_workspace/install/mrs_uav_state_estimators/share/mrs_uav_state_estimators/config/public/gps_garmin/gps_garmin.yaml
[76.748s] -- Symlinking: /home/gaurav/mrs_workspace/install/mrs_uav_state_estimators/share/mrs_uav_state_estimators/config/public/gps_garmin/hdg_hw_api.yaml
[76.753s] -- Symlinking: /home/gaurav/mrs_workspace/install/mrs_uav_state_estimators/share/mrs_uav_state_estimators/config/public/gps_garmin/lat_gps.yaml
[76.758s] -- Symlinking: /home/gaurav/mrs_workspace/install/mrs_uav_state_estimators/share/mrs_uav_state_estimators/config/public/ground_truth/ground_truth.yaml
[76.763s] -- Symlinking: /home/gaurav/mrs_workspace/install/mrs_uav_state_estimators/share/mrs_uav_state_estimators/config/public/hdg_hw_api/hdg_hw_api.yaml
[76.767s] -- Symlinking: /home/gaurav/mrs_workspace/install/mrs_uav_state_estimators/share/mrs_uav_state_estimators/config/public/passthrough/passthrough.yaml
[76.772s] -- Symlinking: /home/gaurav/mrs_workspace/install/mrs_uav_state_estimators/share/mrs_uav_state_estimators/config/public/rtk/alt_rtk.yaml
[76.777s] -- Symlinking: /home/gaurav/mrs_workspace/install/mrs_uav_state_estimators/share/mrs_uav_state_estimators/config/public/rtk/hdg_hw_api.yaml
[76.782s] -- Symlinking: /home/gaurav/mrs_workspace/install/mrs_uav_state_estimators/share/mrs_uav_state_estimators/config/public/rtk/lat_rtk.yaml
[76.787s] -- Symlinking: /home/gaurav/mrs_workspace/install/mrs_uav_state_estimators/share/mrs_uav_state_estimators/config/public/rtk/rtk.yaml
[76.793s] -- Symlinking: /home/gaurav/mrs_workspace/install/mrs_uav_state_estimators/share/mrs_uav_state_estimators/config/public/rtk_garmin/alt_garmin.yaml
[76.797s] -- Symlinking: /home/gaurav/mrs_workspace/install/mrs_uav_state_estimators/share/mrs_uav_state_estimators/config/public/rtk_garmin/hdg_hw_api.yaml
[76.802s] -- Symlinking: /home/gaurav/mrs_workspace/install/mrs_uav_state_estimators/share/mrs_uav_state_estimators/config/public/rtk_garmin/lat_rtk.yaml
[76.807s] -- Symlinking: /home/gaurav/mrs_workspace/install/mrs_uav_state_estimators/share/mrs_uav_state_estimators/config/public/rtk_garmin/rtk_garmin.yaml
[76.813s] -- Symlinking: /home/gaurav/mrs_workspace/install/mrs_uav_state_estimators/share/mrs_uav_state_estimators/environment/library_path.sh
[76.818s] -- Symlinking: /home/gaurav/mrs_workspace/install/mrs_uav_state_estimators/share/mrs_uav_state_estimators/environment/library_path.dsv
[76.823s] -- Symlinking: /home/gaurav/mrs_workspace/install/mrs_uav_state_estimators/share/ament_index/resource_index/package_run_dependencies/mrs_uav_state_estimators
[76.831s] -- Symlinking: /home/gaurav/mrs_workspace/install/mrs_uav_state_estimators/share/ament_index/resource_index/parent_prefix_path/mrs_uav_state_estimators
[76.836s] -- Symlinking: /home/gaurav/mrs_workspace/install/mrs_uav_state_estimators/share/mrs_uav_state_estimators/environment/ament_prefix_path.sh
[76.841s] -- Symlinking: /home/gaurav/mrs_workspace/install/mrs_uav_state_estimators/share/mrs_uav_state_estimators/environment/ament_prefix_path.dsv
[76.847s] -- Symlinking: /home/gaurav/mrs_workspace/install/mrs_uav_state_estimators/share/mrs_uav_state_estimators/environment/path.sh
[76.853s] -- Symlinking: /home/gaurav/mrs_workspace/install/mrs_uav_state_estimators/share/mrs_uav_state_estimators/environment/path.dsv
[76.859s] -- Symlinking: /home/gaurav/mrs_workspace/install/mrs_uav_state_estimators/share/mrs_uav_state_estimators/local_setup.bash
[76.863s] -- Symlinking: /home/gaurav/mrs_workspace/install/mrs_uav_state_estimators/share/mrs_uav_state_estimators/local_setup.sh
[76.869s] -- Symlinking: /home/gaurav/mrs_workspace/install/mrs_uav_state_estimators/share/mrs_uav_state_estimators/local_setup.zsh
[76.873s] -- Symlinking: /home/gaurav/mrs_workspace/install/mrs_uav_state_estimators/share/mrs_uav_state_estimators/local_setup.dsv
[76.879s] -- Symlinking: /home/gaurav/mrs_workspace/install/mrs_uav_state_estimators/share/mrs_uav_state_estimators/package.dsv
[76.883s] -- Symlinking: /home/gaurav/mrs_workspace/install/mrs_uav_state_estimators/share/ament_index/resource_index/packages/mrs_uav_state_estimators
[76.888s] -- Symlinking: /home/gaurav/mrs_workspace/install/mrs_uav_state_estimators/share/ament_index/resource_index/mrs_uav_managers__pluginlib__plugin/mrs_uav_state_estimators
[76.893s] -- Symlinking: /home/gaurav/mrs_workspace/install/mrs_uav_state_estimators/share/mrs_uav_state_estimators/cmake/ament_cmake_export_targets-extras.cmake
[76.899s] -- Symlinking: /home/gaurav/mrs_workspace/install/mrs_uav_state_estimators/share/mrs_uav_state_estimators/cmake/ament_cmake_export_include_directories-extras.cmake
[76.904s] -- Symlinking: /home/gaurav/mrs_workspace/install/mrs_uav_state_estimators/share/mrs_uav_state_estimators/cmake/ament_cmake_export_libraries-extras.cmake
[76.909s] -- Symlinking: /home/gaurav/mrs_workspace/install/mrs_uav_state_estimators/share/mrs_uav_state_estimators/cmake/ament_cmake_export_dependencies-extras.cmake
[76.915s] -- Symlinking: /home/gaurav/mrs_workspace/install/mrs_uav_state_estimators/share/mrs_uav_state_estimators/cmake/mrs_uav_state_estimatorsConfig.cmake
[76.920s] -- Symlinking: /home/gaurav/mrs_workspace/install/mrs_uav_state_estimators/share/mrs_uav_state_estimators/cmake/mrs_uav_state_estimatorsConfig-version.cmake
[76.925s] -- Symlinking: /home/gaurav/mrs_workspace/install/mrs_uav_state_estimators/share/mrs_uav_state_estimators/package.xml
[76.930s] -- Installing: /home/gaurav/mrs_workspace/install/mrs_uav_state_estimators/lib/libMrsUavStateEstimators_Common.so
[76.935s] -- Set non-toolchain portion of runtime path of "/home/gaurav/mrs_workspace/install/mrs_uav_state_estimators/lib/libMrsUavStateEstimators_Common.so" to ""
[76.935s] -- Installing: /home/gaurav/mrs_workspace/install/mrs_uav_state_estimators/include/mrs_uav_state_estimators/mrs_uav_state_estimators/estimators/correction.h
[76.935s] -- Installing: /home/gaurav/mrs_workspace/install/mrs_uav_state_estimators/include/mrs_uav_state_estimators/mrs_uav_state_estimators/estimators/partial_estimator.h
[76.935s] -- Installing: /home/gaurav/mrs_workspace/install/mrs_uav_state_estimators/include/mrs_uav_state_estimators/mrs_uav_state_estimators/estimators/agl/garmin_agl.h
[76.935s] -- Installing: /home/gaurav/mrs_workspace/install/mrs_uav_state_estimators/include/mrs_uav_state_estimators/mrs_uav_state_estimators/estimators/altitude/alt_generic.h
[76.935s] -- Installing: /home/gaurav/mrs_workspace/install/mrs_uav_state_estimators/include/mrs_uav_state_estimators/mrs_uav_state_estimators/estimators/altitude/altitude_estimator.h
[76.935s] -- Installing: /home/gaurav/mrs_workspace/install/mrs_uav_state_estimators/include/mrs_uav_state_estimators/mrs_uav_state_estimators/estimators/heading/hdg_generic.h
[76.935s] -- Installing: /home/gaurav/mrs_workspace/install/mrs_uav_state_estimators/include/mrs_uav_state_estimators/mrs_uav_state_estimators/estimators/heading/hdg_passthrough.h
[76.935s] -- Installing: /home/gaurav/mrs_workspace/install/mrs_uav_state_estimators/include/mrs_uav_state_estimators/mrs_uav_state_estimators/estimators/heading/heading_estimator.h
[76.935s] -- Installing: /home/gaurav/mrs_workspace/install/mrs_uav_state_estimators/include/mrs_uav_state_estimators/mrs_uav_state_estimators/estimators/lateral/lat_generic.h
[76.935s] -- Installing: /home/gaurav/mrs_workspace/install/mrs_uav_state_estimators/include/mrs_uav_state_estimators/mrs_uav_state_estimators/estimators/lateral/lateral_estimator.h
[76.935s] -- Installing: /home/gaurav/mrs_workspace/install/mrs_uav_state_estimators/include/mrs_uav_state_estimators/mrs_uav_state_estimators/estimators/state/dummy.h
[76.935s] -- Installing: /home/gaurav/mrs_workspace/install/mrs_uav_state_estimators/include/mrs_uav_state_estimators/mrs_uav_state_estimators/estimators/state/f9p.h
[76.935s] -- Installing: /home/gaurav/mrs_workspace/install/mrs_uav_state_estimators/include/mrs_uav_state_estimators/mrs_uav_state_estimators/estimators/state/ground_truth.h
[76.936s] -- Installing: /home/gaurav/mrs_workspace/install/mrs_uav_state_estimators/include/mrs_uav_state_estimators/mrs_uav_state_estimators/estimators/state/passthrough.h
[76.936s] -- Installing: /home/gaurav/mrs_workspace/install/mrs_uav_state_estimators/include/mrs_uav_state_estimators/mrs_uav_state_estimators/estimators/state/state_generic.h
[76.936s] -- Installing: /home/gaurav/mrs_workspace/install/mrs_uav_state_estimators/include/mrs_uav_state_estimators/mrs_uav_state_estimators/processors/proc_excessive_tilt.h
[76.936s] -- Installing: /home/gaurav/mrs_workspace/install/mrs_uav_state_estimators/include/mrs_uav_state_estimators/mrs_uav_state_estimators/processors/proc_mag_declination.h
[76.936s] -- Installing: /home/gaurav/mrs_workspace/install/mrs_uav_state_estimators/include/mrs_uav_state_estimators/mrs_uav_state_estimators/processors/proc_median_filter.h
[76.936s] -- Installing: /home/gaurav/mrs_workspace/install/mrs_uav_state_estimators/include/mrs_uav_state_estimators/mrs_uav_state_estimators/processors/proc_saturate.h
[76.936s] -- Installing: /home/gaurav/mrs_workspace/install/mrs_uav_state_estimators/include/mrs_uav_state_estimators/mrs_uav_state_estimators/processors/proc_tf_to_world.h
[76.936s] -- Installing: /home/gaurav/mrs_workspace/install/mrs_uav_state_estimators/include/mrs_uav_state_estimators/mrs_uav_state_estimators/processors/processor.h
[76.936s] -- Installing: /home/gaurav/mrs_workspace/install/mrs_uav_state_estimators/include/mrs_uav_state_estimators/mrs_uav_state_estimators/processors/mag_declination/geo_mag_declination.h
[76.936s] -- Installing: /home/gaurav/mrs_workspace/install/mrs_uav_state_estimators/include/mrs_uav_state_estimators/mrs_uav_state_estimators/processors/mag_declination/geo_magnetic_tables.hpp
[76.936s] -- Installing: /home/gaurav/mrs_workspace/install/mrs_uav_state_estimators/lib/libMrsUavStateEstimators_GpsBaro.so
[76.937s] -- Set non-toolchain portion of runtime path of "/home/gaurav/mrs_workspace/install/mrs_uav_state_estimators/lib/libMrsUavStateEstimators_GpsBaro.so" to ""
[76.937s] -- Installing: /home/gaurav/mrs_workspace/install/mrs_uav_state_estimators/lib/libMrsUavStateEstimators_GpsGarmin.so
[76.937s] -- Set non-toolchain portion of runtime path of "/home/gaurav/mrs_workspace/install/mrs_uav_state_estimators/lib/libMrsUavStateEstimators_GpsGarmin.so" to ""
[76.937s] -- Installing: /home/gaurav/mrs_workspace/install/mrs_uav_state_estimators/lib/libMrsUavStateEstimators_GarminAgl.so
[76.938s] -- Set non-toolchain portion of runtime path of "/home/gaurav/mrs_workspace/install/mrs_uav_state_estimators/lib/libMrsUavStateEstimators_GarminAgl.so" to ""
[76.938s] -- Installing: /home/gaurav/mrs_workspace/install/mrs_uav_state_estimators/lib/libMrsUavStateEstimators_Passthrough.so
[76.938s] -- Set non-toolchain portion of runtime path of "/home/gaurav/mrs_workspace/install/mrs_uav_state_estimators/lib/libMrsUavStateEstimators_Passthrough.so" to ""
[76.938s] -- Installing: /home/gaurav/mrs_workspace/install/mrs_uav_state_estimators/lib/libMrsUavStateEstimators_F9P.so
[76.939s] -- Set non-toolchain portion of runtime path of "/home/gaurav/mrs_workspace/install/mrs_uav_state_estimators/lib/libMrsUavStateEstimators_F9P.so" to ""
[76.939s] -- Installing: /home/gaurav/mrs_workspace/install/mrs_uav_state_estimators/lib/libMrsUavStateEstimators_Rtk.so
[76.940s] -- Set non-toolchain portion of runtime path of "/home/gaurav/mrs_workspace/install/mrs_uav_state_estimators/lib/libMrsUavStateEstimators_Rtk.so" to ""
[76.940s] -- Installing: /home/gaurav/mrs_workspace/install/mrs_uav_state_estimators/lib/libMrsUavStateEstimators_RtkGarmin.so
[76.941s] -- Set non-toolchain portion of runtime path of "/home/gaurav/mrs_workspace/install/mrs_uav_state_estimators/lib/libMrsUavStateEstimators_RtkGarmin.so" to ""
[76.941s] -- Installing: /home/gaurav/mrs_workspace/install/mrs_uav_state_estimators/lib/libMrsUavStateEstimators_GroundTruth.so
[76.941s] -- Set non-toolchain portion of runtime path of "/home/gaurav/mrs_workspace/install/mrs_uav_state_estimators/lib/libMrsUavStateEstimators_GroundTruth.so" to ""
[76.941s] -- Installing: /home/gaurav/mrs_workspace/install/mrs_uav_state_estimators/lib/libMrsUavStateEstimators_Dummy.so
[76.942s] -- Set non-toolchain portion of runtime path of "/home/gaurav/mrs_workspace/install/mrs_uav_state_estimators/lib/libMrsUavStateEstimators_Dummy.so" to ""
[76.942s] -- Installing: /home/gaurav/mrs_workspace/install/mrs_uav_state_estimators/lib/mrs_uav_state_estimators/scripts
[76.942s] -- Installing: /home/gaurav/mrs_workspace/install/mrs_uav_state_estimators/lib/mrs_uav_state_estimators/scripts/get_public_params.py
[76.942s] -- Installing: /home/gaurav/mrs_workspace/install/mrs_uav_state_estimators/share/mrs_uav_state_estimators/cmake/export_mrs_uav_state_estimatorsExport.cmake
[76.942s] -- Installing: /home/gaurav/mrs_workspace/install/mrs_uav_state_estimators/share/mrs_uav_state_estimators/cmake/export_mrs_uav_state_estimatorsExport-release.cmake
[76.943s] Invoked command in '/home/gaurav/mrs_workspace/build/mrs_uav_state_estimators' returned '0': CMAKE_PREFIX_PATH=/home/gaurav/mrs_workspace/install/mrs_uav_managers:/home/gaurav/mrs_workspace/install/mrs_uav_hw_api:/home/gaurav/mrs_workspace/install/mrs_uav_testing:/home/gaurav/mrs_workspace/install/mrs_lib:/home/gaurav/mrs_workspace/install/mrs_msgs:/home/gaurav/mrs_workspace/install/mrs_uav_system_full:/home/gaurav/mrs_workspace/install/mrs_uav_system:/home/gaurav/mrs_workspace/install/mrs_uav_core:/home/gaurav/mrs_workspace/install/mrs_uav_trajectory_generation:/home/gaurav/mrs_workspace/install/mrs_uav_trackers:/home/gaurav/mrs_workspace/install/mrs_uav_state_estimators:/home/gaurav/mrs_workspace/install/mrs_uav_controllers:/home/gaurav/mrs_workspace/install/mrs_multirotor_simulator:/home/gaurav/mrs_workspace/install/mrs_uav_autostart:/home/gaurav/mrs_workspace/install/mrs_uav_status:/home/gaurav/mrs_workspace/install/mrs_uav_modules:/home/gaurav/mrs_workspace/install/mrs_serial:/home/gaurav/mrs_workspace/install/mrs_rviz_plugins:/home/gaurav/mrs_workspace/install/mrs_modules_msgs:/opt/ros/jazzy/opt/gz_math_vendor:/opt/ros/jazzy/opt/gz_utils_vendor:/opt/ros/jazzy/opt/gz_cmake_vendor:/opt/ros/jazzy DEBUGINFOD_URLS=https://debuginfod.ubuntu.com LD_LIBRARY_PATH=/home/gaurav/mrs_workspace/install/mrs_uav_managers/lib:/home/gaurav/mrs_workspace/install/mrs_uav_hw_api/lib:/home/gaurav/mrs_workspace/install/mrs_lib/lib:/home/gaurav/mrs_workspace/install/mrs_msgs/lib:/home/gaurav/mrs_workspace/install/mrs_uav_trajectory_generation/lib:/home/gaurav/mrs_workspace/install/mrs_uav_trackers/lib:/home/gaurav/mrs_workspace/install/mrs_uav_state_estimators/lib:/home/gaurav/mrs_workspace/install/mrs_uav_controllers/lib:/home/gaurav/mrs_workspace/install/mrs_multirotor_simulator/lib:/home/gaurav/mrs_workspace/install/mrs_uav_autostart/lib:/home/gaurav/mrs_workspace/install/mrs_uav_testing/lib:/home/gaurav/mrs_workspace/install/mrs_uav_status/lib:/home/gaurav/mrs_workspace/install/mrs_serial/lib:/home/gaurav/mrs_workspace/install/mrs_rviz_plugins/lib:/home/gaurav/mrs_workspace/install/mrs_modules_msgs/lib:/opt/ros/jazzy/opt/zenoh_cpp_vendor/lib:/opt/ros/jazzy/opt/rviz_ogre_vendor/lib:/opt/ros/jazzy/lib/x86_64-linux-gnu:/opt/ros/jazzy/opt/gz_math_vendor/lib:/opt/ros/jazzy/opt/gz_utils_vendor/lib:/opt/ros/jazzy/opt/gz_cmake_vendor/lib:/opt/ros/jazzy/lib /usr/bin/cmake --install /home/gaurav/mrs_workspace/build/mrs_uav_state_estimators
