-- The C compiler identification is GNU 13.3.0
-- The CXX compiler identification is GNU 13.3.0
-- Detecting C compiler ABI info
-- Detecting C compiler ABI info - done
-- Check for working C compiler: /usr/bin/cc - skipped
-- Detecting C compile features
-- Detecting C compile features - done
-- Detecting CXX compiler ABI info
-- Detecting CXX compiler ABI info - done
-- Check for working CXX compiler: /usr/bin/c++ - skipped
-- Detecting CXX compile features
-- Detecting CXX compile features - done
-- Found ament_cmake: 2.5.4 (/opt/ros/jazzy/share/ament_cmake/cmake)
-- Found Python3: /usr/bin/python3 (found version "3.12.3") found components: Interpreter 
-- Override CMake install command with custom implementation using symlinks instead of copying resources
-- Configuring done (0.5s)
-- Generating done (0.0s)
-- Build files have been written to: /home/gaurav/mrs_workspace/build/mrs_uav_modules
-- Install configuration: "Release"
-- Execute custom install script
-- Symlinking: /home/gaurav/mrs_workspace/install/mrs_uav_modules/share/ament_index/resource_index/package_run_dependencies/mrs_uav_modules
-- Symlinking: /home/gaurav/mrs_workspace/install/mrs_uav_modules/share/ament_index/resource_index/parent_prefix_path/mrs_uav_modules
-- Symlinking: /home/gaurav/mrs_workspace/install/mrs_uav_modules/share/mrs_uav_modules/environment/ament_prefix_path.sh
-- Symlinking: /home/gaurav/mrs_workspace/install/mrs_uav_modules/share/mrs_uav_modules/environment/ament_prefix_path.dsv
-- Symlinking: /home/gaurav/mrs_workspace/install/mrs_uav_modules/share/mrs_uav_modules/environment/path.sh
-- Symlinking: /home/gaurav/mrs_workspace/install/mrs_uav_modules/share/mrs_uav_modules/environment/path.dsv
-- Symlinking: /home/gaurav/mrs_workspace/install/mrs_uav_modules/share/mrs_uav_modules/local_setup.bash
-- Symlinking: /home/gaurav/mrs_workspace/install/mrs_uav_modules/share/mrs_uav_modules/local_setup.sh
-- Symlinking: /home/gaurav/mrs_workspace/install/mrs_uav_modules/share/mrs_uav_modules/local_setup.zsh
-- Symlinking: /home/gaurav/mrs_workspace/install/mrs_uav_modules/share/mrs_uav_modules/local_setup.dsv
-- Symlinking: /home/gaurav/mrs_workspace/install/mrs_uav_modules/share/mrs_uav_modules/package.dsv
-- Symlinking: /home/gaurav/mrs_workspace/install/mrs_uav_modules/share/ament_index/resource_index/packages/mrs_uav_modules
-- Symlinking: /home/gaurav/mrs_workspace/install/mrs_uav_modules/share/mrs_uav_modules/cmake/mrs_uav_modulesConfig.cmake
-- Symlinking: /home/gaurav/mrs_workspace/install/mrs_uav_modules/share/mrs_uav_modules/cmake/mrs_uav_modulesConfig-version.cmake
-- Symlinking: /home/gaurav/mrs_workspace/install/mrs_uav_modules/share/mrs_uav_modules/package.xml
