CMake Warning (dev) at /usr/lib/x86_64-linux-gnu/cmake/pcl/Modules/FindFLANN.cmake:45 (find_package):
  Policy CMP0144 is not set: find_package uses upper-case <PACKAGENAME>_ROOT
  variables.  Run "cmake --help-policy CMP0144" for policy details.  Use the
  cmake_policy command to set the policy and suppress this warning.

  CMake variable FLANN_ROOT is set to:

    /usr

  For compatibility, find_package is ignoring the variable, but code in a
  .cmake module might still use it.
Call Stack (most recent call first):
  /usr/lib/x86_64-linux-gnu/cmake/pcl/PCLConfig.cmake:261 (find_package)
  /usr/lib/x86_64-linux-gnu/cmake/pcl/PCLConfig.cmake:306 (find_flann)
  /usr/lib/x86_64-linux-gnu/cmake/pcl/PCLConfig.cmake:570 (find_external_library)
  /opt/ros/jazzy/share/pcl_conversions/cmake/ament_cmake_export_dependencies-extras.cmake:21 (find_package)
  /opt/ros/jazzy/share/pcl_conversions/cmake/pcl_conversionsConfig.cmake:41 (include)
  /opt/ros/jazzy/share/pcl_ros/cmake/ament_cmake_export_dependencies-extras.cmake:21 (find_package)
  /opt/ros/jazzy/share/pcl_ros/cmake/pcl_rosConfig.cmake:41 (include)
  CMakeLists.txt:62 (find_package)
This warning is for project developers.  Use -Wno-dev to suppress it.

In file included from /home/gaurav/mrs_workspace/src/mrs_uav_flightforge_simulator/include/flight_forge_connector/socket_client.h:17,
                 from /home/gaurav/mrs_workspace/src/mrs_uav_flightforge_simulator/include/flight_forge_connector/flight_forge_connector.h:10,
                 from /home/gaurav/mrs_workspace/src/mrs_uav_flightforge_simulator/src/flight_forge_connector/flight_forge_connector.cpp:4:
/home/gaurav/mrs_workspace/src/mrs_uav_flightforge_simulator/include/kissnet/kissnet.hpp:403:41: warning: missing initializer for member ‘sockaddr_storage::__ss_padding’ [-Wmissing-field-initializers]
  403 |             sockaddr_storage adrinf = {0};
      |                                         ^
/home/gaurav/mrs_workspace/src/mrs_uav_flightforge_simulator/include/kissnet/kissnet.hpp:403:41: warning: missing initializer for member ‘sockaddr_storage::__ss_align’ [-Wmissing-field-initializers]
In file included from /home/gaurav/mrs_workspace/src/mrs_uav_flightforge_simulator/include/flight_forge_connector/socket_client.h:17,
                 from /home/gaurav/mrs_workspace/src/mrs_uav_flightforge_simulator/src/flight_forge_connector/socket_client.cpp:4:
/home/gaurav/mrs_workspace/src/mrs_uav_flightforge_simulator/include/kissnet/kissnet.hpp:403:41: warning: missing initializer for member ‘sockaddr_storage::__ss_padding’ [-Wmissing-field-initializers]
  403 |             sockaddr_storage adrinf = {0};
      |                                         ^
/home/gaurav/mrs_workspace/src/mrs_uav_flightforge_simulator/include/kissnet/kissnet.hpp:403:41: warning: missing initializer for member ‘sockaddr_storage::__ss_align’ [-Wmissing-field-initializers]
In file included from /home/gaurav/mrs_workspace/src/mrs_uav_flightforge_simulator/include/flight_forge_connector/socket_client.h:17,
                 from /home/gaurav/mrs_workspace/src/mrs_uav_flightforge_simulator/include/flight_forge_connector/game_mode_controller.h:10,
                 from /home/gaurav/mrs_workspace/src/mrs_uav_flightforge_simulator/src/flight_forge_connector/game_mode_controller.cpp:4:
/home/gaurav/mrs_workspace/src/mrs_uav_flightforge_simulator/include/kissnet/kissnet.hpp:403:41: warning: missing initializer for member ‘sockaddr_storage::__ss_padding’ [-Wmissing-field-initializers]
  403 |             sockaddr_storage adrinf = {0};
      |                                         ^
/home/gaurav/mrs_workspace/src/mrs_uav_flightforge_simulator/include/kissnet/kissnet.hpp:403:41: warning: missing initializer for member ‘sockaddr_storage::__ss_align’ [-Wmissing-field-initializers]
In file included from /home/gaurav/mrs_workspace/src/mrs_uav_flightforge_simulator/include/flight_forge_connector/socket_client.h:17,
                 from /home/gaurav/mrs_workspace/src/mrs_uav_flightforge_simulator/include/flight_forge_connector/flight_forge_connector.h:10,
                 from /home/gaurav/mrs_workspace/src/mrs_uav_flightforge_simulator/src/flightforge_simulator.cpp:40:
/home/gaurav/mrs_workspace/src/mrs_uav_flightforge_simulator/include/kissnet/kissnet.hpp:403:41: warning: missing initializer for member ‘sockaddr_storage::__ss_padding’ [-Wmissing-field-initializers]
  403 |             sockaddr_storage adrinf = {0};
      |                                         ^
/home/gaurav/mrs_workspace/src/mrs_uav_flightforge_simulator/include/kissnet/kissnet.hpp:403:41: warning: missing initializer for member ‘sockaddr_storage::__ss_align’ [-Wmissing-field-initializers]
In file included from /usr/include/boost/numeric/odeint/stepper/runge_kutta4.hpp:27,
                 from /home/gaurav/mrs_workspace/install/mrs_multirotor_simulator/include/mrs_multirotor_simulator/uav_system/ode/boost/numeric/odeint.hpp:29,
                 from /home/gaurav/mrs_workspace/install/mrs_multirotor_simulator/include/mrs_multirotor_simulator/uav_system/multirotor_model.hpp:13,
                 from /home/gaurav/mrs_workspace/install/mrs_multirotor_simulator/include/mrs_multirotor_simulator/uav_system/uav_system.hpp:4,
                 from /home/gaurav/mrs_workspace/install/mrs_multirotor_simulator/include/mrs_multirotor_simulator/uav_system_ros.h:15,
                 from /home/gaurav/mrs_workspace/src/mrs_uav_flightforge_simulator/src/flightforge_simulator.cpp:5:
In copy constructor ‘constexpr boost::numeric::odeint::explicit_generic_rk<4, 4, boost::array<double, 18>, double, boost::array<double, 18>, double, boost::numeric::odeint::array_algebra, boost::numeric::odeint::default_operations, boost::numeric::odeint::initially_resizer>::explicit_generic_rk(const boost::numeric::odeint::explicit_generic_rk<4, 4, boost::array<double, 18>, double, boost::array<double, 18>, double, boost::numeric::odeint::array_algebra, boost::numeric::odeint::default_operations, boost::numeric::odeint::initially_resizer>&)’,
    inlined from ‘constexpr boost::numeric::odeint::runge_kutta4<boost::array<double, 18> >::runge_kutta4(const boost::numeric::odeint::runge_kutta4<boost::array<double, 18> >&)’ at /usr/include/boost/numeric/odeint/stepper/runge_kutta4.hpp:112:7,
    inlined from ‘void mrs_multirotor_simulator::MultirotorModel::step(const double&)’ at /home/gaurav/mrs_workspace/install/mrs_multirotor_simulator/include/mrs_multirotor_simulator/uav_system/multirotor_model.hpp:226:28:
/usr/include/boost/numeric/odeint/stepper/explicit_generic_rk.hpp:94:7: warning: ‘rk.boost::numeric::odeint::runge_kutta4<boost::array<double, 18>, double, boost::array<double, 18>, double, boost::numeric::odeint::array_algebra, boost::numeric::odeint::default_operations, boost::numeric::odeint::initially_resizer>::<unnamed>.boost::numeric::odeint::explicit_generic_rk<4, 4, boost::array<double, 18>, double, boost::array<double, 18>, double, boost::numeric::odeint::array_algebra, boost::numeric::odeint::default_operations, boost::numeric::odeint::initially_resizer>::m_x_tmp’ is used uninitialized [-Wuninitialized]
   94 | class explicit_generic_rk : public explicit_stepper_base<
      |       ^~~~~~~~~~~~~~~~~~~
/home/gaurav/mrs_workspace/install/mrs_multirotor_simulator/include/mrs_multirotor_simulator/uav_system/multirotor_model.hpp: In member function ‘void mrs_multirotor_simulator::MultirotorModel::step(const double&)’:
/home/gaurav/mrs_workspace/install/mrs_multirotor_simulator/include/mrs_multirotor_simulator/uav_system/multirotor_model.hpp:224:55: note: ‘rk’ declared here
  224 |   boost::numeric::odeint::runge_kutta4<InternalState> rk;
      |                                                       ^~
In copy constructor ‘constexpr boost::numeric::odeint::explicit_generic_rk<4, 4, boost::array<double, 18>, double, boost::array<double, 18>, double, boost::numeric::odeint::array_algebra, boost::numeric::odeint::default_operations, boost::numeric::odeint::initially_resizer>::explicit_generic_rk(const boost::numeric::odeint::explicit_generic_rk<4, 4, boost::array<double, 18>, double, boost::array<double, 18>, double, boost::numeric::odeint::array_algebra, boost::numeric::odeint::default_operations, boost::numeric::odeint::initially_resizer>&)’,
    inlined from ‘constexpr boost::numeric::odeint::runge_kutta4<boost::array<double, 18> >::runge_kutta4(const boost::numeric::odeint::runge_kutta4<boost::array<double, 18> >&)’ at /usr/include/boost/numeric/odeint/stepper/runge_kutta4.hpp:112:7,
    inlined from ‘void mrs_multirotor_simulator::MultirotorModel::step(const double&)’ at /home/gaurav/mrs_workspace/install/mrs_multirotor_simulator/include/mrs_multirotor_simulator/uav_system/multirotor_model.hpp:226:28:
/usr/include/boost/numeric/odeint/stepper/explicit_generic_rk.hpp:94:7: warning: ‘rk.boost::numeric::odeint::runge_kutta4<boost::array<double, 18>, double, boost::array<double, 18>, double, boost::numeric::odeint::array_algebra, boost::numeric::odeint::default_operations, boost::numeric::odeint::initially_resizer>::<unnamed>.boost::numeric::odeint::explicit_generic_rk<4, 4, boost::array<double, 18>, double, boost::array<double, 18>, double, boost::numeric::odeint::array_algebra, boost::numeric::odeint::default_operations, boost::numeric::odeint::initially_resizer>::m_F’ is used uninitialized [-Wuninitialized]
   94 | class explicit_generic_rk : public explicit_stepper_base<
      |       ^~~~~~~~~~~~~~~~~~~
/home/gaurav/mrs_workspace/install/mrs_multirotor_simulator/include/mrs_multirotor_simulator/uav_system/multirotor_model.hpp: In member function ‘void mrs_multirotor_simulator::MultirotorModel::step(const double&)’:
/home/gaurav/mrs_workspace/install/mrs_multirotor_simulator/include/mrs_multirotor_simulator/uav_system/multirotor_model.hpp:224:55: note: ‘rk’ declared here
  224 |   boost::numeric::odeint::runge_kutta4<InternalState> rk;
      |                                                       ^~
CMake Warning (dev) at ament_cmake_symlink_install/ament_cmake_symlink_install.cmake:62 (file):
  Policy CMP0009 is not set: FILE GLOB_RECURSE calls should not follow
  symlinks by default.  Run "cmake --help-policy CMP0009" for policy details.
  Use the cmake_policy command to set the policy and suppress this warning.
Call Stack (most recent call first):
  ament_cmake_symlink_install/ament_cmake_symlink_install.cmake:374 (ament_cmake_symlink_install_directory)
  cmake_install.cmake:46 (include)
This warning is for project developers.  Use -Wno-dev to suppress it.

