-- Found rclcpp: 28.1.13 (/opt/ros/jazzy/share/rclcpp/cmake)
-- Found Python3: /usr/bin/python3 (found version "3.12.3") found components: Interpreter 
-- Override CMake install command with custom implementation using symlinks instead of copying resources
-- Found rosidl_generator_c: 4.6.6 (/opt/ros/jazzy/share/rosidl_generator_c/cmake)
-- Found rosidl_generator_cpp: 4.6.6 (/opt/ros/jazzy/share/rosidl_generator_cpp/cmake)
-- Using all available rosidl_typesupport_c: rosidl_typesupport_fastrtps_c;rosidl_typesupport_introspection_c
-- Using all available rosidl_typesupport_cpp: rosidl_typesupport_fastrtps_cpp;rosidl_typesupport_introspection_cpp
-- Found rmw_implementation_cmake: 7.3.2 (/opt/ros/jazzy/share/rmw_implementation_cmake/cmake)
-- Found rmw_fastrtps_cpp: 8.4.3 (/opt/ros/jazzy/share/rmw_fastrtps_cpp/cmake)
-- Using RMW implementation 'rmw_fastrtps_cpp' as default
-- Found rclcpp_components: 28.1.13 (/opt/ros/jazzy/share/rclcpp_components/cmake)
-- Found mrs_lib: 2.0.0 (/home/gaurav/mrs_workspace/install/mrs_lib/share/mrs_lib/cmake)
-- Found eigen3_cmake_module: 0.3.0 (/opt/ros/jazzy/share/eigen3_cmake_module/cmake)
-- Ensuring Eigen3 include directory is part of orocos-kdl CMake target
-- Found mrs_uav_hw_api: 2.0.0 (/home/gaurav/mrs_workspace/install/mrs_uav_hw_api/share/mrs_uav_hw_api/cmake)
-- Found mrs_multirotor_simulator: 2.0.0 (/home/gaurav/mrs_workspace/install/mrs_multirotor_simulator/share/mrs_multirotor_simulator/cmake)
-- Found image_transport: 5.1.7 (/opt/ros/jazzy/share/image_transport/cmake)
-- Found cv_bridge: 4.1.0 (/opt/ros/jazzy/share/cv_bridge/cmake)
-- Found pcl_ros: 2.6.2 (/opt/ros/jazzy/share/pcl_ros/cmake)
-- Found flann version 1.9.2
-- OpenNI found (version: 1.5.4.0, include: /usr/include/ni, lib: /usr/lib/libOpenNI.so;libusb::libusb)
-- OpenNI2 found (version: 2.2.0.33, include: /usr/include/openni2, lib: /usr/lib/x86_64-linux-gnu/libOpenNI2.so;libusb::libusb)
-- OpenNI found (version: 1.5.4.0, include: /usr/include/ni, lib: /usr/lib/libOpenNI.so;libusb::libusb)
-- OpenNI2 found (version: 2.2.0.33, include: /usr/include/openni2, lib: /usr/lib/x86_64-linux-gnu/libOpenNI2.so;libusb::libusb)
-- Found Qhull version 8.0.2
-- OpenNI found (version: 1.5.4.0, include: /usr/include/ni, lib: /usr/lib/libOpenNI.so;libusb::libusb)
-- Found rosidl_default_generators: 1.6.0 (/opt/ros/jazzy/share/rosidl_default_generators/cmake)
-- Found rosidl_adapter: 4.6.6 (/opt/ros/jazzy/share/rosidl_adapter/cmake)
-- Using all available rosidl_typesupport_c: rosidl_typesupport_fastrtps_c;rosidl_typesupport_introspection_c
-- Using all available rosidl_typesupport_cpp: rosidl_typesupport_fastrtps_cpp;rosidl_typesupport_introspection_cpp
-- Found python_cmake_module: 0.11.1 (/opt/ros/jazzy/share/python_cmake_module/cmake)
-- Found Python3: /usr/bin/python3 (found version "3.12.3") found components: Interpreter Development NumPy Development.Module Development.Embed 
-- Configuring done (3.9s)
-- Generating done (0.1s)
-- Build files have been written to: /home/gaurav/mrs_workspace/build/mrs_uav_flightforge_simulator
[  2%] Building CXX object CMakeFiles/MrsUavFlightforgeSimulator_FlightforgeConnector.dir/src/flight_forge_connector/flight_forge_connector.cpp.o
[  4%] Building CXX object CMakeFiles/MrsUavFlightforgeSimulator_FlightforgeConnector.dir/src/flight_forge_connector/socket_client.cpp.o
[  7%] Building CXX object CMakeFiles/MrsUavFlightforgeSimulator_FlightforgeConnector.dir/src/flight_forge_connector/game_mode_controller.cpp.o
[  9%] Generating type hashes for ROS interfaces
[  9%] Built target ament_cmake_python_symlink_mrs_uav_flightforge_simulator
[ 11%] Building CXX object CMakeFiles/MrsUavFlightforgeSimulator_HwApiPlugin.dir/src/hw_api_plugin.cpp.o
running egg_info
creating mrs_uav_flightforge_simulator.egg-info
writing mrs_uav_flightforge_simulator.egg-info/PKG-INFO
writing dependency_links to mrs_uav_flightforge_simulator.egg-info/dependency_links.txt
writing top-level names to mrs_uav_flightforge_simulator.egg-info/top_level.txt
writing manifest file 'mrs_uav_flightforge_simulator.egg-info/SOURCES.txt'
reading manifest file 'mrs_uav_flightforge_simulator.egg-info/SOURCES.txt'
writing manifest file 'mrs_uav_flightforge_simulator.egg-info/SOURCES.txt'
[ 11%] Built target mrs_uav_flightforge_simulator__rosidl_generator_type_description
[ 14%] Generating C code for ROS interfaces
[ 14%] Built target ament_cmake_python_build_mrs_uav_flightforge_simulator_egg
[ 16%] Generating C++ code for ROS interfaces
[ 16%] Built target mrs_uav_flightforge_simulator__cpp
[ 21%] Building C object CMakeFiles/mrs_uav_flightforge_simulator__rosidl_generator_c.dir/rosidl_generator_c/mrs_uav_flightforge_simulator/srv/detail/set_orientation__functions.c.o
[ 21%] Building C object CMakeFiles/mrs_uav_flightforge_simulator__rosidl_generator_c.dir/rosidl_generator_c/mrs_uav_flightforge_simulator/srv/detail/set_orientation__type_support.c.o
[ 23%] Building C object CMakeFiles/mrs_uav_flightforge_simulator__rosidl_generator_c.dir/rosidl_generator_c/mrs_uav_flightforge_simulator/srv/detail/set_orientation__description.c.o
[ 26%] Linking C shared library libmrs_uav_flightforge_simulator__rosidl_generator_c.so
[ 26%] Built target mrs_uav_flightforge_simulator__rosidl_generator_c
[ 28%] Generating C++ type support dispatch for ROS interfaces
[ 30%] Generating C++ type support for eProsima Fast-RTPS
[ 33%] Generating C type support for eProsima Fast-RTPS
[ 35%] Generating C type support dispatch for ROS interfaces
[ 38%] Generating C introspection for ROS interfaces
[ 40%] Generating C++ introspection for ROS interfaces
[ 42%] Building CXX object CMakeFiles/mrs_uav_flightforge_simulator__rosidl_typesupport_cpp.dir/rosidl_typesupport_cpp/mrs_uav_flightforge_simulator/srv/set_orientation__type_support.cpp.o
[ 45%] Building CXX object CMakeFiles/mrs_uav_flightforge_simulator__rosidl_typesupport_introspection_cpp.dir/rosidl_typesupport_introspection_cpp/mrs_uav_flightforge_simulator/srv/detail/set_orientation__type_support.cpp.o
[ 47%] Building CXX object CMakeFiles/mrs_uav_flightforge_simulator__rosidl_typesupport_c.dir/rosidl_typesupport_c/mrs_uav_flightforge_simulator/srv/set_orientation__type_support.cpp.o
[ 50%] Building CXX object CMakeFiles/mrs_uav_flightforge_simulator__rosidl_typesupport_fastrtps_c.dir/rosidl_typesupport_fastrtps_c/mrs_uav_flightforge_simulator/srv/detail/set_orientation__type_support_c.cpp.o
[ 52%] Linking CXX shared library libmrs_uav_flightforge_simulator__rosidl_typesupport_c.so
[ 52%] Built target mrs_uav_flightforge_simulator__rosidl_typesupport_c
[ 54%] Building C object CMakeFiles/mrs_uav_flightforge_simulator__rosidl_typesupport_introspection_c.dir/rosidl_typesupport_introspection_c/mrs_uav_flightforge_simulator/srv/detail/set_orientation__type_support.c.o
[ 57%] Building CXX object CMakeFiles/mrs_uav_flightforge_simulator__rosidl_typesupport_fastrtps_cpp.dir/rosidl_typesupport_fastrtps_cpp/mrs_uav_flightforge_simulator/srv/detail/dds_fastrtps/set_orientation__type_support.cpp.o
[ 59%] Linking C shared library libmrs_uav_flightforge_simulator__rosidl_typesupport_introspection_c.so
[ 59%] Built target mrs_uav_flightforge_simulator__rosidl_typesupport_introspection_c
[ 61%] Linking CXX shared library libmrs_uav_flightforge_simulator__rosidl_typesupport_cpp.so
[ 64%] Linking CXX shared library libmrs_uav_flightforge_simulator__rosidl_typesupport_fastrtps_c.so
[ 64%] Built target mrs_uav_flightforge_simulator__rosidl_typesupport_cpp
[ 64%] Built target mrs_uav_flightforge_simulator__rosidl_typesupport_fastrtps_c
[ 66%] Linking CXX shared library libmrs_uav_flightforge_simulator__rosidl_typesupport_introspection_cpp.so
[ 66%] Built target mrs_uav_flightforge_simulator__rosidl_typesupport_introspection_cpp
[ 69%] Linking CXX shared library libmrs_uav_flightforge_simulator__rosidl_typesupport_fastrtps_cpp.so
[ 69%] Built target mrs_uav_flightforge_simulator__rosidl_typesupport_fastrtps_cpp
[ 69%] Built target mrs_uav_flightforge_simulator
[ 71%] Generating Python code for ROS interfaces
[ 71%] Built target mrs_uav_flightforge_simulator__py
[ 73%] Building C object CMakeFiles/mrs_uav_flightforge_simulator__rosidl_generator_py.dir/rosidl_generator_py/mrs_uav_flightforge_simulator/srv/_set_orientation_s.c.o
[ 76%] Linking C shared library libmrs_uav_flightforge_simulator__rosidl_generator_py.so
[ 78%] Linking CXX shared library libMrsUavFlightforgeSimulator_FlightforgeConnector.so
[ 78%] Built target mrs_uav_flightforge_simulator__rosidl_generator_py
[ 80%] Building C object CMakeFiles/mrs_uav_flightforge_simulator_s__rosidl_typesupport_fastrtps_c.dir/rosidl_generator_py/mrs_uav_flightforge_simulator/_mrs_uav_flightforge_simulator_s.ep.rosidl_typesupport_fastrtps_c.c.o
[ 83%] Building C object CMakeFiles/mrs_uav_flightforge_simulator_s__rosidl_typesupport_introspection_c.dir/rosidl_generator_py/mrs_uav_flightforge_simulator/_mrs_uav_flightforge_simulator_s.ep.rosidl_typesupport_introspection_c.c.o
[ 85%] Building C object CMakeFiles/mrs_uav_flightforge_simulator_s__rosidl_typesupport_c.dir/rosidl_generator_py/mrs_uav_flightforge_simulator/_mrs_uav_flightforge_simulator_s.ep.rosidl_typesupport_c.c.o
[ 85%] Built target MrsUavFlightforgeSimulator_FlightforgeConnector
[ 88%] Building CXX object CMakeFiles/MrsUavFlightforgeSimulator_FlightforgeSimulator.dir/src/flightforge_simulator.cpp.o
[ 90%] Linking C shared module rosidl_generator_py/mrs_uav_flightforge_simulator/mrs_uav_flightforge_simulator_s__rosidl_typesupport_fastrtps_c.so
[ 92%] Linking C shared module rosidl_generator_py/mrs_uav_flightforge_simulator/mrs_uav_flightforge_simulator_s__rosidl_typesupport_introspection_c.so
[ 92%] Built target mrs_uav_flightforge_simulator_s__rosidl_typesupport_fastrtps_c
[ 92%] Built target mrs_uav_flightforge_simulator_s__rosidl_typesupport_introspection_c
[ 95%] Linking C shared module rosidl_generator_py/mrs_uav_flightforge_simulator/mrs_uav_flightforge_simulator_s__rosidl_typesupport_c.so
[ 95%] Built target mrs_uav_flightforge_simulator_s__rosidl_typesupport_c
[ 97%] Linking CXX shared library libMrsUavFlightforgeSimulator_HwApiPlugin.so
[ 97%] Built target MrsUavFlightforgeSimulator_HwApiPlugin
[100%] Linking CXX shared library libMrsUavFlightforgeSimulator_FlightforgeSimulator.so
[100%] Built target MrsUavFlightforgeSimulator_FlightforgeSimulator
-- Install configuration: "Release"
-- Execute custom install script
-- Symlinking: /home/gaurav/mrs_workspace/install/mrs_uav_flightforge_simulator/share/ament_index/resource_index/rosidl_interfaces/mrs_uav_flightforge_simulator
-- Symlinking: /home/gaurav/mrs_workspace/install/mrs_uav_flightforge_simulator/share/mrs_uav_flightforge_simulator/srv/SetOrientation.json
-- Symlinking: /home/gaurav/mrs_workspace/install/mrs_uav_flightforge_simulator/include/mrs_uav_flightforge_simulator/mrs_uav_flightforge_simulator/msg/rosidl_generator_c__visibility_control.h
-- Symlinking: /home/gaurav/mrs_workspace/install/mrs_uav_flightforge_simulator/include/mrs_uav_flightforge_simulator/mrs_uav_flightforge_simulator/srv/detail/set_orientation__functions.h
-- Symlinking: /home/gaurav/mrs_workspace/install/mrs_uav_flightforge_simulator/include/mrs_uav_flightforge_simulator/mrs_uav_flightforge_simulator/srv/detail/set_orientation__struct.h
-- Symlinking: /home/gaurav/mrs_workspace/install/mrs_uav_flightforge_simulator/include/mrs_uav_flightforge_simulator/mrs_uav_flightforge_simulator/srv/detail/set_orientation__type_support.h
-- Symlinking: /home/gaurav/mrs_workspace/install/mrs_uav_flightforge_simulator/include/mrs_uav_flightforge_simulator/mrs_uav_flightforge_simulator/srv/set_orientation.h
-- Symlinking: /home/gaurav/mrs_workspace/install/mrs_uav_flightforge_simulator/share/mrs_uav_flightforge_simulator/environment/library_path.sh
-- Symlinking: /home/gaurav/mrs_workspace/install/mrs_uav_flightforge_simulator/share/mrs_uav_flightforge_simulator/environment/library_path.dsv
-- Symlinking: /home/gaurav/mrs_workspace/install/mrs_uav_flightforge_simulator/include/mrs_uav_flightforge_simulator/mrs_uav_flightforge_simulator/msg/rosidl_typesupport_fastrtps_c__visibility_control.h
-- Symlinking: /home/gaurav/mrs_workspace/install/mrs_uav_flightforge_simulator/include/mrs_uav_flightforge_simulator/mrs_uav_flightforge_simulator/srv/detail/set_orientation__rosidl_typesupport_fastrtps_c.h
-- Symlinking: /home/gaurav/mrs_workspace/install/mrs_uav_flightforge_simulator/include/mrs_uav_flightforge_simulator/mrs_uav_flightforge_simulator/msg/rosidl_generator_cpp__visibility_control.hpp
-- Symlinking: /home/gaurav/mrs_workspace/install/mrs_uav_flightforge_simulator/include/mrs_uav_flightforge_simulator/mrs_uav_flightforge_simulator/srv/detail/set_orientation__builder.hpp
-- Symlinking: /home/gaurav/mrs_workspace/install/mrs_uav_flightforge_simulator/include/mrs_uav_flightforge_simulator/mrs_uav_flightforge_simulator/srv/detail/set_orientation__struct.hpp
-- Symlinking: /home/gaurav/mrs_workspace/install/mrs_uav_flightforge_simulator/include/mrs_uav_flightforge_simulator/mrs_uav_flightforge_simulator/srv/detail/set_orientation__traits.hpp
-- Symlinking: /home/gaurav/mrs_workspace/install/mrs_uav_flightforge_simulator/include/mrs_uav_flightforge_simulator/mrs_uav_flightforge_simulator/srv/detail/set_orientation__type_support.hpp
-- Symlinking: /home/gaurav/mrs_workspace/install/mrs_uav_flightforge_simulator/include/mrs_uav_flightforge_simulator/mrs_uav_flightforge_simulator/srv/set_orientation.hpp
-- Symlinking: /home/gaurav/mrs_workspace/install/mrs_uav_flightforge_simulator/include/mrs_uav_flightforge_simulator/mrs_uav_flightforge_simulator/msg/rosidl_typesupport_fastrtps_cpp__visibility_control.h
-- Symlinking: /home/gaurav/mrs_workspace/install/mrs_uav_flightforge_simulator/include/mrs_uav_flightforge_simulator/mrs_uav_flightforge_simulator/srv/detail/set_orientation__rosidl_typesupport_fastrtps_cpp.hpp
-- Symlinking: /home/gaurav/mrs_workspace/install/mrs_uav_flightforge_simulator/include/mrs_uav_flightforge_simulator/mrs_uav_flightforge_simulator/msg/rosidl_typesupport_introspection_c__visibility_control.h
-- Symlinking: /home/gaurav/mrs_workspace/install/mrs_uav_flightforge_simulator/include/mrs_uav_flightforge_simulator/mrs_uav_flightforge_simulator/srv/detail/set_orientation__rosidl_typesupport_introspection_c.h
-- Symlinking: /home/gaurav/mrs_workspace/install/mrs_uav_flightforge_simulator/include/mrs_uav_flightforge_simulator/mrs_uav_flightforge_simulator/srv/detail/set_orientation__rosidl_typesupport_introspection_cpp.hpp
-- Symlinking: /home/gaurav/mrs_workspace/install/mrs_uav_flightforge_simulator/share/mrs_uav_flightforge_simulator/environment/pythonpath.sh
-- Symlinking: /home/gaurav/mrs_workspace/install/mrs_uav_flightforge_simulator/share/mrs_uav_flightforge_simulator/environment/pythonpath.dsv
-- Symlinking: /home/gaurav/mrs_workspace/install/mrs_uav_flightforge_simulator/lib/python3.12/site-packages/mrs_uav_flightforge_simulator-2.0.0-py3.12.egg-info/PKG-INFO
-- Symlinking: /home/gaurav/mrs_workspace/install/mrs_uav_flightforge_simulator/lib/python3.12/site-packages/mrs_uav_flightforge_simulator-2.0.0-py3.12.egg-info/SOURCES.txt
-- Symlinking: /home/gaurav/mrs_workspace/install/mrs_uav_flightforge_simulator/lib/python3.12/site-packages/mrs_uav_flightforge_simulator-2.0.0-py3.12.egg-info/dependency_links.txt
-- Symlinking: /home/gaurav/mrs_workspace/install/mrs_uav_flightforge_simulator/lib/python3.12/site-packages/mrs_uav_flightforge_simulator-2.0.0-py3.12.egg-info/top_level.txt
-- Symlinking: /home/gaurav/mrs_workspace/install/mrs_uav_flightforge_simulator/lib/python3.12/site-packages/mrs_uav_flightforge_simulator/__init__.py
-- Symlinking: /home/gaurav/mrs_workspace/install/mrs_uav_flightforge_simulator/lib/python3.12/site-packages/mrs_uav_flightforge_simulator/_mrs_uav_flightforge_simulator_s.ep.rosidl_typesupport_c.c
-- Symlinking: /home/gaurav/mrs_workspace/install/mrs_uav_flightforge_simulator/lib/python3.12/site-packages/mrs_uav_flightforge_simulator/_mrs_uav_flightforge_simulator_s.ep.rosidl_typesupport_fastrtps_c.c
-- Symlinking: /home/gaurav/mrs_workspace/install/mrs_uav_flightforge_simulator/lib/python3.12/site-packages/mrs_uav_flightforge_simulator/_mrs_uav_flightforge_simulator_s.ep.rosidl_typesupport_introspection_c.c
-- Symlinking: /home/gaurav/mrs_workspace/install/mrs_uav_flightforge_simulator/lib/python3.12/site-packages/mrs_uav_flightforge_simulator/mrs_uav_flightforge_simulator_s__rosidl_typesupport_c.so
-- Symlinking: /home/gaurav/mrs_workspace/install/mrs_uav_flightforge_simulator/lib/python3.12/site-packages/mrs_uav_flightforge_simulator/mrs_uav_flightforge_simulator_s__rosidl_typesupport_fastrtps_c.so
-- Symlinking: /home/gaurav/mrs_workspace/install/mrs_uav_flightforge_simulator/lib/python3.12/site-packages/mrs_uav_flightforge_simulator/mrs_uav_flightforge_simulator_s__rosidl_typesupport_introspection_c.so
-- Symlinking: /home/gaurav/mrs_workspace/install/mrs_uav_flightforge_simulator/lib/python3.12/site-packages/mrs_uav_flightforge_simulator/srv/__init__.py
-- Symlinking: /home/gaurav/mrs_workspace/install/mrs_uav_flightforge_simulator/lib/python3.12/site-packages/mrs_uav_flightforge_simulator/srv/_set_orientation.py
-- Symlinking: /home/gaurav/mrs_workspace/install/mrs_uav_flightforge_simulator/lib/python3.12/site-packages/mrs_uav_flightforge_simulator/srv/_set_orientation_s.c
-- Up-to-date symlink: /home/gaurav/mrs_workspace/install/mrs_uav_flightforge_simulator/lib/python3.12/site-packages/mrs_uav_flightforge_simulator/mrs_uav_flightforge_simulator_s__rosidl_typesupport_fastrtps_c.so
-- Up-to-date symlink: /home/gaurav/mrs_workspace/install/mrs_uav_flightforge_simulator/lib/python3.12/site-packages/mrs_uav_flightforge_simulator/mrs_uav_flightforge_simulator_s__rosidl_typesupport_introspection_c.so
-- Up-to-date symlink: /home/gaurav/mrs_workspace/install/mrs_uav_flightforge_simulator/lib/python3.12/site-packages/mrs_uav_flightforge_simulator/mrs_uav_flightforge_simulator_s__rosidl_typesupport_c.so
-- Symlinking: /home/gaurav/mrs_workspace/install/mrs_uav_flightforge_simulator/share/mrs_uav_flightforge_simulator/srv/SetOrientation.idl
-- Symlinking: /home/gaurav/mrs_workspace/install/mrs_uav_flightforge_simulator/share/mrs_uav_flightforge_simulator/srv/SetOrientation.srv
-- Symlinking: /home/gaurav/mrs_workspace/install/mrs_uav_flightforge_simulator/share/mrs_uav_flightforge_simulator//plugins.xml
-- Symlinking: /home/gaurav/mrs_workspace/install/mrs_uav_flightforge_simulator/./include/cereal/access.hpp
-- Symlinking: /home/gaurav/mrs_workspace/install/mrs_uav_flightforge_simulator/./include/cereal/archives/adapters.hpp
-- Symlinking: /home/gaurav/mrs_workspace/install/mrs_uav_flightforge_simulator/./include/cereal/archives/binary.hpp
-- Symlinking: /home/gaurav/mrs_workspace/install/mrs_uav_flightforge_simulator/./include/cereal/archives/json.hpp
-- Symlinking: /home/gaurav/mrs_workspace/install/mrs_uav_flightforge_simulator/./include/cereal/archives/portable_binary.hpp
-- Symlinking: /home/gaurav/mrs_workspace/install/mrs_uav_flightforge_simulator/./include/cereal/archives/xml.hpp
-- Symlinking: /home/gaurav/mrs_workspace/install/mrs_uav_flightforge_simulator/./include/cereal/cereal.hpp
-- Symlinking: /home/gaurav/mrs_workspace/install/mrs_uav_flightforge_simulator/./include/cereal/details/helpers.hpp
-- Symlinking: /home/gaurav/mrs_workspace/install/mrs_uav_flightforge_simulator/./include/cereal/details/polymorphic_impl.hpp
-- Symlinking: /home/gaurav/mrs_workspace/install/mrs_uav_flightforge_simulator/./include/cereal/details/polymorphic_impl_fwd.hpp
-- Symlinking: /home/gaurav/mrs_workspace/install/mrs_uav_flightforge_simulator/./include/cereal/details/static_object.hpp
-- Symlinking: /home/gaurav/mrs_workspace/install/mrs_uav_flightforge_simulator/./include/cereal/details/traits.hpp
-- Symlinking: /home/gaurav/mrs_workspace/install/mrs_uav_flightforge_simulator/./include/cereal/details/util.hpp
-- Symlinking: /home/gaurav/mrs_workspace/install/mrs_uav_flightforge_simulator/./include/cereal/external/LICENSE
-- Symlinking: /home/gaurav/mrs_workspace/install/mrs_uav_flightforge_simulator/./include/cereal/external/base64.hpp
-- Symlinking: /home/gaurav/mrs_workspace/install/mrs_uav_flightforge_simulator/./include/cereal/external/rapidjson/LICENSE
-- Symlinking: /home/gaurav/mrs_workspace/install/mrs_uav_flightforge_simulator/./include/cereal/external/rapidjson/allocators.h
-- Symlinking: /home/gaurav/mrs_workspace/install/mrs_uav_flightforge_simulator/./include/cereal/external/rapidjson/cursorstreamwrapper.h
-- Symlinking: /home/gaurav/mrs_workspace/install/mrs_uav_flightforge_simulator/./include/cereal/external/rapidjson/document.h
-- Symlinking: /home/gaurav/mrs_workspace/install/mrs_uav_flightforge_simulator/./include/cereal/external/rapidjson/encodedstream.h
-- Symlinking: /home/gaurav/mrs_workspace/install/mrs_uav_flightforge_simulator/./include/cereal/external/rapidjson/encodings.h
-- Symlinking: /home/gaurav/mrs_workspace/install/mrs_uav_flightforge_simulator/./include/cereal/external/rapidjson/error/en.h
-- Symlinking: /home/gaurav/mrs_workspace/install/mrs_uav_flightforge_simulator/./include/cereal/external/rapidjson/error/error.h
-- Symlinking: /home/gaurav/mrs_workspace/install/mrs_uav_flightforge_simulator/./include/cereal/external/rapidjson/filereadstream.h
-- Symlinking: /home/gaurav/mrs_workspace/install/mrs_uav_flightforge_simulator/./include/cereal/external/rapidjson/filewritestream.h
-- Symlinking: /home/gaurav/mrs_workspace/install/mrs_uav_flightforge_simulator/./include/cereal/external/rapidjson/fwd.h
-- Symlinking: /home/gaurav/mrs_workspace/install/mrs_uav_flightforge_simulator/./include/cereal/external/rapidjson/internal/biginteger.h
-- Symlinking: /home/gaurav/mrs_workspace/install/mrs_uav_flightforge_simulator/./include/cereal/external/rapidjson/internal/diyfp.h
-- Symlinking: /home/gaurav/mrs_workspace/install/mrs_uav_flightforge_simulator/./include/cereal/external/rapidjson/internal/dtoa.h
-- Symlinking: /home/gaurav/mrs_workspace/install/mrs_uav_flightforge_simulator/./include/cereal/external/rapidjson/internal/ieee754.h
-- Symlinking: /home/gaurav/mrs_workspace/install/mrs_uav_flightforge_simulator/./include/cereal/external/rapidjson/internal/itoa.h
-- Symlinking: /home/gaurav/mrs_workspace/install/mrs_uav_flightforge_simulator/./include/cereal/external/rapidjson/internal/meta.h
-- Symlinking: /home/gaurav/mrs_workspace/install/mrs_uav_flightforge_simulator/./include/cereal/external/rapidjson/internal/pow10.h
-- Symlinking: /home/gaurav/mrs_workspace/install/mrs_uav_flightforge_simulator/./include/cereal/external/rapidjson/internal/regex.h
-- Symlinking: /home/gaurav/mrs_workspace/install/mrs_uav_flightforge_simulator/./include/cereal/external/rapidjson/internal/stack.h
-- Symlinking: /home/gaurav/mrs_workspace/install/mrs_uav_flightforge_simulator/./include/cereal/external/rapidjson/internal/strfunc.h
-- Symlinking: /home/gaurav/mrs_workspace/install/mrs_uav_flightforge_simulator/./include/cereal/external/rapidjson/internal/strtod.h
-- Symlinking: /home/gaurav/mrs_workspace/install/mrs_uav_flightforge_simulator/./include/cereal/external/rapidjson/internal/swap.h
-- Symlinking: /home/gaurav/mrs_workspace/install/mrs_uav_flightforge_simulator/./include/cereal/external/rapidjson/istreamwrapper.h
-- Symlinking: /home/gaurav/mrs_workspace/install/mrs_uav_flightforge_simulator/./include/cereal/external/rapidjson/memorybuffer.h
-- Symlinking: /home/gaurav/mrs_workspace/install/mrs_uav_flightforge_simulator/./include/cereal/external/rapidjson/memorystream.h
-- Symlinking: /home/gaurav/mrs_workspace/install/mrs_uav_flightforge_simulator/./include/cereal/external/rapidjson/msinttypes/LICENSE
-- Symlinking: /home/gaurav/mrs_workspace/install/mrs_uav_flightforge_simulator/./include/cereal/external/rapidjson/msinttypes/inttypes.h
-- Symlinking: /home/gaurav/mrs_workspace/install/mrs_uav_flightforge_simulator/./include/cereal/external/rapidjson/msinttypes/stdint.h
-- Symlinking: /home/gaurav/mrs_workspace/install/mrs_uav_flightforge_simulator/./include/cereal/external/rapidjson/ostreamwrapper.h
-- Symlinking: /home/gaurav/mrs_workspace/install/mrs_uav_flightforge_simulator/./include/cereal/external/rapidjson/pointer.h
-- Symlinking: /home/gaurav/mrs_workspace/install/mrs_uav_flightforge_simulator/./include/cereal/external/rapidjson/prettywriter.h
-- Symlinking: /home/gaurav/mrs_workspace/install/mrs_uav_flightforge_simulator/./include/cereal/external/rapidjson/rapidjson.h
-- Symlinking: /home/gaurav/mrs_workspace/install/mrs_uav_flightforge_simulator/./include/cereal/external/rapidjson/reader.h
-- Symlinking: /home/gaurav/mrs_workspace/install/mrs_uav_flightforge_simulator/./include/cereal/external/rapidjson/schema.h
-- Symlinking: /home/gaurav/mrs_workspace/install/mrs_uav_flightforge_simulator/./include/cereal/external/rapidjson/stream.h
-- Symlinking: /home/gaurav/mrs_workspace/install/mrs_uav_flightforge_simulator/./include/cereal/external/rapidjson/stringbuffer.h
-- Symlinking: /home/gaurav/mrs_workspace/install/mrs_uav_flightforge_simulator/./include/cereal/external/rapidjson/writer.h
-- Symlinking: /home/gaurav/mrs_workspace/install/mrs_uav_flightforge_simulator/./include/cereal/external/rapidxml/license.txt
-- Symlinking: /home/gaurav/mrs_workspace/install/mrs_uav_flightforge_simulator/./include/cereal/external/rapidxml/manual.html
-- Symlinking: /home/gaurav/mrs_workspace/install/mrs_uav_flightforge_simulator/./include/cereal/external/rapidxml/rapidxml.hpp
-- Symlinking: /home/gaurav/mrs_workspace/install/mrs_uav_flightforge_simulator/./include/cereal/external/rapidxml/rapidxml_iterators.hpp
-- Symlinking: /home/gaurav/mrs_workspace/install/mrs_uav_flightforge_simulator/./include/cereal/external/rapidxml/rapidxml_print.hpp
-- Symlinking: /home/gaurav/mrs_workspace/install/mrs_uav_flightforge_simulator/./include/cereal/external/rapidxml/rapidxml_utils.hpp
-- Symlinking: /home/gaurav/mrs_workspace/install/mrs_uav_flightforge_simulator/./include/cereal/macros.hpp
-- Symlinking: /home/gaurav/mrs_workspace/install/mrs_uav_flightforge_simulator/./include/cereal/specialize.hpp
-- Symlinking: /home/gaurav/mrs_workspace/install/mrs_uav_flightforge_simulator/./include/cereal/types/array.hpp
-- Symlinking: /home/gaurav/mrs_workspace/install/mrs_uav_flightforge_simulator/./include/cereal/types/atomic.hpp
-- Symlinking: /home/gaurav/mrs_workspace/install/mrs_uav_flightforge_simulator/./include/cereal/types/base_class.hpp
-- Symlinking: /home/gaurav/mrs_workspace/install/mrs_uav_flightforge_simulator/./include/cereal/types/bitset.hpp
-- Symlinking: /home/gaurav/mrs_workspace/install/mrs_uav_flightforge_simulator/./include/cereal/types/boost_variant.hpp
-- Symlinking: /home/gaurav/mrs_workspace/install/mrs_uav_flightforge_simulator/./include/cereal/types/chrono.hpp
-- Symlinking: /home/gaurav/mrs_workspace/install/mrs_uav_flightforge_simulator/./include/cereal/types/common.hpp
-- Symlinking: /home/gaurav/mrs_workspace/install/mrs_uav_flightforge_simulator/./include/cereal/types/complex.hpp
-- Symlinking: /home/gaurav/mrs_workspace/install/mrs_uav_flightforge_simulator/./include/cereal/types/concepts/pair_associative_container.hpp
-- Symlinking: /home/gaurav/mrs_workspace/install/mrs_uav_flightforge_simulator/./include/cereal/types/deque.hpp
-- Symlinking: /home/gaurav/mrs_workspace/install/mrs_uav_flightforge_simulator/./include/cereal/types/forward_list.hpp
-- Symlinking: /home/gaurav/mrs_workspace/install/mrs_uav_flightforge_simulator/./include/cereal/types/functional.hpp
-- Symlinking: /home/gaurav/mrs_workspace/install/mrs_uav_flightforge_simulator/./include/cereal/types/list.hpp
-- Symlinking: /home/gaurav/mrs_workspace/install/mrs_uav_flightforge_simulator/./include/cereal/types/map.hpp
-- Symlinking: /home/gaurav/mrs_workspace/install/mrs_uav_flightforge_simulator/./include/cereal/types/memory.hpp
-- Symlinking: /home/gaurav/mrs_workspace/install/mrs_uav_flightforge_simulator/./include/cereal/types/optional.hpp
-- Symlinking: /home/gaurav/mrs_workspace/install/mrs_uav_flightforge_simulator/./include/cereal/types/polymorphic.hpp
-- Symlinking: /home/gaurav/mrs_workspace/install/mrs_uav_flightforge_simulator/./include/cereal/types/queue.hpp
-- Symlinking: /home/gaurav/mrs_workspace/install/mrs_uav_flightforge_simulator/./include/cereal/types/set.hpp
-- Symlinking: /home/gaurav/mrs_workspace/install/mrs_uav_flightforge_simulator/./include/cereal/types/stack.hpp
-- Symlinking: /home/gaurav/mrs_workspace/install/mrs_uav_flightforge_simulator/./include/cereal/types/string.hpp
-- Symlinking: /home/gaurav/mrs_workspace/install/mrs_uav_flightforge_simulator/./include/cereal/types/tuple.hpp
-- Symlinking: /home/gaurav/mrs_workspace/install/mrs_uav_flightforge_simulator/./include/cereal/types/unordered_map.hpp
-- Symlinking: /home/gaurav/mrs_workspace/install/mrs_uav_flightforge_simulator/./include/cereal/types/unordered_set.hpp
-- Symlinking: /home/gaurav/mrs_workspace/install/mrs_uav_flightforge_simulator/./include/cereal/types/utility.hpp
-- Symlinking: /home/gaurav/mrs_workspace/install/mrs_uav_flightforge_simulator/./include/cereal/types/valarray.hpp
-- Symlinking: /home/gaurav/mrs_workspace/install/mrs_uav_flightforge_simulator/./include/cereal/types/variant.hpp
-- Symlinking: /home/gaurav/mrs_workspace/install/mrs_uav_flightforge_simulator/./include/cereal/types/vector.hpp
-- Symlinking: /home/gaurav/mrs_workspace/install/mrs_uav_flightforge_simulator/./include/cereal/version.hpp
-- Symlinking: /home/gaurav/mrs_workspace/install/mrs_uav_flightforge_simulator/./include/flight_forge_connector/data_types.h
-- Symlinking: /home/gaurav/mrs_workspace/install/mrs_uav_flightforge_simulator/./include/flight_forge_connector/flight_forge_connector.h
-- Symlinking: /home/gaurav/mrs_workspace/install/mrs_uav_flightforge_simulator/./include/flight_forge_connector/game_mode_controller.h
-- Symlinking: /home/gaurav/mrs_workspace/install/mrs_uav_flightforge_simulator/./include/flight_forge_connector/serialization/serializable_extended.h
-- Symlinking: /home/gaurav/mrs_workspace/install/mrs_uav_flightforge_simulator/./include/flight_forge_connector/serialization/serializable_shared.h
-- Symlinking: /home/gaurav/mrs_workspace/install/mrs_uav_flightforge_simulator/./include/flight_forge_connector/socket_client.h
-- Symlinking: /home/gaurav/mrs_workspace/install/mrs_uav_flightforge_simulator/./include/kissnet/kissnet.hpp
-- Symlinking: /home/gaurav/mrs_workspace/install/mrs_uav_flightforge_simulator/share/mrs_uav_flightforge_simulator/launch/flightforge_simulator.launch.py
-- Symlinking: /home/gaurav/mrs_workspace/install/mrs_uav_flightforge_simulator/share/mrs_uav_flightforge_simulator/launch/hw_api.launch.py
-- Symlinking: /home/gaurav/mrs_workspace/install/mrs_uav_flightforge_simulator/share/mrs_uav_flightforge_simulator/config/flightforge_simulator.yaml
-- Symlinking: /home/gaurav/mrs_workspace/install/mrs_uav_flightforge_simulator/share/mrs_uav_flightforge_simulator/config/hw_api.yaml
-- Symlinking: /home/gaurav/mrs_workspace/install/mrs_uav_flightforge_simulator/share/mrs_uav_flightforge_simulator/config/uavs.yaml
-- Up-to-date symlink: /home/gaurav/mrs_workspace/install/mrs_uav_flightforge_simulator/share/mrs_uav_flightforge_simulator/srv/SetOrientation.srv
-- Symlinking: /home/gaurav/mrs_workspace/install/mrs_uav_flightforge_simulator/share/ament_index/resource_index/package_run_dependencies/mrs_uav_flightforge_simulator
-- Symlinking: /home/gaurav/mrs_workspace/install/mrs_uav_flightforge_simulator/share/ament_index/resource_index/parent_prefix_path/mrs_uav_flightforge_simulator
-- Symlinking: /home/gaurav/mrs_workspace/install/mrs_uav_flightforge_simulator/share/mrs_uav_flightforge_simulator/environment/ament_prefix_path.sh
-- Symlinking: /home/gaurav/mrs_workspace/install/mrs_uav_flightforge_simulator/share/mrs_uav_flightforge_simulator/environment/ament_prefix_path.dsv
-- Symlinking: /home/gaurav/mrs_workspace/install/mrs_uav_flightforge_simulator/share/mrs_uav_flightforge_simulator/environment/path.sh
-- Symlinking: /home/gaurav/mrs_workspace/install/mrs_uav_flightforge_simulator/share/mrs_uav_flightforge_simulator/environment/path.dsv
-- Symlinking: /home/gaurav/mrs_workspace/install/mrs_uav_flightforge_simulator/share/mrs_uav_flightforge_simulator/local_setup.bash
-- Symlinking: /home/gaurav/mrs_workspace/install/mrs_uav_flightforge_simulator/share/mrs_uav_flightforge_simulator/local_setup.sh
-- Symlinking: /home/gaurav/mrs_workspace/install/mrs_uav_flightforge_simulator/share/mrs_uav_flightforge_simulator/local_setup.zsh
-- Symlinking: /home/gaurav/mrs_workspace/install/mrs_uav_flightforge_simulator/share/mrs_uav_flightforge_simulator/local_setup.dsv
-- Symlinking: /home/gaurav/mrs_workspace/install/mrs_uav_flightforge_simulator/share/mrs_uav_flightforge_simulator/package.dsv
-- Symlinking: /home/gaurav/mrs_workspace/install/mrs_uav_flightforge_simulator/share/ament_index/resource_index/packages/mrs_uav_flightforge_simulator
-- Symlinking: /home/gaurav/mrs_workspace/install/mrs_uav_flightforge_simulator/share/ament_index/resource_index/mrs_uav_hw_api__pluginlib__plugin/mrs_uav_flightforge_simulator
-- Symlinking: /home/gaurav/mrs_workspace/install/mrs_uav_flightforge_simulator/share/ament_index/resource_index/rclcpp_components/mrs_uav_flightforge_simulator
-- Symlinking: /home/gaurav/mrs_workspace/install/mrs_uav_flightforge_simulator/share/mrs_uav_flightforge_simulator/cmake/rosidl_cmake-extras.cmake
-- Symlinking: /home/gaurav/mrs_workspace/install/mrs_uav_flightforge_simulator/share/mrs_uav_flightforge_simulator/cmake/ament_cmake_export_dependencies-extras.cmake
-- Symlinking: /home/gaurav/mrs_workspace/install/mrs_uav_flightforge_simulator/share/mrs_uav_flightforge_simulator/cmake/ament_cmake_export_include_directories-extras.cmake
-- Symlinking: /home/gaurav/mrs_workspace/install/mrs_uav_flightforge_simulator/share/mrs_uav_flightforge_simulator/cmake/ament_cmake_export_libraries-extras.cmake
-- Symlinking: /home/gaurav/mrs_workspace/install/mrs_uav_flightforge_simulator/share/mrs_uav_flightforge_simulator/cmake/ament_cmake_export_targets-extras.cmake
-- Symlinking: /home/gaurav/mrs_workspace/install/mrs_uav_flightforge_simulator/share/mrs_uav_flightforge_simulator/cmake/rosidl_cmake_export_typesupport_targets-extras.cmake
-- Symlinking: /home/gaurav/mrs_workspace/install/mrs_uav_flightforge_simulator/share/mrs_uav_flightforge_simulator/cmake/rosidl_cmake_export_typesupport_libraries-extras.cmake
-- Symlinking: /home/gaurav/mrs_workspace/install/mrs_uav_flightforge_simulator/share/mrs_uav_flightforge_simulator/cmake/mrs_uav_flightforge_simulatorConfig.cmake
-- Symlinking: /home/gaurav/mrs_workspace/install/mrs_uav_flightforge_simulator/share/mrs_uav_flightforge_simulator/cmake/mrs_uav_flightforge_simulatorConfig-version.cmake
-- Symlinking: /home/gaurav/mrs_workspace/install/mrs_uav_flightforge_simulator/share/mrs_uav_flightforge_simulator/package.xml
-- Installing: /home/gaurav/mrs_workspace/install/mrs_uav_flightforge_simulator/lib/libmrs_uav_flightforge_simulator__rosidl_generator_c.so
-- Set non-toolchain portion of runtime path of "/home/gaurav/mrs_workspace/install/mrs_uav_flightforge_simulator/lib/libmrs_uav_flightforge_simulator__rosidl_generator_c.so" to ""
-- Installing: /home/gaurav/mrs_workspace/install/mrs_uav_flightforge_simulator/lib/libmrs_uav_flightforge_simulator__rosidl_typesupport_fastrtps_c.so
-- Set non-toolchain portion of runtime path of "/home/gaurav/mrs_workspace/install/mrs_uav_flightforge_simulator/lib/libmrs_uav_flightforge_simulator__rosidl_typesupport_fastrtps_c.so" to ""
-- Installing: /home/gaurav/mrs_workspace/install/mrs_uav_flightforge_simulator/lib/libmrs_uav_flightforge_simulator__rosidl_typesupport_fastrtps_cpp.so
-- Set non-toolchain portion of runtime path of "/home/gaurav/mrs_workspace/install/mrs_uav_flightforge_simulator/lib/libmrs_uav_flightforge_simulator__rosidl_typesupport_fastrtps_cpp.so" to ""
-- Installing: /home/gaurav/mrs_workspace/install/mrs_uav_flightforge_simulator/lib/libmrs_uav_flightforge_simulator__rosidl_typesupport_introspection_c.so
-- Set non-toolchain portion of runtime path of "/home/gaurav/mrs_workspace/install/mrs_uav_flightforge_simulator/lib/libmrs_uav_flightforge_simulator__rosidl_typesupport_introspection_c.so" to ""
-- Installing: /home/gaurav/mrs_workspace/install/mrs_uav_flightforge_simulator/lib/libmrs_uav_flightforge_simulator__rosidl_typesupport_c.so
-- Set non-toolchain portion of runtime path of "/home/gaurav/mrs_workspace/install/mrs_uav_flightforge_simulator/lib/libmrs_uav_flightforge_simulator__rosidl_typesupport_c.so" to ""
-- Installing: /home/gaurav/mrs_workspace/install/mrs_uav_flightforge_simulator/lib/libmrs_uav_flightforge_simulator__rosidl_typesupport_introspection_cpp.so
-- Set non-toolchain portion of runtime path of "/home/gaurav/mrs_workspace/install/mrs_uav_flightforge_simulator/lib/libmrs_uav_flightforge_simulator__rosidl_typesupport_introspection_cpp.so" to ""
-- Installing: /home/gaurav/mrs_workspace/install/mrs_uav_flightforge_simulator/lib/libmrs_uav_flightforge_simulator__rosidl_typesupport_cpp.so
-- Set non-toolchain portion of runtime path of "/home/gaurav/mrs_workspace/install/mrs_uav_flightforge_simulator/lib/libmrs_uav_flightforge_simulator__rosidl_typesupport_cpp.so" to ""
Listing '/home/gaurav/mrs_workspace/install/mrs_uav_flightforge_simulator/lib/python3.12/site-packages/mrs_uav_flightforge_simulator'...
Compiling '/home/gaurav/mrs_workspace/install/mrs_uav_flightforge_simulator/lib/python3.12/site-packages/mrs_uav_flightforge_simulator/__init__.py'...
Listing '/home/gaurav/mrs_workspace/install/mrs_uav_flightforge_simulator/lib/python3.12/site-packages/mrs_uav_flightforge_simulator/srv'...
Compiling '/home/gaurav/mrs_workspace/install/mrs_uav_flightforge_simulator/lib/python3.12/site-packages/mrs_uav_flightforge_simulator/srv/__init__.py'...
Compiling '/home/gaurav/mrs_workspace/install/mrs_uav_flightforge_simulator/lib/python3.12/site-packages/mrs_uav_flightforge_simulator/srv/_set_orientation.py'...
-- Installing: /home/gaurav/mrs_workspace/install/mrs_uav_flightforge_simulator/lib/libmrs_uav_flightforge_simulator__rosidl_generator_py.so
-- Set non-toolchain portion of runtime path of "/home/gaurav/mrs_workspace/install/mrs_uav_flightforge_simulator/lib/libmrs_uav_flightforge_simulator__rosidl_generator_py.so" to ""
-- Installing: /home/gaurav/mrs_workspace/install/mrs_uav_flightforge_simulator/lib/libMrsUavFlightforgeSimulator_FlightforgeConnector.so
-- Installing: /home/gaurav/mrs_workspace/install/mrs_uav_flightforge_simulator/lib/libMrsUavFlightforgeSimulator_FlightforgeSimulator.so
-- Set non-toolchain portion of runtime path of "/home/gaurav/mrs_workspace/install/mrs_uav_flightforge_simulator/lib/libMrsUavFlightforgeSimulator_FlightforgeSimulator.so" to ""
-- Installing: /home/gaurav/mrs_workspace/install/mrs_uav_flightforge_simulator/lib/libMrsUavFlightforgeSimulator_HwApiPlugin.so
-- Set non-toolchain portion of runtime path of "/home/gaurav/mrs_workspace/install/mrs_uav_flightforge_simulator/lib/libMrsUavFlightforgeSimulator_HwApiPlugin.so" to ""
-- Installing: /home/gaurav/mrs_workspace/install/mrs_uav_flightforge_simulator/share/mrs_uav_flightforge_simulator/tmux
-- Installing: /home/gaurav/mrs_workspace/install/mrs_uav_flightforge_simulator/share/mrs_uav_flightforge_simulator/tmux/one_drone
-- Installing: /home/gaurav/mrs_workspace/install/mrs_uav_flightforge_simulator/share/mrs_uav_flightforge_simulator/tmux/one_drone/takeoff.sh
-- Installing: /home/gaurav/mrs_workspace/install/mrs_uav_flightforge_simulator/share/mrs_uav_flightforge_simulator/tmux/one_drone/layout.json
-- Installing: /home/gaurav/mrs_workspace/install/mrs_uav_flightforge_simulator/share/mrs_uav_flightforge_simulator/tmux/one_drone/session.yml
-- Installing: /home/gaurav/mrs_workspace/install/mrs_uav_flightforge_simulator/share/mrs_uav_flightforge_simulator/tmux/one_drone/rviz.rviz
-- Installing: /home/gaurav/mrs_workspace/install/mrs_uav_flightforge_simulator/share/mrs_uav_flightforge_simulator/tmux/one_drone/goto.py
-- Installing: /home/gaurav/mrs_workspace/install/mrs_uav_flightforge_simulator/share/mrs_uav_flightforge_simulator/tmux/one_drone/path.py
-- Installing: /home/gaurav/mrs_workspace/install/mrs_uav_flightforge_simulator/share/mrs_uav_flightforge_simulator/tmux/one_drone/config
-- Installing: /home/gaurav/mrs_workspace/install/mrs_uav_flightforge_simulator/share/mrs_uav_flightforge_simulator/tmux/one_drone/config/network_config.yaml
-- Installing: /home/gaurav/mrs_workspace/install/mrs_uav_flightforge_simulator/share/mrs_uav_flightforge_simulator/tmux/one_drone/config/world_config.yaml
-- Installing: /home/gaurav/mrs_workspace/install/mrs_uav_flightforge_simulator/share/mrs_uav_flightforge_simulator/tmux/one_drone/config/simulator.yaml
-- Installing: /home/gaurav/mrs_workspace/install/mrs_uav_flightforge_simulator/share/mrs_uav_flightforge_simulator/tmux/one_drone/config/custom_config.yaml
-- Installing: /home/gaurav/mrs_workspace/install/mrs_uav_flightforge_simulator/share/mrs_uav_flightforge_simulator/tmux/one_drone/config/automatic_start.yaml
-- Installing: /home/gaurav/mrs_workspace/install/mrs_uav_flightforge_simulator/share/mrs_uav_flightforge_simulator/tmux/one_drone/start.sh
-- Installing: /home/gaurav/mrs_workspace/install/mrs_uav_flightforge_simulator/share/mrs_uav_flightforge_simulator/tmux/one_drone/kill.sh
-- Installing: /home/gaurav/mrs_workspace/install/mrs_uav_flightforge_simulator/share/mrs_uav_flightforge_simulator/cmake/export_mrs_uav_flightforge_simulator__rosidl_generator_cExport.cmake
-- Installing: /home/gaurav/mrs_workspace/install/mrs_uav_flightforge_simulator/share/mrs_uav_flightforge_simulator/cmake/export_mrs_uav_flightforge_simulator__rosidl_generator_cExport-release.cmake
-- Installing: /home/gaurav/mrs_workspace/install/mrs_uav_flightforge_simulator/share/mrs_uav_flightforge_simulator/cmake/export_mrs_uav_flightforge_simulator__rosidl_typesupport_fastrtps_cExport.cmake
-- Installing: /home/gaurav/mrs_workspace/install/mrs_uav_flightforge_simulator/share/mrs_uav_flightforge_simulator/cmake/export_mrs_uav_flightforge_simulator__rosidl_typesupport_fastrtps_cExport-release.cmake
-- Installing: /home/gaurav/mrs_workspace/install/mrs_uav_flightforge_simulator/share/mrs_uav_flightforge_simulator/cmake/export_mrs_uav_flightforge_simulator__rosidl_generator_cppExport.cmake
-- Installing: /home/gaurav/mrs_workspace/install/mrs_uav_flightforge_simulator/share/mrs_uav_flightforge_simulator/cmake/export_mrs_uav_flightforge_simulator__rosidl_typesupport_fastrtps_cppExport.cmake
-- Installing: /home/gaurav/mrs_workspace/install/mrs_uav_flightforge_simulator/share/mrs_uav_flightforge_simulator/cmake/export_mrs_uav_flightforge_simulator__rosidl_typesupport_fastrtps_cppExport-release.cmake
-- Installing: /home/gaurav/mrs_workspace/install/mrs_uav_flightforge_simulator/share/mrs_uav_flightforge_simulator/cmake/mrs_uav_flightforge_simulator__rosidl_typesupport_introspection_cExport.cmake
-- Installing: /home/gaurav/mrs_workspace/install/mrs_uav_flightforge_simulator/share/mrs_uav_flightforge_simulator/cmake/mrs_uav_flightforge_simulator__rosidl_typesupport_introspection_cExport-release.cmake
-- Installing: /home/gaurav/mrs_workspace/install/mrs_uav_flightforge_simulator/share/mrs_uav_flightforge_simulator/cmake/mrs_uav_flightforge_simulator__rosidl_typesupport_cExport.cmake
-- Installing: /home/gaurav/mrs_workspace/install/mrs_uav_flightforge_simulator/share/mrs_uav_flightforge_simulator/cmake/mrs_uav_flightforge_simulator__rosidl_typesupport_cExport-release.cmake
-- Installing: /home/gaurav/mrs_workspace/install/mrs_uav_flightforge_simulator/share/mrs_uav_flightforge_simulator/cmake/mrs_uav_flightforge_simulator__rosidl_typesupport_introspection_cppExport.cmake
-- Installing: /home/gaurav/mrs_workspace/install/mrs_uav_flightforge_simulator/share/mrs_uav_flightforge_simulator/cmake/mrs_uav_flightforge_simulator__rosidl_typesupport_introspection_cppExport-release.cmake
-- Installing: /home/gaurav/mrs_workspace/install/mrs_uav_flightforge_simulator/share/mrs_uav_flightforge_simulator/cmake/mrs_uav_flightforge_simulator__rosidl_typesupport_cppExport.cmake
-- Installing: /home/gaurav/mrs_workspace/install/mrs_uav_flightforge_simulator/share/mrs_uav_flightforge_simulator/cmake/mrs_uav_flightforge_simulator__rosidl_typesupport_cppExport-release.cmake
-- Installing: /home/gaurav/mrs_workspace/install/mrs_uav_flightforge_simulator/share/mrs_uav_flightforge_simulator/cmake/export_mrs_uav_flightforge_simulator__rosidl_generator_pyExport.cmake
-- Installing: /home/gaurav/mrs_workspace/install/mrs_uav_flightforge_simulator/share/mrs_uav_flightforge_simulator/cmake/export_mrs_uav_flightforge_simulator__rosidl_generator_pyExport-release.cmake
-- Installing: /home/gaurav/mrs_workspace/install/mrs_uav_flightforge_simulator/share/mrs_uav_flightforge_simulator/cmake/export_mrs_uav_flightforge_simulatorExport.cmake
-- Installing: /home/gaurav/mrs_workspace/install/mrs_uav_flightforge_simulator/share/mrs_uav_flightforge_simulator/cmake/export_mrs_uav_flightforge_simulatorExport-release.cmake
