[0.014s] Invoking command in '/home/gaurav/mrs_workspace/build/mrs_uav_flightforge_simulator': CMAKE_PREFIX_PATH=/home/gaurav/mrs_workspace/install/mrs_multirotor_simulator:/home/gaurav/mrs_workspace/install/mrs_uav_hw_api:/home/gaurav/mrs_workspace/install/mrs_uav_testing:/home/gaurav/mrs_workspace/install/mrs_lib:/home/gaurav/mrs_workspace/install/mrs_msgs:/home/gaurav/mrs_workspace/install/mrs_uav_system_full:/home/gaurav/mrs_workspace/install/mrs_uav_system:/home/gaurav/mrs_workspace/install/mrs_uav_core:/home/gaurav/mrs_workspace/install/mrs_uav_trajectory_generation:/home/gaurav/mrs_workspace/install/mrs_uav_trackers:/home/gaurav/mrs_workspace/install/mrs_uav_state_estimators:/home/gaurav/mrs_workspace/install/mrs_uav_controllers:/home/gaurav/mrs_workspace/install/mrs_uav_managers:/home/gaurav/mrs_workspace/install/mrs_uav_autostart:/home/gaurav/mrs_workspace/install/mrs_uav_status:/home/gaurav/mrs_workspace/install/mrs_uav_modules:/home/gaurav/mrs_workspace/install/mrs_serial:/home/gaurav/mrs_workspace/install/mrs_rviz_plugins:/home/gaurav/mrs_workspace/install/mrs_modules_msgs:/opt/ros/jazzy/opt/gz_math_vendor:/opt/ros/jazzy/opt/gz_utils_vendor:/opt/ros/jazzy/opt/gz_cmake_vendor:/opt/ros/jazzy DEBUGINFOD_URLS=https://debuginfod.ubuntu.com LD_LIBRARY_PATH=/home/gaurav/mrs_workspace/install/mrs_multirotor_simulator/lib:/home/gaurav/mrs_workspace/install/mrs_uav_hw_api/lib:/home/gaurav/mrs_workspace/install/mrs_lib/lib:/home/gaurav/mrs_workspace/install/mrs_msgs/lib:/home/gaurav/mrs_workspace/install/mrs_uav_trajectory_generation/lib:/home/gaurav/mrs_workspace/install/mrs_uav_trackers/lib:/home/gaurav/mrs_workspace/install/mrs_uav_state_estimators/lib:/home/gaurav/mrs_workspace/install/mrs_uav_controllers/lib:/home/gaurav/mrs_workspace/install/mrs_uav_managers/lib:/home/gaurav/mrs_workspace/install/mrs_uav_autostart/lib:/home/gaurav/mrs_workspace/install/mrs_uav_testing/lib:/home/gaurav/mrs_workspace/install/mrs_uav_status/lib:/home/gaurav/mrs_workspace/install/mrs_serial/lib:/home/gaurav/mrs_workspace/install/mrs_rviz_plugins/lib:/home/gaurav/mrs_workspace/install/mrs_modules_msgs/lib:/opt/ros/jazzy/opt/zenoh_cpp_vendor/lib:/opt/ros/jazzy/opt/rviz_ogre_vendor/lib:/opt/ros/jazzy/lib/x86_64-linux-gnu:/opt/ros/jazzy/opt/gz_math_vendor/lib:/opt/ros/jazzy/opt/gz_utils_vendor/lib:/opt/ros/jazzy/opt/gz_cmake_vendor/lib:/opt/ros/jazzy/lib /usr/bin/cmake /home/gaurav/mrs_workspace/src/mrs_uav_flightforge_simulator -DCMAKE_BUILD_TYPE=Release -DAMENT_CMAKE_SYMLINK_INSTALL=1 -DCMAKE_INSTALL_PREFIX=/home/gaurav/mrs_workspace/install/mrs_uav_flightforge_simulator
[0.023s] -- Found rclcpp: 28.1.13 (/opt/ros/jazzy/share/rclcpp/cmake)
[0.039s] -- Found Python3: /usr/bin/python3 (found version "3.12.3") found components: Interpreter 
[0.087s] -- Override CMake install command with custom implementation using symlinks instead of copying resources
[0.108s] -- Found rosidl_generator_c: 4.6.6 (/opt/ros/jazzy/share/rosidl_generator_c/cmake)
[0.114s] -- Found rosidl_generator_cpp: 4.6.6 (/opt/ros/jazzy/share/rosidl_generator_cpp/cmake)
[0.121s] -- Using all available rosidl_typesupport_c: rosidl_typesupport_fastrtps_c;rosidl_typesupport_introspection_c
[0.129s] -- Using all available rosidl_typesupport_cpp: rosidl_typesupport_fastrtps_cpp;rosidl_typesupport_introspection_cpp
[0.167s] -- Found rmw_implementation_cmake: 7.3.2 (/opt/ros/jazzy/share/rmw_implementation_cmake/cmake)
[0.168s] -- Found rmw_fastrtps_cpp: 8.4.3 (/opt/ros/jazzy/share/rmw_fastrtps_cpp/cmake)
[0.210s] -- Using RMW implementation 'rmw_fastrtps_cpp' as default
[0.250s] -- Found rclcpp_components: 28.1.13 (/opt/ros/jazzy/share/rclcpp_components/cmake)
[0.267s] -- Found mrs_lib: 2.0.0 (/home/gaurav/mrs_workspace/install/mrs_lib/share/mrs_lib/cmake)
[0.350s] -- Found eigen3_cmake_module: 0.3.0 (/opt/ros/jazzy/share/eigen3_cmake_module/cmake)
[0.351s] -- Ensuring Eigen3 include directory is part of orocos-kdl CMake target
[0.432s] -- Found mrs_uav_hw_api: 2.0.0 (/home/gaurav/mrs_workspace/install/mrs_uav_hw_api/share/mrs_uav_hw_api/cmake)
[0.453s] -- Found mrs_multirotor_simulator: 2.0.0 (/home/gaurav/mrs_workspace/install/mrs_multirotor_simulator/share/mrs_multirotor_simulator/cmake)
[0.467s] -- Found image_transport: 5.1.7 (/opt/ros/jazzy/share/image_transport/cmake)
[0.470s] -- Found cv_bridge: 4.1.0 (/opt/ros/jazzy/share/cv_bridge/cmake)
[0.476s] -- Found pcl_ros: 2.6.2 (/opt/ros/jazzy/share/pcl_ros/cmake)
[0.511s] CMake Warning (dev) at /usr/lib/x86_64-linux-gnu/cmake/pcl/Modules/FindFLANN.cmake:45 (find_package):
[0.511s]   Policy CMP0144 is not set: find_package uses upper-case <PACKAGENAME>_ROOT
[0.511s]   variables.  Run "cmake --help-policy CMP0144" for policy details.  Use the
[0.511s]   cmake_policy command to set the policy and suppress this warning.
[0.511s] 
[0.511s]   CMake variable FLANN_ROOT is set to:
[0.511s] 
[0.511s]     /usr
[0.511s] 
[0.512s]   For compatibility, find_package is ignoring the variable, but code in a
[0.512s]   .cmake module might still use it.
[0.512s] Call Stack (most recent call first):
[0.512s]   /usr/lib/x86_64-linux-gnu/cmake/pcl/PCLConfig.cmake:261 (find_package)
[0.512s]   /usr/lib/x86_64-linux-gnu/cmake/pcl/PCLConfig.cmake:306 (find_flann)
[0.512s]   /usr/lib/x86_64-linux-gnu/cmake/pcl/PCLConfig.cmake:570 (find_external_library)
[0.512s]   /opt/ros/jazzy/share/pcl_conversions/cmake/ament_cmake_export_dependencies-extras.cmake:21 (find_package)
[0.512s]   /opt/ros/jazzy/share/pcl_conversions/cmake/pcl_conversionsConfig.cmake:41 (include)
[0.512s]   /opt/ros/jazzy/share/pcl_ros/cmake/ament_cmake_export_dependencies-extras.cmake:21 (find_package)
[0.512s]   /opt/ros/jazzy/share/pcl_ros/cmake/pcl_rosConfig.cmake:41 (include)
[0.512s]   CMakeLists.txt:62 (find_package)
[0.512s] This warning is for project developers.  Use -Wno-dev to suppress it.
[0.512s] 
[0.512s] -- Found flann version 1.9.2
[0.820s] -- OpenNI found (version: 1.5.4.0, include: /usr/include/ni, lib: /usr/lib/libOpenNI.so;libusb::libusb)
[0.824s] -- OpenNI2 found (version: 2.2.0.33, include: /usr/include/openni2, lib: /usr/lib/x86_64-linux-gnu/libOpenNI2.so;libusb::libusb)
[1.144s] -- OpenNI found (version: 1.5.4.0, include: /usr/include/ni, lib: /usr/lib/libOpenNI.so;libusb::libusb)
[1.148s] -- OpenNI2 found (version: 2.2.0.33, include: /usr/include/openni2, lib: /usr/lib/x86_64-linux-gnu/libOpenNI2.so;libusb::libusb)
[1.439s] -- Found Qhull version 8.0.2
[1.978s] -- OpenNI found (version: 1.5.4.0, include: /usr/include/ni, lib: /usr/lib/libOpenNI.so;libusb::libusb)
[2.568s] -- Found rosidl_default_generators: 1.6.0 (/opt/ros/jazzy/share/rosidl_default_generators/cmake)
[2.578s] -- Found rosidl_adapter: 4.6.6 (/opt/ros/jazzy/share/rosidl_adapter/cmake)
[3.294s] -- Using all available rosidl_typesupport_c: rosidl_typesupport_fastrtps_c;rosidl_typesupport_introspection_c
[3.427s] -- Using all available rosidl_typesupport_cpp: rosidl_typesupport_fastrtps_cpp;rosidl_typesupport_introspection_cpp
[3.430s] -- Found python_cmake_module: 0.11.1 (/opt/ros/jazzy/share/python_cmake_module/cmake)
[3.763s] -- Found Python3: /usr/bin/python3 (found version "3.12.3") found components: Interpreter Development NumPy Development.Module Development.Embed 
[3.904s] -- Configuring done (3.9s)
[4.053s] -- Generating done (0.1s)
[4.083s] -- Build files have been written to: /home/gaurav/mrs_workspace/build/mrs_uav_flightforge_simulator
[4.113s] Invoked command in '/home/gaurav/mrs_workspace/build/mrs_uav_flightforge_simulator' returned '0': CMAKE_PREFIX_PATH=/home/gaurav/mrs_workspace/install/mrs_multirotor_simulator:/home/gaurav/mrs_workspace/install/mrs_uav_hw_api:/home/gaurav/mrs_workspace/install/mrs_uav_testing:/home/gaurav/mrs_workspace/install/mrs_lib:/home/gaurav/mrs_workspace/install/mrs_msgs:/home/gaurav/mrs_workspace/install/mrs_uav_system_full:/home/gaurav/mrs_workspace/install/mrs_uav_system:/home/gaurav/mrs_workspace/install/mrs_uav_core:/home/gaurav/mrs_workspace/install/mrs_uav_trajectory_generation:/home/gaurav/mrs_workspace/install/mrs_uav_trackers:/home/gaurav/mrs_workspace/install/mrs_uav_state_estimators:/home/gaurav/mrs_workspace/install/mrs_uav_controllers:/home/gaurav/mrs_workspace/install/mrs_uav_managers:/home/gaurav/mrs_workspace/install/mrs_uav_autostart:/home/gaurav/mrs_workspace/install/mrs_uav_status:/home/gaurav/mrs_workspace/install/mrs_uav_modules:/home/gaurav/mrs_workspace/install/mrs_serial:/home/gaurav/mrs_workspace/install/mrs_rviz_plugins:/home/gaurav/mrs_workspace/install/mrs_modules_msgs:/opt/ros/jazzy/opt/gz_math_vendor:/opt/ros/jazzy/opt/gz_utils_vendor:/opt/ros/jazzy/opt/gz_cmake_vendor:/opt/ros/jazzy DEBUGINFOD_URLS=https://debuginfod.ubuntu.com LD_LIBRARY_PATH=/home/gaurav/mrs_workspace/install/mrs_multirotor_simulator/lib:/home/gaurav/mrs_workspace/install/mrs_uav_hw_api/lib:/home/gaurav/mrs_workspace/install/mrs_lib/lib:/home/gaurav/mrs_workspace/install/mrs_msgs/lib:/home/gaurav/mrs_workspace/install/mrs_uav_trajectory_generation/lib:/home/gaurav/mrs_workspace/install/mrs_uav_trackers/lib:/home/gaurav/mrs_workspace/install/mrs_uav_state_estimators/lib:/home/gaurav/mrs_workspace/install/mrs_uav_controllers/lib:/home/gaurav/mrs_workspace/install/mrs_uav_managers/lib:/home/gaurav/mrs_workspace/install/mrs_uav_autostart/lib:/home/gaurav/mrs_workspace/install/mrs_uav_testing/lib:/home/gaurav/mrs_workspace/install/mrs_uav_status/lib:/home/gaurav/mrs_workspace/install/mrs_serial/lib:/home/gaurav/mrs_workspace/install/mrs_rviz_plugins/lib:/home/gaurav/mrs_workspace/install/mrs_modules_msgs/lib:/opt/ros/jazzy/opt/zenoh_cpp_vendor/lib:/opt/ros/jazzy/opt/rviz_ogre_vendor/lib:/opt/ros/jazzy/lib/x86_64-linux-gnu:/opt/ros/jazzy/opt/gz_math_vendor/lib:/opt/ros/jazzy/opt/gz_utils_vendor/lib:/opt/ros/jazzy/opt/gz_cmake_vendor/lib:/opt/ros/jazzy/lib /usr/bin/cmake /home/gaurav/mrs_workspace/src/mrs_uav_flightforge_simulator -DCMAKE_BUILD_TYPE=Release -DAMENT_CMAKE_SYMLINK_INSTALL=1 -DCMAKE_INSTALL_PREFIX=/home/gaurav/mrs_workspace/install/mrs_uav_flightforge_simulator
[4.113s] Invoking command in '/home/gaurav/mrs_workspace/build/mrs_uav_flightforge_simulator': CMAKE_PREFIX_PATH=/home/gaurav/mrs_workspace/install/mrs_multirotor_simulator:/home/gaurav/mrs_workspace/install/mrs_uav_hw_api:/home/gaurav/mrs_workspace/install/mrs_uav_testing:/home/gaurav/mrs_workspace/install/mrs_lib:/home/gaurav/mrs_workspace/install/mrs_msgs:/home/gaurav/mrs_workspace/install/mrs_uav_system_full:/home/gaurav/mrs_workspace/install/mrs_uav_system:/home/gaurav/mrs_workspace/install/mrs_uav_core:/home/gaurav/mrs_workspace/install/mrs_uav_trajectory_generation:/home/gaurav/mrs_workspace/install/mrs_uav_trackers:/home/gaurav/mrs_workspace/install/mrs_uav_state_estimators:/home/gaurav/mrs_workspace/install/mrs_uav_controllers:/home/gaurav/mrs_workspace/install/mrs_uav_managers:/home/gaurav/mrs_workspace/install/mrs_uav_autostart:/home/gaurav/mrs_workspace/install/mrs_uav_status:/home/gaurav/mrs_workspace/install/mrs_uav_modules:/home/gaurav/mrs_workspace/install/mrs_serial:/home/gaurav/mrs_workspace/install/mrs_rviz_plugins:/home/gaurav/mrs_workspace/install/mrs_modules_msgs:/opt/ros/jazzy/opt/gz_math_vendor:/opt/ros/jazzy/opt/gz_utils_vendor:/opt/ros/jazzy/opt/gz_cmake_vendor:/opt/ros/jazzy DEBUGINFOD_URLS=https://debuginfod.ubuntu.com LD_LIBRARY_PATH=/home/gaurav/mrs_workspace/install/mrs_multirotor_simulator/lib:/home/gaurav/mrs_workspace/install/mrs_uav_hw_api/lib:/home/gaurav/mrs_workspace/install/mrs_lib/lib:/home/gaurav/mrs_workspace/install/mrs_msgs/lib:/home/gaurav/mrs_workspace/install/mrs_uav_trajectory_generation/lib:/home/gaurav/mrs_workspace/install/mrs_uav_trackers/lib:/home/gaurav/mrs_workspace/install/mrs_uav_state_estimators/lib:/home/gaurav/mrs_workspace/install/mrs_uav_controllers/lib:/home/gaurav/mrs_workspace/install/mrs_uav_managers/lib:/home/gaurav/mrs_workspace/install/mrs_uav_autostart/lib:/home/gaurav/mrs_workspace/install/mrs_uav_testing/lib:/home/gaurav/mrs_workspace/install/mrs_uav_status/lib:/home/gaurav/mrs_workspace/install/mrs_serial/lib:/home/gaurav/mrs_workspace/install/mrs_rviz_plugins/lib:/home/gaurav/mrs_workspace/install/mrs_modules_msgs/lib:/opt/ros/jazzy/opt/zenoh_cpp_vendor/lib:/opt/ros/jazzy/opt/rviz_ogre_vendor/lib:/opt/ros/jazzy/lib/x86_64-linux-gnu:/opt/ros/jazzy/opt/gz_math_vendor/lib:/opt/ros/jazzy/opt/gz_utils_vendor/lib:/opt/ros/jazzy/opt/gz_cmake_vendor/lib:/opt/ros/jazzy/lib /usr/bin/cmake --build /home/gaurav/mrs_workspace/build/mrs_uav_flightforge_simulator -- -j20 -l20
[4.172s] [  2%] Building CXX object CMakeFiles/MrsUavFlightforgeSimulator_FlightforgeConnector.dir/src/flight_forge_connector/flight_forge_connector.cpp.o
[4.172s] [  4%] Building CXX object CMakeFiles/MrsUavFlightforgeSimulator_FlightforgeConnector.dir/src/flight_forge_connector/socket_client.cpp.o
[4.172s] [  7%] Building CXX object CMakeFiles/MrsUavFlightforgeSimulator_FlightforgeConnector.dir/src/flight_forge_connector/game_mode_controller.cpp.o
[4.179s] [  9%] Generating type hashes for ROS interfaces
[4.192s] [  9%] Built target ament_cmake_python_symlink_mrs_uav_flightforge_simulator
[4.205s] [ 11%] Building CXX object CMakeFiles/MrsUavFlightforgeSimulator_HwApiPlugin.dir/src/hw_api_plugin.cpp.o
[4.456s] running egg_info
[4.457s] creating mrs_uav_flightforge_simulator.egg-info
[4.476s] writing mrs_uav_flightforge_simulator.egg-info/PKG-INFO
[4.477s] writing dependency_links to mrs_uav_flightforge_simulator.egg-info/dependency_links.txt
[4.477s] writing top-level names to mrs_uav_flightforge_simulator.egg-info/top_level.txt
[4.477s] writing manifest file 'mrs_uav_flightforge_simulator.egg-info/SOURCES.txt'
[4.534s] reading manifest file 'mrs_uav_flightforge_simulator.egg-info/SOURCES.txt'
[4.534s] writing manifest file 'mrs_uav_flightforge_simulator.egg-info/SOURCES.txt'
[4.538s] [ 11%] Built target mrs_uav_flightforge_simulator__rosidl_generator_type_description
[4.564s] [ 14%] Generating C code for ROS interfaces
[4.577s] [ 14%] Built target ament_cmake_python_build_mrs_uav_flightforge_simulator_egg
[4.588s] [ 16%] Generating C++ code for ROS interfaces
[4.984s] In file included from /home/gaurav/mrs_workspace/src/mrs_uav_flightforge_simulator/include/flight_forge_connector/socket_client.h:17,
[4.984s]                  from /home/gaurav/mrs_workspace/src/mrs_uav_flightforge_simulator/include/flight_forge_connector/flight_forge_connector.h:10,
[4.984s]                  from /home/gaurav/mrs_workspace/src/mrs_uav_flightforge_simulator/src/flight_forge_connector/flight_forge_connector.cpp:4:
[4.984s] /home/gaurav/mrs_workspace/src/mrs_uav_flightforge_simulator/include/kissnet/kissnet.hpp:403:41: warning: missing initializer for member ‘sockaddr_storage::__ss_padding’ [-Wmissing-field-initializers]
[4.984s]   403 |             sockaddr_storage adrinf = {0};
[4.984s]       |                                         ^
[4.986s] /home/gaurav/mrs_workspace/src/mrs_uav_flightforge_simulator/include/kissnet/kissnet.hpp:403:41: warning: missing initializer for member ‘sockaddr_storage::__ss_align’ [-Wmissing-field-initializers]
[5.067s] [ 16%] Built target mrs_uav_flightforge_simulator__cpp
[5.127s] [ 21%] Building C object CMakeFiles/mrs_uav_flightforge_simulator__rosidl_generator_c.dir/rosidl_generator_c/mrs_uav_flightforge_simulator/srv/detail/set_orientation__functions.c.o
[5.127s] [ 21%] Building C object CMakeFiles/mrs_uav_flightforge_simulator__rosidl_generator_c.dir/rosidl_generator_c/mrs_uav_flightforge_simulator/srv/detail/set_orientation__type_support.c.o
[5.129s] [ 23%] Building C object CMakeFiles/mrs_uav_flightforge_simulator__rosidl_generator_c.dir/rosidl_generator_c/mrs_uav_flightforge_simulator/srv/detail/set_orientation__description.c.o
[5.145s] In file included from /home/gaurav/mrs_workspace/src/mrs_uav_flightforge_simulator/include/flight_forge_connector/socket_client.h:17,
[5.145s]                  from /home/gaurav/mrs_workspace/src/mrs_uav_flightforge_simulator/src/flight_forge_connector/socket_client.cpp:4:
[5.145s] /home/gaurav/mrs_workspace/src/mrs_uav_flightforge_simulator/include/kissnet/kissnet.hpp:403:41: warning: missing initializer for member ‘sockaddr_storage::__ss_padding’ [-Wmissing-field-initializers]
[5.145s]   403 |             sockaddr_storage adrinf = {0};
[5.145s]       |                                         ^
[5.145s] /home/gaurav/mrs_workspace/src/mrs_uav_flightforge_simulator/include/kissnet/kissnet.hpp:403:41: warning: missing initializer for member ‘sockaddr_storage::__ss_align’ [-Wmissing-field-initializers]
[5.210s] In file included from /home/gaurav/mrs_workspace/src/mrs_uav_flightforge_simulator/include/flight_forge_connector/socket_client.h:17,
[5.210s]                  from /home/gaurav/mrs_workspace/src/mrs_uav_flightforge_simulator/include/flight_forge_connector/game_mode_controller.h:10,
[5.210s]                  from /home/gaurav/mrs_workspace/src/mrs_uav_flightforge_simulator/src/flight_forge_connector/game_mode_controller.cpp:4:
[5.211s] /home/gaurav/mrs_workspace/src/mrs_uav_flightforge_simulator/include/kissnet/kissnet.hpp:403:41: warning: missing initializer for member ‘sockaddr_storage::__ss_padding’ [-Wmissing-field-initializers]
[5.211s]   403 |             sockaddr_storage adrinf = {0};
[5.211s]       |                                         ^
[5.211s] /home/gaurav/mrs_workspace/src/mrs_uav_flightforge_simulator/include/kissnet/kissnet.hpp:403:41: warning: missing initializer for member ‘sockaddr_storage::__ss_align’ [-Wmissing-field-initializers]
[5.467s] [ 26%] Linking C shared library libmrs_uav_flightforge_simulator__rosidl_generator_c.so
[5.551s] [ 26%] Built target mrs_uav_flightforge_simulator__rosidl_generator_c
[5.569s] [ 28%] Generating C++ type support dispatch for ROS interfaces
[5.575s] [ 30%] Generating C++ type support for eProsima Fast-RTPS
[5.575s] [ 33%] Generating C type support for eProsima Fast-RTPS
[5.577s] [ 35%] Generating C type support dispatch for ROS interfaces
[5.578s] [ 38%] Generating C introspection for ROS interfaces
[5.578s] [ 40%] Generating C++ introspection for ROS interfaces
[5.871s] [ 42%] Building CXX object CMakeFiles/mrs_uav_flightforge_simulator__rosidl_typesupport_cpp.dir/rosidl_typesupport_cpp/mrs_uav_flightforge_simulator/srv/set_orientation__type_support.cpp.o
[5.915s] [ 45%] Building CXX object CMakeFiles/mrs_uav_flightforge_simulator__rosidl_typesupport_introspection_cpp.dir/rosidl_typesupport_introspection_cpp/mrs_uav_flightforge_simulator/srv/detail/set_orientation__type_support.cpp.o
[5.995s] [ 47%] Building CXX object CMakeFiles/mrs_uav_flightforge_simulator__rosidl_typesupport_c.dir/rosidl_typesupport_c/mrs_uav_flightforge_simulator/srv/set_orientation__type_support.cpp.o
[6.048s] [ 50%] Building CXX object CMakeFiles/mrs_uav_flightforge_simulator__rosidl_typesupport_fastrtps_c.dir/rosidl_typesupport_fastrtps_c/mrs_uav_flightforge_simulator/srv/detail/set_orientation__type_support_c.cpp.o
[6.076s] [ 52%] Linking CXX shared library libmrs_uav_flightforge_simulator__rosidl_typesupport_c.so
[6.120s] [ 52%] Built target mrs_uav_flightforge_simulator__rosidl_typesupport_c
[6.234s] [ 54%] Building C object CMakeFiles/mrs_uav_flightforge_simulator__rosidl_typesupport_introspection_c.dir/rosidl_typesupport_introspection_c/mrs_uav_flightforge_simulator/srv/detail/set_orientation__type_support.c.o
[6.318s] [ 57%] Building CXX object CMakeFiles/mrs_uav_flightforge_simulator__rosidl_typesupport_fastrtps_cpp.dir/rosidl_typesupport_fastrtps_cpp/mrs_uav_flightforge_simulator/srv/detail/dds_fastrtps/set_orientation__type_support.cpp.o
[6.399s] [ 59%] Linking C shared library libmrs_uav_flightforge_simulator__rosidl_typesupport_introspection_c.so
[6.471s] [ 59%] Built target mrs_uav_flightforge_simulator__rosidl_typesupport_introspection_c
[6.512s] [ 61%] Linking CXX shared library libmrs_uav_flightforge_simulator__rosidl_typesupport_cpp.so
[6.650s] [ 64%] Linking CXX shared library libmrs_uav_flightforge_simulator__rosidl_typesupport_fastrtps_c.so
[6.702s] [ 64%] Built target mrs_uav_flightforge_simulator__rosidl_typesupport_cpp
[6.739s] [ 64%] Built target mrs_uav_flightforge_simulator__rosidl_typesupport_fastrtps_c
[7.020s] [ 66%] Linking CXX shared library libmrs_uav_flightforge_simulator__rosidl_typesupport_introspection_cpp.so
[7.254s] [ 66%] Built target mrs_uav_flightforge_simulator__rosidl_typesupport_introspection_cpp
[7.348s] [ 69%] Linking CXX shared library libmrs_uav_flightforge_simulator__rosidl_typesupport_fastrtps_cpp.so
[7.570s] [ 69%] Built target mrs_uav_flightforge_simulator__rosidl_typesupport_fastrtps_cpp
[7.607s] [ 69%] Built target mrs_uav_flightforge_simulator
[7.655s] [ 71%] Generating Python code for ROS interfaces
[8.294s] [ 71%] Built target mrs_uav_flightforge_simulator__py
[8.335s] [ 73%] Building C object CMakeFiles/mrs_uav_flightforge_simulator__rosidl_generator_py.dir/rosidl_generator_py/mrs_uav_flightforge_simulator/srv/_set_orientation_s.c.o
[8.623s] [ 76%] Linking C shared library libmrs_uav_flightforge_simulator__rosidl_generator_py.so
[8.685s] [ 78%] Linking CXX shared library libMrsUavFlightforgeSimulator_FlightforgeConnector.so
[8.689s] [ 78%] Built target mrs_uav_flightforge_simulator__rosidl_generator_py
[8.731s] [ 80%] Building C object CMakeFiles/mrs_uav_flightforge_simulator_s__rosidl_typesupport_fastrtps_c.dir/rosidl_generator_py/mrs_uav_flightforge_simulator/_mrs_uav_flightforge_simulator_s.ep.rosidl_typesupport_fastrtps_c.c.o
[8.737s] [ 83%] Building C object CMakeFiles/mrs_uav_flightforge_simulator_s__rosidl_typesupport_introspection_c.dir/rosidl_generator_py/mrs_uav_flightforge_simulator/_mrs_uav_flightforge_simulator_s.ep.rosidl_typesupport_introspection_c.c.o
[8.752s] [ 85%] Building C object CMakeFiles/mrs_uav_flightforge_simulator_s__rosidl_typesupport_c.dir/rosidl_generator_py/mrs_uav_flightforge_simulator/_mrs_uav_flightforge_simulator_s.ep.rosidl_typesupport_c.c.o
[8.806s] [ 85%] Built target MrsUavFlightforgeSimulator_FlightforgeConnector
[8.849s] [ 88%] Building CXX object CMakeFiles/MrsUavFlightforgeSimulator_FlightforgeSimulator.dir/src/flightforge_simulator.cpp.o
[8.979s] [ 90%] Linking C shared module rosidl_generator_py/mrs_uav_flightforge_simulator/mrs_uav_flightforge_simulator_s__rosidl_typesupport_fastrtps_c.so
[8.980s] [ 92%] Linking C shared module rosidl_generator_py/mrs_uav_flightforge_simulator/mrs_uav_flightforge_simulator_s__rosidl_typesupport_introspection_c.so
[9.045s] [ 92%] Built target mrs_uav_flightforge_simulator_s__rosidl_typesupport_fastrtps_c
[9.051s] [ 92%] Built target mrs_uav_flightforge_simulator_s__rosidl_typesupport_introspection_c
[9.083s] [ 95%] Linking C shared module rosidl_generator_py/mrs_uav_flightforge_simulator/mrs_uav_flightforge_simulator_s__rosidl_typesupport_c.so
[9.145s] [ 95%] Built target mrs_uav_flightforge_simulator_s__rosidl_typesupport_c
[16.971s] In file included from /home/gaurav/mrs_workspace/src/mrs_uav_flightforge_simulator/include/flight_forge_connector/socket_client.h:17,
[16.971s]                  from /home/gaurav/mrs_workspace/src/mrs_uav_flightforge_simulator/include/flight_forge_connector/flight_forge_connector.h:10,
[16.971s]                  from /home/gaurav/mrs_workspace/src/mrs_uav_flightforge_simulator/src/flightforge_simulator.cpp:40:
[16.971s] /home/gaurav/mrs_workspace/src/mrs_uav_flightforge_simulator/include/kissnet/kissnet.hpp:403:41: warning: missing initializer for member ‘sockaddr_storage::__ss_padding’ [-Wmissing-field-initializers]
[16.971s]   403 |             sockaddr_storage adrinf = {0};
[16.971s]       |                                         ^
[16.972s] /home/gaurav/mrs_workspace/src/mrs_uav_flightforge_simulator/include/kissnet/kissnet.hpp:403:41: warning: missing initializer for member ‘sockaddr_storage::__ss_align’ [-Wmissing-field-initializers]
[35.869s] [ 97%] Linking CXX shared library libMrsUavFlightforgeSimulator_HwApiPlugin.so
[36.347s] [ 97%] Built target MrsUavFlightforgeSimulator_HwApiPlugin
[47.329s] In file included from /usr/include/boost/numeric/odeint/stepper/runge_kutta4.hpp:27,
[47.329s]                  from /home/gaurav/mrs_workspace/install/mrs_multirotor_simulator/include/mrs_multirotor_simulator/uav_system/ode/boost/numeric/odeint.hpp:29,
[47.329s]                  from /home/gaurav/mrs_workspace/install/mrs_multirotor_simulator/include/mrs_multirotor_simulator/uav_system/multirotor_model.hpp:13,
[47.329s]                  from /home/gaurav/mrs_workspace/install/mrs_multirotor_simulator/include/mrs_multirotor_simulator/uav_system/uav_system.hpp:4,
[47.330s]                  from /home/gaurav/mrs_workspace/install/mrs_multirotor_simulator/include/mrs_multirotor_simulator/uav_system_ros.h:15,
[47.330s]                  from /home/gaurav/mrs_workspace/src/mrs_uav_flightforge_simulator/src/flightforge_simulator.cpp:5:
[47.330s] In copy constructor ‘constexpr boost::numeric::odeint::explicit_generic_rk<4, 4, boost::array<double, 18>, double, boost::array<double, 18>, double, boost::numeric::odeint::array_algebra, boost::numeric::odeint::default_operations, boost::numeric::odeint::initially_resizer>::explicit_generic_rk(const boost::numeric::odeint::explicit_generic_rk<4, 4, boost::array<double, 18>, double, boost::array<double, 18>, double, boost::numeric::odeint::array_algebra, boost::numeric::odeint::default_operations, boost::numeric::odeint::initially_resizer>&)’,
[47.330s]     inlined from ‘constexpr boost::numeric::odeint::runge_kutta4<boost::array<double, 18> >::runge_kutta4(const boost::numeric::odeint::runge_kutta4<boost::array<double, 18> >&)’ at /usr/include/boost/numeric/odeint/stepper/runge_kutta4.hpp:112:7,
[47.330s]     inlined from ‘void mrs_multirotor_simulator::MultirotorModel::step(const double&)’ at /home/gaurav/mrs_workspace/install/mrs_multirotor_simulator/include/mrs_multirotor_simulator/uav_system/multirotor_model.hpp:226:28:
[47.330s] /usr/include/boost/numeric/odeint/stepper/explicit_generic_rk.hpp:94:7: warning: ‘rk.boost::numeric::odeint::runge_kutta4<boost::array<double, 18>, double, boost::array<double, 18>, double, boost::numeric::odeint::array_algebra, boost::numeric::odeint::default_operations, boost::numeric::odeint::initially_resizer>::<unnamed>.boost::numeric::odeint::explicit_generic_rk<4, 4, boost::array<double, 18>, double, boost::array<double, 18>, double, boost::numeric::odeint::array_algebra, boost::numeric::odeint::default_operations, boost::numeric::odeint::initially_resizer>::m_x_tmp’ is used uninitialized [-Wuninitialized]
[47.330s]    94 | class explicit_generic_rk : public explicit_stepper_base<
[47.330s]       |       ^~~~~~~~~~~~~~~~~~~
[47.330s] /home/gaurav/mrs_workspace/install/mrs_multirotor_simulator/include/mrs_multirotor_simulator/uav_system/multirotor_model.hpp: In member function ‘void mrs_multirotor_simulator::MultirotorModel::step(const double&)’:
[47.330s] /home/gaurav/mrs_workspace/install/mrs_multirotor_simulator/include/mrs_multirotor_simulator/uav_system/multirotor_model.hpp:224:55: note: ‘rk’ declared here
[47.330s]   224 |   boost::numeric::odeint::runge_kutta4<InternalState> rk;
[47.330s]       |                                                       ^~
[47.330s] In copy constructor ‘constexpr boost::numeric::odeint::explicit_generic_rk<4, 4, boost::array<double, 18>, double, boost::array<double, 18>, double, boost::numeric::odeint::array_algebra, boost::numeric::odeint::default_operations, boost::numeric::odeint::initially_resizer>::explicit_generic_rk(const boost::numeric::odeint::explicit_generic_rk<4, 4, boost::array<double, 18>, double, boost::array<double, 18>, double, boost::numeric::odeint::array_algebra, boost::numeric::odeint::default_operations, boost::numeric::odeint::initially_resizer>&)’,
[47.330s]     inlined from ‘constexpr boost::numeric::odeint::runge_kutta4<boost::array<double, 18> >::runge_kutta4(const boost::numeric::odeint::runge_kutta4<boost::array<double, 18> >&)’ at /usr/include/boost/numeric/odeint/stepper/runge_kutta4.hpp:112:7,
[47.330s]     inlined from ‘void mrs_multirotor_simulator::MultirotorModel::step(const double&)’ at /home/gaurav/mrs_workspace/install/mrs_multirotor_simulator/include/mrs_multirotor_simulator/uav_system/multirotor_model.hpp:226:28:
[47.330s] /usr/include/boost/numeric/odeint/stepper/explicit_generic_rk.hpp:94:7: warning: ‘rk.boost::numeric::odeint::runge_kutta4<boost::array<double, 18>, double, boost::array<double, 18>, double, boost::numeric::odeint::array_algebra, boost::numeric::odeint::default_operations, boost::numeric::odeint::initially_resizer>::<unnamed>.boost::numeric::odeint::explicit_generic_rk<4, 4, boost::array<double, 18>, double, boost::array<double, 18>, double, boost::numeric::odeint::array_algebra, boost::numeric::odeint::default_operations, boost::numeric::odeint::initially_resizer>::m_F’ is used uninitialized [-Wuninitialized]
[47.330s]    94 | class explicit_generic_rk : public explicit_stepper_base<
[47.330s]       |       ^~~~~~~~~~~~~~~~~~~
[47.330s] /home/gaurav/mrs_workspace/install/mrs_multirotor_simulator/include/mrs_multirotor_simulator/uav_system/multirotor_model.hpp: In member function ‘void mrs_multirotor_simulator::MultirotorModel::step(const double&)’:
[47.330s] /home/gaurav/mrs_workspace/install/mrs_multirotor_simulator/include/mrs_multirotor_simulator/uav_system/multirotor_model.hpp:224:55: note: ‘rk’ declared here
[47.330s]   224 |   boost::numeric::odeint::runge_kutta4<InternalState> rk;
[47.330s]       |                                                       ^~
[61.529s] [100%] Linking CXX shared library libMrsUavFlightforgeSimulator_FlightforgeSimulator.so
[62.259s] [100%] Built target MrsUavFlightforgeSimulator_FlightforgeSimulator
[62.268s] Invoked command in '/home/gaurav/mrs_workspace/build/mrs_uav_flightforge_simulator' returned '0': CMAKE_PREFIX_PATH=/home/gaurav/mrs_workspace/install/mrs_multirotor_simulator:/home/gaurav/mrs_workspace/install/mrs_uav_hw_api:/home/gaurav/mrs_workspace/install/mrs_uav_testing:/home/gaurav/mrs_workspace/install/mrs_lib:/home/gaurav/mrs_workspace/install/mrs_msgs:/home/gaurav/mrs_workspace/install/mrs_uav_system_full:/home/gaurav/mrs_workspace/install/mrs_uav_system:/home/gaurav/mrs_workspace/install/mrs_uav_core:/home/gaurav/mrs_workspace/install/mrs_uav_trajectory_generation:/home/gaurav/mrs_workspace/install/mrs_uav_trackers:/home/gaurav/mrs_workspace/install/mrs_uav_state_estimators:/home/gaurav/mrs_workspace/install/mrs_uav_controllers:/home/gaurav/mrs_workspace/install/mrs_uav_managers:/home/gaurav/mrs_workspace/install/mrs_uav_autostart:/home/gaurav/mrs_workspace/install/mrs_uav_status:/home/gaurav/mrs_workspace/install/mrs_uav_modules:/home/gaurav/mrs_workspace/install/mrs_serial:/home/gaurav/mrs_workspace/install/mrs_rviz_plugins:/home/gaurav/mrs_workspace/install/mrs_modules_msgs:/opt/ros/jazzy/opt/gz_math_vendor:/opt/ros/jazzy/opt/gz_utils_vendor:/opt/ros/jazzy/opt/gz_cmake_vendor:/opt/ros/jazzy DEBUGINFOD_URLS=https://debuginfod.ubuntu.com LD_LIBRARY_PATH=/home/gaurav/mrs_workspace/install/mrs_multirotor_simulator/lib:/home/gaurav/mrs_workspace/install/mrs_uav_hw_api/lib:/home/gaurav/mrs_workspace/install/mrs_lib/lib:/home/gaurav/mrs_workspace/install/mrs_msgs/lib:/home/gaurav/mrs_workspace/install/mrs_uav_trajectory_generation/lib:/home/gaurav/mrs_workspace/install/mrs_uav_trackers/lib:/home/gaurav/mrs_workspace/install/mrs_uav_state_estimators/lib:/home/gaurav/mrs_workspace/install/mrs_uav_controllers/lib:/home/gaurav/mrs_workspace/install/mrs_uav_managers/lib:/home/gaurav/mrs_workspace/install/mrs_uav_autostart/lib:/home/gaurav/mrs_workspace/install/mrs_uav_testing/lib:/home/gaurav/mrs_workspace/install/mrs_uav_status/lib:/home/gaurav/mrs_workspace/install/mrs_serial/lib:/home/gaurav/mrs_workspace/install/mrs_rviz_plugins/lib:/home/gaurav/mrs_workspace/install/mrs_modules_msgs/lib:/opt/ros/jazzy/opt/zenoh_cpp_vendor/lib:/opt/ros/jazzy/opt/rviz_ogre_vendor/lib:/opt/ros/jazzy/lib/x86_64-linux-gnu:/opt/ros/jazzy/opt/gz_math_vendor/lib:/opt/ros/jazzy/opt/gz_utils_vendor/lib:/opt/ros/jazzy/opt/gz_cmake_vendor/lib:/opt/ros/jazzy/lib /usr/bin/cmake --build /home/gaurav/mrs_workspace/build/mrs_uav_flightforge_simulator -- -j20 -l20
[62.269s] Invoking command in '/home/gaurav/mrs_workspace/build/mrs_uav_flightforge_simulator': CMAKE_PREFIX_PATH=/home/gaurav/mrs_workspace/install/mrs_multirotor_simulator:/home/gaurav/mrs_workspace/install/mrs_uav_hw_api:/home/gaurav/mrs_workspace/install/mrs_uav_testing:/home/gaurav/mrs_workspace/install/mrs_lib:/home/gaurav/mrs_workspace/install/mrs_msgs:/home/gaurav/mrs_workspace/install/mrs_uav_system_full:/home/gaurav/mrs_workspace/install/mrs_uav_system:/home/gaurav/mrs_workspace/install/mrs_uav_core:/home/gaurav/mrs_workspace/install/mrs_uav_trajectory_generation:/home/gaurav/mrs_workspace/install/mrs_uav_trackers:/home/gaurav/mrs_workspace/install/mrs_uav_state_estimators:/home/gaurav/mrs_workspace/install/mrs_uav_controllers:/home/gaurav/mrs_workspace/install/mrs_uav_managers:/home/gaurav/mrs_workspace/install/mrs_uav_autostart:/home/gaurav/mrs_workspace/install/mrs_uav_status:/home/gaurav/mrs_workspace/install/mrs_uav_modules:/home/gaurav/mrs_workspace/install/mrs_serial:/home/gaurav/mrs_workspace/install/mrs_rviz_plugins:/home/gaurav/mrs_workspace/install/mrs_modules_msgs:/opt/ros/jazzy/opt/gz_math_vendor:/opt/ros/jazzy/opt/gz_utils_vendor:/opt/ros/jazzy/opt/gz_cmake_vendor:/opt/ros/jazzy DEBUGINFOD_URLS=https://debuginfod.ubuntu.com LD_LIBRARY_PATH=/home/gaurav/mrs_workspace/install/mrs_multirotor_simulator/lib:/home/gaurav/mrs_workspace/install/mrs_uav_hw_api/lib:/home/gaurav/mrs_workspace/install/mrs_lib/lib:/home/gaurav/mrs_workspace/install/mrs_msgs/lib:/home/gaurav/mrs_workspace/install/mrs_uav_trajectory_generation/lib:/home/gaurav/mrs_workspace/install/mrs_uav_trackers/lib:/home/gaurav/mrs_workspace/install/mrs_uav_state_estimators/lib:/home/gaurav/mrs_workspace/install/mrs_uav_controllers/lib:/home/gaurav/mrs_workspace/install/mrs_uav_managers/lib:/home/gaurav/mrs_workspace/install/mrs_uav_autostart/lib:/home/gaurav/mrs_workspace/install/mrs_uav_testing/lib:/home/gaurav/mrs_workspace/install/mrs_uav_status/lib:/home/gaurav/mrs_workspace/install/mrs_serial/lib:/home/gaurav/mrs_workspace/install/mrs_rviz_plugins/lib:/home/gaurav/mrs_workspace/install/mrs_modules_msgs/lib:/opt/ros/jazzy/opt/zenoh_cpp_vendor/lib:/opt/ros/jazzy/opt/rviz_ogre_vendor/lib:/opt/ros/jazzy/lib/x86_64-linux-gnu:/opt/ros/jazzy/opt/gz_math_vendor/lib:/opt/ros/jazzy/opt/gz_utils_vendor/lib:/opt/ros/jazzy/opt/gz_cmake_vendor/lib:/opt/ros/jazzy/lib /usr/bin/cmake --install /home/gaurav/mrs_workspace/build/mrs_uav_flightforge_simulator
[62.275s] -- Install configuration: "Release"
[62.275s] -- Execute custom install script
[62.275s] -- Symlinking: /home/gaurav/mrs_workspace/install/mrs_uav_flightforge_simulator/share/ament_index/resource_index/rosidl_interfaces/mrs_uav_flightforge_simulator
[62.282s] -- Symlinking: /home/gaurav/mrs_workspace/install/mrs_uav_flightforge_simulator/share/mrs_uav_flightforge_simulator/srv/SetOrientation.json
[62.288s] -- Symlinking: /home/gaurav/mrs_workspace/install/mrs_uav_flightforge_simulator/include/mrs_uav_flightforge_simulator/mrs_uav_flightforge_simulator/msg/rosidl_generator_c__visibility_control.h
[62.295s] -- Symlinking: /home/gaurav/mrs_workspace/install/mrs_uav_flightforge_simulator/include/mrs_uav_flightforge_simulator/mrs_uav_flightforge_simulator/srv/detail/set_orientation__functions.h
[62.301s] -- Symlinking: /home/gaurav/mrs_workspace/install/mrs_uav_flightforge_simulator/include/mrs_uav_flightforge_simulator/mrs_uav_flightforge_simulator/srv/detail/set_orientation__struct.h
[62.308s] -- Symlinking: /home/gaurav/mrs_workspace/install/mrs_uav_flightforge_simulator/include/mrs_uav_flightforge_simulator/mrs_uav_flightforge_simulator/srv/detail/set_orientation__type_support.h
[62.314s] -- Symlinking: /home/gaurav/mrs_workspace/install/mrs_uav_flightforge_simulator/include/mrs_uav_flightforge_simulator/mrs_uav_flightforge_simulator/srv/set_orientation.h
[62.321s] -- Symlinking: /home/gaurav/mrs_workspace/install/mrs_uav_flightforge_simulator/share/mrs_uav_flightforge_simulator/environment/library_path.sh
[62.328s] -- Symlinking: /home/gaurav/mrs_workspace/install/mrs_uav_flightforge_simulator/share/mrs_uav_flightforge_simulator/environment/library_path.dsv
[62.338s] -- Symlinking: /home/gaurav/mrs_workspace/install/mrs_uav_flightforge_simulator/include/mrs_uav_flightforge_simulator/mrs_uav_flightforge_simulator/msg/rosidl_typesupport_fastrtps_c__visibility_control.h
[62.344s] -- Symlinking: /home/gaurav/mrs_workspace/install/mrs_uav_flightforge_simulator/include/mrs_uav_flightforge_simulator/mrs_uav_flightforge_simulator/srv/detail/set_orientation__rosidl_typesupport_fastrtps_c.h
[62.351s] -- Symlinking: /home/gaurav/mrs_workspace/install/mrs_uav_flightforge_simulator/include/mrs_uav_flightforge_simulator/mrs_uav_flightforge_simulator/msg/rosidl_generator_cpp__visibility_control.hpp
[62.357s] -- Symlinking: /home/gaurav/mrs_workspace/install/mrs_uav_flightforge_simulator/include/mrs_uav_flightforge_simulator/mrs_uav_flightforge_simulator/srv/detail/set_orientation__builder.hpp
[62.364s] -- Symlinking: /home/gaurav/mrs_workspace/install/mrs_uav_flightforge_simulator/include/mrs_uav_flightforge_simulator/mrs_uav_flightforge_simulator/srv/detail/set_orientation__struct.hpp
[62.370s] -- Symlinking: /home/gaurav/mrs_workspace/install/mrs_uav_flightforge_simulator/include/mrs_uav_flightforge_simulator/mrs_uav_flightforge_simulator/srv/detail/set_orientation__traits.hpp
[62.377s] -- Symlinking: /home/gaurav/mrs_workspace/install/mrs_uav_flightforge_simulator/include/mrs_uav_flightforge_simulator/mrs_uav_flightforge_simulator/srv/detail/set_orientation__type_support.hpp
[62.383s] -- Symlinking: /home/gaurav/mrs_workspace/install/mrs_uav_flightforge_simulator/include/mrs_uav_flightforge_simulator/mrs_uav_flightforge_simulator/srv/set_orientation.hpp
[62.390s] -- Symlinking: /home/gaurav/mrs_workspace/install/mrs_uav_flightforge_simulator/include/mrs_uav_flightforge_simulator/mrs_uav_flightforge_simulator/msg/rosidl_typesupport_fastrtps_cpp__visibility_control.h
[62.396s] -- Symlinking: /home/gaurav/mrs_workspace/install/mrs_uav_flightforge_simulator/include/mrs_uav_flightforge_simulator/mrs_uav_flightforge_simulator/srv/detail/set_orientation__rosidl_typesupport_fastrtps_cpp.hpp
[62.403s] -- Symlinking: /home/gaurav/mrs_workspace/install/mrs_uav_flightforge_simulator/include/mrs_uav_flightforge_simulator/mrs_uav_flightforge_simulator/msg/rosidl_typesupport_introspection_c__visibility_control.h
[62.409s] -- Symlinking: /home/gaurav/mrs_workspace/install/mrs_uav_flightforge_simulator/include/mrs_uav_flightforge_simulator/mrs_uav_flightforge_simulator/srv/detail/set_orientation__rosidl_typesupport_introspection_c.h
[62.416s] -- Symlinking: /home/gaurav/mrs_workspace/install/mrs_uav_flightforge_simulator/include/mrs_uav_flightforge_simulator/mrs_uav_flightforge_simulator/srv/detail/set_orientation__rosidl_typesupport_introspection_cpp.hpp
[62.422s] -- Symlinking: /home/gaurav/mrs_workspace/install/mrs_uav_flightforge_simulator/share/mrs_uav_flightforge_simulator/environment/pythonpath.sh
[62.429s] -- Symlinking: /home/gaurav/mrs_workspace/install/mrs_uav_flightforge_simulator/share/mrs_uav_flightforge_simulator/environment/pythonpath.dsv
[62.435s] -- Symlinking: /home/gaurav/mrs_workspace/install/mrs_uav_flightforge_simulator/lib/python3.12/site-packages/mrs_uav_flightforge_simulator-2.0.0-py3.12.egg-info/PKG-INFO
[62.442s] -- Symlinking: /home/gaurav/mrs_workspace/install/mrs_uav_flightforge_simulator/lib/python3.12/site-packages/mrs_uav_flightforge_simulator-2.0.0-py3.12.egg-info/SOURCES.txt
[62.448s] -- Symlinking: /home/gaurav/mrs_workspace/install/mrs_uav_flightforge_simulator/lib/python3.12/site-packages/mrs_uav_flightforge_simulator-2.0.0-py3.12.egg-info/dependency_links.txt
[62.455s] -- Symlinking: /home/gaurav/mrs_workspace/install/mrs_uav_flightforge_simulator/lib/python3.12/site-packages/mrs_uav_flightforge_simulator-2.0.0-py3.12.egg-info/top_level.txt
[62.461s] -- Symlinking: /home/gaurav/mrs_workspace/install/mrs_uav_flightforge_simulator/lib/python3.12/site-packages/mrs_uav_flightforge_simulator/__init__.py
[62.468s] -- Symlinking: /home/gaurav/mrs_workspace/install/mrs_uav_flightforge_simulator/lib/python3.12/site-packages/mrs_uav_flightforge_simulator/_mrs_uav_flightforge_simulator_s.ep.rosidl_typesupport_c.c
[62.474s] -- Symlinking: /home/gaurav/mrs_workspace/install/mrs_uav_flightforge_simulator/lib/python3.12/site-packages/mrs_uav_flightforge_simulator/_mrs_uav_flightforge_simulator_s.ep.rosidl_typesupport_fastrtps_c.c
[62.480s] -- Symlinking: /home/gaurav/mrs_workspace/install/mrs_uav_flightforge_simulator/lib/python3.12/site-packages/mrs_uav_flightforge_simulator/_mrs_uav_flightforge_simulator_s.ep.rosidl_typesupport_introspection_c.c
[62.487s] -- Symlinking: /home/gaurav/mrs_workspace/install/mrs_uav_flightforge_simulator/lib/python3.12/site-packages/mrs_uav_flightforge_simulator/mrs_uav_flightforge_simulator_s__rosidl_typesupport_c.so
[62.493s] -- Symlinking: /home/gaurav/mrs_workspace/install/mrs_uav_flightforge_simulator/lib/python3.12/site-packages/mrs_uav_flightforge_simulator/mrs_uav_flightforge_simulator_s__rosidl_typesupport_fastrtps_c.so
[62.499s] -- Symlinking: /home/gaurav/mrs_workspace/install/mrs_uav_flightforge_simulator/lib/python3.12/site-packages/mrs_uav_flightforge_simulator/mrs_uav_flightforge_simulator_s__rosidl_typesupport_introspection_c.so
[62.506s] -- Symlinking: /home/gaurav/mrs_workspace/install/mrs_uav_flightforge_simulator/lib/python3.12/site-packages/mrs_uav_flightforge_simulator/srv/__init__.py
[62.512s] -- Symlinking: /home/gaurav/mrs_workspace/install/mrs_uav_flightforge_simulator/lib/python3.12/site-packages/mrs_uav_flightforge_simulator/srv/_set_orientation.py
[62.519s] -- Symlinking: /home/gaurav/mrs_workspace/install/mrs_uav_flightforge_simulator/lib/python3.12/site-packages/mrs_uav_flightforge_simulator/srv/_set_orientation_s.c
[62.525s] -- Up-to-date symlink: /home/gaurav/mrs_workspace/install/mrs_uav_flightforge_simulator/lib/python3.12/site-packages/mrs_uav_flightforge_simulator/mrs_uav_flightforge_simulator_s__rosidl_typesupport_fastrtps_c.so
[62.525s] -- Up-to-date symlink: /home/gaurav/mrs_workspace/install/mrs_uav_flightforge_simulator/lib/python3.12/site-packages/mrs_uav_flightforge_simulator/mrs_uav_flightforge_simulator_s__rosidl_typesupport_introspection_c.so
[62.526s] -- Up-to-date symlink: /home/gaurav/mrs_workspace/install/mrs_uav_flightforge_simulator/lib/python3.12/site-packages/mrs_uav_flightforge_simulator/mrs_uav_flightforge_simulator_s__rosidl_typesupport_c.so
[62.526s] -- Symlinking: /home/gaurav/mrs_workspace/install/mrs_uav_flightforge_simulator/share/mrs_uav_flightforge_simulator/srv/SetOrientation.idl
[62.532s] -- Symlinking: /home/gaurav/mrs_workspace/install/mrs_uav_flightforge_simulator/share/mrs_uav_flightforge_simulator/srv/SetOrientation.srv
[62.539s] -- Symlinking: /home/gaurav/mrs_workspace/install/mrs_uav_flightforge_simulator/share/mrs_uav_flightforge_simulator//plugins.xml
[62.546s] CMake Warning (dev) at ament_cmake_symlink_install/ament_cmake_symlink_install.cmake:62 (file):
[62.546s]   Policy CMP0009 is not set: FILE GLOB_RECURSE calls should not follow
[62.546s]   symlinks by default.  Run "cmake --help-policy CMP0009" for policy details.
[62.546s]   Use the cmake_policy command to set the policy and suppress this warning.
[62.546s] Call Stack (most recent call first):
[62.546s]   ament_cmake_symlink_install/ament_cmake_symlink_install.cmake:374 (ament_cmake_symlink_install_directory)
[62.546s]   cmake_install.cmake:46 (include)
[62.546s] This warning is for project developers.  Use -Wno-dev to suppress it.
[62.546s] 
[62.546s] -- Symlinking: /home/gaurav/mrs_workspace/install/mrs_uav_flightforge_simulator/./include/cereal/access.hpp
[62.553s] -- Symlinking: /home/gaurav/mrs_workspace/install/mrs_uav_flightforge_simulator/./include/cereal/archives/adapters.hpp
[62.559s] -- Symlinking: /home/gaurav/mrs_workspace/install/mrs_uav_flightforge_simulator/./include/cereal/archives/binary.hpp
[62.565s] -- Symlinking: /home/gaurav/mrs_workspace/install/mrs_uav_flightforge_simulator/./include/cereal/archives/json.hpp
[62.572s] -- Symlinking: /home/gaurav/mrs_workspace/install/mrs_uav_flightforge_simulator/./include/cereal/archives/portable_binary.hpp
[62.578s] -- Symlinking: /home/gaurav/mrs_workspace/install/mrs_uav_flightforge_simulator/./include/cereal/archives/xml.hpp
[62.587s] -- Symlinking: /home/gaurav/mrs_workspace/install/mrs_uav_flightforge_simulator/./include/cereal/cereal.hpp
[62.596s] -- Symlinking: /home/gaurav/mrs_workspace/install/mrs_uav_flightforge_simulator/./include/cereal/details/helpers.hpp
[62.605s] -- Symlinking: /home/gaurav/mrs_workspace/install/mrs_uav_flightforge_simulator/./include/cereal/details/polymorphic_impl.hpp
[62.615s] -- Symlinking: /home/gaurav/mrs_workspace/install/mrs_uav_flightforge_simulator/./include/cereal/details/polymorphic_impl_fwd.hpp
[62.624s] -- Symlinking: /home/gaurav/mrs_workspace/install/mrs_uav_flightforge_simulator/./include/cereal/details/static_object.hpp
[62.634s] -- Symlinking: /home/gaurav/mrs_workspace/install/mrs_uav_flightforge_simulator/./include/cereal/details/traits.hpp
[62.643s] -- Symlinking: /home/gaurav/mrs_workspace/install/mrs_uav_flightforge_simulator/./include/cereal/details/util.hpp
[62.653s] -- Symlinking: /home/gaurav/mrs_workspace/install/mrs_uav_flightforge_simulator/./include/cereal/external/LICENSE
[62.663s] -- Symlinking: /home/gaurav/mrs_workspace/install/mrs_uav_flightforge_simulator/./include/cereal/external/base64.hpp
[62.673s] -- Symlinking: /home/gaurav/mrs_workspace/install/mrs_uav_flightforge_simulator/./include/cereal/external/rapidjson/LICENSE
[62.679s] -- Symlinking: /home/gaurav/mrs_workspace/install/mrs_uav_flightforge_simulator/./include/cereal/external/rapidjson/allocators.h
[62.685s] -- Symlinking: /home/gaurav/mrs_workspace/install/mrs_uav_flightforge_simulator/./include/cereal/external/rapidjson/cursorstreamwrapper.h
[62.691s] -- Symlinking: /home/gaurav/mrs_workspace/install/mrs_uav_flightforge_simulator/./include/cereal/external/rapidjson/document.h
[62.697s] -- Symlinking: /home/gaurav/mrs_workspace/install/mrs_uav_flightforge_simulator/./include/cereal/external/rapidjson/encodedstream.h
[62.704s] -- Symlinking: /home/gaurav/mrs_workspace/install/mrs_uav_flightforge_simulator/./include/cereal/external/rapidjson/encodings.h
[62.710s] -- Symlinking: /home/gaurav/mrs_workspace/install/mrs_uav_flightforge_simulator/./include/cereal/external/rapidjson/error/en.h
[62.716s] -- Symlinking: /home/gaurav/mrs_workspace/install/mrs_uav_flightforge_simulator/./include/cereal/external/rapidjson/error/error.h
[62.722s] -- Symlinking: /home/gaurav/mrs_workspace/install/mrs_uav_flightforge_simulator/./include/cereal/external/rapidjson/filereadstream.h
[62.728s] -- Symlinking: /home/gaurav/mrs_workspace/install/mrs_uav_flightforge_simulator/./include/cereal/external/rapidjson/filewritestream.h
[62.734s] -- Symlinking: /home/gaurav/mrs_workspace/install/mrs_uav_flightforge_simulator/./include/cereal/external/rapidjson/fwd.h
[62.740s] -- Symlinking: /home/gaurav/mrs_workspace/install/mrs_uav_flightforge_simulator/./include/cereal/external/rapidjson/internal/biginteger.h
[62.747s] -- Symlinking: /home/gaurav/mrs_workspace/install/mrs_uav_flightforge_simulator/./include/cereal/external/rapidjson/internal/diyfp.h
[62.753s] -- Symlinking: /home/gaurav/mrs_workspace/install/mrs_uav_flightforge_simulator/./include/cereal/external/rapidjson/internal/dtoa.h
[62.759s] -- Symlinking: /home/gaurav/mrs_workspace/install/mrs_uav_flightforge_simulator/./include/cereal/external/rapidjson/internal/ieee754.h
[62.765s] -- Symlinking: /home/gaurav/mrs_workspace/install/mrs_uav_flightforge_simulator/./include/cereal/external/rapidjson/internal/itoa.h
[62.771s] -- Symlinking: /home/gaurav/mrs_workspace/install/mrs_uav_flightforge_simulator/./include/cereal/external/rapidjson/internal/meta.h
[62.778s] -- Symlinking: /home/gaurav/mrs_workspace/install/mrs_uav_flightforge_simulator/./include/cereal/external/rapidjson/internal/pow10.h
[62.784s] -- Symlinking: /home/gaurav/mrs_workspace/install/mrs_uav_flightforge_simulator/./include/cereal/external/rapidjson/internal/regex.h
[62.790s] -- Symlinking: /home/gaurav/mrs_workspace/install/mrs_uav_flightforge_simulator/./include/cereal/external/rapidjson/internal/stack.h
[62.796s] -- Symlinking: /home/gaurav/mrs_workspace/install/mrs_uav_flightforge_simulator/./include/cereal/external/rapidjson/internal/strfunc.h
[62.805s] -- Symlinking: /home/gaurav/mrs_workspace/install/mrs_uav_flightforge_simulator/./include/cereal/external/rapidjson/internal/strtod.h
[62.811s] -- Symlinking: /home/gaurav/mrs_workspace/install/mrs_uav_flightforge_simulator/./include/cereal/external/rapidjson/internal/swap.h
[62.817s] -- Symlinking: /home/gaurav/mrs_workspace/install/mrs_uav_flightforge_simulator/./include/cereal/external/rapidjson/istreamwrapper.h
[62.823s] -- Symlinking: /home/gaurav/mrs_workspace/install/mrs_uav_flightforge_simulator/./include/cereal/external/rapidjson/memorybuffer.h
[62.829s] -- Symlinking: /home/gaurav/mrs_workspace/install/mrs_uav_flightforge_simulator/./include/cereal/external/rapidjson/memorystream.h
[62.835s] -- Symlinking: /home/gaurav/mrs_workspace/install/mrs_uav_flightforge_simulator/./include/cereal/external/rapidjson/msinttypes/LICENSE
[62.842s] -- Symlinking: /home/gaurav/mrs_workspace/install/mrs_uav_flightforge_simulator/./include/cereal/external/rapidjson/msinttypes/inttypes.h
[62.848s] -- Symlinking: /home/gaurav/mrs_workspace/install/mrs_uav_flightforge_simulator/./include/cereal/external/rapidjson/msinttypes/stdint.h
[62.854s] -- Symlinking: /home/gaurav/mrs_workspace/install/mrs_uav_flightforge_simulator/./include/cereal/external/rapidjson/ostreamwrapper.h
[62.860s] -- Symlinking: /home/gaurav/mrs_workspace/install/mrs_uav_flightforge_simulator/./include/cereal/external/rapidjson/pointer.h
[62.867s] -- Symlinking: /home/gaurav/mrs_workspace/install/mrs_uav_flightforge_simulator/./include/cereal/external/rapidjson/prettywriter.h
[62.873s] -- Symlinking: /home/gaurav/mrs_workspace/install/mrs_uav_flightforge_simulator/./include/cereal/external/rapidjson/rapidjson.h
[62.879s] -- Symlinking: /home/gaurav/mrs_workspace/install/mrs_uav_flightforge_simulator/./include/cereal/external/rapidjson/reader.h
[62.885s] -- Symlinking: /home/gaurav/mrs_workspace/install/mrs_uav_flightforge_simulator/./include/cereal/external/rapidjson/schema.h
[62.892s] -- Symlinking: /home/gaurav/mrs_workspace/install/mrs_uav_flightforge_simulator/./include/cereal/external/rapidjson/stream.h
[62.898s] -- Symlinking: /home/gaurav/mrs_workspace/install/mrs_uav_flightforge_simulator/./include/cereal/external/rapidjson/stringbuffer.h
[62.904s] -- Symlinking: /home/gaurav/mrs_workspace/install/mrs_uav_flightforge_simulator/./include/cereal/external/rapidjson/writer.h
[62.911s] -- Symlinking: /home/gaurav/mrs_workspace/install/mrs_uav_flightforge_simulator/./include/cereal/external/rapidxml/license.txt
[62.917s] -- Symlinking: /home/gaurav/mrs_workspace/install/mrs_uav_flightforge_simulator/./include/cereal/external/rapidxml/manual.html
[62.923s] -- Symlinking: /home/gaurav/mrs_workspace/install/mrs_uav_flightforge_simulator/./include/cereal/external/rapidxml/rapidxml.hpp
[62.929s] -- Symlinking: /home/gaurav/mrs_workspace/install/mrs_uav_flightforge_simulator/./include/cereal/external/rapidxml/rapidxml_iterators.hpp
[62.936s] -- Symlinking: /home/gaurav/mrs_workspace/install/mrs_uav_flightforge_simulator/./include/cereal/external/rapidxml/rapidxml_print.hpp
[62.942s] -- Symlinking: /home/gaurav/mrs_workspace/install/mrs_uav_flightforge_simulator/./include/cereal/external/rapidxml/rapidxml_utils.hpp
[62.948s] -- Symlinking: /home/gaurav/mrs_workspace/install/mrs_uav_flightforge_simulator/./include/cereal/macros.hpp
[62.954s] -- Symlinking: /home/gaurav/mrs_workspace/install/mrs_uav_flightforge_simulator/./include/cereal/specialize.hpp
[62.960s] -- Symlinking: /home/gaurav/mrs_workspace/install/mrs_uav_flightforge_simulator/./include/cereal/types/array.hpp
[62.966s] -- Symlinking: /home/gaurav/mrs_workspace/install/mrs_uav_flightforge_simulator/./include/cereal/types/atomic.hpp
[62.972s] -- Symlinking: /home/gaurav/mrs_workspace/install/mrs_uav_flightforge_simulator/./include/cereal/types/base_class.hpp
[62.978s] -- Symlinking: /home/gaurav/mrs_workspace/install/mrs_uav_flightforge_simulator/./include/cereal/types/bitset.hpp
[62.985s] -- Symlinking: /home/gaurav/mrs_workspace/install/mrs_uav_flightforge_simulator/./include/cereal/types/boost_variant.hpp
[62.991s] -- Symlinking: /home/gaurav/mrs_workspace/install/mrs_uav_flightforge_simulator/./include/cereal/types/chrono.hpp
[62.997s] -- Symlinking: /home/gaurav/mrs_workspace/install/mrs_uav_flightforge_simulator/./include/cereal/types/common.hpp
[63.003s] -- Symlinking: /home/gaurav/mrs_workspace/install/mrs_uav_flightforge_simulator/./include/cereal/types/complex.hpp
[63.010s] -- Symlinking: /home/gaurav/mrs_workspace/install/mrs_uav_flightforge_simulator/./include/cereal/types/concepts/pair_associative_container.hpp
[63.016s] -- Symlinking: /home/gaurav/mrs_workspace/install/mrs_uav_flightforge_simulator/./include/cereal/types/deque.hpp
[63.022s] -- Symlinking: /home/gaurav/mrs_workspace/install/mrs_uav_flightforge_simulator/./include/cereal/types/forward_list.hpp
[63.028s] -- Symlinking: /home/gaurav/mrs_workspace/install/mrs_uav_flightforge_simulator/./include/cereal/types/functional.hpp
[63.035s] -- Symlinking: /home/gaurav/mrs_workspace/install/mrs_uav_flightforge_simulator/./include/cereal/types/list.hpp
[63.041s] -- Symlinking: /home/gaurav/mrs_workspace/install/mrs_uav_flightforge_simulator/./include/cereal/types/map.hpp
[63.047s] -- Symlinking: /home/gaurav/mrs_workspace/install/mrs_uav_flightforge_simulator/./include/cereal/types/memory.hpp
[63.053s] -- Symlinking: /home/gaurav/mrs_workspace/install/mrs_uav_flightforge_simulator/./include/cereal/types/optional.hpp
[63.059s] -- Symlinking: /home/gaurav/mrs_workspace/install/mrs_uav_flightforge_simulator/./include/cereal/types/polymorphic.hpp
[63.066s] -- Symlinking: /home/gaurav/mrs_workspace/install/mrs_uav_flightforge_simulator/./include/cereal/types/queue.hpp
[63.072s] -- Symlinking: /home/gaurav/mrs_workspace/install/mrs_uav_flightforge_simulator/./include/cereal/types/set.hpp
[63.078s] -- Symlinking: /home/gaurav/mrs_workspace/install/mrs_uav_flightforge_simulator/./include/cereal/types/stack.hpp
[63.084s] -- Symlinking: /home/gaurav/mrs_workspace/install/mrs_uav_flightforge_simulator/./include/cereal/types/string.hpp
[63.090s] -- Symlinking: /home/gaurav/mrs_workspace/install/mrs_uav_flightforge_simulator/./include/cereal/types/tuple.hpp
[63.096s] -- Symlinking: /home/gaurav/mrs_workspace/install/mrs_uav_flightforge_simulator/./include/cereal/types/unordered_map.hpp
[63.102s] -- Symlinking: /home/gaurav/mrs_workspace/install/mrs_uav_flightforge_simulator/./include/cereal/types/unordered_set.hpp
[63.109s] -- Symlinking: /home/gaurav/mrs_workspace/install/mrs_uav_flightforge_simulator/./include/cereal/types/utility.hpp
[63.115s] -- Symlinking: /home/gaurav/mrs_workspace/install/mrs_uav_flightforge_simulator/./include/cereal/types/valarray.hpp
[63.121s] -- Symlinking: /home/gaurav/mrs_workspace/install/mrs_uav_flightforge_simulator/./include/cereal/types/variant.hpp
[63.127s] -- Symlinking: /home/gaurav/mrs_workspace/install/mrs_uav_flightforge_simulator/./include/cereal/types/vector.hpp
[63.133s] -- Symlinking: /home/gaurav/mrs_workspace/install/mrs_uav_flightforge_simulator/./include/cereal/version.hpp
[63.139s] -- Symlinking: /home/gaurav/mrs_workspace/install/mrs_uav_flightforge_simulator/./include/flight_forge_connector/data_types.h
[63.145s] -- Symlinking: /home/gaurav/mrs_workspace/install/mrs_uav_flightforge_simulator/./include/flight_forge_connector/flight_forge_connector.h
[63.151s] -- Symlinking: /home/gaurav/mrs_workspace/install/mrs_uav_flightforge_simulator/./include/flight_forge_connector/game_mode_controller.h
[63.157s] -- Symlinking: /home/gaurav/mrs_workspace/install/mrs_uav_flightforge_simulator/./include/flight_forge_connector/serialization/serializable_extended.h
[63.164s] -- Symlinking: /home/gaurav/mrs_workspace/install/mrs_uav_flightforge_simulator/./include/flight_forge_connector/serialization/serializable_shared.h
[63.170s] -- Symlinking: /home/gaurav/mrs_workspace/install/mrs_uav_flightforge_simulator/./include/flight_forge_connector/socket_client.h
[63.176s] -- Symlinking: /home/gaurav/mrs_workspace/install/mrs_uav_flightforge_simulator/./include/kissnet/kissnet.hpp
[63.182s] -- Symlinking: /home/gaurav/mrs_workspace/install/mrs_uav_flightforge_simulator/share/mrs_uav_flightforge_simulator/launch/flightforge_simulator.launch.py
[63.188s] -- Symlinking: /home/gaurav/mrs_workspace/install/mrs_uav_flightforge_simulator/share/mrs_uav_flightforge_simulator/launch/hw_api.launch.py
[63.195s] -- Symlinking: /home/gaurav/mrs_workspace/install/mrs_uav_flightforge_simulator/share/mrs_uav_flightforge_simulator/config/flightforge_simulator.yaml
[63.201s] -- Symlinking: /home/gaurav/mrs_workspace/install/mrs_uav_flightforge_simulator/share/mrs_uav_flightforge_simulator/config/hw_api.yaml
[63.208s] -- Symlinking: /home/gaurav/mrs_workspace/install/mrs_uav_flightforge_simulator/share/mrs_uav_flightforge_simulator/config/uavs.yaml
[63.214s] -- Up-to-date symlink: /home/gaurav/mrs_workspace/install/mrs_uav_flightforge_simulator/share/mrs_uav_flightforge_simulator/srv/SetOrientation.srv
[63.214s] -- Symlinking: /home/gaurav/mrs_workspace/install/mrs_uav_flightforge_simulator/share/ament_index/resource_index/package_run_dependencies/mrs_uav_flightforge_simulator
[63.223s] -- Symlinking: /home/gaurav/mrs_workspace/install/mrs_uav_flightforge_simulator/share/ament_index/resource_index/parent_prefix_path/mrs_uav_flightforge_simulator
[63.233s] -- Symlinking: /home/gaurav/mrs_workspace/install/mrs_uav_flightforge_simulator/share/mrs_uav_flightforge_simulator/environment/ament_prefix_path.sh
[63.240s] -- Symlinking: /home/gaurav/mrs_workspace/install/mrs_uav_flightforge_simulator/share/mrs_uav_flightforge_simulator/environment/ament_prefix_path.dsv
[63.246s] -- Symlinking: /home/gaurav/mrs_workspace/install/mrs_uav_flightforge_simulator/share/mrs_uav_flightforge_simulator/environment/path.sh
[63.253s] -- Symlinking: /home/gaurav/mrs_workspace/install/mrs_uav_flightforge_simulator/share/mrs_uav_flightforge_simulator/environment/path.dsv
[63.259s] -- Symlinking: /home/gaurav/mrs_workspace/install/mrs_uav_flightforge_simulator/share/mrs_uav_flightforge_simulator/local_setup.bash
[63.265s] -- Symlinking: /home/gaurav/mrs_workspace/install/mrs_uav_flightforge_simulator/share/mrs_uav_flightforge_simulator/local_setup.sh
[63.271s] -- Symlinking: /home/gaurav/mrs_workspace/install/mrs_uav_flightforge_simulator/share/mrs_uav_flightforge_simulator/local_setup.zsh
[63.278s] -- Symlinking: /home/gaurav/mrs_workspace/install/mrs_uav_flightforge_simulator/share/mrs_uav_flightforge_simulator/local_setup.dsv
[63.284s] -- Symlinking: /home/gaurav/mrs_workspace/install/mrs_uav_flightforge_simulator/share/mrs_uav_flightforge_simulator/package.dsv
[63.291s] -- Symlinking: /home/gaurav/mrs_workspace/install/mrs_uav_flightforge_simulator/share/ament_index/resource_index/packages/mrs_uav_flightforge_simulator
[63.298s] -- Symlinking: /home/gaurav/mrs_workspace/install/mrs_uav_flightforge_simulator/share/ament_index/resource_index/mrs_uav_hw_api__pluginlib__plugin/mrs_uav_flightforge_simulator
[63.308s] -- Symlinking: /home/gaurav/mrs_workspace/install/mrs_uav_flightforge_simulator/share/ament_index/resource_index/rclcpp_components/mrs_uav_flightforge_simulator
[63.318s] -- Symlinking: /home/gaurav/mrs_workspace/install/mrs_uav_flightforge_simulator/share/mrs_uav_flightforge_simulator/cmake/rosidl_cmake-extras.cmake
[63.328s] -- Symlinking: /home/gaurav/mrs_workspace/install/mrs_uav_flightforge_simulator/share/mrs_uav_flightforge_simulator/cmake/ament_cmake_export_dependencies-extras.cmake
[63.337s] -- Symlinking: /home/gaurav/mrs_workspace/install/mrs_uav_flightforge_simulator/share/mrs_uav_flightforge_simulator/cmake/ament_cmake_export_include_directories-extras.cmake
[63.344s] -- Symlinking: /home/gaurav/mrs_workspace/install/mrs_uav_flightforge_simulator/share/mrs_uav_flightforge_simulator/cmake/ament_cmake_export_libraries-extras.cmake
[63.353s] -- Symlinking: /home/gaurav/mrs_workspace/install/mrs_uav_flightforge_simulator/share/mrs_uav_flightforge_simulator/cmake/ament_cmake_export_targets-extras.cmake
[63.361s] -- Symlinking: /home/gaurav/mrs_workspace/install/mrs_uav_flightforge_simulator/share/mrs_uav_flightforge_simulator/cmake/rosidl_cmake_export_typesupport_targets-extras.cmake
[63.367s] -- Symlinking: /home/gaurav/mrs_workspace/install/mrs_uav_flightforge_simulator/share/mrs_uav_flightforge_simulator/cmake/rosidl_cmake_export_typesupport_libraries-extras.cmake
[63.373s] -- Symlinking: /home/gaurav/mrs_workspace/install/mrs_uav_flightforge_simulator/share/mrs_uav_flightforge_simulator/cmake/mrs_uav_flightforge_simulatorConfig.cmake
[63.379s] -- Symlinking: /home/gaurav/mrs_workspace/install/mrs_uav_flightforge_simulator/share/mrs_uav_flightforge_simulator/cmake/mrs_uav_flightforge_simulatorConfig-version.cmake
[63.389s] -- Symlinking: /home/gaurav/mrs_workspace/install/mrs_uav_flightforge_simulator/share/mrs_uav_flightforge_simulator/package.xml
[63.396s] -- Installing: /home/gaurav/mrs_workspace/install/mrs_uav_flightforge_simulator/lib/libmrs_uav_flightforge_simulator__rosidl_generator_c.so
[63.396s] -- Set non-toolchain portion of runtime path of "/home/gaurav/mrs_workspace/install/mrs_uav_flightforge_simulator/lib/libmrs_uav_flightforge_simulator__rosidl_generator_c.so" to ""
[63.396s] -- Installing: /home/gaurav/mrs_workspace/install/mrs_uav_flightforge_simulator/lib/libmrs_uav_flightforge_simulator__rosidl_typesupport_fastrtps_c.so
[63.396s] -- Set non-toolchain portion of runtime path of "/home/gaurav/mrs_workspace/install/mrs_uav_flightforge_simulator/lib/libmrs_uav_flightforge_simulator__rosidl_typesupport_fastrtps_c.so" to ""
[63.396s] -- Installing: /home/gaurav/mrs_workspace/install/mrs_uav_flightforge_simulator/lib/libmrs_uav_flightforge_simulator__rosidl_typesupport_fastrtps_cpp.so
[63.396s] -- Set non-toolchain portion of runtime path of "/home/gaurav/mrs_workspace/install/mrs_uav_flightforge_simulator/lib/libmrs_uav_flightforge_simulator__rosidl_typesupport_fastrtps_cpp.so" to ""
[63.396s] -- Installing: /home/gaurav/mrs_workspace/install/mrs_uav_flightforge_simulator/lib/libmrs_uav_flightforge_simulator__rosidl_typesupport_introspection_c.so
[63.396s] -- Set non-toolchain portion of runtime path of "/home/gaurav/mrs_workspace/install/mrs_uav_flightforge_simulator/lib/libmrs_uav_flightforge_simulator__rosidl_typesupport_introspection_c.so" to ""
[63.396s] -- Installing: /home/gaurav/mrs_workspace/install/mrs_uav_flightforge_simulator/lib/libmrs_uav_flightforge_simulator__rosidl_typesupport_c.so
[63.396s] -- Set non-toolchain portion of runtime path of "/home/gaurav/mrs_workspace/install/mrs_uav_flightforge_simulator/lib/libmrs_uav_flightforge_simulator__rosidl_typesupport_c.so" to ""
[63.396s] -- Installing: /home/gaurav/mrs_workspace/install/mrs_uav_flightforge_simulator/lib/libmrs_uav_flightforge_simulator__rosidl_typesupport_introspection_cpp.so
[63.396s] -- Set non-toolchain portion of runtime path of "/home/gaurav/mrs_workspace/install/mrs_uav_flightforge_simulator/lib/libmrs_uav_flightforge_simulator__rosidl_typesupport_introspection_cpp.so" to ""
[63.397s] -- Installing: /home/gaurav/mrs_workspace/install/mrs_uav_flightforge_simulator/lib/libmrs_uav_flightforge_simulator__rosidl_typesupport_cpp.so
[63.397s] -- Set non-toolchain portion of runtime path of "/home/gaurav/mrs_workspace/install/mrs_uav_flightforge_simulator/lib/libmrs_uav_flightforge_simulator__rosidl_typesupport_cpp.so" to ""
[63.424s] Listing '/home/gaurav/mrs_workspace/install/mrs_uav_flightforge_simulator/lib/python3.12/site-packages/mrs_uav_flightforge_simulator'...
[63.424s] Compiling '/home/gaurav/mrs_workspace/install/mrs_uav_flightforge_simulator/lib/python3.12/site-packages/mrs_uav_flightforge_simulator/__init__.py'...
[63.424s] Listing '/home/gaurav/mrs_workspace/install/mrs_uav_flightforge_simulator/lib/python3.12/site-packages/mrs_uav_flightforge_simulator/srv'...
[63.424s] Compiling '/home/gaurav/mrs_workspace/install/mrs_uav_flightforge_simulator/lib/python3.12/site-packages/mrs_uav_flightforge_simulator/srv/__init__.py'...
[63.424s] Compiling '/home/gaurav/mrs_workspace/install/mrs_uav_flightforge_simulator/lib/python3.12/site-packages/mrs_uav_flightforge_simulator/srv/_set_orientation.py'...
[63.428s] -- Installing: /home/gaurav/mrs_workspace/install/mrs_uav_flightforge_simulator/lib/libmrs_uav_flightforge_simulator__rosidl_generator_py.so
[63.428s] -- Set non-toolchain portion of runtime path of "/home/gaurav/mrs_workspace/install/mrs_uav_flightforge_simulator/lib/libmrs_uav_flightforge_simulator__rosidl_generator_py.so" to ""
[63.428s] -- Installing: /home/gaurav/mrs_workspace/install/mrs_uav_flightforge_simulator/lib/libMrsUavFlightforgeSimulator_FlightforgeConnector.so
[63.428s] -- Installing: /home/gaurav/mrs_workspace/install/mrs_uav_flightforge_simulator/lib/libMrsUavFlightforgeSimulator_FlightforgeSimulator.so
[63.432s] -- Set non-toolchain portion of runtime path of "/home/gaurav/mrs_workspace/install/mrs_uav_flightforge_simulator/lib/libMrsUavFlightforgeSimulator_FlightforgeSimulator.so" to ""
[63.432s] -- Installing: /home/gaurav/mrs_workspace/install/mrs_uav_flightforge_simulator/lib/libMrsUavFlightforgeSimulator_HwApiPlugin.so
[63.433s] -- Set non-toolchain portion of runtime path of "/home/gaurav/mrs_workspace/install/mrs_uav_flightforge_simulator/lib/libMrsUavFlightforgeSimulator_HwApiPlugin.so" to ""
[63.433s] -- Installing: /home/gaurav/mrs_workspace/install/mrs_uav_flightforge_simulator/share/mrs_uav_flightforge_simulator/tmux
[63.434s] -- Installing: /home/gaurav/mrs_workspace/install/mrs_uav_flightforge_simulator/share/mrs_uav_flightforge_simulator/tmux/one_drone
[63.434s] -- Installing: /home/gaurav/mrs_workspace/install/mrs_uav_flightforge_simulator/share/mrs_uav_flightforge_simulator/tmux/one_drone/takeoff.sh
[63.434s] -- Installing: /home/gaurav/mrs_workspace/install/mrs_uav_flightforge_simulator/share/mrs_uav_flightforge_simulator/tmux/one_drone/layout.json
[63.434s] -- Installing: /home/gaurav/mrs_workspace/install/mrs_uav_flightforge_simulator/share/mrs_uav_flightforge_simulator/tmux/one_drone/session.yml
[63.434s] -- Installing: /home/gaurav/mrs_workspace/install/mrs_uav_flightforge_simulator/share/mrs_uav_flightforge_simulator/tmux/one_drone/rviz.rviz
[63.434s] -- Installing: /home/gaurav/mrs_workspace/install/mrs_uav_flightforge_simulator/share/mrs_uav_flightforge_simulator/tmux/one_drone/goto.py
[63.434s] -- Installing: /home/gaurav/mrs_workspace/install/mrs_uav_flightforge_simulator/share/mrs_uav_flightforge_simulator/tmux/one_drone/path.py
[63.434s] -- Installing: /home/gaurav/mrs_workspace/install/mrs_uav_flightforge_simulator/share/mrs_uav_flightforge_simulator/tmux/one_drone/config
[63.434s] -- Installing: /home/gaurav/mrs_workspace/install/mrs_uav_flightforge_simulator/share/mrs_uav_flightforge_simulator/tmux/one_drone/config/network_config.yaml
[63.434s] -- Installing: /home/gaurav/mrs_workspace/install/mrs_uav_flightforge_simulator/share/mrs_uav_flightforge_simulator/tmux/one_drone/config/world_config.yaml
[63.434s] -- Installing: /home/gaurav/mrs_workspace/install/mrs_uav_flightforge_simulator/share/mrs_uav_flightforge_simulator/tmux/one_drone/config/simulator.yaml
[63.434s] -- Installing: /home/gaurav/mrs_workspace/install/mrs_uav_flightforge_simulator/share/mrs_uav_flightforge_simulator/tmux/one_drone/config/custom_config.yaml
[63.434s] -- Installing: /home/gaurav/mrs_workspace/install/mrs_uav_flightforge_simulator/share/mrs_uav_flightforge_simulator/tmux/one_drone/config/automatic_start.yaml
[63.434s] -- Installing: /home/gaurav/mrs_workspace/install/mrs_uav_flightforge_simulator/share/mrs_uav_flightforge_simulator/tmux/one_drone/start.sh
[63.435s] -- Installing: /home/gaurav/mrs_workspace/install/mrs_uav_flightforge_simulator/share/mrs_uav_flightforge_simulator/tmux/one_drone/kill.sh
[63.435s] -- Installing: /home/gaurav/mrs_workspace/install/mrs_uav_flightforge_simulator/share/mrs_uav_flightforge_simulator/cmake/export_mrs_uav_flightforge_simulator__rosidl_generator_cExport.cmake
[63.435s] -- Installing: /home/gaurav/mrs_workspace/install/mrs_uav_flightforge_simulator/share/mrs_uav_flightforge_simulator/cmake/export_mrs_uav_flightforge_simulator__rosidl_generator_cExport-release.cmake
[63.435s] -- Installing: /home/gaurav/mrs_workspace/install/mrs_uav_flightforge_simulator/share/mrs_uav_flightforge_simulator/cmake/export_mrs_uav_flightforge_simulator__rosidl_typesupport_fastrtps_cExport.cmake
[63.435s] -- Installing: /home/gaurav/mrs_workspace/install/mrs_uav_flightforge_simulator/share/mrs_uav_flightforge_simulator/cmake/export_mrs_uav_flightforge_simulator__rosidl_typesupport_fastrtps_cExport-release.cmake
[63.435s] -- Installing: /home/gaurav/mrs_workspace/install/mrs_uav_flightforge_simulator/share/mrs_uav_flightforge_simulator/cmake/export_mrs_uav_flightforge_simulator__rosidl_generator_cppExport.cmake
[63.435s] -- Installing: /home/gaurav/mrs_workspace/install/mrs_uav_flightforge_simulator/share/mrs_uav_flightforge_simulator/cmake/export_mrs_uav_flightforge_simulator__rosidl_typesupport_fastrtps_cppExport.cmake
[63.435s] -- Installing: /home/gaurav/mrs_workspace/install/mrs_uav_flightforge_simulator/share/mrs_uav_flightforge_simulator/cmake/export_mrs_uav_flightforge_simulator__rosidl_typesupport_fastrtps_cppExport-release.cmake
[63.435s] -- Installing: /home/gaurav/mrs_workspace/install/mrs_uav_flightforge_simulator/share/mrs_uav_flightforge_simulator/cmake/mrs_uav_flightforge_simulator__rosidl_typesupport_introspection_cExport.cmake
[63.435s] -- Installing: /home/gaurav/mrs_workspace/install/mrs_uav_flightforge_simulator/share/mrs_uav_flightforge_simulator/cmake/mrs_uav_flightforge_simulator__rosidl_typesupport_introspection_cExport-release.cmake
[63.435s] -- Installing: /home/gaurav/mrs_workspace/install/mrs_uav_flightforge_simulator/share/mrs_uav_flightforge_simulator/cmake/mrs_uav_flightforge_simulator__rosidl_typesupport_cExport.cmake
[63.435s] -- Installing: /home/gaurav/mrs_workspace/install/mrs_uav_flightforge_simulator/share/mrs_uav_flightforge_simulator/cmake/mrs_uav_flightforge_simulator__rosidl_typesupport_cExport-release.cmake
[63.435s] -- Installing: /home/gaurav/mrs_workspace/install/mrs_uav_flightforge_simulator/share/mrs_uav_flightforge_simulator/cmake/mrs_uav_flightforge_simulator__rosidl_typesupport_introspection_cppExport.cmake
[63.435s] -- Installing: /home/gaurav/mrs_workspace/install/mrs_uav_flightforge_simulator/share/mrs_uav_flightforge_simulator/cmake/mrs_uav_flightforge_simulator__rosidl_typesupport_introspection_cppExport-release.cmake
[63.435s] -- Installing: /home/gaurav/mrs_workspace/install/mrs_uav_flightforge_simulator/share/mrs_uav_flightforge_simulator/cmake/mrs_uav_flightforge_simulator__rosidl_typesupport_cppExport.cmake
[63.436s] -- Installing: /home/gaurav/mrs_workspace/install/mrs_uav_flightforge_simulator/share/mrs_uav_flightforge_simulator/cmake/mrs_uav_flightforge_simulator__rosidl_typesupport_cppExport-release.cmake
[63.436s] -- Installing: /home/gaurav/mrs_workspace/install/mrs_uav_flightforge_simulator/share/mrs_uav_flightforge_simulator/cmake/export_mrs_uav_flightforge_simulator__rosidl_generator_pyExport.cmake
[63.436s] -- Installing: /home/gaurav/mrs_workspace/install/mrs_uav_flightforge_simulator/share/mrs_uav_flightforge_simulator/cmake/export_mrs_uav_flightforge_simulator__rosidl_generator_pyExport-release.cmake
[63.436s] -- Installing: /home/gaurav/mrs_workspace/install/mrs_uav_flightforge_simulator/share/mrs_uav_flightforge_simulator/cmake/export_mrs_uav_flightforge_simulatorExport.cmake
[63.436s] -- Installing: /home/gaurav/mrs_workspace/install/mrs_uav_flightforge_simulator/share/mrs_uav_flightforge_simulator/cmake/export_mrs_uav_flightforge_simulatorExport-release.cmake
[63.437s] Invoked command in '/home/gaurav/mrs_workspace/build/mrs_uav_flightforge_simulator' returned '0': CMAKE_PREFIX_PATH=/home/gaurav/mrs_workspace/install/mrs_multirotor_simulator:/home/gaurav/mrs_workspace/install/mrs_uav_hw_api:/home/gaurav/mrs_workspace/install/mrs_uav_testing:/home/gaurav/mrs_workspace/install/mrs_lib:/home/gaurav/mrs_workspace/install/mrs_msgs:/home/gaurav/mrs_workspace/install/mrs_uav_system_full:/home/gaurav/mrs_workspace/install/mrs_uav_system:/home/gaurav/mrs_workspace/install/mrs_uav_core:/home/gaurav/mrs_workspace/install/mrs_uav_trajectory_generation:/home/gaurav/mrs_workspace/install/mrs_uav_trackers:/home/gaurav/mrs_workspace/install/mrs_uav_state_estimators:/home/gaurav/mrs_workspace/install/mrs_uav_controllers:/home/gaurav/mrs_workspace/install/mrs_uav_managers:/home/gaurav/mrs_workspace/install/mrs_uav_autostart:/home/gaurav/mrs_workspace/install/mrs_uav_status:/home/gaurav/mrs_workspace/install/mrs_uav_modules:/home/gaurav/mrs_workspace/install/mrs_serial:/home/gaurav/mrs_workspace/install/mrs_rviz_plugins:/home/gaurav/mrs_workspace/install/mrs_modules_msgs:/opt/ros/jazzy/opt/gz_math_vendor:/opt/ros/jazzy/opt/gz_utils_vendor:/opt/ros/jazzy/opt/gz_cmake_vendor:/opt/ros/jazzy DEBUGINFOD_URLS=https://debuginfod.ubuntu.com LD_LIBRARY_PATH=/home/gaurav/mrs_workspace/install/mrs_multirotor_simulator/lib:/home/gaurav/mrs_workspace/install/mrs_uav_hw_api/lib:/home/gaurav/mrs_workspace/install/mrs_lib/lib:/home/gaurav/mrs_workspace/install/mrs_msgs/lib:/home/gaurav/mrs_workspace/install/mrs_uav_trajectory_generation/lib:/home/gaurav/mrs_workspace/install/mrs_uav_trackers/lib:/home/gaurav/mrs_workspace/install/mrs_uav_state_estimators/lib:/home/gaurav/mrs_workspace/install/mrs_uav_controllers/lib:/home/gaurav/mrs_workspace/install/mrs_uav_managers/lib:/home/gaurav/mrs_workspace/install/mrs_uav_autostart/lib:/home/gaurav/mrs_workspace/install/mrs_uav_testing/lib:/home/gaurav/mrs_workspace/install/mrs_uav_status/lib:/home/gaurav/mrs_workspace/install/mrs_serial/lib:/home/gaurav/mrs_workspace/install/mrs_rviz_plugins/lib:/home/gaurav/mrs_workspace/install/mrs_modules_msgs/lib:/opt/ros/jazzy/opt/zenoh_cpp_vendor/lib:/opt/ros/jazzy/opt/rviz_ogre_vendor/lib:/opt/ros/jazzy/lib/x86_64-linux-gnu:/opt/ros/jazzy/opt/gz_math_vendor/lib:/opt/ros/jazzy/opt/gz_utils_vendor/lib:/opt/ros/jazzy/opt/gz_cmake_vendor/lib:/opt/ros/jazzy/lib /usr/bin/cmake --install /home/gaurav/mrs_workspace/build/mrs_uav_flightforge_simulator
