-- The C compiler identification is GNU 13.3.0
-- The CXX compiler identification is GNU 13.3.0
-- Detecting C compiler ABI info
-- Detecting C compiler ABI info - done
-- Check for working C compiler: /usr/bin/cc - skipped
-- Detecting C compile features
-- Detecting C compile features - done
-- Detecting CXX compiler ABI info
-- Detecting CXX compiler ABI info - done
-- Check for working CXX compiler: /usr/bin/c++ - skipped
-- Detecting CXX compile features
-- Detecting CXX compile features - done
-- Found rclcpp: 28.1.13 (/opt/ros/jazzy/share/rclcpp/cmake)
-- Found Python3: /usr/bin/python3 (found version "3.12.3") found components: Interpreter 
-- Override CMake install command with custom implementation using symlinks instead of copying resources
-- Found rosidl_generator_c: 4.6.6 (/opt/ros/jazzy/share/rosidl_generator_c/cmake)
-- Found rosidl_generator_cpp: 4.6.6 (/opt/ros/jazzy/share/rosidl_generator_cpp/cmake)
-- Using all available rosidl_typesupport_c: rosidl_typesupport_fastrtps_c;rosidl_typesupport_introspection_c
-- Using all available rosidl_typesupport_cpp: rosidl_typesupport_fastrtps_cpp;rosidl_typesupport_introspection_cpp
-- Found rmw_implementation_cmake: 7.3.2 (/opt/ros/jazzy/share/rmw_implementation_cmake/cmake)
-- Found rmw_fastrtps_cpp: 8.4.3 (/opt/ros/jazzy/share/rmw_fastrtps_cpp/cmake)
-- Found OpenSSL: /usr/lib/x86_64-linux-gnu/libcrypto.so (found version "3.0.13")  
-- Found FastRTPS: /opt/ros/jazzy/include (Required is at least version "2.13") 
-- Using RMW implementation 'rmw_fastrtps_cpp' as default
-- Found rclcpp_components: 28.1.13 (/opt/ros/jazzy/share/rclcpp_components/cmake)
-- Found mrs_msgs: 2.0.0 (/home/gaurav/mrs_workspace/install/mrs_msgs/share/mrs_msgs/cmake)
-- Found mrs_lib: 2.0.0 (/home/gaurav/mrs_workspace/install/mrs_lib/share/mrs_lib/cmake)
-- Found eigen3_cmake_module: 0.3.0 (/opt/ros/jazzy/share/eigen3_cmake_module/cmake)
-- Found Eigen3: TRUE (found version "3.4.0") 
-- Ensuring Eigen3 include directory is part of orocos-kdl CMake target
-- Found mrs_uav_testing: 2.0.0 (/home/gaurav/mrs_workspace/install/mrs_uav_testing/share/mrs_uav_testing/cmake)
-- Configuring done (0.9s)
-- Generating done (0.0s)
-- Build files have been written to: /home/gaurav/mrs_workspace/build/mrs_uav_autostart
[ 50%] Building CXX object CMakeFiles/MrsUavAutostart_AutomaticStart.dir/src/automatic_start.cpp.o
[100%] Linking CXX shared library libMrsUavAutostart_AutomaticStart.so
[100%] Built target MrsUavAutostart_AutomaticStart
-- Install configuration: "Release"
-- Execute custom install script
-- Symlinking: /home/gaurav/mrs_workspace/install/mrs_uav_autostart/share/mrs_uav_autostart/environment/library_path.sh
-- Symlinking: /home/gaurav/mrs_workspace/install/mrs_uav_autostart/share/mrs_uav_autostart/environment/library_path.dsv
-- Symlinking: /home/gaurav/mrs_workspace/install/mrs_uav_autostart/share/mrs_uav_autostart/launch/automatic_start.launch.py
-- Symlinking: /home/gaurav/mrs_workspace/install/mrs_uav_autostart/share/mrs_uav_autostart/config/private/automatic_start.yaml
-- Symlinking: /home/gaurav/mrs_workspace/install/mrs_uav_autostart/share/mrs_uav_autostart/config/public/automatic_start.yaml
-- Symlinking: /home/gaurav/mrs_workspace/install/mrs_uav_autostart/share/ament_index/resource_index/package_run_dependencies/mrs_uav_autostart
-- Symlinking: /home/gaurav/mrs_workspace/install/mrs_uav_autostart/share/ament_index/resource_index/parent_prefix_path/mrs_uav_autostart
-- Symlinking: /home/gaurav/mrs_workspace/install/mrs_uav_autostart/share/mrs_uav_autostart/environment/ament_prefix_path.sh
-- Symlinking: /home/gaurav/mrs_workspace/install/mrs_uav_autostart/share/mrs_uav_autostart/environment/ament_prefix_path.dsv
-- Symlinking: /home/gaurav/mrs_workspace/install/mrs_uav_autostart/share/mrs_uav_autostart/environment/path.sh
-- Symlinking: /home/gaurav/mrs_workspace/install/mrs_uav_autostart/share/mrs_uav_autostart/environment/path.dsv
-- Symlinking: /home/gaurav/mrs_workspace/install/mrs_uav_autostart/share/mrs_uav_autostart/local_setup.bash
-- Symlinking: /home/gaurav/mrs_workspace/install/mrs_uav_autostart/share/mrs_uav_autostart/local_setup.sh
-- Symlinking: /home/gaurav/mrs_workspace/install/mrs_uav_autostart/share/mrs_uav_autostart/local_setup.zsh
-- Symlinking: /home/gaurav/mrs_workspace/install/mrs_uav_autostart/share/mrs_uav_autostart/local_setup.dsv
-- Symlinking: /home/gaurav/mrs_workspace/install/mrs_uav_autostart/share/mrs_uav_autostart/package.dsv
-- Symlinking: /home/gaurav/mrs_workspace/install/mrs_uav_autostart/share/ament_index/resource_index/packages/mrs_uav_autostart
-- Symlinking: /home/gaurav/mrs_workspace/install/mrs_uav_autostart/share/ament_index/resource_index/rclcpp_components/mrs_uav_autostart
-- Symlinking: /home/gaurav/mrs_workspace/install/mrs_uav_autostart/share/mrs_uav_autostart/cmake/ament_cmake_export_libraries-extras.cmake
-- Symlinking: /home/gaurav/mrs_workspace/install/mrs_uav_autostart/share/mrs_uav_autostart/cmake/ament_cmake_export_targets-extras.cmake
-- Symlinking: /home/gaurav/mrs_workspace/install/mrs_uav_autostart/share/mrs_uav_autostart/cmake/ament_cmake_export_dependencies-extras.cmake
-- Symlinking: /home/gaurav/mrs_workspace/install/mrs_uav_autostart/share/mrs_uav_autostart/cmake/mrs_uav_autostartConfig.cmake
-- Symlinking: /home/gaurav/mrs_workspace/install/mrs_uav_autostart/share/mrs_uav_autostart/cmake/mrs_uav_autostartConfig-version.cmake
-- Symlinking: /home/gaurav/mrs_workspace/install/mrs_uav_autostart/share/mrs_uav_autostart/package.xml
-- Installing: /home/gaurav/mrs_workspace/install/mrs_uav_autostart/lib/libMrsUavAutostart_AutomaticStart.so
-- Set non-toolchain portion of runtime path of "/home/gaurav/mrs_workspace/install/mrs_uav_autostart/lib/libMrsUavAutostart_AutomaticStart.so" to ""
-- Installing: /home/gaurav/mrs_workspace/install/mrs_uav_autostart/lib/mrs_uav_autostart/scripts
-- Installing: /home/gaurav/mrs_workspace/install/mrs_uav_autostart/lib/mrs_uav_autostart/scripts/get_public_params.py
-- Installing: /home/gaurav/mrs_workspace/install/mrs_uav_autostart/share/mrs_uav_autostart/cmake/export_mrs_uav_autostartExport.cmake
-- Installing: /home/gaurav/mrs_workspace/install/mrs_uav_autostart/share/mrs_uav_autostart/cmake/export_mrs_uav_autostartExport-release.cmake
