[0.010s] Invoking command in '/home/gaurav/mrs_workspace/build/mrs_uav_autostart': CMAKE_PREFIX_PATH=/home/gaurav/mrs_workspace/install/mrs_uav_testing:/home/gaurav/mrs_workspace/install/mrs_lib:/home/gaurav/mrs_workspace/install/mrs_msgs:/home/gaurav/mrs_workspace/install/mrs_uav_system_full:/home/gaurav/mrs_workspace/install/mrs_uav_system:/home/gaurav/mrs_workspace/install/mrs_uav_core:/home/gaurav/mrs_workspace/install/mrs_uav_trajectory_generation:/home/gaurav/mrs_workspace/install/mrs_uav_trackers:/home/gaurav/mrs_workspace/install/mrs_uav_state_estimators:/home/gaurav/mrs_workspace/install/mrs_uav_controllers:/home/gaurav/mrs_workspace/install/mrs_uav_managers:/home/gaurav/mrs_workspace/install/mrs_multirotor_simulator:/home/gaurav/mrs_workspace/install/mrs_uav_hw_api:/home/gaurav/mrs_workspace/install/mrs_uav_autostart:/home/gaurav/mrs_workspace/install/mrs_uav_status:/home/gaurav/mrs_workspace/install/mrs_uav_modules:/home/gaurav/mrs_workspace/install/mrs_serial:/home/gaurav/mrs_workspace/install/mrs_rviz_plugins:/home/gaurav/mrs_workspace/install/mrs_modules_msgs:/opt/ros/jazzy/opt/gz_math_vendor:/opt/ros/jazzy/opt/gz_utils_vendor:/opt/ros/jazzy/opt/gz_cmake_vendor:/opt/ros/jazzy DEBUGINFOD_URLS=https://debuginfod.ubuntu.com LD_LIBRARY_PATH=/home/gaurav/mrs_workspace/install/mrs_lib/lib:/home/gaurav/mrs_workspace/install/mrs_msgs/lib:/home/gaurav/mrs_workspace/install/mrs_uav_trajectory_generation/lib:/home/gaurav/mrs_workspace/install/mrs_uav_trackers/lib:/home/gaurav/mrs_workspace/install/mrs_uav_state_estimators/lib:/home/gaurav/mrs_workspace/install/mrs_uav_controllers/lib:/home/gaurav/mrs_workspace/install/mrs_uav_managers/lib:/home/gaurav/mrs_workspace/install/mrs_multirotor_simulator/lib:/home/gaurav/mrs_workspace/install/mrs_uav_hw_api/lib:/home/gaurav/mrs_workspace/install/mrs_uav_autostart/lib:/home/gaurav/mrs_workspace/install/mrs_uav_testing/lib:/home/gaurav/mrs_workspace/install/mrs_uav_status/lib:/home/gaurav/mrs_workspace/install/mrs_serial/lib:/home/gaurav/mrs_workspace/install/mrs_rviz_plugins/lib:/home/gaurav/mrs_workspace/install/mrs_modules_msgs/lib:/opt/ros/jazzy/opt/zenoh_cpp_vendor/lib:/opt/ros/jazzy/opt/rviz_ogre_vendor/lib:/opt/ros/jazzy/lib/x86_64-linux-gnu:/opt/ros/jazzy/opt/gz_math_vendor/lib:/opt/ros/jazzy/opt/gz_utils_vendor/lib:/opt/ros/jazzy/opt/gz_cmake_vendor/lib:/opt/ros/jazzy/lib /usr/bin/cmake /home/gaurav/mrs_workspace/src/mrs_uav_core/ros_packages/mrs_uav_autostart -DCMAKE_BUILD_TYPE=Release -DAMENT_CMAKE_SYMLINK_INSTALL=1 -DCMAKE_INSTALL_PREFIX=/home/gaurav/mrs_workspace/install/mrs_uav_autostart
[0.040s] -- The C compiler identification is GNU 13.3.0
[0.074s] -- The CXX compiler identification is GNU 13.3.0
[0.087s] -- Detecting C compiler ABI info
[0.144s] -- Detecting C compiler ABI info - done
[0.149s] -- Check for working C compiler: /usr/bin/cc - skipped
[0.150s] -- Detecting C compile features
[0.150s] -- Detecting C compile features - done
[0.157s] -- Detecting CXX compiler ABI info
[0.214s] -- Detecting CXX compiler ABI info - done
[0.220s] -- Check for working CXX compiler: /usr/bin/c++ - skipped
[0.220s] -- Detecting CXX compile features
[0.220s] -- Detecting CXX compile features - done
[0.222s] -- Found rclcpp: 28.1.13 (/opt/ros/jazzy/share/rclcpp/cmake)
[0.324s] -- Found Python3: /usr/bin/python3 (found version "3.12.3") found components: Interpreter 
[0.370s] -- Override CMake install command with custom implementation using symlinks instead of copying resources
[0.418s] -- Found rosidl_generator_c: 4.6.6 (/opt/ros/jazzy/share/rosidl_generator_c/cmake)
[0.426s] -- Found rosidl_generator_cpp: 4.6.6 (/opt/ros/jazzy/share/rosidl_generator_cpp/cmake)
[0.436s] -- Using all available rosidl_typesupport_c: rosidl_typesupport_fastrtps_c;rosidl_typesupport_introspection_c
[0.448s] -- Using all available rosidl_typesupport_cpp: rosidl_typesupport_fastrtps_cpp;rosidl_typesupport_introspection_cpp
[0.496s] -- Found rmw_implementation_cmake: 7.3.2 (/opt/ros/jazzy/share/rmw_implementation_cmake/cmake)
[0.498s] -- Found rmw_fastrtps_cpp: 8.4.3 (/opt/ros/jazzy/share/rmw_fastrtps_cpp/cmake)
[0.552s] -- Found OpenSSL: /usr/lib/x86_64-linux-gnu/libcrypto.so (found version "3.0.13")  
[0.565s] -- Found FastRTPS: /opt/ros/jazzy/include (Required is at least version "2.13") 
[0.581s] -- Using RMW implementation 'rmw_fastrtps_cpp' as default
[0.628s] -- Found rclcpp_components: 28.1.13 (/opt/ros/jazzy/share/rclcpp_components/cmake)
[0.650s] -- Found mrs_msgs: 2.0.0 (/home/gaurav/mrs_workspace/install/mrs_msgs/share/mrs_msgs/cmake)
[0.712s] -- Found mrs_lib: 2.0.0 (/home/gaurav/mrs_workspace/install/mrs_lib/share/mrs_lib/cmake)
[0.754s] -- Found eigen3_cmake_module: 0.3.0 (/opt/ros/jazzy/share/eigen3_cmake_module/cmake)
[0.755s] -- Found Eigen3: TRUE (found version "3.4.0") 
[0.755s] -- Ensuring Eigen3 include directory is part of orocos-kdl CMake target
[0.851s] -- Found mrs_uav_testing: 2.0.0 (/home/gaurav/mrs_workspace/install/mrs_uav_testing/share/mrs_uav_testing/cmake)
[0.919s] -- Configuring done (0.9s)
[0.930s] -- Generating done (0.0s)
[0.933s] -- Build files have been written to: /home/gaurav/mrs_workspace/build/mrs_uav_autostart
[0.941s] Invoked command in '/home/gaurav/mrs_workspace/build/mrs_uav_autostart' returned '0': CMAKE_PREFIX_PATH=/home/gaurav/mrs_workspace/install/mrs_uav_testing:/home/gaurav/mrs_workspace/install/mrs_lib:/home/gaurav/mrs_workspace/install/mrs_msgs:/home/gaurav/mrs_workspace/install/mrs_uav_system_full:/home/gaurav/mrs_workspace/install/mrs_uav_system:/home/gaurav/mrs_workspace/install/mrs_uav_core:/home/gaurav/mrs_workspace/install/mrs_uav_trajectory_generation:/home/gaurav/mrs_workspace/install/mrs_uav_trackers:/home/gaurav/mrs_workspace/install/mrs_uav_state_estimators:/home/gaurav/mrs_workspace/install/mrs_uav_controllers:/home/gaurav/mrs_workspace/install/mrs_uav_managers:/home/gaurav/mrs_workspace/install/mrs_multirotor_simulator:/home/gaurav/mrs_workspace/install/mrs_uav_hw_api:/home/gaurav/mrs_workspace/install/mrs_uav_autostart:/home/gaurav/mrs_workspace/install/mrs_uav_status:/home/gaurav/mrs_workspace/install/mrs_uav_modules:/home/gaurav/mrs_workspace/install/mrs_serial:/home/gaurav/mrs_workspace/install/mrs_rviz_plugins:/home/gaurav/mrs_workspace/install/mrs_modules_msgs:/opt/ros/jazzy/opt/gz_math_vendor:/opt/ros/jazzy/opt/gz_utils_vendor:/opt/ros/jazzy/opt/gz_cmake_vendor:/opt/ros/jazzy DEBUGINFOD_URLS=https://debuginfod.ubuntu.com LD_LIBRARY_PATH=/home/gaurav/mrs_workspace/install/mrs_lib/lib:/home/gaurav/mrs_workspace/install/mrs_msgs/lib:/home/gaurav/mrs_workspace/install/mrs_uav_trajectory_generation/lib:/home/gaurav/mrs_workspace/install/mrs_uav_trackers/lib:/home/gaurav/mrs_workspace/install/mrs_uav_state_estimators/lib:/home/gaurav/mrs_workspace/install/mrs_uav_controllers/lib:/home/gaurav/mrs_workspace/install/mrs_uav_managers/lib:/home/gaurav/mrs_workspace/install/mrs_multirotor_simulator/lib:/home/gaurav/mrs_workspace/install/mrs_uav_hw_api/lib:/home/gaurav/mrs_workspace/install/mrs_uav_autostart/lib:/home/gaurav/mrs_workspace/install/mrs_uav_testing/lib:/home/gaurav/mrs_workspace/install/mrs_uav_status/lib:/home/gaurav/mrs_workspace/install/mrs_serial/lib:/home/gaurav/mrs_workspace/install/mrs_rviz_plugins/lib:/home/gaurav/mrs_workspace/install/mrs_modules_msgs/lib:/opt/ros/jazzy/opt/zenoh_cpp_vendor/lib:/opt/ros/jazzy/opt/rviz_ogre_vendor/lib:/opt/ros/jazzy/lib/x86_64-linux-gnu:/opt/ros/jazzy/opt/gz_math_vendor/lib:/opt/ros/jazzy/opt/gz_utils_vendor/lib:/opt/ros/jazzy/opt/gz_cmake_vendor/lib:/opt/ros/jazzy/lib /usr/bin/cmake /home/gaurav/mrs_workspace/src/mrs_uav_core/ros_packages/mrs_uav_autostart -DCMAKE_BUILD_TYPE=Release -DAMENT_CMAKE_SYMLINK_INSTALL=1 -DCMAKE_INSTALL_PREFIX=/home/gaurav/mrs_workspace/install/mrs_uav_autostart
[0.941s] Invoking command in '/home/gaurav/mrs_workspace/build/mrs_uav_autostart': CMAKE_PREFIX_PATH=/home/gaurav/mrs_workspace/install/mrs_uav_testing:/home/gaurav/mrs_workspace/install/mrs_lib:/home/gaurav/mrs_workspace/install/mrs_msgs:/home/gaurav/mrs_workspace/install/mrs_uav_system_full:/home/gaurav/mrs_workspace/install/mrs_uav_system:/home/gaurav/mrs_workspace/install/mrs_uav_core:/home/gaurav/mrs_workspace/install/mrs_uav_trajectory_generation:/home/gaurav/mrs_workspace/install/mrs_uav_trackers:/home/gaurav/mrs_workspace/install/mrs_uav_state_estimators:/home/gaurav/mrs_workspace/install/mrs_uav_controllers:/home/gaurav/mrs_workspace/install/mrs_uav_managers:/home/gaurav/mrs_workspace/install/mrs_multirotor_simulator:/home/gaurav/mrs_workspace/install/mrs_uav_hw_api:/home/gaurav/mrs_workspace/install/mrs_uav_autostart:/home/gaurav/mrs_workspace/install/mrs_uav_status:/home/gaurav/mrs_workspace/install/mrs_uav_modules:/home/gaurav/mrs_workspace/install/mrs_serial:/home/gaurav/mrs_workspace/install/mrs_rviz_plugins:/home/gaurav/mrs_workspace/install/mrs_modules_msgs:/opt/ros/jazzy/opt/gz_math_vendor:/opt/ros/jazzy/opt/gz_utils_vendor:/opt/ros/jazzy/opt/gz_cmake_vendor:/opt/ros/jazzy DEBUGINFOD_URLS=https://debuginfod.ubuntu.com LD_LIBRARY_PATH=/home/gaurav/mrs_workspace/install/mrs_lib/lib:/home/gaurav/mrs_workspace/install/mrs_msgs/lib:/home/gaurav/mrs_workspace/install/mrs_uav_trajectory_generation/lib:/home/gaurav/mrs_workspace/install/mrs_uav_trackers/lib:/home/gaurav/mrs_workspace/install/mrs_uav_state_estimators/lib:/home/gaurav/mrs_workspace/install/mrs_uav_controllers/lib:/home/gaurav/mrs_workspace/install/mrs_uav_managers/lib:/home/gaurav/mrs_workspace/install/mrs_multirotor_simulator/lib:/home/gaurav/mrs_workspace/install/mrs_uav_hw_api/lib:/home/gaurav/mrs_workspace/install/mrs_uav_autostart/lib:/home/gaurav/mrs_workspace/install/mrs_uav_testing/lib:/home/gaurav/mrs_workspace/install/mrs_uav_status/lib:/home/gaurav/mrs_workspace/install/mrs_serial/lib:/home/gaurav/mrs_workspace/install/mrs_rviz_plugins/lib:/home/gaurav/mrs_workspace/install/mrs_modules_msgs/lib:/opt/ros/jazzy/opt/zenoh_cpp_vendor/lib:/opt/ros/jazzy/opt/rviz_ogre_vendor/lib:/opt/ros/jazzy/lib/x86_64-linux-gnu:/opt/ros/jazzy/opt/gz_math_vendor/lib:/opt/ros/jazzy/opt/gz_utils_vendor/lib:/opt/ros/jazzy/opt/gz_cmake_vendor/lib:/opt/ros/jazzy/lib /usr/bin/cmake --build /home/gaurav/mrs_workspace/build/mrs_uav_autostart -- -j20 -l20
[0.981s] [ 50%] Building CXX object CMakeFiles/MrsUavAutostart_AutomaticStart.dir/src/automatic_start.cpp.o
[30.615s] [100%] Linking CXX shared library libMrsUavAutostart_AutomaticStart.so
[30.857s] [100%] Built target MrsUavAutostart_AutomaticStart
[30.865s] Invoked command in '/home/gaurav/mrs_workspace/build/mrs_uav_autostart' returned '0': CMAKE_PREFIX_PATH=/home/gaurav/mrs_workspace/install/mrs_uav_testing:/home/gaurav/mrs_workspace/install/mrs_lib:/home/gaurav/mrs_workspace/install/mrs_msgs:/home/gaurav/mrs_workspace/install/mrs_uav_system_full:/home/gaurav/mrs_workspace/install/mrs_uav_system:/home/gaurav/mrs_workspace/install/mrs_uav_core:/home/gaurav/mrs_workspace/install/mrs_uav_trajectory_generation:/home/gaurav/mrs_workspace/install/mrs_uav_trackers:/home/gaurav/mrs_workspace/install/mrs_uav_state_estimators:/home/gaurav/mrs_workspace/install/mrs_uav_controllers:/home/gaurav/mrs_workspace/install/mrs_uav_managers:/home/gaurav/mrs_workspace/install/mrs_multirotor_simulator:/home/gaurav/mrs_workspace/install/mrs_uav_hw_api:/home/gaurav/mrs_workspace/install/mrs_uav_autostart:/home/gaurav/mrs_workspace/install/mrs_uav_status:/home/gaurav/mrs_workspace/install/mrs_uav_modules:/home/gaurav/mrs_workspace/install/mrs_serial:/home/gaurav/mrs_workspace/install/mrs_rviz_plugins:/home/gaurav/mrs_workspace/install/mrs_modules_msgs:/opt/ros/jazzy/opt/gz_math_vendor:/opt/ros/jazzy/opt/gz_utils_vendor:/opt/ros/jazzy/opt/gz_cmake_vendor:/opt/ros/jazzy DEBUGINFOD_URLS=https://debuginfod.ubuntu.com LD_LIBRARY_PATH=/home/gaurav/mrs_workspace/install/mrs_lib/lib:/home/gaurav/mrs_workspace/install/mrs_msgs/lib:/home/gaurav/mrs_workspace/install/mrs_uav_trajectory_generation/lib:/home/gaurav/mrs_workspace/install/mrs_uav_trackers/lib:/home/gaurav/mrs_workspace/install/mrs_uav_state_estimators/lib:/home/gaurav/mrs_workspace/install/mrs_uav_controllers/lib:/home/gaurav/mrs_workspace/install/mrs_uav_managers/lib:/home/gaurav/mrs_workspace/install/mrs_multirotor_simulator/lib:/home/gaurav/mrs_workspace/install/mrs_uav_hw_api/lib:/home/gaurav/mrs_workspace/install/mrs_uav_autostart/lib:/home/gaurav/mrs_workspace/install/mrs_uav_testing/lib:/home/gaurav/mrs_workspace/install/mrs_uav_status/lib:/home/gaurav/mrs_workspace/install/mrs_serial/lib:/home/gaurav/mrs_workspace/install/mrs_rviz_plugins/lib:/home/gaurav/mrs_workspace/install/mrs_modules_msgs/lib:/opt/ros/jazzy/opt/zenoh_cpp_vendor/lib:/opt/ros/jazzy/opt/rviz_ogre_vendor/lib:/opt/ros/jazzy/lib/x86_64-linux-gnu:/opt/ros/jazzy/opt/gz_math_vendor/lib:/opt/ros/jazzy/opt/gz_utils_vendor/lib:/opt/ros/jazzy/opt/gz_cmake_vendor/lib:/opt/ros/jazzy/lib /usr/bin/cmake --build /home/gaurav/mrs_workspace/build/mrs_uav_autostart -- -j20 -l20
[30.866s] Invoking command in '/home/gaurav/mrs_workspace/build/mrs_uav_autostart': CMAKE_PREFIX_PATH=/home/gaurav/mrs_workspace/install/mrs_uav_testing:/home/gaurav/mrs_workspace/install/mrs_lib:/home/gaurav/mrs_workspace/install/mrs_msgs:/home/gaurav/mrs_workspace/install/mrs_uav_system_full:/home/gaurav/mrs_workspace/install/mrs_uav_system:/home/gaurav/mrs_workspace/install/mrs_uav_core:/home/gaurav/mrs_workspace/install/mrs_uav_trajectory_generation:/home/gaurav/mrs_workspace/install/mrs_uav_trackers:/home/gaurav/mrs_workspace/install/mrs_uav_state_estimators:/home/gaurav/mrs_workspace/install/mrs_uav_controllers:/home/gaurav/mrs_workspace/install/mrs_uav_managers:/home/gaurav/mrs_workspace/install/mrs_multirotor_simulator:/home/gaurav/mrs_workspace/install/mrs_uav_hw_api:/home/gaurav/mrs_workspace/install/mrs_uav_autostart:/home/gaurav/mrs_workspace/install/mrs_uav_status:/home/gaurav/mrs_workspace/install/mrs_uav_modules:/home/gaurav/mrs_workspace/install/mrs_serial:/home/gaurav/mrs_workspace/install/mrs_rviz_plugins:/home/gaurav/mrs_workspace/install/mrs_modules_msgs:/opt/ros/jazzy/opt/gz_math_vendor:/opt/ros/jazzy/opt/gz_utils_vendor:/opt/ros/jazzy/opt/gz_cmake_vendor:/opt/ros/jazzy DEBUGINFOD_URLS=https://debuginfod.ubuntu.com LD_LIBRARY_PATH=/home/gaurav/mrs_workspace/install/mrs_lib/lib:/home/gaurav/mrs_workspace/install/mrs_msgs/lib:/home/gaurav/mrs_workspace/install/mrs_uav_trajectory_generation/lib:/home/gaurav/mrs_workspace/install/mrs_uav_trackers/lib:/home/gaurav/mrs_workspace/install/mrs_uav_state_estimators/lib:/home/gaurav/mrs_workspace/install/mrs_uav_controllers/lib:/home/gaurav/mrs_workspace/install/mrs_uav_managers/lib:/home/gaurav/mrs_workspace/install/mrs_multirotor_simulator/lib:/home/gaurav/mrs_workspace/install/mrs_uav_hw_api/lib:/home/gaurav/mrs_workspace/install/mrs_uav_autostart/lib:/home/gaurav/mrs_workspace/install/mrs_uav_testing/lib:/home/gaurav/mrs_workspace/install/mrs_uav_status/lib:/home/gaurav/mrs_workspace/install/mrs_serial/lib:/home/gaurav/mrs_workspace/install/mrs_rviz_plugins/lib:/home/gaurav/mrs_workspace/install/mrs_modules_msgs/lib:/opt/ros/jazzy/opt/zenoh_cpp_vendor/lib:/opt/ros/jazzy/opt/rviz_ogre_vendor/lib:/opt/ros/jazzy/lib/x86_64-linux-gnu:/opt/ros/jazzy/opt/gz_math_vendor/lib:/opt/ros/jazzy/opt/gz_utils_vendor/lib:/opt/ros/jazzy/opt/gz_cmake_vendor/lib:/opt/ros/jazzy/lib /usr/bin/cmake --install /home/gaurav/mrs_workspace/build/mrs_uav_autostart
[30.870s] -- Install configuration: "Release"
[30.871s] -- Execute custom install script
[30.871s] -- Symlinking: /home/gaurav/mrs_workspace/install/mrs_uav_autostart/share/mrs_uav_autostart/environment/library_path.sh
[30.878s] -- Symlinking: /home/gaurav/mrs_workspace/install/mrs_uav_autostart/share/mrs_uav_autostart/environment/library_path.dsv
[30.885s] -- Symlinking: /home/gaurav/mrs_workspace/install/mrs_uav_autostart/share/mrs_uav_autostart/launch/automatic_start.launch.py
[30.893s] -- Symlinking: /home/gaurav/mrs_workspace/install/mrs_uav_autostart/share/mrs_uav_autostart/config/private/automatic_start.yaml
[30.899s] -- Symlinking: /home/gaurav/mrs_workspace/install/mrs_uav_autostart/share/mrs_uav_autostart/config/public/automatic_start.yaml
[30.906s] -- Symlinking: /home/gaurav/mrs_workspace/install/mrs_uav_autostart/share/ament_index/resource_index/package_run_dependencies/mrs_uav_autostart
[30.912s] -- Symlinking: /home/gaurav/mrs_workspace/install/mrs_uav_autostart/share/ament_index/resource_index/parent_prefix_path/mrs_uav_autostart
[30.919s] -- Symlinking: /home/gaurav/mrs_workspace/install/mrs_uav_autostart/share/mrs_uav_autostart/environment/ament_prefix_path.sh
[30.924s] -- Symlinking: /home/gaurav/mrs_workspace/install/mrs_uav_autostart/share/mrs_uav_autostart/environment/ament_prefix_path.dsv
[30.929s] -- Symlinking: /home/gaurav/mrs_workspace/install/mrs_uav_autostart/share/mrs_uav_autostart/environment/path.sh
[30.933s] -- Symlinking: /home/gaurav/mrs_workspace/install/mrs_uav_autostart/share/mrs_uav_autostart/environment/path.dsv
[30.941s] -- Symlinking: /home/gaurav/mrs_workspace/install/mrs_uav_autostart/share/mrs_uav_autostart/local_setup.bash
[30.946s] -- Symlinking: /home/gaurav/mrs_workspace/install/mrs_uav_autostart/share/mrs_uav_autostart/local_setup.sh
[30.954s] -- Symlinking: /home/gaurav/mrs_workspace/install/mrs_uav_autostart/share/mrs_uav_autostart/local_setup.zsh
[30.958s] -- Symlinking: /home/gaurav/mrs_workspace/install/mrs_uav_autostart/share/mrs_uav_autostart/local_setup.dsv
[30.964s] -- Symlinking: /home/gaurav/mrs_workspace/install/mrs_uav_autostart/share/mrs_uav_autostart/package.dsv
[30.969s] -- Symlinking: /home/gaurav/mrs_workspace/install/mrs_uav_autostart/share/ament_index/resource_index/packages/mrs_uav_autostart
[30.975s] -- Symlinking: /home/gaurav/mrs_workspace/install/mrs_uav_autostart/share/ament_index/resource_index/rclcpp_components/mrs_uav_autostart
[30.980s] -- Symlinking: /home/gaurav/mrs_workspace/install/mrs_uav_autostart/share/mrs_uav_autostart/cmake/ament_cmake_export_libraries-extras.cmake
[30.986s] -- Symlinking: /home/gaurav/mrs_workspace/install/mrs_uav_autostart/share/mrs_uav_autostart/cmake/ament_cmake_export_targets-extras.cmake
[30.994s] -- Symlinking: /home/gaurav/mrs_workspace/install/mrs_uav_autostart/share/mrs_uav_autostart/cmake/ament_cmake_export_dependencies-extras.cmake
[30.999s] -- Symlinking: /home/gaurav/mrs_workspace/install/mrs_uav_autostart/share/mrs_uav_autostart/cmake/mrs_uav_autostartConfig.cmake
[31.004s] -- Symlinking: /home/gaurav/mrs_workspace/install/mrs_uav_autostart/share/mrs_uav_autostart/cmake/mrs_uav_autostartConfig-version.cmake
[31.012s] -- Symlinking: /home/gaurav/mrs_workspace/install/mrs_uav_autostart/share/mrs_uav_autostart/package.xml
[31.017s] -- Installing: /home/gaurav/mrs_workspace/install/mrs_uav_autostart/lib/libMrsUavAutostart_AutomaticStart.so
[31.020s] -- Set non-toolchain portion of runtime path of "/home/gaurav/mrs_workspace/install/mrs_uav_autostart/lib/libMrsUavAutostart_AutomaticStart.so" to ""
[31.020s] -- Installing: /home/gaurav/mrs_workspace/install/mrs_uav_autostart/lib/mrs_uav_autostart/scripts
[31.020s] -- Installing: /home/gaurav/mrs_workspace/install/mrs_uav_autostart/lib/mrs_uav_autostart/scripts/get_public_params.py
[31.020s] -- Installing: /home/gaurav/mrs_workspace/install/mrs_uav_autostart/share/mrs_uav_autostart/cmake/export_mrs_uav_autostartExport.cmake
[31.020s] -- Installing: /home/gaurav/mrs_workspace/install/mrs_uav_autostart/share/mrs_uav_autostart/cmake/export_mrs_uav_autostartExport-release.cmake
[31.021s] Invoked command in '/home/gaurav/mrs_workspace/build/mrs_uav_autostart' returned '0': CMAKE_PREFIX_PATH=/home/gaurav/mrs_workspace/install/mrs_uav_testing:/home/gaurav/mrs_workspace/install/mrs_lib:/home/gaurav/mrs_workspace/install/mrs_msgs:/home/gaurav/mrs_workspace/install/mrs_uav_system_full:/home/gaurav/mrs_workspace/install/mrs_uav_system:/home/gaurav/mrs_workspace/install/mrs_uav_core:/home/gaurav/mrs_workspace/install/mrs_uav_trajectory_generation:/home/gaurav/mrs_workspace/install/mrs_uav_trackers:/home/gaurav/mrs_workspace/install/mrs_uav_state_estimators:/home/gaurav/mrs_workspace/install/mrs_uav_controllers:/home/gaurav/mrs_workspace/install/mrs_uav_managers:/home/gaurav/mrs_workspace/install/mrs_multirotor_simulator:/home/gaurav/mrs_workspace/install/mrs_uav_hw_api:/home/gaurav/mrs_workspace/install/mrs_uav_autostart:/home/gaurav/mrs_workspace/install/mrs_uav_status:/home/gaurav/mrs_workspace/install/mrs_uav_modules:/home/gaurav/mrs_workspace/install/mrs_serial:/home/gaurav/mrs_workspace/install/mrs_rviz_plugins:/home/gaurav/mrs_workspace/install/mrs_modules_msgs:/opt/ros/jazzy/opt/gz_math_vendor:/opt/ros/jazzy/opt/gz_utils_vendor:/opt/ros/jazzy/opt/gz_cmake_vendor:/opt/ros/jazzy DEBUGINFOD_URLS=https://debuginfod.ubuntu.com LD_LIBRARY_PATH=/home/gaurav/mrs_workspace/install/mrs_lib/lib:/home/gaurav/mrs_workspace/install/mrs_msgs/lib:/home/gaurav/mrs_workspace/install/mrs_uav_trajectory_generation/lib:/home/gaurav/mrs_workspace/install/mrs_uav_trackers/lib:/home/gaurav/mrs_workspace/install/mrs_uav_state_estimators/lib:/home/gaurav/mrs_workspace/install/mrs_uav_controllers/lib:/home/gaurav/mrs_workspace/install/mrs_uav_managers/lib:/home/gaurav/mrs_workspace/install/mrs_multirotor_simulator/lib:/home/gaurav/mrs_workspace/install/mrs_uav_hw_api/lib:/home/gaurav/mrs_workspace/install/mrs_uav_autostart/lib:/home/gaurav/mrs_workspace/install/mrs_uav_testing/lib:/home/gaurav/mrs_workspace/install/mrs_uav_status/lib:/home/gaurav/mrs_workspace/install/mrs_serial/lib:/home/gaurav/mrs_workspace/install/mrs_rviz_plugins/lib:/home/gaurav/mrs_workspace/install/mrs_modules_msgs/lib:/opt/ros/jazzy/opt/zenoh_cpp_vendor/lib:/opt/ros/jazzy/opt/rviz_ogre_vendor/lib:/opt/ros/jazzy/lib/x86_64-linux-gnu:/opt/ros/jazzy/opt/gz_math_vendor/lib:/opt/ros/jazzy/opt/gz_utils_vendor/lib:/opt/ros/jazzy/opt/gz_cmake_vendor/lib:/opt/ros/jazzy/lib /usr/bin/cmake --install /home/gaurav/mrs_workspace/build/mrs_uav_autostart
