[0.012s] Invoking command in '/home/gaurav/mrs_workspace/build/mrs_uav_managers': CMAKE_PREFIX_PATH=/home/gaurav/mrs_workspace/install/mrs_uav_hw_api:/home/gaurav/mrs_workspace/install/mrs_uav_testing:/home/gaurav/mrs_workspace/install/mrs_lib:/home/gaurav/mrs_workspace/install/mrs_msgs:/home/gaurav/mrs_workspace/install/mrs_uav_system_full:/home/gaurav/mrs_workspace/install/mrs_uav_system:/home/gaurav/mrs_workspace/install/mrs_uav_core:/home/gaurav/mrs_workspace/install/mrs_uav_trajectory_generation:/home/gaurav/mrs_workspace/install/mrs_uav_trackers:/home/gaurav/mrs_workspace/install/mrs_uav_state_estimators:/home/gaurav/mrs_workspace/install/mrs_uav_controllers:/home/gaurav/mrs_workspace/install/mrs_uav_managers:/home/gaurav/mrs_workspace/install/mrs_multirotor_simulator:/home/gaurav/mrs_workspace/install/mrs_uav_autostart:/home/gaurav/mrs_workspace/install/mrs_uav_status:/home/gaurav/mrs_workspace/install/mrs_uav_modules:/home/gaurav/mrs_workspace/install/mrs_serial:/home/gaurav/mrs_workspace/install/mrs_rviz_plugins:/home/gaurav/mrs_workspace/install/mrs_modules_msgs:/opt/ros/jazzy/opt/gz_math_vendor:/opt/ros/jazzy/opt/gz_utils_vendor:/opt/ros/jazzy/opt/gz_cmake_vendor:/opt/ros/jazzy DEBUGINFOD_URLS=https://debuginfod.ubuntu.com LD_LIBRARY_PATH=/home/gaurav/mrs_workspace/install/mrs_uav_hw_api/lib:/home/gaurav/mrs_workspace/install/mrs_lib/lib:/home/gaurav/mrs_workspace/install/mrs_msgs/lib:/home/gaurav/mrs_workspace/install/mrs_uav_trajectory_generation/lib:/home/gaurav/mrs_workspace/install/mrs_uav_trackers/lib:/home/gaurav/mrs_workspace/install/mrs_uav_state_estimators/lib:/home/gaurav/mrs_workspace/install/mrs_uav_controllers/lib:/home/gaurav/mrs_workspace/install/mrs_uav_managers/lib:/home/gaurav/mrs_workspace/install/mrs_multirotor_simulator/lib:/home/gaurav/mrs_workspace/install/mrs_uav_autostart/lib:/home/gaurav/mrs_workspace/install/mrs_uav_testing/lib:/home/gaurav/mrs_workspace/install/mrs_uav_status/lib:/home/gaurav/mrs_workspace/install/mrs_serial/lib:/home/gaurav/mrs_workspace/install/mrs_rviz_plugins/lib:/home/gaurav/mrs_workspace/install/mrs_modules_msgs/lib:/opt/ros/jazzy/opt/zenoh_cpp_vendor/lib:/opt/ros/jazzy/opt/rviz_ogre_vendor/lib:/opt/ros/jazzy/lib/x86_64-linux-gnu:/opt/ros/jazzy/opt/gz_math_vendor/lib:/opt/ros/jazzy/opt/gz_utils_vendor/lib:/opt/ros/jazzy/opt/gz_cmake_vendor/lib:/opt/ros/jazzy/lib /usr/bin/cmake /home/gaurav/mrs_workspace/src/mrs_uav_core/ros_packages/mrs_uav_managers -DCMAKE_BUILD_TYPE=Release -DAMENT_CMAKE_SYMLINK_INSTALL=1 -DCMAKE_INSTALL_PREFIX=/home/gaurav/mrs_workspace/install/mrs_uav_managers
[0.050s] -- The C compiler identification is GNU 13.3.0
[0.085s] -- The CXX compiler identification is GNU 13.3.0
[0.097s] -- Detecting C compiler ABI info
[0.162s] -- Detecting C compiler ABI info - done
[0.167s] -- Check for working C compiler: /usr/bin/cc - skipped
[0.167s] -- Detecting C compile features
[0.167s] -- Detecting C compile features - done
[0.175s] -- Detecting CXX compiler ABI info
[0.242s] -- Detecting CXX compiler ABI info - done
[0.248s] -- Check for working CXX compiler: /usr/bin/c++ - skipped
[0.248s] -- Detecting CXX compile features
[0.249s] -- Detecting CXX compile features - done
[0.250s] -- Found rclcpp: 28.1.13 (/opt/ros/jazzy/share/rclcpp/cmake)
[0.348s] -- Found Python3: /usr/bin/python3 (found version "3.12.3") found components: Interpreter 
[0.394s] -- Override CMake install command with custom implementation using symlinks instead of copying resources
[0.443s] -- Found rosidl_generator_c: 4.6.6 (/opt/ros/jazzy/share/rosidl_generator_c/cmake)
[0.451s] -- Found rosidl_generator_cpp: 4.6.6 (/opt/ros/jazzy/share/rosidl_generator_cpp/cmake)
[0.462s] -- Using all available rosidl_typesupport_c: rosidl_typesupport_fastrtps_c;rosidl_typesupport_introspection_c
[0.473s] -- Using all available rosidl_typesupport_cpp: rosidl_typesupport_fastrtps_cpp;rosidl_typesupport_introspection_cpp
[0.521s] -- Found rmw_implementation_cmake: 7.3.2 (/opt/ros/jazzy/share/rmw_implementation_cmake/cmake)
[0.523s] -- Found rmw_fastrtps_cpp: 8.4.3 (/opt/ros/jazzy/share/rmw_fastrtps_cpp/cmake)
[0.580s] -- Found OpenSSL: /usr/lib/x86_64-linux-gnu/libcrypto.so (found version "3.0.13")  
[0.594s] -- Found FastRTPS: /opt/ros/jazzy/include (Required is at least version "2.13") 
[0.613s] -- Using RMW implementation 'rmw_fastrtps_cpp' as default
[0.660s] -- Found rclcpp_components: 28.1.13 (/opt/ros/jazzy/share/rclcpp_components/cmake)
[0.682s] -- Found mrs_msgs: 2.0.0 (/home/gaurav/mrs_workspace/install/mrs_msgs/share/mrs_msgs/cmake)
[0.741s] -- Found mrs_lib: 2.0.0 (/home/gaurav/mrs_workspace/install/mrs_lib/share/mrs_lib/cmake)
[0.775s] -- Found eigen3_cmake_module: 0.3.0 (/opt/ros/jazzy/share/eigen3_cmake_module/cmake)
[0.776s] -- Found Eigen3: TRUE (found version "3.4.0") 
[0.776s] -- Ensuring Eigen3 include directory is part of orocos-kdl CMake target
[0.869s] -- Found pluginlib: 5.4.3 (/opt/ros/jazzy/share/pluginlib/cmake)
[0.872s] -- Found mrs_uav_hw_api: 2.0.0 (/home/gaurav/mrs_workspace/install/mrs_uav_hw_api/share/mrs_uav_hw_api/cmake)
[0.970s] -- Configuring done (0.9s)
[1.015s] -- Generating done (0.0s)
[1.027s] -- Build files have been written to: /home/gaurav/mrs_workspace/build/mrs_uav_managers
[1.036s] Invoked command in '/home/gaurav/mrs_workspace/build/mrs_uav_managers' returned '0': CMAKE_PREFIX_PATH=/home/gaurav/mrs_workspace/install/mrs_uav_hw_api:/home/gaurav/mrs_workspace/install/mrs_uav_testing:/home/gaurav/mrs_workspace/install/mrs_lib:/home/gaurav/mrs_workspace/install/mrs_msgs:/home/gaurav/mrs_workspace/install/mrs_uav_system_full:/home/gaurav/mrs_workspace/install/mrs_uav_system:/home/gaurav/mrs_workspace/install/mrs_uav_core:/home/gaurav/mrs_workspace/install/mrs_uav_trajectory_generation:/home/gaurav/mrs_workspace/install/mrs_uav_trackers:/home/gaurav/mrs_workspace/install/mrs_uav_state_estimators:/home/gaurav/mrs_workspace/install/mrs_uav_controllers:/home/gaurav/mrs_workspace/install/mrs_uav_managers:/home/gaurav/mrs_workspace/install/mrs_multirotor_simulator:/home/gaurav/mrs_workspace/install/mrs_uav_autostart:/home/gaurav/mrs_workspace/install/mrs_uav_status:/home/gaurav/mrs_workspace/install/mrs_uav_modules:/home/gaurav/mrs_workspace/install/mrs_serial:/home/gaurav/mrs_workspace/install/mrs_rviz_plugins:/home/gaurav/mrs_workspace/install/mrs_modules_msgs:/opt/ros/jazzy/opt/gz_math_vendor:/opt/ros/jazzy/opt/gz_utils_vendor:/opt/ros/jazzy/opt/gz_cmake_vendor:/opt/ros/jazzy DEBUGINFOD_URLS=https://debuginfod.ubuntu.com LD_LIBRARY_PATH=/home/gaurav/mrs_workspace/install/mrs_uav_hw_api/lib:/home/gaurav/mrs_workspace/install/mrs_lib/lib:/home/gaurav/mrs_workspace/install/mrs_msgs/lib:/home/gaurav/mrs_workspace/install/mrs_uav_trajectory_generation/lib:/home/gaurav/mrs_workspace/install/mrs_uav_trackers/lib:/home/gaurav/mrs_workspace/install/mrs_uav_state_estimators/lib:/home/gaurav/mrs_workspace/install/mrs_uav_controllers/lib:/home/gaurav/mrs_workspace/install/mrs_uav_managers/lib:/home/gaurav/mrs_workspace/install/mrs_multirotor_simulator/lib:/home/gaurav/mrs_workspace/install/mrs_uav_autostart/lib:/home/gaurav/mrs_workspace/install/mrs_uav_testing/lib:/home/gaurav/mrs_workspace/install/mrs_uav_status/lib:/home/gaurav/mrs_workspace/install/mrs_serial/lib:/home/gaurav/mrs_workspace/install/mrs_rviz_plugins/lib:/home/gaurav/mrs_workspace/install/mrs_modules_msgs/lib:/opt/ros/jazzy/opt/zenoh_cpp_vendor/lib:/opt/ros/jazzy/opt/rviz_ogre_vendor/lib:/opt/ros/jazzy/lib/x86_64-linux-gnu:/opt/ros/jazzy/opt/gz_math_vendor/lib:/opt/ros/jazzy/opt/gz_utils_vendor/lib:/opt/ros/jazzy/opt/gz_cmake_vendor/lib:/opt/ros/jazzy/lib /usr/bin/cmake /home/gaurav/mrs_workspace/src/mrs_uav_core/ros_packages/mrs_uav_managers -DCMAKE_BUILD_TYPE=Release -DAMENT_CMAKE_SYMLINK_INSTALL=1 -DCMAKE_INSTALL_PREFIX=/home/gaurav/mrs_workspace/install/mrs_uav_managers
[1.036s] Invoking command in '/home/gaurav/mrs_workspace/build/mrs_uav_managers': CMAKE_PREFIX_PATH=/home/gaurav/mrs_workspace/install/mrs_uav_hw_api:/home/gaurav/mrs_workspace/install/mrs_uav_testing:/home/gaurav/mrs_workspace/install/mrs_lib:/home/gaurav/mrs_workspace/install/mrs_msgs:/home/gaurav/mrs_workspace/install/mrs_uav_system_full:/home/gaurav/mrs_workspace/install/mrs_uav_system:/home/gaurav/mrs_workspace/install/mrs_uav_core:/home/gaurav/mrs_workspace/install/mrs_uav_trajectory_generation:/home/gaurav/mrs_workspace/install/mrs_uav_trackers:/home/gaurav/mrs_workspace/install/mrs_uav_state_estimators:/home/gaurav/mrs_workspace/install/mrs_uav_controllers:/home/gaurav/mrs_workspace/install/mrs_uav_managers:/home/gaurav/mrs_workspace/install/mrs_multirotor_simulator:/home/gaurav/mrs_workspace/install/mrs_uav_autostart:/home/gaurav/mrs_workspace/install/mrs_uav_status:/home/gaurav/mrs_workspace/install/mrs_uav_modules:/home/gaurav/mrs_workspace/install/mrs_serial:/home/gaurav/mrs_workspace/install/mrs_rviz_plugins:/home/gaurav/mrs_workspace/install/mrs_modules_msgs:/opt/ros/jazzy/opt/gz_math_vendor:/opt/ros/jazzy/opt/gz_utils_vendor:/opt/ros/jazzy/opt/gz_cmake_vendor:/opt/ros/jazzy DEBUGINFOD_URLS=https://debuginfod.ubuntu.com LD_LIBRARY_PATH=/home/gaurav/mrs_workspace/install/mrs_uav_hw_api/lib:/home/gaurav/mrs_workspace/install/mrs_lib/lib:/home/gaurav/mrs_workspace/install/mrs_msgs/lib:/home/gaurav/mrs_workspace/install/mrs_uav_trajectory_generation/lib:/home/gaurav/mrs_workspace/install/mrs_uav_trackers/lib:/home/gaurav/mrs_workspace/install/mrs_uav_state_estimators/lib:/home/gaurav/mrs_workspace/install/mrs_uav_controllers/lib:/home/gaurav/mrs_workspace/install/mrs_uav_managers/lib:/home/gaurav/mrs_workspace/install/mrs_multirotor_simulator/lib:/home/gaurav/mrs_workspace/install/mrs_uav_autostart/lib:/home/gaurav/mrs_workspace/install/mrs_uav_testing/lib:/home/gaurav/mrs_workspace/install/mrs_uav_status/lib:/home/gaurav/mrs_workspace/install/mrs_serial/lib:/home/gaurav/mrs_workspace/install/mrs_rviz_plugins/lib:/home/gaurav/mrs_workspace/install/mrs_modules_msgs/lib:/opt/ros/jazzy/opt/zenoh_cpp_vendor/lib:/opt/ros/jazzy/opt/rviz_ogre_vendor/lib:/opt/ros/jazzy/lib/x86_64-linux-gnu:/opt/ros/jazzy/opt/gz_math_vendor/lib:/opt/ros/jazzy/opt/gz_utils_vendor/lib:/opt/ros/jazzy/opt/gz_cmake_vendor/lib:/opt/ros/jazzy/lib /usr/bin/cmake --build /home/gaurav/mrs_workspace/build/mrs_uav_managers -- -j20 -l20
[1.073s] [ 14%] Building CXX object CMakeFiles/MrsUavManagers_UavManager.dir/src/uav_manager.cpp.o
[1.073s] [ 14%] Building CXX object CMakeFiles/MrsUavManagers_ControlManager.dir/src/control_manager/output_publisher.cpp.o
[1.073s] [ 14%] Building CXX object CMakeFiles/MrsUavManagers_NullTracker.dir/src/null_tracker.cpp.o
[1.073s] [ 19%] Building CXX object CMakeFiles/MrsUavManagers_EstimationManager.dir/src/estimation_manager/estimators/state_estimator.cpp.o
[1.073s] [ 23%] Building CXX object CMakeFiles/MrsUavManagers_ControlManager.dir/src/control_manager/common/common.cpp.o
[1.073s] [ 28%] Building CXX object CMakeFiles/MrsUavManagers_EstimationManager.dir/src/estimation_manager/estimator.cpp.o
[1.074s] [ 38%] Building CXX object CMakeFiles/MrsUavManagers_EstimationManager.dir/src/estimation_manager/estimation_manager.cpp.o
[1.074s] [ 38%] Building CXX object CMakeFiles/MrsUavManagers_ConstraintManager.dir/src/constraint_manager.cpp.o
[1.075s] [ 42%] Building CXX object CMakeFiles/MrsUavManagers_ControlManager.dir/src/control_manager/control_manager.cpp.o
[1.076s] [ 47%] Building CXX object CMakeFiles/MrsUavManagers_GainManager.dir/src/gain_manager.cpp.o
[1.076s] [ 57%] Building CXX object CMakeFiles/MrsUavManagers_EstimationManager.dir/src/estimation_manager/estimators/agl_estimator.cpp.o
[1.076s] [ 57%] Building CXX object CMakeFiles/MrsUavManagers_TransformManager.dir/src/transform_manager/transform_manager.cpp.o
[7.536s] [ 61%] Linking CXX shared library libMrsUavManagers_NullTracker.so
[7.693s] [ 61%] Built target MrsUavManagers_NullTracker
[14.263s] [ 66%] Linking CXX shared library libMrsUavManagers_ConstraintManager.so
[14.427s] [ 66%] Built target MrsUavManagers_ConstraintManager
[21.752s] [ 71%] Linking CXX shared library libMrsUavManagers_GainManager.so
[21.927s] [ 71%] Built target MrsUavManagers_GainManager
[28.353s] [ 76%] Linking CXX shared library libMrsUavManagers_EstimationManager.so
[28.588s] [ 76%] Built target MrsUavManagers_EstimationManager
[34.264s] [ 80%] Linking CXX shared library libMrsUavManagers_TransformManager.so
[34.518s] [ 80%] Built target MrsUavManagers_TransformManager
[45.643s] [ 85%] Linking CXX shared library libMrsUavManagers_UavManager.so
[45.969s] [ 85%] Built target MrsUavManagers_UavManager
[77.669s] [ 90%] Linking CXX shared library libMrsUavManagers_ControlManager.so
[78.093s] [ 90%] Built target MrsUavManagers_ControlManager
[78.108s] [ 95%] Building CXX object CMakeFiles/MrsUavManagers_SafetyAreaManager.dir/src/safety_area_manager.cpp.o
[104.446s] [100%] Linking CXX shared library libMrsUavManagers_SafetyAreaManager.so
[104.702s] [100%] Built target MrsUavManagers_SafetyAreaManager
